#
# There is insufficient memory for the Java Runtime Environment to continue.
# Native memory allocation (malloc) failed to allocate 1337776 bytes for Chunk::new
# Possible reasons:
#   The system is out of physical RAM or swap space
#   The process is running with CompressedOops enabled, and the Java Heap may be blocking the growth of the native heap
# Possible solutions:
#   Reduce memory load on the system
#   Increase physical memory or swap space
#   Check if swap backing store is full
#   Decrease Java heap size (-Xmx/-Xms)
#   Decrease number of Java threads
#   Decrease Java thread stack sizes (-Xss)
#   Set larger code cache with -XX:ReservedCodeCacheSize=
#   JVM is running with Unscaled Compressed Oops mode in which the Java heap is
#     placed in the first 4GB address space. The Java Heap base address is the
#     maximum limit for the native heap growth. Please use -XX:HeapBaseMinAddress
#     to set the Java Heap base and to place the Java Heap above 4GB virtual address.
# This output file may be truncated or incomplete.
#
#  Out of Memory Error (./src/hotspot/share/memory/arena.cpp:197), pid=17780, tid=12120
#
# JRE version: OpenJDK Runtime Environment 18.9 (11.0.15+10) (build 11.0.15+10)
# Java VM: OpenJDK 64-Bit Server VM 18.9 (11.0.15+10, mixed mode, tiered, compressed oops, g1 gc, windows-amd64)
# No core dump will be written. Minidumps are not enabled by default on client versions of Windows
#

---------------  S U M M A R Y ------------

Command Line: -XX:MaxMetaspaceSize=512m --add-opens=java.base/java.util=ALL-UNNAMED --add-opens=java.base/java.lang=ALL-UNNAMED --add-opens=java.base/java.lang.invoke=ALL-UNNAMED --add-opens=java.base/java.util=ALL-UNNAMED --add-opens=java.prefs/java.util.prefs=ALL-UNNAMED --add-opens=java.prefs/java.util.prefs=ALL-UNNAMED --add-opens=java.base/java.nio.charset=ALL-UNNAMED --add-opens=java.base/java.net=ALL-UNNAMED --add-opens=java.base/java.util.concurrent.atomic=ALL-UNNAMED -Xmx2048m -Dfile.encoding=windows-1252 -Duser.country=GB -Duser.language=en -Duser.variant org.gradle.launcher.daemon.bootstrap.GradleDaemon 7.3.3

Host: Intel(R) Core(TM) i3-7020U CPU @ 2.30GHz, 4 cores, 7G,  Windows 10 , 64 bit Build 19041 (10.0.19041.1741)
Time: Sun Jul  3 17:55:29 2022 Romance Summer Time elapsed time: 11.635692 seconds (0d 0h 0m 11s)

---------------  T H R E A D  ---------------

Current thread (0x000001f0c85c8000):  JavaThread "C2 CompilerThread1" daemon [_thread_in_native, id=12120, stack(0x00000027c7a00000,0x00000027c7b00000)]


Current CompileTask:
C2:  11635 3523       4       groovy.lang.MetaClassImpl$1MOPIter::methodNameAction (325 bytes)

Stack: [0x00000027c7a00000,0x00000027c7b00000]
Native frames: (J=compiled Java code, j=interpreted, Vv=VM code, C=native code)
V  [jvm.dll+0x64dd3a]
V  [jvm.dll+0x7906c9]
V  [jvm.dll+0x791d9c]
V  [jvm.dll+0x792463]
V  [jvm.dll+0x265048]
V  [jvm.dll+0xc9da1]
V  [jvm.dll+0xca35c]
V  [jvm.dll+0x37c167]
V  [jvm.dll+0x1b3381]
V  [jvm.dll+0x21e192]
V  [jvm.dll+0x21d25a]
V  [jvm.dll+0x19dd21]
V  [jvm.dll+0x22cc80]
V  [jvm.dll+0x22af81]
V  [jvm.dll+0x75254c]
V  [jvm.dll+0x74b12d]
V  [jvm.dll+0x64c8a6]
C  [ucrtbase.dll+0x21bb2]
C  [KERNEL32.DLL+0x17034]
C  [ntdll.dll+0x52651]


---------------  P R O C E S S  ---------------

Threads class SMR info:
_java_thread_list=0x000001f0c8b67340, length=36, elements={
0x000001f0a713f800, 0x000001f0c596f000, 0x000001f0c597a800, 0x000001f0c59d7000,
0x000001f0c59d8000, 0x000001f0c59db000, 0x000001f0c59de800, 0x000001f0c62ec000,
0x000001f0c62fd800, 0x000001f0c6441800, 0x000001f0c6fdd800, 0x000001f0c748f800,
0x000001f0c8d3e800, 0x000001f0c7bb4000, 0x000001f0c714c000, 0x000001f0c8405000,
0x000001f0c7baf000, 0x000001f0c7db1000, 0x000001f0c8e11000, 0x000001f0c9927000,
0x000001f0c8529000, 0x000001f0c852a000, 0x000001f0c852a800, 0x000001f0c8526800,
0x000001f0c852b800, 0x000001f0c8527800, 0x000001f0c8528000, 0x000001f0c8525800,
0x000001f0c852c000, 0x000001f0cbcb0800, 0x000001f0c85c8000, 0x000001f0cbcb7000,
0x000001f0cbcb2000, 0x000001f0cbcb2800, 0x000001f0cbcb6000, 0x000001f0cbcb1000
}

Java Threads: ( => current thread )
  0x000001f0a713f800 JavaThread "main" [_thread_blocked, id=11112, stack(0x00000027c5400000,0x00000027c5500000)]
  0x000001f0c596f000 JavaThread "Reference Handler" daemon [_thread_blocked, id=16696, stack(0x00000027c5b00000,0x00000027c5c00000)]
  0x000001f0c597a800 JavaThread "Finalizer" daemon [_thread_blocked, id=17996, stack(0x00000027c5c00000,0x00000027c5d00000)]
  0x000001f0c59d7000 JavaThread "Signal Dispatcher" daemon [_thread_blocked, id=12320, stack(0x00000027c5d00000,0x00000027c5e00000)]
  0x000001f0c59d8000 JavaThread "Attach Listener" daemon [_thread_blocked, id=10988, stack(0x00000027c5e00000,0x00000027c5f00000)]
  0x000001f0c59db000 JavaThread "Service Thread" daemon [_thread_blocked, id=7672, stack(0x00000027c5f00000,0x00000027c6000000)]
  0x000001f0c59de800 JavaThread "C2 CompilerThread0" daemon [_thread_blocked, id=2856, stack(0x00000027c6000000,0x00000027c6100000)]
  0x000001f0c62ec000 JavaThread "C1 CompilerThread0" daemon [_thread_blocked, id=14128, stack(0x00000027c6100000,0x00000027c6200000)]
  0x000001f0c62fd800 JavaThread "Sweeper thread" daemon [_thread_blocked, id=4336, stack(0x00000027c6200000,0x00000027c6300000)]
  0x000001f0c6441800 JavaThread "Common-Cleaner" daemon [_thread_blocked, id=15452, stack(0x00000027c6300000,0x00000027c6400000)]
  0x000001f0c6fdd800 JavaThread "Daemon health stats" [_thread_blocked, id=13816, stack(0x00000027c6800000,0x00000027c6900000)]
  0x000001f0c748f800 JavaThread "Incoming local TCP Connector on port 51606" [_thread_in_native, id=16060, stack(0x00000027c6500000,0x00000027c6600000)]
  0x000001f0c8d3e800 JavaThread "Daemon periodic checks" [_thread_blocked, id=15568, stack(0x00000027c6900000,0x00000027c6a00000)]
  0x000001f0c7bb4000 JavaThread "Daemon" [_thread_blocked, id=8616, stack(0x00000027c6a00000,0x00000027c6b00000)]
  0x000001f0c714c000 JavaThread "Handler for socket connection from /127.0.0.1:51606 to /127.0.0.1:51607" [_thread_in_native, id=6996, stack(0x00000027c6b00000,0x00000027c6c00000)]
  0x000001f0c8405000 JavaThread "Cancel handler" [_thread_blocked, id=1532, stack(0x00000027c6c00000,0x00000027c6d00000)]
  0x000001f0c7baf000 JavaThread "Daemon worker" [_thread_in_native, id=2624, stack(0x00000027c6d00000,0x00000027c6e00000)]
  0x000001f0c7db1000 JavaThread "Asynchronous log dispatcher for DefaultDaemonConnection: socket connection from /127.0.0.1:51606 to /127.0.0.1:51607" [_thread_blocked, id=15028, stack(0x00000027c6f00000,0x00000027c7000000)]
  0x000001f0c8e11000 JavaThread "Stdin handler" [_thread_blocked, id=17752, stack(0x00000027c7000000,0x00000027c7100000)]
  0x000001f0c9927000 JavaThread "Daemon client event forwarder" [_thread_blocked, id=11564, stack(0x00000027c7100000,0x00000027c7200000)]
  0x000001f0c8529000 JavaThread "Cache worker for journal cache (C:\Users\Tom\.gradle\caches\journal-1)" [_thread_blocked, id=15016, stack(0x00000027c6e00000,0x00000027c6f00000)]
  0x000001f0c852a000 JavaThread "File lock request listener" [_thread_in_native, id=16176, stack(0x00000027c7300000,0x00000027c7400000)]
  0x000001f0c852a800 JavaThread "Cache worker for file hash cache (C:\Users\Tom\.gradle\caches\7.3.3\fileHashes)" [_thread_blocked, id=7352, stack(0x00000027c7400000,0x00000027c7500000)]
  0x000001f0c8526800 JavaThread "Cache worker for file hash cache (C:\Users\Tom\Documents\Programmation\React Native\projectRNcli\android\.gradle\7.3.3\fileHashes)" [_thread_blocked, id=8372, stack(0x00000027c7500000,0x00000027c7600000)]
  0x000001f0c852b800 JavaThread "File watcher server" daemon [_thread_in_native, id=2816, stack(0x00000027c7600000,0x00000027c7700000)]
  0x000001f0c8527800 JavaThread "File watcher consumer" daemon [_thread_blocked, id=14840, stack(0x00000027c7700000,0x00000027c7800000)]
  0x000001f0c8528000 JavaThread "Cache worker for checksums cache (C:\Users\Tom\Documents\Programmation\React Native\projectRNcli\android\.gradle\7.3.3\checksums)" [_thread_blocked, id=14504, stack(0x00000027c7800000,0x00000027c7900000)]
  0x000001f0c8525800 JavaThread "Cache worker for cache directory md-supplier (C:\Users\Tom\.gradle\caches\7.3.3\md-supplier)" [_thread_blocked, id=13104, stack(0x00000027c7900000,0x00000027c7a00000)]
  0x000001f0c852c000 JavaThread "Cache worker for cache directory md-rule (C:\Users\Tom\.gradle\caches\7.3.3\md-rule)" [_thread_blocked, id=5740, stack(0x00000027c7b00000,0x00000027c7c00000)]
  0x000001f0cbcb0800 JavaThread "Cache worker for execution history cache (C:\Users\Tom\.gradle\caches\7.3.3\executionHistory)" [_thread_blocked, id=18164, stack(0x00000027c7c00000,0x00000027c7d00000)]
=>0x000001f0c85c8000 JavaThread "C2 CompilerThread1" daemon [_thread_in_native, id=12120, stack(0x00000027c7a00000,0x00000027c7b00000)]
  0x000001f0cbcb7000 JavaThread "jar transforms" [_thread_blocked, id=15072, stack(0x00000027c7d00000,0x00000027c7e00000)]
  0x000001f0cbcb2000 JavaThread "jar transforms Thread 2" [_thread_blocked, id=6900, stack(0x00000027c7e00000,0x00000027c7f00000)]
  0x000001f0cbcb2800 JavaThread "Cache worker for file content cache (C:\Users\Tom\.gradle\caches\7.3.3\fileContent)" [_thread_blocked, id=17288, stack(0x00000027c7f00000,0x00000027c8000000)]
  0x000001f0cbcb6000 JavaThread "jar transforms Thread 3" [_thread_blocked, id=6860, stack(0x00000027c8000000,0x00000027c8100000)]
  0x000001f0cbcb1000 JavaThread "jar transforms Thread 4" [_thread_blocked, id=17372, stack(0x00000027c8100000,0x00000027c8200000)]

Other Threads:
  0x000001f0c596c000 VMThread "VM Thread" [stack: 0x00000027c5a00000,0x00000027c5b00000] [id=708]
  0x000001f0c645f800 WatcherThread [stack: 0x00000027c6400000,0x00000027c6500000] [id=10768]
  0x000001f0a7158000 GCTaskThread "GC Thread#0" [stack: 0x00000027c5500000,0x00000027c5600000] [id=12528]
  0x000001f0c7030000 GCTaskThread "GC Thread#1" [stack: 0x00000027c6600000,0x00000027c6700000] [id=7964]
  0x000001f0c6eb2800 GCTaskThread "GC Thread#2" [stack: 0x00000027c6700000,0x00000027c6800000] [id=2524]
  0x000001f0c729b000 GCTaskThread "GC Thread#3" [stack: 0x00000027c7200000,0x00000027c7300000] [id=15964]
  0x000001f0a718a000 ConcurrentGCThread "G1 Main Marker" [stack: 0x00000027c5600000,0x00000027c5700000] [id=14224]
  0x000001f0a718b800 ConcurrentGCThread "G1 Conc#0" [stack: 0x00000027c5700000,0x00000027c5800000] [id=6560]
  0x000001f0a721d000 ConcurrentGCThread "G1 Refine#0" [stack: 0x00000027c5800000,0x00000027c5900000] [id=10764]
  0x000001f0a721e000 ConcurrentGCThread "G1 Young RemSet Sampling" [stack: 0x00000027c5900000,0x00000027c5a00000] [id=16488]

Threads with active compile tasks:
C2 CompilerThread1    11678 3523       4       groovy.lang.MetaClassImpl$1MOPIter::methodNameAction (325 bytes)

VM state:not at safepoint (normal execution)

VM Mutex/Monitor currently owned by a thread: None

Heap address: 0x0000000080000000, size: 2048 MB, Compressed Oops mode: 32-bit
Narrow klass base: 0x0000000000000000, Narrow klass shift: 3
Compressed class space size: 528482304 Address: 0x0000000100000000

Heap:
 garbage-first heap   total 131072K, used 36536K [0x0000000080000000, 0x0000000100000000)
  region size 1024K, 18 young (18432K), 8 survivors (8192K)
 Metaspace       used 40070K, capacity 41089K, committed 41424K, reserved 552960K
  class space    used 5000K, capacity 5385K, committed 5504K, reserved 516096K
Heap Regions: E=young(eden), S=young(survivor), O=old, HS=humongous(starts), HC=humongous(continues), CS=collection set, F=free, A=archive, TAMS=top-at-mark-start (previous, next)
|   0|0x0000000080000000, 0x0000000080100000, 0x0000000080100000|100%| O|  |TAMS 0x0000000080100000, 0x0000000080000000| Untracked 
|   1|0x0000000080100000, 0x0000000080200000, 0x0000000080200000|100%| O|  |TAMS 0x0000000080200000, 0x0000000080100000| Untracked 
|   2|0x0000000080200000, 0x0000000080300000, 0x0000000080300000|100%| O|  |TAMS 0x0000000080300000, 0x0000000080200000| Untracked 
|   3|0x0000000080300000, 0x0000000080400000, 0x0000000080400000|100%|HS|  |TAMS 0x0000000080400000, 0x0000000080300000| Complete 
|   4|0x0000000080400000, 0x0000000080500000, 0x0000000080500000|100%|HC|  |TAMS 0x0000000080500000, 0x0000000080400000| Complete 
|   5|0x0000000080500000, 0x0000000080600000, 0x0000000080600000|100%|HC|  |TAMS 0x0000000080600000, 0x0000000080500000| Complete 
|   6|0x0000000080600000, 0x0000000080700000, 0x0000000080700000|100%| O|  |TAMS 0x0000000080700000, 0x0000000080600000| Untracked 
|   7|0x0000000080700000, 0x0000000080800000, 0x0000000080800000|100%| O|  |TAMS 0x0000000080800000, 0x0000000080700000| Untracked 
|   8|0x0000000080800000, 0x0000000080900000, 0x0000000080900000|100%| O|  |TAMS 0x0000000080900000, 0x0000000080800000| Untracked 
|   9|0x0000000080900000, 0x0000000080a00000, 0x0000000080a00000|100%| O|  |TAMS 0x0000000080a00000, 0x0000000080900000| Untracked 
|  10|0x0000000080a00000, 0x0000000080b00000, 0x0000000080b00000|100%| O|  |TAMS 0x0000000080b00000, 0x0000000080a00000| Untracked 
|  11|0x0000000080b00000, 0x0000000080c00000, 0x0000000080c00000|100%| O|  |TAMS 0x0000000080c00000, 0x0000000080b00000| Untracked 
|  12|0x0000000080c00000, 0x0000000080d00000, 0x0000000080d00000|100%| O|  |TAMS 0x0000000080d00000, 0x0000000080c00000| Untracked 
|  13|0x0000000080d00000, 0x0000000080e00000, 0x0000000080e00000|100%| O|  |TAMS 0x0000000080e00000, 0x0000000080d00000| Untracked 
|  14|0x0000000080e00000, 0x0000000080f00000, 0x0000000080f00000|100%| O|  |TAMS 0x0000000080f00000, 0x0000000080e00000| Untracked 
|  15|0x0000000080f00000, 0x0000000081000000, 0x0000000081000000|100%| O|  |TAMS 0x0000000081000000, 0x0000000080f00000| Untracked 
|  16|0x0000000081000000, 0x0000000081100000, 0x0000000081100000|100%| O|  |TAMS 0x00000000810cfc00, 0x0000000081000000| Untracked 
|  17|0x0000000081100000, 0x0000000081100000, 0x0000000081200000|  0%| F|  |TAMS 0x0000000081100000, 0x0000000081100000| Untracked 
|  18|0x0000000081200000, 0x0000000081200000, 0x0000000081300000|  0%| F|  |TAMS 0x0000000081200000, 0x0000000081200000| Untracked 
|  19|0x0000000081300000, 0x0000000081300000, 0x0000000081400000|  0%| F|  |TAMS 0x0000000081300000, 0x0000000081300000| Untracked 
|  20|0x0000000081400000, 0x0000000081500000, 0x0000000081500000|100%| O|  |TAMS 0x0000000081400000, 0x0000000081400000| Untracked 
|  21|0x0000000081500000, 0x00000000815b8400, 0x0000000081600000| 71%| O|  |TAMS 0x0000000081500000, 0x0000000081500000| Untracked 
|  22|0x0000000081600000, 0x0000000081600000, 0x0000000081700000|  0%| F|  |TAMS 0x0000000081600000, 0x0000000081600000| Untracked 
|  23|0x0000000081700000, 0x0000000081700000, 0x0000000081800000|  0%| F|  |TAMS 0x0000000081700000, 0x0000000081700000| Untracked 
|  24|0x0000000081800000, 0x0000000081800000, 0x0000000081900000|  0%| F|  |TAMS 0x0000000081800000, 0x0000000081800000| Untracked 
|  25|0x0000000081900000, 0x0000000081900000, 0x0000000081a00000|  0%| F|  |TAMS 0x0000000081900000, 0x0000000081900000| Untracked 
|  26|0x0000000081a00000, 0x0000000081a00000, 0x0000000081b00000|  0%| F|  |TAMS 0x0000000081a00000, 0x0000000081a00000| Untracked 
|  27|0x0000000081b00000, 0x0000000081b00000, 0x0000000081c00000|  0%| F|  |TAMS 0x0000000081b00000, 0x0000000081b00000| Untracked 
|  28|0x0000000081c00000, 0x0000000081c00000, 0x0000000081d00000|  0%| F|  |TAMS 0x0000000081c00000, 0x0000000081c00000| Untracked 
|  29|0x0000000081d00000, 0x0000000081d00000, 0x0000000081e00000|  0%| F|  |TAMS 0x0000000081d00000, 0x0000000081d00000| Untracked 
|  30|0x0000000081e00000, 0x0000000081e00000, 0x0000000081f00000|  0%| F|  |TAMS 0x0000000081e00000, 0x0000000081e00000| Untracked 
|  31|0x0000000081f00000, 0x0000000081f00000, 0x0000000082000000|  0%| F|  |TAMS 0x0000000081f00000, 0x0000000081f00000| Untracked 
|  32|0x0000000082000000, 0x0000000082000000, 0x0000000082100000|  0%| F|  |TAMS 0x0000000082000000, 0x0000000082000000| Untracked 
|  33|0x0000000082100000, 0x0000000082100000, 0x0000000082200000|  0%| F|  |TAMS 0x0000000082100000, 0x0000000082100000| Untracked 
|  34|0x0000000082200000, 0x0000000082200000, 0x0000000082300000|  0%| F|  |TAMS 0x0000000082200000, 0x0000000082200000| Untracked 
|  35|0x0000000082300000, 0x0000000082300000, 0x0000000082400000|  0%| F|  |TAMS 0x0000000082300000, 0x0000000082300000| Untracked 
|  36|0x0000000082400000, 0x0000000082400000, 0x0000000082500000|  0%| F|  |TAMS 0x0000000082400000, 0x0000000082400000| Untracked 
|  37|0x0000000082500000, 0x0000000082500000, 0x0000000082600000|  0%| F|  |TAMS 0x0000000082500000, 0x0000000082500000| Untracked 
|  38|0x0000000082600000, 0x0000000082600000, 0x0000000082700000|  0%| F|  |TAMS 0x0000000082600000, 0x0000000082600000| Untracked 
|  39|0x0000000082700000, 0x0000000082700000, 0x0000000082800000|  0%| F|  |TAMS 0x0000000082700000, 0x0000000082700000| Untracked 
|  40|0x0000000082800000, 0x0000000082800000, 0x0000000082900000|  0%| F|  |TAMS 0x0000000082800000, 0x0000000082800000| Untracked 
|  41|0x0000000082900000, 0x0000000082900000, 0x0000000082a00000|  0%| F|  |TAMS 0x0000000082900000, 0x0000000082900000| Untracked 
|  42|0x0000000082a00000, 0x0000000082a00000, 0x0000000082b00000|  0%| F|  |TAMS 0x0000000082a00000, 0x0000000082a00000| Untracked 
|  43|0x0000000082b00000, 0x0000000082b00000, 0x0000000082c00000|  0%| F|  |TAMS 0x0000000082b00000, 0x0000000082b00000| Untracked 
|  44|0x0000000082c00000, 0x0000000082c00000, 0x0000000082d00000|  0%| F|  |TAMS 0x0000000082c00000, 0x0000000082c00000| Untracked 
|  45|0x0000000082d00000, 0x0000000082d00000, 0x0000000082e00000|  0%| F|  |TAMS 0x0000000082d00000, 0x0000000082d00000| Untracked 
|  46|0x0000000082e00000, 0x0000000082e00000, 0x0000000082f00000|  0%| F|  |TAMS 0x0000000082e00000, 0x0000000082e00000| Untracked 
|  47|0x0000000082f00000, 0x0000000082f00000, 0x0000000083000000|  0%| F|  |TAMS 0x0000000082f00000, 0x0000000082f00000| Untracked 
|  48|0x0000000083000000, 0x0000000083000000, 0x0000000083100000|  0%| F|  |TAMS 0x0000000083000000, 0x0000000083000000| Untracked 
|  49|0x0000000083100000, 0x0000000083100000, 0x0000000083200000|  0%| F|  |TAMS 0x0000000083100000, 0x0000000083100000| Untracked 
|  50|0x0000000083200000, 0x0000000083200000, 0x0000000083300000|  0%| F|  |TAMS 0x0000000083200000, 0x0000000083200000| Untracked 
|  51|0x0000000083300000, 0x0000000083300000, 0x0000000083400000|  0%| F|  |TAMS 0x0000000083300000, 0x0000000083300000| Untracked 
|  52|0x0000000083400000, 0x0000000083400000, 0x0000000083500000|  0%| F|  |TAMS 0x0000000083400000, 0x0000000083400000| Untracked 
|  53|0x0000000083500000, 0x0000000083500000, 0x0000000083600000|  0%| F|  |TAMS 0x0000000083500000, 0x0000000083500000| Untracked 
|  54|0x0000000083600000, 0x0000000083600000, 0x0000000083700000|  0%| F|  |TAMS 0x0000000083600000, 0x0000000083600000| Untracked 
|  55|0x0000000083700000, 0x0000000083700000, 0x0000000083800000|  0%| F|  |TAMS 0x0000000083700000, 0x0000000083700000| Untracked 
|  56|0x0000000083800000, 0x0000000083800000, 0x0000000083900000|  0%| F|  |TAMS 0x0000000083800000, 0x0000000083800000| Untracked 
|  57|0x0000000083900000, 0x0000000083900000, 0x0000000083a00000|  0%| F|  |TAMS 0x0000000083900000, 0x0000000083900000| Untracked 
|  58|0x0000000083a00000, 0x0000000083a00000, 0x0000000083b00000|  0%| F|  |TAMS 0x0000000083a00000, 0x0000000083a00000| Untracked 
|  59|0x0000000083b00000, 0x0000000083b00000, 0x0000000083c00000|  0%| F|  |TAMS 0x0000000083b00000, 0x0000000083b00000| Untracked 
|  60|0x0000000083c00000, 0x0000000083c00000, 0x0000000083d00000|  0%| F|  |TAMS 0x0000000083c00000, 0x0000000083c00000| Untracked 
|  61|0x0000000083d00000, 0x0000000083df5d98, 0x0000000083e00000| 96%| S|CS|TAMS 0x0000000083d00000, 0x0000000083d00000| Complete 
|  62|0x0000000083e00000, 0x0000000083f00000, 0x0000000083f00000|100%| S|CS|TAMS 0x0000000083e00000, 0x0000000083e00000| Complete 
|  63|0x0000000083f00000, 0x0000000084000000, 0x0000000084000000|100%| S|CS|TAMS 0x0000000083f00000, 0x0000000083f00000| Complete 
|  64|0x0000000084000000, 0x0000000084100000, 0x0000000084100000|100%| S|CS|TAMS 0x0000000084000000, 0x0000000084000000| Complete 
|  65|0x0000000084100000, 0x0000000084200000, 0x0000000084200000|100%| S|CS|TAMS 0x0000000084100000, 0x0000000084100000| Complete 
|  66|0x0000000084200000, 0x0000000084300000, 0x0000000084300000|100%| S|CS|TAMS 0x0000000084200000, 0x0000000084200000| Complete 
|  67|0x0000000084300000, 0x0000000084400000, 0x0000000084400000|100%| S|CS|TAMS 0x0000000084300000, 0x0000000084300000| Complete 
|  68|0x0000000084400000, 0x0000000084500000, 0x0000000084500000|100%| S|CS|TAMS 0x0000000084400000, 0x0000000084400000| Complete 
|  69|0x0000000084500000, 0x0000000084500000, 0x0000000084600000|  0%| F|  |TAMS 0x0000000084500000, 0x0000000084500000| Untracked 
|  70|0x0000000084600000, 0x0000000084600000, 0x0000000084700000|  0%| F|  |TAMS 0x0000000084600000, 0x0000000084600000| Untracked 
|  71|0x0000000084700000, 0x0000000084700000, 0x0000000084800000|  0%| F|  |TAMS 0x0000000084700000, 0x0000000084700000| Untracked 
|  72|0x0000000084800000, 0x0000000084800000, 0x0000000084900000|  0%| F|  |TAMS 0x0000000084800000, 0x0000000084800000| Untracked 
|  73|0x0000000084900000, 0x0000000084900000, 0x0000000084a00000|  0%| F|  |TAMS 0x0000000084900000, 0x0000000084900000| Untracked 
|  74|0x0000000084a00000, 0x0000000084a00000, 0x0000000084b00000|  0%| F|  |TAMS 0x0000000084a00000, 0x0000000084a00000| Untracked 
|  75|0x0000000084b00000, 0x0000000084b00000, 0x0000000084c00000|  0%| F|  |TAMS 0x0000000084b00000, 0x0000000084b00000| Untracked 
|  76|0x0000000084c00000, 0x0000000084c00000, 0x0000000084d00000|  0%| F|  |TAMS 0x0000000084c00000, 0x0000000084c00000| Untracked 
|  77|0x0000000084d00000, 0x0000000084d00000, 0x0000000084e00000|  0%| F|  |TAMS 0x0000000084d00000, 0x0000000084d00000| Untracked 
|  78|0x0000000084e00000, 0x0000000084e00000, 0x0000000084f00000|  0%| F|  |TAMS 0x0000000084e00000, 0x0000000084e00000| Untracked 
|  79|0x0000000084f00000, 0x0000000084f00000, 0x0000000085000000|  0%| F|  |TAMS 0x0000000084f00000, 0x0000000084f00000| Untracked 
|  80|0x0000000085000000, 0x0000000085000000, 0x0000000085100000|  0%| F|  |TAMS 0x0000000085000000, 0x0000000085000000| Untracked 
|  81|0x0000000085100000, 0x0000000085100000, 0x0000000085200000|  0%| F|  |TAMS 0x0000000085100000, 0x0000000085100000| Untracked 
|  82|0x0000000085200000, 0x0000000085200000, 0x0000000085300000|  0%| F|  |TAMS 0x0000000085200000, 0x0000000085200000| Untracked 
|  83|0x0000000085300000, 0x0000000085300000, 0x0000000085400000|  0%| F|  |TAMS 0x0000000085300000, 0x0000000085300000| Untracked 
|  84|0x0000000085400000, 0x0000000085400000, 0x0000000085500000|  0%| F|  |TAMS 0x0000000085400000, 0x0000000085400000| Untracked 
|  85|0x0000000085500000, 0x0000000085500000, 0x0000000085600000|  0%| F|  |TAMS 0x0000000085500000, 0x0000000085500000| Untracked 
|  86|0x0000000085600000, 0x0000000085600000, 0x0000000085700000|  0%| F|  |TAMS 0x0000000085600000, 0x0000000085600000| Untracked 
|  87|0x0000000085700000, 0x0000000085700000, 0x0000000085800000|  0%| F|  |TAMS 0x0000000085700000, 0x0000000085700000| Untracked 
|  88|0x0000000085800000, 0x0000000085800000, 0x0000000085900000|  0%| F|  |TAMS 0x0000000085800000, 0x0000000085800000| Untracked 
|  89|0x0000000085900000, 0x0000000085900000, 0x0000000085a00000|  0%| F|  |TAMS 0x0000000085900000, 0x0000000085900000| Untracked 
|  90|0x0000000085a00000, 0x0000000085a00000, 0x0000000085b00000|  0%| F|  |TAMS 0x0000000085a00000, 0x0000000085a00000| Untracked 
|  91|0x0000000085b00000, 0x0000000085b00000, 0x0000000085c00000|  0%| F|  |TAMS 0x0000000085b00000, 0x0000000085b00000| Untracked 
|  92|0x0000000085c00000, 0x0000000085c00000, 0x0000000085d00000|  0%| F|  |TAMS 0x0000000085c00000, 0x0000000085c00000| Untracked 
|  93|0x0000000085d00000, 0x0000000085d00000, 0x0000000085e00000|  0%| F|  |TAMS 0x0000000085d00000, 0x0000000085d00000| Untracked 
|  94|0x0000000085e00000, 0x0000000085e00000, 0x0000000085f00000|  0%| F|  |TAMS 0x0000000085e00000, 0x0000000085e00000| Untracked 
|  95|0x0000000085f00000, 0x0000000085f00000, 0x0000000086000000|  0%| F|  |TAMS 0x0000000085f00000, 0x0000000085f00000| Untracked 
|  96|0x0000000086000000, 0x0000000086000000, 0x0000000086100000|  0%| F|  |TAMS 0x0000000086000000, 0x0000000086000000| Untracked 
|  97|0x0000000086100000, 0x0000000086100000, 0x0000000086200000|  0%| F|  |TAMS 0x0000000086100000, 0x0000000086100000| Untracked 
|  98|0x0000000086200000, 0x0000000086200000, 0x0000000086300000|  0%| F|  |TAMS 0x0000000086200000, 0x0000000086200000| Untracked 
|  99|0x0000000086300000, 0x0000000086300000, 0x0000000086400000|  0%| F|  |TAMS 0x0000000086300000, 0x0000000086300000| Untracked 
| 100|0x0000000086400000, 0x0000000086400000, 0x0000000086500000|  0%| F|  |TAMS 0x0000000086400000, 0x0000000086400000| Untracked 
| 101|0x0000000086500000, 0x0000000086500000, 0x0000000086600000|  0%| F|  |TAMS 0x0000000086500000, 0x0000000086500000| Untracked 
| 102|0x0000000086600000, 0x0000000086600000, 0x0000000086700000|  0%| F|  |TAMS 0x0000000086600000, 0x0000000086600000| Untracked 
| 103|0x0000000086700000, 0x0000000086700000, 0x0000000086800000|  0%| F|  |TAMS 0x0000000086700000, 0x0000000086700000| Untracked 
| 104|0x0000000086800000, 0x0000000086800000, 0x0000000086900000|  0%| F|  |TAMS 0x0000000086800000, 0x0000000086800000| Untracked 
| 105|0x0000000086900000, 0x0000000086900000, 0x0000000086a00000|  0%| F|  |TAMS 0x0000000086900000, 0x0000000086900000| Untracked 
| 106|0x0000000086a00000, 0x0000000086a00000, 0x0000000086b00000|  0%| F|  |TAMS 0x0000000086a00000, 0x0000000086a00000| Untracked 
| 107|0x0000000086b00000, 0x0000000086b00000, 0x0000000086c00000|  0%| F|  |TAMS 0x0000000086b00000, 0x0000000086b00000| Untracked 
| 108|0x0000000086c00000, 0x0000000086c00000, 0x0000000086d00000|  0%| F|  |TAMS 0x0000000086c00000, 0x0000000086c00000| Untracked 
| 109|0x0000000086d00000, 0x0000000086d00000, 0x0000000086e00000|  0%| F|  |TAMS 0x0000000086d00000, 0x0000000086d00000| Untracked 
| 110|0x0000000086e00000, 0x0000000086e00000, 0x0000000086f00000|  0%| F|  |TAMS 0x0000000086e00000, 0x0000000086e00000| Untracked 
| 111|0x0000000086f00000, 0x0000000086f00000, 0x0000000087000000|  0%| F|  |TAMS 0x0000000086f00000, 0x0000000086f00000| Untracked 
| 112|0x0000000087000000, 0x0000000087000000, 0x0000000087100000|  0%| F|  |TAMS 0x0000000087000000, 0x0000000087000000| Untracked 
| 113|0x0000000087100000, 0x0000000087100000, 0x0000000087200000|  0%| F|  |TAMS 0x0000000087100000, 0x0000000087100000| Untracked 
| 114|0x0000000087200000, 0x0000000087200000, 0x0000000087300000|  0%| F|  |TAMS 0x0000000087200000, 0x0000000087200000| Untracked 
| 115|0x0000000087300000, 0x0000000087300000, 0x0000000087400000|  0%| F|  |TAMS 0x0000000087300000, 0x0000000087300000| Untracked 
| 116|0x0000000087400000, 0x0000000087400000, 0x0000000087500000|  0%| F|  |TAMS 0x0000000087400000, 0x0000000087400000| Untracked 
| 117|0x0000000087500000, 0x0000000087500000, 0x0000000087600000|  0%| F|  |TAMS 0x0000000087500000, 0x0000000087500000| Untracked 
| 118|0x0000000087600000, 0x0000000087693838, 0x0000000087700000| 57%| E|  |TAMS 0x0000000087600000, 0x0000000087600000| Complete 
| 119|0x0000000087700000, 0x0000000087800000, 0x0000000087800000|100%| E|CS|TAMS 0x0000000087700000, 0x0000000087700000| Complete 
| 120|0x0000000087800000, 0x0000000087900000, 0x0000000087900000|100%| E|CS|TAMS 0x0000000087800000, 0x0000000087800000| Complete 
| 121|0x0000000087900000, 0x0000000087a00000, 0x0000000087a00000|100%| E|CS|TAMS 0x0000000087900000, 0x0000000087900000| Complete 
| 122|0x0000000087a00000, 0x0000000087b00000, 0x0000000087b00000|100%| E|CS|TAMS 0x0000000087a00000, 0x0000000087a00000| Complete 
| 123|0x0000000087b00000, 0x0000000087c00000, 0x0000000087c00000|100%| E|CS|TAMS 0x0000000087b00000, 0x0000000087b00000| Complete 
| 124|0x0000000087c00000, 0x0000000087d00000, 0x0000000087d00000|100%| E|CS|TAMS 0x0000000087c00000, 0x0000000087c00000| Complete 
| 125|0x0000000087d00000, 0x0000000087e00000, 0x0000000087e00000|100%| E|CS|TAMS 0x0000000087d00000, 0x0000000087d00000| Complete 
| 126|0x0000000087e00000, 0x0000000087f00000, 0x0000000087f00000|100%| E|CS|TAMS 0x0000000087e00000, 0x0000000087e00000| Complete 
| 127|0x0000000087f00000, 0x0000000088000000, 0x0000000088000000|100%| E|CS|TAMS 0x0000000087f00000, 0x0000000087f00000| Complete 

Card table byte_map: [0x000001f0beca0000,0x000001f0bf0a0000] _byte_map_base: 0x000001f0be8a0000

Marking Bits (Prev, Next): (CMBitMap*) 0x000001f0a7181538, (CMBitMap*) 0x000001f0a7181570
 Prev Bits: [0x000001f0bf4a0000, 0x000001f0c14a0000)
 Next Bits: [0x000001f0c14a0000, 0x000001f0c34a0000)

Polling page: 0x000001f0a5140000

Metaspace:

Usage:
  Non-class:     34.87 MB capacity,    34.25 MB ( 98%) used,   540.38 KB (  2%) free+waste,    93.81 KB ( <1%) overhead. 
      Class:      5.26 MB capacity,     4.88 MB ( 93%) used,   339.32 KB (  6%) free+waste,    45.06 KB ( <1%) overhead. 
       Both:     40.13 MB capacity,    39.13 MB ( 98%) used,   879.70 KB (  2%) free+waste,   138.88 KB ( <1%) overhead. 

Virtual space:
  Non-class space:       36.00 MB reserved,      35.08 MB ( 97%) committed 
      Class space:      504.00 MB reserved,       5.38 MB (  1%) committed 
             Both:      540.00 MB reserved,      40.45 MB (  7%) committed 

Chunk freelists:
   Non-Class:  24.00 KB
       Class:  23.00 KB
        Both:  47.00 KB

MaxMetaspaceSize: 512.00 MB
CompressedClassSpaceSize: 504.00 MB
Initial GC threshold: 20.80 MB
Current GC threshold: 58.88 MB
CDS: off

CodeHeap 'non-profiled nmethods': size=120064Kb used=2029Kb max_used=2029Kb free=118034Kb
 bounds [0x000001f0b7360000, 0x000001f0b75d0000, 0x000001f0be8a0000]
CodeHeap 'profiled nmethods': size=120000Kb used=7703Kb max_used=7703Kb free=112296Kb
 bounds [0x000001f0afe30000, 0x000001f0b05c0000, 0x000001f0b7360000]
CodeHeap 'non-nmethods': size=5696Kb used=2268Kb max_used=2311Kb free=3427Kb
 bounds [0x000001f0af8a0000, 0x000001f0afb10000, 0x000001f0afe30000]
 total_blobs=4387 nmethods=3626 adapters=673
 compilation: enabled
              stopped_count=0, restarted_count=0
 full_count=0

Compilation events (20 events):
Event: 11.518 Thread 0x000001f0c62ec000 3634       3       java.lang.reflect.Executable::isSynthetic (8 bytes)
Event: 11.519 Thread 0x000001f0c62ec000 nmethod 3634 0x000001f0b05b1d90 code [0x000001f0b05b1f60, 0x000001f0b05b21c8]
Event: 11.519 Thread 0x000001f0c59de800 nmethod 3632 0x000001f0b7556410 code [0x000001f0b75565c0, 0x000001f0b7556998]
Event: 11.519 Thread 0x000001f0c59de800 3633       4       java.util.StringJoiner::toString (181 bytes)
Event: 11.519 Thread 0x000001f0c62ec000 3635       3       java.lang.reflect.Method::isSynthetic (5 bytes)
Event: 11.520 Thread 0x000001f0c62ec000 nmethod 3635 0x000001f0b05b2290 code [0x000001f0b05b2460, 0x000001f0b05b2698]
Event: 11.520 Thread 0x000001f0c62ec000 3636       3       java.beans.FeatureDescriptor::<init> (137 bytes)
Event: 11.521 Thread 0x000001f0c62ec000 nmethod 3636 0x000001f0b05b2790 code [0x000001f0b05b2a40, 0x000001f0b05b3838]
Event: 11.522 Thread 0x000001f0c62ec000 3637       3       com.sun.beans.util.Cache::getEntryValue (33 bytes)
Event: 11.522 Thread 0x000001f0c62ec000 nmethod 3637 0x000001f0b05b3b90 code [0x000001f0b05b3d80, 0x000001f0b05b4248]
Event: 11.523 Thread 0x000001f0c62ec000 3638       3       org.codehaus.groovy.reflection.CachedClass$1$$Lambda$296/0x00000001004b0440::test (8 bytes)
Event: 11.523 Thread 0x000001f0c62ec000 nmethod 3638 0x000001f0b05b4410 code [0x000001f0b05b45e0, 0x000001f0b05b48c8]
Event: 11.523 Thread 0x000001f0c62ec000 3639       3       org.codehaus.groovy.reflection.CachedClass$1$$Lambda$297/0x00000001004b0840::apply (12 bytes)
Event: 11.524 Thread 0x000001f0c62ec000 nmethod 3639 0x000001f0b05b4a10 code [0x000001f0b05b4c00, 0x000001f0b05b50b8]
Event: 11.525 Thread 0x000001f0c62ec000 3640       3       groovyjarjarasm.asm.SymbolTable::addType (81 bytes)
Event: 11.526 Thread 0x000001f0c62ec000 nmethod 3640 0x000001f0b05b5210 code [0x000001f0b05b5440, 0x000001f0b05b5a18]
Event: 11.526 Thread 0x000001f0c62ec000 3641       1       groovyjarjarasm.asm.SymbolTable::getMajorVersion (5 bytes)
Event: 11.526 Thread 0x000001f0c62ec000 nmethod 3641 0x000001f0b7556b90 code [0x000001f0b7556d40, 0x000001f0b7556df8]
Event: 11.527 Thread 0x000001f0c62ec000 3642       1       java.lang.reflect.Constructor::getSharedParameterTypes (5 bytes)
Event: 11.527 Thread 0x000001f0c62ec000 nmethod 3642 0x000001f0b7556e90 code [0x000001f0b7557040, 0x000001f0b75570f8]

GC Heap History (18 events):
Event: 1.168 GC heap before
{Heap before GC invocations=0 (full 0):
 garbage-first heap   total 131072K, used 20480K [0x0000000080000000, 0x0000000100000000)
  region size 1024K, 14 young (14336K), 0 survivors (0K)
 Metaspace       used 6757K, capacity 7001K, committed 7168K, reserved 524288K
  class space    used 571K, capacity 650K, committed 768K, reserved 516096K
}
Event: 1.180 GC heap after
{Heap after GC invocations=1 (full 0):
 garbage-first heap   total 131072K, used 7931K [0x0000000080000000, 0x0000000100000000)
  region size 1024K, 2 young (2048K), 2 survivors (2048K)
 Metaspace       used 6757K, capacity 7001K, committed 7168K, reserved 524288K
  class space    used 571K, capacity 650K, committed 768K, reserved 516096K
}
Event: 1.835 GC heap before
{Heap before GC invocations=1 (full 0):
 garbage-first heap   total 131072K, used 19195K [0x0000000080000000, 0x0000000100000000)
  region size 1024K, 13 young (13312K), 2 survivors (2048K)
 Metaspace       used 10237K, capacity 10500K, committed 10624K, reserved 526336K
  class space    used 1045K, capacity 1140K, committed 1152K, reserved 516096K
}
Event: 1.840 GC heap after
{Heap after GC invocations=2 (full 0):
 garbage-first heap   total 131072K, used 9848K [0x0000000080000000, 0x0000000100000000)
  region size 1024K, 2 young (2048K), 2 survivors (2048K)
 Metaspace       used 10237K, capacity 10500K, committed 10624K, reserved 526336K
  class space    used 1045K, capacity 1140K, committed 1152K, reserved 516096K
}
Event: 2.909 GC heap before
{Heap before GC invocations=2 (full 0):
 garbage-first heap   total 131072K, used 38520K [0x0000000080000000, 0x0000000100000000)
  region size 1024K, 29 young (29696K), 2 survivors (2048K)
 Metaspace       used 11253K, capacity 11455K, committed 11520K, reserved 526336K
  class space    used 1148K, capacity 1245K, committed 1280K, reserved 516096K
}
Event: 2.915 GC heap after
{Heap after GC invocations=3 (full 0):
 garbage-first heap   total 131072K, used 13617K [0x0000000080000000, 0x0000000100000000)
  region size 1024K, 4 young (4096K), 4 survivors (4096K)
 Metaspace       used 11253K, capacity 11455K, committed 11520K, reserved 526336K
  class space    used 1148K, capacity 1245K, committed 1280K, reserved 516096K
}
Event: 5.360 GC heap before
{Heap before GC invocations=3 (full 0):
 garbage-first heap   total 131072K, used 53553K [0x0000000080000000, 0x0000000100000000)
  region size 1024K, 43 young (44032K), 4 survivors (4096K)
 Metaspace       used 17835K, capacity 18180K, committed 18432K, reserved 532480K
  class space    used 2090K, capacity 2211K, committed 2304K, reserved 516096K
}
Event: 5.369 GC heap after
{Heap after GC invocations=4 (full 0):
 garbage-first heap   total 131072K, used 16667K [0x0000000080000000, 0x0000000100000000)
  region size 1024K, 6 young (6144K), 6 survivors (6144K)
 Metaspace       used 17835K, capacity 18180K, committed 18432K, reserved 532480K
  class space    used 2090K, capacity 2211K, committed 2304K, reserved 516096K
}
Event: 5.964 GC heap before
{Heap before GC invocations=4 (full 0):
 garbage-first heap   total 131072K, used 37147K [0x0000000080000000, 0x0000000100000000)
  region size 1024K, 27 young (27648K), 6 survivors (6144K)
 Metaspace       used 20741K, capacity 21173K, committed 21296K, reserved 536576K
  class space    used 2489K, capacity 2659K, committed 2688K, reserved 516096K
}
Event: 5.974 GC heap after
{Heap after GC invocations=5 (full 0):
 garbage-first heap   total 131072K, used 17501K [0x0000000080000000, 0x0000000100000000)
  region size 1024K, 4 young (4096K), 4 survivors (4096K)
 Metaspace       used 20741K, capacity 21173K, committed 21296K, reserved 536576K
  class space    used 2489K, capacity 2659K, committed 2688K, reserved 516096K
}
Event: 7.129 GC heap before
{Heap before GC invocations=6 (full 0):
 garbage-first heap   total 131072K, used 65629K [0x0000000080000000, 0x0000000100000000)
  region size 1024K, 52 young (53248K), 4 survivors (4096K)
 Metaspace       used 25848K, capacity 26343K, committed 26544K, reserved 540672K
  class space    used 3271K, capacity 3490K, committed 3584K, reserved 516096K
}
Event: 7.137 GC heap after
{Heap after GC invocations=7 (full 0):
 garbage-first heap   total 131072K, used 19283K [0x0000000080000000, 0x0000000100000000)
  region size 1024K, 3 young (3072K), 3 survivors (3072K)
 Metaspace       used 25848K, capacity 26343K, committed 26544K, reserved 540672K
  class space    used 3271K, capacity 3490K, committed 3584K, reserved 516096K
}
Event: 8.841 GC heap before
{Heap before GC invocations=7 (full 0):
 garbage-first heap   total 131072K, used 74579K [0x0000000080000000, 0x0000000100000000)
  region size 1024K, 57 young (58368K), 3 survivors (3072K)
 Metaspace       used 31752K, capacity 32518K, committed 32816K, reserved 544768K
  class space    used 4148K, capacity 4429K, committed 4480K, reserved 516096K
}
Event: 8.851 GC heap after
{Heap after GC invocations=8 (full 0):
 garbage-first heap   total 131072K, used 21443K [0x0000000080000000, 0x0000000100000000)
  region size 1024K, 5 young (5120K), 5 survivors (5120K)
 Metaspace       used 31752K, capacity 32518K, committed 32816K, reserved 544768K
  class space    used 4148K, capacity 4429K, committed 4480K, reserved 516096K
}
Event: 9.420 GC heap before
{Heap before GC invocations=8 (full 0):
 garbage-first heap   total 131072K, used 29635K [0x0000000080000000, 0x0000000100000000)
  region size 1024K, 14 young (14336K), 5 survivors (5120K)
 Metaspace       used 34977K, capacity 35756K, committed 35920K, reserved 548864K
  class space    used 4437K, capacity 4763K, committed 4864K, reserved 516096K
}
Event: 9.439 GC heap after
{Heap after GC invocations=9 (full 0):
 garbage-first heap   total 131072K, used 23176K [0x0000000080000000, 0x0000000100000000)
  region size 1024K, 6 young (6144K), 6 survivors (6144K)
 Metaspace       used 34977K, capacity 35756K, committed 35920K, reserved 548864K
  class space    used 4437K, capacity 4763K, committed 4864K, reserved 516096K
}
Event: 11.198 GC heap before
{Heap before GC invocations=10 (full 0):
 garbage-first heap   total 131072K, used 79496K [0x0000000080000000, 0x0000000100000000)
  region size 1024K, 59 young (60416K), 6 survivors (6144K)
 Metaspace       used 39524K, capacity 40457K, committed 40784K, reserved 552960K
  class space    used 4923K, capacity 5257K, committed 5376K, reserved 516096K
}
Event: 11.213 GC heap after
{Heap after GC invocations=11 (full 0):
 garbage-first heap   total 131072K, used 27320K [0x0000000080000000, 0x0000000100000000)
  region size 1024K, 8 young (8192K), 8 survivors (8192K)
 Metaspace       used 39524K, capacity 40457K, committed 40784K, reserved 552960K
  class space    used 4923K, capacity 5257K, committed 5376K, reserved 516096K
}

Deoptimization events (20 events):
Event: 11.005 Thread 0x000001f0c7baf000 Uncommon trap: trap_request=0xffffff4d fr.pc=0x000001f0b739f604 relative=0x00000000000001e4
Event: 11.005 Thread 0x000001f0c7baf000 Uncommon trap: reason=unstable_if action=reinterpret pc=0x000001f0b739f604 method=java.lang.StringCoding.encodeUTF8(B[BZ)[B @ 2 c2
Event: 11.005 Thread 0x000001f0c7baf000 DEOPT PACKING pc=0x000001f0b739f604 sp=0x00000027c6df93d0
Event: 11.005 Thread 0x000001f0c7baf000 DEOPT UNPACKING pc=0x000001f0af8ea1af sp=0x00000027c6df9378 mode 2
Event: 11.090 Thread 0x000001f0c7baf000 Uncommon trap: trap_request=0xffffff4d fr.pc=0x000001f0b752df30 relative=0x0000000000005770
Event: 11.090 Thread 0x000001f0c7baf000 Uncommon trap: reason=unstable_if action=reinterpret pc=0x000001f0b752df30 method=java.net.URLClassLoader.defineClass(Ljava/lang/String;Ljdk/internal/loader/Resource;)Ljava/lang/Class; @ 21 c2
Event: 11.090 Thread 0x000001f0c7baf000 DEOPT PACKING pc=0x000001f0b752df30 sp=0x00000027c6df79b0
Event: 11.090 Thread 0x000001f0c7baf000 DEOPT UNPACKING pc=0x000001f0af8ea1af sp=0x00000027c6df7978 mode 2
Event: 11.307 Thread 0x000001f0c7baf000 Uncommon trap: trap_request=0xffffffde fr.pc=0x000001f0b753570c relative=0x00000000000009ac
Event: 11.307 Thread 0x000001f0c7baf000 Uncommon trap: reason=class_check action=maybe_recompile pc=0x000001f0b753570c method=java.util.WeakHashMap.eq(Ljava/lang/Object;Ljava/lang/Object;)Z @ 7 c2
Event: 11.307 Thread 0x000001f0c7baf000 DEOPT PACKING pc=0x000001f0b753570c sp=0x00000027c6df5f90
Event: 11.307 Thread 0x000001f0c7baf000 DEOPT UNPACKING pc=0x000001f0af8ea1af sp=0x00000027c6df5f00 mode 2
Event: 11.374 Thread 0x000001f0c7baf000 Uncommon trap: trap_request=0xffffff4d fr.pc=0x000001f0b746b794 relative=0x0000000000001354
Event: 11.374 Thread 0x000001f0c7baf000 Uncommon trap: reason=unstable_if action=reinterpret pc=0x000001f0b746b794 method=java.util.concurrent.ConcurrentHashMap.putVal(Ljava/lang/Object;Ljava/lang/Object;Z)Ljava/lang/Object; @ 231 c2
Event: 11.374 Thread 0x000001f0c7baf000 DEOPT PACKING pc=0x000001f0b746b794 sp=0x00000027c6df6cc0
Event: 11.375 Thread 0x000001f0c7baf000 DEOPT UNPACKING pc=0x000001f0af8ea1af sp=0x00000027c6df6c40 mode 2
Event: 11.598 Thread 0x000001f0c6fdd800 Uncommon trap: trap_request=0xffffffc6 fr.pc=0x000001f0b750b5fc relative=0x00000000000001fc
Event: 11.598 Thread 0x000001f0c6fdd800 Uncommon trap: reason=bimorphic_or_optimized_type_check action=maybe_recompile pc=0x000001f0b750b5fc method=java.util.stream.Sink$ChainedReference.cancellationRequested()Z @ 4 c2
Event: 11.598 Thread 0x000001f0c6fdd800 DEOPT PACKING pc=0x000001f0b750b5fc sp=0x00000027c68fe940
Event: 11.598 Thread 0x000001f0c6fdd800 DEOPT UNPACKING pc=0x000001f0af8ea1af sp=0x00000027c68fe870 mode 2

Classes redefined (0 events):
No events

Internal exceptions (20 events):
Event: 11.394 Thread 0x000001f0c7baf000 Exception <a 'java/lang/ClassNotFoundException'{0x0000000087a16f00}: java/lang/RuntimeCustomizer> (0x0000000087a16f00) thrown at [./src/hotspot/share/classfile/systemDictionary.cpp, line 230]
Event: 11.451 Thread 0x000001f0c7baf000 Exception <a 'java/lang/NoSuchMethodError'{0x000000008790fc38}: 'void java.lang.invoke.DirectMethodHandle$Holder.invokeStatic(java.lang.Object, long)'> (0x000000008790fc38) thrown at [./src/hotspot/share/interpreter/linkResolver.cpp, line 773]
Event: 11.452 Thread 0x000001f0c7baf000 Exception <a 'java/lang/NoSuchMethodError'{0x0000000087915b98}: 'java.lang.Object java.lang.invoke.DirectMethodHandle$Holder.invokeStatic(java.lang.Object, long)'> (0x0000000087915b98) thrown at [./src/hotspot/share/interpreter/linkResolver.cpp, line 773]
Event: 11.455 Thread 0x000001f0c7baf000 Exception <a 'java/lang/NoSuchMethodError'{0x0000000087924c48}: 'java.lang.Object java.lang.invoke.DirectMethodHandle$Holder.invokeStaticInit(java.lang.Object, java.lang.Object, long, java.lang.Object)'> (0x0000000087924c48) thrown at [./src/hotspot/share/interpreter/linkResolver.cpp, line 773]
Event: 11.456 Thread 0x000001f0c7baf000 Exception <a 'java/lang/NoSuchMethodError'{0x000000008792b880}: 'java.lang.Object java.lang.invoke.DirectMethodHandle$Holder.invokeStatic(java.lang.Object, java.lang.Object, long)'> (0x000000008792b880) thrown at [./src/hotspot/share/interpreter/linkResolver.cpp, line 773]
Event: 11.456 Thread 0x000001f0c7baf000 Exception <a 'java/lang/NoSuchMethodError'{0x0000000087932b40}: 'java.lang.Object java.lang.invoke.Invokers$Holder.linkToTargetMethod(java.lang.Object, long, java.lang.Object)'> (0x0000000087932b40) thrown at [./src/hotspot/share/interpreter/linkResolver.cpp, line 773]
Event: 11.460 Thread 0x000001f0c7baf000 Exception <a 'java/lang/ClassNotFoundException'{0x0000000087953ec8}: java/lang/ProcessImplBeanInfo> (0x0000000087953ec8) thrown at [./src/hotspot/share/classfile/systemDictionary.cpp, line 230]
Event: 11.460 Thread 0x000001f0c7baf000 Exception <a 'java/lang/ClassNotFoundException'{0x0000000087959610}: java/lang/ProcessBeanInfo> (0x0000000087959610) thrown at [./src/hotspot/share/classfile/systemDictionary.cpp, line 230]
Event: 11.460 Thread 0x000001f0c7baf000 Exception <a 'java/lang/ClassNotFoundException'{0x000000008795ed20}: java/lang/ProcessCustomizer> (0x000000008795ed20) thrown at [./src/hotspot/share/classfile/systemDictionary.cpp, line 230]
Event: 11.466 Thread 0x000001f0c7baf000 Exception <a 'java/lang/ClassNotFoundException'{0x000000008796e8c8}: java/lang/ProcessImplCustomizer> (0x000000008796e8c8) thrown at [./src/hotspot/share/classfile/systemDictionary.cpp, line 230]
Event: 11.479 Thread 0x000001f0c7baf000 Exception <a 'java/lang/ClassNotFoundException'{0x00000000879bec50}: java/io/InputStreamReaderBeanInfo> (0x00000000879bec50) thrown at [./src/hotspot/share/classfile/systemDictionary.cpp, line 230]
Event: 11.480 Thread 0x000001f0c7baf000 Exception <a 'java/lang/ClassNotFoundException'{0x00000000879c4310}: java/io/ReaderBeanInfo> (0x00000000879c4310) thrown at [./src/hotspot/share/classfile/systemDictionary.cpp, line 230]
Event: 11.481 Thread 0x000001f0c7baf000 Exception <a 'java/lang/ClassNotFoundException'{0x00000000879c9498}: java/io/ReaderCustomizer> (0x00000000879c9498) thrown at [./src/hotspot/share/classfile/systemDictionary.cpp, line 230]
Event: 11.482 Thread 0x000001f0c7baf000 Exception <a 'java/lang/ClassNotFoundException'{0x00000000879d37b0}: java/io/InputStreamReaderCustomizer> (0x00000000879d37b0) thrown at [./src/hotspot/share/classfile/systemDictionary.cpp, line 230]
Event: 11.485 Thread 0x000001f0c7baf000 Exception <a 'java/lang/ClassNotFoundException'{0x00000000879f6158}: java/io/BufferedReaderBeanInfo> (0x00000000879f6158) thrown at [./src/hotspot/share/classfile/systemDictionary.cpp, line 230]
Event: 11.485 Thread 0x000001f0c7baf000 Exception <a 'java/lang/ClassNotFoundException'{0x00000000879fb078}: java/io/BufferedReaderCustomizer> (0x00000000879fb078) thrown at [./src/hotspot/share/classfile/systemDictionary.cpp, line 230]
Event: 11.500 Thread 0x000001f0c7baf000 Exception <a 'java/lang/ClassNotFoundException'{0x00000000877312b0}: java/lang/StringBufferBeanInfo> (0x00000000877312b0) thrown at [./src/hotspot/share/classfile/systemDictionary.cpp, line 230]
Event: 11.500 Thread 0x000001f0c7baf000 Exception <a 'java/lang/ClassNotFoundException'{0x0000000087736a40}: java/lang/AbstractStringBuilderBeanInfo> (0x0000000087736a40) thrown at [./src/hotspot/share/classfile/systemDictionary.cpp, line 230]
Event: 11.501 Thread 0x000001f0c7baf000 Exception <a 'java/lang/ClassNotFoundException'{0x000000008773bc98}: java/lang/AbstractStringBuilderCustomizer> (0x000000008773bc98) thrown at [./src/hotspot/share/classfile/systemDictionary.cpp, line 230]
Event: 11.512 Thread 0x000001f0c7baf000 Exception <a 'java/lang/ClassNotFoundException'{0x0000000087608550}: java/lang/StringBufferCustomizer> (0x0000000087608550) thrown at [./src/hotspot/share/classfile/systemDictionary.cpp, line 230]

Events (20 events):
Event: 11.486 loading class groovy/runtime/metaclass/java/lang/StringBufferMetaClass
Event: 11.486 loading class groovy/runtime/metaclass/java/lang/StringBufferMetaClass done
Event: 11.499 loading class java/lang/StringBufferBeanInfo
Event: 11.499 loading class java/lang/StringBufferBeanInfo done
Event: 11.500 loading class java/lang/StringBufferBeanInfo
Event: 11.500 loading class java/lang/StringBufferBeanInfo done
Event: 11.500 loading class java/lang/AbstractStringBuilderBeanInfo
Event: 11.500 loading class java/lang/AbstractStringBuilderBeanInfo done
Event: 11.500 loading class java/lang/AbstractStringBuilderBeanInfo
Event: 11.500 loading class java/lang/AbstractStringBuilderBeanInfo done
Event: 11.500 loading class java/lang/AbstractStringBuilderCustomizer
Event: 11.500 loading class java/lang/AbstractStringBuilderCustomizer done
Event: 11.501 loading class java/lang/AbstractStringBuilderCustomizer
Event: 11.501 loading class java/lang/AbstractStringBuilderCustomizer done
Event: 11.511 loading class java/lang/StringBufferCustomizer
Event: 11.511 loading class java/lang/StringBufferCustomizer done
Event: 11.511 loading class java/lang/StringBufferCustomizer
Event: 11.512 loading class java/lang/StringBufferCustomizer done
Event: 11.526 loading class groovy/lang/GroovyRuntimeException
Event: 11.526 loading class groovy/lang/GroovyRuntimeException done


Dynamic libraries:
0x00007ff70e300000 - 0x00007ff70e30d000 	C:\Program Files\OpenJDK\openjdk-11.0.15_10\bin\java.exe
0x00007ff9caeb0000 - 0x00007ff9cb0a7000 	C:\WINDOWS\SYSTEM32\ntdll.dll
0x00007ff9cac10000 - 0x00007ff9caccd000 	C:\WINDOWS\System32\KERNEL32.DLL
0x00007ff9c8810000 - 0x00007ff9c8add000 	C:\WINDOWS\System32\KERNELBASE.dll
0x00007ff9c8c80000 - 0x00007ff9c8d80000 	C:\WINDOWS\System32\ucrtbase.dll
0x00007ff9a5610000 - 0x00007ff9a5628000 	C:\Program Files\OpenJDK\openjdk-11.0.15_10\bin\jli.dll
0x00007ff9c9d10000 - 0x00007ff9c9eb0000 	C:\WINDOWS\System32\USER32.dll
0x00007ff9c8680000 - 0x00007ff9c86a2000 	C:\WINDOWS\System32\win32u.dll
0x00007ff9ca2c0000 - 0x00007ff9ca2ea000 	C:\WINDOWS\System32\GDI32.dll
0x00007ff9c8ae0000 - 0x00007ff9c8beb000 	C:\WINDOWS\System32\gdi32full.dll
0x00007ff9c8720000 - 0x00007ff9c87bd000 	C:\WINDOWS\System32\msvcp_win.dll
0x00007ff9a56f0000 - 0x00007ff9a5706000 	C:\Program Files\OpenJDK\openjdk-11.0.15_10\bin\VCRUNTIME140.dll
0x00007ff9b8a90000 - 0x00007ff9b8d2a000 	C:\WINDOWS\WinSxS\amd64_microsoft.windows.common-controls_6595b64144ccf1df_6.0.19041.1110_none_60b5254171f9507e\COMCTL32.dll
0x00007ff9ca2f0000 - 0x00007ff9ca38e000 	C:\WINDOWS\System32\msvcrt.dll
0x00007ff9c8f10000 - 0x00007ff9c8f40000 	C:\WINDOWS\System32\IMM32.DLL
0x00007ff989b40000 - 0x00007ff989bea000 	C:\Program Files\OpenJDK\openjdk-11.0.15_10\bin\msvcp140.dll
0x00007ff978240000 - 0x00007ff978d91000 	C:\Program Files\OpenJDK\openjdk-11.0.15_10\bin\server\jvm.dll
0x00007ff9c9560000 - 0x00007ff9c960e000 	C:\WINDOWS\System32\ADVAPI32.dll
0x00007ff9ca080000 - 0x00007ff9ca11c000 	C:\WINDOWS\System32\sechost.dll
0x00007ff9c9b30000 - 0x00007ff9c9c55000 	C:\WINDOWS\System32\RPCRT4.dll
0x00007ff9c9f10000 - 0x00007ff9c9f18000 	C:\WINDOWS\System32\PSAPI.DLL
0x00007ff9c02a0000 - 0x00007ff9c02a9000 	C:\WINDOWS\SYSTEM32\WSOCK32.dll
0x00007ff9cacd0000 - 0x00007ff9cad3b000 	C:\WINDOWS\System32\WS2_32.dll
0x00007ff9bb4b0000 - 0x00007ff9bb4d7000 	C:\WINDOWS\SYSTEM32\WINMM.dll
0x00007ff9bf190000 - 0x00007ff9bf19a000 	C:\WINDOWS\SYSTEM32\VERSION.dll
0x00007ff9c6eb0000 - 0x00007ff9c6ec2000 	C:\WINDOWS\SYSTEM32\kernel.appcore.dll
0x00007ff9a51a0000 - 0x00007ff9a51b1000 	C:\Program Files\OpenJDK\openjdk-11.0.15_10\bin\verify.dll
0x00007ff9c6b70000 - 0x00007ff9c6d54000 	C:\WINDOWS\SYSTEM32\DBGHELP.DLL
0x00007ff9c25c0000 - 0x00007ff9c25ec000 	C:\WINDOWS\SYSTEM32\dbgcore.DLL
0x00007ff9c8bf0000 - 0x00007ff9c8c72000 	C:\WINDOWS\System32\bcryptPrimitives.dll
0x00007ff9a5170000 - 0x00007ff9a5199000 	C:\Program Files\OpenJDK\openjdk-11.0.15_10\bin\java.dll
0x00007ff9a9a10000 - 0x00007ff9a9a1a000 	C:\Program Files\OpenJDK\openjdk-11.0.15_10\bin\jimage.dll
0x00007ff9a3bf0000 - 0x00007ff9a3c08000 	C:\Program Files\OpenJDK\openjdk-11.0.15_10\bin\zip.dll
0x00007ff9ca440000 - 0x00007ff9cab84000 	C:\WINDOWS\System32\SHELL32.dll
0x00007ff9c63d0000 - 0x00007ff9c6b64000 	C:\WINDOWS\SYSTEM32\windows.storage.dll
0x00007ff9c9690000 - 0x00007ff9c99e4000 	C:\WINDOWS\System32\combase.dll
0x00007ff9c8030000 - 0x00007ff9c805c000 	C:\WINDOWS\SYSTEM32\Wldp.dll
0x00007ff9ca390000 - 0x00007ff9ca43d000 	C:\WINDOWS\System32\SHCORE.dll
0x00007ff9c9eb0000 - 0x00007ff9c9f05000 	C:\WINDOWS\System32\shlwapi.dll
0x00007ff9c8510000 - 0x00007ff9c852f000 	C:\WINDOWS\SYSTEM32\profapi.dll
0x00007ff9a3bd0000 - 0x00007ff9a3be9000 	C:\Program Files\OpenJDK\openjdk-11.0.15_10\bin\net.dll
0x00007ff9c00d0000 - 0x00007ff9c01da000 	C:\WINDOWS\SYSTEM32\WINHTTP.dll
0x00007ff9c7d90000 - 0x00007ff9c7dfa000 	C:\WINDOWS\system32\mswsock.dll
0x00007ff9a31a0000 - 0x00007ff9a31b3000 	C:\Program Files\OpenJDK\openjdk-11.0.15_10\bin\nio.dll
0x00007ff9bef30000 - 0x00007ff9bef57000 	C:\Users\Tom\.gradle\native\e1d6ef7f7dcc3fd88c89a11ec53ec762bb8ba0a96d01ffa2cd45eb1d1d8dd5c5\windows-amd64\native-platform.dll
0x00007ff988110000 - 0x00007ff988254000 	C:\Users\Tom\.gradle\native\5664cfc778a61ccfe75a443a1ab52a65af34e5dc3c78e0209fed803814484fcb\windows-amd64\native-platform-file-events.dll
0x00007ff9a9a20000 - 0x00007ff9a9a29000 	C:\Program Files\OpenJDK\openjdk-11.0.15_10\bin\management.dll
0x00007ff9a6560000 - 0x00007ff9a656c000 	C:\Program Files\OpenJDK\openjdk-11.0.15_10\bin\management_ext.dll
0x00007ff9c7f80000 - 0x00007ff9c7f98000 	C:\WINDOWS\SYSTEM32\CRYPTSP.dll
0x00007ff9c7640000 - 0x00007ff9c7674000 	C:\WINDOWS\system32\rsaenh.dll
0x00007ff9c8d80000 - 0x00007ff9c8da7000 	C:\WINDOWS\System32\bcrypt.dll
0x00007ff9c8490000 - 0x00007ff9c84be000 	C:\WINDOWS\SYSTEM32\USERENV.dll
0x00007ff9c7fa0000 - 0x00007ff9c7fac000 	C:\WINDOWS\SYSTEM32\CRYPTBASE.dll
0x00007ff9c7a30000 - 0x00007ff9c7a6b000 	C:\WINDOWS\SYSTEM32\IPHLPAPI.DLL
0x00007ff9cad40000 - 0x00007ff9cad48000 	C:\WINDOWS\System32\NSI.dll
0x00007ff9c0490000 - 0x00007ff9c04a7000 	C:\WINDOWS\SYSTEM32\dhcpcsvc6.DLL
0x00007ff9c0eb0000 - 0x00007ff9c0ecd000 	C:\WINDOWS\SYSTEM32\dhcpcsvc.DLL
0x00007ff9c7ac0000 - 0x00007ff9c7b8b000 	C:\WINDOWS\SYSTEM32\DNSAPI.dll

dbghelp: loaded successfully - version: 4.0.5 - missing functions: none
symbol engine: initialized successfully - sym options: 0x614 - pdb path: .;C:\Program Files\OpenJDK\openjdk-11.0.15_10\bin;C:\WINDOWS\SYSTEM32;C:\WINDOWS\WinSxS\amd64_microsoft.windows.common-controls_6595b64144ccf1df_6.0.19041.1110_none_60b5254171f9507e;C:\Program Files\OpenJDK\openjdk-11.0.15_10\bin\server;C:\Users\Tom\.gradle\native\e1d6ef7f7dcc3fd88c89a11ec53ec762bb8ba0a96d01ffa2cd45eb1d1d8dd5c5\windows-amd64;C:\Users\Tom\.gradle\native\5664cfc778a61ccfe75a443a1ab52a65af34e5dc3c78e0209fed803814484fcb\windows-amd64

VM Arguments:
jvm_args: -XX:MaxMetaspaceSize=512m --add-opens=java.base/java.util=ALL-UNNAMED --add-opens=java.base/java.lang=ALL-UNNAMED --add-opens=java.base/java.lang.invoke=ALL-UNNAMED --add-opens=java.base/java.util=ALL-UNNAMED --add-opens=java.prefs/java.util.prefs=ALL-UNNAMED --add-opens=java.prefs/java.util.prefs=ALL-UNNAMED --add-opens=java.base/java.nio.charset=ALL-UNNAMED --add-opens=java.base/java.net=ALL-UNNAMED --add-opens=java.base/java.util.concurrent.atomic=ALL-UNNAMED -Xmx2048m -Dfile.encoding=windows-1252 -Duser.country=GB -Duser.language=en -Duser.variant 
java_command: org.gradle.launcher.daemon.bootstrap.GradleDaemon 7.3.3
java_class_path (initial): C:\Users\Tom\.gradle\wrapper\dists\gradle-7.3.3-all\4295vidhdd9hd3gbjyw1xqxpo\gradle-7.3.3\lib\gradle-launcher-7.3.3.jar
Launcher Type: SUN_STANDARD

[Global flags]
     intx CICompilerCount                          = 3                                         {product} {ergonomic}
   size_t CompressedClassSpaceSize                 = 528482304                                 {product} {ergonomic}
     uint ConcGCThreads                            = 1                                         {product} {ergonomic}
     uint G1ConcRefinementThreads                  = 4                                         {product} {ergonomic}
   size_t G1HeapRegionSize                         = 1048576                                   {product} {ergonomic}
    uintx GCDrainStackTargetSize                   = 64                                        {product} {ergonomic}
   size_t InitialHeapSize                          = 134217728                                 {product} {ergonomic}
   size_t MarkStackSize                            = 4194304                                   {product} {ergonomic}
   size_t MaxHeapSize                              = 2147483648                                {product} {command line}
   size_t MaxMetaspaceSize                         = 536870912                                 {product} {command line}
   size_t MaxNewSize                               = 1287651328                                {product} {ergonomic}
   size_t MinHeapDeltaBytes                        = 1048576                                   {product} {ergonomic}
    uintx NonNMethodCodeHeapSize                   = 5830732                                {pd product} {ergonomic}
    uintx NonProfiledCodeHeapSize                  = 122913754                              {pd product} {ergonomic}
    uintx ProfiledCodeHeapSize                     = 122913754                              {pd product} {ergonomic}
    uintx ReservedCodeCacheSize                    = 251658240                              {pd product} {ergonomic}
     bool SegmentedCodeCache                       = true                                      {product} {ergonomic}
     bool UseCompressedClassPointers               = true                                 {lp64_product} {ergonomic}
     bool UseCompressedOops                        = true                                 {lp64_product} {ergonomic}
     bool UseG1GC                                  = true                                      {product} {ergonomic}
     bool UseLargePagesIndividualAllocation        = false                                  {pd product} {ergonomic}

Logging:
Log output configuration:
 #0: stdout all=warning uptime,level,tags
 #1: stderr all=off uptime,level,tags

Environment Variables:
JAVA_HOME=C:\Program Files\OpenJDK\openjdk-11.0.15_10
CLASSPATH=C:\Users\Tom\Documents\Programmation\React Native\projectRNcli\android\\gradle\wrapper\gradle-wrapper.jar
PATH=C:\Users\Tom\Documents\Programmation\React Native\projectRNcli\android\node_modules\.bin;C:\Users\Tom\Documents\Programmation\React Native\projectRNcli\node_modules\.bin;C:\Users\Tom\Documents\Programmation\React Native\node_modules\.bin;C:\Users\Tom\Documents\Programmation\node_modules\.bin;C:\Users\Tom\Documents\node_modules\.bin;C:\Users\Tom\node_modules\.bin;C:\Users\node_modules\.bin;C:\node_modules\.bin;C:\Program Files\nodejs;C:\Users\Tom\Documents\Programmation\React Native\projectRNcli\node_modules\.bin;C:\Users\Tom\Documents\Programmation\React Native\node_modules\.bin;C:\Users\Tom\Documents\Programmation\node_modules\.bin;C:\Users\Tom\Documents\node_modules\.bin;C:\Users\Tom\node_modules\.bin;C:\Users\node_modules\.bin;C:\node_modules\.bin;C:\Program Files\nodejs\node_modules\npm\node_modules\@npmcli\run-script\lib\node-gyp-bin;C:\Python310\Scripts\;C:\Python310\;C:\Program Files\Common Files\Oracle\Java\javapath;C:\Program Files (x86)\Intel\Intel(R) Management Engine Components\iCLS\;C:\Program Files\Intel\Intel(R) Management Engine Components\iCLS\;C:\windows\system32;C:\windows;C:\windows\System32\Wbem;C:\windows\System32\WindowsPowerShell\v1.0\;C:\Program Files (x86)\Intel\Intel(R) Management Engine Components\DAL;C:\Program Files\Intel\Intel(R) Management Engine Components\DAL;C:\Program Files (x86)\Intel\Intel(R) Management Engine Components\IPT;C:\Program Files\Intel\Intel(R) Management Engine Components\IPT;C:\Program Files (x86)\NVIDIA Corporation\PhysX\Common;C:\WINDOWS\system32;C:\WINDOWS;C:\WINDOWS\System32\Wbem;C:\WINDOWS\System32\WindowsPowerShell\v1.0\;C:\WINDOWS\System32\OpenSSH\;C:\Program Files\Microchip\xc8\v2.36\bin;C:\ProgramData\chocolatey\bin;C:\Program Files\OpenJDK\openjdk-11.0.15_10\bin;C:\Program Files\nodejs\;C:\Users\Tom\AppData\Local\Microsoft\WindowsApps;C:\Users\Tom\AppData\Local\Programs\Microsoft VS Code\bin;C:\Users\Tom\AppData\Local\Android\Sdk\platform-tools;C:\Users\Tom\AppData\Roaming\npm;C:\Users\Tom\Documents\Pro
USERNAME=Tom
LANG=en_GB.UTF-8
OS=Windows_NT
PROCESSOR_IDENTIFIER=Intel64 Family 6 Model 142 Stepping 10, GenuineIntel



---------------  S Y S T E M  ---------------

OS: Windows 10 , 64 bit Build 19041 (10.0.19041.1741)
OS uptime: 0 days 6:02 hours

CPU:total 4 (initial active 4) (2 cores per cpu, 2 threads per core) family 6 model 142 stepping 10 microcode 0xb4, cmov, cx8, fxsr, mmx, sse, sse2, sse3, ssse3, sse4.1, sse4.2, popcnt, avx, avx2, aes, clmul, erms, 3dnowpref, lzcnt, ht, tsc, tscinvbit, bmi1, bmi2, adx, fma

Memory: 4k page, system-wide physical 8107M (1402M free)
TotalPageFile size 8107M (AvailPageFile size 5M)
current process WorkingSet (physical memory assigned to process): 226M, peak: 227M
current process commit charge ("private bytes"): 302M, peak: 303M

vm_info: OpenJDK 64-Bit Server VM (11.0.15+10) for windows-amd64 JRE (11.0.15+10), built on Apr 21 2022 21:29:46 by "tester" with MS VC++ 15.5 (VS2017)

END.
