#
# There is insufficient memory for the Java Runtime Environment to continue.
# Native memory allocation (malloc) failed to allocate 32744 bytes for ChunkPool::allocate
# Possible reasons:
#   The system is out of physical RAM or swap space
#   The process is running with CompressedOops enabled, and the Java Heap may be blocking the growth of the native heap
# Possible solutions:
#   Reduce memory load on the system
#   Increase physical memory or swap space
#   Check if swap backing store is full
#   Decrease Java heap size (-Xmx/-Xms)
#   Decrease number of Java threads
#   Decrease Java thread stack sizes (-Xss)
#   Set larger code cache with -XX:ReservedCodeCacheSize=
#   JVM is running with Unscaled Compressed Oops mode in which the Java heap is
#     placed in the first 4GB address space. The Java Heap base address is the
#     maximum limit for the native heap growth. Please use -XX:HeapBaseMinAddress
#     to set the Java Heap base and to place the Java Heap above 4GB virtual address.
# This output file may be truncated or incomplete.
#
#  Out of Memory Error (./src/hotspot/share/memory/arena.cpp:81), pid=17532, tid=15996
#
# JRE version: OpenJDK Runtime Environment 18.9 (11.0.15+10) (build 11.0.15+10)
# Java VM: OpenJDK 64-Bit Server VM 18.9 (11.0.15+10, mixed mode, tiered, compressed oops, g1 gc, windows-amd64)
# No core dump will be written. Minidumps are not enabled by default on client versions of Windows
#

---------------  S U M M A R Y ------------

Command Line: -Xmx64m -Xms64m -Dorg.gradle.appname=gradlew org.gradle.wrapper.GradleWrapperMain app:installDebug -PreactNativeDevServerPort=8081

Host: Intel(R) Core(TM) i3-7020U CPU @ 2.30GHz, 4 cores, 7G,  Windows 10 , 64 bit Build 19041 (10.0.19041.1741)
Time: Sun Jul  3 17:55:29 2022 Romance Summer Time elapsed time: 18.579289 seconds (0d 0h 0m 18s)

---------------  T H R E A D  ---------------

Current thread (0x0000020fb7d47000):  JavaThread "C1 CompilerThread0" daemon [_thread_in_native, id=15996, stack(0x0000007ab6200000,0x0000007ab6300000)]


Current CompileTask:
C1:  18579 1456       3       java.util.LinkedList::checkPositionIndex (22 bytes)

Stack: [0x0000007ab6200000,0x0000007ab6300000]
Native frames: (J=compiled Java code, j=interpreted, Vv=VM code, C=native code)
V  [jvm.dll+0x64dd3a]
V  [jvm.dll+0x7906c9]
V  [jvm.dll+0x791d9c]
V  [jvm.dll+0x792463]
V  [jvm.dll+0x265048]
V  [jvm.dll+0xc9ffb]
V  [jvm.dll+0xca35c]
V  [jvm.dll+0x184f39]
V  [jvm.dll+0x18355b]
V  [jvm.dll+0x136c8f]
V  [jvm.dll+0x136499]
V  [jvm.dll+0x1366cf]
V  [jvm.dll+0x135844]
V  [jvm.dll+0x1378e7]
V  [jvm.dll+0x22cc80]
V  [jvm.dll+0x22af81]
V  [jvm.dll+0x75254c]
V  [jvm.dll+0x74b12d]
V  [jvm.dll+0x64c8a6]
C  [ucrtbase.dll+0x21bb2]
C  [KERNEL32.DLL+0x17034]
C  [ntdll.dll+0x52651]


---------------  P R O C E S S  ---------------

Threads class SMR info:
_java_thread_list=0x0000020fb916e910, length=11, elements={
0x0000020f9d6dd800, 0x0000020fb7cd6800, 0x0000020fb7cdf800, 0x0000020fb7d34000,
0x0000020fb7d37000, 0x0000020fb7d38000, 0x0000020fb7d3c000, 0x0000020fb7d47000,
0x0000020fb7d48000, 0x0000020fb7fae800, 0x0000020fb8d8b800
}

Java Threads: ( => current thread )
  0x0000020f9d6dd800 JavaThread "main" [_thread_blocked, id=3320, stack(0x0000007ab5500000,0x0000007ab5600000)]
  0x0000020fb7cd6800 JavaThread "Reference Handler" daemon [_thread_blocked, id=6344, stack(0x0000007ab5c00000,0x0000007ab5d00000)]
  0x0000020fb7cdf800 JavaThread "Finalizer" daemon [_thread_blocked, id=6224, stack(0x0000007ab5d00000,0x0000007ab5e00000)]
  0x0000020fb7d34000 JavaThread "Signal Dispatcher" daemon [_thread_blocked, id=1732, stack(0x0000007ab5e00000,0x0000007ab5f00000)]
  0x0000020fb7d37000 JavaThread "Attach Listener" daemon [_thread_blocked, id=11384, stack(0x0000007ab5f00000,0x0000007ab6000000)]
  0x0000020fb7d38000 JavaThread "Service Thread" daemon [_thread_blocked, id=13992, stack(0x0000007ab6000000,0x0000007ab6100000)]
  0x0000020fb7d3c000 JavaThread "C2 CompilerThread0" daemon [_thread_blocked, id=16544, stack(0x0000007ab6100000,0x0000007ab6200000)]
=>0x0000020fb7d47000 JavaThread "C1 CompilerThread0" daemon [_thread_in_native, id=15996, stack(0x0000007ab6200000,0x0000007ab6300000)]
  0x0000020fb7d48000 JavaThread "Sweeper thread" daemon [_thread_blocked, id=9376, stack(0x0000007ab6300000,0x0000007ab6400000)]
  0x0000020fb7fae800 JavaThread "Common-Cleaner" daemon [_thread_blocked, id=10812, stack(0x0000007ab6500000,0x0000007ab6600000)]
  0x0000020fb8d8b800 JavaThread "DisconnectableInputStream source reader" daemon [_thread_in_native, id=14032, stack(0x0000007ab6900000,0x0000007ab6a00000)]

Other Threads:
  0x0000020fb7cb1800 VMThread "VM Thread" [stack: 0x0000007ab5b00000,0x0000007ab5c00000] [id=2876]
  0x0000020fb7fa2800 WatcherThread [stack: 0x0000007ab6400000,0x0000007ab6500000] [id=124]
  0x0000020f9d6f5800 GCTaskThread "GC Thread#0" [stack: 0x0000007ab5600000,0x0000007ab5700000] [id=16964]
  0x0000020fb860f000 GCTaskThread "GC Thread#1" [stack: 0x0000007ab6700000,0x0000007ab6800000] [id=11380]
  0x0000020fb7f36800 GCTaskThread "GC Thread#2" [stack: 0x0000007ab6a00000,0x0000007ab6b00000] [id=7856]
  0x0000020fb8f32000 GCTaskThread "GC Thread#3" [stack: 0x0000007ab6b00000,0x0000007ab6c00000] [id=14948]
  0x0000020f9d6ff000 ConcurrentGCThread "G1 Main Marker" [stack: 0x0000007ab5700000,0x0000007ab5800000] [id=13280]
  0x0000020f9d700800 ConcurrentGCThread "G1 Conc#0" [stack: 0x0000007ab5800000,0x0000007ab5900000] [id=17984]
  0x0000020f9d758000 ConcurrentGCThread "G1 Refine#0" [stack: 0x0000007ab5900000,0x0000007ab5a00000] [id=15176]
  0x0000020f9d759000 ConcurrentGCThread "G1 Young RemSet Sampling" [stack: 0x0000007ab5a00000,0x0000007ab5b00000] [id=3964]

Threads with active compile tasks:
C1 CompilerThread0    18667 1456       3       java.util.LinkedList::checkPositionIndex (22 bytes)

VM state:not at safepoint (normal execution)

VM Mutex/Monitor currently owned by a thread: None

Heap address: 0x00000000fc000000, size: 64 MB, Compressed Oops mode: 32-bit
Narrow klass base: 0x0000000000000000, Narrow klass shift: 3
Compressed class space size: 1073741824 Address: 0x0000000100000000

Heap:
 garbage-first heap   total 65536K, used 10223K [0x00000000fc000000, 0x0000000100000000)
  region size 1024K, 4 young (4096K), 3 survivors (3072K)
 Metaspace       used 16751K, capacity 17048K, committed 17152K, reserved 1064960K
  class space    used 1896K, capacity 2029K, committed 2048K, reserved 1048576K
Heap Regions: E=young(eden), S=young(survivor), O=old, HS=humongous(starts), HC=humongous(continues), CS=collection set, F=free, A=archive, TAMS=top-at-mark-start (previous, next)
|   0|0x00000000fc000000, 0x00000000fc100000, 0x00000000fc100000|100%|HS|  |TAMS 0x00000000fc000000, 0x00000000fc000000| Complete 
|   1|0x00000000fc100000, 0x00000000fc200000, 0x00000000fc200000|100%|HC|  |TAMS 0x00000000fc100000, 0x00000000fc100000| Complete 
|   2|0x00000000fc200000, 0x00000000fc300000, 0x00000000fc300000|100%|HC|  |TAMS 0x00000000fc200000, 0x00000000fc200000| Complete 
|   3|0x00000000fc300000, 0x00000000fc400000, 0x00000000fc400000|100%| O|  |TAMS 0x00000000fc300000, 0x00000000fc300000| Untracked 
|   4|0x00000000fc400000, 0x00000000fc500000, 0x00000000fc500000|100%| O|  |TAMS 0x00000000fc400000, 0x00000000fc400000| Untracked 
|   5|0x00000000fc500000, 0x00000000fc600000, 0x00000000fc600000|100%| O|  |TAMS 0x00000000fc500000, 0x00000000fc500000| Untracked 
|   6|0x00000000fc600000, 0x00000000fc700000, 0x00000000fc700000|100%| O|  |TAMS 0x00000000fc600000, 0x00000000fc600000| Untracked 
|   7|0x00000000fc700000, 0x00000000fc72ea00, 0x00000000fc800000| 18%| O|  |TAMS 0x00000000fc700000, 0x00000000fc700000| Untracked 
|   8|0x00000000fc800000, 0x00000000fc800000, 0x00000000fc900000|  0%| F|  |TAMS 0x00000000fc800000, 0x00000000fc800000| Untracked 
|   9|0x00000000fc900000, 0x00000000fc900000, 0x00000000fca00000|  0%| F|  |TAMS 0x00000000fc900000, 0x00000000fc900000| Untracked 
|  10|0x00000000fca00000, 0x00000000fca00000, 0x00000000fcb00000|  0%| F|  |TAMS 0x00000000fca00000, 0x00000000fca00000| Untracked 
|  11|0x00000000fcb00000, 0x00000000fcb00000, 0x00000000fcc00000|  0%| F|  |TAMS 0x00000000fcb00000, 0x00000000fcb00000| Untracked 
|  12|0x00000000fcc00000, 0x00000000fcc00000, 0x00000000fcd00000|  0%| F|  |TAMS 0x00000000fcc00000, 0x00000000fcc00000| Untracked 
|  13|0x00000000fcd00000, 0x00000000fcd00000, 0x00000000fce00000|  0%| F|  |TAMS 0x00000000fcd00000, 0x00000000fcd00000| Untracked 
|  14|0x00000000fce00000, 0x00000000fce00000, 0x00000000fcf00000|  0%| F|  |TAMS 0x00000000fce00000, 0x00000000fce00000| Untracked 
|  15|0x00000000fcf00000, 0x00000000fcf00000, 0x00000000fd000000|  0%| F|  |TAMS 0x00000000fcf00000, 0x00000000fcf00000| Untracked 
|  16|0x00000000fd000000, 0x00000000fd000000, 0x00000000fd100000|  0%| F|  |TAMS 0x00000000fd000000, 0x00000000fd000000| Untracked 
|  17|0x00000000fd100000, 0x00000000fd100000, 0x00000000fd200000|  0%| F|  |TAMS 0x00000000fd100000, 0x00000000fd100000| Untracked 
|  18|0x00000000fd200000, 0x00000000fd200000, 0x00000000fd300000|  0%| F|  |TAMS 0x00000000fd200000, 0x00000000fd200000| Untracked 
|  19|0x00000000fd300000, 0x00000000fd300000, 0x00000000fd400000|  0%| F|  |TAMS 0x00000000fd300000, 0x00000000fd300000| Untracked 
|  20|0x00000000fd400000, 0x00000000fd400000, 0x00000000fd500000|  0%| F|  |TAMS 0x00000000fd400000, 0x00000000fd400000| Untracked 
|  21|0x00000000fd500000, 0x00000000fd500000, 0x00000000fd600000|  0%| F|  |TAMS 0x00000000fd500000, 0x00000000fd500000| Untracked 
|  22|0x00000000fd600000, 0x00000000fd600000, 0x00000000fd700000|  0%| F|  |TAMS 0x00000000fd600000, 0x00000000fd600000| Untracked 
|  23|0x00000000fd700000, 0x00000000fd700000, 0x00000000fd800000|  0%| F|  |TAMS 0x00000000fd700000, 0x00000000fd700000| Untracked 
|  24|0x00000000fd800000, 0x00000000fd800000, 0x00000000fd900000|  0%| F|  |TAMS 0x00000000fd800000, 0x00000000fd800000| Untracked 
|  25|0x00000000fd900000, 0x00000000fd900000, 0x00000000fda00000|  0%| F|  |TAMS 0x00000000fd900000, 0x00000000fd900000| Untracked 
|  26|0x00000000fda00000, 0x00000000fda00000, 0x00000000fdb00000|  0%| F|  |TAMS 0x00000000fda00000, 0x00000000fda00000| Untracked 
|  27|0x00000000fdb00000, 0x00000000fdb00000, 0x00000000fdc00000|  0%| F|  |TAMS 0x00000000fdb00000, 0x00000000fdb00000| Untracked 
|  28|0x00000000fdc00000, 0x00000000fdc00000, 0x00000000fdd00000|  0%| F|  |TAMS 0x00000000fdc00000, 0x00000000fdc00000| Untracked 
|  29|0x00000000fdd00000, 0x00000000fdd00000, 0x00000000fde00000|  0%| F|  |TAMS 0x00000000fdd00000, 0x00000000fdd00000| Untracked 
|  30|0x00000000fde00000, 0x00000000fde00000, 0x00000000fdf00000|  0%| F|  |TAMS 0x00000000fde00000, 0x00000000fde00000| Untracked 
|  31|0x00000000fdf00000, 0x00000000fdf00000, 0x00000000fe000000|  0%| F|  |TAMS 0x00000000fdf00000, 0x00000000fdf00000| Untracked 
|  32|0x00000000fe000000, 0x00000000fe000000, 0x00000000fe100000|  0%| F|  |TAMS 0x00000000fe000000, 0x00000000fe000000| Untracked 
|  33|0x00000000fe100000, 0x00000000fe100000, 0x00000000fe200000|  0%| F|  |TAMS 0x00000000fe100000, 0x00000000fe100000| Untracked 
|  34|0x00000000fe200000, 0x00000000fe200000, 0x00000000fe300000|  0%| F|  |TAMS 0x00000000fe200000, 0x00000000fe200000| Untracked 
|  35|0x00000000fe300000, 0x00000000fe300000, 0x00000000fe400000|  0%| F|  |TAMS 0x00000000fe300000, 0x00000000fe300000| Untracked 
|  36|0x00000000fe400000, 0x00000000fe4cd5f0, 0x00000000fe500000| 80%| S|CS|TAMS 0x00000000fe400000, 0x00000000fe400000| Complete 
|  37|0x00000000fe500000, 0x00000000fe600000, 0x00000000fe600000|100%| S|CS|TAMS 0x00000000fe500000, 0x00000000fe500000| Complete 
|  38|0x00000000fe600000, 0x00000000fe700000, 0x00000000fe700000|100%| S|CS|TAMS 0x00000000fe600000, 0x00000000fe600000| Complete 
|  39|0x00000000fe700000, 0x00000000fe700000, 0x00000000fe800000|  0%| F|  |TAMS 0x00000000fe700000, 0x00000000fe700000| Untracked 
|  40|0x00000000fe800000, 0x00000000fe800000, 0x00000000fe900000|  0%| F|  |TAMS 0x00000000fe800000, 0x00000000fe800000| Untracked 
|  41|0x00000000fe900000, 0x00000000fe900000, 0x00000000fea00000|  0%| F|  |TAMS 0x00000000fe900000, 0x00000000fe900000| Untracked 
|  42|0x00000000fea00000, 0x00000000fea00000, 0x00000000feb00000|  0%| F|  |TAMS 0x00000000fea00000, 0x00000000fea00000| Untracked 
|  43|0x00000000feb00000, 0x00000000feb00000, 0x00000000fec00000|  0%| F|  |TAMS 0x00000000feb00000, 0x00000000feb00000| Untracked 
|  44|0x00000000fec00000, 0x00000000fec00000, 0x00000000fed00000|  0%| F|  |TAMS 0x00000000fec00000, 0x00000000fec00000| Untracked 
|  45|0x00000000fed00000, 0x00000000fed00000, 0x00000000fee00000|  0%| F|  |TAMS 0x00000000fed00000, 0x00000000fed00000| Untracked 
|  46|0x00000000fee00000, 0x00000000fee00000, 0x00000000fef00000|  0%| F|  |TAMS 0x00000000fee00000, 0x00000000fee00000| Untracked 
|  47|0x00000000fef00000, 0x00000000fef00000, 0x00000000ff000000|  0%| F|  |TAMS 0x00000000fef00000, 0x00000000fef00000| Untracked 
|  48|0x00000000ff000000, 0x00000000ff000000, 0x00000000ff100000|  0%| F|  |TAMS 0x00000000ff000000, 0x00000000ff000000| Untracked 
|  49|0x00000000ff100000, 0x00000000ff100000, 0x00000000ff200000|  0%| F|  |TAMS 0x00000000ff100000, 0x00000000ff100000| Untracked 
|  50|0x00000000ff200000, 0x00000000ff200000, 0x00000000ff300000|  0%| F|  |TAMS 0x00000000ff200000, 0x00000000ff200000| Untracked 
|  51|0x00000000ff300000, 0x00000000ff300000, 0x00000000ff400000|  0%| F|  |TAMS 0x00000000ff300000, 0x00000000ff300000| Untracked 
|  52|0x00000000ff400000, 0x00000000ff400000, 0x00000000ff500000|  0%| F|  |TAMS 0x00000000ff400000, 0x00000000ff400000| Untracked 
|  53|0x00000000ff500000, 0x00000000ff500000, 0x00000000ff600000|  0%| F|  |TAMS 0x00000000ff500000, 0x00000000ff500000| Untracked 
|  54|0x00000000ff600000, 0x00000000ff600000, 0x00000000ff700000|  0%| F|  |TAMS 0x00000000ff600000, 0x00000000ff600000| Untracked 
|  55|0x00000000ff700000, 0x00000000ff700000, 0x00000000ff800000|  0%| F|  |TAMS 0x00000000ff700000, 0x00000000ff700000| Untracked 
|  56|0x00000000ff800000, 0x00000000ff800000, 0x00000000ff900000|  0%| F|  |TAMS 0x00000000ff800000, 0x00000000ff800000| Untracked 
|  57|0x00000000ff900000, 0x00000000ff900000, 0x00000000ffa00000|  0%| F|  |TAMS 0x00000000ff900000, 0x00000000ff900000| Untracked 
|  58|0x00000000ffa00000, 0x00000000ffa00000, 0x00000000ffb00000|  0%| F|  |TAMS 0x00000000ffa00000, 0x00000000ffa00000| Untracked 
|  59|0x00000000ffb00000, 0x00000000ffb00000, 0x00000000ffc00000|  0%| F|  |TAMS 0x00000000ffb00000, 0x00000000ffb00000| Untracked 
|  60|0x00000000ffc00000, 0x00000000ffc00000, 0x00000000ffd00000|  0%| F|  |TAMS 0x00000000ffc00000, 0x00000000ffc00000| Untracked 
|  61|0x00000000ffd00000, 0x00000000ffd00000, 0x00000000ffe00000|  0%| F|  |TAMS 0x00000000ffd00000, 0x00000000ffd00000| Untracked 
|  62|0x00000000ffe00000, 0x00000000ffe00000, 0x00000000fff00000|  0%| F|  |TAMS 0x00000000ffe00000, 0x00000000ffe00000| Untracked 
|  63|0x00000000fff00000, 0x0000000100000000, 0x0000000100000000|100%| E|  |TAMS 0x00000000fff00000, 0x00000000fff00000| Complete 

Card table byte_map: [0x0000020f9d500000,0x0000020f9d520000] _byte_map_base: 0x0000020f9cd20000

Marking Bits (Prev, Next): (CMBitMap*) 0x0000020f9d6fe268, (CMBitMap*) 0x0000020f9d6fe2a0
 Prev Bits: [0x0000020f9d540000, 0x0000020f9d640000)
 Next Bits: [0x0000020fb4e40000, 0x0000020fb4f40000)

Polling page: 0x0000020f9b5d0000

Metaspace:

Usage:
  Non-class:     14.67 MB capacity,    14.51 MB ( 99%) used,   138.17 KB ( <1%) free+waste,    25.56 KB ( <1%) overhead. 
      Class:      1.98 MB capacity,     1.85 MB ( 93%) used,   120.02 KB (  6%) free+waste,    12.63 KB ( <1%) overhead. 
       Both:     16.65 MB capacity,    16.36 MB ( 98%) used,   258.20 KB (  2%) free+waste,    38.19 KB ( <1%) overhead. 

Virtual space:
  Non-class space:       16.00 MB reserved,      14.75 MB ( 92%) committed 
      Class space:        1.00 GB reserved,       2.00 MB ( <1%) committed 
             Both:        1.02 GB reserved,      16.75 MB (  2%) committed 

Chunk freelists:
   Non-Class:  21.00 KB
       Class:  19.00 KB
        Both:  40.00 KB

MaxMetaspaceSize: 17179869184.00 GB
CompressedClassSpaceSize: 1.00 GB
Initial GC threshold: 20.80 MB
Current GC threshold: 20.80 MB
CDS: off

CodeHeap 'non-profiled nmethods': size=120064Kb used=615Kb max_used=615Kb free=119448Kb
 bounds [0x0000020fad900000, 0x0000020fadb70000, 0x0000020fb4e40000]
CodeHeap 'profiled nmethods': size=120000Kb used=2807Kb max_used=2807Kb free=117192Kb
 bounds [0x0000020fa63d0000, 0x0000020fa6690000, 0x0000020fad900000]
CodeHeap 'non-nmethods': size=5696Kb used=1170Kb max_used=1183Kb free=4525Kb
 bounds [0x0000020fa5e40000, 0x0000020fa60b0000, 0x0000020fa63d0000]
 total_blobs=1897 nmethods=1461 adapters=349
 compilation: enabled
              stopped_count=0, restarted_count=0
 full_count=0

Compilation events (20 events):
Event: 17.075 Thread 0x0000020fb7d47000 1445       3       java.lang.AbstractStringBuilder::shift (37 bytes)
Event: 17.075 Thread 0x0000020fb7d47000 nmethod 1445 0x0000020fa668b190 code [0x0000020fa668b340, 0x0000020fa668b528]
Event: 17.249 Thread 0x0000020fb7d47000 1446       3       java.util.concurrent.TimeUnit::convert (77 bytes)
Event: 17.250 Thread 0x0000020fb7d47000 nmethod 1446 0x0000020fa668b610 code [0x0000020fa668b820, 0x0000020fa668bb68]
Event: 17.342 Thread 0x0000020fb7d47000 1447       3       java.util.concurrent.ScheduledThreadPoolExecutor$ScheduledFutureTask::getDelay (16 bytes)
Event: 17.342 Thread 0x0000020fb7d47000 nmethod 1447 0x0000020fa668bd10 code [0x0000020fa668bee0, 0x0000020fa668c068]
Event: 17.553 Thread 0x0000020fb7d47000 1448       3       org.fusesource.jansi.Ansi::flushAttributes (94 bytes)
Event: 17.554 Thread 0x0000020fb7d47000 nmethod 1448 0x0000020fa668c110 code [0x0000020fa668c3c0, 0x0000020fa668cde8]
Event: 17.644 Thread 0x0000020fb7d47000 1449       3       java.util.HashMap$ValueIterator::next (8 bytes)
Event: 17.644 Thread 0x0000020fb7d47000 nmethod 1449 0x0000020fa668d290 code [0x0000020fa668d440, 0x0000020fa668d568]
Event: 17.644 Thread 0x0000020fb7d47000 1450       1       org.gradle.internal.logging.console.ProgressOperation::getCategory (5 bytes)
Event: 17.644 Thread 0x0000020fb7d47000 nmethod 1450 0x0000020fad997310 code [0x0000020fad9974c0, 0x0000020fad997578]
Event: 18.344 Thread 0x0000020fb7d47000 1451       3       net.rubygrapefruit.platform.internal.FunctionResult::isFailed (13 bytes)
Event: 18.344 Thread 0x0000020fb7d47000 nmethod 1451 0x0000020fa668d610 code [0x0000020fa668d7c0, 0x0000020fa668d918]
Event: 18.345 Thread 0x0000020fb7d47000 1452       3       net.rubygrapefruit.platform.internal.FunctionResult::<init> (12 bytes)
Event: 18.345 Thread 0x0000020fb7d47000 nmethod 1452 0x0000020fa668d990 code [0x0000020fa668db40, 0x0000020fa668dcf8]
Event: 18.523 Thread 0x0000020fb7d3c000 1453       4       java.lang.StringBuilder::append (8 bytes)
Event: 18.529 Thread 0x0000020fb7d47000 1455       1       java.util.LinkedList::size (5 bytes)
Event: 18.530 Thread 0x0000020fb7d47000 nmethod 1455 0x0000020fad997610 code [0x0000020fad9977c0, 0x0000020fad997878]
Event: 18.532 Thread 0x0000020fb7d47000 1456       3       java.util.LinkedList::checkPositionIndex (22 bytes)

GC Heap History (4 events):
Event: 1.126 GC heap before
{Heap before GC invocations=0 (full 0):
 garbage-first heap   total 65536K, used 16384K [0x00000000fc000000, 0x0000000100000000)
  region size 1024K, 14 young (14336K), 0 survivors (0K)
 Metaspace       used 7875K, capacity 8017K, committed 8192K, reserved 1056768K
  class space    used 692K, capacity 754K, committed 768K, reserved 1048576K
}
Event: 1.132 GC heap after
{Heap after GC invocations=1 (full 0):
 garbage-first heap   total 65536K, used 3703K [0x00000000fc000000, 0x0000000100000000)
  region size 1024K, 2 young (2048K), 2 survivors (2048K)
 Metaspace       used 7875K, capacity 8017K, committed 8192K, reserved 1056768K
  class space    used 692K, capacity 754K, committed 768K, reserved 1048576K
}
Event: 1.892 GC heap before
{Heap before GC invocations=1 (full 0):
 garbage-first heap   total 65536K, used 19063K [0x00000000fc000000, 0x0000000100000000)
  region size 1024K, 14 young (14336K), 2 survivors (2048K)
 Metaspace       used 11154K, capacity 11384K, committed 11520K, reserved 1058816K
  class space    used 1157K, capacity 1242K, committed 1280K, reserved 1048576K
}
Event: 1.901 GC heap after
{Heap after GC invocations=2 (full 0):
 garbage-first heap   total 65536K, used 9402K [0x00000000fc000000, 0x0000000100000000)
  region size 1024K, 2 young (2048K), 2 survivors (2048K)
 Metaspace       used 11154K, capacity 11384K, committed 11520K, reserved 1058816K
  class space    used 1157K, capacity 1242K, committed 1280K, reserved 1048576K
}

Deoptimization events (20 events):
Event: 6.627 Thread 0x0000020fb8c94000 Uncommon trap: trap_request=0xffffff4d fr.pc=0x0000020fad938a2c relative=0x00000000000001ec
Event: 6.627 Thread 0x0000020fb8c94000 Uncommon trap: reason=unstable_if action=reinterpret pc=0x0000020fad938a2c method=java.util.HashMap.getNode(ILjava/lang/Object;)Ljava/util/HashMap$Node; @ 129 c2
Event: 6.627 Thread 0x0000020fb8c94000 DEOPT PACKING pc=0x0000020fad938a2c sp=0x0000007ab66fe640
Event: 6.627 Thread 0x0000020fb8c94000 DEOPT UNPACKING pc=0x0000020fa5e8a1af sp=0x0000007ab66fe5b0 mode 2
Event: 6.683 Thread 0x0000020fb8c94000 Uncommon trap: trap_request=0xffffff4d fr.pc=0x0000020fad940eec relative=0x00000000000000cc
Event: 6.683 Thread 0x0000020fb8c94000 Uncommon trap: reason=unstable_if action=reinterpret pc=0x0000020fad940eec method=java.lang.String.getBytes([BIB)V @ 5 c2
Event: 6.683 Thread 0x0000020fb8c94000 DEOPT PACKING pc=0x0000020fad940eec sp=0x0000007ab66fec60
Event: 6.683 Thread 0x0000020fb8c94000 DEOPT UNPACKING pc=0x0000020fa5e8a1af sp=0x0000007ab66fec08 mode 2
Event: 6.683 Thread 0x0000020fb8c94000 Uncommon trap: trap_request=0xffffff4d fr.pc=0x0000020fad965f40 relative=0x0000000000000380
Event: 6.683 Thread 0x0000020fb8c94000 Uncommon trap: reason=unstable_if action=reinterpret pc=0x0000020fad965f40 method=java.lang.AbstractStringBuilder.isLatin1()Z @ 10 c2
Event: 6.683 Thread 0x0000020fb8c94000 DEOPT PACKING pc=0x0000020fad965f40 sp=0x0000007ab66fed20
Event: 6.683 Thread 0x0000020fb8c94000 DEOPT UNPACKING pc=0x0000020fa5e8a1af sp=0x0000007ab66feca0 mode 2
Event: 11.641 Thread 0x0000020fb8c94000 Uncommon trap: trap_request=0xffffffde fr.pc=0x0000020fad97f740 relative=0x00000000000007c0
Event: 11.641 Thread 0x0000020fb8c94000 Uncommon trap: reason=class_check action=maybe_recompile pc=0x0000020fad97f740 method=java.io.BufferedInputStream.read([BII)I @ 101 c2
Event: 11.641 Thread 0x0000020fb8c94000 DEOPT PACKING pc=0x0000020fad97f740 sp=0x0000007ab66feb20
Event: 11.641 Thread 0x0000020fb8c94000 DEOPT UNPACKING pc=0x0000020fa5e8a1af sp=0x0000007ab66feaf8 mode 2
Event: 11.642 Thread 0x0000020fb8c94000 Uncommon trap: trap_request=0xffffff4d fr.pc=0x0000020fad90e01c relative=0x000000000000007c
Event: 11.642 Thread 0x0000020fb8c94000 Uncommon trap: reason=unstable_if action=reinterpret pc=0x0000020fad90e01c method=java.lang.String.codePointAt(I)I @ 4 c2
Event: 11.642 Thread 0x0000020fb8c94000 DEOPT PACKING pc=0x0000020fad90e01c sp=0x0000007ab66feca0
Event: 11.642 Thread 0x0000020fb8c94000 DEOPT UNPACKING pc=0x0000020fa5e8a1af sp=0x0000007ab66fec38 mode 2

Classes redefined (0 events):
No events

Internal exceptions (20 events):
Event: 0.487 Thread 0x0000020f9d6dd800 Exception <a 'java/lang/NoSuchMethodError'{0x00000000ffc51ab0}: 'int java.lang.invoke.DirectMethodHandle$Holder.invokeStaticInit(java.lang.Object, java.lang.Object)'> (0x00000000ffc51ab0) thrown at [./src/hotspot/share/interpreter/linkResolver.cpp, line 773]
Event: 0.575 Thread 0x0000020f9d6dd800 Exception <a 'java/lang/NoSuchMethodError'{0x00000000ffb17f30}: 'int java.lang.invoke.DirectMethodHandle$Holder.invokeSpecial(java.lang.Object, java.lang.Object, java.lang.Object, java.lang.Object)'> (0x00000000ffb17f30) thrown at [./src/hotspot/share/interpreter/linkResolver.cpp, line 773]
Event: 0.588 Thread 0x0000020f9d6dd800 Exception <a 'java/lang/NoSuchMethodError'{0x00000000ffb4e6d0}: 'int java.lang.invoke.DirectMethodHandle$Holder.invokeSpecialIFC(java.lang.Object, java.lang.Object, int)'> (0x00000000ffb4e6d0) thrown at [./src/hotspot/share/interpreter/linkResolver.cpp, line 773]
Event: 1.546 Thread 0x0000020f9d6dd800 Implicit null exception at 0x0000020fad9427f5 to 0x0000020fad9429c4
Event: 1.631 Thread 0x0000020f9d6dd800 Exception <a 'java/lang/NoClassDefFoundError'{0x00000000ff754dd0}: org/slf4j/impl/StaticMarkerBinder> (0x00000000ff754dd0) thrown at [./src/hotspot/share/classfile/systemDictionary.cpp, line 219]
Event: 1.692 Thread 0x0000020f9d6dd800 Exception <a 'java/lang/NoSuchMethodError'{0x00000000ff647290}: 'java.lang.Object java.lang.invoke.DirectMethodHandle$Holder.invokeVirtual(java.lang.Object, java.lang.Object, java.lang.Object, java.lang.Object, java.lang.Object, java.lang.Object, java.lang.Object)'> (0x00000000ff647290) thrown at [./src/hotspot/share/interpreter/linkResolver.cpp, line 773]
Event: 1.696 Thread 0x0000020f9d6dd800 Exception <a 'java/lang/NoSuchMethodError'{0x00000000ff65a308}: 'java.lang.Object java.lang.invoke.Invokers$Holder.invoker(java.lang.Object, java.lang.Object, java.lang.Object)'> (0x00000000ff65a308) thrown at [./src/hotspot/share/interpreter/linkResolver.cpp, line 773]
Event: 1.702 Thread 0x0000020f9d6dd800 Exception <a 'java/lang/NoSuchMethodError'{0x00000000ff66af00}: 'void java.lang.invoke.DelegatingMethodHandle$Holder.delegate(java.lang.Object, java.lang.Object, int, java.lang.Object)'> (0x00000000ff66af00) thrown at [./src/hotspot/share/interpreter/linkResolver.cpp, line 773]
Event: 2.059 Thread 0x0000020f9d6dd800 Exception <a 'java/lang/NoSuchMethodError'{0x00000000ffb51b70}: 'java.lang.Object java.lang.invoke.DirectMethodHandle$Holder.invokeInterface(java.lang.Object, java.lang.Object, java.lang.Object)'> (0x00000000ffb51b70) thrown at [./src/hotspot/share/interpreter/linkResolver.cpp, line 773]
Event: 2.211 Thread 0x0000020f9d6dd800 Exception <a 'java/lang/NoSuchMethodError'{0x00000000ff8cb738}: 'java.lang.Object java.lang.invoke.DirectMethodHandle$Holder.invokeStaticInit(java.lang.Object, java.lang.Object, java.lang.Object)'> (0x00000000ff8cb738) thrown at [./src/hotspot/share/interpreter/linkResolver.cpp, line 773]
Event: 2.391 Thread 0x0000020f9d6dd800 Exception <a 'java/lang/NoSuchMethodError'{0x00000000ff154e80}: 'java.lang.Object java.lang.invoke.DirectMethodHandle$Holder.invokeStaticInit(java.lang.Object, int, int, int, int)'> (0x00000000ff154e80) thrown at [./src/hotspot/share/interpreter/linkResolver.cpp, line 773]
Event: 2.755 Thread 0x0000020f9d6dd800 Exception <a 'java/lang/NoSuchMethodError'{0x00000000ff1a4820}: 'java.lang.Object java.lang.invoke.DirectMethodHandle$Holder.invokeStaticInit(java.lang.Object, java.lang.Object, int, int, int, int)'> (0x00000000ff1a4820) thrown at [./src/hotspot/share/interpreter/linkResolver.cpp, line 773]
Event: 3.231 Thread 0x0000020f9d6dd800 Implicit null exception at 0x0000020fad936774 to 0x0000020fad936c78
Event: 3.232 Thread 0x0000020f9d6dd800 Implicit null exception at 0x0000020fad935cf4 to 0x0000020fad9361cc
Event: 6.614 Thread 0x0000020fb8c94000 Exception <a 'java/lang/NoSuchMethodError'{0x00000000fe98aff0}: 'void java.lang.invoke.DirectMethodHandle$Holder.invokeStatic(java.lang.Object, long)'> (0x00000000fe98aff0) thrown at [./src/hotspot/share/interpreter/linkResolver.cpp, line 773]
Event: 6.615 Thread 0x0000020fb8c94000 Exception <a 'java/lang/NoSuchMethodError'{0x00000000fe990200}: 'java.lang.Object java.lang.invoke.DirectMethodHandle$Holder.invokeStatic(java.lang.Object, long)'> (0x00000000fe990200) thrown at [./src/hotspot/share/interpreter/linkResolver.cpp, line 773]
Event: 6.620 Thread 0x0000020fb8c94000 Exception <a 'java/lang/NoSuchMethodError'{0x00000000fe99e2a0}: 'java.lang.Object java.lang.invoke.DirectMethodHandle$Holder.invokeStaticInit(java.lang.Object, java.lang.Object, long, java.lang.Object)'> (0x00000000fe99e2a0) thrown at [./src/hotspot/share/interpreter/linkResolver.cpp, line 773]
Event: 6.621 Thread 0x0000020fb8c94000 Exception <a 'java/lang/NoSuchMethodError'{0x00000000fe9a41c8}: 'java.lang.Object java.lang.invoke.DirectMethodHandle$Holder.invokeStatic(java.lang.Object, java.lang.Object, long)'> (0x00000000fe9a41c8) thrown at [./src/hotspot/share/interpreter/linkResolver.cpp, line 773]
Event: 6.622 Thread 0x0000020fb8c94000 Exception <a 'java/lang/NoSuchMethodError'{0x00000000fe9aa498}: 'java.lang.Object java.lang.invoke.Invokers$Holder.linkToTargetMethod(java.lang.Object, long, java.lang.Object)'> (0x00000000fe9aa498) thrown at [./src/hotspot/share/interpreter/linkResolver.cpp, line 773]
Event: 18.508 Thread 0x0000020f9d6dd800 Exception <a 'java/io/IOException'{0x00000000fe8ead10}> (0x00000000fe8ead10) thrown at [./src/hotspot/share/prims/jni.cpp, line 617]

Events (20 events):
Event: 12.340 loading class org/gradle/internal/logging/format/DurationFormatter
Event: 12.340 loading class org/gradle/internal/logging/format/DurationFormatter done
Event: 12.340 loading class com/google/common/primitives/Ints
Event: 12.340 loading class com/google/common/primitives/Ints done
Event: 12.341 loading class com/google/common/primitives/IntsMethodsForWeb
Event: 12.341 loading class com/google/common/primitives/IntsMethodsForWeb done
Event: 12.342 loading class com/google/common/primitives/Ints$IntConverter
Event: 12.342 loading class com/google/common/primitives/Ints$IntConverter done
Event: 18.508 loading class com/google/common/base/Objects
Event: 18.508 loading class com/google/common/base/Objects done
Event: 18.509 loading class com/google/common/base/ExtraObjectsMethodsForWeb
Event: 18.509 loading class com/google/common/base/ExtraObjectsMethodsForWeb done
Event: 18.510 loading class org/slf4j/helpers/MessageFormatter
Event: 18.510 loading class org/slf4j/helpers/MessageFormatter done
Event: 18.512 loading class org/slf4j/helpers/FormattingTuple
Event: 18.512 loading class org/slf4j/helpers/FormattingTuple done
Event: 18.524 loading class org/gradle/util/internal/LimitedDescription
Event: 18.524 loading class org/gradle/util/internal/LimitedDescription done
Event: 18.532 loading class com/google/common/collect/Lists$ReverseList
Event: 18.532 loading class com/google/common/collect/Lists$ReverseList done


Dynamic libraries:
0x00007ff70e300000 - 0x00007ff70e30d000 	C:\Program Files\OpenJDK\openjdk-11.0.15_10\bin\java.exe
0x00007ff9caeb0000 - 0x00007ff9cb0a7000 	C:\WINDOWS\SYSTEM32\ntdll.dll
0x00007ff9cac10000 - 0x00007ff9caccd000 	C:\WINDOWS\System32\KERNEL32.DLL
0x00007ff9c8810000 - 0x00007ff9c8add000 	C:\WINDOWS\System32\KERNELBASE.dll
0x00007ff9c8c80000 - 0x00007ff9c8d80000 	C:\WINDOWS\System32\ucrtbase.dll
0x00007ff9a5610000 - 0x00007ff9a5628000 	C:\Program Files\OpenJDK\openjdk-11.0.15_10\bin\jli.dll
0x00007ff9c9d10000 - 0x00007ff9c9eb0000 	C:\WINDOWS\System32\USER32.dll
0x00007ff9c8680000 - 0x00007ff9c86a2000 	C:\WINDOWS\System32\win32u.dll
0x00007ff9ca2c0000 - 0x00007ff9ca2ea000 	C:\WINDOWS\System32\GDI32.dll
0x00007ff9c8ae0000 - 0x00007ff9c8beb000 	C:\WINDOWS\System32\gdi32full.dll
0x00007ff9c8720000 - 0x00007ff9c87bd000 	C:\WINDOWS\System32\msvcp_win.dll
0x00007ff9a56f0000 - 0x00007ff9a5706000 	C:\Program Files\OpenJDK\openjdk-11.0.15_10\bin\VCRUNTIME140.dll
0x00007ff9b8a90000 - 0x00007ff9b8d2a000 	C:\WINDOWS\WinSxS\amd64_microsoft.windows.common-controls_6595b64144ccf1df_6.0.19041.1110_none_60b5254171f9507e\COMCTL32.dll
0x00007ff9ca2f0000 - 0x00007ff9ca38e000 	C:\WINDOWS\System32\msvcrt.dll
0x00007ff9c8f10000 - 0x00007ff9c8f40000 	C:\WINDOWS\System32\IMM32.DLL
0x00007ff989b40000 - 0x00007ff989bea000 	C:\Program Files\OpenJDK\openjdk-11.0.15_10\bin\msvcp140.dll
0x00007ff978240000 - 0x00007ff978d91000 	C:\Program Files\OpenJDK\openjdk-11.0.15_10\bin\server\jvm.dll
0x00007ff9c9560000 - 0x00007ff9c960e000 	C:\WINDOWS\System32\ADVAPI32.dll
0x00007ff9ca080000 - 0x00007ff9ca11c000 	C:\WINDOWS\System32\sechost.dll
0x00007ff9c9b30000 - 0x00007ff9c9c55000 	C:\WINDOWS\System32\RPCRT4.dll
0x00007ff9c9f10000 - 0x00007ff9c9f18000 	C:\WINDOWS\System32\PSAPI.DLL
0x00007ff9c02a0000 - 0x00007ff9c02a9000 	C:\WINDOWS\SYSTEM32\WSOCK32.dll
0x00007ff9cacd0000 - 0x00007ff9cad3b000 	C:\WINDOWS\System32\WS2_32.dll
0x00007ff9bb4b0000 - 0x00007ff9bb4d7000 	C:\WINDOWS\SYSTEM32\WINMM.dll
0x00007ff9bf190000 - 0x00007ff9bf19a000 	C:\WINDOWS\SYSTEM32\VERSION.dll
0x00007ff9c6eb0000 - 0x00007ff9c6ec2000 	C:\WINDOWS\SYSTEM32\kernel.appcore.dll
0x00007ff9a51a0000 - 0x00007ff9a51b1000 	C:\Program Files\OpenJDK\openjdk-11.0.15_10\bin\verify.dll
0x00007ff9c6b70000 - 0x00007ff9c6d54000 	C:\WINDOWS\SYSTEM32\DBGHELP.DLL
0x00007ff9c25c0000 - 0x00007ff9c25ec000 	C:\WINDOWS\SYSTEM32\dbgcore.DLL
0x00007ff9c8bf0000 - 0x00007ff9c8c72000 	C:\WINDOWS\System32\bcryptPrimitives.dll
0x00007ff9a5170000 - 0x00007ff9a5199000 	C:\Program Files\OpenJDK\openjdk-11.0.15_10\bin\java.dll
0x00007ff9a9a10000 - 0x00007ff9a9a1a000 	C:\Program Files\OpenJDK\openjdk-11.0.15_10\bin\jimage.dll
0x00007ff9a3bf0000 - 0x00007ff9a3c08000 	C:\Program Files\OpenJDK\openjdk-11.0.15_10\bin\zip.dll
0x00007ff9ca440000 - 0x00007ff9cab84000 	C:\WINDOWS\System32\SHELL32.dll
0x00007ff9c63d0000 - 0x00007ff9c6b64000 	C:\WINDOWS\SYSTEM32\windows.storage.dll
0x00007ff9c9690000 - 0x00007ff9c99e4000 	C:\WINDOWS\System32\combase.dll
0x00007ff9c8030000 - 0x00007ff9c805c000 	C:\WINDOWS\SYSTEM32\Wldp.dll
0x00007ff9ca390000 - 0x00007ff9ca43d000 	C:\WINDOWS\System32\SHCORE.dll
0x00007ff9c9eb0000 - 0x00007ff9c9f05000 	C:\WINDOWS\System32\shlwapi.dll
0x00007ff9c8510000 - 0x00007ff9c852f000 	C:\WINDOWS\SYSTEM32\profapi.dll
0x00007ff9a3bd0000 - 0x00007ff9a3be9000 	C:\Program Files\OpenJDK\openjdk-11.0.15_10\bin\net.dll
0x00007ff9c00d0000 - 0x00007ff9c01da000 	C:\WINDOWS\SYSTEM32\WINHTTP.dll
0x00007ff9c7d90000 - 0x00007ff9c7dfa000 	C:\WINDOWS\system32\mswsock.dll
0x00007ff9a31a0000 - 0x00007ff9a31b3000 	C:\Program Files\OpenJDK\openjdk-11.0.15_10\bin\nio.dll
0x00007ff9bef30000 - 0x00007ff9bef57000 	C:\Users\Tom\.gradle\native\e1d6ef7f7dcc3fd88c89a11ec53ec762bb8ba0a96d01ffa2cd45eb1d1d8dd5c5\windows-amd64\native-platform.dll
0x00007ff9bef10000 - 0x00007ff9bef1a000 	C:\Users\Tom\.gradle\native\jansi\1.18\windows64\jansi.dll
0x00007ff9a9a20000 - 0x00007ff9a9a29000 	C:\Program Files\OpenJDK\openjdk-11.0.15_10\bin\management.dll
0x00007ff9a6560000 - 0x00007ff9a656c000 	C:\Program Files\OpenJDK\openjdk-11.0.15_10\bin\management_ext.dll
0x00007ff9c7f80000 - 0x00007ff9c7f98000 	C:\WINDOWS\SYSTEM32\CRYPTSP.dll
0x00007ff9c7640000 - 0x00007ff9c7674000 	C:\WINDOWS\system32\rsaenh.dll
0x00007ff9c8d80000 - 0x00007ff9c8da7000 	C:\WINDOWS\System32\bcrypt.dll
0x00007ff9c8490000 - 0x00007ff9c84be000 	C:\WINDOWS\SYSTEM32\USERENV.dll
0x00007ff9c7fa0000 - 0x00007ff9c7fac000 	C:\WINDOWS\SYSTEM32\CRYPTBASE.dll
0x00007ff9c7a30000 - 0x00007ff9c7a6b000 	C:\WINDOWS\SYSTEM32\IPHLPAPI.DLL
0x00007ff9cad40000 - 0x00007ff9cad48000 	C:\WINDOWS\System32\NSI.dll
0x00007ff9c0490000 - 0x00007ff9c04a7000 	C:\WINDOWS\SYSTEM32\dhcpcsvc6.DLL
0x00007ff9c0eb0000 - 0x00007ff9c0ecd000 	C:\WINDOWS\SYSTEM32\dhcpcsvc.DLL
0x00007ff9c7ac0000 - 0x00007ff9c7b8b000 	C:\WINDOWS\SYSTEM32\DNSAPI.dll

dbghelp: loaded successfully - version: 4.0.5 - missing functions: none
symbol engine: initialized successfully - sym options: 0x614 - pdb path: .;C:\Program Files\OpenJDK\openjdk-11.0.15_10\bin;C:\WINDOWS\SYSTEM32;C:\WINDOWS\WinSxS\amd64_microsoft.windows.common-controls_6595b64144ccf1df_6.0.19041.1110_none_60b5254171f9507e;C:\Program Files\OpenJDK\openjdk-11.0.15_10\bin\server;C:\Users\Tom\.gradle\native\e1d6ef7f7dcc3fd88c89a11ec53ec762bb8ba0a96d01ffa2cd45eb1d1d8dd5c5\windows-amd64;C:\Users\Tom\.gradle\native\jansi\1.18\windows64

VM Arguments:
jvm_args: -Xmx64m -Xms64m -Dorg.gradle.appname=gradlew 
java_command: org.gradle.wrapper.GradleWrapperMain app:installDebug -PreactNativeDevServerPort=8081
java_class_path (initial): C:\Users\Tom\Documents\Programmation\React Native\projectRNcli\android\\gradle\wrapper\gradle-wrapper.jar
Launcher Type: SUN_STANDARD

[Global flags]
     intx CICompilerCount                          = 3                                         {product} {ergonomic}
     uint ConcGCThreads                            = 1                                         {product} {ergonomic}
     uint G1ConcRefinementThreads                  = 4                                         {product} {ergonomic}
   size_t G1HeapRegionSize                         = 1048576                                   {product} {ergonomic}
    uintx GCDrainStackTargetSize                   = 64                                        {product} {ergonomic}
   size_t InitialHeapSize                          = 67108864                                  {product} {command line}
   size_t MarkStackSize                            = 4194304                                   {product} {ergonomic}
   size_t MaxHeapSize                              = 67108864                                  {product} {command line}
   size_t MaxNewSize                               = 39845888                                  {product} {ergonomic}
   size_t MinHeapDeltaBytes                        = 1048576                                   {product} {ergonomic}
    uintx NonNMethodCodeHeapSize                   = 5830732                                {pd product} {ergonomic}
    uintx NonProfiledCodeHeapSize                  = 122913754                              {pd product} {ergonomic}
    uintx ProfiledCodeHeapSize                     = 122913754                              {pd product} {ergonomic}
    uintx ReservedCodeCacheSize                    = 251658240                              {pd product} {ergonomic}
     bool SegmentedCodeCache                       = true                                      {product} {ergonomic}
     bool UseCompressedClassPointers               = true                                 {lp64_product} {ergonomic}
     bool UseCompressedOops                        = true                                 {lp64_product} {ergonomic}
     bool UseG1GC                                  = true                                      {product} {ergonomic}
     bool UseLargePagesIndividualAllocation        = false                                  {pd product} {ergonomic}

Logging:
Log output configuration:
 #0: stdout all=warning uptime,level,tags
 #1: stderr all=off uptime,level,tags

Environment Variables:
JAVA_HOME=C:\Program Files\OpenJDK\openjdk-11.0.15_10
CLASSPATH=C:\Users\Tom\Documents\Programmation\React Native\projectRNcli\android\\gradle\wrapper\gradle-wrapper.jar
PATH=C:\Users\Tom\Documents\Programmation\React Native\projectRNcli\android\node_modules\.bin;C:\Users\Tom\Documents\Programmation\React Native\projectRNcli\node_modules\.bin;C:\Users\Tom\Documents\Programmation\React Native\node_modules\.bin;C:\Users\Tom\Documents\Programmation\node_modules\.bin;C:\Users\Tom\Documents\node_modules\.bin;C:\Users\Tom\node_modules\.bin;C:\Users\node_modules\.bin;C:\node_modules\.bin;C:\Program Files\nodejs;C:\Users\Tom\Documents\Programmation\React Native\projectRNcli\node_modules\.bin;C:\Users\Tom\Documents\Programmation\React Native\node_modules\.bin;C:\Users\Tom\Documents\Programmation\node_modules\.bin;C:\Users\Tom\Documents\node_modules\.bin;C:\Users\Tom\node_modules\.bin;C:\Users\node_modules\.bin;C:\node_modules\.bin;C:\Program Files\nodejs\node_modules\npm\node_modules\@npmcli\run-script\lib\node-gyp-bin;C:\Python310\Scripts\;C:\Python310\;C:\Program Files\Common Files\Oracle\Java\javapath;C:\Program Files (x86)\Intel\Intel(R) Management Engine Components\iCLS\;C:\Program Files\Intel\Intel(R) Management Engine Components\iCLS\;C:\windows\system32;C:\windows;C:\windows\System32\Wbem;C:\windows\System32\WindowsPowerShell\v1.0\;C:\Program Files (x86)\Intel\Intel(R) Management Engine Components\DAL;C:\Program Files\Intel\Intel(R) Management Engine Components\DAL;C:\Program Files (x86)\Intel\Intel(R) Management Engine Components\IPT;C:\Program Files\Intel\Intel(R) Management Engine Components\IPT;C:\Program Files (x86)\NVIDIA Corporation\PhysX\Common;C:\WINDOWS\system32;C:\WINDOWS;C:\WINDOWS\System32\Wbem;C:\WINDOWS\System32\WindowsPowerShell\v1.0\;C:\WINDOWS\System32\OpenSSH\;C:\Program Files\Microchip\xc8\v2.36\bin;C:\ProgramData\chocolatey\bin;C:\Program Files\OpenJDK\openjdk-11.0.15_10\bin;C:\Program Files\nodejs\;C:\Users\Tom\AppData\Local\Microsoft\WindowsApps;C:\Users\Tom\AppData\Local\Programs\Microsoft VS Code\bin;C:\Users\Tom\AppData\Local\Android\Sdk\platform-tools;C:\Users\Tom\AppData\Roaming\npm;C:\Users\Tom\Documents\Pro
USERNAME=Tom
LANG=en_GB.UTF-8
OS=Windows_NT
PROCESSOR_IDENTIFIER=Intel64 Family 6 Model 142 Stepping 10, GenuineIntel



---------------  S Y S T E M  ---------------

OS: Windows 10 , 64 bit Build 19041 (10.0.19041.1741)
OS uptime: 0 days 6:02 hours

CPU:total 4 (initial active 4) (2 cores per cpu, 2 threads per core) family 6 model 142 stepping 10 microcode 0xb4, cmov, cx8, fxsr, mmx, sse, sse2, sse3, ssse3, sse4.1, sse4.2, popcnt, avx, avx2, aes, clmul, erms, 3dnowpref, lzcnt, ht, tsc, tscinvbit, bmi1, bmi2, adx, fma

Memory: 4k page, system-wide physical 8107M (1606M free)
TotalPageFile size 8107M (AvailPageFile size 312M)
current process WorkingSet (physical memory assigned to process): 90M, peak: 90M
current process commit charge ("private bytes"): 154M, peak: 160M

vm_info: OpenJDK 64-Bit Server VM (11.0.15+10) for windows-amd64 JRE (11.0.15+10), built on Apr 21 2022 21:29:46 by "tester" with MS VC++ 15.5 (VS2017)

END.
