#
# There is insufficient memory for the Java Runtime Environment to continue.
# Native memory allocation (mmap) failed to map 73400320 bytes for Failed to commit area from 0x000000008b900000 to 0x000000008ff00000 of length 73400320.
# Possible reasons:
#   The system is out of physical RAM or swap space
#   The process is running with CompressedOops enabled, and the Java Heap may be blocking the growth of the native heap
# Possible solutions:
#   Reduce memory load on the system
#   Increase physical memory or swap space
#   Check if swap backing store is full
#   Decrease Java heap size (-Xmx/-Xms)
#   Decrease number of Java threads
#   Decrease Java thread stack sizes (-Xss)
#   Set larger code cache with -XX:ReservedCodeCacheSize=
#   JVM is running with Unscaled Compressed Oops mode in which the Java heap is
#     placed in the first 4GB address space. The Java Heap base address is the
#     maximum limit for the native heap growth. Please use -XX:HeapBaseMinAddress
#     to set the Java Heap base and to place the Java Heap above 4GB virtual address.
# This output file may be truncated or incomplete.
#
#  Out of Memory Error (./src/hotspot/os/windows/os_windows.cpp:3390), pid=5384, tid=10844
#
# JRE version: OpenJDK Runtime Environment 18.9 (11.0.15+10) (build 11.0.15+10)
# Java VM: OpenJDK 64-Bit Server VM 18.9 (11.0.15+10, mixed mode, tiered, compressed oops, g1 gc, windows-amd64)
# No core dump will be written. Minidumps are not enabled by default on client versions of Windows
#

---------------  S U M M A R Y ------------

Command Line: -XX:MaxMetaspaceSize=512m --add-opens=java.base/java.util=ALL-UNNAMED --add-opens=java.base/java.lang=ALL-UNNAMED --add-opens=java.base/java.lang.invoke=ALL-UNNAMED --add-opens=java.base/java.util=ALL-UNNAMED --add-opens=java.prefs/java.util.prefs=ALL-UNNAMED --add-opens=java.prefs/java.util.prefs=ALL-UNNAMED --add-opens=java.base/java.nio.charset=ALL-UNNAMED --add-opens=java.base/java.net=ALL-UNNAMED --add-opens=java.base/java.util.concurrent.atomic=ALL-UNNAMED -Xmx2048m -Dfile.encoding=windows-1252 -Duser.country=GB -Duser.language=en -Duser.variant org.gradle.launcher.daemon.bootstrap.GradleDaemon 7.3.3

Host: Intel(R) Core(TM) i3-7020U CPU @ 2.30GHz, 4 cores, 7G,  Windows 10 , 64 bit Build 19041 (10.0.19041.1741)
Time: Sun Jul  3 17:00:24 2022 Romance Summer Time elapsed time: 57.389023 seconds (0d 0h 0m 57s)

---------------  T H R E A D  ---------------

Current thread (0x000001405c3d0000):  VMThread "VM Thread" [stack: 0x0000002ddbc00000,0x0000002ddbd00000] [id=10844]

Stack: [0x0000002ddbc00000,0x0000002ddbd00000]
[error occurred during error reporting (printing stack bounds), id 0xc0000005, EXCEPTION_ACCESS_VIOLATION (0xc0000005) at pc=0x000001404630112d]

Native frames: (J=compiled Java code, j=interpreted, Vv=VM code, C=native code)
V  [jvm.dll+0x64dd3a]
V  [jvm.dll+0x7906c9]
V  [jvm.dll+0x791d9c]
V  [jvm.dll+0x7923c5]
V  [jvm.dll+0x79237b]
V  [jvm.dll+0x64cdd0]
V  [jvm.dll+0x64d4e8]
C  [ntdll.dll+0xa209f]
C  [ntdll.dll+0x51454]
C  [ntdll.dll+0xa0bce]
C  0x000001404630112d

VM_Operation (0x0000002de07f6130): G1CollectForAllocation, mode: safepoint, requested by thread 0x000001406254d000


---------------  P R O C E S S  ---------------

Threads class SMR info:
_java_thread_list=0x00000140625903a0, length=92, elements={
0x000001403dba3800, 0x000001405c3e3800, 0x000001405c3dc000, 0x000001405c437000,
0x000001405c43b000, 0x000001405c43c000, 0x000001405cd41800, 0x000001405cd42800,
0x000001405cd4b800, 0x000001405ceb4800, 0x000001405e8e3800, 0x000001405eeed800,
0x000001405e241800, 0x000001405ee36800, 0x000001405ed8a800, 0x000001405e152000,
0x000001405e8da800, 0x000001405f34f800, 0x000001405ded0800, 0x000001405da5e000,
0x000001405f33f800, 0x000001405f345000, 0x000001405f341000, 0x000001405f346000,
0x000001405f342000, 0x000001405f344800, 0x000001405f342800, 0x000001405f343800,
0x000001405f340000, 0x000001405d5b0800, 0x000001405d5b1800, 0x000001405d5b0000,
0x000001405d5b2800, 0x000001405d5b4000, 0x000001405d5b5000, 0x000001405d5af000,
0x000001405d5b9000, 0x000001405d5b6800, 0x000001405d5b5800, 0x000001405d5bb800,
0x000001405d5b7000, 0x000001405d5bc000, 0x000001405d5bd000, 0x000001405d5b9800,
0x000001405d5be000, 0x000001405d5ba800, 0x000001405d5b8000, 0x0000014060f2d000,
0x0000014060f31000, 0x0000014060f2e800, 0x0000014060f2e000, 0x0000014060f2b800,
0x0000014060f32000, 0x0000014060f2f800, 0x0000014060f2c000, 0x0000014060f32800,
0x0000014060f36000, 0x0000014060f33800, 0x0000014060f35000, 0x0000014060f34800,
0x0000014060f30800, 0x0000014060f37000, 0x0000014060f37800, 0x0000014060f38800,
0x0000014060f3a000, 0x0000014060f39000, 0x000001406254b800, 0x000001406254c800,
0x000001406254e000, 0x0000014062551800, 0x000001406254d000, 0x0000014062554800,
0x0000014062550800, 0x0000014062553000, 0x0000014062552000, 0x0000014062558800,
0x0000014062558000, 0x0000014062557000, 0x0000014062559800, 0x000001406255a800,
0x0000014062555800, 0x0000014062556000, 0x0000014060cd8000, 0x0000014065b32800,
0x0000014060cd4800, 0x0000014060cd5800, 0x0000014060cd3800, 0x0000014060cd7000,
0x0000014060cdc000, 0x0000014060cd8800, 0x0000014060cda800, 0x0000014060cdb000
}

Java Threads: ( => current thread )
  0x000001403dba3800 JavaThread "main" [_thread_blocked, id=9324, stack(0x0000002ddb600000,0x0000002ddb700000)]
  0x000001405c3e3800 JavaThread "Reference Handler" daemon [_thread_blocked, id=13584, stack(0x0000002ddbd00000,0x0000002ddbe00000)]
  0x000001405c3dc000 JavaThread "Finalizer" daemon [_thread_blocked, id=11800, stack(0x0000002ddbe00000,0x0000002ddbf00000)]
  0x000001405c437000 JavaThread "Signal Dispatcher" daemon [_thread_blocked, id=13556, stack(0x0000002ddbf00000,0x0000002ddc000000)]
  0x000001405c43b000 JavaThread "Attach Listener" daemon [_thread_blocked, id=7948, stack(0x0000002ddc000000,0x0000002ddc100000)]
  0x000001405c43c000 JavaThread "Service Thread" daemon [_thread_blocked, id=6136, stack(0x0000002ddc100000,0x0000002ddc200000)]
  0x000001405cd41800 JavaThread "C2 CompilerThread0" daemon [_thread_blocked, id=11072, stack(0x0000002ddc200000,0x0000002ddc300000)]
  0x000001405cd42800 JavaThread "C1 CompilerThread0" daemon [_thread_blocked, id=10440, stack(0x0000002ddc300000,0x0000002ddc400000)]
  0x000001405cd4b800 JavaThread "Sweeper thread" daemon [_thread_blocked, id=17192, stack(0x0000002ddc400000,0x0000002ddc500000)]
  0x000001405ceb4800 JavaThread "Common-Cleaner" daemon [_thread_blocked, id=5320, stack(0x0000002ddc500000,0x0000002ddc600000)]
  0x000001405e8e3800 JavaThread "Daemon health stats" [_thread_blocked, id=8700, stack(0x0000002ddca00000,0x0000002ddcb00000)]
  0x000001405eeed800 JavaThread "Incoming local TCP Connector on port 50461" [_thread_in_native, id=14640, stack(0x0000002ddc700000,0x0000002ddc800000)]
  0x000001405e241800 JavaThread "Daemon periodic checks" [_thread_blocked, id=9856, stack(0x0000002ddcb00000,0x0000002ddcc00000)]
  0x000001405ee36800 JavaThread "Daemon" [_thread_blocked, id=16272, stack(0x0000002ddcc00000,0x0000002ddcd00000)]
  0x000001405ed8a800 JavaThread "Handler for socket connection from /127.0.0.1:50461 to /127.0.0.1:50462" [_thread_in_native, id=15452, stack(0x0000002ddcd00000,0x0000002ddce00000)]
  0x000001405e152000 JavaThread "Cancel handler" [_thread_blocked, id=13780, stack(0x0000002ddce00000,0x0000002ddcf00000)]
  0x000001405e8da800 JavaThread "Daemon worker" [_thread_blocked, id=9268, stack(0x0000002ddcf00000,0x0000002ddd000000)]
  0x000001405f34f800 JavaThread "Asynchronous log dispatcher for DefaultDaemonConnection: socket connection from /127.0.0.1:50461 to /127.0.0.1:50462" [_thread_blocked, id=14168, stack(0x0000002ddd100000,0x0000002ddd200000)]
  0x000001405ded0800 JavaThread "Stdin handler" [_thread_blocked, id=15612, stack(0x0000002ddd200000,0x0000002ddd300000)]
  0x000001405da5e000 JavaThread "Daemon client event forwarder" [_thread_blocked, id=5512, stack(0x0000002ddd300000,0x0000002ddd400000)]
  0x000001405f33f800 JavaThread "Cache worker for journal cache (C:\Users\Tom\.gradle\caches\journal-1)" [_thread_blocked, id=15084, stack(0x0000002ddd000000,0x0000002ddd100000)]
  0x000001405f345000 JavaThread "File lock request listener" [_thread_in_native, id=17496, stack(0x0000002ddd500000,0x0000002ddd600000)]
  0x000001405f341000 JavaThread "Cache worker for file hash cache (C:\Users\Tom\.gradle\caches\7.3.3\fileHashes)" [_thread_blocked, id=1488, stack(0x0000002ddd600000,0x0000002ddd700000)]
  0x000001405f346000 JavaThread "Cache worker for file hash cache (C:\Users\Tom\Documents\Programmation\React Native\projectRNcli\android\.gradle\7.3.3\fileHashes)" [_thread_blocked, id=17124, stack(0x0000002ddd700000,0x0000002ddd800000)]
  0x000001405f342000 JavaThread "File watcher server" daemon [_thread_blocked, id=12788, stack(0x0000002ddd800000,0x0000002ddd900000)]
  0x000001405f344800 JavaThread "File watcher consumer" daemon [_thread_blocked, id=12784, stack(0x0000002ddd900000,0x0000002ddda00000)]
  0x000001405f342800 JavaThread "Cache worker for checksums cache (C:\Users\Tom\Documents\Programmation\React Native\projectRNcli\android\.gradle\7.3.3\checksums)" [_thread_blocked, id=11012, stack(0x0000002ddda00000,0x0000002dddb00000)]
  0x000001405f343800 JavaThread "Cache worker for cache directory md-supplier (C:\Users\Tom\.gradle\caches\7.3.3\md-supplier)" [_thread_blocked, id=2992, stack(0x0000002dddb00000,0x0000002dddc00000)]
  0x000001405f340000 JavaThread "Cache worker for cache directory md-rule (C:\Users\Tom\.gradle\caches\7.3.3\md-rule)" [_thread_blocked, id=5108, stack(0x0000002dddd00000,0x0000002ddde00000)]
  0x000001405d5b0800 JavaThread "Cache worker for execution history cache (C:\Users\Tom\.gradle\caches\7.3.3\executionHistory)" [_thread_blocked, id=5888, stack(0x0000002ddde00000,0x0000002dddf00000)]
  0x000001405d5b1800 JavaThread "jar transforms" [_thread_blocked, id=7272, stack(0x0000002dddf00000,0x0000002dde000000)]
  0x000001405d5b0000 JavaThread "jar transforms Thread 2" [_thread_blocked, id=11412, stack(0x0000002dde000000,0x0000002dde100000)]
  0x000001405d5b2800 JavaThread "Cache worker for file content cache (C:\Users\Tom\.gradle\caches\7.3.3\fileContent)" [_thread_blocked, id=7224, stack(0x0000002dde100000,0x0000002dde200000)]
  0x000001405d5b4000 JavaThread "jar transforms Thread 3" [_thread_blocked, id=6316, stack(0x0000002dde200000,0x0000002dde300000)]
  0x000001405d5b5000 JavaThread "jar transforms Thread 4" [_thread_blocked, id=16368, stack(0x0000002dde300000,0x0000002dde400000)]
  0x000001405d5af000 JavaThread "Cache worker for kotlin-dsl (C:\Users\Tom\.gradle\caches\7.3.3\kotlin-dsl)" [_thread_blocked, id=8756, stack(0x0000002dde400000,0x0000002dde500000)]
  0x000001405d5b9000 JavaThread "Cache worker for dependencies-accessors (C:\Users\Tom\Documents\Programmation\React Native\projectRNcli\android\.gradle\7.3.3\dependencies-accessors)" [_thread_blocked, id=12868, stack(0x0000002dde500000,0x0000002dde600000)]
  0x000001405d5b6800 JavaThread "Cache worker for Build Output Cleanup Cache (C:\Users\Tom\Documents\Programmation\React Native\projectRNcli\node_modules\react-native-gradle-plugin\.gradle\buildOutputCleanup)" [_thread_blocked, id=3968, stack(0x0000002dde600000,0x0000002dde700000)]
  0x000001405d5b5800 JavaThread "Unconstrained build operations" [_thread_blocked, id=7060, stack(0x0000002dde700000,0x0000002dde800000)]
  0x000001405d5bb800 JavaThread "Unconstrained build operations Thread 2" [_thread_blocked, id=14728, stack(0x0000002dde800000,0x0000002dde900000)]
  0x000001405d5b7000 JavaThread "Unconstrained build operations Thread 3" [_thread_blocked, id=16496, stack(0x0000002dde900000,0x0000002ddea00000)]
  0x000001405d5bc000 JavaThread "Unconstrained build operations Thread 4" [_thread_blocked, id=384, stack(0x0000002ddea00000,0x0000002ddeb00000)]
  0x000001405d5bd000 JavaThread "Unconstrained build operations Thread 5" [_thread_blocked, id=12584, stack(0x0000002ddeb00000,0x0000002ddec00000)]
  0x000001405d5b9800 JavaThread "Unconstrained build operations Thread 6" [_thread_blocked, id=8860, stack(0x0000002ddec00000,0x0000002dded00000)]
  0x000001405d5be000 JavaThread "Unconstrained build operations Thread 7" [_thread_blocked, id=1736, stack(0x0000002dded00000,0x0000002ddee00000)]
  0x000001405d5ba800 JavaThread "Unconstrained build operations Thread 8" [_thread_blocked, id=14252, stack(0x0000002ddee00000,0x0000002ddef00000)]
  0x000001405d5b8000 JavaThread "Unconstrained build operations Thread 9" [_thread_blocked, id=3644, stack(0x0000002ddef00000,0x0000002ddf000000)]
  0x0000014060f2d000 JavaThread "Unconstrained build operations Thread 10" [_thread_blocked, id=13548, stack(0x0000002ddf000000,0x0000002ddf100000)]
  0x0000014060f31000 JavaThread "Unconstrained build operations Thread 11" [_thread_blocked, id=13068, stack(0x0000002ddf100000,0x0000002ddf200000)]
  0x0000014060f2e800 JavaThread "Unconstrained build operations Thread 12" [_thread_blocked, id=14108, stack(0x0000002ddf200000,0x0000002ddf300000)]
  0x0000014060f2e000 JavaThread "Unconstrained build operations Thread 13" [_thread_blocked, id=16012, stack(0x0000002ddf300000,0x0000002ddf400000)]
  0x0000014060f2b800 JavaThread "Unconstrained build operations Thread 14" [_thread_blocked, id=10872, stack(0x0000002ddf400000,0x0000002ddf500000)]
  0x0000014060f32000 JavaThread "Unconstrained build operations Thread 15" [_thread_blocked, id=7528, stack(0x0000002ddf500000,0x0000002ddf600000)]
  0x0000014060f2f800 JavaThread "Unconstrained build operations Thread 16" [_thread_blocked, id=12252, stack(0x0000002ddf600000,0x0000002ddf700000)]
  0x0000014060f2c000 JavaThread "Unconstrained build operations Thread 17" [_thread_blocked, id=11624, stack(0x0000002ddf700000,0x0000002ddf800000)]
  0x0000014060f32800 JavaThread "Unconstrained build operations Thread 18" [_thread_blocked, id=11684, stack(0x0000002ddf800000,0x0000002ddf900000)]
  0x0000014060f36000 JavaThread "Unconstrained build operations Thread 19" [_thread_blocked, id=5100, stack(0x0000002ddf900000,0x0000002ddfa00000)]
  0x0000014060f33800 JavaThread "Unconstrained build operations Thread 20" [_thread_blocked, id=17336, stack(0x0000002ddfa00000,0x0000002ddfb00000)]
  0x0000014060f35000 JavaThread "Unconstrained build operations Thread 21" [_thread_blocked, id=6348, stack(0x0000002ddfb00000,0x0000002ddfc00000)]
  0x0000014060f34800 JavaThread "Unconstrained build operations Thread 22" [_thread_blocked, id=2968, stack(0x0000002ddfc00000,0x0000002ddfd00000)]
  0x0000014060f30800 JavaThread "Unconstrained build operations Thread 23" [_thread_blocked, id=16168, stack(0x0000002ddfd00000,0x0000002ddfe00000)]
  0x0000014060f37000 JavaThread "Unconstrained build operations Thread 24" [_thread_blocked, id=11648, stack(0x0000002ddfe00000,0x0000002ddff00000)]
  0x0000014060f37800 JavaThread "Unconstrained build operations Thread 25" [_thread_blocked, id=12592, stack(0x0000002ddff00000,0x0000002de0000000)]
  0x0000014060f38800 JavaThread "Unconstrained build operations Thread 26" [_thread_blocked, id=8928, stack(0x0000002de0000000,0x0000002de0100000)]
  0x0000014060f3a000 JavaThread "Unconstrained build operations Thread 27" [_thread_blocked, id=12828, stack(0x0000002de0100000,0x0000002de0200000)]
  0x0000014060f39000 JavaThread "Unconstrained build operations Thread 28" [_thread_blocked, id=4236, stack(0x0000002de0200000,0x0000002de0300000)]
  0x000001406254b800 JavaThread "Unconstrained build operations Thread 29" [_thread_blocked, id=10684, stack(0x0000002de0300000,0x0000002de0400000)]
  0x000001406254c800 JavaThread "Unconstrained build operations Thread 30" [_thread_blocked, id=2204, stack(0x0000002de0400000,0x0000002de0500000)]
  0x000001406254e000 JavaThread "Unconstrained build operations Thread 31" [_thread_blocked, id=10748, stack(0x0000002de0500000,0x0000002de0600000)]
  0x0000014062551800 JavaThread "Unconstrained build operations Thread 32" [_thread_blocked, id=14980, stack(0x0000002de0600000,0x0000002de0700000)]
  0x000001406254d000 JavaThread "Unconstrained build operations Thread 33" [_thread_blocked, id=15812, stack(0x0000002de0700000,0x0000002de0800000)]
  0x0000014062554800 JavaThread "build event listener" [_thread_blocked, id=15468, stack(0x0000002de0800000,0x0000002de0900000)]
  0x0000014062550800 JavaThread "Memory manager" [_thread_blocked, id=8752, stack(0x0000002de0900000,0x0000002de0a00000)]
  0x0000014062553000 JavaThread "Cache worker for Build Output Cleanup Cache (C:\Users\Tom\Documents\Programmation\React Native\projectRNcli\android\.gradle\buildOutputCleanup)" [_thread_blocked, id=3972, stack(0x0000002de0a00000,0x0000002de0b00000)]
  0x0000014062552000 JavaThread "included builds" [_thread_blocked, id=15788, stack(0x0000002de0b00000,0x0000002de0c00000)]
  0x0000014062558800 JavaThread "Cache worker for execution history cache (C:\Users\Tom\Documents\Programmation\React Native\projectRNcli\node_modules\react-native-gradle-plugin\.gradle\7.3.3\executionHistory)" [_thread_blocked, id=12892, stack(0x0000002de0f00000,0x0000002de1000000)]
  0x0000014062558000 JavaThread "Unconstrained build operations Thread 34" [_thread_blocked, id=5456, stack(0x0000002de1000000,0x0000002de1100000)]
  0x0000014062557000 JavaThread "Unconstrained build operations Thread 35" [_thread_blocked, id=15876, stack(0x0000002de1100000,0x0000002de1200000)]
  0x0000014062559800 JavaThread "Unconstrained build operations Thread 36" [_thread_blocked, id=3812, stack(0x0000002de1200000,0x0000002de1300000)]
  0x000001406255a800 JavaThread "Unconstrained build operations Thread 37" [_thread_blocked, id=18324, stack(0x0000002de1300000,0x0000002de1400000)]
  0x0000014062555800 JavaThread "Unconstrained build operations Thread 38" [_thread_blocked, id=7420, stack(0x0000002de1400000,0x0000002de1500000)]
  0x0000014062556000 JavaThread "Unconstrained build operations Thread 39" [_thread_blocked, id=7768, stack(0x0000002de1500000,0x0000002de1600000)]
  0x0000014060cd8000 JavaThread "Unconstrained build operations Thread 40" [_thread_blocked, id=16248, stack(0x0000002de1600000,0x0000002de1700000)]
  0x0000014065b32800 JavaThread "C2 CompilerThread1" daemon [_thread_in_native, id=16956, stack(0x0000002ddb400000,0x0000002ddb500000)]
  0x0000014060cd4800 JavaThread "Execution worker for ':'" [_thread_blocked, id=6208, stack(0x0000002de0d00000,0x0000002de0e00000)]
  0x0000014060cd5800 JavaThread "Execution worker for ':' Thread 2" [_thread_blocked, id=7236, stack(0x0000002de0e00000,0x0000002de0f00000)]
  0x0000014060cd3800 JavaThread "Execution worker for ':' Thread 3" [_thread_blocked, id=6952, stack(0x0000002de1700000,0x0000002de1800000)]
  0x0000014060cd7000 JavaThread "Cache worker for execution history cache (C:\Users\Tom\Documents\Programmation\React Native\projectRNcli\android\.gradle\7.3.3\executionHistory)" [_thread_blocked, id=688, stack(0x0000002de1800000,0x0000002de1900000)]
  0x0000014060cdc000 JavaThread "WorkerExecutor Queue" [_thread_blocked, id=5848, stack(0x0000002de1900000,0x0000002de1a00000)]
  0x0000014060cd8800 JavaThread "pool-3-thread-1" [_thread_blocked, id=16736, stack(0x0000002de1a00000,0x0000002de1b00000)]
  0x0000014060cda800 JavaThread "stderr" [_thread_in_native, id=512, stack(0x0000002de1b00000,0x0000002de1c00000)]
  0x0000014060cdb000 JavaThread "stdout" [_thread_in_native, id=8456, stack(0x0000002de1c00000,0x0000002de1d00000)]

Other Threads:
=>0x000001405c3d0000 VMThread "VM Thread" [stack: 0x0000002ddbc00000,0x0000002ddbd00000] [id=10844]
  0x000001405ceb1800 WatcherThread [stack: 0x0000002ddc600000,0x0000002ddc700000] [id=5128]
  0x000001403dbbb000 GCTaskThread "GC Thread#0" [stack: 0x0000002ddb700000,0x0000002ddb800000] [id=8708]
  0x000001405d983800 GCTaskThread "GC Thread#1" [stack: 0x0000002ddc800000,0x0000002ddc900000] [id=708]
  0x000001405d305800 GCTaskThread "GC Thread#2" [stack: 0x0000002ddc900000,0x0000002ddca00000] [id=8156]
  0x000001405db30000 GCTaskThread "GC Thread#3" [stack: 0x0000002ddd400000,0x0000002ddd500000] [id=14964]
  0x000001403dbec800 ConcurrentGCThread "G1 Main Marker" [stack: 0x0000002ddb800000,0x0000002ddb900000] [id=2820]
  0x000001403dbee000 ConcurrentGCThread "G1 Conc#0" [stack: 0x0000002ddb900000,0x0000002ddba00000] [id=1324]
  0x000001405c250800 ConcurrentGCThread "G1 Refine#0" [stack: 0x0000002ddba00000,0x0000002ddbb00000] [id=11680]
  0x000001405c251800 ConcurrentGCThread "G1 Young RemSet Sampling" [stack: 0x0000002ddbb00000,0x0000002ddbc00000] [id=9920]

Threads with active compile tasks:
C2 CompilerThread0    57418 12855 %     4       com.android.tools.r8.internal.U6::a @ 3180 (4191 bytes)
C2 CompilerThread1    57418 12793 %     4       com.android.tools.r8.internal.U6::a @ 1511 (6044 bytes)

VM state:at safepoint (normal execution)

VM Mutex/Monitor currently owned by a thread:  ([mutex/lock_event])
[0x000001403db9eac0] Threads_lock - owner thread: 0x000001405c3d0000
[0x000001403db9f7b0] Heap_lock - owner thread: 0x000001406254d000

Heap address: 0x0000000080000000, size: 2048 MB, Compressed Oops mode: 32-bit
Narrow klass base: 0x0000000000000000, Narrow klass shift: 3
Compressed class space size: 528482304 Address: 0x0000000100000000

Heap:
 garbage-first heap   total 261120K, used 140672K [0x0000000080000000, 0x0000000100000000)
  region size 1024K, 3 young (3072K), 3 survivors (3072K)
 Metaspace       used 106406K, capacity 109527K, committed 109648K, reserved 612352K
  class space    used 13797K, capacity 15030K, committed 15104K, reserved 516096K
Heap Regions: E=young(eden), S=young(survivor), O=old, HS=humongous(starts), HC=humongous(continues), CS=collection set, F=free, A=archive, TAMS=top-at-mark-start (previous, next)
|   0|0x0000000080000000, 0x0000000080100000, 0x0000000080100000|100%| O|  |TAMS 0x0000000080100000, 0x0000000080000000| Updating 
|   1|0x0000000080100000, 0x0000000080200000, 0x0000000080200000|100%| O|  |TAMS 0x0000000080200000, 0x0000000080100000| Updating 
|   2|0x0000000080200000, 0x0000000080300000, 0x0000000080300000|100%| O|  |TAMS 0x0000000080300000, 0x0000000080200000| Updating 
|   3|0x0000000080300000, 0x0000000080400000, 0x0000000080400000|100%|HS|  |TAMS 0x0000000080400000, 0x0000000080300000| Complete 
|   4|0x0000000080400000, 0x0000000080500000, 0x0000000080500000|100%|HC|  |TAMS 0x0000000080500000, 0x0000000080400000| Complete 
|   5|0x0000000080500000, 0x0000000080600000, 0x0000000080600000|100%|HC|  |TAMS 0x0000000080600000, 0x0000000080500000| Complete 
|   6|0x0000000080600000, 0x0000000080700000, 0x0000000080700000|100%| O|  |TAMS 0x0000000080700000, 0x0000000080600000| Updating 
|   7|0x0000000080700000, 0x0000000080800000, 0x0000000080800000|100%| O|  |TAMS 0x0000000080800000, 0x0000000080700000| Updating 
|   8|0x0000000080800000, 0x0000000080900000, 0x0000000080900000|100%| O|  |TAMS 0x0000000080900000, 0x0000000080800000| Updating 
|   9|0x0000000080900000, 0x0000000080a00000, 0x0000000080a00000|100%| O|  |TAMS 0x0000000080a00000, 0x0000000080900000| Updating 
|  10|0x0000000080a00000, 0x0000000080b00000, 0x0000000080b00000|100%| O|  |TAMS 0x0000000080b00000, 0x0000000080a00000| Updating 
|  11|0x0000000080b00000, 0x0000000080c00000, 0x0000000080c00000|100%| O|  |TAMS 0x0000000080c00000, 0x0000000080b00000| Updating 
|  12|0x0000000080c00000, 0x0000000080d00000, 0x0000000080d00000|100%| O|  |TAMS 0x0000000080d00000, 0x0000000080c00000| Updating 
|  13|0x0000000080d00000, 0x0000000080e00000, 0x0000000080e00000|100%| O|  |TAMS 0x0000000080e00000, 0x0000000080d00000| Updating 
|  14|0x0000000080e00000, 0x0000000080f00000, 0x0000000080f00000|100%| O|  |TAMS 0x0000000080f00000, 0x0000000080e00000| Updating 
|  15|0x0000000080f00000, 0x0000000081000000, 0x0000000081000000|100%| O|  |TAMS 0x0000000081000000, 0x0000000080f00000| Updating 
|  16|0x0000000081000000, 0x0000000081100000, 0x0000000081100000|100%|HS|  |TAMS 0x0000000081100000, 0x0000000081000000| Complete 
|  17|0x0000000081100000, 0x0000000081200000, 0x0000000081200000|100%| O|  |TAMS 0x0000000081200000, 0x0000000081100000| Updating 
|  18|0x0000000081200000, 0x0000000081300000, 0x0000000081300000|100%| O|  |TAMS 0x0000000081300000, 0x0000000081200000| Updating 
|  19|0x0000000081300000, 0x0000000081400000, 0x0000000081400000|100%| O|  |TAMS 0x0000000081400000, 0x0000000081300000| Updating 
|  20|0x0000000081400000, 0x0000000081500000, 0x0000000081500000|100%| O|  |TAMS 0x0000000081500000, 0x0000000081400000| Updating 
|  21|0x0000000081500000, 0x0000000081600000, 0x0000000081600000|100%| O|  |TAMS 0x0000000081600000, 0x0000000081500000| Updating 
|  22|0x0000000081600000, 0x0000000081700000, 0x0000000081700000|100%| O|  |TAMS 0x0000000081700000, 0x0000000081600000| Updating 
|  23|0x0000000081700000, 0x0000000081800000, 0x0000000081800000|100%| O|  |TAMS 0x0000000081800000, 0x0000000081700000| Updating 
|  24|0x0000000081800000, 0x0000000081900000, 0x0000000081900000|100%|HS|  |TAMS 0x0000000081900000, 0x0000000081800000| Complete 
|  25|0x0000000081900000, 0x0000000081a00000, 0x0000000081a00000|100%|HC|  |TAMS 0x0000000081a00000, 0x0000000081900000| Complete 
|  26|0x0000000081a00000, 0x0000000081b00000, 0x0000000081b00000|100%|HC|  |TAMS 0x0000000081b00000, 0x0000000081a00000| Complete 
|  27|0x0000000081b00000, 0x0000000081c00000, 0x0000000081c00000|100%| O|  |TAMS 0x0000000081c00000, 0x0000000081b00000| Updating 
|  28|0x0000000081c00000, 0x0000000081d00000, 0x0000000081d00000|100%| O|  |TAMS 0x0000000081d00000, 0x0000000081c00000| Updating 
|  29|0x0000000081d00000, 0x0000000081e00000, 0x0000000081e00000|100%| O|  |TAMS 0x0000000081e00000, 0x0000000081d00000| Updating 
|  30|0x0000000081e00000, 0x0000000081f00000, 0x0000000081f00000|100%| O|  |TAMS 0x0000000081f00000, 0x0000000081e00000| Updating 
|  31|0x0000000081f00000, 0x0000000082000000, 0x0000000082000000|100%| O|  |TAMS 0x0000000082000000, 0x0000000081f00000| Updating 
|  32|0x0000000082000000, 0x0000000082100000, 0x0000000082100000|100%| O|  |TAMS 0x0000000082100000, 0x0000000082000000| Updating 
|  33|0x0000000082100000, 0x0000000082200000, 0x0000000082200000|100%| O|  |TAMS 0x0000000082200000, 0x0000000082100000| Updating 
|  34|0x0000000082200000, 0x0000000082300000, 0x0000000082300000|100%| O|  |TAMS 0x0000000082300000, 0x0000000082200000| Updating 
|  35|0x0000000082300000, 0x0000000082400000, 0x0000000082400000|100%| O|  |TAMS 0x0000000082400000, 0x0000000082300000| Updating 
|  36|0x0000000082400000, 0x0000000082500000, 0x0000000082500000|100%| O|  |TAMS 0x0000000082500000, 0x0000000082400000| Updating 
|  37|0x0000000082500000, 0x0000000082600000, 0x0000000082600000|100%| O|  |TAMS 0x0000000082600000, 0x0000000082500000| Updating 
|  38|0x0000000082600000, 0x0000000082700000, 0x0000000082700000|100%| O|  |TAMS 0x0000000082700000, 0x0000000082600000| Updating 
|  39|0x0000000082700000, 0x0000000082800000, 0x0000000082800000|100%|HS|  |TAMS 0x0000000082800000, 0x0000000082700000| Complete 
|  40|0x0000000082800000, 0x0000000082900000, 0x0000000082900000|100%|HS|  |TAMS 0x0000000082900000, 0x0000000082800000| Complete 
|  41|0x0000000082900000, 0x0000000082a00000, 0x0000000082a00000|100%|HS|  |TAMS 0x0000000082a00000, 0x0000000082900000| Complete 
|  42|0x0000000082a00000, 0x0000000082b00000, 0x0000000082b00000|100%|HC|  |TAMS 0x0000000082b00000, 0x0000000082a00000| Complete 
|  43|0x0000000082b00000, 0x0000000082c00000, 0x0000000082c00000|100%| O|  |TAMS 0x0000000082c00000, 0x0000000082b00000| Updating 
|  44|0x0000000082c00000, 0x0000000082d00000, 0x0000000082d00000|100%| O|  |TAMS 0x0000000082d00000, 0x0000000082c00000| Updating 
|  45|0x0000000082d00000, 0x0000000082e00000, 0x0000000082e00000|100%| O|  |TAMS 0x0000000082e00000, 0x0000000082d00000| Updating 
|  46|0x0000000082e00000, 0x0000000082f00000, 0x0000000082f00000|100%| O|  |TAMS 0x0000000082f00000, 0x0000000082e00000| Updating 
|  47|0x0000000082f00000, 0x0000000083000000, 0x0000000083000000|100%| O|  |TAMS 0x0000000083000000, 0x0000000082f00000| Updating 
|  48|0x0000000083000000, 0x0000000083100000, 0x0000000083100000|100%| O|  |TAMS 0x0000000083100000, 0x0000000083000000| Updating 
|  49|0x0000000083100000, 0x0000000083200000, 0x0000000083200000|100%| O|  |TAMS 0x0000000083200000, 0x0000000083100000| Updating 
|  50|0x0000000083200000, 0x0000000083300000, 0x0000000083300000|100%| O|  |TAMS 0x0000000083300000, 0x0000000083200000| Updating 
|  51|0x0000000083300000, 0x0000000083400000, 0x0000000083400000|100%| O|  |TAMS 0x0000000083400000, 0x0000000083300000| Updating 
|  52|0x0000000083400000, 0x0000000083500000, 0x0000000083500000|100%| O|  |TAMS 0x0000000083500000, 0x0000000083400000| Updating 
|  53|0x0000000083500000, 0x0000000083600000, 0x0000000083600000|100%| O|  |TAMS 0x0000000083600000, 0x0000000083500000| Updating 
|  54|0x0000000083600000, 0x0000000083700000, 0x0000000083700000|100%| O|  |TAMS 0x0000000083700000, 0x0000000083600000| Updating 
|  55|0x0000000083700000, 0x0000000083800000, 0x0000000083800000|100%| O|  |TAMS 0x0000000083800000, 0x0000000083700000| Updating 
|  56|0x0000000083800000, 0x0000000083900000, 0x0000000083900000|100%| O|  |TAMS 0x0000000083900000, 0x0000000083800000| Updating 
|  57|0x0000000083900000, 0x0000000083a00000, 0x0000000083a00000|100%| O|  |TAMS 0x0000000083a00000, 0x0000000083900000| Updating 
|  58|0x0000000083a00000, 0x0000000083b00000, 0x0000000083b00000|100%| O|  |TAMS 0x0000000083b00000, 0x0000000083a00000| Updating 
|  59|0x0000000083b00000, 0x0000000083c00000, 0x0000000083c00000|100%| O|  |TAMS 0x0000000083c00000, 0x0000000083b00000| Updating 
|  60|0x0000000083c00000, 0x0000000083d00000, 0x0000000083d00000|100%| O|  |TAMS 0x0000000083d00000, 0x0000000083c00000| Updating 
|  61|0x0000000083d00000, 0x0000000083e00000, 0x0000000083e00000|100%| O|  |TAMS 0x0000000083e00000, 0x0000000083d00000| Updating 
|  62|0x0000000083e00000, 0x0000000083f00000, 0x0000000083f00000|100%| O|  |TAMS 0x0000000083f00000, 0x0000000083e00000| Updating 
|  63|0x0000000083f00000, 0x0000000084000000, 0x0000000084000000|100%| O|  |TAMS 0x0000000084000000, 0x0000000083f00000| Updating 
|  64|0x0000000084000000, 0x0000000084100000, 0x0000000084100000|100%| O|  |TAMS 0x0000000084100000, 0x0000000084000000| Updating 
|  65|0x0000000084100000, 0x0000000084200000, 0x0000000084200000|100%| O|  |TAMS 0x0000000084200000, 0x0000000084100000| Updating 
|  66|0x0000000084200000, 0x0000000084300000, 0x0000000084300000|100%| O|  |TAMS 0x0000000084300000, 0x0000000084200000| Updating 
|  67|0x0000000084300000, 0x0000000084400000, 0x0000000084400000|100%| O|  |TAMS 0x0000000084400000, 0x0000000084300000| Updating 
|  68|0x0000000084400000, 0x0000000084500000, 0x0000000084500000|100%| O|  |TAMS 0x0000000084500000, 0x0000000084400000| Updating 
|  69|0x0000000084500000, 0x0000000084600000, 0x0000000084600000|100%| O|  |TAMS 0x0000000084600000, 0x0000000084500000| Updating 
|  70|0x0000000084600000, 0x0000000084700000, 0x0000000084700000|100%| O|  |TAMS 0x0000000084700000, 0x0000000084600000| Updating 
|  71|0x0000000084700000, 0x0000000084800000, 0x0000000084800000|100%| O|  |TAMS 0x0000000084800000, 0x0000000084700000| Updating 
|  72|0x0000000084800000, 0x0000000084900000, 0x0000000084900000|100%| O|  |TAMS 0x0000000084900000, 0x0000000084800000| Updating 
|  73|0x0000000084900000, 0x0000000084a00000, 0x0000000084a00000|100%| O|  |TAMS 0x0000000084a00000, 0x0000000084900000| Updating 
|  74|0x0000000084a00000, 0x0000000084b00000, 0x0000000084b00000|100%| O|  |TAMS 0x0000000084b00000, 0x0000000084a00000| Updating 
|  75|0x0000000084b00000, 0x0000000084c00000, 0x0000000084c00000|100%| O|  |TAMS 0x0000000084c00000, 0x0000000084b00000| Updating 
|  76|0x0000000084c00000, 0x0000000084d00000, 0x0000000084d00000|100%| O|  |TAMS 0x0000000084d00000, 0x0000000084c00000| Updating 
|  77|0x0000000084d00000, 0x0000000084e00000, 0x0000000084e00000|100%| O|  |TAMS 0x0000000084e00000, 0x0000000084d00000| Updating 
|  78|0x0000000084e00000, 0x0000000084f00000, 0x0000000084f00000|100%| O|  |TAMS 0x0000000084f00000, 0x0000000084e00000| Updating 
|  79|0x0000000084f00000, 0x0000000085000000, 0x0000000085000000|100%| O|  |TAMS 0x0000000085000000, 0x0000000084f00000| Updating 
|  80|0x0000000085000000, 0x0000000085100000, 0x0000000085100000|100%| O|  |TAMS 0x0000000085100000, 0x0000000085000000| Updating 
|  81|0x0000000085100000, 0x0000000085200000, 0x0000000085200000|100%| O|  |TAMS 0x0000000085200000, 0x0000000085100000| Updating 
|  82|0x0000000085200000, 0x0000000085300000, 0x0000000085300000|100%| O|  |TAMS 0x0000000085300000, 0x0000000085200000| Updating 
|  83|0x0000000085300000, 0x0000000085400000, 0x0000000085400000|100%| O|  |TAMS 0x0000000085400000, 0x0000000085300000| Updating 
|  84|0x0000000085400000, 0x0000000085500000, 0x0000000085500000|100%| O|  |TAMS 0x0000000085500000, 0x0000000085400000| Updating 
|  85|0x0000000085500000, 0x0000000085600000, 0x0000000085600000|100%| O|  |TAMS 0x0000000085600000, 0x0000000085500000| Updating 
|  86|0x0000000085600000, 0x0000000085700000, 0x0000000085700000|100%| O|  |TAMS 0x0000000085700000, 0x0000000085600000| Updating 
|  87|0x0000000085700000, 0x0000000085800000, 0x0000000085800000|100%| O|  |TAMS 0x0000000085800000, 0x0000000085700000| Updating 
|  88|0x0000000085800000, 0x0000000085900000, 0x0000000085900000|100%| O|  |TAMS 0x0000000085900000, 0x0000000085800000| Updating 
|  89|0x0000000085900000, 0x0000000085a00000, 0x0000000085a00000|100%| O|  |TAMS 0x0000000085a00000, 0x0000000085900000| Updating 
|  90|0x0000000085a00000, 0x0000000085b00000, 0x0000000085b00000|100%| O|  |TAMS 0x0000000085b00000, 0x0000000085a00000| Updating 
|  91|0x0000000085b00000, 0x0000000085c00000, 0x0000000085c00000|100%| O|  |TAMS 0x0000000085c00000, 0x0000000085b00000| Updating 
|  92|0x0000000085c00000, 0x0000000085d00000, 0x0000000085d00000|100%| O|  |TAMS 0x0000000085d00000, 0x0000000085c00000| Updating 
|  93|0x0000000085d00000, 0x0000000085e00000, 0x0000000085e00000|100%| O|  |TAMS 0x0000000085e00000, 0x0000000085d00000| Updating 
|  94|0x0000000085e00000, 0x0000000085f00000, 0x0000000085f00000|100%| O|  |TAMS 0x0000000085f00000, 0x0000000085e00000| Updating 
|  95|0x0000000085f00000, 0x0000000086000000, 0x0000000086000000|100%|HS|  |TAMS 0x0000000086000000, 0x0000000085f00000| Complete 
|  96|0x0000000086000000, 0x0000000086100000, 0x0000000086100000|100%|HC|  |TAMS 0x0000000086100000, 0x0000000086000000| Complete 
|  97|0x0000000086100000, 0x0000000086200000, 0x0000000086200000|100%| O|  |TAMS 0x0000000086200000, 0x0000000086100000| Updating 
|  98|0x0000000086200000, 0x0000000086300000, 0x0000000086300000|100%| O|  |TAMS 0x0000000086300000, 0x0000000086200000| Updating 
|  99|0x0000000086300000, 0x0000000086400000, 0x0000000086400000|100%| O|  |TAMS 0x0000000086400000, 0x0000000086300000| Updating 
| 100|0x0000000086400000, 0x0000000086500000, 0x0000000086500000|100%| O|  |TAMS 0x0000000086500000, 0x0000000086400000| Updating 
| 101|0x0000000086500000, 0x0000000086600000, 0x0000000086600000|100%| O|  |TAMS 0x0000000086600000, 0x0000000086500000| Updating 
| 102|0x0000000086600000, 0x0000000086700000, 0x0000000086700000|100%| O|  |TAMS 0x0000000086700000, 0x0000000086600000| Updating 
| 103|0x0000000086700000, 0x0000000086800000, 0x0000000086800000|100%| O|  |TAMS 0x0000000086800000, 0x0000000086700000| Updating 
| 104|0x0000000086800000, 0x0000000086900000, 0x0000000086900000|100%| O|  |TAMS 0x0000000086900000, 0x0000000086800000| Updating 
| 105|0x0000000086900000, 0x0000000086a00000, 0x0000000086a00000|100%| O|  |TAMS 0x0000000086a00000, 0x0000000086900000| Updating 
| 106|0x0000000086a00000, 0x0000000086b00000, 0x0000000086b00000|100%| O|  |TAMS 0x0000000086b00000, 0x0000000086a00000| Updating 
| 107|0x0000000086b00000, 0x0000000086c00000, 0x0000000086c00000|100%| O|  |TAMS 0x0000000086c00000, 0x0000000086b00000| Updating 
| 108|0x0000000086c00000, 0x0000000086d00000, 0x0000000086d00000|100%| O|  |TAMS 0x0000000086d00000, 0x0000000086c00000| Updating 
| 109|0x0000000086d00000, 0x0000000086e00000, 0x0000000086e00000|100%| O|  |TAMS 0x0000000086e00000, 0x0000000086d00000| Updating 
| 110|0x0000000086e00000, 0x0000000086f00000, 0x0000000086f00000|100%| O|  |TAMS 0x0000000086f00000, 0x0000000086e00000| Updating 
| 111|0x0000000086f00000, 0x0000000087000000, 0x0000000087000000|100%| O|  |TAMS 0x0000000087000000, 0x0000000086f00000| Updating 
| 112|0x0000000087000000, 0x0000000087100000, 0x0000000087100000|100%| O|  |TAMS 0x0000000087100000, 0x0000000087000000| Updating 
| 113|0x0000000087100000, 0x0000000087200000, 0x0000000087200000|100%| O|  |TAMS 0x0000000087200000, 0x0000000087100000| Updating 
| 114|0x0000000087200000, 0x0000000087300000, 0x0000000087300000|100%| O|  |TAMS 0x0000000087300000, 0x0000000087200000| Updating 
| 115|0x0000000087300000, 0x0000000087400000, 0x0000000087400000|100%| O|  |TAMS 0x0000000087400000, 0x0000000087300000| Updating 
| 116|0x0000000087400000, 0x0000000087500000, 0x0000000087500000|100%| O|  |TAMS 0x0000000087500000, 0x0000000087400000| Updating 
| 117|0x0000000087500000, 0x0000000087600000, 0x0000000087600000|100%| O|  |TAMS 0x0000000087600000, 0x0000000087500000| Updating 
| 118|0x0000000087600000, 0x0000000087700000, 0x0000000087700000|100%| O|  |TAMS 0x0000000087700000, 0x0000000087600000| Updating 
| 119|0x0000000087700000, 0x0000000087800000, 0x0000000087800000|100%| O|  |TAMS 0x0000000087800000, 0x0000000087700000| Updating 
| 120|0x0000000087800000, 0x0000000087900000, 0x0000000087900000|100%| O|  |TAMS 0x0000000087900000, 0x0000000087800000| Updating 
| 121|0x0000000087900000, 0x0000000087a00000, 0x0000000087a00000|100%| O|  |TAMS 0x0000000087a00000, 0x0000000087900000| Updating 
| 122|0x0000000087a00000, 0x0000000087b00000, 0x0000000087b00000|100%| O|  |TAMS 0x0000000087b00000, 0x0000000087a00000| Updating 
| 123|0x0000000087b00000, 0x0000000087c00000, 0x0000000087c00000|100%| O|  |TAMS 0x0000000087c00000, 0x0000000087b00000| Updating 
| 124|0x0000000087c00000, 0x0000000087d00000, 0x0000000087d00000|100%| O|  |TAMS 0x0000000087d00000, 0x0000000087c00000| Updating 
| 125|0x0000000087d00000, 0x0000000087e00000, 0x0000000087e00000|100%| O|  |TAMS 0x0000000087e00000, 0x0000000087d00000| Updating 
| 126|0x0000000087e00000, 0x0000000087f00000, 0x0000000087f00000|100%| O|  |TAMS 0x0000000087f00000, 0x0000000087e00000| Updating 
| 127|0x0000000087f00000, 0x0000000088000000, 0x0000000088000000|100%| O|  |TAMS 0x0000000088000000, 0x0000000087f00000| Updating 
| 128|0x0000000088000000, 0x0000000088100000, 0x0000000088100000|100%| O|  |TAMS 0x000000008808ec00, 0x0000000088000000| Updating 
| 129|0x0000000088100000, 0x0000000088200000, 0x0000000088200000|100%| O|  |TAMS 0x0000000088100000, 0x0000000088100000| Untracked 
| 130|0x0000000088200000, 0x0000000088300000, 0x0000000088300000|100%| O|  |TAMS 0x0000000088200000, 0x0000000088200000| Untracked 
| 131|0x0000000088300000, 0x0000000088400000, 0x0000000088400000|100%| O|  |TAMS 0x0000000088300000, 0x0000000088300000| Updating 
| 132|0x0000000088400000, 0x0000000088500000, 0x0000000088500000|100%| O|  |TAMS 0x0000000088400000, 0x0000000088400000| Untracked 
| 133|0x0000000088500000, 0x0000000088600000, 0x0000000088600000|100%| O|  |TAMS 0x0000000088500000, 0x0000000088500000| Untracked 
| 134|0x0000000088600000, 0x00000000886b1c00, 0x0000000088700000| 69%| O|  |TAMS 0x0000000088600000, 0x0000000088600000| Untracked 
| 135|0x0000000088700000, 0x0000000088700000, 0x0000000088800000|  0%| F|  |TAMS 0x0000000088700000, 0x0000000088700000| Untracked 
| 136|0x0000000088800000, 0x0000000088800000, 0x0000000088900000|  0%| F|  |TAMS 0x0000000088800000, 0x0000000088800000| Untracked 
| 137|0x0000000088900000, 0x0000000088900000, 0x0000000088a00000|  0%| F|  |TAMS 0x0000000088900000, 0x0000000088900000| Untracked 
| 138|0x0000000088a00000, 0x0000000088a00000, 0x0000000088b00000|  0%| F|  |TAMS 0x0000000088a00000, 0x0000000088a00000| Untracked 
| 139|0x0000000088b00000, 0x0000000088b00000, 0x0000000088c00000|  0%| F|  |TAMS 0x0000000088b00000, 0x0000000088b00000| Untracked 
| 140|0x0000000088c00000, 0x0000000088c00000, 0x0000000088d00000|  0%| F|  |TAMS 0x0000000088c00000, 0x0000000088c00000| Untracked 
| 141|0x0000000088d00000, 0x0000000088d00000, 0x0000000088e00000|  0%| F|  |TAMS 0x0000000088d00000, 0x0000000088d00000| Untracked 
| 142|0x0000000088e00000, 0x0000000088e00000, 0x0000000088f00000|  0%| F|  |TAMS 0x0000000088e00000, 0x0000000088e00000| Untracked 
| 143|0x0000000088f00000, 0x0000000088f00000, 0x0000000089000000|  0%| F|  |TAMS 0x0000000088f00000, 0x0000000088f00000| Untracked 
| 144|0x0000000089000000, 0x0000000089000000, 0x0000000089100000|  0%| F|  |TAMS 0x0000000089000000, 0x0000000089000000| Untracked 
| 145|0x0000000089100000, 0x0000000089100000, 0x0000000089200000|  0%| F|  |TAMS 0x0000000089100000, 0x0000000089100000| Untracked 
| 146|0x0000000089200000, 0x0000000089200000, 0x0000000089300000|  0%| F|  |TAMS 0x0000000089200000, 0x0000000089200000| Untracked 
| 147|0x0000000089300000, 0x0000000089300000, 0x0000000089400000|  0%| F|  |TAMS 0x0000000089300000, 0x0000000089300000| Untracked 
| 148|0x0000000089400000, 0x0000000089400000, 0x0000000089500000|  0%| F|  |TAMS 0x0000000089400000, 0x0000000089400000| Untracked 
| 149|0x0000000089500000, 0x0000000089500000, 0x0000000089600000|  0%| F|  |TAMS 0x0000000089500000, 0x0000000089500000| Untracked 
| 150|0x0000000089600000, 0x0000000089600000, 0x0000000089700000|  0%| F|  |TAMS 0x0000000089600000, 0x0000000089600000| Untracked 
| 151|0x0000000089700000, 0x0000000089700000, 0x0000000089800000|  0%| F|  |TAMS 0x0000000089700000, 0x0000000089700000| Untracked 
| 152|0x0000000089800000, 0x0000000089800000, 0x0000000089900000|  0%| F|  |TAMS 0x0000000089800000, 0x0000000089800000| Untracked 
| 153|0x0000000089900000, 0x0000000089900000, 0x0000000089a00000|  0%| F|  |TAMS 0x0000000089900000, 0x0000000089900000| Untracked 
| 154|0x0000000089a00000, 0x0000000089a00000, 0x0000000089b00000|  0%| F|  |TAMS 0x0000000089a00000, 0x0000000089a00000| Untracked 
| 155|0x0000000089b00000, 0x0000000089b00000, 0x0000000089c00000|  0%| F|  |TAMS 0x0000000089b00000, 0x0000000089b00000| Untracked 
| 156|0x0000000089c00000, 0x0000000089c00000, 0x0000000089d00000|  0%| F|  |TAMS 0x0000000089c00000, 0x0000000089c00000| Untracked 
| 157|0x0000000089d00000, 0x0000000089d00000, 0x0000000089e00000|  0%| F|  |TAMS 0x0000000089d00000, 0x0000000089d00000| Untracked 
| 158|0x0000000089e00000, 0x0000000089e00000, 0x0000000089f00000|  0%| F|  |TAMS 0x0000000089e00000, 0x0000000089e00000| Untracked 
| 159|0x0000000089f00000, 0x0000000089f00000, 0x000000008a000000|  0%| F|  |TAMS 0x0000000089f00000, 0x0000000089f00000| Untracked 
| 160|0x000000008a000000, 0x000000008a000000, 0x000000008a100000|  0%| F|  |TAMS 0x000000008a000000, 0x000000008a000000| Untracked 
| 161|0x000000008a100000, 0x000000008a1ae498, 0x000000008a200000| 68%| S|CS|TAMS 0x000000008a100000, 0x000000008a100000| Complete 
| 162|0x000000008a200000, 0x000000008a200000, 0x000000008a300000|  0%| F|  |TAMS 0x000000008a200000, 0x000000008a200000| Untracked 
| 163|0x000000008a300000, 0x000000008a300000, 0x000000008a400000|  0%| F|  |TAMS 0x000000008a300000, 0x000000008a300000| Untracked 
| 164|0x000000008a400000, 0x000000008a400000, 0x000000008a500000|  0%| F|  |TAMS 0x000000008a400000, 0x000000008a400000| Untracked 
| 165|0x000000008a500000, 0x000000008a600000, 0x000000008a600000|100%| S|CS|TAMS 0x000000008a500000, 0x000000008a500000| Complete 
| 166|0x000000008a600000, 0x000000008a700000, 0x000000008a700000|100%| S|CS|TAMS 0x000000008a600000, 0x000000008a600000| Complete 
| 167|0x000000008a700000, 0x000000008a700000, 0x000000008a800000|  0%| F|  |TAMS 0x000000008a700000, 0x000000008a700000| Untracked 
| 168|0x000000008a800000, 0x000000008a800000, 0x000000008a900000|  0%| F|  |TAMS 0x000000008a800000, 0x000000008a800000| Untracked 
| 169|0x000000008a900000, 0x000000008a900000, 0x000000008aa00000|  0%| F|  |TAMS 0x000000008a900000, 0x000000008a900000| Untracked 
| 170|0x000000008aa00000, 0x000000008aa00000, 0x000000008ab00000|  0%| F|  |TAMS 0x000000008aa00000, 0x000000008aa00000| Untracked 
| 171|0x000000008ab00000, 0x000000008ab00000, 0x000000008ac00000|  0%| F|  |TAMS 0x000000008ab00000, 0x000000008ab00000| Untracked 
| 172|0x000000008ac00000, 0x000000008ac00000, 0x000000008ad00000|  0%| F|  |TAMS 0x000000008ac00000, 0x000000008ac00000| Untracked 
| 173|0x000000008ad00000, 0x000000008ad00000, 0x000000008ae00000|  0%| F|  |TAMS 0x000000008ad00000, 0x000000008ad00000| Untracked 
| 174|0x000000008ae00000, 0x000000008ae00000, 0x000000008af00000|  0%| F|  |TAMS 0x000000008ae00000, 0x000000008ae00000| Untracked 
| 175|0x000000008af00000, 0x000000008af00000, 0x000000008b000000|  0%| F|  |TAMS 0x000000008af00000, 0x000000008af00000| Untracked 
| 176|0x000000008b000000, 0x000000008b000000, 0x000000008b100000|  0%| F|  |TAMS 0x000000008b000000, 0x000000008b000000| Untracked 
| 177|0x000000008b100000, 0x000000008b100000, 0x000000008b200000|  0%| F|  |TAMS 0x000000008b100000, 0x000000008b100000| Untracked 
| 178|0x000000008b200000, 0x000000008b200000, 0x000000008b300000|  0%| F|  |TAMS 0x000000008b200000, 0x000000008b200000| Untracked 
| 179|0x000000008b300000, 0x000000008b300000, 0x000000008b400000|  0%| F|  |TAMS 0x000000008b300000, 0x000000008b300000| Untracked 
| 180|0x000000008b400000, 0x000000008b400000, 0x000000008b500000|  0%| F|  |TAMS 0x000000008b400000, 0x000000008b400000| Untracked 
| 181|0x000000008b500000, 0x000000008b500000, 0x000000008b600000|  0%| F|  |TAMS 0x000000008b500000, 0x000000008b500000| Untracked 
| 182|0x000000008b600000, 0x000000008b600000, 0x000000008b700000|  0%| F|  |TAMS 0x000000008b600000, 0x000000008b600000| Untracked 
| 183|0x000000008b700000, 0x000000008b700000, 0x000000008b800000|  0%| F|  |TAMS 0x000000008b700000, 0x000000008b700000| Untracked 
| 184|0x000000008b800000, 0x000000008b800000, 0x000000008b900000|  0%| F|  |TAMS 0x000000008b800000, 0x000000008b800000| Untracked 

Card table byte_map: [0x0000014055700000,0x0000014055b00000] _byte_map_base: 0x0000014055300000

Marking Bits (Prev, Next): (CMBitMap*) 0x000001403dbe3bc8, (CMBitMap*) 0x000001403dbe3c00
 Prev Bits: [0x0000014055f00000, 0x0000014057f00000)
 Next Bits: [0x0000014057f00000, 0x0000014059f00000)

Polling page: 0x000001403ba50000

Metaspace:

Usage:
  Non-class:     92.28 MB capacity,    90.44 MB ( 98%) used,     1.53 MB (  2%) free+waste,   326.06 KB ( <1%) overhead. 
      Class:     14.68 MB capacity,    13.47 MB ( 92%) used,     1.06 MB (  7%) free+waste,   151.44 KB (  1%) overhead. 
       Both:    106.96 MB capacity,   103.91 MB ( 97%) used,     2.58 MB (  2%) free+waste,   477.50 KB ( <1%) overhead. 

Virtual space:
  Non-class space:       94.00 MB reserved,      92.33 MB ( 98%) committed 
      Class space:      504.00 MB reserved,      14.75 MB (  3%) committed 
             Both:      598.00 MB reserved,     107.08 MB ( 18%) committed 

Chunk freelists:
   Non-Class:  47.00 KB
       Class:  10.00 KB
        Both:  57.00 KB

MaxMetaspaceSize: 512.00 MB
CompressedClassSpaceSize: 504.00 MB
Initial GC threshold: 20.80 MB
Current GC threshold: 177.84 MB
CDS: off

CodeHeap 'non-profiled nmethods': size=120064Kb used=8641Kb max_used=8641Kb free=111422Kb
 bounds [0x000001404ddc0000, 0x000001404e640000, 0x0000014055300000]
CodeHeap 'profiled nmethods': size=120000Kb used=29601Kb max_used=29601Kb free=90398Kb
 bounds [0x0000014046890000, 0x0000014048580000, 0x000001404ddc0000]
CodeHeap 'non-nmethods': size=5696Kb used=2411Kb max_used=2477Kb free=3284Kb
 bounds [0x0000014046300000, 0x0000014046580000, 0x0000014046890000]
 total_blobs=13712 nmethods=12773 adapters=851
 compilation: enabled
              stopped_count=0, restarted_count=0
 full_count=0

Compilation events (20 events):
Event: 57.224 Thread 0x000001405cd42800 12875       3       com.android.tools.r8.graph.G0::a (138 bytes)
Event: 57.226 Thread 0x000001405cd42800 nmethod 12875 0x0000014048574e10 code [0x00000140485750c0, 0x0000014048575fc8]
Event: 57.227 Thread 0x000001405cd42800 12876       2       com.android.tools.r8.internal.g9::equals (60 bytes)
Event: 57.227 Thread 0x000001405cd42800 nmethod 12876 0x0000014048576610 code [0x00000140485767c0, 0x00000140485769b8]
Event: 57.285 Thread 0x000001405cd42800 12878       2       java.util.LinkedList$ListItr::previous (70 bytes)
Event: 57.286 Thread 0x000001405cd42800 nmethod 12878 0x0000014048576a90 code [0x0000014048576c80, 0x0000014048576ff8]
Event: 57.298 Thread 0x000001405cd42800 12880       2       com.android.tools.r8.internal.g7::a (17 bytes)
Event: 57.326 Thread 0x000001405cd42800 nmethod 12880 0x0000014048577190 code [0x0000014048577340, 0x0000014048577468]
Event: 57.326 Thread 0x000001405cd42800 12881       2       com.android.tools.r8.internal.E4::<init> (10 bytes)
Event: 57.326 Thread 0x000001405cd42800 nmethod 12881 0x0000014048577510 code [0x00000140485776c0, 0x00000140485777f8]
Event: 57.330 Thread 0x000001405cd42800 12883       2       com.android.tools.r8.internal.Ct::a (65 bytes)
Event: 57.330 Thread 0x000001405cd42800 nmethod 12883 0x0000014048577890 code [0x0000014048577a40, 0x0000014048577bb8]
Event: 57.341 Thread 0x000001405cd42800 12884       2       java.util.Collections$SetFromMap::contains (11 bytes)
Event: 57.342 Thread 0x000001405cd42800 nmethod 12884 0x0000014048577c90 code [0x0000014048577e40, 0x0000014048577f68]
Event: 57.342 Thread 0x000001405cd41800 nmethod 12831 0x000001404e626290 code [0x000001404e626c80, 0x000001404e62dd10]
Event: 57.342 Thread 0x000001405cd42800 12885       2       java.util.IdentityHashMap$IdentityHashMapIterator::hasNext (50 bytes)
Event: 57.343 Thread 0x000001405cd42800 nmethod 12885 0x0000014048578010 code [0x00000140485781c0, 0x0000014048578378]
Event: 57.343 Thread 0x000001405cd41800 12855 %     4       com.android.tools.r8.internal.U6::a @ 3180 (4191 bytes)
Event: 57.356 Thread 0x000001405cd42800 12887       1       com.android.tools.r8.internal.Gg::H0 (5 bytes)
Event: 57.356 Thread 0x000001405cd42800 nmethod 12887 0x000001404e630190 code [0x000001404e630340, 0x000001404e6303f8]

GC Heap History (20 events):
Event: 54.287 GC heap after
{Heap after GC invocations=32 (full 0):
 garbage-first heap   total 157696K, used 112175K [0x0000000080000000, 0x0000000100000000)
  region size 1024K, 4 young (4096K), 4 survivors (4096K)
 Metaspace       used 99714K, capacity 102539K, committed 102608K, reserved 606208K
  class space    used 12808K, capacity 13911K, committed 13952K, reserved 516096K
}
Event: 54.710 GC heap before
{Heap before GC invocations=32 (full 0):
 garbage-first heap   total 157696K, used 131631K [0x0000000080000000, 0x0000000100000000)
  region size 1024K, 24 young (24576K), 4 survivors (4096K)
 Metaspace       used 101676K, capacity 104563K, committed 104784K, reserved 608256K
  class space    used 13080K, capacity 14209K, committed 14336K, reserved 516096K
}
Event: 54.718 GC heap after
{Heap after GC invocations=33 (full 0):
 garbage-first heap   total 157696K, used 113150K [0x0000000080000000, 0x0000000100000000)
  region size 1024K, 3 young (3072K), 3 survivors (3072K)
 Metaspace       used 101676K, capacity 104563K, committed 104784K, reserved 608256K
  class space    used 13080K, capacity 14209K, committed 14336K, reserved 516096K
}
Event: 55.119 GC heap before
{Heap before GC invocations=33 (full 0):
 garbage-first heap   total 157696K, used 132606K [0x0000000080000000, 0x0000000100000000)
  region size 1024K, 22 young (22528K), 3 survivors (3072K)
 Metaspace       used 102167K, capacity 105051K, committed 105296K, reserved 608256K
  class space    used 13145K, capacity 14283K, committed 14336K, reserved 516096K
}
Event: 55.133 GC heap after
{Heap after GC invocations=34 (full 0):
 garbage-first heap   total 157696K, used 116736K [0x0000000080000000, 0x0000000100000000)
  region size 1024K, 3 young (3072K), 3 survivors (3072K)
 Metaspace       used 102167K, capacity 105051K, committed 105296K, reserved 608256K
  class space    used 13145K, capacity 14283K, committed 14336K, reserved 516096K
}
Event: 55.361 GC heap before
{Heap before GC invocations=35 (full 0):
 garbage-first heap   total 157696K, used 133120K [0x0000000080000000, 0x0000000100000000)
  region size 1024K, 19 young (19456K), 3 survivors (3072K)
 Metaspace       used 102510K, capacity 105422K, committed 105680K, reserved 608256K
  class space    used 13201K, capacity 14344K, committed 14464K, reserved 516096K
}
Event: 55.379 GC heap after
{Heap after GC invocations=36 (full 0):
 garbage-first heap   total 157696K, used 120260K [0x0000000080000000, 0x0000000100000000)
  region size 1024K, 3 young (3072K), 3 survivors (3072K)
 Metaspace       used 102510K, capacity 105422K, committed 105680K, reserved 608256K
  class space    used 13201K, capacity 14344K, committed 14464K, reserved 516096K
}
Event: 55.597 GC heap before
{Heap before GC invocations=36 (full 0):
 garbage-first heap   total 157696K, used 133572K [0x0000000080000000, 0x0000000100000000)
  region size 1024K, 16 young (16384K), 3 survivors (3072K)
 Metaspace       used 102892K, capacity 105819K, committed 105936K, reserved 608256K
  class space    used 13257K, capacity 14412K, committed 14464K, reserved 516096K
}
Event: 55.610 GC heap after
{Heap after GC invocations=37 (full 0):
 garbage-first heap   total 157696K, used 123846K [0x0000000080000000, 0x0000000100000000)
  region size 1024K, 2 young (2048K), 2 survivors (2048K)
 Metaspace       used 102892K, capacity 105819K, committed 105936K, reserved 608256K
  class space    used 13257K, capacity 14412K, committed 14464K, reserved 516096K
}
Event: 55.951 GC heap before
{Heap before GC invocations=37 (full 0):
 garbage-first heap   total 157696K, used 135110K [0x0000000080000000, 0x0000000100000000)
  region size 1024K, 13 young (13312K), 2 survivors (2048K)
 Metaspace       used 103212K, capacity 106109K, committed 106192K, reserved 608256K
  class space    used 13293K, capacity 14444K, committed 14464K, reserved 516096K
}
Event: 55.962 GC heap after
{Heap after GC invocations=38 (full 0):
 garbage-first heap   total 157696K, used 126344K [0x0000000080000000, 0x0000000100000000)
  region size 1024K, 2 young (2048K), 2 survivors (2048K)
 Metaspace       used 103212K, capacity 106109K, committed 106192K, reserved 608256K
  class space    used 13293K, capacity 14444K, committed 14464K, reserved 516096K
}
Event: 56.114 GC heap before
{Heap before GC invocations=38 (full 0):
 garbage-first heap   total 157696K, used 134536K [0x0000000080000000, 0x0000000100000000)
  region size 1024K, 11 young (11264K), 2 survivors (2048K)
 Metaspace       used 103833K, capacity 106706K, committed 107088K, reserved 610304K
  class space    used 13363K, capacity 14509K, committed 14592K, reserved 516096K
}
Event: 56.126 GC heap after
{Heap after GC invocations=39 (full 0):
 garbage-first heap   total 189440K, used 127920K [0x0000000080000000, 0x0000000100000000)
  region size 1024K, 2 young (2048K), 2 survivors (2048K)
 Metaspace       used 103833K, capacity 106706K, committed 107088K, reserved 610304K
  class space    used 13363K, capacity 14509K, committed 14592K, reserved 516096K
}
Event: 56.509 GC heap before
{Heap before GC invocations=40 (full 0):
 garbage-first heap   total 189440K, used 148400K [0x0000000080000000, 0x0000000100000000)
  region size 1024K, 22 young (22528K), 2 survivors (2048K)
 Metaspace       used 104406K, capacity 107408K, committed 107728K, reserved 610304K
  class space    used 13447K, capacity 14646K, committed 14720K, reserved 516096K
}
Event: 56.527 GC heap after
{Heap after GC invocations=41 (full 0):
 garbage-first heap   total 189440K, used 131498K [0x0000000080000000, 0x0000000100000000)
  region size 1024K, 3 young (3072K), 3 survivors (3072K)
 Metaspace       used 104406K, capacity 107408K, committed 107728K, reserved 610304K
  class space    used 13447K, capacity 14646K, committed 14720K, reserved 516096K
}
Event: 56.720 GC heap before
{Heap before GC invocations=41 (full 0):
 garbage-first heap   total 189440K, used 150954K [0x0000000080000000, 0x0000000100000000)
  region size 1024K, 22 young (22528K), 3 survivors (3072K)
 Metaspace       used 104694K, capacity 107673K, committed 107728K, reserved 610304K
  class space    used 13494K, capacity 14708K, committed 14720K, reserved 516096K
}
Event: 56.737 GC heap after
{Heap after GC invocations=42 (full 0):
 garbage-first heap   total 189440K, used 134715K [0x0000000080000000, 0x0000000100000000)
  region size 1024K, 3 young (3072K), 3 survivors (3072K)
 Metaspace       used 104694K, capacity 107673K, committed 107728K, reserved 610304K
  class space    used 13494K, capacity 14708K, committed 14720K, reserved 516096K
}
Event: 57.077 GC heap before
{Heap before GC invocations=42 (full 0):
 garbage-first heap   total 189440K, used 154171K [0x0000000080000000, 0x0000000100000000)
  region size 1024K, 22 young (22528K), 3 survivors (3072K)
 Metaspace       used 105560K, capacity 108635K, committed 108752K, reserved 610304K
  class space    used 13674K, capacity 14903K, committed 14976K, reserved 516096K
}
Event: 57.090 GC heap after
{Heap after GC invocations=43 (full 0):
 garbage-first heap   total 189440K, used 137848K [0x0000000080000000, 0x0000000100000000)
  region size 1024K, 3 young (3072K), 3 survivors (3072K)
 Metaspace       used 105560K, capacity 108635K, committed 108752K, reserved 610304K
  class space    used 13674K, capacity 14903K, committed 14976K, reserved 516096K
}
Event: 57.372 GC heap before
{Heap before GC invocations=43 (full 0):
 garbage-first heap   total 189440K, used 155256K [0x0000000080000000, 0x0000000100000000)
  region size 1024K, 21 young (21504K), 3 survivors (3072K)
 Metaspace       used 106406K, capacity 109527K, committed 109648K, reserved 612352K
  class space    used 13797K, capacity 15030K, committed 15104K, reserved 516096K
}

Deoptimization events (20 events):
Event: 56.753 Thread 0x000001406254d000 DEOPT PACKING pc=0x000001404e60e6a8 sp=0x0000002de07f9b80
Event: 56.753 Thread 0x000001406254d000 DEOPT UNPACKING pc=0x000001404634a1af sp=0x0000002de07f9ab0 mode 2
Event: 57.226 Thread 0x0000014062556000 DEOPT PACKING pc=0x0000014048567607 sp=0x0000002de15f92a0
Event: 57.226 Thread 0x0000014062556000 DEOPT UNPACKING pc=0x000001404634a95e sp=0x0000002de15f87c0 mode 0
Event: 57.278 Thread 0x0000014060f2f800 Uncommon trap: trap_request=0xffffffde fr.pc=0x000001404e60a46c relative=0x0000000000000cac
Event: 57.280 Thread 0x0000014060f2f800 Uncommon trap: reason=class_check action=maybe_recompile pc=0x000001404e60a46c method=java.util.Map.computeIfAbsent(Ljava/lang/Object;Ljava/util/function/Function;)Ljava/lang/Object; @ 7 c2
Event: 57.280 Thread 0x0000014060f2f800 DEOPT PACKING pc=0x000001404e60a46c sp=0x0000002ddf6f9b60
Event: 57.280 Thread 0x0000014060f2f800 DEOPT UNPACKING pc=0x000001404634a1af sp=0x0000002ddf6f9b88 mode 2
Event: 57.280 Thread 0x0000014060f2f800 Uncommon trap: trap_request=0xffffffde fr.pc=0x000001404e60a46c relative=0x0000000000000cac
Event: 57.281 Thread 0x0000014060f2f800 Uncommon trap: reason=class_check action=maybe_recompile pc=0x000001404e60a46c method=java.util.Map.computeIfAbsent(Ljava/lang/Object;Ljava/util/function/Function;)Ljava/lang/Object; @ 7 c2
Event: 57.282 Thread 0x0000014060f2f800 DEOPT PACKING pc=0x000001404e60a46c sp=0x0000002ddf6f9b60
Event: 57.282 Thread 0x0000014060f2f800 DEOPT UNPACKING pc=0x000001404634a1af sp=0x0000002ddf6f9b88 mode 2
Event: 57.282 Thread 0x0000014060f2f800 Uncommon trap: trap_request=0xffffffde fr.pc=0x000001404e60a46c relative=0x0000000000000cac
Event: 57.283 Thread 0x0000014060f2f800 Uncommon trap: reason=class_check action=maybe_recompile pc=0x000001404e60a46c method=java.util.Map.computeIfAbsent(Ljava/lang/Object;Ljava/util/function/Function;)Ljava/lang/Object; @ 7 c2
Event: 57.283 Thread 0x0000014060f2f800 DEOPT PACKING pc=0x000001404e60a46c sp=0x0000002ddf6f9b60
Event: 57.283 Thread 0x0000014060f2f800 DEOPT UNPACKING pc=0x000001404634a1af sp=0x0000002ddf6f9b88 mode 2
Event: 57.285 Thread 0x0000014060f2f800 Uncommon trap: trap_request=0xffffffde fr.pc=0x000001404e60a46c relative=0x0000000000000cac
Event: 57.285 Thread 0x0000014060f2f800 Uncommon trap: reason=class_check action=maybe_recompile pc=0x000001404e60a46c method=java.util.Map.computeIfAbsent(Ljava/lang/Object;Ljava/util/function/Function;)Ljava/lang/Object; @ 7 c2
Event: 57.286 Thread 0x0000014060f2f800 DEOPT PACKING pc=0x000001404e60a46c sp=0x0000002ddf6f9b60
Event: 57.286 Thread 0x0000014060f2f800 DEOPT UNPACKING pc=0x000001404634a1af sp=0x0000002ddf6f9b88 mode 2

Classes redefined (0 events):
No events

Internal exceptions (20 events):
Event: 53.536 Thread 0x0000014060cdc000 Exception <a 'java/lang/NoSuchMethodError'{0x0000000087d1ff50}: 'int java.lang.invoke.DirectMethodHandle$Holder.invokeSpecialIFC(java.lang.Object, java.lang.Object, java.lang.Object)'> (0x0000000087d1ff50) thrown at [./src/hotspot/share/interpreter/linkResolver.cpp, line 773]
Event: 54.047 Thread 0x000001406254d000 Exception <a 'sun/nio/fs/WindowsException'{0x0000000087a14058}> (0x0000000087a14058) thrown at [./src/hotspot/share/prims/jni.cpp, line 617]
Event: 54.094 Thread 0x0000014060f2f800 Exception <a 'sun/nio/fs/WindowsException'{0x00000000893046e8}> (0x00000000893046e8) thrown at [./src/hotspot/share/prims/jni.cpp, line 617]
Event: 54.358 Thread 0x0000014062556000 Exception <a 'sun/nio/fs/WindowsException'{0x00000000891d7810}> (0x00000000891d7810) thrown at [./src/hotspot/share/prims/jni.cpp, line 617]
Event: 54.449 Thread 0x0000014062556000 Exception <a 'java/lang/NoSuchMethodError'{0x0000000088e26a48}: 'java.lang.Object java.lang.invoke.DirectMethodHandle$Holder.invokeStatic(java.lang.Object, java.lang.Object, java.lang.Object, java.lang.Object, java.lang.Object, java.lang.Object, java.lang.Object, java.lang.Object, java.lang.Object, java.lang.Object, java.lang.Object, java.lang.Object, java.lang.Object, java.lang.Object, java.lang.Object, java.lang.Object, java.lang.Object, java.lang.Object, int, java.lang.Object)'> (0x0000000088e26a48) thr
Event: 54.450 Thread 0x0000014062556000 Exception <a 'java/lang/NoSuchMethodError'{0x0000000088e2cd10}: 'java.lang.Object java.lang.invoke.DirectMethodHandle$Holder.invokeStaticInit(java.lang.Object, java.lang.Object, java.lang.Object, java.lang.Object, java.lang.Object, java.lang.Object, java.lang.Object, java.lang.Object, java.lang.Object, java.lang.Object, java.lang.Object, java.lang.Object, java.lang.Object, java.lang.Object, java.lang.Object, java.lang.Object, java.lang.Object, java.lang.Object, int, java.lang.Object)'> (0x0000000088e2cd10)
Event: 54.497 Thread 0x000001406254d000 Exception <a 'java/lang/IncompatibleClassChangeError'{0x0000000088d44f80}: Found class java.lang.Object, but interface was expected> (0x0000000088d44f80) thrown at [./src/hotspot/share/interpreter/linkResolver.cpp, line 839]
Event: 54.497 Thread 0x0000014060f2f800 Exception <a 'java/lang/IncompatibleClassChangeError'{0x0000000088ec1318}: Found class java.lang.Object, but interface was expected> (0x0000000088ec1318) thrown at [./src/hotspot/share/interpreter/linkResolver.cpp, line 839]
Event: 54.930 Thread 0x000001406254d000 Exception <a 'java/lang/NoSuchMethodError'{0x000000008930e7c0}: 'int java.lang.invoke.DirectMethodHandle$Holder.invokeVirtual(java.lang.Object, java.lang.Object, java.lang.Object, java.lang.Object)'> (0x000000008930e7c0) thrown at [./src/hotspot/share/interpreter/linkResolver.cpp, line 773]
Event: 54.952 Thread 0x000001406254d000 Exception <a 'java/lang/NoSuchMethodError'{0x000000008921aff8}: 'long java.lang.invoke.DirectMethodHandle$Holder.invokeStatic(java.lang.Object, java.lang.Object)'> (0x000000008921aff8) thrown at [./src/hotspot/share/interpreter/linkResolver.cpp, line 773]
Event: 55.248 Thread 0x0000014060f2f800 Exception <a 'java/lang/IncompatibleClassChangeError'{0x00000000896bb298}: Found class java.lang.Object, but interface was expected> (0x00000000896bb298) thrown at [./src/hotspot/share/interpreter/linkResolver.cpp, line 839]
Event: 55.249 Thread 0x0000014060f2f800 Exception <a 'java/lang/NoSuchMethodError'{0x0000000089500cd8}: 'java.lang.Object java.lang.invoke.DirectMethodHandle$Holder.newInvokeSpecial(java.lang.Object, int)'> (0x0000000089500cd8) thrown at [./src/hotspot/share/interpreter/linkResolver.cpp, line 773]
Event: 55.259 Thread 0x000001406254d000 Exception <a 'java/lang/NoSuchMethodError'{0x000000008969dbd8}: 'java.lang.Object java.lang.invoke.DirectMethodHandle$Holder.newInvokeSpecial(java.lang.Object, int)'> (0x000000008969dbd8) thrown at [./src/hotspot/share/interpreter/linkResolver.cpp, line 773]
Event: 55.273 Thread 0x000001406254d000 Exception <a 'java/lang/IncompatibleClassChangeError'{0x00000000896a3068}: Found class java.lang.Object, but interface was expected> (0x00000000896a3068) thrown at [./src/hotspot/share/interpreter/linkResolver.cpp, line 839]
Event: 55.273 Thread 0x0000014060f2f800 Exception <a 'java/lang/IncompatibleClassChangeError'{0x000000008950cf60}: Found class java.lang.Object, but interface was expected> (0x000000008950cf60) thrown at [./src/hotspot/share/interpreter/linkResolver.cpp, line 839]
Event: 55.279 Thread 0x0000014060f2f800 Exception <a 'java/lang/IncompatibleClassChangeError'{0x00000000895edf40}: Found class java.lang.Object, but interface was expected> (0x00000000895edf40) thrown at [./src/hotspot/share/interpreter/linkResolver.cpp, line 839]
Event: 55.345 Thread 0x0000014060f2f800 Exception <a 'java/lang/IncompatibleClassChangeError'{0x0000000088b8f5f8}: Found class java.lang.Object, but interface was expected> (0x0000000088b8f5f8) thrown at [./src/hotspot/share/interpreter/linkResolver.cpp, line 839]
Event: 56.278 Thread 0x000001406254d000 Exception <a 'java/lang/NoSuchMethodError'{0x000000008b177bc8}: 'java.lang.Object java.lang.invoke.DirectMethodHandle$Holder.invokeStatic(java.lang.Object, int, java.lang.Object, java.lang.Object)'> (0x000000008b177bc8) thrown at [./src/hotspot/share/interpreter/linkResolver.cpp, line 773]
Event: 56.979 Thread 0x0000014060f2f800 Exception <a 'java/lang/NoSuchMethodError'{0x000000008b7f7688}: 'java.lang.Object java.lang.invoke.DirectMethodHandle$Holder.invokeVirtual(java.lang.Object, java.lang.Object, int, java.lang.Object)'> (0x000000008b7f7688) thrown at [./src/hotspot/share/interpreter/linkResolver.cpp, line 773]
Event: 57.137 Thread 0x0000014060f2f800 Exception <a 'java/lang/NoSuchMethodError'{0x000000008b50caf0}: 'void java.lang.invoke.DirectMethodHandle$Holder.invokeVirtual(java.lang.Object, java.lang.Object, int, java.lang.Object)'> (0x000000008b50caf0) thrown at [./src/hotspot/share/interpreter/linkResolver.cpp, line 773]

Events (20 events):
Event: 57.361 loading class com/android/tools/r8/ir/regalloc/a done
Event: 57.362 loading class com/android/tools/r8/code/u1
Event: 57.362 loading class com/android/tools/r8/code/u1 done
Event: 57.363 loading class com/android/tools/r8/internal/da
Event: 57.363 loading class com/android/tools/r8/internal/da done
Event: 57.363 loading class com/android/tools/r8/code/Z0
Event: 57.363 loading class com/android/tools/r8/code/Z0 done
Event: 57.364 loading class com/android/tools/r8/code/w0
Event: 57.364 loading class com/android/tools/r8/code/w0 done
Event: 57.367 loading class com/android/tools/r8/graph/H
Event: 57.367 loading class com/android/tools/r8/graph/H done
Event: 57.367 Executing VM operation: G1CollectForAllocation
Event: 57.367 loading class com/android/tools/r8/ir/regalloc/b
Event: 57.367 loading class com/android/tools/r8/ir/regalloc/b done
Event: 57.368 loading class com/android/tools/r8/ir/regalloc/b
Event: 57.368 loading class com/android/tools/r8/ir/regalloc/b done
Event: 57.368 loading class com/android/tools/r8/ir/regalloc/a
Event: 57.368 loading class com/android/tools/r8/ir/regalloc/a done
Event: 57.368 loading class com/android/tools/r8/ir/regalloc/b
Event: 57.368 loading class com/android/tools/r8/ir/regalloc/b done


Dynamic libraries:
0x00007ff70e300000 - 0x00007ff70e30d000 	C:\Program Files\OpenJDK\openjdk-11.0.15_10\bin\java.exe
0x00007ff9caeb0000 - 0x00007ff9cb0a7000 	C:\WINDOWS\SYSTEM32\ntdll.dll
0x00007ff9cac10000 - 0x00007ff9caccd000 	C:\WINDOWS\System32\KERNEL32.DLL
0x00007ff9c8810000 - 0x00007ff9c8add000 	C:\WINDOWS\System32\KERNELBASE.dll
0x00007ff9c8c80000 - 0x00007ff9c8d80000 	C:\WINDOWS\System32\ucrtbase.dll
0x00007ff9a56f0000 - 0x00007ff9a5706000 	C:\Program Files\OpenJDK\openjdk-11.0.15_10\bin\VCRUNTIME140.dll
0x00007ff9a5610000 - 0x00007ff9a5628000 	C:\Program Files\OpenJDK\openjdk-11.0.15_10\bin\jli.dll
0x00007ff9c9d10000 - 0x00007ff9c9eb0000 	C:\WINDOWS\System32\USER32.dll
0x00007ff9b8a90000 - 0x00007ff9b8d2a000 	C:\WINDOWS\WinSxS\amd64_microsoft.windows.common-controls_6595b64144ccf1df_6.0.19041.1110_none_60b5254171f9507e\COMCTL32.dll
0x00007ff9c8680000 - 0x00007ff9c86a2000 	C:\WINDOWS\System32\win32u.dll
0x00007ff9ca2f0000 - 0x00007ff9ca38e000 	C:\WINDOWS\System32\msvcrt.dll
0x00007ff9ca2c0000 - 0x00007ff9ca2ea000 	C:\WINDOWS\System32\GDI32.dll
0x00007ff9c8ae0000 - 0x00007ff9c8beb000 	C:\WINDOWS\System32\gdi32full.dll
0x00007ff9c8720000 - 0x00007ff9c87bd000 	C:\WINDOWS\System32\msvcp_win.dll
0x00007ff9c8f10000 - 0x00007ff9c8f40000 	C:\WINDOWS\System32\IMM32.DLL
0x00007ff989b40000 - 0x00007ff989bea000 	C:\Program Files\OpenJDK\openjdk-11.0.15_10\bin\msvcp140.dll
0x00007ff978240000 - 0x00007ff978d91000 	C:\Program Files\OpenJDK\openjdk-11.0.15_10\bin\server\jvm.dll
0x00007ff9c9560000 - 0x00007ff9c960e000 	C:\WINDOWS\System32\ADVAPI32.dll
0x00007ff9ca080000 - 0x00007ff9ca11c000 	C:\WINDOWS\System32\sechost.dll
0x00007ff9c9b30000 - 0x00007ff9c9c55000 	C:\WINDOWS\System32\RPCRT4.dll
0x00007ff9c9f10000 - 0x00007ff9c9f18000 	C:\WINDOWS\System32\PSAPI.DLL
0x00007ff9c02a0000 - 0x00007ff9c02a9000 	C:\WINDOWS\SYSTEM32\WSOCK32.dll
0x00007ff9bb4b0000 - 0x00007ff9bb4d7000 	C:\WINDOWS\SYSTEM32\WINMM.dll
0x00007ff9cacd0000 - 0x00007ff9cad3b000 	C:\WINDOWS\System32\WS2_32.dll
0x00007ff9bf190000 - 0x00007ff9bf19a000 	C:\WINDOWS\SYSTEM32\VERSION.dll
0x00007ff9c6eb0000 - 0x00007ff9c6ec2000 	C:\WINDOWS\SYSTEM32\kernel.appcore.dll
0x00007ff9a51a0000 - 0x00007ff9a51b1000 	C:\Program Files\OpenJDK\openjdk-11.0.15_10\bin\verify.dll
0x00007ff9c6b70000 - 0x00007ff9c6d54000 	C:\WINDOWS\SYSTEM32\DBGHELP.DLL
0x00007ff9c25c0000 - 0x00007ff9c25ec000 	C:\WINDOWS\SYSTEM32\dbgcore.DLL
0x00007ff9c8bf0000 - 0x00007ff9c8c72000 	C:\WINDOWS\System32\bcryptPrimitives.dll
0x00007ff9a5170000 - 0x00007ff9a5199000 	C:\Program Files\OpenJDK\openjdk-11.0.15_10\bin\java.dll
0x00007ff9a9a10000 - 0x00007ff9a9a1a000 	C:\Program Files\OpenJDK\openjdk-11.0.15_10\bin\jimage.dll
0x00007ff9a3bf0000 - 0x00007ff9a3c08000 	C:\Program Files\OpenJDK\openjdk-11.0.15_10\bin\zip.dll
0x00007ff9ca440000 - 0x00007ff9cab84000 	C:\WINDOWS\System32\SHELL32.dll
0x00007ff9c63d0000 - 0x00007ff9c6b64000 	C:\WINDOWS\SYSTEM32\windows.storage.dll
0x00007ff9c9690000 - 0x00007ff9c99e4000 	C:\WINDOWS\System32\combase.dll
0x00007ff9c8030000 - 0x00007ff9c805c000 	C:\WINDOWS\SYSTEM32\Wldp.dll
0x00007ff9ca390000 - 0x00007ff9ca43d000 	C:\WINDOWS\System32\SHCORE.dll
0x00007ff9c9eb0000 - 0x00007ff9c9f05000 	C:\WINDOWS\System32\shlwapi.dll
0x00007ff9c8510000 - 0x00007ff9c852f000 	C:\WINDOWS\SYSTEM32\profapi.dll
0x00007ff9a3bd0000 - 0x00007ff9a3be9000 	C:\Program Files\OpenJDK\openjdk-11.0.15_10\bin\net.dll
0x00007ff9c00d0000 - 0x00007ff9c01da000 	C:\WINDOWS\SYSTEM32\WINHTTP.dll
0x00007ff9c7d90000 - 0x00007ff9c7dfa000 	C:\WINDOWS\system32\mswsock.dll
0x00007ff9a31a0000 - 0x00007ff9a31b3000 	C:\Program Files\OpenJDK\openjdk-11.0.15_10\bin\nio.dll
0x00007ff9c3dc0000 - 0x00007ff9c3de7000 	C:\Users\Tom\.gradle\native\e1d6ef7f7dcc3fd88c89a11ec53ec762bb8ba0a96d01ffa2cd45eb1d1d8dd5c5\windows-amd64\native-platform.dll
0x00007ff998f60000 - 0x00007ff9990a4000 	C:\Users\Tom\.gradle\native\5664cfc778a61ccfe75a443a1ab52a65af34e5dc3c78e0209fed803814484fcb\windows-amd64\native-platform-file-events.dll
0x00007ff9a9a20000 - 0x00007ff9a9a29000 	C:\Program Files\OpenJDK\openjdk-11.0.15_10\bin\management.dll
0x00007ff9a6560000 - 0x00007ff9a656c000 	C:\Program Files\OpenJDK\openjdk-11.0.15_10\bin\management_ext.dll
0x00007ff9c7f80000 - 0x00007ff9c7f98000 	C:\WINDOWS\SYSTEM32\CRYPTSP.dll
0x00007ff9c7640000 - 0x00007ff9c7674000 	C:\WINDOWS\system32\rsaenh.dll
0x00007ff9c8d80000 - 0x00007ff9c8da7000 	C:\WINDOWS\System32\bcrypt.dll
0x00007ff9c8490000 - 0x00007ff9c84be000 	C:\WINDOWS\SYSTEM32\USERENV.dll
0x00007ff9c7fa0000 - 0x00007ff9c7fac000 	C:\WINDOWS\SYSTEM32\CRYPTBASE.dll
0x00007ff9c7a30000 - 0x00007ff9c7a6b000 	C:\WINDOWS\SYSTEM32\IPHLPAPI.DLL
0x00007ff9cad40000 - 0x00007ff9cad48000 	C:\WINDOWS\System32\NSI.dll
0x00007ff9c0490000 - 0x00007ff9c04a7000 	C:\WINDOWS\SYSTEM32\dhcpcsvc6.DLL
0x00007ff9c0eb0000 - 0x00007ff9c0ecd000 	C:\WINDOWS\SYSTEM32\dhcpcsvc.DLL
0x00007ff9c7ac0000 - 0x00007ff9c7b8b000 	C:\WINDOWS\SYSTEM32\DNSAPI.dll

dbghelp: loaded successfully - version: 4.0.5 - missing functions: none
symbol engine: initialized successfully - sym options: 0x614 - pdb path: .;C:\Program Files\OpenJDK\openjdk-11.0.15_10\bin;C:\WINDOWS\SYSTEM32;C:\WINDOWS\WinSxS\amd64_microsoft.windows.common-controls_6595b64144ccf1df_6.0.19041.1110_none_60b5254171f9507e;C:\Program Files\OpenJDK\openjdk-11.0.15_10\bin\server;C:\Users\Tom\.gradle\native\e1d6ef7f7dcc3fd88c89a11ec53ec762bb8ba0a96d01ffa2cd45eb1d1d8dd5c5\windows-amd64;C:\Users\Tom\.gradle\native\5664cfc778a61ccfe75a443a1ab52a65af34e5dc3c78e0209fed803814484fcb\windows-amd64

VM Arguments:
jvm_args: -XX:MaxMetaspaceSize=512m --add-opens=java.base/java.util=ALL-UNNAMED --add-opens=java.base/java.lang=ALL-UNNAMED --add-opens=java.base/java.lang.invoke=ALL-UNNAMED --add-opens=java.base/java.util=ALL-UNNAMED --add-opens=java.prefs/java.util.prefs=ALL-UNNAMED --add-opens=java.prefs/java.util.prefs=ALL-UNNAMED --add-opens=java.base/java.nio.charset=ALL-UNNAMED --add-opens=java.base/java.net=ALL-UNNAMED --add-opens=java.base/java.util.concurrent.atomic=ALL-UNNAMED -Xmx2048m -Dfile.encoding=windows-1252 -Duser.country=GB -Duser.language=en -Duser.variant 
java_command: org.gradle.launcher.daemon.bootstrap.GradleDaemon 7.3.3
java_class_path (initial): C:\Users\Tom\.gradle\wrapper\dists\gradle-7.3.3-all\4295vidhdd9hd3gbjyw1xqxpo\gradle-7.3.3\lib\gradle-launcher-7.3.3.jar
Launcher Type: SUN_STANDARD

[Global flags]
     intx CICompilerCount                          = 3                                         {product} {ergonomic}
   size_t CompressedClassSpaceSize                 = 528482304                                 {product} {ergonomic}
     uint ConcGCThreads                            = 1                                         {product} {ergonomic}
     uint G1ConcRefinementThreads                  = 4                                         {product} {ergonomic}
   size_t G1HeapRegionSize                         = 1048576                                   {product} {ergonomic}
    uintx GCDrainStackTargetSize                   = 64                                        {product} {ergonomic}
   size_t InitialHeapSize                          = 134217728                                 {product} {ergonomic}
   size_t MarkStackSize                            = 4194304                                   {product} {ergonomic}
   size_t MaxHeapSize                              = 2147483648                                {product} {command line}
   size_t MaxMetaspaceSize                         = 536870912                                 {product} {command line}
   size_t MaxNewSize                               = 1287651328                                {product} {ergonomic}
   size_t MinHeapDeltaBytes                        = 1048576                                   {product} {ergonomic}
    uintx NonNMethodCodeHeapSize                   = 5830732                                {pd product} {ergonomic}
    uintx NonProfiledCodeHeapSize                  = 122913754                              {pd product} {ergonomic}
    uintx ProfiledCodeHeapSize                     = 122913754                              {pd product} {ergonomic}
    uintx ReservedCodeCacheSize                    = 251658240                              {pd product} {ergonomic}
     bool SegmentedCodeCache                       = true                                      {product} {ergonomic}
     bool UseCompressedClassPointers               = true                                 {lp64_product} {ergonomic}
     bool UseCompressedOops                        = true                                 {lp64_product} {ergonomic}
     bool UseG1GC                                  = true                                      {product} {ergonomic}
     bool UseLargePagesIndividualAllocation        = false                                  {pd product} {ergonomic}

Logging:
Log output configuration:
 #0: stdout all=warning uptime,level,tags
 #1: stderr all=off uptime,level,tags

Environment Variables:
JAVA_HOME=C:\Program Files\OpenJDK\openjdk-11.0.15_10
CLASSPATH=C:\Users\Tom\Documents\Programmation\React Native\projectRNcli\android\\gradle\wrapper\gradle-wrapper.jar
PATH=C:\Users\Tom\Documents\Programmation\React Native\projectRNcli\android\node_modules\.bin;C:\Users\Tom\Documents\Programmation\React Native\projectRNcli\node_modules\.bin;C:\Users\Tom\Documents\Programmation\React Native\node_modules\.bin;C:\Users\Tom\Documents\Programmation\node_modules\.bin;C:\Users\Tom\Documents\node_modules\.bin;C:\Users\Tom\node_modules\.bin;C:\Users\node_modules\.bin;C:\node_modules\.bin;C:\Program Files\nodejs;C:\Users\Tom\Documents\Programmation\React Native\projectRNcli\node_modules\.bin;C:\Users\Tom\Documents\Programmation\React Native\node_modules\.bin;C:\Users\Tom\Documents\Programmation\node_modules\.bin;C:\Users\Tom\Documents\node_modules\.bin;C:\Users\Tom\node_modules\.bin;C:\Users\node_modules\.bin;C:\node_modules\.bin;C:\Program Files\nodejs\node_modules\npm\node_modules\@npmcli\run-script\lib\node-gyp-bin;C:\Python310\Scripts\;C:\Python310\;C:\Program Files\Common Files\Oracle\Java\javapath;C:\Program Files (x86)\Intel\Intel(R) Management Engine Components\iCLS\;C:\Program Files\Intel\Intel(R) Management Engine Components\iCLS\;C:\windows\system32;C:\windows;C:\windows\System32\Wbem;C:\windows\System32\WindowsPowerShell\v1.0\;C:\Program Files (x86)\Intel\Intel(R) Management Engine Components\DAL;C:\Program Files\Intel\Intel(R) Management Engine Components\DAL;C:\Program Files (x86)\Intel\Intel(R) Management Engine Components\IPT;C:\Program Files\Intel\Intel(R) Management Engine Components\IPT;C:\Program Files (x86)\NVIDIA Corporation\PhysX\Common;C:\WINDOWS\system32;C:\WINDOWS;C:\WINDOWS\System32\Wbem;C:\WINDOWS\System32\WindowsPowerShell\v1.0\;C:\WINDOWS\System32\OpenSSH\;C:\Program Files\Microchip\xc8\v2.36\bin;C:\ProgramData\chocolatey\bin;C:\Program Files\OpenJDK\openjdk-11.0.15_10\bin;C:\Program Files\nodejs\;C:\Users\Tom\AppData\Local\Microsoft\WindowsApps;C:\Users\Tom\AppData\Local\Programs\Microsoft VS Code\bin;C:\Users\Tom\AppData\Local\Android\Sdk\platform-tools;C:\Users\Tom\AppData\Roaming\npm;C:\Users\Tom\Documents\Pro
USERNAME=Tom
LANG=en_GB.UTF-8
OS=Windows_NT
PROCESSOR_IDENTIFIER=Intel64 Family 6 Model 142 Stepping 10, GenuineIntel



---------------  S Y S T E M  ---------------

OS: Windows 10 , 64 bit Build 19041 (10.0.19041.1741)
OS uptime: 0 days 5:07 hours

CPU:total 4 (initial active 4) (2 cores per cpu, 2 threads per core) family 6 model 142 stepping 10 microcode 0xb4, cmov, cx8, fxsr, mmx, sse, sse2, sse3, ssse3, sse4.1, sse4.2, popcnt, avx, avx2, aes, clmul, erms, 3dnowpref, lzcnt, ht, tsc, tscinvbit, bmi1, bmi2, adx, fma

Memory: 4k page, system-wide physical 8107M (536M free)
TotalPageFile size 8107M (AvailPageFile size 39M)
current process WorkingSet (physical memory assigned to process): 504M, peak: 504M
current process commit charge ("private bytes"): 562M, peak: 632M

vm_info: OpenJDK 64-Bit Server VM (11.0.15+10) for windows-amd64 JRE (11.0.15+10), built on Apr 21 2022 21:29:46 by "tester" with MS VC++ 15.5 (VS2017)

END.
