#
# There is insufficient memory for the Java Runtime Environment to continue.
# Native memory allocation (mmap) failed to map 76546048 bytes for Failed to commit area from 0x000000008b900000 to 0x0000000090200000 of length 76546048.
# Possible reasons:
#   The system is out of physical RAM or swap space
#   The process is running with CompressedOops enabled, and the Java Heap may be blocking the growth of the native heap
# Possible solutions:
#   Reduce memory load on the system
#   Increase physical memory or swap space
#   Check if swap backing store is full
#   Decrease Java heap size (-Xmx/-Xms)
#   Decrease number of Java threads
#   Decrease Java thread stack sizes (-Xss)
#   Set larger code cache with -XX:ReservedCodeCacheSize=
#   JVM is running with Unscaled Compressed Oops mode in which the Java heap is
#     placed in the first 4GB address space. The Java Heap base address is the
#     maximum limit for the native heap growth. Please use -XX:HeapBaseMinAddress
#     to set the Java Heap base and to place the Java Heap above 4GB virtual address.
# This output file may be truncated or incomplete.
#
#  Out of Memory Error (./src/hotspot/os/windows/os_windows.cpp:3390), pid=3960, tid=8768
#
# JRE version: OpenJDK Runtime Environment 18.9 (11.0.15+10) (build 11.0.15+10)
# Java VM: OpenJDK 64-Bit Server VM 18.9 (11.0.15+10, mixed mode, tiered, compressed oops, g1 gc, windows-amd64)
# No core dump will be written. Minidumps are not enabled by default on client versions of Windows
#

---------------  S U M M A R Y ------------

Command Line: -XX:MaxMetaspaceSize=512m --add-opens=java.base/java.util=ALL-UNNAMED --add-opens=java.base/java.lang=ALL-UNNAMED --add-opens=java.base/java.lang.invoke=ALL-UNNAMED --add-opens=java.base/java.util=ALL-UNNAMED --add-opens=java.prefs/java.util.prefs=ALL-UNNAMED --add-opens=java.prefs/java.util.prefs=ALL-UNNAMED --add-opens=java.base/java.nio.charset=ALL-UNNAMED --add-opens=java.base/java.net=ALL-UNNAMED --add-opens=java.base/java.util.concurrent.atomic=ALL-UNNAMED -Xmx2048m -Dfile.encoding=windows-1252 -Duser.country=GB -Duser.language=en -Duser.variant org.gradle.launcher.daemon.bootstrap.GradleDaemon 7.3.3

Host: Intel(R) Core(TM) i3-7020U CPU @ 2.30GHz, 4 cores, 7G,  Windows 10 , 64 bit Build 19041 (10.0.19041.1741)
Time: Sun Jul  3 16:19:42 2022 Romance Summer Time elapsed time: 56.744131 seconds (0d 0h 0m 56s)

---------------  T H R E A D  ---------------

Current thread (0x000001ee2aced800):  VMThread "VM Thread" [stack: 0x000000d3d0600000,0x000000d3d0700000] [id=8768]

Stack: [0x000000d3d0600000,0x000000d3d0700000]
[error occurred during error reporting (printing stack bounds), id 0xc0000005, EXCEPTION_ACCESS_VIOLATION (0xc0000005) at pc=0x000001ee14c3112d]

Native frames: (J=compiled Java code, j=interpreted, Vv=VM code, C=native code)
V  [jvm.dll+0x64dd3a]
V  [jvm.dll+0x7906c9]
V  [jvm.dll+0x791d9c]
V  [jvm.dll+0x7923c5]
V  [jvm.dll+0x79237b]
V  [jvm.dll+0x64cdd0]
V  [jvm.dll+0x64d4e8]
C  [ntdll.dll+0xa209f]
C  [ntdll.dll+0x51454]
C  [ntdll.dll+0xa0bce]
C  0x000001ee14c3112d

VM_Operation (0x000000d3d5cf8e10): G1CollectForAllocation, mode: safepoint, requested by thread 0x000001ee2c51a800


---------------  P R O C E S S  ---------------

Threads class SMR info:
_java_thread_list=0x000001ee2f5107c0, length=90, elements={
0x000001ee0c4d3800, 0x000001ee2acf1000, 0x000001ee2acfb000, 0x000001ee2ad57000,
0x000001ee2ad5b000, 0x000001ee2ad5c000, 0x000001ee2b660800, 0x000001ee2b662000,
0x000001ee2b6cd800, 0x000001ee2b7bc000, 0x000001ee2d821800, 0x000001ee2bc49000,
0x000001ee2ce34000, 0x000001ee2e3fe800, 0x000001ee2db2e800, 0x000001ee2d193000,
0x000001ee2c8e6000, 0x000001ee2e17d800, 0x000001ee2c2d6800, 0x000001ee2dd2c000,
0x000001ee2eeae800, 0x000001ee2eead000, 0x000001ee2eeac800, 0x000001ee2eeae000,
0x000001ee2cbe6800, 0x000001ee2cbe7800, 0x000001ee2cbe4000, 0x000001ee2cbe9000,
0x000001ee2cbe8000, 0x000001ee2cbe3800, 0x000001ee2cbea000, 0x000001ee2cbe5000,
0x000001ee2cbea800, 0x000001ee2cbe6000, 0x000001ee2cbf0800, 0x000001ee2cbed000,
0x000001ee2cbf1000, 0x000001ee2cbef800, 0x000001ee2cbf2000, 0x000001ee2cbec800,
0x000001ee2cbee000, 0x000001ee2cbee800, 0x000001ee2eb61800, 0x000001ee2eb65800,
0x000001ee2eb64000, 0x000001ee2eb68000, 0x000001ee2eb62000, 0x000001ee2eb66800,
0x000001ee2eb64800, 0x000001ee2eb68800, 0x000001ee2eb63000, 0x000001ee2eb6a800,
0x000001ee2eb69800, 0x000001ee2eb6b000, 0x000001ee2eb6c000, 0x000001ee2eb6d000,
0x000001ee2eb67000, 0x000001ee2eb6e800, 0x000001ee2eb6d800, 0x000001ee2eb6f000,
0x000001ee2eb70000, 0x000001ee32d50000, 0x000001ee32d54000, 0x000001ee32d50800,
0x000001ee32d54800, 0x000001ee32d53000, 0x000001ee32d51800, 0x000001ee32d52000,
0x000001ee32d4f000, 0x000001ee32d56800, 0x000001ee32d57000, 0x000001ee32d59800,
0x000001ee32d58000, 0x000001ee32d5a800, 0x000001ee32d59000, 0x000001ee32d5d000,
0x000001ee32d5d800, 0x000001ee2c517000, 0x000001ee2c51a800, 0x000001ee2c51d000,
0x000001ee2c51d800, 0x000001ee2c518000, 0x000001ee2c519800, 0x000001ee2c519000,
0x000001ee2c520000, 0x000001ee2c51f800, 0x000001ee2c521000, 0x000001ee2c51b000,
0x000001ee2c522800, 0x000001ee2d847000
}

Java Threads: ( => current thread )
  0x000001ee0c4d3800 JavaThread "main" [_thread_blocked, id=10628, stack(0x000000d3d0000000,0x000000d3d0100000)]
  0x000001ee2acf1000 JavaThread "Reference Handler" daemon [_thread_blocked, id=18092, stack(0x000000d3d0700000,0x000000d3d0800000)]
  0x000001ee2acfb000 JavaThread "Finalizer" daemon [_thread_blocked, id=16692, stack(0x000000d3d0800000,0x000000d3d0900000)]
  0x000001ee2ad57000 JavaThread "Signal Dispatcher" daemon [_thread_blocked, id=14952, stack(0x000000d3d0900000,0x000000d3d0a00000)]
  0x000001ee2ad5b000 JavaThread "Attach Listener" daemon [_thread_blocked, id=4388, stack(0x000000d3d0a00000,0x000000d3d0b00000)]
  0x000001ee2ad5c000 JavaThread "Service Thread" daemon [_thread_blocked, id=15224, stack(0x000000d3d0b00000,0x000000d3d0c00000)]
  0x000001ee2b660800 JavaThread "C2 CompilerThread0" daemon [_thread_in_native, id=10340, stack(0x000000d3d0c00000,0x000000d3d0d00000)]
  0x000001ee2b662000 JavaThread "C1 CompilerThread0" daemon [_thread_blocked, id=9220, stack(0x000000d3d0d00000,0x000000d3d0e00000)]
  0x000001ee2b6cd800 JavaThread "Sweeper thread" daemon [_thread_blocked, id=9392, stack(0x000000d3d0e00000,0x000000d3d0f00000)]
  0x000001ee2b7bc000 JavaThread "Common-Cleaner" daemon [_thread_blocked, id=11128, stack(0x000000d3d0f00000,0x000000d3d1000000)]
  0x000001ee2d821800 JavaThread "Daemon health stats" [_thread_blocked, id=6680, stack(0x000000d3d1400000,0x000000d3d1500000)]
  0x000001ee2bc49000 JavaThread "Incoming local TCP Connector on port 49562" [_thread_in_native, id=7848, stack(0x000000d3d1100000,0x000000d3d1200000)]
  0x000001ee2ce34000 JavaThread "Daemon periodic checks" [_thread_blocked, id=15028, stack(0x000000d3d1500000,0x000000d3d1600000)]
  0x000001ee2e3fe800 JavaThread "Daemon" [_thread_blocked, id=18284, stack(0x000000d3d1600000,0x000000d3d1700000)]
  0x000001ee2db2e800 JavaThread "Handler for socket connection from /127.0.0.1:49562 to /127.0.0.1:49563" [_thread_in_native, id=1604, stack(0x000000d3d1700000,0x000000d3d1800000)]
  0x000001ee2d193000 JavaThread "Cancel handler" [_thread_blocked, id=8488, stack(0x000000d3d1800000,0x000000d3d1900000)]
  0x000001ee2c8e6000 JavaThread "Daemon worker" [_thread_blocked, id=16844, stack(0x000000d3d1900000,0x000000d3d1a00000)]
  0x000001ee2e17d800 JavaThread "Asynchronous log dispatcher for DefaultDaemonConnection: socket connection from /127.0.0.1:49562 to /127.0.0.1:49563" [_thread_blocked, id=1844, stack(0x000000d3d1b00000,0x000000d3d1c00000)]
  0x000001ee2c2d6800 JavaThread "Stdin handler" [_thread_blocked, id=6956, stack(0x000000d3d1c00000,0x000000d3d1d00000)]
  0x000001ee2dd2c000 JavaThread "Daemon client event forwarder" [_thread_blocked, id=3184, stack(0x000000d3d1d00000,0x000000d3d1e00000)]
  0x000001ee2eeae800 JavaThread "Cache worker for journal cache (C:\Users\Tom\.gradle\caches\journal-1)" [_thread_blocked, id=2624, stack(0x000000d3d1a00000,0x000000d3d1b00000)]
  0x000001ee2eead000 JavaThread "File lock request listener" [_thread_in_native, id=14464, stack(0x000000d3d1e00000,0x000000d3d1f00000)]
  0x000001ee2eeac800 JavaThread "Cache worker for file hash cache (C:\Users\Tom\.gradle\caches\7.3.3\fileHashes)" [_thread_blocked, id=1492, stack(0x000000d3d1f00000,0x000000d3d2000000)]
  0x000001ee2eeae000 JavaThread "Cache worker for file hash cache (C:\Users\Tom\Documents\Programmation\React Native\projectRNcli\android\.gradle\7.3.3\fileHashes)" [_thread_blocked, id=2444, stack(0x000000d3d2100000,0x000000d3d2200000)]
  0x000001ee2cbe6800 JavaThread "File watcher server" daemon [_thread_blocked, id=7792, stack(0x000000d3d2300000,0x000000d3d2400000)]
  0x000001ee2cbe7800 JavaThread "File watcher consumer" daemon [_thread_blocked, id=944, stack(0x000000d3d2400000,0x000000d3d2500000)]
  0x000001ee2cbe4000 JavaThread "Cache worker for checksums cache (C:\Users\Tom\Documents\Programmation\React Native\projectRNcli\android\.gradle\7.3.3\checksums)" [_thread_blocked, id=15788, stack(0x000000d3d2200000,0x000000d3d2300000)]
  0x000001ee2cbe9000 JavaThread "Cache worker for cache directory md-supplier (C:\Users\Tom\.gradle\caches\7.3.3\md-supplier)" [_thread_blocked, id=10232, stack(0x000000d3d2500000,0x000000d3d2600000)]
  0x000001ee2cbe8000 JavaThread "Cache worker for cache directory md-rule (C:\Users\Tom\.gradle\caches\7.3.3\md-rule)" [_thread_blocked, id=12252, stack(0x000000d3d2700000,0x000000d3d2800000)]
  0x000001ee2cbe3800 JavaThread "Cache worker for execution history cache (C:\Users\Tom\.gradle\caches\7.3.3\executionHistory)" [_thread_blocked, id=7816, stack(0x000000d3d2800000,0x000000d3d2900000)]
  0x000001ee2cbea000 JavaThread "jar transforms" [_thread_blocked, id=16404, stack(0x000000d3d2900000,0x000000d3d2a00000)]
  0x000001ee2cbe5000 JavaThread "jar transforms Thread 2" [_thread_blocked, id=16348, stack(0x000000d3d2a00000,0x000000d3d2b00000)]
  0x000001ee2cbea800 JavaThread "Cache worker for file content cache (C:\Users\Tom\.gradle\caches\7.3.3\fileContent)" [_thread_blocked, id=18180, stack(0x000000d3d2b00000,0x000000d3d2c00000)]
  0x000001ee2cbe6000 JavaThread "jar transforms Thread 3" [_thread_blocked, id=5520, stack(0x000000d3d2c00000,0x000000d3d2d00000)]
  0x000001ee2cbf0800 JavaThread "jar transforms Thread 4" [_thread_blocked, id=6288, stack(0x000000d3d2d00000,0x000000d3d2e00000)]
  0x000001ee2cbed000 JavaThread "Cache worker for kotlin-dsl (C:\Users\Tom\.gradle\caches\7.3.3\kotlin-dsl)" [_thread_blocked, id=13416, stack(0x000000d3d2600000,0x000000d3d2700000)]
  0x000001ee2cbf1000 JavaThread "Cache worker for dependencies-accessors (C:\Users\Tom\Documents\Programmation\React Native\projectRNcli\android\.gradle\7.3.3\dependencies-accessors)" [_thread_blocked, id=14852, stack(0x000000d3d2f00000,0x000000d3d3000000)]
  0x000001ee2cbef800 JavaThread "Cache worker for Build Output Cleanup Cache (C:\Users\Tom\Documents\Programmation\React Native\projectRNcli\node_modules\react-native-gradle-plugin\.gradle\buildOutputCleanup)" [_thread_blocked, id=17256, stack(0x000000d3d3000000,0x000000d3d3100000)]
  0x000001ee2cbf2000 JavaThread "Unconstrained build operations" [_thread_blocked, id=7900, stack(0x000000d3d3100000,0x000000d3d3200000)]
  0x000001ee2cbec800 JavaThread "Unconstrained build operations Thread 2" [_thread_blocked, id=15036, stack(0x000000d3d3200000,0x000000d3d3300000)]
  0x000001ee2cbee000 JavaThread "Unconstrained build operations Thread 3" [_thread_blocked, id=6300, stack(0x000000d3d3300000,0x000000d3d3400000)]
  0x000001ee2cbee800 JavaThread "Unconstrained build operations Thread 4" [_thread_blocked, id=17028, stack(0x000000d3d3400000,0x000000d3d3500000)]
  0x000001ee2eb61800 JavaThread "Unconstrained build operations Thread 5" [_thread_blocked, id=5628, stack(0x000000d3d3500000,0x000000d3d3600000)]
  0x000001ee2eb65800 JavaThread "Unconstrained build operations Thread 6" [_thread_blocked, id=4880, stack(0x000000d3d3600000,0x000000d3d3700000)]
  0x000001ee2eb64000 JavaThread "Unconstrained build operations Thread 7" [_thread_blocked, id=7048, stack(0x000000d3d3700000,0x000000d3d3800000)]
  0x000001ee2eb68000 JavaThread "Unconstrained build operations Thread 8" [_thread_blocked, id=2476, stack(0x000000d3d3800000,0x000000d3d3900000)]
  0x000001ee2eb62000 JavaThread "Unconstrained build operations Thread 9" [_thread_blocked, id=5760, stack(0x000000d3d3900000,0x000000d3d3a00000)]
  0x000001ee2eb66800 JavaThread "Unconstrained build operations Thread 10" [_thread_blocked, id=8956, stack(0x000000d3d3a00000,0x000000d3d3b00000)]
  0x000001ee2eb64800 JavaThread "Unconstrained build operations Thread 11" [_thread_blocked, id=16000, stack(0x000000d3d3b00000,0x000000d3d3c00000)]
  0x000001ee2eb68800 JavaThread "Unconstrained build operations Thread 12" [_thread_blocked, id=9544, stack(0x000000d3d3c00000,0x000000d3d3d00000)]
  0x000001ee2eb63000 JavaThread "Unconstrained build operations Thread 13" [_thread_blocked, id=16624, stack(0x000000d3d3d00000,0x000000d3d3e00000)]
  0x000001ee2eb6a800 JavaThread "Unconstrained build operations Thread 14" [_thread_blocked, id=12428, stack(0x000000d3d3e00000,0x000000d3d3f00000)]
  0x000001ee2eb69800 JavaThread "Unconstrained build operations Thread 15" [_thread_blocked, id=1600, stack(0x000000d3d3f00000,0x000000d3d4000000)]
  0x000001ee2eb6b000 JavaThread "Unconstrained build operations Thread 16" [_thread_blocked, id=17216, stack(0x000000d3d4000000,0x000000d3d4100000)]
  0x000001ee2eb6c000 JavaThread "Unconstrained build operations Thread 17" [_thread_blocked, id=1396, stack(0x000000d3d4100000,0x000000d3d4200000)]
  0x000001ee2eb6d000 JavaThread "Unconstrained build operations Thread 18" [_thread_blocked, id=14328, stack(0x000000d3d4200000,0x000000d3d4300000)]
  0x000001ee2eb67000 JavaThread "Unconstrained build operations Thread 19" [_thread_blocked, id=2696, stack(0x000000d3d4300000,0x000000d3d4400000)]
  0x000001ee2eb6e800 JavaThread "Unconstrained build operations Thread 20" [_thread_blocked, id=15508, stack(0x000000d3d4400000,0x000000d3d4500000)]
  0x000001ee2eb6d800 JavaThread "Unconstrained build operations Thread 21" [_thread_blocked, id=3152, stack(0x000000d3d4500000,0x000000d3d4600000)]
  0x000001ee2eb6f000 JavaThread "Unconstrained build operations Thread 22" [_thread_blocked, id=15104, stack(0x000000d3d4600000,0x000000d3d4700000)]
  0x000001ee2eb70000 JavaThread "Unconstrained build operations Thread 23" [_thread_blocked, id=13552, stack(0x000000d3d4700000,0x000000d3d4800000)]
  0x000001ee32d50000 JavaThread "Unconstrained build operations Thread 24" [_thread_blocked, id=11000, stack(0x000000d3d4800000,0x000000d3d4900000)]
  0x000001ee32d54000 JavaThread "Unconstrained build operations Thread 25" [_thread_blocked, id=284, stack(0x000000d3d4900000,0x000000d3d4a00000)]
  0x000001ee32d50800 JavaThread "Unconstrained build operations Thread 26" [_thread_blocked, id=1296, stack(0x000000d3d4a00000,0x000000d3d4b00000)]
  0x000001ee32d54800 JavaThread "Unconstrained build operations Thread 27" [_thread_blocked, id=17260, stack(0x000000d3d4b00000,0x000000d3d4c00000)]
  0x000001ee32d53000 JavaThread "Unconstrained build operations Thread 28" [_thread_blocked, id=15464, stack(0x000000d3d4c00000,0x000000d3d4d00000)]
  0x000001ee32d51800 JavaThread "Unconstrained build operations Thread 29" [_thread_blocked, id=5476, stack(0x000000d3d4d00000,0x000000d3d4e00000)]
  0x000001ee32d52000 JavaThread "Unconstrained build operations Thread 30" [_thread_blocked, id=4884, stack(0x000000d3d4e00000,0x000000d3d4f00000)]
  0x000001ee32d4f000 JavaThread "Unconstrained build operations Thread 31" [_thread_blocked, id=7560, stack(0x000000d3d4f00000,0x000000d3d5000000)]
  0x000001ee32d56800 JavaThread "Unconstrained build operations Thread 32" [_thread_blocked, id=16984, stack(0x000000d3d5000000,0x000000d3d5100000)]
  0x000001ee32d57000 JavaThread "Unconstrained build operations Thread 33" [_thread_blocked, id=13076, stack(0x000000d3d5100000,0x000000d3d5200000)]
  0x000001ee32d59800 JavaThread "build event listener" [_thread_blocked, id=16708, stack(0x000000d3d5200000,0x000000d3d5300000)]
  0x000001ee32d58000 JavaThread "Memory manager" [_thread_blocked, id=3788, stack(0x000000d3d5300000,0x000000d3d5400000)]
  0x000001ee32d5a800 JavaThread "Cache worker for Build Output Cleanup Cache (C:\Users\Tom\Documents\Programmation\React Native\projectRNcli\android\.gradle\buildOutputCleanup)" [_thread_blocked, id=15100, stack(0x000000d3d5400000,0x000000d3d5500000)]
  0x000001ee32d59000 JavaThread "included builds" [_thread_blocked, id=17852, stack(0x000000d3d5500000,0x000000d3d5600000)]
  0x000001ee32d5d000 JavaThread "Cache worker for execution history cache (C:\Users\Tom\Documents\Programmation\React Native\projectRNcli\node_modules\react-native-gradle-plugin\.gradle\7.3.3\executionHistory)" [_thread_blocked, id=15080, stack(0x000000d3d5900000,0x000000d3d5a00000)]
  0x000001ee32d5d800 JavaThread "Unconstrained build operations Thread 34" [_thread_blocked, id=5308, stack(0x000000d3d5a00000,0x000000d3d5b00000)]
  0x000001ee2c517000 JavaThread "Unconstrained build operations Thread 35" [_thread_blocked, id=9976, stack(0x000000d3d5b00000,0x000000d3d5c00000)]
  0x000001ee2c51a800 JavaThread "Unconstrained build operations Thread 36" [_thread_blocked, id=17936, stack(0x000000d3d5c00000,0x000000d3d5d00000)]
  0x000001ee2c51d000 JavaThread "Unconstrained build operations Thread 37" [_thread_blocked, id=13232, stack(0x000000d3d5d00000,0x000000d3d5e00000)]
  0x000001ee2c51d800 JavaThread "Unconstrained build operations Thread 38" [_thread_blocked, id=3876, stack(0x000000d3d5e00000,0x000000d3d5f00000)]
  0x000001ee2c518000 JavaThread "Unconstrained build operations Thread 39" [_thread_blocked, id=15608, stack(0x000000d3d5f00000,0x000000d3d6000000)]
  0x000001ee2c519800 JavaThread "Unconstrained build operations Thread 40" [_thread_blocked, id=7416, stack(0x000000d3d6000000,0x000000d3d6100000)]
  0x000001ee2c519000 JavaThread "Execution worker for ':'" [_thread_blocked, id=16464, stack(0x000000d3d5700000,0x000000d3d5800000)]
  0x000001ee2c520000 JavaThread "Execution worker for ':' Thread 2" [_thread_blocked, id=13596, stack(0x000000d3d5800000,0x000000d3d5900000)]
  0x000001ee2c51f800 JavaThread "Execution worker for ':' Thread 3" [_thread_blocked, id=15132, stack(0x000000d3d6100000,0x000000d3d6200000)]
  0x000001ee2c521000 JavaThread "Cache worker for execution history cache (C:\Users\Tom\Documents\Programmation\React Native\projectRNcli\android\.gradle\7.3.3\executionHistory)" [_thread_blocked, id=7280, stack(0x000000d3d6200000,0x000000d3d6300000)]
  0x000001ee2c51b000 JavaThread "WorkerExecutor Queue" [_thread_blocked, id=6352, stack(0x000000d3d6300000,0x000000d3d6400000)]
  0x000001ee2c522800 JavaThread "WorkerExecutor Queue Thread 2" [_thread_blocked, id=14304, stack(0x000000d3d6400000,0x000000d3d6500000)]
  0x000001ee2d847000 JavaThread "C2 CompilerThread1" daemon [_thread_blocked, id=16932, stack(0x000000d3cfd00000,0x000000d3cfe00000)]

Other Threads:
=>0x000001ee2aced800 VMThread "VM Thread" [stack: 0x000000d3d0600000,0x000000d3d0700000] [id=8768]
  0x000001ee2b7e9800 WatcherThread [stack: 0x000000d3d1000000,0x000000d3d1100000] [id=15376]
  0x000001ee0c4ec000 GCTaskThread "GC Thread#0" [stack: 0x000000d3d0100000,0x000000d3d0200000] [id=2312]
  0x000001ee2bd0d000 GCTaskThread "GC Thread#1" [stack: 0x000000d3d1200000,0x000000d3d1300000] [id=17500]
  0x000001ee2bc35800 GCTaskThread "GC Thread#2" [stack: 0x000000d3d1300000,0x000000d3d1400000] [id=7308]
  0x000001ee2d1c9000 GCTaskThread "GC Thread#3" [stack: 0x000000d3d2000000,0x000000d3d2100000] [id=14364]
  0x000001ee0c51d000 ConcurrentGCThread "G1 Main Marker" [stack: 0x000000d3d0200000,0x000000d3d0300000] [id=8248]
  0x000001ee0c51e800 ConcurrentGCThread "G1 Conc#0" [stack: 0x000000d3d0300000,0x000000d3d0400000] [id=7348]
  0x000001ee0c5ad000 ConcurrentGCThread "G1 Refine#0" [stack: 0x000000d3d0400000,0x000000d3d0500000] [id=13020]
  0x000001ee0c5ae000 ConcurrentGCThread "G1 Young RemSet Sampling" [stack: 0x000000d3d0500000,0x000000d3d0600000] [id=9036]

Threads with active compile tasks:
C2 CompilerThread0    56844 12594 %     4       com.android.tools.r8.internal.U6::a @ 66 (6044 bytes)
C2 CompilerThread1    56844 13033       4       com.android.tools.r8.graph.a0::g (62 bytes)

VM state:at safepoint (normal execution)

VM Mutex/Monitor currently owned by a thread:  ([mutex/lock_event])
[0x000001ee0c4d0140] Threads_lock - owner thread: 0x000001ee2aced800
[0x000001ee0c4d05c0] Heap_lock - owner thread: 0x000001ee2c51a800

Heap address: 0x0000000080000000, size: 2048 MB, Compressed Oops mode: 32-bit
Narrow klass base: 0x0000000000000000, Narrow klass shift: 3
Compressed class space size: 528482304 Address: 0x0000000100000000

Heap:
 garbage-first heap   total 264192K, used 140121K [0x0000000080000000, 0x0000000100000000)
  region size 1024K, 3 young (3072K), 3 survivors (3072K)
 Metaspace       used 106820K, capacity 109912K, committed 110100K, reserved 612352K
  class space    used 13906K, capacity 15135K, committed 15256K, reserved 516096K
Heap Regions: E=young(eden), S=young(survivor), O=old, HS=humongous(starts), HC=humongous(continues), CS=collection set, F=free, A=archive, TAMS=top-at-mark-start (previous, next)
|   0|0x0000000080000000, 0x0000000080100000, 0x0000000080100000|100%| O|  |TAMS 0x0000000080100000, 0x0000000080000000| Untracked 
|   1|0x0000000080100000, 0x0000000080200000, 0x0000000080200000|100%| O|  |TAMS 0x0000000080200000, 0x0000000080100000| Untracked 
|   2|0x0000000080200000, 0x0000000080300000, 0x0000000080300000|100%| O|  |TAMS 0x0000000080300000, 0x0000000080200000| Untracked 
|   3|0x0000000080300000, 0x0000000080400000, 0x0000000080400000|100%|HS|  |TAMS 0x0000000080400000, 0x0000000080300000| Complete 
|   4|0x0000000080400000, 0x0000000080500000, 0x0000000080500000|100%|HC|  |TAMS 0x0000000080500000, 0x0000000080400000| Complete 
|   5|0x0000000080500000, 0x0000000080600000, 0x0000000080600000|100%|HC|  |TAMS 0x0000000080600000, 0x0000000080500000| Complete 
|   6|0x0000000080600000, 0x0000000080700000, 0x0000000080700000|100%| O|  |TAMS 0x0000000080700000, 0x0000000080600000| Untracked 
|   7|0x0000000080700000, 0x0000000080800000, 0x0000000080800000|100%| O|  |TAMS 0x0000000080800000, 0x0000000080700000| Untracked 
|   8|0x0000000080800000, 0x0000000080900000, 0x0000000080900000|100%| O|  |TAMS 0x0000000080900000, 0x0000000080800000| Untracked 
|   9|0x0000000080900000, 0x0000000080a00000, 0x0000000080a00000|100%| O|  |TAMS 0x0000000080a00000, 0x0000000080900000| Untracked 
|  10|0x0000000080a00000, 0x0000000080b00000, 0x0000000080b00000|100%| O|  |TAMS 0x0000000080b00000, 0x0000000080a00000| Untracked 
|  11|0x0000000080b00000, 0x0000000080c00000, 0x0000000080c00000|100%| O|  |TAMS 0x0000000080c00000, 0x0000000080b00000| Untracked 
|  12|0x0000000080c00000, 0x0000000080d00000, 0x0000000080d00000|100%| O|  |TAMS 0x0000000080d00000, 0x0000000080c00000| Untracked 
|  13|0x0000000080d00000, 0x0000000080e00000, 0x0000000080e00000|100%| O|  |TAMS 0x0000000080e00000, 0x0000000080d00000| Untracked 
|  14|0x0000000080e00000, 0x0000000080f00000, 0x0000000080f00000|100%| O|  |TAMS 0x0000000080f00000, 0x0000000080e00000| Untracked 
|  15|0x0000000080f00000, 0x0000000081000000, 0x0000000081000000|100%| O|  |TAMS 0x0000000081000000, 0x0000000080f00000| Untracked 
|  16|0x0000000081000000, 0x0000000081100000, 0x0000000081100000|100%| O|  |TAMS 0x0000000081100000, 0x0000000081000000| Untracked 
|  17|0x0000000081100000, 0x0000000081200000, 0x0000000081200000|100%|HS|  |TAMS 0x0000000081200000, 0x0000000081100000| Complete 
|  18|0x0000000081200000, 0x0000000081300000, 0x0000000081300000|100%| O|  |TAMS 0x0000000081300000, 0x0000000081200000| Untracked 
|  19|0x0000000081300000, 0x0000000081400000, 0x0000000081400000|100%| O|  |TAMS 0x0000000081400000, 0x0000000081300000| Untracked 
|  20|0x0000000081400000, 0x0000000081500000, 0x0000000081500000|100%| O|  |TAMS 0x0000000081500000, 0x0000000081400000| Untracked 
|  21|0x0000000081500000, 0x0000000081600000, 0x0000000081600000|100%| O|  |TAMS 0x0000000081600000, 0x0000000081500000| Untracked 
|  22|0x0000000081600000, 0x0000000081700000, 0x0000000081700000|100%| O|  |TAMS 0x0000000081700000, 0x0000000081600000| Untracked 
|  23|0x0000000081700000, 0x0000000081800000, 0x0000000081800000|100%| O|  |TAMS 0x0000000081800000, 0x0000000081700000| Untracked 
|  24|0x0000000081800000, 0x0000000081900000, 0x0000000081900000|100%| O|  |TAMS 0x0000000081900000, 0x0000000081800000| Untracked 
|  25|0x0000000081900000, 0x0000000081a00000, 0x0000000081a00000|100%| O|  |TAMS 0x0000000081a00000, 0x0000000081900000| Untracked 
|  26|0x0000000081a00000, 0x0000000081b00000, 0x0000000081b00000|100%| O|  |TAMS 0x0000000081b00000, 0x0000000081a00000| Untracked 
|  27|0x0000000081b00000, 0x0000000081c00000, 0x0000000081c00000|100%| O|  |TAMS 0x0000000081c00000, 0x0000000081b00000| Untracked 
|  28|0x0000000081c00000, 0x0000000081d00000, 0x0000000081d00000|100%|HS|  |TAMS 0x0000000081d00000, 0x0000000081c00000| Complete 
|  29|0x0000000081d00000, 0x0000000081e00000, 0x0000000081e00000|100%|HC|  |TAMS 0x0000000081e00000, 0x0000000081d00000| Complete 
|  30|0x0000000081e00000, 0x0000000081f00000, 0x0000000081f00000|100%|HC|  |TAMS 0x0000000081f00000, 0x0000000081e00000| Complete 
|  31|0x0000000081f00000, 0x0000000082000000, 0x0000000082000000|100%| O|  |TAMS 0x0000000082000000, 0x0000000081f00000| Untracked 
|  32|0x0000000082000000, 0x0000000082100000, 0x0000000082100000|100%| O|  |TAMS 0x0000000082100000, 0x0000000082000000| Untracked 
|  33|0x0000000082100000, 0x0000000082200000, 0x0000000082200000|100%| O|  |TAMS 0x0000000082200000, 0x0000000082100000| Untracked 
|  34|0x0000000082200000, 0x0000000082300000, 0x0000000082300000|100%| O|  |TAMS 0x0000000082300000, 0x0000000082200000| Untracked 
|  35|0x0000000082300000, 0x0000000082400000, 0x0000000082400000|100%| O|  |TAMS 0x0000000082400000, 0x0000000082300000| Untracked 
|  36|0x0000000082400000, 0x0000000082500000, 0x0000000082500000|100%| O|  |TAMS 0x0000000082500000, 0x0000000082400000| Untracked 
|  37|0x0000000082500000, 0x0000000082600000, 0x0000000082600000|100%| O|  |TAMS 0x0000000082600000, 0x0000000082500000| Untracked 
|  38|0x0000000082600000, 0x0000000082700000, 0x0000000082700000|100%| O|  |TAMS 0x0000000082700000, 0x0000000082600000| Untracked 
|  39|0x0000000082700000, 0x0000000082800000, 0x0000000082800000|100%|HS|  |TAMS 0x0000000082800000, 0x0000000082700000| Complete 
|  40|0x0000000082800000, 0x0000000082900000, 0x0000000082900000|100%|HS|  |TAMS 0x0000000082900000, 0x0000000082800000| Complete 
|  41|0x0000000082900000, 0x0000000082a00000, 0x0000000082a00000|100%|HS|  |TAMS 0x0000000082a00000, 0x0000000082900000| Complete 
|  42|0x0000000082a00000, 0x0000000082b00000, 0x0000000082b00000|100%|HC|  |TAMS 0x0000000082b00000, 0x0000000082a00000| Complete 
|  43|0x0000000082b00000, 0x0000000082c00000, 0x0000000082c00000|100%| O|  |TAMS 0x0000000082c00000, 0x0000000082b00000| Untracked 
|  44|0x0000000082c00000, 0x0000000082d00000, 0x0000000082d00000|100%| O|  |TAMS 0x0000000082d00000, 0x0000000082c00000| Untracked 
|  45|0x0000000082d00000, 0x0000000082e00000, 0x0000000082e00000|100%| O|  |TAMS 0x0000000082e00000, 0x0000000082d00000| Untracked 
|  46|0x0000000082e00000, 0x0000000082f00000, 0x0000000082f00000|100%| O|  |TAMS 0x0000000082f00000, 0x0000000082e00000| Untracked 
|  47|0x0000000082f00000, 0x0000000083000000, 0x0000000083000000|100%| O|  |TAMS 0x0000000083000000, 0x0000000082f00000| Untracked 
|  48|0x0000000083000000, 0x0000000083100000, 0x0000000083100000|100%| O|  |TAMS 0x0000000083100000, 0x0000000083000000| Untracked 
|  49|0x0000000083100000, 0x0000000083200000, 0x0000000083200000|100%| O|  |TAMS 0x0000000083200000, 0x0000000083100000| Untracked 
|  50|0x0000000083200000, 0x0000000083300000, 0x0000000083300000|100%| O|  |TAMS 0x0000000083300000, 0x0000000083200000| Untracked 
|  51|0x0000000083300000, 0x0000000083400000, 0x0000000083400000|100%| O|  |TAMS 0x0000000083400000, 0x0000000083300000| Untracked 
|  52|0x0000000083400000, 0x0000000083500000, 0x0000000083500000|100%| O|  |TAMS 0x0000000083500000, 0x0000000083400000| Untracked 
|  53|0x0000000083500000, 0x0000000083600000, 0x0000000083600000|100%| O|  |TAMS 0x0000000083600000, 0x0000000083500000| Untracked 
|  54|0x0000000083600000, 0x0000000083700000, 0x0000000083700000|100%| O|  |TAMS 0x0000000083700000, 0x0000000083600000| Untracked 
|  55|0x0000000083700000, 0x0000000083800000, 0x0000000083800000|100%| O|  |TAMS 0x0000000083800000, 0x0000000083700000| Untracked 
|  56|0x0000000083800000, 0x0000000083900000, 0x0000000083900000|100%| O|  |TAMS 0x0000000083900000, 0x0000000083800000| Untracked 
|  57|0x0000000083900000, 0x0000000083a00000, 0x0000000083a00000|100%| O|  |TAMS 0x0000000083a00000, 0x0000000083900000| Untracked 
|  58|0x0000000083a00000, 0x0000000083b00000, 0x0000000083b00000|100%| O|  |TAMS 0x0000000083b00000, 0x0000000083a00000| Untracked 
|  59|0x0000000083b00000, 0x0000000083c00000, 0x0000000083c00000|100%| O|  |TAMS 0x0000000083c00000, 0x0000000083b00000| Untracked 
|  60|0x0000000083c00000, 0x0000000083d00000, 0x0000000083d00000|100%| O|  |TAMS 0x0000000083d00000, 0x0000000083c00000| Untracked 
|  61|0x0000000083d00000, 0x0000000083e00000, 0x0000000083e00000|100%| O|  |TAMS 0x0000000083e00000, 0x0000000083d00000| Untracked 
|  62|0x0000000083e00000, 0x0000000083f00000, 0x0000000083f00000|100%| O|  |TAMS 0x0000000083f00000, 0x0000000083e00000| Untracked 
|  63|0x0000000083f00000, 0x0000000084000000, 0x0000000084000000|100%| O|  |TAMS 0x0000000084000000, 0x0000000083f00000| Untracked 
|  64|0x0000000084000000, 0x0000000084100000, 0x0000000084100000|100%| O|  |TAMS 0x0000000084100000, 0x0000000084000000| Untracked 
|  65|0x0000000084100000, 0x0000000084200000, 0x0000000084200000|100%| O|  |TAMS 0x0000000084200000, 0x0000000084100000| Untracked 
|  66|0x0000000084200000, 0x0000000084300000, 0x0000000084300000|100%| O|  |TAMS 0x0000000084300000, 0x0000000084200000| Untracked 
|  67|0x0000000084300000, 0x0000000084400000, 0x0000000084400000|100%| O|  |TAMS 0x0000000084400000, 0x0000000084300000| Untracked 
|  68|0x0000000084400000, 0x0000000084500000, 0x0000000084500000|100%| O|  |TAMS 0x0000000084500000, 0x0000000084400000| Untracked 
|  69|0x0000000084500000, 0x0000000084600000, 0x0000000084600000|100%| O|  |TAMS 0x0000000084600000, 0x0000000084500000| Untracked 
|  70|0x0000000084600000, 0x0000000084700000, 0x0000000084700000|100%| O|  |TAMS 0x0000000084700000, 0x0000000084600000| Untracked 
|  71|0x0000000084700000, 0x0000000084800000, 0x0000000084800000|100%| O|  |TAMS 0x0000000084800000, 0x0000000084700000| Untracked 
|  72|0x0000000084800000, 0x0000000084900000, 0x0000000084900000|100%| O|  |TAMS 0x0000000084900000, 0x0000000084800000| Untracked 
|  73|0x0000000084900000, 0x0000000084a00000, 0x0000000084a00000|100%| O|  |TAMS 0x0000000084a00000, 0x0000000084900000| Untracked 
|  74|0x0000000084a00000, 0x0000000084b00000, 0x0000000084b00000|100%| O|  |TAMS 0x0000000084b00000, 0x0000000084a00000| Untracked 
|  75|0x0000000084b00000, 0x0000000084c00000, 0x0000000084c00000|100%| O|  |TAMS 0x0000000084c00000, 0x0000000084b00000| Untracked 
|  76|0x0000000084c00000, 0x0000000084d00000, 0x0000000084d00000|100%| O|  |TAMS 0x0000000084d00000, 0x0000000084c00000| Untracked 
|  77|0x0000000084d00000, 0x0000000084e00000, 0x0000000084e00000|100%| O|  |TAMS 0x0000000084e00000, 0x0000000084d00000| Untracked 
|  78|0x0000000084e00000, 0x0000000084f00000, 0x0000000084f00000|100%| O|  |TAMS 0x0000000084f00000, 0x0000000084e00000| Untracked 
|  79|0x0000000084f00000, 0x0000000085000000, 0x0000000085000000|100%| O|  |TAMS 0x0000000085000000, 0x0000000084f00000| Untracked 
|  80|0x0000000085000000, 0x0000000085100000, 0x0000000085100000|100%| O|  |TAMS 0x0000000085100000, 0x0000000085000000| Untracked 
|  81|0x0000000085100000, 0x0000000085200000, 0x0000000085200000|100%| O|  |TAMS 0x0000000085200000, 0x0000000085100000| Untracked 
|  82|0x0000000085200000, 0x0000000085300000, 0x0000000085300000|100%| O|  |TAMS 0x0000000085300000, 0x0000000085200000| Untracked 
|  83|0x0000000085300000, 0x0000000085400000, 0x0000000085400000|100%| O|  |TAMS 0x0000000085400000, 0x0000000085300000| Untracked 
|  84|0x0000000085400000, 0x0000000085500000, 0x0000000085500000|100%| O|  |TAMS 0x0000000085500000, 0x0000000085400000| Untracked 
|  85|0x0000000085500000, 0x0000000085600000, 0x0000000085600000|100%| O|  |TAMS 0x0000000085600000, 0x0000000085500000| Untracked 
|  86|0x0000000085600000, 0x0000000085700000, 0x0000000085700000|100%| O|  |TAMS 0x0000000085700000, 0x0000000085600000| Untracked 
|  87|0x0000000085700000, 0x0000000085800000, 0x0000000085800000|100%| O|  |TAMS 0x0000000085800000, 0x0000000085700000| Untracked 
|  88|0x0000000085800000, 0x0000000085900000, 0x0000000085900000|100%| O|  |TAMS 0x0000000085900000, 0x0000000085800000| Untracked 
|  89|0x0000000085900000, 0x0000000085a00000, 0x0000000085a00000|100%| O|  |TAMS 0x0000000085a00000, 0x0000000085900000| Untracked 
|  90|0x0000000085a00000, 0x0000000085b00000, 0x0000000085b00000|100%| O|  |TAMS 0x0000000085b00000, 0x0000000085a00000| Untracked 
|  91|0x0000000085b00000, 0x0000000085c00000, 0x0000000085c00000|100%|HS|  |TAMS 0x0000000085c00000, 0x0000000085b00000| Complete 
|  92|0x0000000085c00000, 0x0000000085d00000, 0x0000000085d00000|100%|HC|  |TAMS 0x0000000085d00000, 0x0000000085c00000| Complete 
|  93|0x0000000085d00000, 0x0000000085e00000, 0x0000000085e00000|100%| O|  |TAMS 0x0000000085e00000, 0x0000000085d00000| Untracked 
|  94|0x0000000085e00000, 0x0000000085f00000, 0x0000000085f00000|100%| O|  |TAMS 0x0000000085f00000, 0x0000000085e00000| Untracked 
|  95|0x0000000085f00000, 0x0000000086000000, 0x0000000086000000|100%| O|  |TAMS 0x0000000086000000, 0x0000000085f00000| Untracked 
|  96|0x0000000086000000, 0x0000000086100000, 0x0000000086100000|100%| O|  |TAMS 0x0000000086100000, 0x0000000086000000| Untracked 
|  97|0x0000000086100000, 0x0000000086200000, 0x0000000086200000|100%| O|  |TAMS 0x0000000086200000, 0x0000000086100000| Untracked 
|  98|0x0000000086200000, 0x0000000086300000, 0x0000000086300000|100%| O|  |TAMS 0x0000000086300000, 0x0000000086200000| Untracked 
|  99|0x0000000086300000, 0x0000000086400000, 0x0000000086400000|100%| O|  |TAMS 0x0000000086400000, 0x0000000086300000| Untracked 
| 100|0x0000000086400000, 0x0000000086500000, 0x0000000086500000|100%| O|  |TAMS 0x0000000086500000, 0x0000000086400000| Untracked 
| 101|0x0000000086500000, 0x0000000086600000, 0x0000000086600000|100%| O|  |TAMS 0x0000000086600000, 0x0000000086500000| Untracked 
| 102|0x0000000086600000, 0x0000000086700000, 0x0000000086700000|100%| O|  |TAMS 0x0000000086700000, 0x0000000086600000| Untracked 
| 103|0x0000000086700000, 0x0000000086800000, 0x0000000086800000|100%| O|  |TAMS 0x0000000086800000, 0x0000000086700000| Untracked 
| 104|0x0000000086800000, 0x0000000086900000, 0x0000000086900000|100%| O|  |TAMS 0x0000000086900000, 0x0000000086800000| Untracked 
| 105|0x0000000086900000, 0x0000000086a00000, 0x0000000086a00000|100%| O|  |TAMS 0x0000000086a00000, 0x0000000086900000| Untracked 
| 106|0x0000000086a00000, 0x0000000086b00000, 0x0000000086b00000|100%| O|  |TAMS 0x0000000086b00000, 0x0000000086a00000| Untracked 
| 107|0x0000000086b00000, 0x0000000086c00000, 0x0000000086c00000|100%| O|  |TAMS 0x0000000086c00000, 0x0000000086b00000| Untracked 
| 108|0x0000000086c00000, 0x0000000086d00000, 0x0000000086d00000|100%| O|  |TAMS 0x0000000086d00000, 0x0000000086c00000| Untracked 
| 109|0x0000000086d00000, 0x0000000086e00000, 0x0000000086e00000|100%| O|  |TAMS 0x0000000086e00000, 0x0000000086d00000| Untracked 
| 110|0x0000000086e00000, 0x0000000086f00000, 0x0000000086f00000|100%| O|  |TAMS 0x0000000086f00000, 0x0000000086e00000| Untracked 
| 111|0x0000000086f00000, 0x0000000087000000, 0x0000000087000000|100%| O|  |TAMS 0x0000000087000000, 0x0000000086f00000| Untracked 
| 112|0x0000000087000000, 0x0000000087100000, 0x0000000087100000|100%| O|  |TAMS 0x0000000087100000, 0x0000000087000000| Untracked 
| 113|0x0000000087100000, 0x0000000087200000, 0x0000000087200000|100%| O|  |TAMS 0x0000000087200000, 0x0000000087100000| Untracked 
| 114|0x0000000087200000, 0x0000000087300000, 0x0000000087300000|100%| O|  |TAMS 0x0000000087300000, 0x0000000087200000| Untracked 
| 115|0x0000000087300000, 0x0000000087400000, 0x0000000087400000|100%| O|  |TAMS 0x0000000087400000, 0x0000000087300000| Untracked 
| 116|0x0000000087400000, 0x0000000087500000, 0x0000000087500000|100%| O|  |TAMS 0x0000000087500000, 0x0000000087400000| Untracked 
| 117|0x0000000087500000, 0x0000000087600000, 0x0000000087600000|100%| O|  |TAMS 0x0000000087600000, 0x0000000087500000| Untracked 
| 118|0x0000000087600000, 0x0000000087700000, 0x0000000087700000|100%| O|  |TAMS 0x0000000087700000, 0x0000000087600000| Untracked 
| 119|0x0000000087700000, 0x0000000087800000, 0x0000000087800000|100%| O|  |TAMS 0x0000000087800000, 0x0000000087700000| Untracked 
| 120|0x0000000087800000, 0x0000000087900000, 0x0000000087900000|100%| O|  |TAMS 0x0000000087900000, 0x0000000087800000| Untracked 
| 121|0x0000000087900000, 0x0000000087a00000, 0x0000000087a00000|100%| O|  |TAMS 0x0000000087a00000, 0x0000000087900000| Untracked 
| 122|0x0000000087a00000, 0x0000000087b00000, 0x0000000087b00000|100%| O|  |TAMS 0x0000000087b00000, 0x0000000087a00000| Untracked 
| 123|0x0000000087b00000, 0x0000000087c00000, 0x0000000087c00000|100%| O|  |TAMS 0x0000000087c00000, 0x0000000087b00000| Untracked 
| 124|0x0000000087c00000, 0x0000000087d00000, 0x0000000087d00000|100%| O|  |TAMS 0x0000000087d00000, 0x0000000087c00000| Untracked 
| 125|0x0000000087d00000, 0x0000000087e00000, 0x0000000087e00000|100%| O|  |TAMS 0x0000000087e00000, 0x0000000087d00000| Untracked 
| 126|0x0000000087e00000, 0x0000000087f00000, 0x0000000087f00000|100%| O|  |TAMS 0x0000000087f00000, 0x0000000087e00000| Untracked 
| 127|0x0000000087f00000, 0x0000000088000000, 0x0000000088000000|100%| O|  |TAMS 0x0000000087fe0e00, 0x0000000087f00000| Untracked 
| 128|0x0000000088000000, 0x0000000088100000, 0x0000000088100000|100%| O|  |TAMS 0x0000000088000000, 0x0000000088000000| Untracked 
| 129|0x0000000088100000, 0x0000000088200000, 0x0000000088200000|100%| O|  |TAMS 0x0000000088100000, 0x0000000088100000| Untracked 
| 130|0x0000000088200000, 0x0000000088300000, 0x0000000088300000|100%| O|  |TAMS 0x0000000088200000, 0x0000000088200000| Untracked 
| 131|0x0000000088300000, 0x0000000088400000, 0x0000000088400000|100%| O|  |TAMS 0x0000000088300000, 0x0000000088300000| Untracked 
| 132|0x0000000088400000, 0x0000000088500000, 0x0000000088500000|100%| O|  |TAMS 0x0000000088400000, 0x0000000088400000| Untracked 
| 133|0x0000000088500000, 0x0000000088600000, 0x0000000088600000|100%| O|  |TAMS 0x0000000088500000, 0x0000000088500000| Untracked 
| 134|0x0000000088600000, 0x0000000088623c00, 0x0000000088700000| 13%| O|  |TAMS 0x0000000088600000, 0x0000000088600000| Untracked 
| 135|0x0000000088700000, 0x0000000088700000, 0x0000000088800000|  0%| F|  |TAMS 0x0000000088700000, 0x0000000088700000| Untracked 
| 136|0x0000000088800000, 0x0000000088800000, 0x0000000088900000|  0%| F|  |TAMS 0x0000000088800000, 0x0000000088800000| Untracked 
| 137|0x0000000088900000, 0x0000000088900000, 0x0000000088a00000|  0%| F|  |TAMS 0x0000000088900000, 0x0000000088900000| Untracked 
| 138|0x0000000088a00000, 0x0000000088a00000, 0x0000000088b00000|  0%| F|  |TAMS 0x0000000088a00000, 0x0000000088a00000| Untracked 
| 139|0x0000000088b00000, 0x0000000088b00000, 0x0000000088c00000|  0%| F|  |TAMS 0x0000000088b00000, 0x0000000088b00000| Untracked 
| 140|0x0000000088c00000, 0x0000000088c00000, 0x0000000088d00000|  0%| F|  |TAMS 0x0000000088c00000, 0x0000000088c00000| Untracked 
| 141|0x0000000088d00000, 0x0000000088d00000, 0x0000000088e00000|  0%| F|  |TAMS 0x0000000088d00000, 0x0000000088d00000| Untracked 
| 142|0x0000000088e00000, 0x0000000088e00000, 0x0000000088f00000|  0%| F|  |TAMS 0x0000000088e00000, 0x0000000088e00000| Untracked 
| 143|0x0000000088f00000, 0x0000000088f00000, 0x0000000089000000|  0%| F|  |TAMS 0x0000000088f00000, 0x0000000088f00000| Untracked 
| 144|0x0000000089000000, 0x0000000089000000, 0x0000000089100000|  0%| F|  |TAMS 0x0000000089000000, 0x0000000089000000| Untracked 
| 145|0x0000000089100000, 0x0000000089100000, 0x0000000089200000|  0%| F|  |TAMS 0x0000000089100000, 0x0000000089100000| Untracked 
| 146|0x0000000089200000, 0x0000000089200000, 0x0000000089300000|  0%| F|  |TAMS 0x0000000089200000, 0x0000000089200000| Untracked 
| 147|0x0000000089300000, 0x0000000089300000, 0x0000000089400000|  0%| F|  |TAMS 0x0000000089300000, 0x0000000089300000| Untracked 
| 148|0x0000000089400000, 0x0000000089400000, 0x0000000089500000|  0%| F|  |TAMS 0x0000000089400000, 0x0000000089400000| Untracked 
| 149|0x0000000089500000, 0x0000000089500000, 0x0000000089600000|  0%| F|  |TAMS 0x0000000089500000, 0x0000000089500000| Untracked 
| 150|0x0000000089600000, 0x0000000089600000, 0x0000000089700000|  0%| F|  |TAMS 0x0000000089600000, 0x0000000089600000| Untracked 
| 151|0x0000000089700000, 0x0000000089700000, 0x0000000089800000|  0%| F|  |TAMS 0x0000000089700000, 0x0000000089700000| Untracked 
| 152|0x0000000089800000, 0x0000000089800000, 0x0000000089900000|  0%| F|  |TAMS 0x0000000089800000, 0x0000000089800000| Untracked 
| 153|0x0000000089900000, 0x0000000089900000, 0x0000000089a00000|  0%| F|  |TAMS 0x0000000089900000, 0x0000000089900000| Untracked 
| 154|0x0000000089a00000, 0x0000000089a00000, 0x0000000089b00000|  0%| F|  |TAMS 0x0000000089a00000, 0x0000000089a00000| Untracked 
| 155|0x0000000089b00000, 0x0000000089b00000, 0x0000000089c00000|  0%| F|  |TAMS 0x0000000089b00000, 0x0000000089b00000| Untracked 
| 156|0x0000000089c00000, 0x0000000089c00000, 0x0000000089d00000|  0%| F|  |TAMS 0x0000000089c00000, 0x0000000089c00000| Untracked 
| 157|0x0000000089d00000, 0x0000000089d00000, 0x0000000089e00000|  0%| F|  |TAMS 0x0000000089d00000, 0x0000000089d00000| Untracked 
| 158|0x0000000089e00000, 0x0000000089e00000, 0x0000000089f00000|  0%| F|  |TAMS 0x0000000089e00000, 0x0000000089e00000| Untracked 
| 159|0x0000000089f00000, 0x0000000089f00000, 0x000000008a000000|  0%| F|  |TAMS 0x0000000089f00000, 0x0000000089f00000| Untracked 
| 160|0x000000008a000000, 0x000000008a0b2ac0, 0x000000008a100000| 69%| S|CS|TAMS 0x000000008a000000, 0x000000008a000000| Complete 
| 161|0x000000008a100000, 0x000000008a100000, 0x000000008a200000|  0%| F|  |TAMS 0x000000008a100000, 0x000000008a100000| Untracked 
| 162|0x000000008a200000, 0x000000008a200000, 0x000000008a300000|  0%| F|  |TAMS 0x000000008a200000, 0x000000008a200000| Untracked 
| 163|0x000000008a300000, 0x000000008a300000, 0x000000008a400000|  0%| F|  |TAMS 0x000000008a300000, 0x000000008a300000| Untracked 
| 164|0x000000008a400000, 0x000000008a500000, 0x000000008a500000|100%| S|CS|TAMS 0x000000008a400000, 0x000000008a400000| Complete 
| 165|0x000000008a500000, 0x000000008a600000, 0x000000008a600000|100%| S|CS|TAMS 0x000000008a500000, 0x000000008a500000| Complete 
| 166|0x000000008a600000, 0x000000008a600000, 0x000000008a700000|  0%| F|  |TAMS 0x000000008a600000, 0x000000008a600000| Untracked 
| 167|0x000000008a700000, 0x000000008a700000, 0x000000008a800000|  0%| F|  |TAMS 0x000000008a700000, 0x000000008a700000| Untracked 
| 168|0x000000008a800000, 0x000000008a800000, 0x000000008a900000|  0%| F|  |TAMS 0x000000008a800000, 0x000000008a800000| Untracked 
| 169|0x000000008a900000, 0x000000008a900000, 0x000000008aa00000|  0%| F|  |TAMS 0x000000008a900000, 0x000000008a900000| Untracked 
| 170|0x000000008aa00000, 0x000000008aa00000, 0x000000008ab00000|  0%| F|  |TAMS 0x000000008aa00000, 0x000000008aa00000| Untracked 
| 171|0x000000008ab00000, 0x000000008ab00000, 0x000000008ac00000|  0%| F|  |TAMS 0x000000008ab00000, 0x000000008ab00000| Untracked 
| 172|0x000000008ac00000, 0x000000008ac00000, 0x000000008ad00000|  0%| F|  |TAMS 0x000000008ac00000, 0x000000008ac00000| Untracked 
| 173|0x000000008ad00000, 0x000000008ad00000, 0x000000008ae00000|  0%| F|  |TAMS 0x000000008ad00000, 0x000000008ad00000| Untracked 
| 174|0x000000008ae00000, 0x000000008ae00000, 0x000000008af00000|  0%| F|  |TAMS 0x000000008ae00000, 0x000000008ae00000| Untracked 
| 175|0x000000008af00000, 0x000000008af00000, 0x000000008b000000|  0%| F|  |TAMS 0x000000008af00000, 0x000000008af00000| Untracked 
| 176|0x000000008b000000, 0x000000008b000000, 0x000000008b100000|  0%| F|  |TAMS 0x000000008b000000, 0x000000008b000000| Untracked 
| 177|0x000000008b100000, 0x000000008b100000, 0x000000008b200000|  0%| F|  |TAMS 0x000000008b100000, 0x000000008b100000| Untracked 
| 178|0x000000008b200000, 0x000000008b200000, 0x000000008b300000|  0%| F|  |TAMS 0x000000008b200000, 0x000000008b200000| Untracked 
| 179|0x000000008b300000, 0x000000008b300000, 0x000000008b400000|  0%| F|  |TAMS 0x000000008b300000, 0x000000008b300000| Untracked 
| 180|0x000000008b400000, 0x000000008b400000, 0x000000008b500000|  0%| F|  |TAMS 0x000000008b400000, 0x000000008b400000| Untracked 
| 181|0x000000008b500000, 0x000000008b500000, 0x000000008b600000|  0%| F|  |TAMS 0x000000008b500000, 0x000000008b500000| Untracked 
| 182|0x000000008b600000, 0x000000008b600000, 0x000000008b700000|  0%| F|  |TAMS 0x000000008b600000, 0x000000008b600000| Untracked 
| 183|0x000000008b700000, 0x000000008b700000, 0x000000008b800000|  0%| F|  |TAMS 0x000000008b700000, 0x000000008b700000| Untracked 
| 184|0x000000008b800000, 0x000000008b800000, 0x000000008b900000|  0%| F|  |TAMS 0x000000008b800000, 0x000000008b800000| Untracked 

Card table byte_map: [0x000001ee24030000,0x000001ee24430000] _byte_map_base: 0x000001ee23c30000

Marking Bits (Prev, Next): (CMBitMap*) 0x000001ee0c5143c8, (CMBitMap*) 0x000001ee0c514400
 Prev Bits: [0x000001ee24830000, 0x000001ee26830000)
 Next Bits: [0x000001ee26830000, 0x000001ee28830000)

Polling page: 0x000001ee0a420000

Metaspace:

Usage:
  Non-class:     92.56 MB capacity,    90.74 MB ( 98%) used,     1.50 MB (  2%) free+waste,   331.75 KB ( <1%) overhead. 
      Class:     14.78 MB capacity,    13.58 MB ( 92%) used,     1.05 MB (  7%) free+waste,   154.13 KB (  1%) overhead. 
       Both:    107.34 MB capacity,   104.32 MB ( 97%) used,     2.54 MB (  2%) free+waste,   485.88 KB ( <1%) overhead. 

Virtual space:
  Non-class space:       94.00 MB reserved,      92.62 MB ( 99%) committed 
      Class space:      504.00 MB reserved,      14.90 MB (  3%) committed 
             Both:      598.00 MB reserved,     107.52 MB ( 18%) committed 

Chunk freelists:
   Non-Class:  67.00 KB
       Class:  65.00 KB
        Both:  132.00 KB

MaxMetaspaceSize: 512.00 MB
CompressedClassSpaceSize: 504.00 MB
Initial GC threshold: 20.80 MB
Current GC threshold: 178.16 MB
CDS: off

CodeHeap 'non-profiled nmethods': size=120064Kb used=8315Kb max_used=8315Kb free=111748Kb
 bounds [0x000001ee1c6f0000, 0x000001ee1cf10000, 0x000001ee23c30000]
CodeHeap 'profiled nmethods': size=120000Kb used=29118Kb max_used=29118Kb free=90881Kb
 bounds [0x000001ee151c0000, 0x000001ee16e30000, 0x000001ee1c6f0000]
CodeHeap 'non-nmethods': size=5696Kb used=2407Kb max_used=2484Kb free=3288Kb
 bounds [0x000001ee14c30000, 0x000001ee14eb0000, 0x000001ee151c0000]
 total_blobs=13855 nmethods=12919 adapters=848
 compilation: enabled
              stopped_count=0, restarted_count=0
 full_count=0

Compilation events (20 events):
Event: 56.658 Thread 0x000001ee2b662000 13017       1       com.android.tools.r8.internal.f7::s (2 bytes)
Event: 56.658 Thread 0x000001ee2b662000 nmethod 13017 0x000001ee1cf0d090 code [0x000001ee1cf0d240, 0x000001ee1cf0d2f8]
Event: 56.658 Thread 0x000001ee2b662000 13016       1       com.android.tools.r8.internal.gk::G1 (2 bytes)
Event: 56.658 Thread 0x000001ee2b662000 nmethod 13016 0x000001ee1cf0d390 code [0x000001ee1cf0d540, 0x000001ee1cf0d5f8]
Event: 56.658 Thread 0x000001ee2b662000 13011       1       com.android.tools.r8.internal.Nv::e (2 bytes)
Event: 56.658 Thread 0x000001ee2b662000 nmethod 13011 0x000001ee1cf0d690 code [0x000001ee1cf0d840, 0x000001ee1cf0d8f8]
Event: 56.661 Thread 0x000001ee2d847000 nmethod 12651 0x000001ee1cf0d990 code [0x000001ee1cf0db20, 0x000001ee1cf0ddf8]
Event: 56.661 Thread 0x000001ee2d847000 12792       4       java.util.IdentityHashMap::nextKeyIndex (15 bytes)
Event: 56.661 Thread 0x000001ee2d847000 nmethod 12792 0x000001ee1cf0de90 code [0x000001ee1cf0e020, 0x000001ee1cf0e078]
Event: 56.661 Thread 0x000001ee2d847000 12658       4       com.android.tools.r8.graph.e0::equals (37 bytes)
Event: 56.662 Thread 0x000001ee2b662000 13030 %     3       com.android.tools.r8.internal.oh::a @ 85 (990 bytes)
Event: 56.667 Thread 0x000001ee2b662000 nmethod 13030% 0x000001ee16e27490 code [0x000001ee16e27920, 0x000001ee16e2aba8]
Event: 56.667 Thread 0x000001ee2b662000 13031       3       com.android.tools.r8.internal.oh::a (990 bytes)
Event: 56.669 Thread 0x000001ee2d847000 nmethod 12658 0x000001ee1cf0e190 code [0x000001ee1cf0e340, 0x000001ee1cf0e698]
Event: 56.669 Thread 0x000001ee2d847000 12652       4       com.android.tools.r8.internal.Xv::<init> (53 bytes)
Event: 56.672 Thread 0x000001ee2b662000 nmethod 13031 0x000001ee16e2b710 code [0x000001ee16e2bba0, 0x000001ee16e2ed08]
Event: 56.674 Thread 0x000001ee2d847000 nmethod 12652 0x000001ee1cf0e910 code [0x000001ee1cf0eaa0, 0x000001ee1cf0ed78]
Event: 56.674 Thread 0x000001ee2d847000 13033       4       com.android.tools.r8.graph.a0::g (62 bytes)
Event: 56.678 Thread 0x000001ee2b662000 13036       2       com.android.tools.r8.internal.g7::a (17 bytes)
Event: 56.679 Thread 0x000001ee2b662000 nmethod 13036 0x000001ee16e2f810 code [0x000001ee16e2f9c0, 0x000001ee16e2fae8]

GC Heap History (20 events):
Event: 53.460 GC heap after
{Heap after GC invocations=32 (full 0):
 garbage-first heap   total 157696K, used 108667K [0x0000000080000000, 0x0000000100000000)
  region size 1024K, 5 young (5120K), 5 survivors (5120K)
 Metaspace       used 99747K, capacity 102580K, committed 102676K, reserved 606208K
  class space    used 12853K, capacity 13948K, committed 13976K, reserved 516096K
}
Event: 53.862 GC heap before
{Heap before GC invocations=32 (full 0):
 garbage-first heap   total 157696K, used 131195K [0x0000000080000000, 0x0000000100000000)
  region size 1024K, 28 young (28672K), 5 survivors (5120K)
 Metaspace       used 101159K, capacity 104070K, committed 104212K, reserved 606208K
  class space    used 13048K, capacity 14197K, committed 14232K, reserved 516096K
}
Event: 53.873 GC heap after
{Heap after GC invocations=33 (full 0):
 garbage-first heap   total 157696K, used 110568K [0x0000000080000000, 0x0000000100000000)
  region size 1024K, 4 young (4096K), 4 survivors (4096K)
 Metaspace       used 101159K, capacity 104070K, committed 104212K, reserved 606208K
  class space    used 13048K, capacity 14197K, committed 14232K, reserved 516096K
}
Event: 54.255 GC heap before
{Heap before GC invocations=33 (full 0):
 garbage-first heap   total 157696K, used 131048K [0x0000000080000000, 0x0000000100000000)
  region size 1024K, 25 young (25600K), 4 survivors (4096K)
 Metaspace       used 101638K, capacity 104532K, committed 104852K, reserved 608256K
  class space    used 13100K, capacity 14240K, committed 14360K, reserved 516096K
}
Event: 54.270 GC heap after
{Heap after GC invocations=34 (full 0):
 garbage-first heap   total 157696K, used 115098K [0x0000000080000000, 0x0000000100000000)
  region size 1024K, 4 young (4096K), 4 survivors (4096K)
 Metaspace       used 101638K, capacity 104532K, committed 104852K, reserved 608256K
  class space    used 13100K, capacity 14240K, committed 14360K, reserved 516096K
}
Event: 54.520 GC heap before
{Heap before GC invocations=35 (full 0):
 garbage-first heap   total 157696K, used 130458K [0x0000000080000000, 0x0000000100000000)
  region size 1024K, 20 young (20480K), 4 survivors (4096K)
 Metaspace       used 101995K, capacity 104929K, committed 105108K, reserved 608256K
  class space    used 13159K, capacity 14310K, committed 14360K, reserved 516096K
}
Event: 54.534 GC heap after
{Heap after GC invocations=36 (full 0):
 garbage-first heap   total 157696K, used 118784K [0x0000000080000000, 0x0000000100000000)
  region size 1024K, 3 young (3072K), 3 survivors (3072K)
 Metaspace       used 101995K, capacity 104929K, committed 105108K, reserved 608256K
  class space    used 13159K, capacity 14310K, committed 14360K, reserved 516096K
}
Event: 54.700 GC heap before
{Heap before GC invocations=36 (full 0):
 garbage-first heap   total 157696K, used 132096K [0x0000000080000000, 0x0000000100000000)
  region size 1024K, 17 young (17408K), 3 survivors (3072K)
 Metaspace       used 103138K, capacity 106061K, committed 106388K, reserved 608256K
  class space    used 13323K, capacity 14474K, committed 14616K, reserved 516096K
}
Event: 54.716 GC heap after
{Heap after GC invocations=37 (full 0):
 garbage-first heap   total 157696K, used 121918K [0x0000000080000000, 0x0000000100000000)
  region size 1024K, 3 young (3072K), 3 survivors (3072K)
 Metaspace       used 103138K, capacity 106061K, committed 106388K, reserved 608256K
  class space    used 13323K, capacity 14474K, committed 14616K, reserved 516096K
}
Event: 54.992 GC heap before
{Heap before GC invocations=37 (full 0):
 garbage-first heap   total 157696K, used 133182K [0x0000000080000000, 0x0000000100000000)
  region size 1024K, 14 young (14336K), 3 survivors (3072K)
 Metaspace       used 103581K, capacity 106502K, committed 106644K, reserved 608256K
  class space    used 13354K, capacity 14514K, committed 14616K, reserved 516096K
}
Event: 55.003 GC heap after
{Heap after GC invocations=38 (full 0):
 garbage-first heap   total 157696K, used 124393K [0x0000000080000000, 0x0000000100000000)
  region size 1024K, 2 young (2048K), 2 survivors (2048K)
 Metaspace       used 103581K, capacity 106502K, committed 106644K, reserved 608256K
  class space    used 13354K, capacity 14514K, committed 14616K, reserved 516096K
}
Event: 55.201 GC heap before
{Heap before GC invocations=38 (full 0):
 garbage-first heap   total 157696K, used 134633K [0x0000000080000000, 0x0000000100000000)
  region size 1024K, 12 young (12288K), 2 survivors (2048K)
 Metaspace       used 103846K, capacity 106780K, committed 107028K, reserved 610304K
  class space    used 13409K, capacity 14600K, committed 14744K, reserved 516096K
}
Event: 55.219 GC heap after
{Heap after GC invocations=39 (full 0):
 garbage-first heap   total 189440K, used 126884K [0x0000000080000000, 0x0000000100000000)
  region size 1024K, 2 young (2048K), 2 survivors (2048K)
 Metaspace       used 103846K, capacity 106780K, committed 107028K, reserved 610304K
  class space    used 13409K, capacity 14600K, committed 14744K, reserved 516096K
}
Event: 55.488 GC heap before
{Heap before GC invocations=40 (full 0):
 garbage-first heap   total 189440K, used 148388K [0x0000000080000000, 0x0000000100000000)
  region size 1024K, 23 young (23552K), 2 survivors (2048K)
 Metaspace       used 104123K, capacity 107120K, committed 107284K, reserved 610304K
  class space    used 13455K, capacity 14669K, committed 14744K, reserved 516096K
}
Event: 55.504 GC heap after
{Heap after GC invocations=41 (full 0):
 garbage-first heap   total 189440K, used 130705K [0x0000000080000000, 0x0000000100000000)
  region size 1024K, 3 young (3072K), 3 survivors (3072K)
 Metaspace       used 104123K, capacity 107120K, committed 107284K, reserved 610304K
  class space    used 13455K, capacity 14669K, committed 14744K, reserved 516096K
}
Event: 55.754 GC heap before
{Heap before GC invocations=41 (full 0):
 garbage-first heap   total 189440K, used 150161K [0x0000000080000000, 0x0000000100000000)
  region size 1024K, 23 young (23552K), 3 survivors (3072K)
 Metaspace       used 105124K, capacity 108158K, committed 108308K, reserved 610304K
  class space    used 13666K, capacity 14893K, committed 15000K, reserved 516096K
}
Event: 55.771 GC heap after
{Heap after GC invocations=42 (full 0):
 garbage-first heap   total 189440K, used 134019K [0x0000000080000000, 0x0000000100000000)
  region size 1024K, 3 young (3072K), 3 survivors (3072K)
 Metaspace       used 105124K, capacity 108158K, committed 108308K, reserved 610304K
  class space    used 13666K, capacity 14893K, committed 15000K, reserved 516096K
}
Event: 56.177 GC heap before
{Heap before GC invocations=42 (full 0):
 garbage-first heap   total 189440K, used 154499K [0x0000000080000000, 0x0000000100000000)
  region size 1024K, 23 young (23552K), 3 survivors (3072K)
 Metaspace       used 106071K, capacity 109170K, committed 109460K, reserved 612352K
  class space    used 13804K, capacity 15040K, committed 15128K, reserved 516096K
}
Event: 56.192 GC heap after
{Heap after GC invocations=43 (full 0):
 garbage-first heap   total 189440K, used 137156K [0x0000000080000000, 0x0000000100000000)
  region size 1024K, 3 young (3072K), 3 survivors (3072K)
 Metaspace       used 106071K, capacity 109170K, committed 109460K, reserved 612352K
  class space    used 13804K, capacity 15040K, committed 15128K, reserved 516096K
}
Event: 56.688 GC heap before
{Heap before GC invocations=44 (full 0):
 garbage-first heap   total 189440K, used 156612K [0x0000000080000000, 0x0000000100000000)
  region size 1024K, 22 young (22528K), 3 survivors (3072K)
 Metaspace       used 106820K, capacity 109912K, committed 110100K, reserved 612352K
  class space    used 13906K, capacity 15135K, committed 15256K, reserved 516096K
}

Deoptimization events (20 events):
Event: 56.385 Thread 0x000001ee2c51d800 Uncommon trap: trap_request=0xffffff4d fr.pc=0x000001ee1ce9dd88 relative=0x0000000000000068
Event: 56.385 Thread 0x000001ee2c51d800 Uncommon trap: reason=unstable_if action=reinterpret pc=0x000001ee1ce9dd88 method=com.android.tools.r8.internal.DA.a(Ljava/lang/Object;[Lcom/android/tools/r8/internal/zf;I)Ljava/lang/Object; @ 5 c2
Event: 56.385 Thread 0x000001ee2c51d800 DEOPT PACKING pc=0x000001ee1ce9dd88 sp=0x000000d3d5ef9e00
Event: 56.385 Thread 0x000001ee2c51d800 DEOPT UNPACKING pc=0x000001ee14c7a1af sp=0x000000d3d5ef9d30 mode 2
Event: 56.392 Thread 0x000001ee2c51a800 Uncommon trap: trap_request=0xffffff4d fr.pc=0x000001ee1ceb868c relative=0x0000000000001b8c
Event: 56.392 Thread 0x000001ee2c51a800 Uncommon trap: reason=unstable_if action=reinterpret pc=0x000001ee1ceb868c method=com.android.tools.r8.internal.E9.e(Ljava/lang/String;)[Ljava/lang/String; @ 149 c2
Event: 56.398 Thread 0x000001ee2c51a800 DEOPT PACKING pc=0x000001ee1ceb868c sp=0x000000d3d5cf8e20
Event: 56.398 Thread 0x000001ee2c51a800 DEOPT UNPACKING pc=0x000001ee14c7a1af sp=0x000000d3d5cf8e08 mode 2
Event: 56.434 Thread 0x000001ee2c519800 DEOPT PACKING pc=0x000001ee16db0ec7 sp=0x000000d3d60f8820
Event: 56.434 Thread 0x000001ee2c519800 DEOPT UNPACKING pc=0x000001ee14c7a95e sp=0x000000d3d60f7c88 mode 0
Event: 56.526 Thread 0x000001ee2eb65800 Uncommon trap: trap_request=0xffffff4d fr.pc=0x000001ee1cebec94 relative=0x0000000000002cf4
Event: 56.526 Thread 0x000001ee2eb65800 Uncommon trap: reason=unstable_if action=reinterpret pc=0x000001ee1cebec94 method=com.android.tools.r8.graph.B0$d.c()V @ 72 c2
Event: 56.526 Thread 0x000001ee2eb65800 DEOPT PACKING pc=0x000001ee1cebec94 sp=0x000000d3d36f8f90
Event: 56.526 Thread 0x000001ee2eb65800 DEOPT UNPACKING pc=0x000001ee14c7a1af sp=0x000000d3d36f8f40 mode 2
Event: 56.539 Thread 0x000001ee2c51d800 Uncommon trap: trap_request=0xffffff4d fr.pc=0x000001ee1ce9da60 relative=0x0000000000000040
Event: 56.539 Thread 0x000001ee2c51d800 Uncommon trap: reason=unstable_if action=reinterpret pc=0x000001ee1ce9da60 method=com.android.tools.r8.internal.DA.a(Ljava/lang/Object;[Lcom/android/tools/r8/internal/zf;I)Ljava/lang/Object; @ 5 c2
Event: 56.539 Thread 0x000001ee2c51d800 DEOPT PACKING pc=0x000001ee1ce9da60 sp=0x000000d3d5ef9d80
Event: 56.539 Thread 0x000001ee2c51d800 DEOPT UNPACKING pc=0x000001ee14c7a1af sp=0x000000d3d5ef9d30 mode 2
Event: 56.669 Thread 0x000001ee2c51a800 DEOPT PACKING pc=0x000001ee16dcbda4 sp=0x000000d3d5cf8fd0
Event: 56.669 Thread 0x000001ee2c51a800 DEOPT UNPACKING pc=0x000001ee14c7a95e sp=0x000000d3d5cf84d8 mode 0

Classes redefined (0 events):
No events

Internal exceptions (20 events):
Event: 53.606 Thread 0x000001ee2c519800 Exception <a 'java/lang/IncompatibleClassChangeError'{0x0000000088b32c00}: Found class java.lang.Object, but interface was expected> (0x0000000088b32c00) thrown at [./src/hotspot/share/interpreter/linkResolver.cpp, line 839]
Event: 53.606 Thread 0x000001ee2eb65800 Exception <a 'java/lang/IncompatibleClassChangeError'{0x0000000088cdb8b8}: Found class java.lang.Object, but interface was expected> (0x0000000088cdb8b8) thrown at [./src/hotspot/share/interpreter/linkResolver.cpp, line 839]
Event: 54.058 Thread 0x000001ee2c51d800 Exception <a 'java/lang/NoSuchMethodError'{0x00000000894b9bc0}: 'int java.lang.invoke.DirectMethodHandle$Holder.invokeVirtual(java.lang.Object, java.lang.Object, java.lang.Object, java.lang.Object)'> (0x00000000894b9bc0) thrown at [./src/hotspot/share/interpreter/linkResolver.cpp, line 773]
Event: 54.058 Thread 0x000001ee2c519800 Exception <a 'java/lang/NoSuchMethodError'{0x00000000894c7988}: 'int java.lang.invoke.DirectMethodHandle$Holder.invokeVirtual(java.lang.Object, java.lang.Object, java.lang.Object, java.lang.Object)'> (0x00000000894c7988) thrown at [./src/hotspot/share/interpreter/linkResolver.cpp, line 773]
Event: 54.059 Thread 0x000001ee2eb65800 Exception <a 'java/lang/NoSuchMethodError'{0x000000008995ceb0}: 'int java.lang.invoke.DirectMethodHandle$Holder.invokeVirtual(java.lang.Object, java.lang.Object, java.lang.Object, java.lang.Object)'> (0x000000008995ceb0) thrown at [./src/hotspot/share/interpreter/linkResolver.cpp, line 773]
Event: 54.094 Thread 0x000001ee2c51d800 Exception <a 'java/lang/NoSuchMethodError'{0x00000000890ef8a0}: 'long java.lang.invoke.DirectMethodHandle$Holder.invokeStatic(java.lang.Object, java.lang.Object)'> (0x00000000890ef8a0) thrown at [./src/hotspot/share/interpreter/linkResolver.cpp, line 773]
Event: 54.362 Thread 0x000001ee2eb65800 Exception <a 'java/lang/IncompatibleClassChangeError'{0x00000000894280b8}: Found class java.lang.Object, but interface was expected> (0x00000000894280b8) thrown at [./src/hotspot/share/interpreter/linkResolver.cpp, line 839]
Event: 54.374 Thread 0x000001ee2c51d800 Exception <a 'java/lang/NoSuchMethodError'{0x00000000895ea268}: 'java.lang.Object java.lang.invoke.DirectMethodHandle$Holder.newInvokeSpecial(java.lang.Object, int)'> (0x00000000895ea268) thrown at [./src/hotspot/share/interpreter/linkResolver.cpp, line 773]
Event: 54.416 Thread 0x000001ee2c51d800 Exception <a 'java/lang/IncompatibleClassChangeError'{0x00000000895efea0}: Found class java.lang.Object, but interface was expected> (0x00000000895efea0) thrown at [./src/hotspot/share/interpreter/linkResolver.cpp, line 839]
Event: 54.416 Thread 0x000001ee2eb65800 Exception <a 'java/lang/IncompatibleClassChangeError'{0x000000008944f0a0}: Found class java.lang.Object, but interface was expected> (0x000000008944f0a0) thrown at [./src/hotspot/share/interpreter/linkResolver.cpp, line 839]
Event: 54.417 Thread 0x000001ee2c519800 Exception <a 'java/lang/IncompatibleClassChangeError'{0x00000000892408a8}: Found class java.lang.Object, but interface was expected> (0x00000000892408a8) thrown at [./src/hotspot/share/interpreter/linkResolver.cpp, line 839]
Event: 54.418 Thread 0x000001ee2c519800 Exception <a 'java/lang/IncompatibleClassChangeError'{0x000000008924ab58}: Found class java.lang.Object, but interface was expected> (0x000000008924ab58) thrown at [./src/hotspot/share/interpreter/linkResolver.cpp, line 839]
Event: 54.502 Thread 0x000001ee2c51d800 Exception <a 'java/lang/IncompatibleClassChangeError'{0x0000000088b72540}: Found class java.lang.Object, but interface was expected> (0x0000000088b72540) thrown at [./src/hotspot/share/interpreter/linkResolver.cpp, line 839]
Event: 55.095 Thread 0x000001ee2c519800 Exception <a 'java/lang/NoSuchMethodError'{0x00000000894c8f40}: 'java.lang.Object java.lang.invoke.DirectMethodHandle$Holder.invokeStatic(java.lang.Object, int, java.lang.Object, java.lang.Object)'> (0x00000000894c8f40) thrown at [./src/hotspot/share/interpreter/linkResolver.cpp, line 773]
Event: 55.220 Thread 0x000001ee2c519800 Implicit null exception at 0x000001ee1c8ff614 to 0x000001ee1c9009f4
Event: 55.224 Thread 0x000001ee2c519800 Exception <a 'java/lang/NoSuchMethodError'{0x000000008b802b20}: 'int java.lang.invoke.DirectMethodHandle$Holder.invokeSpecial(java.lang.Object, java.lang.Object, java.lang.Object, java.lang.Object, java.lang.Object, java.lang.Object, java.lang.Object, java.lang.Object, java.lang.Object)'> (0x000000008b802b20) thrown at [./src/hotspot/share/interpreter/linkResolver.cpp, line 773]
Event: 55.658 Thread 0x000001ee2c519800 Exception <a 'java/lang/NoSuchMethodError'{0x000000008ae9fe70}: 'java.lang.Object java.lang.invoke.DirectMethodHandle$Holder.invokeVirtual(java.lang.Object, java.lang.Object, int, java.lang.Object)'> (0x000000008ae9fe70) thrown at [./src/hotspot/share/interpreter/linkResolver.cpp, line 773]
Event: 55.658 Thread 0x000001ee2eb65800 Exception <a 'java/lang/NoSuchMethodError'{0x000000008ae7e750}: 'java.lang.Object java.lang.invoke.DirectMethodHandle$Holder.invokeVirtual(java.lang.Object, java.lang.Object, int, java.lang.Object)'> (0x000000008ae7e750) thrown at [./src/hotspot/share/interpreter/linkResolver.cpp, line 773]
Event: 55.658 Thread 0x000001ee2c51d800 Exception <a 'java/lang/NoSuchMethodError'{0x000000008aeae690}: 'java.lang.Object java.lang.invoke.DirectMethodHandle$Holder.invokeVirtual(java.lang.Object, java.lang.Object, int, java.lang.Object)'> (0x000000008aeae690) thrown at [./src/hotspot/share/interpreter/linkResolver.cpp, line 773]
Event: 55.701 Thread 0x000001ee2c519800 Exception <a 'java/lang/NoSuchMethodError'{0x000000008a712530}: 'void java.lang.invoke.DirectMethodHandle$Holder.invokeVirtual(java.lang.Object, java.lang.Object, int, java.lang.Object)'> (0x000000008a712530) thrown at [./src/hotspot/share/interpreter/linkResolver.cpp, line 773]

Events (20 events):
Event: 56.630 loading class com/android/tools/r8/graph/G$d done
Event: 56.631 loading class com/android/tools/r8/internal/ue
Event: 56.631 loading class com/android/tools/r8/internal/ue done
Event: 56.632 loading class com/android/tools/r8/internal/GE
Event: 56.632 loading class com/android/tools/r8/internal/GE done
Event: 56.632 loading class com/android/tools/r8/internal/GE
Event: 56.632 loading class com/android/tools/r8/internal/GE done
Event: 56.632 loading class com/android/tools/r8/internal/FE
Event: 56.632 loading class com/android/tools/r8/internal/FE done
Event: 56.632 loading class com/android/tools/r8/graph/E$b
Event: 56.632 loading class com/android/tools/r8/graph/E$b done
Event: 56.632 loading class com/android/tools/r8/graph/E$b
Event: 56.632 loading class com/android/tools/r8/graph/E$b done
Event: 56.633 loading class com/android/tools/r8/graph/E$b
Event: 56.633 loading class com/android/tools/r8/graph/E$b done
Event: 56.633 loading class com/android/tools/r8/graph/E$b
Event: 56.633 loading class com/android/tools/r8/graph/E$b done
Event: 56.647 loading class com/android/tools/r8/graph/G$d
Event: 56.647 loading class com/android/tools/r8/graph/G$d done
Event: 56.685 Executing VM operation: G1CollectForAllocation


Dynamic libraries:
0x00007ff70e300000 - 0x00007ff70e30d000 	C:\Program Files\OpenJDK\openjdk-11.0.15_10\bin\java.exe
0x00007ff9caeb0000 - 0x00007ff9cb0a7000 	C:\WINDOWS\SYSTEM32\ntdll.dll
0x00007ff9cac10000 - 0x00007ff9caccd000 	C:\WINDOWS\System32\KERNEL32.DLL
0x00007ff9c8810000 - 0x00007ff9c8add000 	C:\WINDOWS\System32\KERNELBASE.dll
0x00007ff9c8c80000 - 0x00007ff9c8d80000 	C:\WINDOWS\System32\ucrtbase.dll
0x00007ff9a56f0000 - 0x00007ff9a5706000 	C:\Program Files\OpenJDK\openjdk-11.0.15_10\bin\VCRUNTIME140.dll
0x00007ff9a5610000 - 0x00007ff9a5628000 	C:\Program Files\OpenJDK\openjdk-11.0.15_10\bin\jli.dll
0x00007ff9c9d10000 - 0x00007ff9c9eb0000 	C:\WINDOWS\System32\USER32.dll
0x00007ff9c8680000 - 0x00007ff9c86a2000 	C:\WINDOWS\System32\win32u.dll
0x00007ff9ca2c0000 - 0x00007ff9ca2ea000 	C:\WINDOWS\System32\GDI32.dll
0x00007ff9c8ae0000 - 0x00007ff9c8beb000 	C:\WINDOWS\System32\gdi32full.dll
0x00007ff9b8a90000 - 0x00007ff9b8d2a000 	C:\WINDOWS\WinSxS\amd64_microsoft.windows.common-controls_6595b64144ccf1df_6.0.19041.1110_none_60b5254171f9507e\COMCTL32.dll
0x00007ff9c8720000 - 0x00007ff9c87bd000 	C:\WINDOWS\System32\msvcp_win.dll
0x00007ff9ca2f0000 - 0x00007ff9ca38e000 	C:\WINDOWS\System32\msvcrt.dll
0x00007ff9c8f10000 - 0x00007ff9c8f40000 	C:\WINDOWS\System32\IMM32.DLL
0x00007ff989b40000 - 0x00007ff989bea000 	C:\Program Files\OpenJDK\openjdk-11.0.15_10\bin\msvcp140.dll
0x00007ff978240000 - 0x00007ff978d91000 	C:\Program Files\OpenJDK\openjdk-11.0.15_10\bin\server\jvm.dll
0x00007ff9c9560000 - 0x00007ff9c960e000 	C:\WINDOWS\System32\ADVAPI32.dll
0x00007ff9ca080000 - 0x00007ff9ca11c000 	C:\WINDOWS\System32\sechost.dll
0x00007ff9c9b30000 - 0x00007ff9c9c55000 	C:\WINDOWS\System32\RPCRT4.dll
0x00007ff9c9f10000 - 0x00007ff9c9f18000 	C:\WINDOWS\System32\PSAPI.DLL
0x00007ff9c02a0000 - 0x00007ff9c02a9000 	C:\WINDOWS\SYSTEM32\WSOCK32.dll
0x00007ff9cacd0000 - 0x00007ff9cad3b000 	C:\WINDOWS\System32\WS2_32.dll
0x00007ff9bb4b0000 - 0x00007ff9bb4d7000 	C:\WINDOWS\SYSTEM32\WINMM.dll
0x00007ff9bf190000 - 0x00007ff9bf19a000 	C:\WINDOWS\SYSTEM32\VERSION.dll
0x00007ff9c6eb0000 - 0x00007ff9c6ec2000 	C:\WINDOWS\SYSTEM32\kernel.appcore.dll
0x00007ff9a51a0000 - 0x00007ff9a51b1000 	C:\Program Files\OpenJDK\openjdk-11.0.15_10\bin\verify.dll
0x00007ff9c6b70000 - 0x00007ff9c6d54000 	C:\WINDOWS\SYSTEM32\DBGHELP.DLL
0x00007ff9c25c0000 - 0x00007ff9c25ec000 	C:\WINDOWS\SYSTEM32\dbgcore.DLL
0x00007ff9c8bf0000 - 0x00007ff9c8c72000 	C:\WINDOWS\System32\bcryptPrimitives.dll
0x00007ff9a5170000 - 0x00007ff9a5199000 	C:\Program Files\OpenJDK\openjdk-11.0.15_10\bin\java.dll
0x00007ff9a9a10000 - 0x00007ff9a9a1a000 	C:\Program Files\OpenJDK\openjdk-11.0.15_10\bin\jimage.dll
0x00007ff9a3bf0000 - 0x00007ff9a3c08000 	C:\Program Files\OpenJDK\openjdk-11.0.15_10\bin\zip.dll
0x00007ff9ca440000 - 0x00007ff9cab84000 	C:\WINDOWS\System32\SHELL32.dll
0x00007ff9c63d0000 - 0x00007ff9c6b64000 	C:\WINDOWS\SYSTEM32\windows.storage.dll
0x00007ff9c9690000 - 0x00007ff9c99e4000 	C:\WINDOWS\System32\combase.dll
0x00007ff9c8030000 - 0x00007ff9c805c000 	C:\WINDOWS\SYSTEM32\Wldp.dll
0x00007ff9ca390000 - 0x00007ff9ca43d000 	C:\WINDOWS\System32\SHCORE.dll
0x00007ff9c9eb0000 - 0x00007ff9c9f05000 	C:\WINDOWS\System32\shlwapi.dll
0x00007ff9c8510000 - 0x00007ff9c852f000 	C:\WINDOWS\SYSTEM32\profapi.dll
0x00007ff9a3bd0000 - 0x00007ff9a3be9000 	C:\Program Files\OpenJDK\openjdk-11.0.15_10\bin\net.dll
0x00007ff9c00d0000 - 0x00007ff9c01da000 	C:\WINDOWS\SYSTEM32\WINHTTP.dll
0x00007ff9c7d90000 - 0x00007ff9c7dfa000 	C:\WINDOWS\system32\mswsock.dll
0x00007ff9a31a0000 - 0x00007ff9a31b3000 	C:\Program Files\OpenJDK\openjdk-11.0.15_10\bin\nio.dll
0x00007ff9a8460000 - 0x00007ff9a8487000 	C:\Users\Tom\.gradle\native\e1d6ef7f7dcc3fd88c89a11ec53ec762bb8ba0a96d01ffa2cd45eb1d1d8dd5c5\windows-amd64\native-platform.dll
0x00007ff98ada0000 - 0x00007ff98aee4000 	C:\Users\Tom\.gradle\native\5664cfc778a61ccfe75a443a1ab52a65af34e5dc3c78e0209fed803814484fcb\windows-amd64\native-platform-file-events.dll
0x00007ff9a9a20000 - 0x00007ff9a9a29000 	C:\Program Files\OpenJDK\openjdk-11.0.15_10\bin\management.dll
0x00007ff9a6560000 - 0x00007ff9a656c000 	C:\Program Files\OpenJDK\openjdk-11.0.15_10\bin\management_ext.dll
0x00007ff9c7f80000 - 0x00007ff9c7f98000 	C:\WINDOWS\SYSTEM32\CRYPTSP.dll
0x00007ff9c7640000 - 0x00007ff9c7674000 	C:\WINDOWS\system32\rsaenh.dll
0x00007ff9c8d80000 - 0x00007ff9c8da7000 	C:\WINDOWS\System32\bcrypt.dll
0x00007ff9c8490000 - 0x00007ff9c84be000 	C:\WINDOWS\SYSTEM32\USERENV.dll
0x00007ff9c7fa0000 - 0x00007ff9c7fac000 	C:\WINDOWS\SYSTEM32\CRYPTBASE.dll
0x00007ff9c7a30000 - 0x00007ff9c7a6b000 	C:\WINDOWS\SYSTEM32\IPHLPAPI.DLL
0x00007ff9cad40000 - 0x00007ff9cad48000 	C:\WINDOWS\System32\NSI.dll
0x00007ff9c0490000 - 0x00007ff9c04a7000 	C:\WINDOWS\SYSTEM32\dhcpcsvc6.DLL
0x00007ff9c0eb0000 - 0x00007ff9c0ecd000 	C:\WINDOWS\SYSTEM32\dhcpcsvc.DLL
0x00007ff9c7ac0000 - 0x00007ff9c7b8b000 	C:\WINDOWS\SYSTEM32\DNSAPI.dll

dbghelp: loaded successfully - version: 4.0.5 - missing functions: none
symbol engine: initialized successfully - sym options: 0x614 - pdb path: .;C:\Program Files\OpenJDK\openjdk-11.0.15_10\bin;C:\WINDOWS\SYSTEM32;C:\WINDOWS\WinSxS\amd64_microsoft.windows.common-controls_6595b64144ccf1df_6.0.19041.1110_none_60b5254171f9507e;C:\Program Files\OpenJDK\openjdk-11.0.15_10\bin\server;C:\Users\Tom\.gradle\native\e1d6ef7f7dcc3fd88c89a11ec53ec762bb8ba0a96d01ffa2cd45eb1d1d8dd5c5\windows-amd64;C:\Users\Tom\.gradle\native\5664cfc778a61ccfe75a443a1ab52a65af34e5dc3c78e0209fed803814484fcb\windows-amd64

VM Arguments:
jvm_args: -XX:MaxMetaspaceSize=512m --add-opens=java.base/java.util=ALL-UNNAMED --add-opens=java.base/java.lang=ALL-UNNAMED --add-opens=java.base/java.lang.invoke=ALL-UNNAMED --add-opens=java.base/java.util=ALL-UNNAMED --add-opens=java.prefs/java.util.prefs=ALL-UNNAMED --add-opens=java.prefs/java.util.prefs=ALL-UNNAMED --add-opens=java.base/java.nio.charset=ALL-UNNAMED --add-opens=java.base/java.net=ALL-UNNAMED --add-opens=java.base/java.util.concurrent.atomic=ALL-UNNAMED -Xmx2048m -Dfile.encoding=windows-1252 -Duser.country=GB -Duser.language=en -Duser.variant 
java_command: org.gradle.launcher.daemon.bootstrap.GradleDaemon 7.3.3
java_class_path (initial): C:\Users\Tom\.gradle\wrapper\dists\gradle-7.3.3-all\4295vidhdd9hd3gbjyw1xqxpo\gradle-7.3.3\lib\gradle-launcher-7.3.3.jar
Launcher Type: SUN_STANDARD

[Global flags]
     intx CICompilerCount                          = 3                                         {product} {ergonomic}
   size_t CompressedClassSpaceSize                 = 528482304                                 {product} {ergonomic}
     uint ConcGCThreads                            = 1                                         {product} {ergonomic}
     uint G1ConcRefinementThreads                  = 4                                         {product} {ergonomic}
   size_t G1HeapRegionSize                         = 1048576                                   {product} {ergonomic}
    uintx GCDrainStackTargetSize                   = 64                                        {product} {ergonomic}
   size_t InitialHeapSize                          = 134217728                                 {product} {ergonomic}
   size_t MarkStackSize                            = 4194304                                   {product} {ergonomic}
   size_t MaxHeapSize                              = 2147483648                                {product} {command line}
   size_t MaxMetaspaceSize                         = 536870912                                 {product} {command line}
   size_t MaxNewSize                               = 1287651328                                {product} {ergonomic}
   size_t MinHeapDeltaBytes                        = 1048576                                   {product} {ergonomic}
    uintx NonNMethodCodeHeapSize                   = 5830732                                {pd product} {ergonomic}
    uintx NonProfiledCodeHeapSize                  = 122913754                              {pd product} {ergonomic}
    uintx ProfiledCodeHeapSize                     = 122913754                              {pd product} {ergonomic}
    uintx ReservedCodeCacheSize                    = 251658240                              {pd product} {ergonomic}
     bool SegmentedCodeCache                       = true                                      {product} {ergonomic}
     bool UseCompressedClassPointers               = true                                 {lp64_product} {ergonomic}
     bool UseCompressedOops                        = true                                 {lp64_product} {ergonomic}
     bool UseG1GC                                  = true                                      {product} {ergonomic}
     bool UseLargePagesIndividualAllocation        = false                                  {pd product} {ergonomic}

Logging:
Log output configuration:
 #0: stdout all=warning uptime,level,tags
 #1: stderr all=off uptime,level,tags

Environment Variables:
JAVA_HOME=C:\Program Files\OpenJDK\openjdk-11.0.15_10
CLASSPATH=C:\Users\Tom\Documents\Programmation\React Native\projectRNcli\android\\gradle\wrapper\gradle-wrapper.jar
PATH=C:\Users\Tom\Documents\Programmation\React Native\projectRNcli\android\node_modules\.bin;C:\Users\Tom\Documents\Programmation\React Native\projectRNcli\node_modules\.bin;C:\Users\Tom\Documents\Programmation\React Native\node_modules\.bin;C:\Users\Tom\Documents\Programmation\node_modules\.bin;C:\Users\Tom\Documents\node_modules\.bin;C:\Users\Tom\node_modules\.bin;C:\Users\node_modules\.bin;C:\node_modules\.bin;C:\Program Files\nodejs;C:\Users\Tom\Documents\Programmation\React Native\projectRNcli\node_modules\.bin;C:\Users\Tom\Documents\Programmation\React Native\node_modules\.bin;C:\Users\Tom\Documents\Programmation\node_modules\.bin;C:\Users\Tom\Documents\node_modules\.bin;C:\Users\Tom\node_modules\.bin;C:\Users\node_modules\.bin;C:\node_modules\.bin;C:\Program Files\nodejs\node_modules\npm\node_modules\@npmcli\run-script\lib\node-gyp-bin;C:\Python310\Scripts\;C:\Python310\;C:\Program Files\Common Files\Oracle\Java\javapath;C:\Program Files (x86)\Intel\Intel(R) Management Engine Components\iCLS\;C:\Program Files\Intel\Intel(R) Management Engine Components\iCLS\;C:\windows\system32;C:\windows;C:\windows\System32\Wbem;C:\windows\System32\WindowsPowerShell\v1.0\;C:\Program Files (x86)\Intel\Intel(R) Management Engine Components\DAL;C:\Program Files\Intel\Intel(R) Management Engine Components\DAL;C:\Program Files (x86)\Intel\Intel(R) Management Engine Components\IPT;C:\Program Files\Intel\Intel(R) Management Engine Components\IPT;C:\Program Files (x86)\NVIDIA Corporation\PhysX\Common;C:\WINDOWS\system32;C:\WINDOWS;C:\WINDOWS\System32\Wbem;C:\WINDOWS\System32\WindowsPowerShell\v1.0\;C:\WINDOWS\System32\OpenSSH\;C:\Program Files\Microchip\xc8\v2.36\bin;C:\ProgramData\chocolatey\bin;C:\Program Files\OpenJDK\openjdk-11.0.15_10\bin;C:\Program Files\nodejs\;C:\Users\Tom\AppData\Local\Microsoft\WindowsApps;C:\Users\Tom\AppData\Local\Programs\Microsoft VS Code\bin;C:\Users\Tom\AppData\Local\Android\Sdk\platform-tools;C:\Users\Tom\AppData\Roaming\npm;C:\Users\Tom\Documents\Pro
USERNAME=Tom
LANG=en_GB.UTF-8
OS=Windows_NT
PROCESSOR_IDENTIFIER=Intel64 Family 6 Model 142 Stepping 10, GenuineIntel



---------------  S Y S T E M  ---------------

OS: Windows 10 , 64 bit Build 19041 (10.0.19041.1741)
OS uptime: 0 days 4:26 hours

CPU:total 4 (initial active 4) (2 cores per cpu, 2 threads per core) family 6 model 142 stepping 10 microcode 0xb4, cmov, cx8, fxsr, mmx, sse, sse2, sse3, ssse3, sse4.1, sse4.2, popcnt, avx, avx2, aes, clmul, erms, 3dnowpref, lzcnt, ht, tsc, tscinvbit, bmi1, bmi2, adx, fma

Memory: 4k page, system-wide physical 8107M (813M free)
TotalPageFile size 8107M (AvailPageFile size 44M)
current process WorkingSet (physical memory assigned to process): 501M, peak: 502M
current process commit charge ("private bytes"): 557M, peak: 630M

vm_info: OpenJDK 64-Bit Server VM (11.0.15+10) for windows-amd64 JRE (11.0.15+10), built on Apr 21 2022 21:29:46 by "tester" with MS VC++ 15.5 (VS2017)

END.
