#
# There is insufficient memory for the Java Runtime Environment to continue.
# Native memory allocation (malloc) failed to allocate 1260656 bytes for Chunk::new
# Possible reasons:
#   The system is out of physical RAM or swap space
#   The process is running with CompressedOops enabled, and the Java Heap may be blocking the growth of the native heap
# Possible solutions:
#   Reduce memory load on the system
#   Increase physical memory or swap space
#   Check if swap backing store is full
#   Decrease Java heap size (-Xmx/-Xms)
#   Decrease number of Java threads
#   Decrease Java thread stack sizes (-Xss)
#   Set larger code cache with -XX:ReservedCodeCacheSize=
#   JVM is running with Unscaled Compressed Oops mode in which the Java heap is
#     placed in the first 4GB address space. The Java Heap base address is the
#     maximum limit for the native heap growth. Please use -XX:HeapBaseMinAddress
#     to set the Java Heap base and to place the Java Heap above 4GB virtual address.
# This output file may be truncated or incomplete.
#
#  Out of Memory Error (./src/hotspot/share/memory/arena.cpp:197), pid=14636, tid=11708
#
# JRE version: OpenJDK Runtime Environment 18.9 (11.0.15+10) (build 11.0.15+10)
# Java VM: OpenJDK 64-Bit Server VM 18.9 (11.0.15+10, mixed mode, tiered, compressed oops, g1 gc, windows-amd64)
# No core dump will be written. Minidumps are not enabled by default on client versions of Windows
#

---------------  S U M M A R Y ------------

Command Line: -XX:MaxMetaspaceSize=512m --add-opens=java.base/java.util=ALL-UNNAMED --add-opens=java.base/java.lang=ALL-UNNAMED --add-opens=java.base/java.lang.invoke=ALL-UNNAMED --add-opens=java.base/java.util=ALL-UNNAMED --add-opens=java.prefs/java.util.prefs=ALL-UNNAMED --add-opens=java.prefs/java.util.prefs=ALL-UNNAMED --add-opens=java.base/java.nio.charset=ALL-UNNAMED --add-opens=java.base/java.net=ALL-UNNAMED --add-opens=java.base/java.util.concurrent.atomic=ALL-UNNAMED -Xmx2048m -Dfile.encoding=windows-1252 -Duser.country=GB -Duser.language=en -Duser.variant org.gradle.launcher.daemon.bootstrap.GradleDaemon 7.3.3

Host: Intel(R) Core(TM) i3-7020U CPU @ 2.30GHz, 4 cores, 7G,  Windows 10 , 64 bit Build 19041 (10.0.19041.1741)
Time: Sun Jul  3 16:00:36 2022 Romance Summer Time elapsed time: 1240.024372 seconds (0d 0h 20m 40s)

---------------  T H R E A D  ---------------

Current thread (0x000001f1be340800):  JavaThread "C2 CompilerThread0" daemon [_thread_in_native, id=11708, stack(0x0000005284000000,0x0000005284100000)]


Current CompileTask:
C2:1240024 27389       4       org.gradle.internal.normalization.java.impl.ApiMemberSelector::visitEnd (28 bytes)

Stack: [0x0000005284000000,0x0000005284100000]
Native frames: (J=compiled Java code, j=interpreted, Vv=VM code, C=native code)
V  [jvm.dll+0x64dd3a]
V  [jvm.dll+0x7906c9]
V  [jvm.dll+0x791d9c]
V  [jvm.dll+0x792463]
V  [jvm.dll+0x265048]
V  [jvm.dll+0xc9da1]
V  [jvm.dll+0xca35c]
V  [jvm.dll+0x37c167]
V  [jvm.dll+0x1b3381]
V  [jvm.dll+0x21e192]
V  [jvm.dll+0x21d25a]
V  [jvm.dll+0x19dd21]
V  [jvm.dll+0x22cc80]
V  [jvm.dll+0x22af81]
V  [jvm.dll+0x75254c]
V  [jvm.dll+0x74b12d]
V  [jvm.dll+0x64c8a6]
C  [ucrtbase.dll+0x21bb2]
C  [KERNEL32.DLL+0x17034]
C  [ntdll.dll+0x52651]


---------------  P R O C E S S  ---------------

Threads class SMR info:
_java_thread_list=0x000001f1c5f61c80, length=93, elements={
0x000001f19f1b4000, 0x000001f1bd9d3000, 0x000001f1bd9df000, 0x000001f1bda36000,
0x000001f1bda3a000, 0x000001f1bda3b800, 0x000001f1be340800, 0x000001f1be345000,
0x000001f1be346800, 0x000001f1be4ac000, 0x000001f1c08bc800, 0x000001f1c10d9800,
0x000001f1bf035800, 0x000001f1c0bf0000, 0x000001f1c0bf1800, 0x000001f1c0bf2000,
0x000001f1c0bf3000, 0x000001f1c0bf4000, 0x000001f1c0da2800, 0x000001f1c0da3000,
0x000001f1c0da4000, 0x000001f1c0da4800, 0x000001f1c0da0000, 0x000001f1c0da6800,
0x000001f1c0da0800, 0x000001f1c07d9800, 0x000001f1d1d84000, 0x000001f1d1d84800,
0x000001f1d1d7f000, 0x000001f1d1d86800, 0x000001f1d1d8d000, 0x000001f1d1761000,
0x000001f1d1759800, 0x000001f1d175c800, 0x000001f1d175a800, 0x000001f1d175d800,
0x000001f1d175c000, 0x000001f1d175e800, 0x000001f1d1758800, 0x000001f1d175f000,
0x000001f1d1760000, 0x000001f1d175b000, 0x000001f1d1765000, 0x000001f1d1765800,
0x000001f1d1762800, 0x000001f1d1766800, 0x000001f1d1761800, 0x000001f1d1764000,
0x000001f1d1767800, 0x000001f1d1763800, 0x000001f1d1d7f800, 0x000001f1d1d82000,
0x000001f1d1d80800, 0x000001f1d1d87000, 0x000001f1d1d81800, 0x000001f1d1d83000,
0x000001f1d1d88000, 0x000001f1d1d88800, 0x000001f1d1d8c000, 0x000001f1d1d89800,
0x000001f1d1d8b000, 0x000001f1d1d8d800, 0x000001f1d1d8a800, 0x000001f1c07ce000,
0x000001f1c07d2000, 0x000001f1c07d0800, 0x000001f1c07cf800, 0x000001f1c07d1800,
0x000001f1c07cc800, 0x000001f1c07d3000, 0x000001f1c07cd000, 0x000001f1c07d4000,
0x000001f1c07d4800, 0x000001f1c0da7000, 0x000001f1c0da1800, 0x000001f1c0dad000,
0x000001f1c0dad800, 0x000001f1c0da8000, 0x000001f1c0dab000, 0x000001f1c0dac000,
0x000001f1c0dae800, 0x000001f1c0bef000, 0x000001f1c0bee000, 0x000001f1c0bf0800,
0x000001f1c0bf4800, 0x000001f1c3b02800, 0x000001f1c3b00800, 0x000001f1c3b03800,
0x000001f1c3b04800, 0x000001f1c3b05000, 0x000001f1c3b06000, 0x000001f1c3b07000,
0x000001f1c3b07800
}

Java Threads: ( => current thread )
  0x000001f19f1b4000 JavaThread "main" [_thread_blocked, id=3508, stack(0x0000005283400000,0x0000005283500000)]
  0x000001f1bd9d3000 JavaThread "Reference Handler" daemon [_thread_blocked, id=5964, stack(0x0000005283b00000,0x0000005283c00000)]
  0x000001f1bd9df000 JavaThread "Finalizer" daemon [_thread_blocked, id=3008, stack(0x0000005283c00000,0x0000005283d00000)]
  0x000001f1bda36000 JavaThread "Signal Dispatcher" daemon [_thread_blocked, id=17660, stack(0x0000005283d00000,0x0000005283e00000)]
  0x000001f1bda3a000 JavaThread "Attach Listener" daemon [_thread_blocked, id=16664, stack(0x0000005283e00000,0x0000005283f00000)]
  0x000001f1bda3b800 JavaThread "Service Thread" daemon [_thread_blocked, id=17072, stack(0x0000005283f00000,0x0000005284000000)]
=>0x000001f1be340800 JavaThread "C2 CompilerThread0" daemon [_thread_in_native, id=11708, stack(0x0000005284000000,0x0000005284100000)]
  0x000001f1be345000 JavaThread "C1 CompilerThread0" daemon [_thread_blocked, id=13620, stack(0x0000005284100000,0x0000005284200000)]
  0x000001f1be346800 JavaThread "Sweeper thread" daemon [_thread_blocked, id=13424, stack(0x0000005284200000,0x0000005284300000)]
  0x000001f1be4ac000 JavaThread "Common-Cleaner" daemon [_thread_blocked, id=4232, stack(0x0000005284300000,0x0000005284400000)]
  0x000001f1c08bc800 JavaThread "Daemon health stats" [_thread_blocked, id=2248, stack(0x0000005284700000,0x0000005284800000)]
  0x000001f1c10d9800 JavaThread "Incoming local TCP Connector on port 63805" [_thread_in_native, id=9768, stack(0x0000005284800000,0x0000005284900000)]
  0x000001f1bf035800 JavaThread "Daemon periodic checks" [_thread_blocked, id=4488, stack(0x0000005284900000,0x0000005284a00000)]
  0x000001f1c0bf0000 JavaThread "Cache worker for journal cache (C:\Users\Tom\.gradle\caches\journal-1)" [_thread_blocked, id=17152, stack(0x0000005285200000,0x0000005285300000)]
  0x000001f1c0bf1800 JavaThread "File lock request listener" [_thread_in_native, id=6384, stack(0x0000005285300000,0x0000005285400000)]
  0x000001f1c0bf2000 JavaThread "Cache worker for file hash cache (C:\Users\Tom\.gradle\caches\7.3.3\fileHashes)" [_thread_blocked, id=15652, stack(0x0000005285400000,0x0000005285500000)]
  0x000001f1c0bf3000 JavaThread "File watcher server" daemon [_thread_in_native, id=6188, stack(0x0000005285700000,0x0000005285800000)]
  0x000001f1c0bf4000 JavaThread "File watcher consumer" daemon [_thread_blocked, id=6556, stack(0x0000005285800000,0x0000005285900000)]
  0x000001f1c0da2800 JavaThread "Cache worker for execution history cache (C:\Users\Tom\.gradle\caches\7.3.3\executionHistory)" [_thread_blocked, id=11392, stack(0x0000005285c00000,0x0000005285d00000)]
  0x000001f1c0da3000 JavaThread "jar transforms" [_thread_blocked, id=8224, stack(0x0000005285d00000,0x0000005285e00000)]
  0x000001f1c0da4000 JavaThread "jar transforms Thread 2" [_thread_blocked, id=12408, stack(0x0000005285e00000,0x0000005285f00000)]
  0x000001f1c0da4800 JavaThread "Cache worker for file content cache (C:\Users\Tom\.gradle\caches\7.3.3\fileContent)" [_thread_blocked, id=6964, stack(0x0000005285f00000,0x0000005286000000)]
  0x000001f1c0da0000 JavaThread "jar transforms Thread 3" [_thread_blocked, id=14116, stack(0x0000005286000000,0x0000005286100000)]
  0x000001f1c0da6800 JavaThread "jar transforms Thread 4" [_thread_blocked, id=13716, stack(0x0000005286100000,0x0000005286200000)]
  0x000001f1c0da0800 JavaThread "Cache worker for kotlin-dsl (C:\Users\Tom\.gradle\caches\7.3.3\kotlin-dsl)" [_thread_blocked, id=15980, stack(0x0000005286200000,0x0000005286300000)]
  0x000001f1c07d9800 JavaThread "Memory manager" [_thread_blocked, id=15748, stack(0x0000005286700000,0x0000005286800000)]
  0x000001f1d1d84000 JavaThread "RMI Scheduler(0)" daemon [_thread_blocked, id=11052, stack(0x0000005289600000,0x0000005289700000)]
  0x000001f1d1d84800 JavaThread "RMI RenewClean-[127.0.0.1:17670,org.jetbrains.kotlin.daemon.common.LoopbackNetworkInterface$ClientLoopbackSocketFactory@52bb3cb4]" daemon [_thread_blocked, id=9432, stack(0x0000005289700000,0x0000005289800000)]
  0x000001f1d1d7f000 JavaThread "RMI GC Daemon" daemon [_thread_blocked, id=11452, stack(0x0000005289800000,0x0000005289900000)]
  0x000001f1d1d86800 JavaThread "RMI TCP Accept-0" daemon [_thread_in_native, id=13780, stack(0x0000005289900000,0x0000005289a00000)]
  0x000001f1d1d8d000 JavaThread "RMI Reaper" [_thread_blocked, id=13768, stack(0x0000005289a00000,0x0000005289b00000)]
  0x000001f1d1761000 JavaThread "RMI RenewClean-[127.0.0.1:17632,org.jetbrains.kotlin.daemon.common.LoopbackNetworkInterface$ClientLoopbackSocketFactory@5e3d7b4a]" daemon [_thread_blocked, id=1436, stack(0x0000005288700000,0x0000005288800000)]
  0x000001f1d1759800 JavaThread "Daemon Thread 4" [_thread_blocked, id=13128, stack(0x0000005283100000,0x0000005283200000)]
  0x000001f1d175c800 JavaThread "Handler for socket connection from /127.0.0.1:63805 to /127.0.0.1:65460" [_thread_in_native, id=8968, stack(0x0000005283200000,0x0000005283300000)]
  0x000001f1d175a800 JavaThread "Cancel handler" [_thread_blocked, id=13976, stack(0x0000005283300000,0x0000005283400000)]
  0x000001f1d175d800 JavaThread "Daemon worker Thread 4" [_thread_blocked, id=8016, stack(0x0000005284a00000,0x0000005284b00000)]
  0x000001f1d175c000 JavaThread "Asynchronous log dispatcher for DefaultDaemonConnection: socket connection from /127.0.0.1:63805 to /127.0.0.1:65460" [_thread_blocked, id=11696, stack(0x0000005284b00000,0x0000005284c00000)]
  0x000001f1d175e800 JavaThread "Stdin handler" [_thread_blocked, id=5068, stack(0x0000005284c00000,0x0000005284d00000)]
  0x000001f1d1758800 JavaThread "Daemon client event forwarder" [_thread_blocked, id=16464, stack(0x0000005284d00000,0x0000005284e00000)]
  0x000001f1d175f000 JavaThread "Cache worker for file hash cache (C:\Users\Tom\Documents\Programmation\React Native\projectRNcli\android\.gradle\7.3.3\fileHashes)" [_thread_blocked, id=10136, stack(0x0000005284e00000,0x0000005284f00000)]
  0x000001f1d1760000 JavaThread "Cache worker for checksums cache (C:\Users\Tom\Documents\Programmation\React Native\projectRNcli\android\.gradle\7.3.3\checksums)" [_thread_blocked, id=17648, stack(0x0000005284f00000,0x0000005285000000)]
  0x000001f1d175b000 JavaThread "Cache worker for cache directory md-supplier (C:\Users\Tom\.gradle\caches\7.3.3\md-supplier)" [_thread_blocked, id=2996, stack(0x0000005285000000,0x0000005285100000)]
  0x000001f1d1765000 JavaThread "Cache worker for cache directory md-rule (C:\Users\Tom\.gradle\caches\7.3.3\md-rule)" [_thread_blocked, id=17908, stack(0x0000005285500000,0x0000005285600000)]
  0x000001f1d1765800 JavaThread "Cache worker for dependencies-accessors (C:\Users\Tom\Documents\Programmation\React Native\projectRNcli\android\.gradle\7.3.3\dependencies-accessors)" [_thread_blocked, id=7384, stack(0x0000005285600000,0x0000005285700000)]
  0x000001f1d1762800 JavaThread "Cache worker for Build Output Cleanup Cache (C:\Users\Tom\Documents\Programmation\React Native\projectRNcli\node_modules\react-native-gradle-plugin\.gradle\buildOutputCleanup)" [_thread_blocked, id=10964, stack(0x0000005285900000,0x0000005285a00000)]
  0x000001f1d1766800 JavaThread "Unconstrained build operations" [_thread_blocked, id=6628, stack(0x0000005285b00000,0x0000005285c00000)]
  0x000001f1d1761800 JavaThread "Unconstrained build operations Thread 2" [_thread_blocked, id=6904, stack(0x0000005286500000,0x0000005286600000)]
  0x000001f1d1764000 JavaThread "Unconstrained build operations Thread 3" [_thread_blocked, id=10856, stack(0x0000005286600000,0x0000005286700000)]
  0x000001f1d1767800 JavaThread "Unconstrained build operations Thread 4" [_thread_blocked, id=16876, stack(0x0000005286800000,0x0000005286900000)]
  0x000001f1d1763800 JavaThread "Unconstrained build operations Thread 5" [_thread_blocked, id=13640, stack(0x0000005286900000,0x0000005286a00000)]
  0x000001f1d1d7f800 JavaThread "Unconstrained build operations Thread 6" [_thread_blocked, id=3140, stack(0x0000005286a00000,0x0000005286b00000)]
  0x000001f1d1d82000 JavaThread "Unconstrained build operations Thread 7" [_thread_blocked, id=15312, stack(0x0000005286b00000,0x0000005286c00000)]
  0x000001f1d1d80800 JavaThread "Unconstrained build operations Thread 8" [_thread_blocked, id=7796, stack(0x0000005286c00000,0x0000005286d00000)]
  0x000001f1d1d87000 JavaThread "Unconstrained build operations Thread 9" [_thread_blocked, id=5452, stack(0x0000005286d00000,0x0000005286e00000)]
  0x000001f1d1d81800 JavaThread "Unconstrained build operations Thread 10" [_thread_blocked, id=1124, stack(0x0000005286e00000,0x0000005286f00000)]
  0x000001f1d1d83000 JavaThread "Unconstrained build operations Thread 11" [_thread_blocked, id=17324, stack(0x0000005286f00000,0x0000005287000000)]
  0x000001f1d1d88000 JavaThread "Unconstrained build operations Thread 12" [_thread_blocked, id=2292, stack(0x0000005287000000,0x0000005287100000)]
  0x000001f1d1d88800 JavaThread "Unconstrained build operations Thread 13" [_thread_blocked, id=13124, stack(0x0000005287100000,0x0000005287200000)]
  0x000001f1d1d8c000 JavaThread "Unconstrained build operations Thread 14" [_thread_blocked, id=11396, stack(0x0000005287200000,0x0000005287300000)]
  0x000001f1d1d89800 JavaThread "Unconstrained build operations Thread 15" [_thread_blocked, id=15808, stack(0x0000005287300000,0x0000005287400000)]
  0x000001f1d1d8b000 JavaThread "Unconstrained build operations Thread 16" [_thread_blocked, id=16344, stack(0x0000005287400000,0x0000005287500000)]
  0x000001f1d1d8d800 JavaThread "Unconstrained build operations Thread 17" [_thread_blocked, id=9724, stack(0x0000005287500000,0x0000005287600000)]
  0x000001f1d1d8a800 JavaThread "Unconstrained build operations Thread 18" [_thread_blocked, id=6564, stack(0x0000005287600000,0x0000005287700000)]
  0x000001f1c07ce000 JavaThread "Unconstrained build operations Thread 19" [_thread_blocked, id=4848, stack(0x0000005287700000,0x0000005287800000)]
  0x000001f1c07d2000 JavaThread "Unconstrained build operations Thread 20" [_thread_blocked, id=14972, stack(0x0000005287800000,0x0000005287900000)]
  0x000001f1c07d0800 JavaThread "Unconstrained build operations Thread 21" [_thread_blocked, id=15472, stack(0x0000005287900000,0x0000005287a00000)]
  0x000001f1c07cf800 JavaThread "Unconstrained build operations Thread 22" [_thread_blocked, id=16716, stack(0x0000005287a00000,0x0000005287b00000)]
  0x000001f1c07d1800 JavaThread "Unconstrained build operations Thread 23" [_thread_blocked, id=17756, stack(0x0000005287b00000,0x0000005287c00000)]
  0x000001f1c07cc800 JavaThread "Unconstrained build operations Thread 24" [_thread_blocked, id=14784, stack(0x0000005287c00000,0x0000005287d00000)]
  0x000001f1c07d3000 JavaThread "Unconstrained build operations Thread 25" [_thread_blocked, id=11284, stack(0x0000005287d00000,0x0000005287e00000)]
  0x000001f1c07cd000 JavaThread "Unconstrained build operations Thread 26" [_thread_blocked, id=3872, stack(0x0000005287e00000,0x0000005287f00000)]
  0x000001f1c07d4000 JavaThread "Unconstrained build operations Thread 27" [_thread_blocked, id=5576, stack(0x0000005287f00000,0x0000005288000000)]
  0x000001f1c07d4800 JavaThread "Unconstrained build operations Thread 28" [_thread_blocked, id=3740, stack(0x0000005288000000,0x0000005288100000)]
  0x000001f1c0da7000 JavaThread "Unconstrained build operations Thread 29" [_thread_blocked, id=6616, stack(0x0000005288100000,0x0000005288200000)]
  0x000001f1c0da1800 JavaThread "Unconstrained build operations Thread 30" [_thread_blocked, id=13308, stack(0x0000005288200000,0x0000005288300000)]
  0x000001f1c0dad000 JavaThread "Unconstrained build operations Thread 31" [_thread_blocked, id=16416, stack(0x0000005288300000,0x0000005288400000)]
  0x000001f1c0dad800 JavaThread "Unconstrained build operations Thread 32" [_thread_blocked, id=13288, stack(0x0000005288400000,0x0000005288500000)]
  0x000001f1c0da8000 JavaThread "Unconstrained build operations Thread 33" [_thread_blocked, id=13480, stack(0x0000005288500000,0x0000005288600000)]
  0x000001f1c0dab000 JavaThread "build event listener" [_thread_blocked, id=10660, stack(0x0000005288600000,0x0000005288700000)]
  0x000001f1c0dac000 JavaThread "Cache worker for Build Output Cleanup Cache (C:\Users\Tom\Documents\Programmation\React Native\projectRNcli\android\.gradle\buildOutputCleanup)" [_thread_blocked, id=16540, stack(0x0000005288800000,0x0000005288900000)]
  0x000001f1c0dae800 JavaThread "included builds" [_thread_in_Java, id=14284, stack(0x0000005288900000,0x0000005288a00000)]
  0x000001f1c0bef000 JavaThread "Execution worker for ':react-native-gradle-plugin'" [_thread_blocked, id=7456, stack(0x0000005288a00000,0x0000005288b00000)]
  0x000001f1c0bee000 JavaThread "Execution worker for ':react-native-gradle-plugin' Thread 2" [_thread_blocked, id=3116, stack(0x0000005288b00000,0x0000005288c00000)]
  0x000001f1c0bf0800 JavaThread "Execution worker for ':react-native-gradle-plugin' Thread 3" [_thread_blocked, id=13712, stack(0x0000005288c00000,0x0000005288d00000)]
  0x000001f1c0bf4800 JavaThread "Cache worker for execution history cache (C:\Users\Tom\Documents\Programmation\React Native\projectRNcli\node_modules\react-native-gradle-plugin\.gradle\7.3.3\executionHistory)" [_thread_blocked, id=5604, stack(0x0000005288d00000,0x0000005288e00000)]
  0x000001f1c3b02800 JavaThread "Unconstrained build operations Thread 34" [_thread_blocked, id=15536, stack(0x0000005288e00000,0x0000005288f00000)]
  0x000001f1c3b00800 JavaThread "Unconstrained build operations Thread 35" [_thread_blocked, id=9524, stack(0x0000005288f00000,0x0000005289000000)]
  0x000001f1c3b03800 JavaThread "Unconstrained build operations Thread 36" [_thread_blocked, id=7472, stack(0x0000005289000000,0x0000005289100000)]
  0x000001f1c3b04800 JavaThread "Unconstrained build operations Thread 37" [_thread_blocked, id=6752, stack(0x0000005289100000,0x0000005289200000)]
  0x000001f1c3b05000 JavaThread "Unconstrained build operations Thread 38" [_thread_blocked, id=8416, stack(0x0000005289200000,0x0000005289300000)]
  0x000001f1c3b06000 JavaThread "Unconstrained build operations Thread 39" [_thread_blocked, id=10684, stack(0x0000005289300000,0x0000005289400000)]
  0x000001f1c3b07000 JavaThread "Unconstrained build operations Thread 40" [_thread_blocked, id=3572, stack(0x0000005289400000,0x0000005289500000)]
  0x000001f1c3b07800 JavaThread "RMI TCP Connection(5)-127.0.0.1" daemon [_thread_in_native, id=13924, stack(0x0000005289b00000,0x0000005289c00000)]

Other Threads:
  0x000001f1bd9cf000 VMThread "VM Thread" [stack: 0x0000005283a00000,0x0000005283b00000] [id=17156]
  0x000001f1be4c6800 WatcherThread [stack: 0x0000005284400000,0x0000005284500000] [id=12292]
  0x000001f19f1cc800 GCTaskThread "GC Thread#0" [stack: 0x0000005283500000,0x0000005283600000] [id=17352]
  0x000001f1bef50800 GCTaskThread "GC Thread#1" [stack: 0x0000005284500000,0x0000005284600000] [id=5792]
  0x000001f1bee60000 GCTaskThread "GC Thread#2" [stack: 0x0000005284600000,0x0000005284700000] [id=3776]
  0x000001f1bf633000 GCTaskThread "GC Thread#3" [stack: 0x0000005285100000,0x0000005285200000] [id=5840]
  0x000001f19f1fb800 ConcurrentGCThread "G1 Main Marker" [stack: 0x0000005283600000,0x0000005283700000] [id=14844]
  0x000001f19f1fd000 ConcurrentGCThread "G1 Conc#0" [stack: 0x0000005283700000,0x0000005283800000] [id=12132]
  0x000001f19f28d800 ConcurrentGCThread "G1 Refine#0" [stack: 0x0000005283800000,0x0000005283900000] [id=11056]
  0x000001f1c21ff000 ConcurrentGCThread "G1 Refine#1" [stack: 0x0000005285a00000,0x0000005285b00000] [id=6284]
  0x000001f1bd840800 ConcurrentGCThread "G1 Young RemSet Sampling" [stack: 0x0000005283900000,0x0000005283a00000] [id=11856]

Threads with active compile tasks:
C2 CompilerThread0  1240367 27389       4       org.gradle.internal.normalization.java.impl.ApiMemberSelector::visitEnd (28 bytes)

VM state:not at safepoint (normal execution)

VM Mutex/Monitor currently owned by a thread: None

Heap address: 0x0000000080000000, size: 2048 MB, Compressed Oops mode: 32-bit
Narrow klass base: 0x0000000000000000, Narrow klass shift: 3
Compressed class space size: 528482304 Address: 0x0000000100000000

Heap:
 garbage-first heap   total 299008K, used 225979K [0x0000000080000000, 0x0000000100000000)
  region size 1024K, 64 young (65536K), 7 survivors (7168K)
 Metaspace       used 145092K, capacity 148337K, committed 148424K, reserved 647168K
  class space    used 17000K, capacity 18296K, committed 18304K, reserved 516096K
Heap Regions: E=young(eden), S=young(survivor), O=old, HS=humongous(starts), HC=humongous(continues), CS=collection set, F=free, A=archive, TAMS=top-at-mark-start (previous, next)
|   0|0x0000000080000000, 0x0000000080100000, 0x0000000080100000|100%| O|  |TAMS 0x0000000080100000, 0x0000000080000000| Untracked 
|   1|0x0000000080100000, 0x0000000080200000, 0x0000000080200000|100%| O|  |TAMS 0x0000000080200000, 0x0000000080100000| Untracked 
|   2|0x0000000080200000, 0x0000000080300000, 0x0000000080300000|100%| O|  |TAMS 0x0000000080300000, 0x0000000080200000| Untracked 
|   3|0x0000000080300000, 0x0000000080400000, 0x0000000080400000|100%|HS|  |TAMS 0x0000000080400000, 0x0000000080300000| Complete 
|   4|0x0000000080400000, 0x0000000080500000, 0x0000000080500000|100%|HC|  |TAMS 0x0000000080500000, 0x0000000080400000| Complete 
|   5|0x0000000080500000, 0x0000000080600000, 0x0000000080600000|100%|HC|  |TAMS 0x0000000080600000, 0x0000000080500000| Complete 
|   6|0x0000000080600000, 0x0000000080700000, 0x0000000080700000|100%| O|  |TAMS 0x0000000080700000, 0x0000000080600000| Untracked 
|   7|0x0000000080700000, 0x0000000080800000, 0x0000000080800000|100%| O|  |TAMS 0x0000000080800000, 0x0000000080700000| Untracked 
|   8|0x0000000080800000, 0x0000000080900000, 0x0000000080900000|100%| O|  |TAMS 0x0000000080900000, 0x0000000080800000| Untracked 
|   9|0x0000000080900000, 0x0000000080a00000, 0x0000000080a00000|100%| O|  |TAMS 0x0000000080a00000, 0x0000000080900000| Untracked 
|  10|0x0000000080a00000, 0x0000000080b00000, 0x0000000080b00000|100%| O|  |TAMS 0x0000000080b00000, 0x0000000080a00000| Untracked 
|  11|0x0000000080b00000, 0x0000000080c00000, 0x0000000080c00000|100%| O|  |TAMS 0x0000000080c00000, 0x0000000080b00000| Untracked 
|  12|0x0000000080c00000, 0x0000000080d00000, 0x0000000080d00000|100%| O|  |TAMS 0x0000000080d00000, 0x0000000080c00000| Untracked 
|  13|0x0000000080d00000, 0x0000000080e00000, 0x0000000080e00000|100%| O|  |TAMS 0x0000000080e00000, 0x0000000080d00000| Untracked 
|  14|0x0000000080e00000, 0x0000000080f00000, 0x0000000080f00000|100%| O|  |TAMS 0x0000000080f00000, 0x0000000080e00000| Untracked 
|  15|0x0000000080f00000, 0x0000000081000000, 0x0000000081000000|100%| O|  |TAMS 0x0000000081000000, 0x0000000080f00000| Untracked 
|  16|0x0000000081000000, 0x0000000081100000, 0x0000000081100000|100%| O|  |TAMS 0x0000000081100000, 0x0000000081000000| Untracked 
|  17|0x0000000081100000, 0x0000000081200000, 0x0000000081200000|100%| O|  |TAMS 0x0000000081200000, 0x0000000081100000| Untracked 
|  18|0x0000000081200000, 0x0000000081300000, 0x0000000081300000|100%| O|  |TAMS 0x0000000081300000, 0x0000000081200000| Untracked 
|  19|0x0000000081300000, 0x0000000081400000, 0x0000000081400000|100%| O|  |TAMS 0x0000000081400000, 0x0000000081300000| Untracked 
|  20|0x0000000081400000, 0x0000000081500000, 0x0000000081500000|100%| O|  |TAMS 0x0000000081500000, 0x0000000081400000| Untracked 
|  21|0x0000000081500000, 0x0000000081600000, 0x0000000081600000|100%| O|  |TAMS 0x0000000081600000, 0x0000000081500000| Untracked 
|  22|0x0000000081600000, 0x0000000081700000, 0x0000000081700000|100%| O|  |TAMS 0x0000000081700000, 0x0000000081600000| Untracked 
|  23|0x0000000081700000, 0x0000000081800000, 0x0000000081800000|100%| O|  |TAMS 0x0000000081800000, 0x0000000081700000| Untracked 
|  24|0x0000000081800000, 0x0000000081900000, 0x0000000081900000|100%| O|  |TAMS 0x0000000081900000, 0x0000000081800000| Untracked 
|  25|0x0000000081900000, 0x0000000081a00000, 0x0000000081a00000|100%| O|  |TAMS 0x0000000081a00000, 0x0000000081900000| Untracked 
|  26|0x0000000081a00000, 0x0000000081b00000, 0x0000000081b00000|100%| O|  |TAMS 0x0000000081b00000, 0x0000000081a00000| Untracked 
|  27|0x0000000081b00000, 0x0000000081c00000, 0x0000000081c00000|100%| O|  |TAMS 0x0000000081c00000, 0x0000000081b00000| Untracked 
|  28|0x0000000081c00000, 0x0000000081d00000, 0x0000000081d00000|100%| O|  |TAMS 0x0000000081d00000, 0x0000000081c00000| Untracked 
|  29|0x0000000081d00000, 0x0000000081e00000, 0x0000000081e00000|100%| O|  |TAMS 0x0000000081d00000, 0x0000000081d00000| Untracked 
|  30|0x0000000081e00000, 0x0000000081f00000, 0x0000000081f00000|100%| O|  |TAMS 0x0000000081e00000, 0x0000000081e00000| Untracked 
|  31|0x0000000081f00000, 0x0000000082000000, 0x0000000082000000|100%| O|  |TAMS 0x0000000081f00000, 0x0000000081f00000| Untracked 
|  32|0x0000000082000000, 0x0000000082100000, 0x0000000082100000|100%| O|  |TAMS 0x0000000082000000, 0x0000000082000000| Untracked 
|  33|0x0000000082100000, 0x0000000082200000, 0x0000000082200000|100%| O|  |TAMS 0x0000000082100000, 0x0000000082100000| Untracked 
|  34|0x0000000082200000, 0x0000000082300000, 0x0000000082300000|100%| O|  |TAMS 0x0000000082200000, 0x0000000082200000| Untracked 
|  35|0x0000000082300000, 0x0000000082400000, 0x0000000082400000|100%| O|  |TAMS 0x0000000082300000, 0x0000000082300000| Untracked 
|  36|0x0000000082400000, 0x0000000082500000, 0x0000000082500000|100%|HS|  |TAMS 0x0000000082500000, 0x0000000082400000| Complete 
|  37|0x0000000082500000, 0x0000000082600000, 0x0000000082600000|100%|HC|  |TAMS 0x0000000082600000, 0x0000000082500000| Complete 
|  38|0x0000000082600000, 0x0000000082700000, 0x0000000082700000|100%|HC|  |TAMS 0x0000000082700000, 0x0000000082600000| Complete 
|  39|0x0000000082700000, 0x0000000082800000, 0x0000000082800000|100%|HS|  |TAMS 0x0000000082800000, 0x0000000082700000| Complete 
|  40|0x0000000082800000, 0x0000000082900000, 0x0000000082900000|100%|HC|  |TAMS 0x0000000082900000, 0x0000000082800000| Complete 
|  41|0x0000000082900000, 0x0000000082a00000, 0x0000000082a00000|100%|HC|  |TAMS 0x0000000082a00000, 0x0000000082900000| Complete 
|  42|0x0000000082a00000, 0x0000000082b00000, 0x0000000082b00000|100%| O|  |TAMS 0x0000000082b00000, 0x0000000082a00000| Untracked 
|  43|0x0000000082b00000, 0x0000000082c00000, 0x0000000082c00000|100%| O|  |TAMS 0x0000000082c00000, 0x0000000082b00000| Untracked 
|  44|0x0000000082c00000, 0x0000000082d00000, 0x0000000082d00000|100%| O|  |TAMS 0x0000000082d00000, 0x0000000082c00000| Untracked 
|  45|0x0000000082d00000, 0x0000000082e00000, 0x0000000082e00000|100%| O|  |TAMS 0x0000000082e00000, 0x0000000082d00000| Untracked 
|  46|0x0000000082e00000, 0x0000000082f00000, 0x0000000082f00000|100%| O|  |TAMS 0x0000000082f00000, 0x0000000082e00000| Untracked 
|  47|0x0000000082f00000, 0x0000000083000000, 0x0000000083000000|100%| O|  |TAMS 0x0000000083000000, 0x0000000082f00000| Untracked 
|  48|0x0000000083000000, 0x0000000083100000, 0x0000000083100000|100%| O|  |TAMS 0x0000000083100000, 0x0000000083000000| Untracked 
|  49|0x0000000083100000, 0x0000000083200000, 0x0000000083200000|100%| O|  |TAMS 0x0000000083200000, 0x0000000083100000| Untracked 
|  50|0x0000000083200000, 0x0000000083300000, 0x0000000083300000|100%| O|  |TAMS 0x0000000083300000, 0x0000000083200000| Untracked 
|  51|0x0000000083300000, 0x0000000083400000, 0x0000000083400000|100%| O|  |TAMS 0x0000000083400000, 0x0000000083300000| Untracked 
|  52|0x0000000083400000, 0x0000000083500000, 0x0000000083500000|100%| O|  |TAMS 0x0000000083500000, 0x0000000083400000| Untracked 
|  53|0x0000000083500000, 0x0000000083600000, 0x0000000083600000|100%| O|  |TAMS 0x0000000083600000, 0x0000000083500000| Untracked 
|  54|0x0000000083600000, 0x0000000083700000, 0x0000000083700000|100%| O|  |TAMS 0x0000000083700000, 0x0000000083600000| Untracked 
|  55|0x0000000083700000, 0x0000000083800000, 0x0000000083800000|100%| O|  |TAMS 0x0000000083800000, 0x0000000083700000| Untracked 
|  56|0x0000000083800000, 0x0000000083900000, 0x0000000083900000|100%| O|  |TAMS 0x0000000083900000, 0x0000000083800000| Untracked 
|  57|0x0000000083900000, 0x0000000083a00000, 0x0000000083a00000|100%| O|  |TAMS 0x0000000083a00000, 0x0000000083900000| Untracked 
|  58|0x0000000083a00000, 0x0000000083b00000, 0x0000000083b00000|100%| O|  |TAMS 0x0000000083b00000, 0x0000000083a00000| Untracked 
|  59|0x0000000083b00000, 0x0000000083c00000, 0x0000000083c00000|100%| O|  |TAMS 0x0000000083c00000, 0x0000000083b00000| Untracked 
|  60|0x0000000083c00000, 0x0000000083d00000, 0x0000000083d00000|100%| O|  |TAMS 0x0000000083d00000, 0x0000000083c00000| Untracked 
|  61|0x0000000083d00000, 0x0000000083e00000, 0x0000000083e00000|100%| O|  |TAMS 0x0000000083e00000, 0x0000000083d00000| Untracked 
|  62|0x0000000083e00000, 0x0000000083f00000, 0x0000000083f00000|100%| O|  |TAMS 0x0000000083f00000, 0x0000000083e00000| Untracked 
|  63|0x0000000083f00000, 0x0000000084000000, 0x0000000084000000|100%| O|  |TAMS 0x0000000084000000, 0x0000000083f00000| Untracked 
|  64|0x0000000084000000, 0x0000000084100000, 0x0000000084100000|100%| O|  |TAMS 0x0000000084100000, 0x0000000084000000| Untracked 
|  65|0x0000000084100000, 0x0000000084200000, 0x0000000084200000|100%| O|  |TAMS 0x0000000084200000, 0x0000000084100000| Untracked 
|  66|0x0000000084200000, 0x0000000084300000, 0x0000000084300000|100%| O|  |TAMS 0x0000000084300000, 0x0000000084200000| Untracked 
|  67|0x0000000084300000, 0x0000000084400000, 0x0000000084400000|100%| O|  |TAMS 0x0000000084300000, 0x0000000084300000| Untracked 
|  68|0x0000000084400000, 0x0000000084500000, 0x0000000084500000|100%| O|  |TAMS 0x0000000084500000, 0x0000000084400000| Untracked 
|  69|0x0000000084500000, 0x0000000084600000, 0x0000000084600000|100%| O|  |TAMS 0x0000000084500000, 0x0000000084500000| Untracked 
|  70|0x0000000084600000, 0x0000000084700000, 0x0000000084700000|100%| O|  |TAMS 0x0000000084600000, 0x0000000084600000| Untracked 
|  71|0x0000000084700000, 0x0000000084800000, 0x0000000084800000|100%| O|  |TAMS 0x0000000084700000, 0x0000000084700000| Untracked 
|  72|0x0000000084800000, 0x0000000084900000, 0x0000000084900000|100%| O|  |TAMS 0x0000000084800000, 0x0000000084800000| Untracked 
|  73|0x0000000084900000, 0x0000000084a00000, 0x0000000084a00000|100%| O|  |TAMS 0x0000000084900000, 0x0000000084900000| Untracked 
|  74|0x0000000084a00000, 0x0000000084b00000, 0x0000000084b00000|100%| O|  |TAMS 0x0000000084a00000, 0x0000000084a00000| Untracked 
|  75|0x0000000084b00000, 0x0000000084c00000, 0x0000000084c00000|100%| O|  |TAMS 0x0000000084b00000, 0x0000000084b00000| Untracked 
|  76|0x0000000084c00000, 0x0000000084d00000, 0x0000000084d00000|100%| O|  |TAMS 0x0000000084c00000, 0x0000000084c00000| Untracked 
|  77|0x0000000084d00000, 0x0000000084e00000, 0x0000000084e00000|100%| O|  |TAMS 0x0000000084d00000, 0x0000000084d00000| Untracked 
|  78|0x0000000084e00000, 0x0000000084f00000, 0x0000000084f00000|100%| O|  |TAMS 0x0000000084f00000, 0x0000000084e00000| Untracked 
|  79|0x0000000084f00000, 0x0000000085000000, 0x0000000085000000|100%| O|  |TAMS 0x0000000084f00000, 0x0000000084f00000| Untracked 
|  80|0x0000000085000000, 0x0000000085100000, 0x0000000085100000|100%| O|  |TAMS 0x0000000085000000, 0x0000000085000000| Untracked 
|  81|0x0000000085100000, 0x0000000085200000, 0x0000000085200000|100%| O|  |TAMS 0x0000000085100000, 0x0000000085100000| Untracked 
|  82|0x0000000085200000, 0x0000000085300000, 0x0000000085300000|100%| O|  |TAMS 0x0000000085200000, 0x0000000085200000| Untracked 
|  83|0x0000000085300000, 0x0000000085400000, 0x0000000085400000|100%| O|  |TAMS 0x0000000085300000, 0x0000000085300000| Untracked 
|  84|0x0000000085400000, 0x0000000085500000, 0x0000000085500000|100%| O|  |TAMS 0x0000000085400000, 0x0000000085400000| Untracked 
|  85|0x0000000085500000, 0x0000000085600000, 0x0000000085600000|100%| O|  |TAMS 0x0000000085600000, 0x0000000085500000| Untracked 
|  86|0x0000000085600000, 0x0000000085700000, 0x0000000085700000|100%| O|  |TAMS 0x0000000085600000, 0x0000000085600000| Untracked 
|  87|0x0000000085700000, 0x0000000085800000, 0x0000000085800000|100%| O|  |TAMS 0x0000000085700000, 0x0000000085700000| Untracked 
|  88|0x0000000085800000, 0x0000000085900000, 0x0000000085900000|100%| O|  |TAMS 0x0000000085800000, 0x0000000085800000| Untracked 
|  89|0x0000000085900000, 0x0000000085a00000, 0x0000000085a00000|100%| O|  |TAMS 0x0000000085900000, 0x0000000085900000| Untracked 
|  90|0x0000000085a00000, 0x0000000085b00000, 0x0000000085b00000|100%| O|  |TAMS 0x0000000085a00000, 0x0000000085a00000| Untracked 
|  91|0x0000000085b00000, 0x0000000085c00000, 0x0000000085c00000|100%| O|  |TAMS 0x0000000085b00000, 0x0000000085b00000| Untracked 
|  92|0x0000000085c00000, 0x0000000085d00000, 0x0000000085d00000|100%| O|  |TAMS 0x0000000085c00000, 0x0000000085c00000| Untracked 
|  93|0x0000000085d00000, 0x0000000085e00000, 0x0000000085e00000|100%| O|  |TAMS 0x0000000085d00000, 0x0000000085d00000| Untracked 
|  94|0x0000000085e00000, 0x0000000085f00000, 0x0000000085f00000|100%|HS|  |TAMS 0x0000000085e00000, 0x0000000085e00000| Complete 
|  95|0x0000000085f00000, 0x0000000086000000, 0x0000000086000000|100%| O|  |TAMS 0x0000000085f00000, 0x0000000085f00000| Untracked 
|  96|0x0000000086000000, 0x0000000086100000, 0x0000000086100000|100%| O|  |TAMS 0x0000000086000000, 0x0000000086000000| Untracked 
|  97|0x0000000086100000, 0x0000000086200000, 0x0000000086200000|100%| O|  |TAMS 0x0000000086200000, 0x0000000086100000| Untracked 
|  98|0x0000000086200000, 0x0000000086300000, 0x0000000086300000|100%| O|  |TAMS 0x0000000086267a00, 0x0000000086200000| Untracked 
|  99|0x0000000086300000, 0x0000000086400000, 0x0000000086400000|100%| O|  |TAMS 0x0000000086300000, 0x0000000086300000| Untracked 
| 100|0x0000000086400000, 0x0000000086500000, 0x0000000086500000|100%| O|  |TAMS 0x0000000086400000, 0x0000000086400000| Untracked 
| 101|0x0000000086500000, 0x0000000086600000, 0x0000000086600000|100%|HS|  |TAMS 0x0000000086500000, 0x0000000086500000| Complete 
| 102|0x0000000086600000, 0x0000000086700000, 0x0000000086700000|100%|HC|  |TAMS 0x0000000086600000, 0x0000000086600000| Complete 
| 103|0x0000000086700000, 0x0000000086800000, 0x0000000086800000|100%|HC|  |TAMS 0x0000000086700000, 0x0000000086700000| Complete 
| 104|0x0000000086800000, 0x0000000086900000, 0x0000000086900000|100%| O|  |TAMS 0x0000000086800000, 0x0000000086800000| Untracked 
| 105|0x0000000086900000, 0x0000000086a00000, 0x0000000086a00000|100%| O|  |TAMS 0x0000000086900000, 0x0000000086900000| Untracked 
| 106|0x0000000086a00000, 0x0000000086b00000, 0x0000000086b00000|100%| O|  |TAMS 0x0000000086a00000, 0x0000000086a00000| Untracked 
| 107|0x0000000086b00000, 0x0000000086c00000, 0x0000000086c00000|100%| O|  |TAMS 0x0000000086b00000, 0x0000000086b00000| Untracked 
| 108|0x0000000086c00000, 0x0000000086d00000, 0x0000000086d00000|100%| O|  |TAMS 0x0000000086c00000, 0x0000000086c00000| Untracked 
| 109|0x0000000086d00000, 0x0000000086e00000, 0x0000000086e00000|100%| O|  |TAMS 0x0000000086d00000, 0x0000000086d00000| Untracked 
| 110|0x0000000086e00000, 0x0000000086f00000, 0x0000000086f00000|100%| O|  |TAMS 0x0000000086e00000, 0x0000000086e00000| Untracked 
| 111|0x0000000086f00000, 0x0000000087000000, 0x0000000087000000|100%| O|  |TAMS 0x0000000086f00000, 0x0000000086f00000| Untracked 
| 112|0x0000000087000000, 0x0000000087100000, 0x0000000087100000|100%| O|  |TAMS 0x0000000087000000, 0x0000000087000000| Untracked 
| 113|0x0000000087100000, 0x0000000087200000, 0x0000000087200000|100%| O|  |TAMS 0x0000000087100000, 0x0000000087100000| Untracked 
| 114|0x0000000087200000, 0x0000000087300000, 0x0000000087300000|100%| O|  |TAMS 0x0000000087200000, 0x0000000087200000| Untracked 
| 115|0x0000000087300000, 0x0000000087400000, 0x0000000087400000|100%| O|  |TAMS 0x0000000087300000, 0x0000000087300000| Untracked 
| 116|0x0000000087400000, 0x0000000087500000, 0x0000000087500000|100%| O|  |TAMS 0x0000000087400000, 0x0000000087400000| Untracked 
| 117|0x0000000087500000, 0x0000000087600000, 0x0000000087600000|100%| O|  |TAMS 0x0000000087500000, 0x0000000087500000| Untracked 
| 118|0x0000000087600000, 0x0000000087700000, 0x0000000087700000|100%| O|  |TAMS 0x0000000087600000, 0x0000000087600000| Untracked 
| 119|0x0000000087700000, 0x0000000087800000, 0x0000000087800000|100%| O|  |TAMS 0x0000000087700000, 0x0000000087700000| Untracked 
| 120|0x0000000087800000, 0x0000000087900000, 0x0000000087900000|100%| O|  |TAMS 0x0000000087800000, 0x0000000087800000| Untracked 
| 121|0x0000000087900000, 0x0000000087a00000, 0x0000000087a00000|100%| O|  |TAMS 0x0000000087900000, 0x0000000087900000| Untracked 
| 122|0x0000000087a00000, 0x0000000087b00000, 0x0000000087b00000|100%| O|  |TAMS 0x0000000087a00000, 0x0000000087a00000| Untracked 
| 123|0x0000000087b00000, 0x0000000087c00000, 0x0000000087c00000|100%| O|  |TAMS 0x0000000087b00000, 0x0000000087b00000| Untracked 
| 124|0x0000000087c00000, 0x0000000087d00000, 0x0000000087d00000|100%| O|  |TAMS 0x0000000087c00000, 0x0000000087c00000| Untracked 
| 125|0x0000000087d00000, 0x0000000087e00000, 0x0000000087e00000|100%| O|  |TAMS 0x0000000087d00000, 0x0000000087d00000| Untracked 
| 126|0x0000000087e00000, 0x0000000087f00000, 0x0000000087f00000|100%| O|  |TAMS 0x0000000087e00000, 0x0000000087e00000| Untracked 
| 127|0x0000000087f00000, 0x0000000088000000, 0x0000000088000000|100%| O|  |TAMS 0x0000000087f00000, 0x0000000087f00000| Untracked 
| 128|0x0000000088000000, 0x0000000088100000, 0x0000000088100000|100%| O|  |TAMS 0x0000000088000000, 0x0000000088000000| Untracked 
| 129|0x0000000088100000, 0x0000000088200000, 0x0000000088200000|100%| O|  |TAMS 0x0000000088100000, 0x0000000088100000| Untracked 
| 130|0x0000000088200000, 0x0000000088300000, 0x0000000088300000|100%| O|  |TAMS 0x0000000088200000, 0x0000000088200000| Untracked 
| 131|0x0000000088300000, 0x0000000088400000, 0x0000000088400000|100%| O|  |TAMS 0x0000000088300000, 0x0000000088300000| Untracked 
| 132|0x0000000088400000, 0x0000000088500000, 0x0000000088500000|100%| O|  |TAMS 0x0000000088400000, 0x0000000088400000| Untracked 
| 133|0x0000000088500000, 0x0000000088600000, 0x0000000088600000|100%| O|  |TAMS 0x0000000088500000, 0x0000000088500000| Untracked 
| 134|0x0000000088600000, 0x0000000088700000, 0x0000000088700000|100%| O|  |TAMS 0x0000000088600000, 0x0000000088600000| Untracked 
| 135|0x0000000088700000, 0x0000000088800000, 0x0000000088800000|100%| O|  |TAMS 0x0000000088700000, 0x0000000088700000| Untracked 
| 136|0x0000000088800000, 0x0000000088900000, 0x0000000088900000|100%| O|  |TAMS 0x0000000088800000, 0x0000000088800000| Untracked 
| 137|0x0000000088900000, 0x0000000088a00000, 0x0000000088a00000|100%| O|  |TAMS 0x0000000088900000, 0x0000000088900000| Untracked 
| 138|0x0000000088a00000, 0x0000000088b00000, 0x0000000088b00000|100%| O|  |TAMS 0x0000000088a00000, 0x0000000088a00000| Untracked 
| 139|0x0000000088b00000, 0x0000000088c00000, 0x0000000088c00000|100%| O|  |TAMS 0x0000000088b00000, 0x0000000088b00000| Untracked 
| 140|0x0000000088c00000, 0x0000000088d00000, 0x0000000088d00000|100%| O|  |TAMS 0x0000000088c00000, 0x0000000088c00000| Untracked 
| 141|0x0000000088d00000, 0x0000000088d30800, 0x0000000088e00000| 18%| O|  |TAMS 0x0000000088d00000, 0x0000000088d00000| Untracked 
| 142|0x0000000088e00000, 0x0000000088e00000, 0x0000000088f00000|  0%| F|  |TAMS 0x0000000088e00000, 0x0000000088e00000| Untracked 
| 143|0x0000000088f00000, 0x0000000088f00000, 0x0000000089000000|  0%| F|  |TAMS 0x0000000088f00000, 0x0000000088f00000| Untracked 
| 144|0x0000000089000000, 0x0000000089100000, 0x0000000089100000|100%| O|  |TAMS 0x0000000089000000, 0x0000000089000000| Untracked 
| 145|0x0000000089100000, 0x0000000089200000, 0x0000000089200000|100%| O|  |TAMS 0x0000000089100000, 0x0000000089100000| Untracked 
| 146|0x0000000089200000, 0x0000000089300000, 0x0000000089300000|100%| O|  |TAMS 0x0000000089200000, 0x0000000089200000| Untracked 
| 147|0x0000000089300000, 0x0000000089400000, 0x0000000089400000|100%| O|  |TAMS 0x0000000089300000, 0x0000000089300000| Untracked 
| 148|0x0000000089400000, 0x0000000089500000, 0x0000000089500000|100%| O|  |TAMS 0x0000000089400000, 0x0000000089400000| Untracked 
| 149|0x0000000089500000, 0x0000000089600000, 0x0000000089600000|100%| O|  |TAMS 0x0000000089500000, 0x0000000089500000| Untracked 
| 150|0x0000000089600000, 0x0000000089700000, 0x0000000089700000|100%| O|  |TAMS 0x0000000089600000, 0x0000000089600000| Untracked 
| 151|0x0000000089700000, 0x0000000089800000, 0x0000000089800000|100%| O|  |TAMS 0x0000000089700000, 0x0000000089700000| Untracked 
| 152|0x0000000089800000, 0x0000000089900000, 0x0000000089900000|100%| O|  |TAMS 0x0000000089800000, 0x0000000089800000| Untracked 
| 153|0x0000000089900000, 0x0000000089a00000, 0x0000000089a00000|100%| O|  |TAMS 0x0000000089900000, 0x0000000089900000| Untracked 
| 154|0x0000000089a00000, 0x0000000089b00000, 0x0000000089b00000|100%| O|  |TAMS 0x0000000089a00000, 0x0000000089a00000| Untracked 
| 155|0x0000000089b00000, 0x0000000089c00000, 0x0000000089c00000|100%| O|  |TAMS 0x0000000089b00000, 0x0000000089b00000| Untracked 
| 156|0x0000000089c00000, 0x0000000089d00000, 0x0000000089d00000|100%|HS|  |TAMS 0x0000000089c00000, 0x0000000089c00000| Complete 
| 157|0x0000000089d00000, 0x0000000089e00000, 0x0000000089e00000|100%|HC|  |TAMS 0x0000000089d00000, 0x0000000089d00000| Complete 
| 158|0x0000000089e00000, 0x0000000089f00000, 0x0000000089f00000|100%|HC|  |TAMS 0x0000000089e00000, 0x0000000089e00000| Complete 
| 159|0x0000000089f00000, 0x000000008a000000, 0x000000008a000000|100%|HC|  |TAMS 0x0000000089f00000, 0x0000000089f00000| Complete 
| 160|0x000000008a000000, 0x000000008a100000, 0x000000008a100000|100%|HC|  |TAMS 0x000000008a000000, 0x000000008a000000| Complete 
| 161|0x000000008a100000, 0x000000008a100000, 0x000000008a200000|  0%| F|  |TAMS 0x000000008a100000, 0x000000008a100000| Untracked 
| 162|0x000000008a200000, 0x000000008a200000, 0x000000008a300000|  0%| F|  |TAMS 0x000000008a200000, 0x000000008a200000| Untracked 
| 163|0x000000008a300000, 0x000000008a300000, 0x000000008a400000|  0%| F|  |TAMS 0x000000008a300000, 0x000000008a300000| Untracked 
| 164|0x000000008a400000, 0x000000008a400000, 0x000000008a500000|  0%| F|  |TAMS 0x000000008a400000, 0x000000008a400000| Untracked 
| 165|0x000000008a500000, 0x000000008a500000, 0x000000008a600000|  0%| F|  |TAMS 0x000000008a500000, 0x000000008a500000| Untracked 
| 166|0x000000008a600000, 0x000000008a600000, 0x000000008a700000|  0%| F|  |TAMS 0x000000008a600000, 0x000000008a600000| Untracked 
| 167|0x000000008a700000, 0x000000008a700000, 0x000000008a800000|  0%| F|  |TAMS 0x000000008a700000, 0x000000008a700000| Untracked 
| 168|0x000000008a800000, 0x000000008a800000, 0x000000008a900000|  0%| F|  |TAMS 0x000000008a800000, 0x000000008a800000| Untracked 
| 169|0x000000008a900000, 0x000000008a900000, 0x000000008aa00000|  0%| F|  |TAMS 0x000000008a900000, 0x000000008a900000| Untracked 
| 170|0x000000008aa00000, 0x000000008aa00000, 0x000000008ab00000|  0%| F|  |TAMS 0x000000008aa00000, 0x000000008aa00000| Untracked 
| 171|0x000000008ab00000, 0x000000008ab00000, 0x000000008ac00000|  0%| F|  |TAMS 0x000000008ab00000, 0x000000008ab00000| Untracked 
| 172|0x000000008ac00000, 0x000000008ac00000, 0x000000008ad00000|  0%| F|  |TAMS 0x000000008ac00000, 0x000000008ac00000| Untracked 
| 173|0x000000008ad00000, 0x000000008ad00000, 0x000000008ae00000|  0%| F|  |TAMS 0x000000008ad00000, 0x000000008ad00000| Untracked 
| 174|0x000000008ae00000, 0x000000008ae00000, 0x000000008af00000|  0%| F|  |TAMS 0x000000008ae00000, 0x000000008ae00000| Untracked 
| 175|0x000000008af00000, 0x000000008af00000, 0x000000008b000000|  0%| F|  |TAMS 0x000000008af00000, 0x000000008af00000| Untracked 
| 176|0x000000008b000000, 0x000000008b000000, 0x000000008b100000|  0%| F|  |TAMS 0x000000008b000000, 0x000000008b000000| Untracked 
| 177|0x000000008b100000, 0x000000008b100000, 0x000000008b200000|  0%| F|  |TAMS 0x000000008b100000, 0x000000008b100000| Untracked 
| 178|0x000000008b200000, 0x000000008b200000, 0x000000008b300000|  0%| F|  |TAMS 0x000000008b200000, 0x000000008b200000| Untracked 
| 179|0x000000008b300000, 0x000000008b300000, 0x000000008b400000|  0%| F|  |TAMS 0x000000008b300000, 0x000000008b300000| Untracked 
| 180|0x000000008b400000, 0x000000008b400000, 0x000000008b500000|  0%| F|  |TAMS 0x000000008b400000, 0x000000008b400000| Untracked 
| 181|0x000000008b500000, 0x000000008b500000, 0x000000008b600000|  0%| F|  |TAMS 0x000000008b500000, 0x000000008b500000| Untracked 
| 182|0x000000008b600000, 0x000000008b600000, 0x000000008b700000|  0%| F|  |TAMS 0x000000008b600000, 0x000000008b600000| Untracked 
| 183|0x000000008b700000, 0x000000008b700000, 0x000000008b800000|  0%| F|  |TAMS 0x000000008b700000, 0x000000008b700000| Untracked 
| 184|0x000000008b800000, 0x000000008b800000, 0x000000008b900000|  0%| F|  |TAMS 0x000000008b800000, 0x000000008b800000| Untracked 
| 185|0x000000008b900000, 0x000000008b900000, 0x000000008ba00000|  0%| F|  |TAMS 0x000000008b900000, 0x000000008b900000| Untracked 
| 186|0x000000008ba00000, 0x000000008ba00000, 0x000000008bb00000|  0%| F|  |TAMS 0x000000008ba00000, 0x000000008ba00000| Untracked 
| 187|0x000000008bb00000, 0x000000008bb00000, 0x000000008bc00000|  0%| F|  |TAMS 0x000000008bb00000, 0x000000008bb00000| Untracked 
| 188|0x000000008bc00000, 0x000000008bc00000, 0x000000008bd00000|  0%| F|  |TAMS 0x000000008bc00000, 0x000000008bc00000| Untracked 
| 189|0x000000008bd00000, 0x000000008bd00000, 0x000000008be00000|  0%| F|  |TAMS 0x000000008bd00000, 0x000000008bd00000| Untracked 
| 190|0x000000008be00000, 0x000000008be00000, 0x000000008bf00000|  0%| F|  |TAMS 0x000000008be00000, 0x000000008be00000| Untracked 
| 191|0x000000008bf00000, 0x000000008bf00000, 0x000000008c000000|  0%| F|  |TAMS 0x000000008bf00000, 0x000000008bf00000| Untracked 
| 192|0x000000008c000000, 0x000000008c000000, 0x000000008c100000|  0%| F|  |TAMS 0x000000008c000000, 0x000000008c000000| Untracked 
| 193|0x000000008c100000, 0x000000008c100000, 0x000000008c200000|  0%| F|  |TAMS 0x000000008c100000, 0x000000008c100000| Untracked 
| 194|0x000000008c200000, 0x000000008c200000, 0x000000008c300000|  0%| F|  |TAMS 0x000000008c200000, 0x000000008c200000| Untracked 
| 195|0x000000008c300000, 0x000000008c300000, 0x000000008c400000|  0%| F|  |TAMS 0x000000008c300000, 0x000000008c300000| Untracked 
| 196|0x000000008c400000, 0x000000008c400000, 0x000000008c500000|  0%| F|  |TAMS 0x000000008c400000, 0x000000008c400000| Untracked 
| 197|0x000000008c500000, 0x000000008c57e7d0, 0x000000008c600000| 49%| S|CS|TAMS 0x000000008c500000, 0x000000008c500000| Complete 
| 198|0x000000008c600000, 0x000000008c700000, 0x000000008c700000|100%| S|CS|TAMS 0x000000008c600000, 0x000000008c600000| Complete 
| 199|0x000000008c700000, 0x000000008c800000, 0x000000008c800000|100%| S|CS|TAMS 0x000000008c700000, 0x000000008c700000| Complete 
| 200|0x000000008c800000, 0x000000008c900000, 0x000000008c900000|100%| S|CS|TAMS 0x000000008c800000, 0x000000008c800000| Complete 
| 201|0x000000008c900000, 0x000000008ca00000, 0x000000008ca00000|100%| S|CS|TAMS 0x000000008c900000, 0x000000008c900000| Complete 
| 202|0x000000008ca00000, 0x000000008cb00000, 0x000000008cb00000|100%| S|CS|TAMS 0x000000008ca00000, 0x000000008ca00000| Complete 
| 203|0x000000008cb00000, 0x000000008cc00000, 0x000000008cc00000|100%| S|CS|TAMS 0x000000008cb00000, 0x000000008cb00000| Complete 
| 204|0x000000008cc00000, 0x000000008cc00000, 0x000000008cd00000|  0%| F|  |TAMS 0x000000008cc00000, 0x000000008cc00000| Untracked 
| 205|0x000000008cd00000, 0x000000008cd00000, 0x000000008ce00000|  0%| F|  |TAMS 0x000000008cd00000, 0x000000008cd00000| Untracked 
| 206|0x000000008ce00000, 0x000000008ce00000, 0x000000008cf00000|  0%| F|  |TAMS 0x000000008ce00000, 0x000000008ce00000| Untracked 
| 207|0x000000008cf00000, 0x000000008cf00000, 0x000000008d000000|  0%| F|  |TAMS 0x000000008cf00000, 0x000000008cf00000| Untracked 
| 208|0x000000008d000000, 0x000000008d000000, 0x000000008d100000|  0%| F|  |TAMS 0x000000008d000000, 0x000000008d000000| Untracked 
| 209|0x000000008d100000, 0x000000008d100000, 0x000000008d200000|  0%| F|  |TAMS 0x000000008d100000, 0x000000008d100000| Untracked 
| 210|0x000000008d200000, 0x000000008d200000, 0x000000008d300000|  0%| F|  |TAMS 0x000000008d200000, 0x000000008d200000| Untracked 
| 211|0x000000008d300000, 0x000000008d300000, 0x000000008d400000|  0%| F|  |TAMS 0x000000008d300000, 0x000000008d300000| Untracked 
| 212|0x000000008d400000, 0x000000008d400000, 0x000000008d500000|  0%| F|  |TAMS 0x000000008d400000, 0x000000008d400000| Untracked 
| 213|0x000000008d500000, 0x000000008d500000, 0x000000008d600000|  0%| F|  |TAMS 0x000000008d500000, 0x000000008d500000| Untracked 
| 214|0x000000008d600000, 0x000000008d600000, 0x000000008d700000|  0%| F|  |TAMS 0x000000008d600000, 0x000000008d600000| Untracked 
| 215|0x000000008d700000, 0x000000008d700000, 0x000000008d800000|  0%| F|  |TAMS 0x000000008d700000, 0x000000008d700000| Untracked 
| 216|0x000000008d800000, 0x000000008d800000, 0x000000008d900000|  0%| F|  |TAMS 0x000000008d800000, 0x000000008d800000| Untracked 
| 217|0x000000008d900000, 0x000000008d900000, 0x000000008da00000|  0%| F|  |TAMS 0x000000008d900000, 0x000000008d900000| Untracked 
| 218|0x000000008da00000, 0x000000008da00000, 0x000000008db00000|  0%| F|  |TAMS 0x000000008da00000, 0x000000008da00000| Untracked 
| 219|0x000000008db00000, 0x000000008db00000, 0x000000008dc00000|  0%| F|  |TAMS 0x000000008db00000, 0x000000008db00000| Untracked 
| 220|0x000000008dc00000, 0x000000008dc00000, 0x000000008dd00000|  0%| F|  |TAMS 0x000000008dc00000, 0x000000008dc00000| Untracked 
| 221|0x000000008dd00000, 0x000000008dd00000, 0x000000008de00000|  0%| F|  |TAMS 0x000000008dd00000, 0x000000008dd00000| Untracked 
| 222|0x000000008de00000, 0x000000008de00000, 0x000000008df00000|  0%| F|  |TAMS 0x000000008de00000, 0x000000008de00000| Untracked 
| 223|0x000000008df00000, 0x000000008df00000, 0x000000008e000000|  0%| F|  |TAMS 0x000000008df00000, 0x000000008df00000| Untracked 
| 224|0x000000008e000000, 0x000000008e000000, 0x000000008e100000|  0%| F|  |TAMS 0x000000008e000000, 0x000000008e000000| Untracked 
| 225|0x000000008e100000, 0x000000008e100000, 0x000000008e200000|  0%| F|  |TAMS 0x000000008e100000, 0x000000008e100000| Untracked 
| 226|0x000000008e200000, 0x000000008e200000, 0x000000008e300000|  0%| F|  |TAMS 0x000000008e200000, 0x000000008e200000| Untracked 
| 227|0x000000008e300000, 0x000000008e300000, 0x000000008e400000|  0%| F|  |TAMS 0x000000008e300000, 0x000000008e300000| Untracked 
| 228|0x000000008e400000, 0x000000008e400000, 0x000000008e500000|  0%| F|  |TAMS 0x000000008e400000, 0x000000008e400000| Untracked 
| 229|0x000000008e500000, 0x000000008e500000, 0x000000008e600000|  0%| F|  |TAMS 0x000000008e500000, 0x000000008e500000| Untracked 
| 230|0x000000008e600000, 0x000000008e600000, 0x000000008e700000|  0%| F|  |TAMS 0x000000008e600000, 0x000000008e600000| Untracked 
| 231|0x000000008e700000, 0x000000008e700000, 0x000000008e800000|  0%| F|  |TAMS 0x000000008e700000, 0x000000008e700000| Untracked 
| 232|0x000000008e800000, 0x000000008e800000, 0x000000008e900000|  0%| F|  |TAMS 0x000000008e800000, 0x000000008e800000| Untracked 
| 233|0x000000008e900000, 0x000000008e980800, 0x000000008ea00000| 50%| E|  |TAMS 0x000000008e900000, 0x000000008e900000| Complete 
| 234|0x000000008ea00000, 0x000000008eb00000, 0x000000008eb00000|100%| E|CS|TAMS 0x000000008ea00000, 0x000000008ea00000| Complete 
| 235|0x000000008eb00000, 0x000000008ec00000, 0x000000008ec00000|100%| E|CS|TAMS 0x000000008eb00000, 0x000000008eb00000| Complete 
| 236|0x000000008ec00000, 0x000000008ed00000, 0x000000008ed00000|100%| E|CS|TAMS 0x000000008ec00000, 0x000000008ec00000| Complete 
| 237|0x000000008ed00000, 0x000000008ee00000, 0x000000008ee00000|100%| E|CS|TAMS 0x000000008ed00000, 0x000000008ed00000| Complete 
| 238|0x000000008ee00000, 0x000000008ef00000, 0x000000008ef00000|100%| E|CS|TAMS 0x000000008ee00000, 0x000000008ee00000| Complete 
| 239|0x000000008ef00000, 0x000000008f000000, 0x000000008f000000|100%| E|CS|TAMS 0x000000008ef00000, 0x000000008ef00000| Complete 
| 240|0x000000008f000000, 0x000000008f100000, 0x000000008f100000|100%| E|CS|TAMS 0x000000008f000000, 0x000000008f000000| Complete 
| 241|0x000000008f100000, 0x000000008f200000, 0x000000008f200000|100%| E|CS|TAMS 0x000000008f100000, 0x000000008f100000| Complete 
| 242|0x000000008f200000, 0x000000008f300000, 0x000000008f300000|100%| E|CS|TAMS 0x000000008f200000, 0x000000008f200000| Complete 
| 243|0x000000008f300000, 0x000000008f400000, 0x000000008f400000|100%| E|CS|TAMS 0x000000008f300000, 0x000000008f300000| Complete 
| 244|0x000000008f400000, 0x000000008f500000, 0x000000008f500000|100%| E|CS|TAMS 0x000000008f400000, 0x000000008f400000| Complete 
| 245|0x000000008f500000, 0x000000008f600000, 0x000000008f600000|100%| E|CS|TAMS 0x000000008f500000, 0x000000008f500000| Complete 
| 246|0x000000008f600000, 0x000000008f700000, 0x000000008f700000|100%| E|CS|TAMS 0x000000008f600000, 0x000000008f600000| Complete 
| 247|0x000000008f700000, 0x000000008f800000, 0x000000008f800000|100%| E|CS|TAMS 0x000000008f700000, 0x000000008f700000| Complete 
| 248|0x000000008f800000, 0x000000008f900000, 0x000000008f900000|100%| E|CS|TAMS 0x000000008f800000, 0x000000008f800000| Complete 
| 249|0x000000008f900000, 0x000000008fa00000, 0x000000008fa00000|100%| E|CS|TAMS 0x000000008f900000, 0x000000008f900000| Complete 
| 250|0x000000008fa00000, 0x000000008fb00000, 0x000000008fb00000|100%| E|CS|TAMS 0x000000008fa00000, 0x000000008fa00000| Complete 
| 251|0x000000008fb00000, 0x000000008fc00000, 0x000000008fc00000|100%| E|CS|TAMS 0x000000008fb00000, 0x000000008fb00000| Complete 
| 252|0x000000008fc00000, 0x000000008fd00000, 0x000000008fd00000|100%| E|CS|TAMS 0x000000008fc00000, 0x000000008fc00000| Complete 
| 253|0x000000008fd00000, 0x000000008fe00000, 0x000000008fe00000|100%| E|CS|TAMS 0x000000008fd00000, 0x000000008fd00000| Complete 
| 254|0x000000008fe00000, 0x000000008ff00000, 0x000000008ff00000|100%| E|CS|TAMS 0x000000008fe00000, 0x000000008fe00000| Complete 
| 255|0x000000008ff00000, 0x0000000090000000, 0x0000000090000000|100%| E|CS|TAMS 0x000000008ff00000, 0x000000008ff00000| Complete 
| 256|0x0000000090000000, 0x0000000090100000, 0x0000000090100000|100%| E|CS|TAMS 0x0000000090000000, 0x0000000090000000| Complete 
| 257|0x0000000090100000, 0x0000000090200000, 0x0000000090200000|100%| E|CS|TAMS 0x0000000090100000, 0x0000000090100000| Complete 
| 258|0x0000000090200000, 0x0000000090300000, 0x0000000090300000|100%| E|CS|TAMS 0x0000000090200000, 0x0000000090200000| Complete 
| 259|0x0000000090300000, 0x0000000090400000, 0x0000000090400000|100%| E|CS|TAMS 0x0000000090300000, 0x0000000090300000| Complete 
| 260|0x0000000090400000, 0x0000000090500000, 0x0000000090500000|100%| E|CS|TAMS 0x0000000090400000, 0x0000000090400000| Complete 
| 261|0x0000000090500000, 0x0000000090600000, 0x0000000090600000|100%| E|CS|TAMS 0x0000000090500000, 0x0000000090500000| Complete 
| 262|0x0000000090600000, 0x0000000090700000, 0x0000000090700000|100%| E|CS|TAMS 0x0000000090600000, 0x0000000090600000| Complete 
| 263|0x0000000090700000, 0x0000000090800000, 0x0000000090800000|100%| E|CS|TAMS 0x0000000090700000, 0x0000000090700000| Complete 
| 264|0x0000000090800000, 0x0000000090900000, 0x0000000090900000|100%| E|CS|TAMS 0x0000000090800000, 0x0000000090800000| Complete 
| 265|0x0000000090900000, 0x0000000090a00000, 0x0000000090a00000|100%| E|CS|TAMS 0x0000000090900000, 0x0000000090900000| Complete 
| 266|0x0000000090a00000, 0x0000000090b00000, 0x0000000090b00000|100%| E|CS|TAMS 0x0000000090a00000, 0x0000000090a00000| Complete 
| 267|0x0000000090b00000, 0x0000000090c00000, 0x0000000090c00000|100%| E|CS|TAMS 0x0000000090b00000, 0x0000000090b00000| Complete 
| 268|0x0000000090c00000, 0x0000000090d00000, 0x0000000090d00000|100%| E|CS|TAMS 0x0000000090c00000, 0x0000000090c00000| Complete 
| 269|0x0000000090d00000, 0x0000000090e00000, 0x0000000090e00000|100%| E|CS|TAMS 0x0000000090d00000, 0x0000000090d00000| Complete 
| 270|0x0000000090e00000, 0x0000000090f00000, 0x0000000090f00000|100%| E|CS|TAMS 0x0000000090e00000, 0x0000000090e00000| Complete 
| 271|0x0000000090f00000, 0x0000000091000000, 0x0000000091000000|100%| E|CS|TAMS 0x0000000090f00000, 0x0000000090f00000| Complete 
| 272|0x0000000091000000, 0x0000000091100000, 0x0000000091100000|100%| E|CS|TAMS 0x0000000091000000, 0x0000000091000000| Complete 
| 273|0x0000000091100000, 0x0000000091200000, 0x0000000091200000|100%| E|CS|TAMS 0x0000000091100000, 0x0000000091100000| Complete 
| 274|0x0000000091200000, 0x0000000091300000, 0x0000000091300000|100%| E|CS|TAMS 0x0000000091200000, 0x0000000091200000| Complete 
| 275|0x0000000091300000, 0x0000000091400000, 0x0000000091400000|100%| E|CS|TAMS 0x0000000091300000, 0x0000000091300000| Complete 
| 276|0x0000000091400000, 0x0000000091500000, 0x0000000091500000|100%| E|CS|TAMS 0x0000000091400000, 0x0000000091400000| Complete 
| 277|0x0000000091500000, 0x0000000091600000, 0x0000000091600000|100%| E|CS|TAMS 0x0000000091500000, 0x0000000091500000| Complete 
| 278|0x0000000091600000, 0x0000000091700000, 0x0000000091700000|100%| E|CS|TAMS 0x0000000091600000, 0x0000000091600000| Complete 
| 279|0x0000000091700000, 0x0000000091800000, 0x0000000091800000|100%| E|CS|TAMS 0x0000000091700000, 0x0000000091700000| Complete 
| 280|0x0000000091800000, 0x0000000091900000, 0x0000000091900000|100%| E|CS|TAMS 0x0000000091800000, 0x0000000091800000| Complete 
| 281|0x0000000091900000, 0x0000000091a00000, 0x0000000091a00000|100%| E|CS|TAMS 0x0000000091900000, 0x0000000091900000| Complete 
| 282|0x0000000091a00000, 0x0000000091b00000, 0x0000000091b00000|100%| E|CS|TAMS 0x0000000091a00000, 0x0000000091a00000| Complete 
| 283|0x0000000091b00000, 0x0000000091c00000, 0x0000000091c00000|100%| E|CS|TAMS 0x0000000091b00000, 0x0000000091b00000| Complete 
| 284|0x0000000091c00000, 0x0000000091d00000, 0x0000000091d00000|100%| E|CS|TAMS 0x0000000091c00000, 0x0000000091c00000| Complete 
| 285|0x0000000091d00000, 0x0000000091e00000, 0x0000000091e00000|100%| E|CS|TAMS 0x0000000091d00000, 0x0000000091d00000| Complete 
| 286|0x0000000091e00000, 0x0000000091f00000, 0x0000000091f00000|100%| E|CS|TAMS 0x0000000091e00000, 0x0000000091e00000| Complete 
| 287|0x0000000091f00000, 0x0000000092000000, 0x0000000092000000|100%| E|CS|TAMS 0x0000000091f00000, 0x0000000091f00000| Complete 
| 288|0x0000000092000000, 0x0000000092100000, 0x0000000092100000|100%| E|CS|TAMS 0x0000000092000000, 0x0000000092000000| Complete 
| 289|0x0000000092100000, 0x0000000092200000, 0x0000000092200000|100%| E|CS|TAMS 0x0000000092100000, 0x0000000092100000| Complete 
| 290|0x0000000092200000, 0x0000000092300000, 0x0000000092300000|100%| E|CS|TAMS 0x0000000092200000, 0x0000000092200000| Complete 
| 291|0x0000000092300000, 0x0000000092400000, 0x0000000092400000|100%| E|CS|TAMS 0x0000000092300000, 0x0000000092300000| Complete 

Card table byte_map: [0x000001f1b6d10000,0x000001f1b7110000] _byte_map_base: 0x000001f1b6910000

Marking Bits (Prev, Next): (CMBitMap*) 0x000001f19f1f2ec8, (CMBitMap*) 0x000001f19f1f2f00
 Prev Bits: [0x000001f1b7510000, 0x000001f1b9510000)
 Next Bits: [0x000001f1b9510000, 0x000001f1bb510000)

Polling page: 0x000001f19e990000

Metaspace:

Usage:
  Non-class:    126.99 MB capacity,   125.09 MB ( 99%) used,     1.53 MB (  1%) free+waste,   379.13 KB ( <1%) overhead. 
      Class:     17.87 MB capacity,    16.60 MB ( 93%) used,     1.10 MB (  6%) free+waste,   167.94 KB ( <1%) overhead. 
       Both:    144.86 MB capacity,   141.69 MB ( 98%) used,     2.63 MB (  2%) free+waste,   547.06 KB ( <1%) overhead. 

Virtual space:
  Non-class space:      128.00 MB reserved,     127.07 MB (>99%) committed 
      Class space:      504.00 MB reserved,      17.88 MB (  4%) committed 
             Both:      632.00 MB reserved,     144.95 MB ( 23%) committed 

Chunk freelists:
   Non-Class:  15.00 KB
       Class:  0 bytes
        Both:  15.00 KB

MaxMetaspaceSize: 512.00 MB
CompressedClassSpaceSize: 504.00 MB
Initial GC threshold: 20.80 MB
Current GC threshold: 157.41 MB
CDS: off

CodeHeap 'non-profiled nmethods': size=120064Kb used=17104Kb max_used=17104Kb free=102959Kb
 bounds [0x000001f1af3d0000, 0x000001f1b0490000, 0x000001f1b6910000]
CodeHeap 'profiled nmethods': size=120000Kb used=62366Kb max_used=62366Kb free=57633Kb
 bounds [0x000001f1a7ea0000, 0x000001f1abb90000, 0x000001f1af3d0000]
CodeHeap 'non-nmethods': size=5696Kb used=2502Kb max_used=2550Kb free=3193Kb
 bounds [0x000001f1a7910000, 0x000001f1a7ba0000, 0x000001f1a7ea0000]
 total_blobs=25002 nmethods=23951 adapters=961
 compilation: enabled
              stopped_count=0, restarted_count=0
 full_count=0

Compilation events (20 events):
Event: 1238.280 Thread 0x000001f1be340800 nmethod 27387 0x000001f1afe60d10 code [0x000001f1afe61160, 0x000001f1afe66f18]
Event: 1238.281 Thread 0x000001f1be340800 27392       4       org.gradle.internal.normalization.java.impl.ApiMemberWriter::writeClass (230 bytes)
Event: 1238.392 Thread 0x000001f1be345000 27412       2       org.gradle.internal.normalization.java.impl.ApiMemberWriter::writeClassAnnotations (54 bytes)
Event: 1238.393 Thread 0x000001f1be345000 nmethod 27412 0x000001f1abb8be10 code [0x000001f1abb8c000, 0x000001f1abb8c288]
Event: 1238.830 Thread 0x000001f1be345000 27418       2       sun.reflect.misc.Trampoline::ensureInvocableMethod (53 bytes)
Event: 1238.830 Thread 0x000001f1be345000 nmethod 27418 0x000001f1abb8c410 code [0x000001f1abb8c600, 0x000001f1abb8c8d8]
Event: 1238.865 Thread 0x000001f1be340800 nmethod 27392 0x000001f1b0475c10 code [0x000001f1b0476280, 0x000001f1b047d3e0]
Event: 1238.865 Thread 0x000001f1be340800 27402       4       org.objectweb.asm.ClassReader::accept (1404 bytes)
Event: 1239.332 Thread 0x000001f1be340800 nmethod 27402 0x000001f1afe56890 code [0x000001f1afe56f00, 0x000001f1afe5d9c0]
Event: 1239.333 Thread 0x000001f1be340800 27419       4       org.gradle.internal.normalization.java.impl.ApiMemberWriter::writeClassAnnotations (54 bytes)
Event: 1239.425 Thread 0x000001f1be340800 nmethod 27419 0x000001f1b0480e90 code [0x000001f1b04811a0, 0x000001f1b0483c68]
Event: 1239.425 Thread 0x000001f1be340800 27403       4       org.objectweb.asm.MethodVisitor::visitVarInsn (17 bytes)
Event: 1239.426 Thread 0x000001f1be340800 nmethod 27403 0x000001f1afe56410 code [0x000001f1afe565a0, 0x000001f1afe56638]
Event: 1239.426 Thread 0x000001f1be340800 27407       4       org.objectweb.asm.MethodVisitor::visitEnd (15 bytes)
Event: 1239.427 Thread 0x000001f1be340800 nmethod 27407 0x000001f1af779f90 code [0x000001f1af77a120, 0x000001f1af77a1b8]
Event: 1239.427 Thread 0x000001f1be340800 27400       4       org.objectweb.asm.ClassVisitor::visitInnerClass (20 bytes)
Event: 1239.428 Thread 0x000001f1be340800 nmethod 27400 0x000001f1af779c90 code [0x000001f1af779e20, 0x000001f1af779eb8]
Event: 1239.428 Thread 0x000001f1be340800 27395       4       java.util.TreeMap$KeySet::iterator (32 bytes)
Event: 1239.452 Thread 0x000001f1be340800 nmethod 27395 0x000001f1af778f90 code [0x000001f1af779160, 0x000001f1af7799b8]
Event: 1239.452 Thread 0x000001f1be340800 27389       4       org.gradle.internal.normalization.java.impl.ApiMemberSelector::visitEnd (28 bytes)

GC Heap History (20 events):
Event: 379.827 GC heap before
{Heap before GC invocations=179 (full 0):
 garbage-first heap   total 299008K, used 242067K [0x0000000080000000, 0x0000000100000000)
  region size 1024K, 87 young (89088K), 6 survivors (6144K)
 Metaspace       used 139340K, capacity 141916K, committed 142152K, reserved 641024K
  class space    used 16295K, capacity 17320K, committed 17408K, reserved 516096K
}
Event: 379.832 GC heap after
{Heap after GC invocations=180 (full 0):
 garbage-first heap   total 299008K, used 158613K [0x0000000080000000, 0x0000000100000000)
  region size 1024K, 6 young (6144K), 6 survivors (6144K)
 Metaspace       used 139340K, capacity 141916K, committed 142152K, reserved 641024K
  class space    used 16295K, capacity 17320K, committed 17408K, reserved 516096K
}
Event: 389.655 GC heap before
{Heap before GC invocations=180 (full 0):
 garbage-first heap   total 299008K, used 244629K [0x0000000080000000, 0x0000000100000000)
  region size 1024K, 90 young (92160K), 6 survivors (6144K)
 Metaspace       used 139342K, capacity 141916K, committed 142152K, reserved 641024K
  class space    used 16295K, capacity 17320K, committed 17408K, reserved 516096K
}
Event: 389.661 GC heap after
{Heap after GC invocations=181 (full 0):
 garbage-first heap   total 299008K, used 157792K [0x0000000080000000, 0x0000000100000000)
  region size 1024K, 5 young (5120K), 5 survivors (5120K)
 Metaspace       used 139342K, capacity 141916K, committed 142152K, reserved 641024K
  class space    used 16295K, capacity 17320K, committed 17408K, reserved 516096K
}
Event: 392.412 GC heap before
{Heap before GC invocations=181 (full 0):
 garbage-first heap   total 299008K, used 249952K [0x0000000080000000, 0x0000000100000000)
  region size 1024K, 92 young (94208K), 5 survivors (5120K)
 Metaspace       used 139344K, capacity 141916K, committed 142152K, reserved 641024K
  class space    used 16295K, capacity 17320K, committed 17408K, reserved 516096K
}
Event: 392.417 GC heap after
{Heap after GC invocations=182 (full 0):
 garbage-first heap   total 299008K, used 162201K [0x0000000080000000, 0x0000000100000000)
  region size 1024K, 7 young (7168K), 7 survivors (7168K)
 Metaspace       used 139344K, capacity 141916K, committed 142152K, reserved 641024K
  class space    used 16295K, capacity 17320K, committed 17408K, reserved 516096K
}
Event: 393.329 GC heap before
{Heap before GC invocations=182 (full 0):
 garbage-first heap   total 299008K, used 250265K [0x0000000080000000, 0x0000000100000000)
  region size 1024K, 93 young (95232K), 7 survivors (7168K)
 Metaspace       used 139344K, capacity 141916K, committed 142152K, reserved 641024K
  class space    used 16295K, capacity 17320K, committed 17408K, reserved 516096K
}
Event: 393.337 GC heap after
{Heap after GC invocations=183 (full 0):
 garbage-first heap   total 299008K, used 163263K [0x0000000080000000, 0x0000000100000000)
  region size 1024K, 8 young (8192K), 8 survivors (8192K)
 Metaspace       used 139344K, capacity 141916K, committed 142152K, reserved 641024K
  class space    used 16295K, capacity 17320K, committed 17408K, reserved 516096K
}
Event: 394.338 GC heap before
{Heap before GC invocations=183 (full 0):
 garbage-first heap   total 299008K, used 252351K [0x0000000080000000, 0x0000000100000000)
  region size 1024K, 95 young (97280K), 8 survivors (8192K)
 Metaspace       used 139344K, capacity 141916K, committed 142152K, reserved 641024K
  class space    used 16295K, capacity 17320K, committed 17408K, reserved 516096K
}
Event: 394.345 GC heap after
{Heap after GC invocations=184 (full 0):
 garbage-first heap   total 299008K, used 164600K [0x0000000080000000, 0x0000000100000000)
  region size 1024K, 8 young (8192K), 8 survivors (8192K)
 Metaspace       used 139344K, capacity 141916K, committed 142152K, reserved 641024K
  class space    used 16295K, capacity 17320K, committed 17408K, reserved 516096K
}
Event: 395.661 GC heap before
{Heap before GC invocations=184 (full 0):
 garbage-first heap   total 299008K, used 254712K [0x0000000080000000, 0x0000000100000000)
  region size 1024K, 96 young (98304K), 8 survivors (8192K)
 Metaspace       used 139344K, capacity 141916K, committed 142152K, reserved 641024K
  class space    used 16295K, capacity 17320K, committed 17408K, reserved 516096K
}
Event: 395.668 GC heap after
{Heap after GC invocations=185 (full 0):
 garbage-first heap   total 299008K, used 165900K [0x0000000080000000, 0x0000000100000000)
  region size 1024K, 8 young (8192K), 8 survivors (8192K)
 Metaspace       used 139344K, capacity 141916K, committed 142152K, reserved 641024K
  class space    used 16295K, capacity 17320K, committed 17408K, reserved 516096K
}
Event: 402.049 GC heap before
{Heap before GC invocations=185 (full 0):
 garbage-first heap   total 299008K, used 256012K [0x0000000080000000, 0x0000000100000000)
  region size 1024K, 96 young (98304K), 8 survivors (8192K)
 Metaspace       used 140450K, capacity 143128K, committed 143304K, reserved 643072K
  class space    used 16447K, capacity 17527K, committed 17536K, reserved 516096K
}
Event: 402.054 GC heap after
{Heap after GC invocations=186 (full 0):
 garbage-first heap   total 299008K, used 158654K [0x0000000080000000, 0x0000000100000000)
  region size 1024K, 3 young (3072K), 3 survivors (3072K)
 Metaspace       used 140450K, capacity 143128K, committed 143304K, reserved 643072K
  class space    used 16447K, capacity 17527K, committed 17536K, reserved 516096K
}
Event: 838.349 GC heap before
{Heap before GC invocations=186 (full 0):
 garbage-first heap   total 299008K, used 254910K [0x0000000080000000, 0x0000000100000000)
  region size 1024K, 98 young (100352K), 3 survivors (3072K)
 Metaspace       used 144279K, capacity 147377K, committed 147656K, reserved 647168K
  class space    used 16960K, capacity 18216K, committed 18304K, reserved 516096K
}
Event: 838.361 GC heap after
{Heap after GC invocations=187 (full 0):
 garbage-first heap   total 299008K, used 159936K [0x0000000080000000, 0x0000000100000000)
  region size 1024K, 4 young (4096K), 4 survivors (4096K)
 Metaspace       used 144279K, capacity 147377K, committed 147656K, reserved 647168K
  class space    used 16960K, capacity 18216K, committed 18304K, reserved 516096K
}
Event: 1238.207 GC heap before
{Heap before GC invocations=187 (full 0):
 garbage-first heap   total 299008K, used 261312K [0x0000000080000000, 0x0000000100000000)
  region size 1024K, 99 young (101376K), 4 survivors (4096K)
 Metaspace       used 145088K, capacity 148335K, committed 148424K, reserved 647168K
  class space    used 17000K, capacity 18295K, committed 18304K, reserved 516096K
}
Event: 1238.223 GC heap after
{Heap after GC invocations=188 (full 0):
 garbage-first heap   total 299008K, used 168531K [0x0000000080000000, 0x0000000100000000)
  region size 1024K, 7 young (7168K), 7 survivors (7168K)
 Metaspace       used 145088K, capacity 148335K, committed 148424K, reserved 647168K
  class space    used 17000K, capacity 18295K, committed 18304K, reserved 516096K
}
Event: 1239.741 GC heap before
{Heap before GC invocations=188 (full 0):
 garbage-first heap   total 299008K, used 258643K [0x0000000080000000, 0x0000000100000000)
  region size 1024K, 95 young (97280K), 7 survivors (7168K)
 Metaspace       used 145092K, capacity 148337K, committed 148424K, reserved 647168K
  class space    used 17000K, capacity 18296K, committed 18304K, reserved 516096K
}
Event: 1239.751 GC heap after
{Heap after GC invocations=189 (full 0):
 garbage-first heap   total 299008K, used 168635K [0x0000000080000000, 0x0000000100000000)
  region size 1024K, 7 young (7168K), 7 survivors (7168K)
 Metaspace       used 145092K, capacity 148337K, committed 148424K, reserved 647168K
  class space    used 17000K, capacity 18296K, committed 18304K, reserved 516096K
}

Deoptimization events (20 events):
Event: 1237.920 Thread 0x000001f1c0dae800 DEOPT PACKING pc=0x000001f1af83e20c sp=0x00000052889fa950
Event: 1237.920 Thread 0x000001f1c0dae800 DEOPT UNPACKING pc=0x000001f1a795a1af sp=0x00000052889fa970 mode 2
Event: 1237.920 Thread 0x000001f1c0dae800 Uncommon trap: trap_request=0xffffffde fr.pc=0x000001f1af7d8914 relative=0x00000000000014f4
Event: 1237.920 Thread 0x000001f1c0dae800 Uncommon trap: reason=class_check action=maybe_recompile pc=0x000001f1af7d8914 method=org.gradle.internal.normalization.java.ApiClassExtractor.extractApiClassFrom(Lorg/objectweb/asm/ClassReader;)Ljava/util/Optional; @ 34 c2
Event: 1237.921 Thread 0x000001f1c0dae800 DEOPT PACKING pc=0x000001f1af7d8914 sp=0x00000052889fabb0
Event: 1237.921 Thread 0x000001f1c0dae800 DEOPT UNPACKING pc=0x000001f1a795a1af sp=0x00000052889fab90 mode 2
Event: 1237.921 Thread 0x000001f1c0dae800 Uncommon trap: trap_request=0xffffffde fr.pc=0x000001f1b01836cc relative=0x00000000000023cc
Event: 1237.921 Thread 0x000001f1c0dae800 Uncommon trap: reason=class_check action=maybe_recompile pc=0x000001f1b01836cc method=org.gradle.internal.normalization.java.impl.ApiMemberSelector.visitEnd()V @ 24 c2
Event: 1237.921 Thread 0x000001f1c0dae800 DEOPT PACKING pc=0x000001f1b01836cc sp=0x00000052889fa960
Event: 1237.921 Thread 0x000001f1c0dae800 DEOPT UNPACKING pc=0x000001f1a795a1af sp=0x00000052889fa950 mode 2
Event: 1237.921 Thread 0x000001f1c0dae800 Uncommon trap: trap_request=0xffffffde fr.pc=0x000001f1af83e20c relative=0x000000000000160c
Event: 1237.921 Thread 0x000001f1c0dae800 Uncommon trap: reason=class_check action=maybe_recompile pc=0x000001f1af83e20c method=org.gradle.internal.normalization.java.impl.ApiMemberWriter.writeClass(Lorg/gradle/internal/normalization/java/impl/ClassMember;Ljava/util/Set;Ljava/util/Set;Ljava/util/
Event: 1237.921 Thread 0x000001f1c0dae800 DEOPT PACKING pc=0x000001f1af83e20c sp=0x00000052889fa8a0
Event: 1237.921 Thread 0x000001f1c0dae800 DEOPT UNPACKING pc=0x000001f1a795a1af sp=0x00000052889fa8c0 mode 2
Event: 1238.313 Thread 0x000001f1c0dae800 Uncommon trap: trap_request=0xffffff7e fr.pc=0x000001f1afe65f74 relative=0x0000000000004e14
Event: 1238.313 Thread 0x000001f1c0dae800 Uncommon trap: reason=predicate action=maybe_recompile pc=0x000001f1afe65f74 method=org.gradle.internal.normalization.java.impl.ApiMemberWriter.writeClassAnnotations(Ljava/util/Set;)V @ 13 c2
Event: 1238.313 Thread 0x000001f1c0dae800 DEOPT PACKING pc=0x000001f1afe65f74 sp=0x00000052889fa800
Event: 1238.313 Thread 0x000001f1c0dae800 DEOPT UNPACKING pc=0x000001f1a795a1af sp=0x00000052889fa818 mode 2
Event: 1238.313 Thread 0x000001f1c0dae800 DEOPT PACKING pc=0x000001f1aa60ded4 sp=0x00000052889fa6f0
Event: 1238.313 Thread 0x000001f1c0dae800 DEOPT UNPACKING pc=0x000001f1a795a95e sp=0x00000052889f9bd8 mode 0

Classes redefined (0 events):
No events

Internal exceptions (20 events):
Event: 1189.703 Thread 0x000001f1c0dae800 Exception <a 'java/net/ConnectException'{0x000000008d8cd900}: Connection refused: connect> (0x000000008d8cd900) thrown at [./src/hotspot/share/prims/jni.cpp, line 638]
Event: 1189.706 Thread 0x000001f1c0dae800 Exception <a 'java/net/ConnectException'{0x000000008d8d0c20}: Connection refused: connect> (0x000000008d8d0c20) thrown at [./src/hotspot/share/prims/jni.cpp, line 638]
Event: 1189.719 Thread 0x000001f1c0dae800 Exception <a 'java/net/ConnectException'{0x000000008d8d23f0}: Connection refused: connect> (0x000000008d8d23f0) thrown at [./src/hotspot/share/prims/jni.cpp, line 638]
Event: 1189.736 Thread 0x000001f1c0dae800 Exception <a 'java/net/ConnectException'{0x000000008d8d3bc0}: Connection refused: connect> (0x000000008d8d3bc0) thrown at [./src/hotspot/share/prims/jni.cpp, line 638]
Event: 1189.739 Thread 0x000001f1c0dae800 Exception <a 'java/net/ConnectException'{0x000000008d8d6e78}: Connection refused: connect> (0x000000008d8d6e78) thrown at [./src/hotspot/share/prims/jni.cpp, line 638]
Event: 1189.750 Thread 0x000001f1c0dae800 Exception <a 'java/net/ConnectException'{0x000000008d8d8648}: Connection refused: connect> (0x000000008d8d8648) thrown at [./src/hotspot/share/prims/jni.cpp, line 638]
Event: 1189.764 Thread 0x000001f1c0dae800 Exception <a 'java/net/ConnectException'{0x000000008d8d9e18}: Connection refused: connect> (0x000000008d8d9e18) thrown at [./src/hotspot/share/prims/jni.cpp, line 638]
Event: 1190.077 Thread 0x000001f1c3b01000 Exception <a 'java/lang/InterruptedException'{0x000000008d700000}> (0x000000008d700000) thrown at [./src/hotspot/share/runtime/objectMonitor.cpp, line 1635]
Event: 1205.742 Thread 0x000001f1d1761000 Exception <a 'java/net/ConnectException'{0x00000000906a3848}: Connection refused: connect> (0x00000000906a3848) thrown at [./src/hotspot/share/prims/jni.cpp, line 638]
Event: 1205.772 Thread 0x000001f1d1761000 Exception <a 'java/net/ConnectException'{0x00000000906a4028}: Connection refused: connect> (0x00000000906a4028) thrown at [./src/hotspot/share/prims/jni.cpp, line 638]
Event: 1205.792 Thread 0x000001f1d1761000 Exception <a 'java/net/ConnectException'{0x00000000906a4808}: Connection refused: connect> (0x00000000906a4808) thrown at [./src/hotspot/share/prims/jni.cpp, line 638]
Event: 1220.959 Thread 0x000001f1d1d84800 Exception <a 'java/net/ConnectException'{0x00000000923656d8}: Connection refused: connect> (0x00000000923656d8) thrown at [./src/hotspot/share/prims/jni.cpp, line 638]
Event: 1220.974 Thread 0x000001f1d1d84800 Exception <a 'java/net/ConnectException'{0x0000000092365eb8}: Connection refused: connect> (0x0000000092365eb8) thrown at [./src/hotspot/share/prims/jni.cpp, line 638]
Event: 1220.989 Thread 0x000001f1d1d84800 Exception <a 'java/net/ConnectException'{0x0000000092366698}: Connection refused: connect> (0x0000000092366698) thrown at [./src/hotspot/share/prims/jni.cpp, line 638]
Event: 1220.990 Thread 0x000001f1d1d84800 Exception <a 'java/net/ConnectException'{0x00000000923671e8}: Connection refused: connect> (0x00000000923671e8) thrown at [./src/hotspot/share/prims/jni.cpp, line 638]
Event: 1221.004 Thread 0x000001f1d1d84800 Exception <a 'java/net/ConnectException'{0x00000000923679c8}: Connection refused: connect> (0x00000000923679c8) thrown at [./src/hotspot/share/prims/jni.cpp, line 638]
Event: 1221.019 Thread 0x000001f1d1d84800 Exception <a 'java/net/ConnectException'{0x00000000923681a8}: Connection refused: connect> (0x00000000923681a8) thrown at [./src/hotspot/share/prims/jni.cpp, line 638]
Event: 1238.227 Thread 0x000001f1d1761000 Exception <a 'java/net/ConnectException'{0x000000009234a320}: Connection refused: connect> (0x000000009234a320) thrown at [./src/hotspot/share/prims/jni.cpp, line 638]
Event: 1238.250 Thread 0x000001f1d1761000 Exception <a 'java/net/ConnectException'{0x000000009234ab00}: Connection refused: connect> (0x000000009234ab00) thrown at [./src/hotspot/share/prims/jni.cpp, line 638]
Event: 1238.266 Thread 0x000001f1d1761000 Exception <a 'java/net/ConnectException'{0x000000009234b2e0}: Connection refused: connect> (0x000000009234b2e0) thrown at [./src/hotspot/share/prims/jni.cpp, line 638]

Events (20 events):
Event: 1237.644 loading class org/gradle/util/internal/VersionNumber$Scheme done
Event: 1237.645 loading class org/gradle/util/internal/VersionNumber$SchemeWithPatchVersion
Event: 1237.645 loading class org/gradle/util/internal/VersionNumber$SchemeWithPatchVersion done
Event: 1237.645 loading class org/gradle/util/internal/VersionNumber$DefaultScheme
Event: 1237.645 loading class org/gradle/util/internal/VersionNumber$DefaultScheme done
Event: 1237.646 loading class org/gradle/util/internal/VersionNumber$AbstractScheme$Scanner
Event: 1237.646 loading class org/gradle/util/internal/VersionNumber$AbstractScheme$Scanner done
Event: 1237.647 loading class org/gradle/jvm/toolchain/internal/DefaultToolchainJavaCompiler
Event: 1237.647 loading class org/gradle/jvm/toolchain/internal/DefaultToolchainJavaCompiler done
Event: 1238.207 Executing VM operation: G1CollectForAllocation
Event: 1238.223 Executing VM operation: G1CollectForAllocation done
Event: 1238.225 Executing VM operation: RevokeBias
Event: 1238.225 Executing VM operation: RevokeBias done
Event: 1238.227 Executing VM operation: RevokeBias
Event: 1238.227 Executing VM operation: RevokeBias done
Event: 1238.231 Executing VM operation: RevokeBias
Event: 1238.232 Executing VM operation: RevokeBias done
Event: 1238.232 Thread 0x000001f1c3b01000 Thread exited: 0x000001f1c3b01000
Event: 1239.741 Executing VM operation: G1CollectForAllocation
Event: 1239.751 Executing VM operation: G1CollectForAllocation done


Dynamic libraries:
0x00007ff70e300000 - 0x00007ff70e30d000 	C:\Program Files\OpenJDK\openjdk-11.0.15_10\bin\java.exe
0x00007ff9caeb0000 - 0x00007ff9cb0a7000 	C:\WINDOWS\SYSTEM32\ntdll.dll
0x00007ff9cac10000 - 0x00007ff9caccd000 	C:\WINDOWS\System32\KERNEL32.DLL
0x00007ff9c8810000 - 0x00007ff9c8add000 	C:\WINDOWS\System32\KERNELBASE.dll
0x00007ff9c8c80000 - 0x00007ff9c8d80000 	C:\WINDOWS\System32\ucrtbase.dll
0x00007ff9a56f0000 - 0x00007ff9a5706000 	C:\Program Files\OpenJDK\openjdk-11.0.15_10\bin\VCRUNTIME140.dll
0x00007ff9a5610000 - 0x00007ff9a5628000 	C:\Program Files\OpenJDK\openjdk-11.0.15_10\bin\jli.dll
0x00007ff9c9d10000 - 0x00007ff9c9eb0000 	C:\WINDOWS\System32\USER32.dll
0x00007ff9b8a90000 - 0x00007ff9b8d2a000 	C:\WINDOWS\WinSxS\amd64_microsoft.windows.common-controls_6595b64144ccf1df_6.0.19041.1110_none_60b5254171f9507e\COMCTL32.dll
0x00007ff9c8680000 - 0x00007ff9c86a2000 	C:\WINDOWS\System32\win32u.dll
0x00007ff9ca2f0000 - 0x00007ff9ca38e000 	C:\WINDOWS\System32\msvcrt.dll
0x00007ff9ca2c0000 - 0x00007ff9ca2ea000 	C:\WINDOWS\System32\GDI32.dll
0x00007ff9c8ae0000 - 0x00007ff9c8beb000 	C:\WINDOWS\System32\gdi32full.dll
0x00007ff9c8720000 - 0x00007ff9c87bd000 	C:\WINDOWS\System32\msvcp_win.dll
0x00007ff9c8f10000 - 0x00007ff9c8f40000 	C:\WINDOWS\System32\IMM32.DLL
0x00007ff989b40000 - 0x00007ff989bea000 	C:\Program Files\OpenJDK\openjdk-11.0.15_10\bin\msvcp140.dll
0x00007ff978240000 - 0x00007ff978d91000 	C:\Program Files\OpenJDK\openjdk-11.0.15_10\bin\server\jvm.dll
0x00007ff9c9560000 - 0x00007ff9c960e000 	C:\WINDOWS\System32\ADVAPI32.dll
0x00007ff9ca080000 - 0x00007ff9ca11c000 	C:\WINDOWS\System32\sechost.dll
0x00007ff9c9b30000 - 0x00007ff9c9c55000 	C:\WINDOWS\System32\RPCRT4.dll
0x00007ff9c9f10000 - 0x00007ff9c9f18000 	C:\WINDOWS\System32\PSAPI.DLL
0x00007ff9c02a0000 - 0x00007ff9c02a9000 	C:\WINDOWS\SYSTEM32\WSOCK32.dll
0x00007ff9bb4b0000 - 0x00007ff9bb4d7000 	C:\WINDOWS\SYSTEM32\WINMM.dll
0x00007ff9cacd0000 - 0x00007ff9cad3b000 	C:\WINDOWS\System32\WS2_32.dll
0x00007ff9bf190000 - 0x00007ff9bf19a000 	C:\WINDOWS\SYSTEM32\VERSION.dll
0x00007ff9c6eb0000 - 0x00007ff9c6ec2000 	C:\WINDOWS\SYSTEM32\kernel.appcore.dll
0x00007ff9a51a0000 - 0x00007ff9a51b1000 	C:\Program Files\OpenJDK\openjdk-11.0.15_10\bin\verify.dll
0x00007ff9c6b70000 - 0x00007ff9c6d54000 	C:\WINDOWS\SYSTEM32\DBGHELP.DLL
0x00007ff9c25c0000 - 0x00007ff9c25ec000 	C:\WINDOWS\SYSTEM32\dbgcore.DLL
0x00007ff9c8bf0000 - 0x00007ff9c8c72000 	C:\WINDOWS\System32\bcryptPrimitives.dll
0x00007ff9a5170000 - 0x00007ff9a5199000 	C:\Program Files\OpenJDK\openjdk-11.0.15_10\bin\java.dll
0x00007ff9a9a10000 - 0x00007ff9a9a1a000 	C:\Program Files\OpenJDK\openjdk-11.0.15_10\bin\jimage.dll
0x00007ff9a3bf0000 - 0x00007ff9a3c08000 	C:\Program Files\OpenJDK\openjdk-11.0.15_10\bin\zip.dll
0x00007ff9ca440000 - 0x00007ff9cab84000 	C:\WINDOWS\System32\SHELL32.dll
0x00007ff9c63d0000 - 0x00007ff9c6b64000 	C:\WINDOWS\SYSTEM32\windows.storage.dll
0x00007ff9c9690000 - 0x00007ff9c99e4000 	C:\WINDOWS\System32\combase.dll
0x00007ff9c8030000 - 0x00007ff9c805c000 	C:\WINDOWS\SYSTEM32\Wldp.dll
0x00007ff9ca390000 - 0x00007ff9ca43d000 	C:\WINDOWS\System32\SHCORE.dll
0x00007ff9c9eb0000 - 0x00007ff9c9f05000 	C:\WINDOWS\System32\shlwapi.dll
0x00007ff9c8510000 - 0x00007ff9c852f000 	C:\WINDOWS\SYSTEM32\profapi.dll
0x00007ff9a3bd0000 - 0x00007ff9a3be9000 	C:\Program Files\OpenJDK\openjdk-11.0.15_10\bin\net.dll
0x00007ff9c00d0000 - 0x00007ff9c01da000 	C:\WINDOWS\SYSTEM32\WINHTTP.dll
0x00007ff9c7d90000 - 0x00007ff9c7dfa000 	C:\WINDOWS\system32\mswsock.dll
0x00007ff9a31a0000 - 0x00007ff9a31b3000 	C:\Program Files\OpenJDK\openjdk-11.0.15_10\bin\nio.dll
0x00007ff9a8460000 - 0x00007ff9a8487000 	C:\Users\Tom\.gradle\native\e1d6ef7f7dcc3fd88c89a11ec53ec762bb8ba0a96d01ffa2cd45eb1d1d8dd5c5\windows-amd64\native-platform.dll
0x00007ff97d710000 - 0x00007ff97d854000 	C:\Users\Tom\.gradle\native\5664cfc778a61ccfe75a443a1ab52a65af34e5dc3c78e0209fed803814484fcb\windows-amd64\native-platform-file-events.dll
0x00007ff9a9a20000 - 0x00007ff9a9a29000 	C:\Program Files\OpenJDK\openjdk-11.0.15_10\bin\management.dll
0x00007ff9a6560000 - 0x00007ff9a656c000 	C:\Program Files\OpenJDK\openjdk-11.0.15_10\bin\management_ext.dll
0x00007ff9c7f80000 - 0x00007ff9c7f98000 	C:\WINDOWS\SYSTEM32\CRYPTSP.dll
0x00007ff9c7640000 - 0x00007ff9c7674000 	C:\WINDOWS\system32\rsaenh.dll
0x00007ff9c8d80000 - 0x00007ff9c8da7000 	C:\WINDOWS\System32\bcrypt.dll
0x00007ff9c8490000 - 0x00007ff9c84be000 	C:\WINDOWS\SYSTEM32\USERENV.dll
0x00007ff9c7fa0000 - 0x00007ff9c7fac000 	C:\WINDOWS\SYSTEM32\CRYPTBASE.dll
0x00007ff9c7a30000 - 0x00007ff9c7a6b000 	C:\WINDOWS\SYSTEM32\IPHLPAPI.DLL
0x00007ff9cad40000 - 0x00007ff9cad48000 	C:\WINDOWS\System32\NSI.dll
0x00007ff9c0490000 - 0x00007ff9c04a7000 	C:\WINDOWS\SYSTEM32\dhcpcsvc6.DLL
0x00007ff9c0eb0000 - 0x00007ff9c0ecd000 	C:\WINDOWS\SYSTEM32\dhcpcsvc.DLL
0x00007ff9c7ac0000 - 0x00007ff9c7b8b000 	C:\WINDOWS\SYSTEM32\DNSAPI.dll
0x00007ff9b3770000 - 0x00007ff9b3796000 	C:\Program Files\OpenJDK\openjdk-11.0.15_10\bin\sunec.dll
0x00007ff9b7d60000 - 0x00007ff9b7d6a000 	C:\Windows\System32\rasadhlp.dll
0x00007ff9b9690000 - 0x00007ff9b9710000 	C:\WINDOWS\System32\fwpuclnt.dll
0x00007ff9b3760000 - 0x00007ff9b376e000 	C:\Program Files\OpenJDK\openjdk-11.0.15_10\bin\sunmscapi.dll
0x00007ff9c8db0000 - 0x00007ff9c8f06000 	C:\WINDOWS\System32\CRYPT32.dll
0x00007ff9c80a0000 - 0x00007ff9c80c7000 	C:\WINDOWS\SYSTEM32\ncrypt.dll
0x00007ff9c8060000 - 0x00007ff9c809b000 	C:\WINDOWS\SYSTEM32\NTASN1.dll
0x00007ff9af320000 - 0x00007ff9af33e000 	C:\Users\Tom\AppData\Local\Temp\native-platform2505740019952663563dir\native-platform.dll
0x00007ff9c3f40000 - 0x00007ff9c3f47000 	C:\Program Files\OpenJDK\openjdk-11.0.15_10\bin\rmi.dll

dbghelp: loaded successfully - version: 4.0.5 - missing functions: none
symbol engine: initialized successfully - sym options: 0x614 - pdb path: .;C:\Program Files\OpenJDK\openjdk-11.0.15_10\bin;C:\WINDOWS\SYSTEM32;C:\WINDOWS\WinSxS\amd64_microsoft.windows.common-controls_6595b64144ccf1df_6.0.19041.1110_none_60b5254171f9507e;C:\Program Files\OpenJDK\openjdk-11.0.15_10\bin\server;C:\Users\Tom\.gradle\native\e1d6ef7f7dcc3fd88c89a11ec53ec762bb8ba0a96d01ffa2cd45eb1d1d8dd5c5\windows-amd64;C:\Users\Tom\.gradle\native\5664cfc778a61ccfe75a443a1ab52a65af34e5dc3c78e0209fed803814484fcb\windows-amd64;C:\Users\Tom\AppData\Local\Temp\native-platform2505740019952663563dir

VM Arguments:
jvm_args: -XX:MaxMetaspaceSize=512m --add-opens=java.base/java.util=ALL-UNNAMED --add-opens=java.base/java.lang=ALL-UNNAMED --add-opens=java.base/java.lang.invoke=ALL-UNNAMED --add-opens=java.base/java.util=ALL-UNNAMED --add-opens=java.prefs/java.util.prefs=ALL-UNNAMED --add-opens=java.prefs/java.util.prefs=ALL-UNNAMED --add-opens=java.base/java.nio.charset=ALL-UNNAMED --add-opens=java.base/java.net=ALL-UNNAMED --add-opens=java.base/java.util.concurrent.atomic=ALL-UNNAMED -Xmx2048m -Dfile.encoding=windows-1252 -Duser.country=GB -Duser.language=en -Duser.variant 
java_command: org.gradle.launcher.daemon.bootstrap.GradleDaemon 7.3.3
java_class_path (initial): C:\Users\Tom\.gradle\wrapper\dists\gradle-7.3.3-all\4295vidhdd9hd3gbjyw1xqxpo\gradle-7.3.3\lib\gradle-launcher-7.3.3.jar
Launcher Type: SUN_STANDARD

[Global flags]
     intx CICompilerCount                          = 3                                         {product} {ergonomic}
   size_t CompressedClassSpaceSize                 = 528482304                                 {product} {ergonomic}
     uint ConcGCThreads                            = 1                                         {product} {ergonomic}
     uint G1ConcRefinementThreads                  = 4                                         {product} {ergonomic}
   size_t G1HeapRegionSize                         = 1048576                                   {product} {ergonomic}
    uintx GCDrainStackTargetSize                   = 64                                        {product} {ergonomic}
   size_t InitialHeapSize                          = 134217728                                 {product} {ergonomic}
   size_t MarkStackSize                            = 4194304                                   {product} {ergonomic}
   size_t MaxHeapSize                              = 2147483648                                {product} {command line}
   size_t MaxMetaspaceSize                         = 536870912                                 {product} {command line}
   size_t MaxNewSize                               = 1287651328                                {product} {ergonomic}
   size_t MinHeapDeltaBytes                        = 1048576                                   {product} {ergonomic}
    uintx NonNMethodCodeHeapSize                   = 5830732                                {pd product} {ergonomic}
    uintx NonProfiledCodeHeapSize                  = 122913754                              {pd product} {ergonomic}
    uintx ProfiledCodeHeapSize                     = 122913754                              {pd product} {ergonomic}
    uintx ReservedCodeCacheSize                    = 251658240                              {pd product} {ergonomic}
     bool SegmentedCodeCache                       = true                                      {product} {ergonomic}
     bool UseCompressedClassPointers               = true                                 {lp64_product} {ergonomic}
     bool UseCompressedOops                        = true                                 {lp64_product} {ergonomic}
     bool UseG1GC                                  = true                                      {product} {ergonomic}
     bool UseLargePagesIndividualAllocation        = false                                  {pd product} {ergonomic}

Logging:
Log output configuration:
 #0: stdout all=warning uptime,level,tags
 #1: stderr all=off uptime,level,tags

Environment Variables:
JAVA_HOME=C:\Program Files\OpenJDK\openjdk-11.0.15_10
CLASSPATH=C:\Users\Tom\Documents\Programmation\React Native\projectRNcli\android\\gradle\wrapper\gradle-wrapper.jar
PATH=C:\Users\Tom\Documents\Programmation\React Native\projectRNcli\android\node_modules\.bin;C:\Users\Tom\Documents\Programmation\React Native\projectRNcli\node_modules\.bin;C:\Users\Tom\Documents\Programmation\React Native\node_modules\.bin;C:\Users\Tom\Documents\Programmation\node_modules\.bin;C:\Users\Tom\Documents\node_modules\.bin;C:\Users\Tom\node_modules\.bin;C:\Users\node_modules\.bin;C:\node_modules\.bin;C:\Program Files\nodejs;C:\Users\Tom\Documents\Programmation\React Native\projectRNcli\node_modules\.bin;C:\Users\Tom\Documents\Programmation\React Native\node_modules\.bin;C:\Users\Tom\Documents\Programmation\node_modules\.bin;C:\Users\Tom\Documents\node_modules\.bin;C:\Users\Tom\node_modules\.bin;C:\Users\node_modules\.bin;C:\node_modules\.bin;C:\Program Files\nodejs\node_modules\npm\node_modules\@npmcli\run-script\lib\node-gyp-bin;C:\Python310\Scripts\;C:\Python310\;C:\Program Files\Common Files\Oracle\Java\javapath;C:\Program Files (x86)\Intel\Intel(R) Management Engine Components\iCLS\;C:\Program Files\Intel\Intel(R) Management Engine Components\iCLS\;C:\windows\system32;C:\windows;C:\windows\System32\Wbem;C:\windows\System32\WindowsPowerShell\v1.0\;C:\Program Files (x86)\Intel\Intel(R) Management Engine Components\DAL;C:\Program Files\Intel\Intel(R) Management Engine Components\DAL;C:\Program Files (x86)\Intel\Intel(R) Management Engine Components\IPT;C:\Program Files\Intel\Intel(R) Management Engine Components\IPT;C:\Program Files (x86)\NVIDIA Corporation\PhysX\Common;C:\WINDOWS\system32;C:\WINDOWS;C:\WINDOWS\System32\Wbem;C:\WINDOWS\System32\WindowsPowerShell\v1.0\;C:\WINDOWS\System32\OpenSSH\;C:\Program Files\Microchip\xc8\v2.36\bin;C:\ProgramData\chocolatey\bin;C:\Program Files\OpenJDK\openjdk-11.0.15_10\bin;C:\Program Files\nodejs\;C:\Users\Tom\AppData\Local\Microsoft\WindowsApps;C:\Users\Tom\AppData\Local\Programs\Microsoft VS Code\bin;C:\Users\Tom\AppData\Local\Android\Sdk\platform-tools;C:\Users\Tom\AppData\Roaming\npm;C:\Users\Tom\Documents\Pro
USERNAME=Tom
LANG=en_GB.UTF-8
OS=Windows_NT
PROCESSOR_IDENTIFIER=Intel64 Family 6 Model 142 Stepping 10, GenuineIntel



---------------  S Y S T E M  ---------------

OS: Windows 10 , 64 bit Build 19041 (10.0.19041.1741)
OS uptime: 0 days 4:07 hours

CPU:total 4 (initial active 4) (2 cores per cpu, 2 threads per core) family 6 model 142 stepping 10 microcode 0xb4, cmov, cx8, fxsr, mmx, sse, sse2, sse3, ssse3, sse4.1, sse4.2, popcnt, avx, avx2, aes, clmul, erms, 3dnowpref, lzcnt, ht, tsc, tscinvbit, bmi1, bmi2, adx, fma

Memory: 4k page, system-wide physical 8107M (289M free)
TotalPageFile size 8107M (AvailPageFile size 30M)
current process WorkingSet (physical memory assigned to process): 303M, peak: 670M
current process commit charge ("private bytes"): 700M, peak: 702M

vm_info: OpenJDK 64-Bit Server VM (11.0.15+10) for windows-amd64 JRE (11.0.15+10), built on Apr 21 2022 21:29:46 by "tester" with MS VC++ 15.5 (VS2017)

END.
