#
# There is insufficient memory for the Java Runtime Environment to continue.
# Native memory allocation (mmap) failed to map 32505856 bytes for Failed to commit area from 0x0000000089a00000 to 0x000000008b900000 of length 32505856.
# Possible reasons:
#   The system is out of physical RAM or swap space
#   The process is running with CompressedOops enabled, and the Java Heap may be blocking the growth of the native heap
# Possible solutions:
#   Reduce memory load on the system
#   Increase physical memory or swap space
#   Check if swap backing store is full
#   Decrease Java heap size (-Xmx/-Xms)
#   Decrease number of Java threads
#   Decrease Java thread stack sizes (-Xss)
#   Set larger code cache with -XX:ReservedCodeCacheSize=
#   JVM is running with Unscaled Compressed Oops mode in which the Java heap is
#     placed in the first 4GB address space. The Java Heap base address is the
#     maximum limit for the native heap growth. Please use -XX:HeapBaseMinAddress
#     to set the Java Heap base and to place the Java Heap above 4GB virtual address.
# This output file may be truncated or incomplete.
#
#  Out of Memory Error (./src/hotspot/os/windows/os_windows.cpp:3390), pid=12128, tid=15228
#
# JRE version: OpenJDK Runtime Environment 18.9 (11.0.15+10) (build 11.0.15+10)
# Java VM: OpenJDK 64-Bit Server VM 18.9 (11.0.15+10, mixed mode, tiered, compressed oops, g1 gc, windows-amd64)
# No core dump will be written. Minidumps are not enabled by default on client versions of Windows
#

---------------  S U M M A R Y ------------

Command Line: -XX:MaxMetaspaceSize=512m --add-opens=java.base/java.util=ALL-UNNAMED --add-opens=java.base/java.lang=ALL-UNNAMED --add-opens=java.base/java.lang.invoke=ALL-UNNAMED --add-opens=java.base/java.util=ALL-UNNAMED --add-opens=java.prefs/java.util.prefs=ALL-UNNAMED --add-opens=java.prefs/java.util.prefs=ALL-UNNAMED --add-opens=java.base/java.nio.charset=ALL-UNNAMED --add-opens=java.base/java.net=ALL-UNNAMED --add-opens=java.base/java.util.concurrent.atomic=ALL-UNNAMED -Xmx2048m -Dfile.encoding=windows-1252 -Duser.country=GB -Duser.language=en -Duser.variant org.gradle.launcher.daemon.bootstrap.GradleDaemon 7.3.3

Host: Intel(R) Core(TM) i3-7020U CPU @ 2.30GHz, 4 cores, 7G,  Windows 10 , 64 bit Build 19041 (10.0.19041.1741)
Time: Sun Jul  3 17:49:55 2022 Romance Summer Time elapsed time: 55.145797 seconds (0d 0h 0m 55s)

---------------  T H R E A D  ---------------

Current thread (0x000001af5051a000):  VMThread "VM Thread" [stack: 0x0000002273700000,0x0000002273800000] [id=15228]

Stack: [0x0000002273700000,0x0000002273800000]
[error occurred during error reporting (printing stack bounds), id 0xc0000005, EXCEPTION_ACCESS_VIOLATION (0xc0000005) at pc=0x000001af3a46112d]

Native frames: (J=compiled Java code, j=interpreted, Vv=VM code, C=native code)
V  [jvm.dll+0x64dd3a]
V  [jvm.dll+0x7906c9]
V  [jvm.dll+0x791d9c]
V  [jvm.dll+0x7923c5]
V  [jvm.dll+0x79237b]
V  [jvm.dll+0x64cdd0]
V  [jvm.dll+0x64d4e8]
C  [ntdll.dll+0xa209f]
C  [ntdll.dll+0x51454]
C  [ntdll.dll+0xa0bce]
C  0x000001af3a46112d

VM_Operation (0x0000002276bf9850): G1CollectForAllocation, mode: safepoint, requested by thread 0x000001af56ffc800


---------------  P R O C E S S  ---------------

Threads class SMR info:
_java_thread_list=0x000001af59aa46f0, length=88, elements={
0x000001af31d00800, 0x000001af5052f800, 0x000001af50533000, 0x000001af50587000,
0x000001af5058a000, 0x000001af5058b000, 0x000001af5058e000, 0x000001af50e90800,
0x000001af50ef7000, 0x000001af50fee000, 0x000001af5305e800, 0x000001af52ed1000,
0x000001af53314000, 0x000001af5312f000, 0x000001af53172800, 0x000001af53180000,
0x000001af53181000, 0x000001af52f89800, 0x000001af52f8a800, 0x000001af51dce800,
0x000001af532b3800, 0x000001af532b7000, 0x000001af532b5000, 0x000001af532b2000,
0x000001af532b4800, 0x000001af532b6000, 0x000001af532b1000, 0x000001af532b7800,
0x000001af532b2800, 0x000001af54396000, 0x000001af54398800, 0x000001af54396800,
0x000001af54394000, 0x000001af54397800, 0x000001af54395000, 0x000001af5439f000,
0x000001af5439c800, 0x000001af543a0800, 0x000001af5439f800, 0x000001af5439d000,
0x000001af543a1800, 0x000001af5439e000, 0x000001af5439b800, 0x000001af543a2000,
0x000001af543a3000, 0x000001af56ffb800, 0x000001af56ffb000, 0x000001af56ffc800,
0x000001af56ffe000, 0x000001af56ffa000, 0x000001af56ff9000, 0x000001af56ffd000,
0x000001af57004000, 0x000001af57004800, 0x000001af57001800, 0x000001af56fff000,
0x000001af57003000, 0x000001af57002000, 0x000001af57005800, 0x000001af56fff800,
0x000001af57006000, 0x000001af57000800, 0x000001af57007000, 0x000001af57008000,
0x000001af578f4000, 0x000001af578f9000, 0x000001af578f7800, 0x000001af578f8000,
0x000001af578f6800, 0x000001af578fa800, 0x000001af578fa000, 0x000001af578f6000,
0x000001af578f5000, 0x000001af57900800, 0x000001af57901000, 0x000001af578fe000,
0x000001af578fb800, 0x000001af578ff800, 0x000001af57902000, 0x000001af57903000,
0x000001af54f25800, 0x000001af54f23000, 0x000001af54f23800, 0x000001af5a3a0800,
0x000001af54f28000, 0x000001af54f22000, 0x000001af54f28800, 0x000001af54f24800
}

Java Threads: ( => current thread )
  0x000001af31d00800 JavaThread "main" [_thread_blocked, id=1448, stack(0x0000002273100000,0x0000002273200000)]
  0x000001af5052f800 JavaThread "Reference Handler" daemon [_thread_blocked, id=7620, stack(0x0000002273800000,0x0000002273900000)]
  0x000001af50533000 JavaThread "Finalizer" daemon [_thread_blocked, id=15244, stack(0x0000002273900000,0x0000002273a00000)]
  0x000001af50587000 JavaThread "Signal Dispatcher" daemon [_thread_blocked, id=14520, stack(0x0000002273a00000,0x0000002273b00000)]
  0x000001af5058a000 JavaThread "Attach Listener" daemon [_thread_blocked, id=17060, stack(0x0000002273b00000,0x0000002273c00000)]
  0x000001af5058b000 JavaThread "Service Thread" daemon [_thread_blocked, id=9536, stack(0x0000002273c00000,0x0000002273d00000)]
  0x000001af5058e000 JavaThread "C2 CompilerThread0" daemon [_thread_blocked, id=16168, stack(0x0000002273d00000,0x0000002273e00000)]
  0x000001af50e90800 JavaThread "C1 CompilerThread0" daemon [_thread_blocked, id=14156, stack(0x0000002273e00000,0x0000002273f00000)]
  0x000001af50ef7000 JavaThread "Sweeper thread" daemon [_thread_blocked, id=15008, stack(0x0000002273f00000,0x0000002274000000)]
  0x000001af50fee000 JavaThread "Common-Cleaner" daemon [_thread_blocked, id=13744, stack(0x0000002274000000,0x0000002274100000)]
  0x000001af5305e800 JavaThread "Daemon health stats" [_thread_blocked, id=18372, stack(0x0000002274500000,0x0000002274600000)]
  0x000001af52ed1000 JavaThread "Incoming local TCP Connector on port 51489" [_thread_in_native, id=2752, stack(0x0000002274200000,0x0000002274300000)]
  0x000001af53314000 JavaThread "Daemon periodic checks" [_thread_blocked, id=13848, stack(0x0000002274600000,0x0000002274700000)]
  0x000001af5312f000 JavaThread "Daemon" [_thread_blocked, id=11280, stack(0x0000002274700000,0x0000002274800000)]
  0x000001af53172800 JavaThread "Handler for socket connection from /127.0.0.1:51489 to /127.0.0.1:51490" [_thread_in_native, id=10808, stack(0x0000002274800000,0x0000002274900000)]
  0x000001af53180000 JavaThread "Cancel handler" [_thread_blocked, id=3868, stack(0x0000002274900000,0x0000002274a00000)]
  0x000001af53181000 JavaThread "Daemon worker" [_thread_blocked, id=13592, stack(0x0000002274a00000,0x0000002274b00000)]
  0x000001af52f89800 JavaThread "Asynchronous log dispatcher for DefaultDaemonConnection: socket connection from /127.0.0.1:51489 to /127.0.0.1:51490" [_thread_blocked, id=13292, stack(0x0000002274b00000,0x0000002274c00000)]
  0x000001af52f8a800 JavaThread "Stdin handler" [_thread_blocked, id=14608, stack(0x0000002274c00000,0x0000002274d00000)]
  0x000001af51dce800 JavaThread "Daemon client event forwarder" [_thread_blocked, id=640, stack(0x0000002274d00000,0x0000002274e00000)]
  0x000001af532b3800 JavaThread "Cache worker for journal cache (C:\Users\Tom\.gradle\caches\journal-1)" [_thread_blocked, id=13256, stack(0x0000002274e00000,0x0000002274f00000)]
  0x000001af532b7000 JavaThread "File lock request listener" [_thread_in_native, id=15280, stack(0x0000002274f00000,0x0000002275000000)]
  0x000001af532b5000 JavaThread "Cache worker for file hash cache (C:\Users\Tom\.gradle\caches\7.3.3\fileHashes)" [_thread_blocked, id=17456, stack(0x0000002275000000,0x0000002275100000)]
  0x000001af532b2000 JavaThread "Cache worker for file hash cache (C:\Users\Tom\Documents\Programmation\React Native\projectRNcli\android\.gradle\7.3.3\fileHashes)" [_thread_blocked, id=5360, stack(0x0000002275300000,0x0000002275400000)]
  0x000001af532b4800 JavaThread "File watcher server" daemon [_thread_blocked, id=6604, stack(0x0000002275400000,0x0000002275500000)]
  0x000001af532b6000 JavaThread "File watcher consumer" daemon [_thread_blocked, id=10772, stack(0x0000002275500000,0x0000002275600000)]
  0x000001af532b1000 JavaThread "Cache worker for checksums cache (C:\Users\Tom\Documents\Programmation\React Native\projectRNcli\android\.gradle\7.3.3\checksums)" [_thread_blocked, id=15796, stack(0x0000002275600000,0x0000002275700000)]
  0x000001af532b7800 JavaThread "Cache worker for cache directory md-supplier (C:\Users\Tom\.gradle\caches\7.3.3\md-supplier)" [_thread_blocked, id=17208, stack(0x0000002275700000,0x0000002275800000)]
  0x000001af532b2800 JavaThread "Cache worker for cache directory md-rule (C:\Users\Tom\.gradle\caches\7.3.3\md-rule)" [_thread_blocked, id=14196, stack(0x0000002275800000,0x0000002275900000)]
  0x000001af54396000 JavaThread "Cache worker for execution history cache (C:\Users\Tom\.gradle\caches\7.3.3\executionHistory)" [_thread_blocked, id=7044, stack(0x0000002275900000,0x0000002275a00000)]
  0x000001af54398800 JavaThread "jar transforms" [_thread_blocked, id=7204, stack(0x0000002275a00000,0x0000002275b00000)]
  0x000001af54396800 JavaThread "jar transforms Thread 2" [_thread_blocked, id=12564, stack(0x0000002275b00000,0x0000002275c00000)]
  0x000001af54394000 JavaThread "Cache worker for file content cache (C:\Users\Tom\.gradle\caches\7.3.3\fileContent)" [_thread_blocked, id=14604, stack(0x0000002275c00000,0x0000002275d00000)]
  0x000001af54397800 JavaThread "jar transforms Thread 3" [_thread_blocked, id=11508, stack(0x0000002275d00000,0x0000002275e00000)]
  0x000001af54395000 JavaThread "jar transforms Thread 4" [_thread_blocked, id=10964, stack(0x0000002275e00000,0x0000002275f00000)]
  0x000001af5439f000 JavaThread "Cache worker for kotlin-dsl (C:\Users\Tom\.gradle\caches\7.3.3\kotlin-dsl)" [_thread_blocked, id=11104, stack(0x0000002275f00000,0x0000002276000000)]
  0x000001af5439c800 JavaThread "Cache worker for dependencies-accessors (C:\Users\Tom\Documents\Programmation\React Native\projectRNcli\android\.gradle\7.3.3\dependencies-accessors)" [_thread_blocked, id=736, stack(0x0000002276000000,0x0000002276100000)]
  0x000001af543a0800 JavaThread "Cache worker for Build Output Cleanup Cache (C:\Users\Tom\Documents\Programmation\React Native\projectRNcli\node_modules\react-native-gradle-plugin\.gradle\buildOutputCleanup)" [_thread_blocked, id=7356, stack(0x0000002276100000,0x0000002276200000)]
  0x000001af5439f800 JavaThread "Unconstrained build operations" [_thread_blocked, id=10968, stack(0x0000002276200000,0x0000002276300000)]
  0x000001af5439d000 JavaThread "Unconstrained build operations Thread 2" [_thread_blocked, id=9132, stack(0x0000002276300000,0x0000002276400000)]
  0x000001af543a1800 JavaThread "Unconstrained build operations Thread 3" [_thread_blocked, id=7868, stack(0x0000002276400000,0x0000002276500000)]
  0x000001af5439e000 JavaThread "Unconstrained build operations Thread 4" [_thread_blocked, id=14152, stack(0x0000002276500000,0x0000002276600000)]
  0x000001af5439b800 JavaThread "Unconstrained build operations Thread 5" [_thread_blocked, id=7048, stack(0x0000002276600000,0x0000002276700000)]
  0x000001af543a2000 JavaThread "Unconstrained build operations Thread 6" [_thread_blocked, id=5212, stack(0x0000002276700000,0x0000002276800000)]
  0x000001af543a3000 JavaThread "Unconstrained build operations Thread 7" [_thread_blocked, id=11924, stack(0x0000002276800000,0x0000002276900000)]
  0x000001af56ffb800 JavaThread "Unconstrained build operations Thread 8" [_thread_blocked, id=15044, stack(0x0000002276900000,0x0000002276a00000)]
  0x000001af56ffb000 JavaThread "Unconstrained build operations Thread 9" [_thread_blocked, id=15000, stack(0x0000002276a00000,0x0000002276b00000)]
  0x000001af56ffc800 JavaThread "Unconstrained build operations Thread 10" [_thread_blocked, id=15204, stack(0x0000002276b00000,0x0000002276c00000)]
  0x000001af56ffe000 JavaThread "Unconstrained build operations Thread 11" [_thread_blocked, id=8992, stack(0x0000002276c00000,0x0000002276d00000)]
  0x000001af56ffa000 JavaThread "Unconstrained build operations Thread 12" [_thread_blocked, id=14844, stack(0x0000002276d00000,0x0000002276e00000)]
  0x000001af56ff9000 JavaThread "Unconstrained build operations Thread 13" [_thread_blocked, id=10548, stack(0x0000002276e00000,0x0000002276f00000)]
  0x000001af56ffd000 JavaThread "Unconstrained build operations Thread 14" [_thread_blocked, id=13596, stack(0x0000002276f00000,0x0000002277000000)]
  0x000001af57004000 JavaThread "Unconstrained build operations Thread 15" [_thread_blocked, id=8364, stack(0x0000002277000000,0x0000002277100000)]
  0x000001af57004800 JavaThread "Unconstrained build operations Thread 16" [_thread_blocked, id=17012, stack(0x0000002277100000,0x0000002277200000)]
  0x000001af57001800 JavaThread "Unconstrained build operations Thread 17" [_thread_blocked, id=2084, stack(0x0000002277200000,0x0000002277300000)]
  0x000001af56fff000 JavaThread "Unconstrained build operations Thread 18" [_thread_blocked, id=4232, stack(0x0000002277300000,0x0000002277400000)]
  0x000001af57003000 JavaThread "Unconstrained build operations Thread 19" [_thread_blocked, id=13048, stack(0x0000002277400000,0x0000002277500000)]
  0x000001af57002000 JavaThread "Unconstrained build operations Thread 20" [_thread_blocked, id=13144, stack(0x0000002277500000,0x0000002277600000)]
  0x000001af57005800 JavaThread "Unconstrained build operations Thread 21" [_thread_blocked, id=15424, stack(0x0000002277600000,0x0000002277700000)]
  0x000001af56fff800 JavaThread "Unconstrained build operations Thread 22" [_thread_blocked, id=7612, stack(0x0000002277700000,0x0000002277800000)]
  0x000001af57006000 JavaThread "Unconstrained build operations Thread 23" [_thread_blocked, id=11740, stack(0x0000002277800000,0x0000002277900000)]
  0x000001af57000800 JavaThread "Unconstrained build operations Thread 24" [_thread_blocked, id=14396, stack(0x0000002277900000,0x0000002277a00000)]
  0x000001af57007000 JavaThread "Unconstrained build operations Thread 25" [_thread_blocked, id=6580, stack(0x0000002277a00000,0x0000002277b00000)]
  0x000001af57008000 JavaThread "Unconstrained build operations Thread 26" [_thread_blocked, id=9488, stack(0x0000002277b00000,0x0000002277c00000)]
  0x000001af578f4000 JavaThread "Unconstrained build operations Thread 27" [_thread_blocked, id=18412, stack(0x0000002277c00000,0x0000002277d00000)]
  0x000001af578f9000 JavaThread "Unconstrained build operations Thread 28" [_thread_blocked, id=17488, stack(0x0000002277d00000,0x0000002277e00000)]
  0x000001af578f7800 JavaThread "Unconstrained build operations Thread 29" [_thread_blocked, id=17528, stack(0x0000002277e00000,0x0000002277f00000)]
  0x000001af578f8000 JavaThread "Unconstrained build operations Thread 30" [_thread_blocked, id=11348, stack(0x0000002277f00000,0x0000002278000000)]
  0x000001af578f6800 JavaThread "Unconstrained build operations Thread 31" [_thread_blocked, id=12420, stack(0x0000002278000000,0x0000002278100000)]
  0x000001af578fa800 JavaThread "Unconstrained build operations Thread 32" [_thread_blocked, id=13172, stack(0x0000002278100000,0x0000002278200000)]
  0x000001af578fa000 JavaThread "Unconstrained build operations Thread 33" [_thread_blocked, id=17316, stack(0x0000002278200000,0x0000002278300000)]
  0x000001af578f6000 JavaThread "build event listener" [_thread_blocked, id=12268, stack(0x0000002278300000,0x0000002278400000)]
  0x000001af578f5000 JavaThread "Memory manager" [_thread_blocked, id=17712, stack(0x0000002278400000,0x0000002278500000)]
  0x000001af57900800 JavaThread "Cache worker for Build Output Cleanup Cache (C:\Users\Tom\Documents\Programmation\React Native\projectRNcli\android\.gradle\buildOutputCleanup)" [_thread_blocked, id=3008, stack(0x0000002278500000,0x0000002278600000)]
  0x000001af57901000 JavaThread "included builds" [_thread_blocked, id=7968, stack(0x0000002278600000,0x0000002278700000)]
  0x000001af578fe000 JavaThread "Cache worker for execution history cache (C:\Users\Tom\Documents\Programmation\React Native\projectRNcli\node_modules\react-native-gradle-plugin\.gradle\7.3.3\executionHistory)" [_thread_blocked, id=15752, stack(0x0000002278a00000,0x0000002278b00000)]
  0x000001af578fb800 JavaThread "Unconstrained build operations Thread 34" [_thread_blocked, id=1084, stack(0x0000002275200000,0x0000002275300000)]
  0x000001af578ff800 JavaThread "Unconstrained build operations Thread 35" [_thread_blocked, id=12592, stack(0x0000002278b00000,0x0000002278c00000)]
  0x000001af57902000 JavaThread "Unconstrained build operations Thread 36" [_thread_blocked, id=6232, stack(0x0000002278c00000,0x0000002278d00000)]
  0x000001af57903000 JavaThread "Unconstrained build operations Thread 37" [_thread_blocked, id=10716, stack(0x0000002278d00000,0x0000002278e00000)]
  0x000001af54f25800 JavaThread "Unconstrained build operations Thread 38" [_thread_blocked, id=13944, stack(0x0000002278e00000,0x0000002278f00000)]
  0x000001af54f23000 JavaThread "Unconstrained build operations Thread 39" [_thread_blocked, id=10380, stack(0x0000002278f00000,0x0000002279000000)]
  0x000001af54f23800 JavaThread "Unconstrained build operations Thread 40" [_thread_blocked, id=10416, stack(0x0000002279000000,0x0000002279100000)]
  0x000001af5a3a0800 JavaThread "C2 CompilerThread1" daemon [_thread_blocked, id=3420, stack(0x0000002278900000,0x0000002278a00000)]
  0x000001af54f28000 JavaThread "Execution worker for ':'" [_thread_blocked, id=13356, stack(0x0000002279100000,0x0000002279200000)]
  0x000001af54f22000 JavaThread "Execution worker for ':' Thread 2" [_thread_blocked, id=3288, stack(0x0000002279200000,0x0000002279300000)]
  0x000001af54f28800 JavaThread "Execution worker for ':' Thread 3" [_thread_blocked, id=1588, stack(0x0000002279300000,0x0000002279400000)]
  0x000001af54f24800 JavaThread "Cache worker for execution history cache (C:\Users\Tom\Documents\Programmation\React Native\projectRNcli\android\.gradle\7.3.3\executionHistory)" [_thread_blocked, id=17560, stack(0x0000002279400000,0x0000002279500000)]

Other Threads:
=>0x000001af5051a000 VMThread "VM Thread" [stack: 0x0000002273700000,0x0000002273800000] [id=15228]
  0x000001af51035800 WatcherThread [stack: 0x0000002274100000,0x0000002274200000] [id=12380]
  0x000001af31d19000 GCTaskThread "GC Thread#0" [stack: 0x0000002273200000,0x0000002273300000] [id=6924]
  0x000001af51768000 GCTaskThread "GC Thread#1" [stack: 0x0000002274300000,0x0000002274400000] [id=15684]
  0x000001af51bda800 GCTaskThread "GC Thread#2" [stack: 0x0000002274400000,0x0000002274500000] [id=12472]
  0x000001af53173800 GCTaskThread "GC Thread#3" [stack: 0x0000002275100000,0x0000002275200000] [id=12756]
  0x000001af31d4a800 ConcurrentGCThread "G1 Main Marker" [stack: 0x0000002273300000,0x0000002273400000] [id=2016]
  0x000001af31d4c000 ConcurrentGCThread "G1 Conc#0" [stack: 0x0000002273400000,0x0000002273500000] [id=2076]
  0x000001af31dd9800 ConcurrentGCThread "G1 Refine#0" [stack: 0x0000002273500000,0x0000002273600000] [id=2664]
  0x000001af31dda800 ConcurrentGCThread "G1 Young RemSet Sampling" [stack: 0x0000002273600000,0x0000002273700000] [id=12372]

Threads with active compile tasks:
C2 CompilerThread0    55184 12289       4       com.android.tools.r8.graph.A0::c (177 bytes)
C2 CompilerThread1    55184 12296       4       com.android.tools.r8.graph.a0::F (30 bytes)

VM state:at safepoint (normal execution)

VM Mutex/Monitor currently owned by a thread:  ([mutex/lock_event])
[0x000001af31cfd890] Threads_lock - owner thread: 0x000001af5051a000
[0x000001af31cfda40] Heap_lock - owner thread: 0x000001af56ffc800

Heap address: 0x0000000080000000, size: 2048 MB, Compressed Oops mode: 32-bit
Narrow klass base: 0x0000000000000000, Narrow klass shift: 3
Compressed class space size: 528482304 Address: 0x0000000100000000

Heap:
 garbage-first heap   total 189440K, used 115841K [0x0000000080000000, 0x0000000100000000)
  region size 1024K, 3 young (3072K), 3 survivors (3072K)
 Metaspace       used 100496K, capacity 103367K, committed 103624K, reserved 606208K
  class space    used 13007K, capacity 14156K, committed 14208K, reserved 516096K
Heap Regions: E=young(eden), S=young(survivor), O=old, HS=humongous(starts), HC=humongous(continues), CS=collection set, F=free, A=archive, TAMS=top-at-mark-start (previous, next)
|   0|0x0000000080000000, 0x0000000080100000, 0x0000000080100000|100%| O|  |TAMS 0x0000000080100000, 0x0000000080100000| Untracked 
|   1|0x0000000080100000, 0x0000000080200000, 0x0000000080200000|100%| O|  |TAMS 0x0000000080200000, 0x0000000080200000| Untracked 
|   2|0x0000000080200000, 0x0000000080300000, 0x0000000080300000|100%| O|  |TAMS 0x0000000080300000, 0x0000000080300000| Untracked 
|   3|0x0000000080300000, 0x0000000080400000, 0x0000000080400000|100%|HS|  |TAMS 0x0000000080400000, 0x0000000080400000| Complete 
|   4|0x0000000080400000, 0x0000000080500000, 0x0000000080500000|100%|HC|  |TAMS 0x0000000080500000, 0x0000000080500000| Complete 
|   5|0x0000000080500000, 0x0000000080600000, 0x0000000080600000|100%|HC|  |TAMS 0x0000000080600000, 0x0000000080600000| Complete 
|   6|0x0000000080600000, 0x0000000080700000, 0x0000000080700000|100%| O|  |TAMS 0x0000000080700000, 0x0000000080700000| Untracked 
|   7|0x0000000080700000, 0x0000000080800000, 0x0000000080800000|100%| O|  |TAMS 0x0000000080800000, 0x0000000080800000| Untracked 
|   8|0x0000000080800000, 0x0000000080900000, 0x0000000080900000|100%| O|  |TAMS 0x0000000080900000, 0x0000000080900000| Untracked 
|   9|0x0000000080900000, 0x0000000080a00000, 0x0000000080a00000|100%| O|  |TAMS 0x0000000080a00000, 0x0000000080a00000| Untracked 
|  10|0x0000000080a00000, 0x0000000080b00000, 0x0000000080b00000|100%| O|  |TAMS 0x0000000080b00000, 0x0000000080b00000| Untracked 
|  11|0x0000000080b00000, 0x0000000080c00000, 0x0000000080c00000|100%| O|  |TAMS 0x0000000080c00000, 0x0000000080c00000| Untracked 
|  12|0x0000000080c00000, 0x0000000080d00000, 0x0000000080d00000|100%| O|  |TAMS 0x0000000080d00000, 0x0000000080d00000| Untracked 
|  13|0x0000000080d00000, 0x0000000080e00000, 0x0000000080e00000|100%| O|  |TAMS 0x0000000080e00000, 0x0000000080e00000| Untracked 
|  14|0x0000000080e00000, 0x0000000080f00000, 0x0000000080f00000|100%| O|  |TAMS 0x0000000080f00000, 0x0000000080f00000| Untracked 
|  15|0x0000000080f00000, 0x0000000081000000, 0x0000000081000000|100%| O|  |TAMS 0x0000000081000000, 0x0000000081000000| Untracked 
|  16|0x0000000081000000, 0x0000000081100000, 0x0000000081100000|100%| O|  |TAMS 0x0000000081100000, 0x0000000081100000| Untracked 
|  17|0x0000000081100000, 0x0000000081200000, 0x0000000081200000|100%|HS|  |TAMS 0x0000000081200000, 0x0000000081200000| Complete 
|  18|0x0000000081200000, 0x0000000081300000, 0x0000000081300000|100%| O|  |TAMS 0x0000000081300000, 0x0000000081300000| Untracked 
|  19|0x0000000081300000, 0x0000000081400000, 0x0000000081400000|100%| O|  |TAMS 0x0000000081400000, 0x0000000081400000| Untracked 
|  20|0x0000000081400000, 0x0000000081500000, 0x0000000081500000|100%| O|  |TAMS 0x0000000081500000, 0x0000000081500000| Untracked 
|  21|0x0000000081500000, 0x0000000081600000, 0x0000000081600000|100%| O|  |TAMS 0x0000000081600000, 0x0000000081600000| Untracked 
|  22|0x0000000081600000, 0x0000000081700000, 0x0000000081700000|100%| O|  |TAMS 0x0000000081700000, 0x0000000081700000| Untracked 
|  23|0x0000000081700000, 0x0000000081800000, 0x0000000081800000|100%| O|  |TAMS 0x0000000081800000, 0x0000000081800000| Untracked 
|  24|0x0000000081800000, 0x0000000081900000, 0x0000000081900000|100%| O|  |TAMS 0x0000000081900000, 0x0000000081900000| Untracked 
|  25|0x0000000081900000, 0x0000000081a00000, 0x0000000081a00000|100%| O|  |TAMS 0x0000000081a00000, 0x0000000081a00000| Untracked 
|  26|0x0000000081a00000, 0x0000000081b00000, 0x0000000081b00000|100%| O|  |TAMS 0x0000000081b00000, 0x0000000081b00000| Untracked 
|  27|0x0000000081b00000, 0x0000000081c00000, 0x0000000081c00000|100%| O|  |TAMS 0x0000000081c00000, 0x0000000081c00000| Untracked 
|  28|0x0000000081c00000, 0x0000000081d00000, 0x0000000081d00000|100%|HS|  |TAMS 0x0000000081d00000, 0x0000000081d00000| Complete 
|  29|0x0000000081d00000, 0x0000000081e00000, 0x0000000081e00000|100%|HC|  |TAMS 0x0000000081e00000, 0x0000000081e00000| Complete 
|  30|0x0000000081e00000, 0x0000000081f00000, 0x0000000081f00000|100%|HC|  |TAMS 0x0000000081f00000, 0x0000000081f00000| Complete 
|  31|0x0000000081f00000, 0x0000000082000000, 0x0000000082000000|100%| O|  |TAMS 0x0000000082000000, 0x0000000082000000| Untracked 
|  32|0x0000000082000000, 0x0000000082100000, 0x0000000082100000|100%| O|  |TAMS 0x0000000082100000, 0x0000000082100000| Untracked 
|  33|0x0000000082100000, 0x0000000082200000, 0x0000000082200000|100%| O|  |TAMS 0x0000000082200000, 0x0000000082200000| Untracked 
|  34|0x0000000082200000, 0x0000000082300000, 0x0000000082300000|100%| O|  |TAMS 0x0000000082300000, 0x0000000082300000| Untracked 
|  35|0x0000000082300000, 0x0000000082400000, 0x0000000082400000|100%| O|  |TAMS 0x0000000082400000, 0x0000000082400000| Untracked 
|  36|0x0000000082400000, 0x0000000082500000, 0x0000000082500000|100%| O|  |TAMS 0x0000000082500000, 0x0000000082500000| Untracked 
|  37|0x0000000082500000, 0x0000000082600000, 0x0000000082600000|100%| O|  |TAMS 0x0000000082600000, 0x0000000082600000| Untracked 
|  38|0x0000000082600000, 0x0000000082700000, 0x0000000082700000|100%| O|  |TAMS 0x0000000082700000, 0x0000000082700000| Untracked 
|  39|0x0000000082700000, 0x0000000082800000, 0x0000000082800000|100%| O|  |TAMS 0x0000000082800000, 0x0000000082800000| Untracked 
|  40|0x0000000082800000, 0x0000000082900000, 0x0000000082900000|100%| O|  |TAMS 0x0000000082900000, 0x0000000082900000| Untracked 
|  41|0x0000000082900000, 0x0000000082a00000, 0x0000000082a00000|100%| O|  |TAMS 0x0000000082a00000, 0x0000000082a00000| Untracked 
|  42|0x0000000082a00000, 0x0000000082b00000, 0x0000000082b00000|100%|HS|  |TAMS 0x0000000082b00000, 0x0000000082b00000| Complete 
|  43|0x0000000082b00000, 0x0000000082c00000, 0x0000000082c00000|100%|HS|  |TAMS 0x0000000082c00000, 0x0000000082c00000| Complete 
|  44|0x0000000082c00000, 0x0000000082d00000, 0x0000000082d00000|100%|HS|  |TAMS 0x0000000082d00000, 0x0000000082d00000| Complete 
|  45|0x0000000082d00000, 0x0000000082e00000, 0x0000000082e00000|100%|HC|  |TAMS 0x0000000082e00000, 0x0000000082e00000| Complete 
|  46|0x0000000082e00000, 0x0000000082f00000, 0x0000000082f00000|100%| O|  |TAMS 0x0000000082f00000, 0x0000000082f00000| Untracked 
|  47|0x0000000082f00000, 0x0000000083000000, 0x0000000083000000|100%| O|  |TAMS 0x0000000083000000, 0x0000000083000000| Untracked 
|  48|0x0000000083000000, 0x0000000083100000, 0x0000000083100000|100%| O|  |TAMS 0x0000000083100000, 0x0000000083100000| Untracked 
|  49|0x0000000083100000, 0x0000000083200000, 0x0000000083200000|100%| O|  |TAMS 0x0000000083200000, 0x0000000083200000| Untracked 
|  50|0x0000000083200000, 0x0000000083300000, 0x0000000083300000|100%| O|  |TAMS 0x0000000083300000, 0x0000000083300000| Untracked 
|  51|0x0000000083300000, 0x0000000083400000, 0x0000000083400000|100%| O|  |TAMS 0x0000000083400000, 0x0000000083400000| Untracked 
|  52|0x0000000083400000, 0x0000000083500000, 0x0000000083500000|100%| O|  |TAMS 0x0000000083500000, 0x0000000083500000| Untracked 
|  53|0x0000000083500000, 0x0000000083600000, 0x0000000083600000|100%| O|  |TAMS 0x0000000083600000, 0x0000000083600000| Untracked 
|  54|0x0000000083600000, 0x0000000083700000, 0x0000000083700000|100%| O|  |TAMS 0x0000000083700000, 0x0000000083700000| Untracked 
|  55|0x0000000083700000, 0x0000000083800000, 0x0000000083800000|100%| O|  |TAMS 0x0000000083800000, 0x0000000083800000| Untracked 
|  56|0x0000000083800000, 0x0000000083900000, 0x0000000083900000|100%| O|  |TAMS 0x0000000083900000, 0x0000000083900000| Untracked 
|  57|0x0000000083900000, 0x0000000083a00000, 0x0000000083a00000|100%| O|  |TAMS 0x0000000083a00000, 0x0000000083a00000| Untracked 
|  58|0x0000000083a00000, 0x0000000083b00000, 0x0000000083b00000|100%| O|  |TAMS 0x0000000083b00000, 0x0000000083b00000| Untracked 
|  59|0x0000000083b00000, 0x0000000083c00000, 0x0000000083c00000|100%| O|  |TAMS 0x0000000083c00000, 0x0000000083c00000| Untracked 
|  60|0x0000000083c00000, 0x0000000083d00000, 0x0000000083d00000|100%| O|  |TAMS 0x0000000083d00000, 0x0000000083d00000| Untracked 
|  61|0x0000000083d00000, 0x0000000083e00000, 0x0000000083e00000|100%| O|  |TAMS 0x0000000083e00000, 0x0000000083e00000| Untracked 
|  62|0x0000000083e00000, 0x0000000083f00000, 0x0000000083f00000|100%| O|  |TAMS 0x0000000083f00000, 0x0000000083f00000| Untracked 
|  63|0x0000000083f00000, 0x0000000084000000, 0x0000000084000000|100%| O|  |TAMS 0x0000000084000000, 0x0000000084000000| Untracked 
|  64|0x0000000084000000, 0x0000000084100000, 0x0000000084100000|100%| O|  |TAMS 0x0000000084100000, 0x0000000084100000| Untracked 
|  65|0x0000000084100000, 0x0000000084200000, 0x0000000084200000|100%| O|  |TAMS 0x0000000084200000, 0x0000000084200000| Untracked 
|  66|0x0000000084200000, 0x0000000084300000, 0x0000000084300000|100%| O|  |TAMS 0x0000000084300000, 0x0000000084300000| Untracked 
|  67|0x0000000084300000, 0x0000000084400000, 0x0000000084400000|100%| O|  |TAMS 0x0000000084400000, 0x0000000084400000| Untracked 
|  68|0x0000000084400000, 0x0000000084500000, 0x0000000084500000|100%| O|  |TAMS 0x0000000084500000, 0x0000000084500000| Untracked 
|  69|0x0000000084500000, 0x0000000084600000, 0x0000000084600000|100%| O|  |TAMS 0x0000000084600000, 0x0000000084600000| Untracked 
|  70|0x0000000084600000, 0x0000000084700000, 0x0000000084700000|100%| O|  |TAMS 0x0000000084700000, 0x0000000084700000| Untracked 
|  71|0x0000000084700000, 0x0000000084800000, 0x0000000084800000|100%| O|  |TAMS 0x0000000084800000, 0x0000000084800000| Untracked 
|  72|0x0000000084800000, 0x0000000084900000, 0x0000000084900000|100%| O|  |TAMS 0x0000000084900000, 0x0000000084900000| Untracked 
|  73|0x0000000084900000, 0x0000000084a00000, 0x0000000084a00000|100%| O|  |TAMS 0x0000000084a00000, 0x0000000084a00000| Untracked 
|  74|0x0000000084a00000, 0x0000000084b00000, 0x0000000084b00000|100%| O|  |TAMS 0x0000000084b00000, 0x0000000084b00000| Untracked 
|  75|0x0000000084b00000, 0x0000000084c00000, 0x0000000084c00000|100%| O|  |TAMS 0x0000000084c00000, 0x0000000084c00000| Untracked 
|  76|0x0000000084c00000, 0x0000000084d00000, 0x0000000084d00000|100%| O|  |TAMS 0x0000000084d00000, 0x0000000084d00000| Untracked 
|  77|0x0000000084d00000, 0x0000000084e00000, 0x0000000084e00000|100%| O|  |TAMS 0x0000000084e00000, 0x0000000084e00000| Untracked 
|  78|0x0000000084e00000, 0x0000000084f00000, 0x0000000084f00000|100%| O|  |TAMS 0x0000000084f00000, 0x0000000084f00000| Untracked 
|  79|0x0000000084f00000, 0x0000000085000000, 0x0000000085000000|100%| O|  |TAMS 0x0000000085000000, 0x0000000085000000| Untracked 
|  80|0x0000000085000000, 0x0000000085100000, 0x0000000085100000|100%| O|  |TAMS 0x0000000085100000, 0x0000000085100000| Untracked 
|  81|0x0000000085100000, 0x0000000085200000, 0x0000000085200000|100%| O|  |TAMS 0x0000000085200000, 0x0000000085200000| Untracked 
|  82|0x0000000085200000, 0x0000000085300000, 0x0000000085300000|100%| O|  |TAMS 0x0000000085300000, 0x0000000085300000| Untracked 
|  83|0x0000000085300000, 0x0000000085400000, 0x0000000085400000|100%| O|  |TAMS 0x0000000085400000, 0x0000000085400000| Untracked 
|  84|0x0000000085400000, 0x0000000085500000, 0x0000000085500000|100%| O|  |TAMS 0x0000000085500000, 0x0000000085500000| Untracked 
|  85|0x0000000085500000, 0x0000000085600000, 0x0000000085600000|100%| O|  |TAMS 0x0000000085600000, 0x0000000085600000| Untracked 
|  86|0x0000000085600000, 0x0000000085700000, 0x0000000085700000|100%| O|  |TAMS 0x0000000085700000, 0x0000000085700000| Untracked 
|  87|0x0000000085700000, 0x0000000085800000, 0x0000000085800000|100%| O|  |TAMS 0x0000000085800000, 0x0000000085800000| Untracked 
|  88|0x0000000085800000, 0x0000000085900000, 0x0000000085900000|100%| O|  |TAMS 0x0000000085900000, 0x0000000085900000| Untracked 
|  89|0x0000000085900000, 0x0000000085a00000, 0x0000000085a00000|100%| O|  |TAMS 0x0000000085a00000, 0x0000000085a00000| Untracked 
|  90|0x0000000085a00000, 0x0000000085b00000, 0x0000000085b00000|100%|HS|  |TAMS 0x0000000085b00000, 0x0000000085b00000| Complete 
|  91|0x0000000085b00000, 0x0000000085c00000, 0x0000000085c00000|100%|HC|  |TAMS 0x0000000085c00000, 0x0000000085c00000| Complete 
|  92|0x0000000085c00000, 0x0000000085d00000, 0x0000000085d00000|100%| O|  |TAMS 0x0000000085d00000, 0x0000000085d00000| Untracked 
|  93|0x0000000085d00000, 0x0000000085e00000, 0x0000000085e00000|100%| O|  |TAMS 0x0000000085e00000, 0x0000000085e00000| Untracked 
|  94|0x0000000085e00000, 0x0000000085f00000, 0x0000000085f00000|100%| O|  |TAMS 0x0000000085f00000, 0x0000000085f00000| Untracked 
|  95|0x0000000085f00000, 0x0000000086000000, 0x0000000086000000|100%| O|  |TAMS 0x0000000086000000, 0x0000000086000000| Untracked 
|  96|0x0000000086000000, 0x0000000086100000, 0x0000000086100000|100%| O|  |TAMS 0x0000000086100000, 0x0000000086100000| Untracked 
|  97|0x0000000086100000, 0x0000000086200000, 0x0000000086200000|100%| O|  |TAMS 0x0000000086200000, 0x0000000086200000| Untracked 
|  98|0x0000000086200000, 0x0000000086300000, 0x0000000086300000|100%| O|  |TAMS 0x0000000086300000, 0x0000000086300000| Untracked 
|  99|0x0000000086300000, 0x0000000086400000, 0x0000000086400000|100%| O|  |TAMS 0x0000000086400000, 0x0000000086400000| Untracked 
| 100|0x0000000086400000, 0x0000000086500000, 0x0000000086500000|100%| O|  |TAMS 0x0000000086500000, 0x0000000086500000| Untracked 
| 101|0x0000000086500000, 0x0000000086600000, 0x0000000086600000|100%| O|  |TAMS 0x0000000086600000, 0x0000000086600000| Untracked 
| 102|0x0000000086600000, 0x0000000086700000, 0x0000000086700000|100%| O|  |TAMS 0x0000000086700000, 0x0000000086700000| Untracked 
| 103|0x0000000086700000, 0x0000000086800000, 0x0000000086800000|100%| O|  |TAMS 0x00000000867d2200, 0x0000000086800000| Untracked 
| 104|0x0000000086800000, 0x0000000086900000, 0x0000000086900000|100%| O|  |TAMS 0x0000000086800000, 0x0000000086900000| Untracked 
| 105|0x0000000086900000, 0x0000000086a00000, 0x0000000086a00000|100%| O|  |TAMS 0x0000000086900000, 0x0000000086a00000| Untracked 
| 106|0x0000000086a00000, 0x0000000086b00000, 0x0000000086b00000|100%| O|  |TAMS 0x0000000086a00000, 0x0000000086b00000| Untracked 
| 107|0x0000000086b00000, 0x0000000086c00000, 0x0000000086c00000|100%| O|  |TAMS 0x0000000086b00000, 0x0000000086c00000| Untracked 
| 108|0x0000000086c00000, 0x0000000086d00000, 0x0000000086d00000|100%| O|  |TAMS 0x0000000086c00000, 0x0000000086d00000| Untracked 
| 109|0x0000000086d00000, 0x0000000086e00000, 0x0000000086e00000|100%| O|  |TAMS 0x0000000086d00000, 0x0000000086e00000| Untracked 
| 110|0x0000000086e00000, 0x0000000086e20400, 0x0000000086f00000| 12%| O|  |TAMS 0x0000000086e00000, 0x0000000086e20400| Untracked 
| 111|0x0000000086f00000, 0x0000000086f00000, 0x0000000087000000|  0%| F|  |TAMS 0x0000000086f00000, 0x0000000086f00000| Untracked 
| 112|0x0000000087000000, 0x0000000087000000, 0x0000000087100000|  0%| F|  |TAMS 0x0000000087000000, 0x0000000087000000| Untracked 
| 113|0x0000000087100000, 0x0000000087100000, 0x0000000087200000|  0%| F|  |TAMS 0x0000000087100000, 0x0000000087100000| Untracked 
| 114|0x0000000087200000, 0x0000000087200000, 0x0000000087300000|  0%| F|  |TAMS 0x0000000087200000, 0x0000000087200000| Untracked 
| 115|0x0000000087300000, 0x0000000087300000, 0x0000000087400000|  0%| F|  |TAMS 0x0000000087300000, 0x0000000087300000| Untracked 
| 116|0x0000000087400000, 0x0000000087400000, 0x0000000087500000|  0%| F|  |TAMS 0x0000000087400000, 0x0000000087400000| Untracked 
| 117|0x0000000087500000, 0x0000000087500000, 0x0000000087600000|  0%| F|  |TAMS 0x0000000087500000, 0x0000000087500000| Untracked 
| 118|0x0000000087600000, 0x0000000087600000, 0x0000000087700000|  0%| F|  |TAMS 0x0000000087600000, 0x0000000087600000| Untracked 
| 119|0x0000000087700000, 0x0000000087700000, 0x0000000087800000|  0%| F|  |TAMS 0x0000000087700000, 0x0000000087700000| Untracked 
| 120|0x0000000087800000, 0x0000000087800000, 0x0000000087900000|  0%| F|  |TAMS 0x0000000087800000, 0x0000000087800000| Untracked 
| 121|0x0000000087900000, 0x0000000087900000, 0x0000000087a00000|  0%| F|  |TAMS 0x0000000087900000, 0x0000000087900000| Untracked 
| 122|0x0000000087a00000, 0x0000000087a00000, 0x0000000087b00000|  0%| F|  |TAMS 0x0000000087a00000, 0x0000000087a00000| Untracked 
| 123|0x0000000087b00000, 0x0000000087b00000, 0x0000000087c00000|  0%| F|  |TAMS 0x0000000087b00000, 0x0000000087b00000| Untracked 
| 124|0x0000000087c00000, 0x0000000087c00000, 0x0000000087d00000|  0%| F|  |TAMS 0x0000000087c00000, 0x0000000087c00000| Untracked 
| 125|0x0000000087d00000, 0x0000000087d00000, 0x0000000087e00000|  0%| F|  |TAMS 0x0000000087d00000, 0x0000000087d00000| Untracked 
| 126|0x0000000087e00000, 0x0000000087e00000, 0x0000000087f00000|  0%| F|  |TAMS 0x0000000087e00000, 0x0000000087e00000| Untracked 
| 127|0x0000000087f00000, 0x0000000087f00000, 0x0000000088000000|  0%| F|  |TAMS 0x0000000087f00000, 0x0000000087f00000| Untracked 
| 128|0x0000000088000000, 0x0000000088000000, 0x0000000088100000|  0%| F|  |TAMS 0x0000000088000000, 0x0000000088000000| Untracked 
| 129|0x0000000088100000, 0x0000000088100000, 0x0000000088200000|  0%| F|  |TAMS 0x0000000088100000, 0x0000000088100000| Untracked 
| 130|0x0000000088200000, 0x0000000088200000, 0x0000000088300000|  0%| F|  |TAMS 0x0000000088200000, 0x0000000088200000| Untracked 
| 131|0x0000000088300000, 0x0000000088400000, 0x0000000088400000|100%| S|CS|TAMS 0x0000000088300000, 0x0000000088300000| Complete 
| 132|0x0000000088400000, 0x0000000088500000, 0x0000000088500000|100%| S|CS|TAMS 0x0000000088400000, 0x0000000088400000| Complete 
| 133|0x0000000088500000, 0x0000000088500000, 0x0000000088600000|  0%| F|  |TAMS 0x0000000088500000, 0x0000000088500000| Untracked 
| 134|0x0000000088600000, 0x0000000088700000, 0x0000000088700000|100%| S|CS|TAMS 0x0000000088600000, 0x0000000088600000| Complete 
| 135|0x0000000088700000, 0x0000000088700000, 0x0000000088800000|  0%| F|  |TAMS 0x0000000088700000, 0x0000000088700000| Untracked 
| 136|0x0000000088800000, 0x0000000088800000, 0x0000000088900000|  0%| F|  |TAMS 0x0000000088800000, 0x0000000088800000| Untracked 
| 137|0x0000000088900000, 0x0000000088900000, 0x0000000088a00000|  0%| F|  |TAMS 0x0000000088900000, 0x0000000088900000| Untracked 
| 138|0x0000000088a00000, 0x0000000088a00000, 0x0000000088b00000|  0%| F|  |TAMS 0x0000000088a00000, 0x0000000088a00000| Untracked 
| 139|0x0000000088b00000, 0x0000000088b00000, 0x0000000088c00000|  0%| F|  |TAMS 0x0000000088b00000, 0x0000000088b00000| Untracked 
| 140|0x0000000088c00000, 0x0000000088c00000, 0x0000000088d00000|  0%| F|  |TAMS 0x0000000088c00000, 0x0000000088c00000| Untracked 
| 141|0x0000000088d00000, 0x0000000088d00000, 0x0000000088e00000|  0%| F|  |TAMS 0x0000000088d00000, 0x0000000088d00000| Untracked 
| 142|0x0000000088e00000, 0x0000000088e00000, 0x0000000088f00000|  0%| F|  |TAMS 0x0000000088e00000, 0x0000000088e00000| Untracked 
| 143|0x0000000088f00000, 0x0000000088f00000, 0x0000000089000000|  0%| F|  |TAMS 0x0000000088f00000, 0x0000000088f00000| Untracked 
| 144|0x0000000089000000, 0x0000000089000000, 0x0000000089100000|  0%| F|  |TAMS 0x0000000089000000, 0x0000000089000000| Untracked 
| 145|0x0000000089100000, 0x0000000089100000, 0x0000000089200000|  0%| F|  |TAMS 0x0000000089100000, 0x0000000089100000| Untracked 
| 146|0x0000000089200000, 0x0000000089200000, 0x0000000089300000|  0%| F|  |TAMS 0x0000000089200000, 0x0000000089200000| Untracked 
| 147|0x0000000089300000, 0x0000000089300000, 0x0000000089400000|  0%| F|  |TAMS 0x0000000089300000, 0x0000000089300000| Untracked 
| 148|0x0000000089400000, 0x0000000089400000, 0x0000000089500000|  0%| F|  |TAMS 0x0000000089400000, 0x0000000089400000| Untracked 
| 149|0x0000000089500000, 0x0000000089500000, 0x0000000089600000|  0%| F|  |TAMS 0x0000000089500000, 0x0000000089500000| Untracked 
| 150|0x0000000089600000, 0x0000000089600000, 0x0000000089700000|  0%| F|  |TAMS 0x0000000089600000, 0x0000000089600000| Untracked 
| 151|0x0000000089700000, 0x0000000089700000, 0x0000000089800000|  0%| F|  |TAMS 0x0000000089700000, 0x0000000089700000| Untracked 
| 152|0x0000000089800000, 0x0000000089800000, 0x0000000089900000|  0%| F|  |TAMS 0x0000000089800000, 0x0000000089800000| Untracked 
| 153|0x0000000089900000, 0x0000000089900000, 0x0000000089a00000|  0%| F|  |TAMS 0x0000000089900000, 0x0000000089900000| Untracked 

Card table byte_map: [0x000001af49860000,0x000001af49c60000] _byte_map_base: 0x000001af49460000

Marking Bits (Prev, Next): (CMBitMap*) 0x000001af31d41ba8, (CMBitMap*) 0x000001af31d41be0
 Prev Bits: [0x000001af4a060000, 0x000001af4c060000)
 Next Bits: [0x000001af4c060000, 0x000001af4e060000)

Polling page: 0x000001af2feb0000

Metaspace:

Usage:
  Non-class:     87.12 MB capacity,    85.44 MB ( 98%) used,     1.39 MB (  2%) free+waste,   297.56 KB ( <1%) overhead. 
      Class:     13.82 MB capacity,    12.70 MB ( 92%) used,  1013.25 KB (  7%) free+waste,   135.56 KB ( <1%) overhead. 
       Both:    100.94 MB capacity,    98.14 MB ( 97%) used,     2.38 MB (  2%) free+waste,   433.13 KB ( <1%) overhead. 

Virtual space:
  Non-class space:       88.00 MB reserved,      87.32 MB (>99%) committed 
      Class space:      504.00 MB reserved,      13.88 MB (  3%) committed 
             Both:      592.00 MB reserved,     101.20 MB ( 17%) committed 

Chunk freelists:
   Non-Class:  13.00 KB
       Class:  20.00 KB
        Both:  33.00 KB

MaxMetaspaceSize: 512.00 MB
CompressedClassSpaceSize: 504.00 MB
Initial GC threshold: 20.80 MB
Current GC threshold: 167.20 MB
CDS: off

CodeHeap 'non-profiled nmethods': size=120064Kb used=8225Kb max_used=8225Kb free=111838Kb
 bounds [0x000001af41f20000, 0x000001af42730000, 0x000001af49460000]
CodeHeap 'profiled nmethods': size=120000Kb used=27324Kb max_used=27324Kb free=92675Kb
 bounds [0x000001af3a9f0000, 0x000001af3c4a0000, 0x000001af41f20000]
CodeHeap 'non-nmethods': size=5696Kb used=2398Kb max_used=2440Kb free=3297Kb
 bounds [0x000001af3a460000, 0x000001af3a6d0000, 0x000001af3a9f0000]
 total_blobs=13133 nmethods=12206 adapters=839
 compilation: enabled
              stopped_count=0, restarted_count=0
 full_count=0

Compilation events (20 events):
Event: 54.987 Thread 0x000001af50e90800 12300       3       java.lang.Math::getExponent (17 bytes)
Event: 54.988 Thread 0x000001af50e90800 nmethod 12300 0x000001af3c49bf90 code [0x000001af3c49c140, 0x000001af3c49c258]
Event: 54.996 Thread 0x000001af5a3a0800 nmethod 12224 0x000001af42722d10 code [0x000001af42722f60, 0x000001af42724998]
Event: 54.997 Thread 0x000001af5a3a0800 12297       4       com.android.tools.r8.internal.U6::a (148 bytes)
Event: 54.997 Thread 0x000001af50e90800 12301       3       com.android.tools.r8.graph.T0::<init> (41 bytes)
Event: 54.997 Thread 0x000001af50e90800 nmethod 12301 0x000001af3c49c310 code [0x000001af3c49c4e0, 0x000001af3c49c718]
Event: 55.010 Thread 0x000001af50e90800 12303       3       com.android.tools.r8.internal.GF::a (13 bytes)
Event: 55.010 Thread 0x000001af50e90800 nmethod 12303 0x000001af3c49c810 code [0x000001af3c49c9c0, 0x000001af3c49cb18]
Event: 55.021 Thread 0x000001af50e90800 12304       3       com.google.common.util.concurrent.TrustedListenableFutureTask$TrustedFutureInterruptibleTask::<init> (21 bytes)
Event: 55.021 Thread 0x000001af50e90800 nmethod 12304 0x000001af3c49cb90 code [0x000001af3c49cd80, 0x000001af3c49d2a8]
Event: 55.026 Thread 0x000001af50e90800 12305       3       com.android.tools.r8.graph.P::Z (39 bytes)
Event: 55.027 Thread 0x000001af50e90800 nmethod 12305 0x000001af3c49d490 code [0x000001af3c49d680, 0x000001af3c49dcb8]
Event: 55.033 Thread 0x000001af5a3a0800 nmethod 12297 0x000001af42725910 code [0x000001af42725ae0, 0x000001af42726618]
Event: 55.033 Thread 0x000001af5a3a0800 12302       4       com.android.tools.r8.graph.c0::a (89 bytes)
Event: 55.065 Thread 0x000001af50e90800 12308       3       com.android.tools.r8.graph.T::a (69 bytes)
Event: 55.066 Thread 0x000001af50e90800 nmethod 12308 0x000001af3c49de90 code [0x000001af3c49e100, 0x000001af3c49eeb8]
Event: 55.087 Thread 0x000001af5a3a0800 nmethod 12302 0x000001af42726e10 code [0x000001af42726fc0, 0x000001af42727d38]
Event: 55.088 Thread 0x000001af5a3a0800 12295       4       com.android.tools.r8.graph.c0::a (129 bytes)
Event: 55.092 Thread 0x000001af5a3a0800 nmethod 12295 0x000001af42728090 code [0x000001af42728240, 0x000001af42728418]
Event: 55.092 Thread 0x000001af5a3a0800 12296       4       com.android.tools.r8.graph.a0::F (30 bytes)

GC Heap History (20 events):
Event: 50.626 GC heap after
{Heap after GC invocations=34 (full 0):
 garbage-first heap   total 131072K, used 89249K [0x0000000080000000, 0x0000000100000000)
  region size 1024K, 4 young (4096K), 4 survivors (4096K)
 Metaspace       used 95797K, capacity 98567K, committed 98632K, reserved 602112K
  class space    used 12440K, capacity 13536K, committed 13568K, reserved 516096K
}
Event: 51.134 GC heap before
{Heap before GC invocations=34 (full 0):
 garbage-first heap   total 131072K, used 110753K [0x0000000080000000, 0x0000000100000000)
  region size 1024K, 26 young (26624K), 4 survivors (4096K)
 Metaspace       used 96010K, capacity 98867K, committed 99144K, reserved 602112K
  class space    used 12447K, capacity 13539K, committed 13568K, reserved 516096K
}
Event: 51.142 GC heap after
{Heap after GC invocations=35 (full 0):
 garbage-first heap   total 131072K, used 90637K [0x0000000080000000, 0x0000000100000000)
  region size 1024K, 3 young (3072K), 3 survivors (3072K)
 Metaspace       used 96010K, capacity 98867K, committed 99144K, reserved 602112K
  class space    used 12447K, capacity 13539K, committed 13568K, reserved 516096K
}
Event: 51.736 GC heap before
{Heap before GC invocations=36 (full 0):
 garbage-first heap   total 131072K, used 111117K [0x0000000080000000, 0x0000000100000000)
  region size 1024K, 24 young (24576K), 3 survivors (3072K)
 Metaspace       used 96177K, capacity 99005K, committed 99144K, reserved 602112K
  class space    used 12457K, capacity 13549K, committed 13568K, reserved 516096K
}
Event: 51.745 GC heap after
{Heap after GC invocations=37 (full 0):
 garbage-first heap   total 131072K, used 92291K [0x0000000080000000, 0x0000000100000000)
  region size 1024K, 2 young (2048K), 2 survivors (2048K)
 Metaspace       used 96177K, capacity 99005K, committed 99144K, reserved 602112K
  class space    used 12457K, capacity 13549K, committed 13568K, reserved 516096K
}
Event: 52.151 GC heap before
{Heap before GC invocations=37 (full 0):
 garbage-first heap   total 131072K, used 111747K [0x0000000080000000, 0x0000000100000000)
  region size 1024K, 22 young (22528K), 2 survivors (2048K)
 Metaspace       used 96318K, capacity 99169K, committed 99400K, reserved 602112K
  class space    used 12459K, capacity 13549K, committed 13568K, reserved 516096K
}
Event: 52.158 GC heap after
{Heap after GC invocations=38 (full 0):
 garbage-first heap   total 131072K, used 93320K [0x0000000080000000, 0x0000000100000000)
  region size 1024K, 3 young (3072K), 3 survivors (3072K)
 Metaspace       used 96318K, capacity 99169K, committed 99400K, reserved 602112K
  class space    used 12459K, capacity 13549K, committed 13568K, reserved 516096K
}
Event: 52.773 GC heap before
{Heap before GC invocations=39 (full 0):
 garbage-first heap   total 131072K, used 112776K [0x0000000080000000, 0x0000000100000000)
  region size 1024K, 22 young (22528K), 3 survivors (3072K)
 Metaspace       used 96285K, capacity 99023K, committed 99400K, reserved 602112K
  class space    used 12430K, capacity 13496K, committed 13568K, reserved 516096K
}
Event: 52.782 GC heap after
{Heap after GC invocations=40 (full 0):
 garbage-first heap   total 157696K, used 94311K [0x0000000080000000, 0x0000000100000000)
  region size 1024K, 3 young (3072K), 3 survivors (3072K)
 Metaspace       used 96285K, capacity 99023K, committed 99400K, reserved 602112K
  class space    used 12430K, capacity 13496K, committed 13568K, reserved 516096K
}
Event: 53.211 GC heap before
{Heap before GC invocations=40 (full 0):
 garbage-first heap   total 157696K, used 110695K [0x0000000080000000, 0x0000000100000000)
  region size 1024K, 21 young (21504K), 3 survivors (3072K)
 Metaspace       used 96548K, capacity 99322K, committed 99528K, reserved 602112K
  class space    used 12468K, capacity 13574K, committed 13696K, reserved 516096K
}
Event: 53.222 GC heap after
{Heap after GC invocations=41 (full 0):
 garbage-first heap   total 157696K, used 95028K [0x0000000080000000, 0x0000000100000000)
  region size 1024K, 3 young (3072K), 3 survivors (3072K)
 Metaspace       used 96548K, capacity 99322K, committed 99528K, reserved 602112K
  class space    used 12468K, capacity 13574K, committed 13696K, reserved 516096K
}
Event: 53.672 GC heap before
{Heap before GC invocations=41 (full 0):
 garbage-first heap   total 157696K, used 128820K [0x0000000080000000, 0x0000000100000000)
  region size 1024K, 33 young (33792K), 3 survivors (3072K)
 Metaspace       used 97191K, capacity 99942K, committed 100040K, reserved 604160K
  class space    used 12569K, capacity 13653K, committed 13696K, reserved 516096K
}
Event: 53.687 GC heap after
{Heap after GC invocations=42 (full 0):
 garbage-first heap   total 157696K, used 102034K [0x0000000080000000, 0x0000000100000000)
  region size 1024K, 5 young (5120K), 5 survivors (5120K)
 Metaspace       used 97191K, capacity 99942K, committed 100040K, reserved 604160K
  class space    used 12569K, capacity 13653K, committed 13696K, reserved 516096K
}
Event: 53.834 GC heap before
{Heap before GC invocations=43 (full 0):
 garbage-first heap   total 157696K, used 127633K [0x0000000080000000, 0x0000000100000000)
  region size 1024K, 31 young (31744K), 5 survivors (5120K)
 Metaspace       used 97393K, capacity 100182K, committed 100424K, reserved 604160K
  class space    used 12591K, capacity 13689K, committed 13824K, reserved 516096K
}
Event: 53.842 GC heap after
{Heap after GC invocations=44 (full 0):
 garbage-first heap   total 157696K, used 108759K [0x0000000080000000, 0x0000000100000000)
  region size 1024K, 4 young (4096K), 4 survivors (4096K)
 Metaspace       used 97393K, capacity 100182K, committed 100424K, reserved 604160K
  class space    used 12591K, capacity 13689K, committed 13824K, reserved 516096K
}
Event: 54.030 GC heap before
{Heap before GC invocations=44 (full 0):
 garbage-first heap   total 157696K, used 129239K [0x0000000080000000, 0x0000000100000000)
  region size 1024K, 25 young (25600K), 4 survivors (4096K)
 Metaspace       used 98204K, capacity 100933K, committed 101192K, reserved 604160K
  class space    used 12696K, capacity 13790K, committed 13824K, reserved 516096K
}
Event: 54.034 GC heap after
{Heap after GC invocations=45 (full 0):
 garbage-first heap   total 157696K, used 110408K [0x0000000080000000, 0x0000000100000000)
  region size 1024K, 4 young (4096K), 4 survivors (4096K)
 Metaspace       used 98204K, capacity 100933K, committed 101192K, reserved 604160K
  class space    used 12696K, capacity 13790K, committed 13824K, reserved 516096K
}
Event: 54.732 GC heap before
{Heap before GC invocations=46 (full 0):
 garbage-first heap   total 157696K, used 130888K [0x0000000080000000, 0x0000000100000000)
  region size 1024K, 24 young (24576K), 4 survivors (4096K)
 Metaspace       used 99928K, capacity 102717K, committed 102984K, reserved 606208K
  class space    used 12929K, capacity 14049K, committed 14080K, reserved 516096K
}
Event: 54.741 GC heap after
{Heap after GC invocations=47 (full 0):
 garbage-first heap   total 157696K, used 112529K [0x0000000080000000, 0x0000000100000000)
  region size 1024K, 3 young (3072K), 3 survivors (3072K)
 Metaspace       used 99928K, capacity 102717K, committed 102984K, reserved 606208K
  class space    used 12929K, capacity 14049K, committed 14080K, reserved 516096K
}
Event: 55.125 GC heap before
{Heap before GC invocations=47 (full 0):
 garbage-first heap   total 157696K, used 131985K [0x0000000080000000, 0x0000000100000000)
  region size 1024K, 22 young (22528K), 3 survivors (3072K)
 Metaspace       used 100496K, capacity 103367K, committed 103624K, reserved 606208K
  class space    used 13007K, capacity 14156K, committed 14208K, reserved 516096K
}

Deoptimization events (20 events):
Event: 54.870 Thread 0x000001af5439f800 DEOPT PACKING pc=0x000001af3c3c1e4b sp=0x00000022762fa310
Event: 54.870 Thread 0x000001af5439f800 DEOPT UNPACKING pc=0x000001af3a4aa95e sp=0x00000022762f9860 mode 0
Event: 54.883 Thread 0x000001af5439f800 DEOPT PACKING pc=0x000001af3c3c1e4b sp=0x00000022762fa2c0
Event: 54.883 Thread 0x000001af5439f800 DEOPT UNPACKING pc=0x000001af3a4aa95e sp=0x00000022762f97f0 mode 0
Event: 54.895 Thread 0x000001af5439f800 DEOPT PACKING pc=0x000001af3c3c1e4b sp=0x00000022762fa350
Event: 54.895 Thread 0x000001af5439f800 DEOPT UNPACKING pc=0x000001af3a4aa95e sp=0x00000022762f9880 mode 0
Event: 54.910 Thread 0x000001af56ffc800 DEOPT PACKING pc=0x000001af3c3c1e4b sp=0x0000002276bfa830
Event: 54.910 Thread 0x000001af56ffc800 DEOPT UNPACKING pc=0x000001af3a4aa95e sp=0x0000002276bf9d60 mode 0
Event: 54.958 Thread 0x000001af5439d000 Uncommon trap: trap_request=0xffffff4d fr.pc=0x000001af42707990 relative=0x0000000000000730
Event: 54.958 Thread 0x000001af5439d000 Uncommon trap: reason=unstable_if action=reinterpret pc=0x000001af42707990 method=com.android.tools.r8.internal.U6.a(II[C)Ljava/lang/String; @ 32 c2
Event: 54.959 Thread 0x000001af5439d000 DEOPT PACKING pc=0x000001af42707990 sp=0x00000022763f9f90
Event: 54.959 Thread 0x000001af5439d000 DEOPT UNPACKING pc=0x000001af3a4aa1af sp=0x00000022763f9f50 mode 2
Event: 54.959 Thread 0x000001af5439d000 Uncommon trap: trap_request=0xffffff4d fr.pc=0x000001af426f9f0c relative=0x000000000000054c
Event: 54.959 Thread 0x000001af5439d000 Uncommon trap: reason=unstable_if action=reinterpret pc=0x000001af426f9f0c method=com.android.tools.r8.graph.c0.a(C)I @ 7 c2
Event: 54.959 Thread 0x000001af5439d000 DEOPT PACKING pc=0x000001af426f9f0c sp=0x00000022763f9f60
Event: 54.959 Thread 0x000001af5439d000 DEOPT UNPACKING pc=0x000001af3a4aa1af sp=0x00000022763f9eb0 mode 2
Event: 54.959 Thread 0x000001af5439d000 Uncommon trap: trap_request=0xffffff4d fr.pc=0x000001af426f82a4 relative=0x0000000000000084
Event: 54.959 Thread 0x000001af5439d000 Uncommon trap: reason=unstable_if action=reinterpret pc=0x000001af426f82a4 method=com.android.tools.r8.graph.c0.a(C[BI)I @ 7 c2
Event: 54.959 Thread 0x000001af5439d000 DEOPT PACKING pc=0x000001af426f82a4 sp=0x00000022763f9f00
Event: 54.959 Thread 0x000001af5439d000 DEOPT UNPACKING pc=0x000001af3a4aa1af sp=0x00000022763f9e98 mode 2

Classes redefined (0 events):
No events

Internal exceptions (20 events):
Event: 49.372 Thread 0x000001af57002000 Exception <a 'java/lang/NoSuchMethodError'{0x00000000878a0a98}: 'java.lang.Object java.lang.invoke.DirectMethodHandle$Holder.invokeSpecialIFC(java.lang.Object, java.lang.Object, java.lang.Object)'> (0x00000000878a0a98) thrown at [./src/hotspot/share/interpreter/linkResolver.cpp, line 773]
Event: 49.710 Thread 0x000001af56ff9000 Implicit null exception at 0x000001af425d1f5b to 0x000001af425d1ff0
Event: 50.681 Thread 0x000001af54f28800 Exception <a 'java/lang/NoSuchMethodError'{0x0000000087c18228}: <clinit>> (0x0000000087c18228) thrown at [./src/hotspot/share/prims/jni.cpp, line 1367]
Event: 50.683 Thread 0x000001af54f28800 Exception <a 'java/lang/NoSuchMethodError'{0x0000000087c25408}: <clinit>> (0x0000000087c25408) thrown at [./src/hotspot/share/prims/jni.cpp, line 1367]
Event: 50.830 Thread 0x000001af543a2000 Implicit null exception at 0x000001af4261db4e to 0x000001af4261e344
Event: 51.192 Thread 0x000001af54f28800 Exception <a 'java/lang/NoSuchMethodError'{0x0000000087e7f718}: <clinit>> (0x0000000087e7f718) thrown at [./src/hotspot/share/prims/jni.cpp, line 1367]
Event: 51.192 Thread 0x000001af54f28800 Exception <a 'java/lang/NoSuchMethodError'{0x0000000087e80a38}: <clinit>> (0x0000000087e80a38) thrown at [./src/hotspot/share/prims/jni.cpp, line 1367]
Event: 51.194 Thread 0x000001af54f28800 Exception <a 'java/lang/NoSuchMethodError'{0x0000000087e853f0}: <clinit>> (0x0000000087e853f0) thrown at [./src/hotspot/share/prims/jni.cpp, line 1367]
Event: 51.206 Thread 0x000001af54f28800 Exception <a 'java/lang/NoSuchMethodError'{0x0000000087e9c918}: <clinit>> (0x0000000087e9c918) thrown at [./src/hotspot/share/prims/jni.cpp, line 1367]
Event: 51.207 Thread 0x000001af54f28800 Exception <a 'java/lang/NoSuchMethodError'{0x0000000087e9dda0}: <clinit>> (0x0000000087e9dda0) thrown at [./src/hotspot/share/prims/jni.cpp, line 1367]
Event: 53.801 Thread 0x000001af56ff9000 Exception <a 'sun/nio/fs/WindowsException'{0x000000008867f6c0}> (0x000000008867f6c0) thrown at [./src/hotspot/share/prims/jni.cpp, line 617]
Event: 53.811 Thread 0x000001af5439f800 Exception <a 'sun/nio/fs/WindowsException'{0x000000008837d2b8}> (0x000000008837d2b8) thrown at [./src/hotspot/share/prims/jni.cpp, line 617]
Event: 53.811 Thread 0x000001af56ffc800 Exception <a 'sun/nio/fs/WindowsException'{0x0000000088afe2b0}> (0x0000000088afe2b0) thrown at [./src/hotspot/share/prims/jni.cpp, line 617]
Event: 54.093 Thread 0x000001af5439d000 Exception <a 'sun/nio/fs/WindowsException'{0x00000000895986f0}> (0x00000000895986f0) thrown at [./src/hotspot/share/prims/jni.cpp, line 617]
Event: 54.221 Thread 0x000001af56ff9000 Exception <a 'java/lang/NoSuchMethodError'{0x00000000893be958}: 'java.lang.Object java.lang.invoke.DirectMethodHandle$Holder.invokeStatic(java.lang.Object, java.lang.Object, java.lang.Object, java.lang.Object, java.lang.Object, java.lang.Object, java.lang.Object, java.lang.Object, java.lang.Object, java.lang.Object, java.lang.Object, java.lang.Object, java.lang.Object, java.lang.Object, java.lang.Object, java.lang.Object, java.lang.Object, java.lang.Object, int, java.lang.Object)'> (0x00000000893be958) thr
Event: 54.222 Thread 0x000001af56ff9000 Exception <a 'java/lang/NoSuchMethodError'{0x00000000893c49e0}: 'java.lang.Object java.lang.invoke.DirectMethodHandle$Holder.invokeStaticInit(java.lang.Object, java.lang.Object, java.lang.Object, java.lang.Object, java.lang.Object, java.lang.Object, java.lang.Object, java.lang.Object, java.lang.Object, java.lang.Object, java.lang.Object, java.lang.Object, java.lang.Object, java.lang.Object, java.lang.Object, java.lang.Object, java.lang.Object, java.lang.Object, int, java.lang.Object)'> (0x00000000893c49e0)
Event: 54.295 Thread 0x000001af5439d000 Exception <a 'java/lang/IncompatibleClassChangeError'{0x00000000892ac128}: Found class java.lang.Object, but interface was expected> (0x00000000892ac128) thrown at [./src/hotspot/share/interpreter/linkResolver.cpp, line 839]
Event: 54.342 Thread 0x000001af56ffc800 Exception <a 'java/lang/NoSuchMethodError'{0x0000000088f04e30}: 'long java.lang.invoke.DirectMethodHandle$Holder.invokeStatic(java.lang.Object, long, java.lang.Object)'> (0x0000000088f04e30) thrown at [./src/hotspot/share/interpreter/linkResolver.cpp, line 773]
Event: 54.342 Thread 0x000001af5439f800 Exception <a 'java/lang/NoSuchMethodError'{0x00000000890f7e18}: 'long java.lang.invoke.DirectMethodHandle$Holder.invokeStatic(java.lang.Object, long, java.lang.Object)'> (0x00000000890f7e18) thrown at [./src/hotspot/share/interpreter/linkResolver.cpp, line 773]
Event: 55.062 Thread 0x000001af56ffc800 Exception <a 'java/lang/NoSuchMethodError'{0x0000000088750db0}: 'int java.lang.invoke.DirectMethodHandle$Holder.invokeVirtual(java.lang.Object, java.lang.Object, java.lang.Object, java.lang.Object)'> (0x0000000088750db0) thrown at [./src/hotspot/share/interpreter/linkResolver.cpp, line 773]

Events (20 events):
Event: 55.098 loading class com/android/tools/r8/graph/Q done
Event: 55.098 loading class com/android/tools/r8/internal/Xo
Event: 55.098 loading class com/android/tools/r8/internal/Xo done
Event: 55.108 loading class com/android/tools/r8/graph/d0
Event: 55.108 loading class com/android/tools/r8/graph/d0 done
Event: 55.108 loading class com/android/tools/r8/graph/d0
Event: 55.108 loading class com/android/tools/r8/graph/d0 done
Event: 55.108 loading class com/android/tools/r8/graph/v
Event: 55.108 loading class com/android/tools/r8/graph/v done
Event: 55.109 loading class com/android/tools/r8/graph/d0
Event: 55.109 loading class com/android/tools/r8/graph/d0 done
Event: 55.109 loading class com/android/tools/r8/graph/d0
Event: 55.109 loading class com/android/tools/r8/graph/d0 done
Event: 55.109 loading class com/android/tools/r8/internal/v6
Event: 55.109 loading class com/android/tools/r8/internal/v6 done
Event: 55.109 loading class com/android/tools/r8/internal/u6
Event: 55.109 loading class com/android/tools/r8/internal/u6 done
Event: 55.112 loading class com/android/tools/r8/graph/z
Event: 55.112 loading class com/android/tools/r8/graph/z done
Event: 55.112 Executing VM operation: G1CollectForAllocation


Dynamic libraries:
0x00007ff70e300000 - 0x00007ff70e30d000 	C:\Program Files\OpenJDK\openjdk-11.0.15_10\bin\java.exe
0x00007ff9caeb0000 - 0x00007ff9cb0a7000 	C:\WINDOWS\SYSTEM32\ntdll.dll
0x00007ff9cac10000 - 0x00007ff9caccd000 	C:\WINDOWS\System32\KERNEL32.DLL
0x00007ff9c8810000 - 0x00007ff9c8add000 	C:\WINDOWS\System32\KERNELBASE.dll
0x00007ff9c8c80000 - 0x00007ff9c8d80000 	C:\WINDOWS\System32\ucrtbase.dll
0x00007ff9a5610000 - 0x00007ff9a5628000 	C:\Program Files\OpenJDK\openjdk-11.0.15_10\bin\jli.dll
0x00007ff9c9d10000 - 0x00007ff9c9eb0000 	C:\WINDOWS\System32\USER32.dll
0x00007ff9c8680000 - 0x00007ff9c86a2000 	C:\WINDOWS\System32\win32u.dll
0x00007ff9ca2c0000 - 0x00007ff9ca2ea000 	C:\WINDOWS\System32\GDI32.dll
0x00007ff9c8ae0000 - 0x00007ff9c8beb000 	C:\WINDOWS\System32\gdi32full.dll
0x00007ff9c8720000 - 0x00007ff9c87bd000 	C:\WINDOWS\System32\msvcp_win.dll
0x00007ff9a56f0000 - 0x00007ff9a5706000 	C:\Program Files\OpenJDK\openjdk-11.0.15_10\bin\VCRUNTIME140.dll
0x00007ff9b8a90000 - 0x00007ff9b8d2a000 	C:\WINDOWS\WinSxS\amd64_microsoft.windows.common-controls_6595b64144ccf1df_6.0.19041.1110_none_60b5254171f9507e\COMCTL32.dll
0x00007ff9ca2f0000 - 0x00007ff9ca38e000 	C:\WINDOWS\System32\msvcrt.dll
0x00007ff9c8f10000 - 0x00007ff9c8f40000 	C:\WINDOWS\System32\IMM32.DLL
0x00007ff989b40000 - 0x00007ff989bea000 	C:\Program Files\OpenJDK\openjdk-11.0.15_10\bin\msvcp140.dll
0x00007ff978240000 - 0x00007ff978d91000 	C:\Program Files\OpenJDK\openjdk-11.0.15_10\bin\server\jvm.dll
0x00007ff9c9560000 - 0x00007ff9c960e000 	C:\WINDOWS\System32\ADVAPI32.dll
0x00007ff9ca080000 - 0x00007ff9ca11c000 	C:\WINDOWS\System32\sechost.dll
0x00007ff9c9b30000 - 0x00007ff9c9c55000 	C:\WINDOWS\System32\RPCRT4.dll
0x00007ff9c9f10000 - 0x00007ff9c9f18000 	C:\WINDOWS\System32\PSAPI.DLL
0x00007ff9c02a0000 - 0x00007ff9c02a9000 	C:\WINDOWS\SYSTEM32\WSOCK32.dll
0x00007ff9cacd0000 - 0x00007ff9cad3b000 	C:\WINDOWS\System32\WS2_32.dll
0x00007ff9bb4b0000 - 0x00007ff9bb4d7000 	C:\WINDOWS\SYSTEM32\WINMM.dll
0x00007ff9bf190000 - 0x00007ff9bf19a000 	C:\WINDOWS\SYSTEM32\VERSION.dll
0x00007ff9c6eb0000 - 0x00007ff9c6ec2000 	C:\WINDOWS\SYSTEM32\kernel.appcore.dll
0x00007ff9a51a0000 - 0x00007ff9a51b1000 	C:\Program Files\OpenJDK\openjdk-11.0.15_10\bin\verify.dll
0x00007ff9c6b70000 - 0x00007ff9c6d54000 	C:\WINDOWS\SYSTEM32\DBGHELP.DLL
0x00007ff9c25c0000 - 0x00007ff9c25ec000 	C:\WINDOWS\SYSTEM32\dbgcore.DLL
0x00007ff9c8bf0000 - 0x00007ff9c8c72000 	C:\WINDOWS\System32\bcryptPrimitives.dll
0x00007ff9a5170000 - 0x00007ff9a5199000 	C:\Program Files\OpenJDK\openjdk-11.0.15_10\bin\java.dll
0x00007ff9a9a10000 - 0x00007ff9a9a1a000 	C:\Program Files\OpenJDK\openjdk-11.0.15_10\bin\jimage.dll
0x00007ff9a3bf0000 - 0x00007ff9a3c08000 	C:\Program Files\OpenJDK\openjdk-11.0.15_10\bin\zip.dll
0x00007ff9ca440000 - 0x00007ff9cab84000 	C:\WINDOWS\System32\SHELL32.dll
0x00007ff9c63d0000 - 0x00007ff9c6b64000 	C:\WINDOWS\SYSTEM32\windows.storage.dll
0x00007ff9c9690000 - 0x00007ff9c99e4000 	C:\WINDOWS\System32\combase.dll
0x00007ff9c8030000 - 0x00007ff9c805c000 	C:\WINDOWS\SYSTEM32\Wldp.dll
0x00007ff9ca390000 - 0x00007ff9ca43d000 	C:\WINDOWS\System32\SHCORE.dll
0x00007ff9c9eb0000 - 0x00007ff9c9f05000 	C:\WINDOWS\System32\shlwapi.dll
0x00007ff9c8510000 - 0x00007ff9c852f000 	C:\WINDOWS\SYSTEM32\profapi.dll
0x00007ff9a3bd0000 - 0x00007ff9a3be9000 	C:\Program Files\OpenJDK\openjdk-11.0.15_10\bin\net.dll
0x00007ff9c00d0000 - 0x00007ff9c01da000 	C:\WINDOWS\SYSTEM32\WINHTTP.dll
0x00007ff9c7d90000 - 0x00007ff9c7dfa000 	C:\WINDOWS\system32\mswsock.dll
0x00007ff9a31a0000 - 0x00007ff9a31b3000 	C:\Program Files\OpenJDK\openjdk-11.0.15_10\bin\nio.dll
0x00007ff9b6bd0000 - 0x00007ff9b6bf7000 	C:\Users\Tom\.gradle\native\e1d6ef7f7dcc3fd88c89a11ec53ec762bb8ba0a96d01ffa2cd45eb1d1d8dd5c5\windows-amd64\native-platform.dll
0x00007ff988110000 - 0x00007ff988254000 	C:\Users\Tom\.gradle\native\5664cfc778a61ccfe75a443a1ab52a65af34e5dc3c78e0209fed803814484fcb\windows-amd64\native-platform-file-events.dll
0x00007ff9a9a20000 - 0x00007ff9a9a29000 	C:\Program Files\OpenJDK\openjdk-11.0.15_10\bin\management.dll
0x00007ff9a6560000 - 0x00007ff9a656c000 	C:\Program Files\OpenJDK\openjdk-11.0.15_10\bin\management_ext.dll
0x00007ff9c7f80000 - 0x00007ff9c7f98000 	C:\WINDOWS\SYSTEM32\CRYPTSP.dll
0x00007ff9c7640000 - 0x00007ff9c7674000 	C:\WINDOWS\system32\rsaenh.dll
0x00007ff9c8d80000 - 0x00007ff9c8da7000 	C:\WINDOWS\System32\bcrypt.dll
0x00007ff9c8490000 - 0x00007ff9c84be000 	C:\WINDOWS\SYSTEM32\USERENV.dll
0x00007ff9c7fa0000 - 0x00007ff9c7fac000 	C:\WINDOWS\SYSTEM32\CRYPTBASE.dll
0x00007ff9c7a30000 - 0x00007ff9c7a6b000 	C:\WINDOWS\SYSTEM32\IPHLPAPI.DLL
0x00007ff9cad40000 - 0x00007ff9cad48000 	C:\WINDOWS\System32\NSI.dll
0x00007ff9c0490000 - 0x00007ff9c04a7000 	C:\WINDOWS\SYSTEM32\dhcpcsvc6.DLL
0x00007ff9c0eb0000 - 0x00007ff9c0ecd000 	C:\WINDOWS\SYSTEM32\dhcpcsvc.DLL
0x00007ff9c7ac0000 - 0x00007ff9c7b8b000 	C:\WINDOWS\SYSTEM32\DNSAPI.dll

dbghelp: loaded successfully - version: 4.0.5 - missing functions: none
symbol engine: initialized successfully - sym options: 0x614 - pdb path: .;C:\Program Files\OpenJDK\openjdk-11.0.15_10\bin;C:\WINDOWS\SYSTEM32;C:\WINDOWS\WinSxS\amd64_microsoft.windows.common-controls_6595b64144ccf1df_6.0.19041.1110_none_60b5254171f9507e;C:\Program Files\OpenJDK\openjdk-11.0.15_10\bin\server;C:\Users\Tom\.gradle\native\e1d6ef7f7dcc3fd88c89a11ec53ec762bb8ba0a96d01ffa2cd45eb1d1d8dd5c5\windows-amd64;C:\Users\Tom\.gradle\native\5664cfc778a61ccfe75a443a1ab52a65af34e5dc3c78e0209fed803814484fcb\windows-amd64

VM Arguments:
jvm_args: -XX:MaxMetaspaceSize=512m --add-opens=java.base/java.util=ALL-UNNAMED --add-opens=java.base/java.lang=ALL-UNNAMED --add-opens=java.base/java.lang.invoke=ALL-UNNAMED --add-opens=java.base/java.util=ALL-UNNAMED --add-opens=java.prefs/java.util.prefs=ALL-UNNAMED --add-opens=java.prefs/java.util.prefs=ALL-UNNAMED --add-opens=java.base/java.nio.charset=ALL-UNNAMED --add-opens=java.base/java.net=ALL-UNNAMED --add-opens=java.base/java.util.concurrent.atomic=ALL-UNNAMED -Xmx2048m -Dfile.encoding=windows-1252 -Duser.country=GB -Duser.language=en -Duser.variant 
java_command: org.gradle.launcher.daemon.bootstrap.GradleDaemon 7.3.3
java_class_path (initial): C:\Users\Tom\.gradle\wrapper\dists\gradle-7.3.3-all\4295vidhdd9hd3gbjyw1xqxpo\gradle-7.3.3\lib\gradle-launcher-7.3.3.jar
Launcher Type: SUN_STANDARD

[Global flags]
     intx CICompilerCount                          = 3                                         {product} {ergonomic}
   size_t CompressedClassSpaceSize                 = 528482304                                 {product} {ergonomic}
     uint ConcGCThreads                            = 1                                         {product} {ergonomic}
     uint G1ConcRefinementThreads                  = 4                                         {product} {ergonomic}
   size_t G1HeapRegionSize                         = 1048576                                   {product} {ergonomic}
    uintx GCDrainStackTargetSize                   = 64                                        {product} {ergonomic}
   size_t InitialHeapSize                          = 134217728                                 {product} {ergonomic}
   size_t MarkStackSize                            = 4194304                                   {product} {ergonomic}
   size_t MaxHeapSize                              = 2147483648                                {product} {command line}
   size_t MaxMetaspaceSize                         = 536870912                                 {product} {command line}
   size_t MaxNewSize                               = 1287651328                                {product} {ergonomic}
   size_t MinHeapDeltaBytes                        = 1048576                                   {product} {ergonomic}
    uintx NonNMethodCodeHeapSize                   = 5830732                                {pd product} {ergonomic}
    uintx NonProfiledCodeHeapSize                  = 122913754                              {pd product} {ergonomic}
    uintx ProfiledCodeHeapSize                     = 122913754                              {pd product} {ergonomic}
    uintx ReservedCodeCacheSize                    = 251658240                              {pd product} {ergonomic}
     bool SegmentedCodeCache                       = true                                      {product} {ergonomic}
     bool UseCompressedClassPointers               = true                                 {lp64_product} {ergonomic}
     bool UseCompressedOops                        = true                                 {lp64_product} {ergonomic}
     bool UseG1GC                                  = true                                      {product} {ergonomic}
     bool UseLargePagesIndividualAllocation        = false                                  {pd product} {ergonomic}

Logging:
Log output configuration:
 #0: stdout all=warning uptime,level,tags
 #1: stderr all=off uptime,level,tags

Environment Variables:
JAVA_HOME=C:\Program Files\OpenJDK\openjdk-11.0.15_10
CLASSPATH=C:\Users\Tom\Documents\Programmation\React Native\projectRNcli\android\\gradle\wrapper\gradle-wrapper.jar
PATH=C:\Users\Tom\Documents\Programmation\React Native\projectRNcli\android\node_modules\.bin;C:\Users\Tom\Documents\Programmation\React Native\projectRNcli\node_modules\.bin;C:\Users\Tom\Documents\Programmation\React Native\node_modules\.bin;C:\Users\Tom\Documents\Programmation\node_modules\.bin;C:\Users\Tom\Documents\node_modules\.bin;C:\Users\Tom\node_modules\.bin;C:\Users\node_modules\.bin;C:\node_modules\.bin;C:\Program Files\nodejs;C:\Users\Tom\Documents\Programmation\React Native\projectRNcli\node_modules\.bin;C:\Users\Tom\Documents\Programmation\React Native\node_modules\.bin;C:\Users\Tom\Documents\Programmation\node_modules\.bin;C:\Users\Tom\Documents\node_modules\.bin;C:\Users\Tom\node_modules\.bin;C:\Users\node_modules\.bin;C:\node_modules\.bin;C:\Program Files\nodejs\node_modules\npm\node_modules\@npmcli\run-script\lib\node-gyp-bin;C:\Python310\Scripts\;C:\Python310\;C:\Program Files\Common Files\Oracle\Java\javapath;C:\Program Files (x86)\Intel\Intel(R) Management Engine Components\iCLS\;C:\Program Files\Intel\Intel(R) Management Engine Components\iCLS\;C:\windows\system32;C:\windows;C:\windows\System32\Wbem;C:\windows\System32\WindowsPowerShell\v1.0\;C:\Program Files (x86)\Intel\Intel(R) Management Engine Components\DAL;C:\Program Files\Intel\Intel(R) Management Engine Components\DAL;C:\Program Files (x86)\Intel\Intel(R) Management Engine Components\IPT;C:\Program Files\Intel\Intel(R) Management Engine Components\IPT;C:\Program Files (x86)\NVIDIA Corporation\PhysX\Common;C:\WINDOWS\system32;C:\WINDOWS;C:\WINDOWS\System32\Wbem;C:\WINDOWS\System32\WindowsPowerShell\v1.0\;C:\WINDOWS\System32\OpenSSH\;C:\Program Files\Microchip\xc8\v2.36\bin;C:\ProgramData\chocolatey\bin;C:\Program Files\OpenJDK\openjdk-11.0.15_10\bin;C:\Program Files\nodejs\;C:\Users\Tom\AppData\Local\Microsoft\WindowsApps;C:\Users\Tom\AppData\Local\Programs\Microsoft VS Code\bin;C:\Users\Tom\AppData\Local\Android\Sdk\platform-tools;C:\Users\Tom\AppData\Roaming\npm;C:\Users\Tom\Documents\Pro
USERNAME=Tom
LANG=en_GB.UTF-8
OS=Windows_NT
PROCESSOR_IDENTIFIER=Intel64 Family 6 Model 142 Stepping 10, GenuineIntel



---------------  S Y S T E M  ---------------

OS: Windows 10 , 64 bit Build 19041 (10.0.19041.1741)
OS uptime: 0 days 5:57 hours

CPU:total 4 (initial active 4) (2 cores per cpu, 2 threads per core) family 6 model 142 stepping 10 microcode 0xb4, cmov, cx8, fxsr, mmx, sse, sse2, sse3, ssse3, sse4.1, sse4.2, popcnt, avx, avx2, aes, clmul, erms, 3dnowpref, lzcnt, ht, tsc, tscinvbit, bmi1, bmi2, adx, fma

Memory: 4k page, system-wide physical 8107M (1449M free)
TotalPageFile size 8107M (AvailPageFile size 15M)
current process WorkingSet (physical memory assigned to process): 450M, peak: 450M
current process commit charge ("private bytes"): 500M, peak: 531M

vm_info: OpenJDK 64-Bit Server VM (11.0.15+10) for windows-amd64 JRE (11.0.15+10), built on Apr 21 2022 21:29:46 by "tester" with MS VC++ 15.5 (VS2017)

END.
