#
# There is insufficient memory for the Java Runtime Environment to continue.
# Native memory allocation (mmap) failed to map 56623104 bytes for Failed to commit area from 0x0000000090b00000 to 0x0000000094100000 of length 56623104.
# Possible reasons:
#   The system is out of physical RAM or swap space
#   The process is running with CompressedOops enabled, and the Java Heap may be blocking the growth of the native heap
# Possible solutions:
#   Reduce memory load on the system
#   Increase physical memory or swap space
#   Check if swap backing store is full
#   Decrease Java heap size (-Xmx/-Xms)
#   Decrease number of Java threads
#   Decrease Java thread stack sizes (-Xss)
#   Set larger code cache with -XX:ReservedCodeCacheSize=
#   JVM is running with Unscaled Compressed Oops mode in which the Java heap is
#     placed in the first 4GB address space. The Java Heap base address is the
#     maximum limit for the native heap growth. Please use -XX:HeapBaseMinAddress
#     to set the Java Heap base and to place the Java Heap above 4GB virtual address.
# This output file may be truncated or incomplete.
#
#  Out of Memory Error (./src/hotspot/os/windows/os_windows.cpp:3390), pid=8844, tid=10672
#
# JRE version: OpenJDK Runtime Environment 18.9 (11.0.15+10) (build 11.0.15+10)
# Java VM: OpenJDK 64-Bit Server VM 18.9 (11.0.15+10, mixed mode, tiered, compressed oops, g1 gc, windows-amd64)
# No core dump will be written. Minidumps are not enabled by default on client versions of Windows
#

---------------  S U M M A R Y ------------

Command Line: -XX:MaxMetaspaceSize=512m --add-opens=java.base/java.util=ALL-UNNAMED --add-opens=java.base/java.lang=ALL-UNNAMED --add-opens=java.base/java.lang.invoke=ALL-UNNAMED --add-opens=java.base/java.util=ALL-UNNAMED --add-opens=java.prefs/java.util.prefs=ALL-UNNAMED --add-opens=java.prefs/java.util.prefs=ALL-UNNAMED --add-opens=java.base/java.nio.charset=ALL-UNNAMED --add-opens=java.base/java.net=ALL-UNNAMED --add-opens=java.base/java.util.concurrent.atomic=ALL-UNNAMED -Xmx2048m -Dfile.encoding=windows-1252 -Duser.country=GB -Duser.language=en -Duser.variant org.gradle.launcher.daemon.bootstrap.GradleDaemon 7.3.3

Host: Intel(R) Core(TM) i3-7020U CPU @ 2.30GHz, 4 cores, 7G,  Windows 10 , 64 bit Build 19041 (10.0.19041.1741)
Time: Sun Jul  3 17:23:53 2022 Romance Summer Time elapsed time: 99.955511 seconds (0d 0h 1m 39s)

---------------  T H R E A D  ---------------

Current thread (0x000001d3ee86c000):  VMThread "VM Thread" [stack: 0x000000bc97900000,0x000000bc97a00000] [id=10672]

Stack: [0x000000bc97900000,0x000000bc97a00000]
[error occurred during error reporting (printing stack bounds), id 0xc0000005, EXCEPTION_ACCESS_VIOLATION (0xc0000005) at pc=0x000001d3d87b112d]

Native frames: (J=compiled Java code, j=interpreted, Vv=VM code, C=native code)
V  [jvm.dll+0x64dd3a]
V  [jvm.dll+0x7906c9]
V  [jvm.dll+0x791d9c]
V  [jvm.dll+0x7923c5]
V  [jvm.dll+0x79237b]
V  [jvm.dll+0x64cdd0]
V  [jvm.dll+0x64d4e8]
C  [ntdll.dll+0xa209f]
C  [ntdll.dll+0x51454]
C  [ntdll.dll+0xa0bce]
C  0x000001d3d87b112d

VM_Operation (0x000000bc9acf9330): G1CollectForAllocation, mode: safepoint, requested by thread 0x000001d3f2248800


---------------  P R O C E S S  ---------------

Threads class SMR info:
_java_thread_list=0x000001d380e287e0, length=92, elements={
0x000001d3d0053800, 0x000001d3ee870000, 0x000001d3ee87c000, 0x000001d3ee8d6000,
0x000001d3ee8d9000, 0x000001d3ee8da800, 0x000001d3ee8dd800, 0x000001d3ef1e4000,
0x000001d3ef1ee800, 0x000001d3ef34c000, 0x000001d3f169a800, 0x000001d3ef72f800,
0x000001d3f0c5b000, 0x000001d3f050d000, 0x000001d3f050e000, 0x000001d3f217e800,
0x000001d3f0ab7800, 0x000001d3f1a8d800, 0x000001d3f0ab8800, 0x000001d3f0d36000,
0x000001d3f1224800, 0x000001d3f1228800, 0x000001d3f1226000, 0x000001d3f1228000,
0x000001d3f122b000, 0x000001d3f1229800, 0x000001d3f122a800, 0x000001d3f1225800,
0x000001d3f1227000, 0x000001d3f2242000, 0x000001d3f2241000, 0x000001d3f223e000,
0x000001d3f2242800, 0x000001d3f2240000, 0x000001d3f2243800, 0x000001d3f2244800,
0x000001d3f223e800, 0x000001d3f2245000, 0x000001d3f223f800, 0x000001d3f224b000,
0x000001d3f224a000, 0x000001d3f2246000, 0x000001d3f2249000, 0x000001d3f2247000,
0x000001d3f2247800, 0x000001d3f224b800, 0x000001d3f2248800, 0x000001d3f24fa000,
0x000001d3f24fe000, 0x000001d3f24fc800, 0x000001d3f24fb800, 0x000001d3f24fd800,
0x000001d3f24f9000, 0x000001d3f24ff000, 0x000001d3f2500000, 0x000001d3f2500800,
0x000001d3f24fb000, 0x000001d3f2502000, 0x000001d3f2504000, 0x000001d3f2506800,
0x000001d3f2501800, 0x000001d3f2505800, 0x000001d3f2508000, 0x000001d3f2504800,
0x000001d3f2503000, 0x000001d3f2507000, 0x000001d3f00ae800, 0x000001d3f00af000,
0x000001d3f00a9800, 0x000001d3f00b0000, 0x000001d3f00aa000, 0x000001d3f00ac000,
0x000001d3f00b0800, 0x000001d3f00ac800, 0x000001d3f00b3000, 0x000001d3f00b6800,
0x000001d3f00b4000, 0x000001d3f00b5000, 0x000001d3f00b2800, 0x000001d3f00b5800,
0x000001d3f00b7800, 0x000001d3ef51e000, 0x000001d3ef51c800, 0x000001d3ef51b800,
0x000001d3ef51e800, 0x000001d3ef51f800, 0x000001d3ef522000, 0x000001d3ef523000,
0x000001d3ef51d000, 0x000001d3ef525800, 0x000001d3ef524800, 0x000001d3f2294800
}

Java Threads: ( => current thread )
  0x000001d3d0053800 JavaThread "main" [_thread_blocked, id=10628, stack(0x000000bc97300000,0x000000bc97400000)]
  0x000001d3ee870000 JavaThread "Reference Handler" daemon [_thread_blocked, id=6396, stack(0x000000bc97a00000,0x000000bc97b00000)]
  0x000001d3ee87c000 JavaThread "Finalizer" daemon [_thread_blocked, id=17604, stack(0x000000bc97b00000,0x000000bc97c00000)]
  0x000001d3ee8d6000 JavaThread "Signal Dispatcher" daemon [_thread_blocked, id=14296, stack(0x000000bc97c00000,0x000000bc97d00000)]
  0x000001d3ee8d9000 JavaThread "Attach Listener" daemon [_thread_blocked, id=4312, stack(0x000000bc97d00000,0x000000bc97e00000)]
  0x000001d3ee8da800 JavaThread "Service Thread" daemon [_thread_blocked, id=12816, stack(0x000000bc97e00000,0x000000bc97f00000)]
  0x000001d3ee8dd800 JavaThread "C2 CompilerThread0" daemon [_thread_in_native, id=2532, stack(0x000000bc97f00000,0x000000bc98000000)]
  0x000001d3ef1e4000 JavaThread "C1 CompilerThread0" daemon [_thread_blocked, id=3428, stack(0x000000bc98000000,0x000000bc98100000)]
  0x000001d3ef1ee800 JavaThread "Sweeper thread" daemon [_thread_blocked, id=17672, stack(0x000000bc98100000,0x000000bc98200000)]
  0x000001d3ef34c000 JavaThread "Common-Cleaner" daemon [_thread_blocked, id=13692, stack(0x000000bc98200000,0x000000bc98300000)]
  0x000001d3f169a800 JavaThread "Daemon health stats" [_thread_blocked, id=8104, stack(0x000000bc98700000,0x000000bc98800000)]
  0x000001d3ef72f800 JavaThread "Incoming local TCP Connector on port 50917" [_thread_in_native, id=15596, stack(0x000000bc98400000,0x000000bc98500000)]
  0x000001d3f0c5b000 JavaThread "Daemon periodic checks" [_thread_blocked, id=13920, stack(0x000000bc98800000,0x000000bc98900000)]
  0x000001d3f050d000 JavaThread "Daemon" [_thread_blocked, id=6752, stack(0x000000bc98900000,0x000000bc98a00000)]
  0x000001d3f050e000 JavaThread "Handler for socket connection from /127.0.0.1:50917 to /127.0.0.1:50918" [_thread_in_native, id=10732, stack(0x000000bc98a00000,0x000000bc98b00000)]
  0x000001d3f217e800 JavaThread "Cancel handler" [_thread_blocked, id=18024, stack(0x000000bc98b00000,0x000000bc98c00000)]
  0x000001d3f0ab7800 JavaThread "Daemon worker" [_thread_blocked, id=14132, stack(0x000000bc98c00000,0x000000bc98d00000)]
  0x000001d3f1a8d800 JavaThread "Asynchronous log dispatcher for DefaultDaemonConnection: socket connection from /127.0.0.1:50917 to /127.0.0.1:50918" [_thread_blocked, id=10932, stack(0x000000bc98d00000,0x000000bc98e00000)]
  0x000001d3f0ab8800 JavaThread "Stdin handler" [_thread_blocked, id=3944, stack(0x000000bc98e00000,0x000000bc98f00000)]
  0x000001d3f0d36000 JavaThread "Daemon client event forwarder" [_thread_blocked, id=7208, stack(0x000000bc98f00000,0x000000bc99000000)]
  0x000001d3f1224800 JavaThread "Cache worker for journal cache (C:\Users\Tom\.gradle\caches\journal-1)" [_thread_blocked, id=11656, stack(0x000000bc99100000,0x000000bc99200000)]
  0x000001d3f1228800 JavaThread "File lock request listener" [_thread_in_native, id=6772, stack(0x000000bc99200000,0x000000bc99300000)]
  0x000001d3f1226000 JavaThread "Cache worker for file hash cache (C:\Users\Tom\.gradle\caches\7.3.3\fileHashes)" [_thread_blocked, id=16996, stack(0x000000bc99300000,0x000000bc99400000)]
  0x000001d3f1228000 JavaThread "Cache worker for file hash cache (C:\Users\Tom\Documents\Programmation\React Native\projectRNcli\android\.gradle\7.3.3\fileHashes)" [_thread_blocked, id=5392, stack(0x000000bc99500000,0x000000bc99600000)]
  0x000001d3f122b000 JavaThread "File watcher server" daemon [_thread_blocked, id=1708, stack(0x000000bc99400000,0x000000bc99500000)]
  0x000001d3f1229800 JavaThread "File watcher consumer" daemon [_thread_blocked, id=17576, stack(0x000000bc99600000,0x000000bc99700000)]
  0x000001d3f122a800 JavaThread "Cache worker for checksums cache (C:\Users\Tom\Documents\Programmation\React Native\projectRNcli\android\.gradle\7.3.3\checksums)" [_thread_blocked, id=8980, stack(0x000000bc99700000,0x000000bc99800000)]
  0x000001d3f1225800 JavaThread "Cache worker for cache directory md-supplier (C:\Users\Tom\.gradle\caches\7.3.3\md-supplier)" [_thread_blocked, id=1340, stack(0x000000bc99800000,0x000000bc99900000)]
  0x000001d3f1227000 JavaThread "Cache worker for cache directory md-rule (C:\Users\Tom\.gradle\caches\7.3.3\md-rule)" [_thread_blocked, id=14260, stack(0x000000bc99900000,0x000000bc99a00000)]
  0x000001d3f2242000 JavaThread "Cache worker for execution history cache (C:\Users\Tom\.gradle\caches\7.3.3\executionHistory)" [_thread_blocked, id=9544, stack(0x000000bc99b00000,0x000000bc99c00000)]
  0x000001d3f2241000 JavaThread "jar transforms" [_thread_blocked, id=7536, stack(0x000000bc99c00000,0x000000bc99d00000)]
  0x000001d3f223e000 JavaThread "jar transforms Thread 2" [_thread_blocked, id=15644, stack(0x000000bc99d00000,0x000000bc99e00000)]
  0x000001d3f2242800 JavaThread "Cache worker for file content cache (C:\Users\Tom\.gradle\caches\7.3.3\fileContent)" [_thread_blocked, id=17464, stack(0x000000bc99e00000,0x000000bc99f00000)]
  0x000001d3f2240000 JavaThread "jar transforms Thread 3" [_thread_blocked, id=15488, stack(0x000000bc99a00000,0x000000bc99b00000)]
  0x000001d3f2243800 JavaThread "jar transforms Thread 4" [_thread_blocked, id=17376, stack(0x000000bc99f00000,0x000000bc9a000000)]
  0x000001d3f2244800 JavaThread "Cache worker for kotlin-dsl (C:\Users\Tom\.gradle\caches\7.3.3\kotlin-dsl)" [_thread_blocked, id=12560, stack(0x000000bc9a100000,0x000000bc9a200000)]
  0x000001d3f223e800 JavaThread "Cache worker for dependencies-accessors (C:\Users\Tom\Documents\Programmation\React Native\projectRNcli\android\.gradle\7.3.3\dependencies-accessors)" [_thread_blocked, id=12828, stack(0x000000bc9a200000,0x000000bc9a300000)]
  0x000001d3f2245000 JavaThread "Cache worker for Build Output Cleanup Cache (C:\Users\Tom\Documents\Programmation\React Native\projectRNcli\node_modules\react-native-gradle-plugin\.gradle\buildOutputCleanup)" [_thread_blocked, id=16812, stack(0x000000bc9a000000,0x000000bc9a100000)]
  0x000001d3f223f800 JavaThread "Unconstrained build operations" [_thread_blocked, id=16144, stack(0x000000bc9a400000,0x000000bc9a500000)]
  0x000001d3f224b000 JavaThread "Unconstrained build operations Thread 2" [_thread_blocked, id=14788, stack(0x000000bc9a500000,0x000000bc9a600000)]
  0x000001d3f224a000 JavaThread "Unconstrained build operations Thread 3" [_thread_blocked, id=2028, stack(0x000000bc9a600000,0x000000bc9a700000)]
  0x000001d3f2246000 JavaThread "Unconstrained build operations Thread 4" [_thread_blocked, id=17976, stack(0x000000bc9a700000,0x000000bc9a800000)]
  0x000001d3f2249000 JavaThread "Unconstrained build operations Thread 5" [_thread_blocked, id=18128, stack(0x000000bc9a800000,0x000000bc9a900000)]
  0x000001d3f2247000 JavaThread "Unconstrained build operations Thread 6" [_thread_blocked, id=15168, stack(0x000000bc9a900000,0x000000bc9aa00000)]
  0x000001d3f2247800 JavaThread "Unconstrained build operations Thread 7" [_thread_blocked, id=5384, stack(0x000000bc9aa00000,0x000000bc9ab00000)]
  0x000001d3f224b800 JavaThread "Unconstrained build operations Thread 8" [_thread_blocked, id=13388, stack(0x000000bc9ab00000,0x000000bc9ac00000)]
  0x000001d3f2248800 JavaThread "Unconstrained build operations Thread 9" [_thread_blocked, id=6300, stack(0x000000bc9ac00000,0x000000bc9ad00000)]
  0x000001d3f24fa000 JavaThread "Unconstrained build operations Thread 10" [_thread_blocked, id=4452, stack(0x000000bc9ad00000,0x000000bc9ae00000)]
  0x000001d3f24fe000 JavaThread "Unconstrained build operations Thread 11" [_thread_blocked, id=5876, stack(0x000000bc9ae00000,0x000000bc9af00000)]
  0x000001d3f24fc800 JavaThread "Unconstrained build operations Thread 12" [_thread_blocked, id=14772, stack(0x000000bc9af00000,0x000000bc9b000000)]
  0x000001d3f24fb800 JavaThread "Unconstrained build operations Thread 13" [_thread_blocked, id=16420, stack(0x000000bc9b000000,0x000000bc9b100000)]
  0x000001d3f24fd800 JavaThread "Unconstrained build operations Thread 14" [_thread_blocked, id=14148, stack(0x000000bc9b100000,0x000000bc9b200000)]
  0x000001d3f24f9000 JavaThread "Unconstrained build operations Thread 15" [_thread_blocked, id=18188, stack(0x000000bc9b200000,0x000000bc9b300000)]
  0x000001d3f24ff000 JavaThread "Unconstrained build operations Thread 16" [_thread_blocked, id=11520, stack(0x000000bc9b300000,0x000000bc9b400000)]
  0x000001d3f2500000 JavaThread "Unconstrained build operations Thread 17" [_thread_blocked, id=8864, stack(0x000000bc9b400000,0x000000bc9b500000)]
  0x000001d3f2500800 JavaThread "Unconstrained build operations Thread 18" [_thread_blocked, id=17320, stack(0x000000bc9b500000,0x000000bc9b600000)]
  0x000001d3f24fb000 JavaThread "Unconstrained build operations Thread 19" [_thread_blocked, id=6248, stack(0x000000bc9b600000,0x000000bc9b700000)]
  0x000001d3f2502000 JavaThread "Unconstrained build operations Thread 20" [_thread_blocked, id=4140, stack(0x000000bc9b700000,0x000000bc9b800000)]
  0x000001d3f2504000 JavaThread "Unconstrained build operations Thread 21" [_thread_blocked, id=13704, stack(0x000000bc9b800000,0x000000bc9b900000)]
  0x000001d3f2506800 JavaThread "Unconstrained build operations Thread 22" [_thread_blocked, id=16920, stack(0x000000bc9b900000,0x000000bc9ba00000)]
  0x000001d3f2501800 JavaThread "Unconstrained build operations Thread 23" [_thread_blocked, id=6820, stack(0x000000bc9ba00000,0x000000bc9bb00000)]
  0x000001d3f2505800 JavaThread "Unconstrained build operations Thread 24" [_thread_blocked, id=15388, stack(0x000000bc9bb00000,0x000000bc9bc00000)]
  0x000001d3f2508000 JavaThread "Unconstrained build operations Thread 25" [_thread_blocked, id=15400, stack(0x000000bc9bc00000,0x000000bc9bd00000)]
  0x000001d3f2504800 JavaThread "Unconstrained build operations Thread 26" [_thread_blocked, id=12068, stack(0x000000bc9bd00000,0x000000bc9be00000)]
  0x000001d3f2503000 JavaThread "Unconstrained build operations Thread 27" [_thread_blocked, id=15344, stack(0x000000bc9be00000,0x000000bc9bf00000)]
  0x000001d3f2507000 JavaThread "Unconstrained build operations Thread 28" [_thread_blocked, id=4500, stack(0x000000bc9bf00000,0x000000bc9c000000)]
  0x000001d3f00ae800 JavaThread "Unconstrained build operations Thread 29" [_thread_blocked, id=6576, stack(0x000000bc9c000000,0x000000bc9c100000)]
  0x000001d3f00af000 JavaThread "Unconstrained build operations Thread 30" [_thread_blocked, id=7292, stack(0x000000bc9c100000,0x000000bc9c200000)]
  0x000001d3f00a9800 JavaThread "Unconstrained build operations Thread 31" [_thread_blocked, id=8872, stack(0x000000bc9c200000,0x000000bc9c300000)]
  0x000001d3f00b0000 JavaThread "Unconstrained build operations Thread 32" [_thread_blocked, id=17204, stack(0x000000bc9c300000,0x000000bc9c400000)]
  0x000001d3f00aa000 JavaThread "Unconstrained build operations Thread 33" [_thread_blocked, id=2080, stack(0x000000bc9c400000,0x000000bc9c500000)]
  0x000001d3f00ac000 JavaThread "build event listener" [_thread_blocked, id=12360, stack(0x000000bc9a300000,0x000000bc9a400000)]
  0x000001d3f00b0800 JavaThread "Memory manager" [_thread_blocked, id=8244, stack(0x000000bc9c600000,0x000000bc9c700000)]
  0x000001d3f00ac800 JavaThread "Cache worker for Build Output Cleanup Cache (C:\Users\Tom\Documents\Programmation\React Native\projectRNcli\android\.gradle\buildOutputCleanup)" [_thread_blocked, id=11256, stack(0x000000bc9c500000,0x000000bc9c600000)]
  0x000001d3f00b3000 JavaThread "Cache worker for execution history cache (C:\Users\Tom\Documents\Programmation\React Native\projectRNcli\node_modules\react-native-gradle-plugin\.gradle\7.3.3\executionHistory)" [_thread_blocked, id=2304, stack(0x000000bc9cd00000,0x000000bc9ce00000)]
  0x000001d3f00b6800 JavaThread "Unconstrained build operations Thread 34" [_thread_blocked, id=7100, stack(0x000000bc97100000,0x000000bc97200000)]
  0x000001d3f00b4000 JavaThread "Unconstrained build operations Thread 35" [_thread_blocked, id=10216, stack(0x000000bc9ce00000,0x000000bc9cf00000)]
  0x000001d3f00b5000 JavaThread "Unconstrained build operations Thread 36" [_thread_blocked, id=15380, stack(0x000000bc9cf00000,0x000000bc9d000000)]
  0x000001d3f00b2800 JavaThread "Unconstrained build operations Thread 37" [_thread_blocked, id=6540, stack(0x000000bc9d000000,0x000000bc9d100000)]
  0x000001d3f00b5800 JavaThread "Unconstrained build operations Thread 38" [_thread_blocked, id=3588, stack(0x000000bc9d100000,0x000000bc9d200000)]
  0x000001d3f00b7800 JavaThread "Unconstrained build operations Thread 39" [_thread_blocked, id=16020, stack(0x000000bc9d200000,0x000000bc9d300000)]
  0x000001d3ef51e000 JavaThread "Unconstrained build operations Thread 40" [_thread_blocked, id=12424, stack(0x000000bc9d300000,0x000000bc9d400000)]
  0x000001d3ef51c800 JavaThread "Execution worker for ':'" [_thread_blocked, id=6916, stack(0x000000bc97200000,0x000000bc97300000)]
  0x000001d3ef51b800 JavaThread "Execution worker for ':' Thread 2" [_thread_blocked, id=7712, stack(0x000000bc9ca00000,0x000000bc9cb00000)]
  0x000001d3ef51e800 JavaThread "Execution worker for ':' Thread 3" [_thread_blocked, id=8024, stack(0x000000bc9cb00000,0x000000bc9cc00000)]
  0x000001d3ef51f800 JavaThread "Cache worker for execution history cache (C:\Users\Tom\Documents\Programmation\React Native\projectRNcli\android\.gradle\7.3.3\executionHistory)" [_thread_blocked, id=8560, stack(0x000000bc9cc00000,0x000000bc9cd00000)]
  0x000001d3ef522000 JavaThread "Cache worker for Java compile cache (C:\Users\Tom\.gradle\caches\7.3.3\javaCompile)" [_thread_blocked, id=13492, stack(0x000000bc9d400000,0x000000bc9d500000)]
  0x000001d3ef523000 JavaThread "Build operations" [_thread_blocked, id=11128, stack(0x000000bc9d500000,0x000000bc9d600000)]
  0x000001d3ef51d000 JavaThread "Build operations Thread 2" [_thread_blocked, id=14740, stack(0x000000bc9d600000,0x000000bc9d700000)]
  0x000001d3ef525800 JavaThread "Build operations Thread 3" [_thread_blocked, id=13128, stack(0x000000bc9d700000,0x000000bc9d800000)]
  0x000001d3ef524800 JavaThread "Build operations Thread 4" [_thread_blocked, id=13960, stack(0x000000bc9d800000,0x000000bc9d900000)]
  0x000001d3f2294800 JavaThread "C2 CompilerThread1" daemon [_thread_blocked, id=11652, stack(0x000000bc97000000,0x000000bc97100000)]

Other Threads:
=>0x000001d3ee86c000 VMThread "VM Thread" [stack: 0x000000bc97900000,0x000000bc97a00000] [id=10672]
  0x000001d3ef3ae000 WatcherThread [stack: 0x000000bc98300000,0x000000bc98400000] [id=5604]
  0x000001d3d006c800 GCTaskThread "GC Thread#0" [stack: 0x000000bc97400000,0x000000bc97500000] [id=13020]
  0x000001d3efbfc000 GCTaskThread "GC Thread#1" [stack: 0x000000bc98500000,0x000000bc98600000] [id=5468]
  0x000001d3efb5e800 GCTaskThread "GC Thread#2" [stack: 0x000000bc98600000,0x000000bc98700000] [id=16780]
  0x000001d3f122e800 GCTaskThread "GC Thread#3" [stack: 0x000000bc99000000,0x000000bc99100000] [id=4104]
  0x000001d3d009c800 ConcurrentGCThread "G1 Main Marker" [stack: 0x000000bc97500000,0x000000bc97600000] [id=14272]
  0x000001d3d009d800 ConcurrentGCThread "G1 Conc#0" [stack: 0x000000bc97600000,0x000000bc97700000] [id=7552]
  0x000001d3d012c000 ConcurrentGCThread "G1 Refine#0" [stack: 0x000000bc97700000,0x000000bc97800000] [id=3316]
  0x000001d3d012d000 ConcurrentGCThread "G1 Young RemSet Sampling" [stack: 0x000000bc97800000,0x000000bc97900000] [id=13840]

Threads with active compile tasks:
C2 CompilerThread0   100116 18571       4       com.android.tools.r8.internal.Me::a (1137 bytes)
C2 CompilerThread1   100116 17730   !   4       com.android.tools.r8.internal.v6::b (116 bytes)

VM state:at safepoint (normal execution)

VM Mutex/Monitor currently owned by a thread:  ([mutex/lock_event])
[0x000001d3d0050210] Threads_lock - owner thread: 0x000001d3ee86c000
[0x000001d3d00515c0] Heap_lock - owner thread: 0x000001d3f2248800

Heap address: 0x0000000080000000, size: 2048 MB, Compressed Oops mode: 32-bit
Narrow klass base: 0x0000000000000000, Narrow klass shift: 3
Compressed class space size: 528482304 Address: 0x0000000100000000

Heap:
 garbage-first heap   total 328704K, used 183939K [0x0000000080000000, 0x0000000100000000)
  region size 1024K, 8 young (8192K), 8 survivors (8192K)
 Metaspace       used 121661K, capacity 125617K, committed 125776K, reserved 624640K
  class space    used 15674K, capacity 17289K, committed 17408K, reserved 516096K
Heap Regions: E=young(eden), S=young(survivor), O=old, HS=humongous(starts), HC=humongous(continues), CS=collection set, F=free, A=archive, TAMS=top-at-mark-start (previous, next)
|   0|0x0000000080000000, 0x0000000080100000, 0x0000000080100000|100%| O|  |TAMS 0x0000000080100000, 0x0000000080000000| Untracked 
|   1|0x0000000080100000, 0x0000000080200000, 0x0000000080200000|100%| O|  |TAMS 0x0000000080200000, 0x0000000080100000| Untracked 
|   2|0x0000000080200000, 0x0000000080300000, 0x0000000080300000|100%| O|  |TAMS 0x0000000080300000, 0x0000000080200000| Untracked 
|   3|0x0000000080300000, 0x0000000080400000, 0x0000000080400000|100%|HS|  |TAMS 0x0000000080400000, 0x0000000080300000| Complete 
|   4|0x0000000080400000, 0x0000000080500000, 0x0000000080500000|100%|HC|  |TAMS 0x0000000080500000, 0x0000000080400000| Complete 
|   5|0x0000000080500000, 0x0000000080600000, 0x0000000080600000|100%|HC|  |TAMS 0x0000000080600000, 0x0000000080500000| Complete 
|   6|0x0000000080600000, 0x0000000080700000, 0x0000000080700000|100%| O|  |TAMS 0x0000000080700000, 0x0000000080600000| Untracked 
|   7|0x0000000080700000, 0x0000000080800000, 0x0000000080800000|100%| O|  |TAMS 0x0000000080800000, 0x0000000080700000| Untracked 
|   8|0x0000000080800000, 0x0000000080900000, 0x0000000080900000|100%| O|  |TAMS 0x0000000080900000, 0x0000000080800000| Untracked 
|   9|0x0000000080900000, 0x0000000080a00000, 0x0000000080a00000|100%| O|  |TAMS 0x0000000080a00000, 0x0000000080900000| Untracked 
|  10|0x0000000080a00000, 0x0000000080b00000, 0x0000000080b00000|100%| O|  |TAMS 0x0000000080b00000, 0x0000000080a00000| Untracked 
|  11|0x0000000080b00000, 0x0000000080c00000, 0x0000000080c00000|100%| O|  |TAMS 0x0000000080c00000, 0x0000000080b00000| Untracked 
|  12|0x0000000080c00000, 0x0000000080d00000, 0x0000000080d00000|100%| O|  |TAMS 0x0000000080d00000, 0x0000000080c00000| Untracked 
|  13|0x0000000080d00000, 0x0000000080e00000, 0x0000000080e00000|100%| O|  |TAMS 0x0000000080e00000, 0x0000000080d00000| Untracked 
|  14|0x0000000080e00000, 0x0000000080f00000, 0x0000000080f00000|100%| O|  |TAMS 0x0000000080f00000, 0x0000000080e00000| Untracked 
|  15|0x0000000080f00000, 0x0000000081000000, 0x0000000081000000|100%| O|  |TAMS 0x0000000081000000, 0x0000000080f00000| Untracked 
|  16|0x0000000081000000, 0x0000000081100000, 0x0000000081100000|100%| O|  |TAMS 0x0000000081100000, 0x0000000081000000| Untracked 
|  17|0x0000000081100000, 0x0000000081200000, 0x0000000081200000|100%|HS|  |TAMS 0x0000000081200000, 0x0000000081100000| Complete 
|  18|0x0000000081200000, 0x0000000081300000, 0x0000000081300000|100%| O|  |TAMS 0x0000000081300000, 0x0000000081200000| Untracked 
|  19|0x0000000081300000, 0x0000000081400000, 0x0000000081400000|100%| O|  |TAMS 0x0000000081400000, 0x0000000081300000| Untracked 
|  20|0x0000000081400000, 0x0000000081500000, 0x0000000081500000|100%| O|  |TAMS 0x0000000081500000, 0x0000000081400000| Untracked 
|  21|0x0000000081500000, 0x0000000081600000, 0x0000000081600000|100%| O|  |TAMS 0x0000000081600000, 0x0000000081500000| Untracked 
|  22|0x0000000081600000, 0x0000000081700000, 0x0000000081700000|100%| O|  |TAMS 0x0000000081700000, 0x0000000081600000| Untracked 
|  23|0x0000000081700000, 0x0000000081800000, 0x0000000081800000|100%| O|  |TAMS 0x0000000081800000, 0x0000000081700000| Untracked 
|  24|0x0000000081800000, 0x0000000081900000, 0x0000000081900000|100%| O|  |TAMS 0x0000000081900000, 0x0000000081800000| Untracked 
|  25|0x0000000081900000, 0x0000000081a00000, 0x0000000081a00000|100%| O|  |TAMS 0x0000000081a00000, 0x0000000081900000| Untracked 
|  26|0x0000000081a00000, 0x0000000081b00000, 0x0000000081b00000|100%| O|  |TAMS 0x0000000081b00000, 0x0000000081a00000| Untracked 
|  27|0x0000000081b00000, 0x0000000081c00000, 0x0000000081c00000|100%| O|  |TAMS 0x0000000081c00000, 0x0000000081b00000| Untracked 
|  28|0x0000000081c00000, 0x0000000081d00000, 0x0000000081d00000|100%|HS|  |TAMS 0x0000000081d00000, 0x0000000081c00000| Complete 
|  29|0x0000000081d00000, 0x0000000081e00000, 0x0000000081e00000|100%|HC|  |TAMS 0x0000000081e00000, 0x0000000081d00000| Complete 
|  30|0x0000000081e00000, 0x0000000081f00000, 0x0000000081f00000|100%|HC|  |TAMS 0x0000000081f00000, 0x0000000081e00000| Complete 
|  31|0x0000000081f00000, 0x0000000082000000, 0x0000000082000000|100%| O|  |TAMS 0x0000000082000000, 0x0000000081f00000| Untracked 
|  32|0x0000000082000000, 0x0000000082100000, 0x0000000082100000|100%| O|  |TAMS 0x0000000082100000, 0x0000000082000000| Untracked 
|  33|0x0000000082100000, 0x0000000082200000, 0x0000000082200000|100%| O|  |TAMS 0x0000000082200000, 0x0000000082100000| Untracked 
|  34|0x0000000082200000, 0x0000000082300000, 0x0000000082300000|100%| O|  |TAMS 0x0000000082300000, 0x0000000082200000| Untracked 
|  35|0x0000000082300000, 0x0000000082400000, 0x0000000082400000|100%| O|  |TAMS 0x0000000082400000, 0x0000000082300000| Untracked 
|  36|0x0000000082400000, 0x0000000082500000, 0x0000000082500000|100%| O|  |TAMS 0x0000000082500000, 0x0000000082400000| Untracked 
|  37|0x0000000082500000, 0x0000000082600000, 0x0000000082600000|100%| O|  |TAMS 0x0000000082600000, 0x0000000082500000| Untracked 
|  38|0x0000000082600000, 0x0000000082700000, 0x0000000082700000|100%| O|  |TAMS 0x0000000082700000, 0x0000000082600000| Untracked 
|  39|0x0000000082700000, 0x0000000082800000, 0x0000000082800000|100%| O|  |TAMS 0x0000000082800000, 0x0000000082700000| Untracked 
|  40|0x0000000082800000, 0x0000000082900000, 0x0000000082900000|100%| O|  |TAMS 0x0000000082900000, 0x0000000082800000| Untracked 
|  41|0x0000000082900000, 0x0000000082a00000, 0x0000000082a00000|100%|HS|  |TAMS 0x0000000082a00000, 0x0000000082900000| Complete 
|  42|0x0000000082a00000, 0x0000000082b00000, 0x0000000082b00000|100%|HS|  |TAMS 0x0000000082b00000, 0x0000000082a00000| Complete 
|  43|0x0000000082b00000, 0x0000000082c00000, 0x0000000082c00000|100%|HS|  |TAMS 0x0000000082c00000, 0x0000000082b00000| Complete 
|  44|0x0000000082c00000, 0x0000000082d00000, 0x0000000082d00000|100%|HC|  |TAMS 0x0000000082d00000, 0x0000000082c00000| Complete 
|  45|0x0000000082d00000, 0x0000000082e00000, 0x0000000082e00000|100%| O|  |TAMS 0x0000000082e00000, 0x0000000082d00000| Untracked 
|  46|0x0000000082e00000, 0x0000000082f00000, 0x0000000082f00000|100%| O|  |TAMS 0x0000000082f00000, 0x0000000082e00000| Untracked 
|  47|0x0000000082f00000, 0x0000000083000000, 0x0000000083000000|100%| O|  |TAMS 0x0000000083000000, 0x0000000082f00000| Untracked 
|  48|0x0000000083000000, 0x0000000083100000, 0x0000000083100000|100%| O|  |TAMS 0x0000000083100000, 0x0000000083000000| Untracked 
|  49|0x0000000083100000, 0x0000000083200000, 0x0000000083200000|100%| O|  |TAMS 0x0000000083200000, 0x0000000083100000| Untracked 
|  50|0x0000000083200000, 0x0000000083300000, 0x0000000083300000|100%| O|  |TAMS 0x0000000083300000, 0x0000000083200000| Untracked 
|  51|0x0000000083300000, 0x0000000083400000, 0x0000000083400000|100%| O|  |TAMS 0x0000000083400000, 0x0000000083300000| Untracked 
|  52|0x0000000083400000, 0x0000000083500000, 0x0000000083500000|100%| O|  |TAMS 0x0000000083500000, 0x0000000083400000| Untracked 
|  53|0x0000000083500000, 0x0000000083600000, 0x0000000083600000|100%| O|  |TAMS 0x0000000083600000, 0x0000000083500000| Untracked 
|  54|0x0000000083600000, 0x0000000083700000, 0x0000000083700000|100%| O|  |TAMS 0x0000000083700000, 0x0000000083600000| Untracked 
|  55|0x0000000083700000, 0x0000000083800000, 0x0000000083800000|100%| O|  |TAMS 0x0000000083800000, 0x0000000083700000| Untracked 
|  56|0x0000000083800000, 0x0000000083900000, 0x0000000083900000|100%| O|  |TAMS 0x0000000083900000, 0x0000000083800000| Untracked 
|  57|0x0000000083900000, 0x0000000083a00000, 0x0000000083a00000|100%| O|  |TAMS 0x0000000083a00000, 0x0000000083900000| Untracked 
|  58|0x0000000083a00000, 0x0000000083b00000, 0x0000000083b00000|100%| O|  |TAMS 0x0000000083b00000, 0x0000000083a00000| Untracked 
|  59|0x0000000083b00000, 0x0000000083c00000, 0x0000000083c00000|100%| O|  |TAMS 0x0000000083c00000, 0x0000000083b00000| Untracked 
|  60|0x0000000083c00000, 0x0000000083d00000, 0x0000000083d00000|100%| O|  |TAMS 0x0000000083d00000, 0x0000000083c00000| Untracked 
|  61|0x0000000083d00000, 0x0000000083e00000, 0x0000000083e00000|100%| O|  |TAMS 0x0000000083e00000, 0x0000000083d00000| Untracked 
|  62|0x0000000083e00000, 0x0000000083f00000, 0x0000000083f00000|100%| O|  |TAMS 0x0000000083f00000, 0x0000000083e00000| Untracked 
|  63|0x0000000083f00000, 0x0000000084000000, 0x0000000084000000|100%| O|  |TAMS 0x0000000084000000, 0x0000000083f00000| Untracked 
|  64|0x0000000084000000, 0x0000000084100000, 0x0000000084100000|100%| O|  |TAMS 0x0000000084100000, 0x0000000084000000| Untracked 
|  65|0x0000000084100000, 0x0000000084200000, 0x0000000084200000|100%| O|  |TAMS 0x0000000084200000, 0x0000000084100000| Untracked 
|  66|0x0000000084200000, 0x0000000084300000, 0x0000000084300000|100%| O|  |TAMS 0x0000000084300000, 0x0000000084200000| Untracked 
|  67|0x0000000084300000, 0x0000000084400000, 0x0000000084400000|100%| O|  |TAMS 0x0000000084400000, 0x0000000084300000| Untracked 
|  68|0x0000000084400000, 0x0000000084500000, 0x0000000084500000|100%| O|  |TAMS 0x0000000084500000, 0x0000000084400000| Untracked 
|  69|0x0000000084500000, 0x0000000084600000, 0x0000000084600000|100%| O|  |TAMS 0x0000000084600000, 0x0000000084500000| Untracked 
|  70|0x0000000084600000, 0x0000000084700000, 0x0000000084700000|100%| O|  |TAMS 0x0000000084700000, 0x0000000084600000| Untracked 
|  71|0x0000000084700000, 0x0000000084800000, 0x0000000084800000|100%| O|  |TAMS 0x0000000084800000, 0x0000000084700000| Untracked 
|  72|0x0000000084800000, 0x0000000084900000, 0x0000000084900000|100%| O|  |TAMS 0x0000000084800000, 0x0000000084800000| Untracked 
|  73|0x0000000084900000, 0x0000000084a00000, 0x0000000084a00000|100%| O|  |TAMS 0x0000000084a00000, 0x0000000084900000| Untracked 
|  74|0x0000000084a00000, 0x0000000084b00000, 0x0000000084b00000|100%| O|  |TAMS 0x0000000084b00000, 0x0000000084a00000| Untracked 
|  75|0x0000000084b00000, 0x0000000084c00000, 0x0000000084c00000|100%| O|  |TAMS 0x0000000084c00000, 0x0000000084b00000| Untracked 
|  76|0x0000000084c00000, 0x0000000084d00000, 0x0000000084d00000|100%| O|  |TAMS 0x0000000084d00000, 0x0000000084c00000| Untracked 
|  77|0x0000000084d00000, 0x0000000084e00000, 0x0000000084e00000|100%| O|  |TAMS 0x0000000084e00000, 0x0000000084d00000| Untracked 
|  78|0x0000000084e00000, 0x0000000084f00000, 0x0000000084f00000|100%| O|  |TAMS 0x0000000084f00000, 0x0000000084e00000| Untracked 
|  79|0x0000000084f00000, 0x0000000085000000, 0x0000000085000000|100%| O|  |TAMS 0x0000000085000000, 0x0000000084f00000| Untracked 
|  80|0x0000000085000000, 0x0000000085100000, 0x0000000085100000|100%| O|  |TAMS 0x0000000085100000, 0x0000000085000000| Untracked 
|  81|0x0000000085100000, 0x0000000085200000, 0x0000000085200000|100%| O|  |TAMS 0x0000000085200000, 0x0000000085100000| Untracked 
|  82|0x0000000085200000, 0x0000000085300000, 0x0000000085300000|100%| O|  |TAMS 0x0000000085300000, 0x0000000085200000| Untracked 
|  83|0x0000000085300000, 0x0000000085400000, 0x0000000085400000|100%| O|  |TAMS 0x0000000085400000, 0x0000000085300000| Untracked 
|  84|0x0000000085400000, 0x0000000085500000, 0x0000000085500000|100%| O|  |TAMS 0x0000000085500000, 0x0000000085400000| Untracked 
|  85|0x0000000085500000, 0x0000000085600000, 0x0000000085600000|100%| O|  |TAMS 0x0000000085600000, 0x0000000085500000| Untracked 
|  86|0x0000000085600000, 0x0000000085700000, 0x0000000085700000|100%| O|  |TAMS 0x0000000085700000, 0x0000000085600000| Untracked 
|  87|0x0000000085700000, 0x0000000085800000, 0x0000000085800000|100%| O|  |TAMS 0x0000000085800000, 0x0000000085700000| Untracked 
|  88|0x0000000085800000, 0x0000000085900000, 0x0000000085900000|100%| O|  |TAMS 0x0000000085900000, 0x0000000085800000| Untracked 
|  89|0x0000000085900000, 0x0000000085a00000, 0x0000000085a00000|100%| O|  |TAMS 0x0000000085a00000, 0x0000000085900000| Untracked 
|  90|0x0000000085a00000, 0x0000000085b00000, 0x0000000085b00000|100%| O|  |TAMS 0x0000000085b00000, 0x0000000085a00000| Untracked 
|  91|0x0000000085b00000, 0x0000000085c00000, 0x0000000085c00000|100%| O|  |TAMS 0x0000000085c00000, 0x0000000085b00000| Untracked 
|  92|0x0000000085c00000, 0x0000000085d00000, 0x0000000085d00000|100%| O|  |TAMS 0x0000000085d00000, 0x0000000085c00000| Untracked 
|  93|0x0000000085d00000, 0x0000000085e00000, 0x0000000085e00000|100%| O|  |TAMS 0x0000000085e00000, 0x0000000085d00000| Untracked 
|  94|0x0000000085e00000, 0x0000000085f00000, 0x0000000085f00000|100%| O|  |TAMS 0x0000000085f00000, 0x0000000085e00000| Untracked 
|  95|0x0000000085f00000, 0x0000000086000000, 0x0000000086000000|100%| O|  |TAMS 0x0000000086000000, 0x0000000085f00000| Untracked 
|  96|0x0000000086000000, 0x0000000086100000, 0x0000000086100000|100%| O|  |TAMS 0x0000000086100000, 0x0000000086000000| Untracked 
|  97|0x0000000086100000, 0x0000000086200000, 0x0000000086200000|100%| O|  |TAMS 0x0000000086100000, 0x0000000086100000| Untracked 
|  98|0x0000000086200000, 0x0000000086300000, 0x0000000086300000|100%| O|  |TAMS 0x0000000086300000, 0x0000000086200000| Untracked 
|  99|0x0000000086300000, 0x0000000086400000, 0x0000000086400000|100%| O|  |TAMS 0x0000000086335600, 0x0000000086300000| Untracked 
| 100|0x0000000086400000, 0x0000000086500000, 0x0000000086500000|100%| O|  |TAMS 0x0000000086400000, 0x0000000086400000| Untracked 
| 101|0x0000000086500000, 0x0000000086600000, 0x0000000086600000|100%| O|  |TAMS 0x0000000086500000, 0x0000000086500000| Untracked 
| 102|0x0000000086600000, 0x0000000086700000, 0x0000000086700000|100%| O|  |TAMS 0x0000000086600000, 0x0000000086600000| Untracked 
| 103|0x0000000086700000, 0x0000000086800000, 0x0000000086800000|100%| O|  |TAMS 0x0000000086700000, 0x0000000086700000| Untracked 
| 104|0x0000000086800000, 0x0000000086900000, 0x0000000086900000|100%| O|  |TAMS 0x0000000086800000, 0x0000000086800000| Untracked 
| 105|0x0000000086900000, 0x0000000086a00000, 0x0000000086a00000|100%| O|  |TAMS 0x0000000086900000, 0x0000000086900000| Untracked 
| 106|0x0000000086a00000, 0x0000000086b00000, 0x0000000086b00000|100%| O|  |TAMS 0x0000000086a00000, 0x0000000086a00000| Untracked 
| 107|0x0000000086b00000, 0x0000000086c00000, 0x0000000086c00000|100%| O|  |TAMS 0x0000000086c00000, 0x0000000086b00000| Untracked 
| 108|0x0000000086c00000, 0x0000000086d00000, 0x0000000086d00000|100%|HS|  |TAMS 0x0000000086c00000, 0x0000000086c00000| Complete 
| 109|0x0000000086d00000, 0x0000000086e00000, 0x0000000086e00000|100%|HC|  |TAMS 0x0000000086d00000, 0x0000000086d00000| Complete 
| 110|0x0000000086e00000, 0x0000000086f00000, 0x0000000086f00000|100%| O|  |TAMS 0x0000000086e00000, 0x0000000086e00000| Untracked 
| 111|0x0000000086f00000, 0x0000000087000000, 0x0000000087000000|100%| O|  |TAMS 0x0000000086f00000, 0x0000000086f00000| Untracked 
| 112|0x0000000087000000, 0x0000000087100000, 0x0000000087100000|100%| O|  |TAMS 0x0000000087100000, 0x0000000087000000| Untracked 
| 113|0x0000000087100000, 0x0000000087200000, 0x0000000087200000|100%| O|  |TAMS 0x0000000087100000, 0x0000000087100000| Untracked 
| 114|0x0000000087200000, 0x0000000087300000, 0x0000000087300000|100%| O|  |TAMS 0x0000000087300000, 0x0000000087200000| Untracked 
| 115|0x0000000087300000, 0x0000000087400000, 0x0000000087400000|100%| O|  |TAMS 0x0000000087300000, 0x0000000087300000| Untracked 
| 116|0x0000000087400000, 0x0000000087500000, 0x0000000087500000|100%| O|  |TAMS 0x0000000087400000, 0x0000000087400000| Untracked 
| 117|0x0000000087500000, 0x0000000087600000, 0x0000000087600000|100%| O|  |TAMS 0x0000000087500000, 0x0000000087500000| Untracked 
| 118|0x0000000087600000, 0x0000000087700000, 0x0000000087700000|100%| O|  |TAMS 0x0000000087600000, 0x0000000087600000| Untracked 
| 119|0x0000000087700000, 0x0000000087800000, 0x0000000087800000|100%| O|  |TAMS 0x0000000087700000, 0x0000000087700000| Untracked 
| 120|0x0000000087800000, 0x0000000087900000, 0x0000000087900000|100%| O|  |TAMS 0x0000000087800000, 0x0000000087800000| Untracked 
| 121|0x0000000087900000, 0x0000000087a00000, 0x0000000087a00000|100%| O|  |TAMS 0x0000000087900000, 0x0000000087900000| Untracked 
| 122|0x0000000087a00000, 0x0000000087b00000, 0x0000000087b00000|100%| O|  |TAMS 0x0000000087a00000, 0x0000000087a00000| Untracked 
| 123|0x0000000087b00000, 0x0000000087c00000, 0x0000000087c00000|100%| O|  |TAMS 0x0000000087b00000, 0x0000000087b00000| Untracked 
| 124|0x0000000087c00000, 0x0000000087d00000, 0x0000000087d00000|100%| O|  |TAMS 0x0000000087c00000, 0x0000000087c00000| Untracked 
| 125|0x0000000087d00000, 0x0000000087e00000, 0x0000000087e00000|100%| O|  |TAMS 0x0000000087d00000, 0x0000000087d00000| Untracked 
| 126|0x0000000087e00000, 0x0000000087f00000, 0x0000000087f00000|100%| O|  |TAMS 0x0000000087e00000, 0x0000000087e00000| Untracked 
| 127|0x0000000087f00000, 0x0000000088000000, 0x0000000088000000|100%| O|  |TAMS 0x0000000087f00000, 0x0000000087f00000| Untracked 
| 128|0x0000000088000000, 0x0000000088100000, 0x0000000088100000|100%| O|  |TAMS 0x0000000088000000, 0x0000000088000000| Untracked 
| 129|0x0000000088100000, 0x0000000088200000, 0x0000000088200000|100%| O|  |TAMS 0x0000000088100000, 0x0000000088100000| Untracked 
| 130|0x0000000088200000, 0x0000000088300000, 0x0000000088300000|100%| O|  |TAMS 0x0000000088200000, 0x0000000088200000| Untracked 
| 131|0x0000000088300000, 0x0000000088400000, 0x0000000088400000|100%| O|  |TAMS 0x0000000088300000, 0x0000000088300000| Untracked 
| 132|0x0000000088400000, 0x0000000088500000, 0x0000000088500000|100%| O|  |TAMS 0x0000000088400000, 0x0000000088400000| Untracked 
| 133|0x0000000088500000, 0x0000000088600000, 0x0000000088600000|100%| O|  |TAMS 0x0000000088500000, 0x0000000088500000| Untracked 
| 134|0x0000000088600000, 0x0000000088700000, 0x0000000088700000|100%| O|  |TAMS 0x0000000088600000, 0x0000000088600000| Untracked 
| 135|0x0000000088700000, 0x0000000088800000, 0x0000000088800000|100%| O|  |TAMS 0x0000000088700000, 0x0000000088700000| Untracked 
| 136|0x0000000088800000, 0x0000000088900000, 0x0000000088900000|100%| O|  |TAMS 0x0000000088800000, 0x0000000088800000| Untracked 
| 137|0x0000000088900000, 0x0000000088a00000, 0x0000000088a00000|100%| O|  |TAMS 0x0000000088900000, 0x0000000088900000| Untracked 
| 138|0x0000000088a00000, 0x0000000088b00000, 0x0000000088b00000|100%| O|  |TAMS 0x0000000088a00000, 0x0000000088a00000| Untracked 
| 139|0x0000000088b00000, 0x0000000088c00000, 0x0000000088c00000|100%| O|  |TAMS 0x0000000088b00000, 0x0000000088b00000| Untracked 
| 140|0x0000000088c00000, 0x0000000088d00000, 0x0000000088d00000|100%| O|  |TAMS 0x0000000088c00000, 0x0000000088c00000| Untracked 
| 141|0x0000000088d00000, 0x0000000088e00000, 0x0000000088e00000|100%| O|  |TAMS 0x0000000088d00000, 0x0000000088d00000| Untracked 
| 142|0x0000000088e00000, 0x0000000088f00000, 0x0000000088f00000|100%| O|  |TAMS 0x0000000088e00000, 0x0000000088e00000| Untracked 
| 143|0x0000000088f00000, 0x0000000089000000, 0x0000000089000000|100%| O|  |TAMS 0x0000000088f00000, 0x0000000088f00000| Untracked 
| 144|0x0000000089000000, 0x0000000089100000, 0x0000000089100000|100%| O|  |TAMS 0x0000000089000000, 0x0000000089000000| Untracked 
| 145|0x0000000089100000, 0x0000000089200000, 0x0000000089200000|100%| O|  |TAMS 0x0000000089100000, 0x0000000089100000| Untracked 
| 146|0x0000000089200000, 0x0000000089300000, 0x0000000089300000|100%| O|  |TAMS 0x0000000089200000, 0x0000000089200000| Untracked 
| 147|0x0000000089300000, 0x0000000089400000, 0x0000000089400000|100%| O|  |TAMS 0x0000000089300000, 0x0000000089300000| Untracked 
| 148|0x0000000089400000, 0x0000000089500000, 0x0000000089500000|100%| O|  |TAMS 0x0000000089400000, 0x0000000089400000| Untracked 
| 149|0x0000000089500000, 0x0000000089600000, 0x0000000089600000|100%| O|  |TAMS 0x0000000089500000, 0x0000000089500000| Untracked 
| 150|0x0000000089600000, 0x0000000089700000, 0x0000000089700000|100%| O|  |TAMS 0x0000000089600000, 0x0000000089600000| Untracked 
| 151|0x0000000089700000, 0x0000000089800000, 0x0000000089800000|100%| O|  |TAMS 0x0000000089700000, 0x0000000089700000| Untracked 
| 152|0x0000000089800000, 0x0000000089900000, 0x0000000089900000|100%| O|  |TAMS 0x0000000089800000, 0x0000000089800000| Untracked 
| 153|0x0000000089900000, 0x0000000089a00000, 0x0000000089a00000|100%| O|  |TAMS 0x0000000089900000, 0x0000000089900000| Untracked 
| 154|0x0000000089a00000, 0x0000000089b00000, 0x0000000089b00000|100%| O|  |TAMS 0x0000000089a00000, 0x0000000089a00000| Untracked 
| 155|0x0000000089b00000, 0x0000000089c00000, 0x0000000089c00000|100%| O|  |TAMS 0x0000000089b00000, 0x0000000089b00000| Untracked 
| 156|0x0000000089c00000, 0x0000000089d00000, 0x0000000089d00000|100%| O|  |TAMS 0x0000000089c00000, 0x0000000089c00000| Untracked 
| 157|0x0000000089d00000, 0x0000000089e00000, 0x0000000089e00000|100%| O|  |TAMS 0x0000000089d00000, 0x0000000089d00000| Untracked 
| 158|0x0000000089e00000, 0x0000000089f00000, 0x0000000089f00000|100%| O|  |TAMS 0x0000000089e00000, 0x0000000089e00000| Untracked 
| 159|0x0000000089f00000, 0x000000008a000000, 0x000000008a000000|100%| O|  |TAMS 0x0000000089f00000, 0x0000000089f00000| Untracked 
| 160|0x000000008a000000, 0x000000008a100000, 0x000000008a100000|100%| O|  |TAMS 0x000000008a000000, 0x000000008a000000| Untracked 
| 161|0x000000008a100000, 0x000000008a200000, 0x000000008a200000|100%| O|  |TAMS 0x000000008a100000, 0x000000008a100000| Untracked 
| 162|0x000000008a200000, 0x000000008a300000, 0x000000008a300000|100%| O|  |TAMS 0x000000008a200000, 0x000000008a200000| Untracked 
| 163|0x000000008a300000, 0x000000008a400000, 0x000000008a400000|100%| O|  |TAMS 0x000000008a300000, 0x000000008a300000| Untracked 
| 164|0x000000008a400000, 0x000000008a500000, 0x000000008a500000|100%| O|  |TAMS 0x000000008a400000, 0x000000008a400000| Untracked 
| 165|0x000000008a500000, 0x000000008a600000, 0x000000008a600000|100%| O|  |TAMS 0x000000008a500000, 0x000000008a500000| Untracked 
| 166|0x000000008a600000, 0x000000008a700000, 0x000000008a700000|100%| O|  |TAMS 0x000000008a600000, 0x000000008a600000| Untracked 
| 167|0x000000008a700000, 0x000000008a800000, 0x000000008a800000|100%| O|  |TAMS 0x000000008a700000, 0x000000008a700000| Untracked 
| 168|0x000000008a800000, 0x000000008a900000, 0x000000008a900000|100%| O|  |TAMS 0x000000008a800000, 0x000000008a800000| Untracked 
| 169|0x000000008a900000, 0x000000008aa00000, 0x000000008aa00000|100%| O|  |TAMS 0x000000008a900000, 0x000000008a900000| Untracked 
| 170|0x000000008aa00000, 0x000000008ab00000, 0x000000008ab00000|100%| O|  |TAMS 0x000000008aa00000, 0x000000008aa00000| Untracked 
| 171|0x000000008ab00000, 0x000000008aba0e00, 0x000000008ac00000| 62%| O|  |TAMS 0x000000008ab00000, 0x000000008ab00000| Untracked 
| 172|0x000000008ac00000, 0x000000008ac00000, 0x000000008ad00000|  0%| F|  |TAMS 0x000000008ac00000, 0x000000008ac00000| Untracked 
| 173|0x000000008ad00000, 0x000000008ad00000, 0x000000008ae00000|  0%| F|  |TAMS 0x000000008ad00000, 0x000000008ad00000| Untracked 
| 174|0x000000008ae00000, 0x000000008ae00000, 0x000000008af00000|  0%| F|  |TAMS 0x000000008ae00000, 0x000000008ae00000| Untracked 
| 175|0x000000008af00000, 0x000000008af00000, 0x000000008b000000|  0%| F|  |TAMS 0x000000008af00000, 0x000000008af00000| Untracked 
| 176|0x000000008b000000, 0x000000008b000000, 0x000000008b100000|  0%| F|  |TAMS 0x000000008b000000, 0x000000008b000000| Untracked 
| 177|0x000000008b100000, 0x000000008b100000, 0x000000008b200000|  0%| F|  |TAMS 0x000000008b100000, 0x000000008b100000| Untracked 
| 178|0x000000008b200000, 0x000000008b200000, 0x000000008b300000|  0%| F|  |TAMS 0x000000008b200000, 0x000000008b200000| Untracked 
| 179|0x000000008b300000, 0x000000008b300000, 0x000000008b400000|  0%| F|  |TAMS 0x000000008b300000, 0x000000008b300000| Untracked 
| 180|0x000000008b400000, 0x000000008b400000, 0x000000008b500000|  0%| F|  |TAMS 0x000000008b400000, 0x000000008b400000| Untracked 
| 181|0x000000008b500000, 0x000000008b500000, 0x000000008b600000|  0%| F|  |TAMS 0x000000008b500000, 0x000000008b500000| Untracked 
| 182|0x000000008b600000, 0x000000008b600000, 0x000000008b700000|  0%| F|  |TAMS 0x000000008b600000, 0x000000008b600000| Untracked 
| 183|0x000000008b700000, 0x000000008b700000, 0x000000008b800000|  0%| F|  |TAMS 0x000000008b700000, 0x000000008b700000| Untracked 
| 184|0x000000008b800000, 0x000000008b800000, 0x000000008b900000|  0%| F|  |TAMS 0x000000008b800000, 0x000000008b800000| Untracked 
| 185|0x000000008b900000, 0x000000008b900000, 0x000000008ba00000|  0%| F|  |TAMS 0x000000008b900000, 0x000000008b900000| Untracked 
| 186|0x000000008ba00000, 0x000000008ba00000, 0x000000008bb00000|  0%| F|  |TAMS 0x000000008ba00000, 0x000000008ba00000| Untracked 
| 187|0x000000008bb00000, 0x000000008bb00000, 0x000000008bc00000|  0%| F|  |TAMS 0x000000008bb00000, 0x000000008bb00000| Untracked 
| 188|0x000000008bc00000, 0x000000008bc00000, 0x000000008bd00000|  0%| F|  |TAMS 0x000000008bc00000, 0x000000008bc00000| Untracked 
| 189|0x000000008bd00000, 0x000000008bd00000, 0x000000008be00000|  0%| F|  |TAMS 0x000000008bd00000, 0x000000008bd00000| Untracked 
| 190|0x000000008be00000, 0x000000008be00000, 0x000000008bf00000|  0%| F|  |TAMS 0x000000008be00000, 0x000000008be00000| Untracked 
| 191|0x000000008bf00000, 0x000000008bf00000, 0x000000008c000000|  0%| F|  |TAMS 0x000000008bf00000, 0x000000008bf00000| Untracked 
| 192|0x000000008c000000, 0x000000008c000000, 0x000000008c100000|  0%| F|  |TAMS 0x000000008c000000, 0x000000008c000000| Untracked 
| 193|0x000000008c100000, 0x000000008c100000, 0x000000008c200000|  0%| F|  |TAMS 0x000000008c100000, 0x000000008c100000| Untracked 
| 194|0x000000008c200000, 0x000000008c200000, 0x000000008c300000|  0%| F|  |TAMS 0x000000008c200000, 0x000000008c200000| Untracked 
| 195|0x000000008c300000, 0x000000008c300000, 0x000000008c400000|  0%| F|  |TAMS 0x000000008c300000, 0x000000008c300000| Untracked 
| 196|0x000000008c400000, 0x000000008c400000, 0x000000008c500000|  0%| F|  |TAMS 0x000000008c400000, 0x000000008c400000| Untracked 
| 197|0x000000008c500000, 0x000000008c500000, 0x000000008c600000|  0%| F|  |TAMS 0x000000008c500000, 0x000000008c500000| Untracked 
| 198|0x000000008c600000, 0x000000008c600000, 0x000000008c700000|  0%| F|  |TAMS 0x000000008c600000, 0x000000008c600000| Untracked 
| 199|0x000000008c700000, 0x000000008c700000, 0x000000008c800000|  0%| F|  |TAMS 0x000000008c700000, 0x000000008c700000| Untracked 
| 200|0x000000008c800000, 0x000000008c800000, 0x000000008c900000|  0%| F|  |TAMS 0x000000008c800000, 0x000000008c800000| Untracked 
| 201|0x000000008c900000, 0x000000008c900000, 0x000000008ca00000|  0%| F|  |TAMS 0x000000008c900000, 0x000000008c900000| Untracked 
| 202|0x000000008ca00000, 0x000000008cb00000, 0x000000008cb00000|100%| S|CS|TAMS 0x000000008ca00000, 0x000000008ca00000| Complete 
| 203|0x000000008cb00000, 0x000000008cc00000, 0x000000008cc00000|100%| S|CS|TAMS 0x000000008cb00000, 0x000000008cb00000| Complete 
| 204|0x000000008cc00000, 0x000000008cc00000, 0x000000008cd00000|  0%| F|  |TAMS 0x000000008cc00000, 0x000000008cc00000| Untracked 
| 205|0x000000008cd00000, 0x000000008ce00000, 0x000000008ce00000|100%| S|CS|TAMS 0x000000008cd00000, 0x000000008cd00000| Complete 
| 206|0x000000008ce00000, 0x000000008cf00000, 0x000000008cf00000|100%| S|CS|TAMS 0x000000008ce00000, 0x000000008ce00000| Complete 
| 207|0x000000008cf00000, 0x000000008d000000, 0x000000008d000000|100%| S|CS|TAMS 0x000000008cf00000, 0x000000008cf00000| Complete 
| 208|0x000000008d000000, 0x000000008d000000, 0x000000008d100000|  0%| F|  |TAMS 0x000000008d000000, 0x000000008d000000| Untracked 
| 209|0x000000008d100000, 0x000000008d200000, 0x000000008d200000|100%| S|CS|TAMS 0x000000008d100000, 0x000000008d100000| Complete 
| 210|0x000000008d200000, 0x000000008d300000, 0x000000008d300000|100%| S|CS|TAMS 0x000000008d200000, 0x000000008d200000| Complete 
| 211|0x000000008d300000, 0x000000008d400000, 0x000000008d400000|100%| S|CS|TAMS 0x000000008d300000, 0x000000008d300000| Complete 
| 212|0x000000008d400000, 0x000000008d400000, 0x000000008d500000|  0%| F|  |TAMS 0x000000008d400000, 0x000000008d400000| Untracked 
| 213|0x000000008d500000, 0x000000008d500000, 0x000000008d600000|  0%| F|  |TAMS 0x000000008d500000, 0x000000008d500000| Untracked 
| 214|0x000000008d600000, 0x000000008d600000, 0x000000008d700000|  0%| F|  |TAMS 0x000000008d600000, 0x000000008d600000| Untracked 
| 215|0x000000008d700000, 0x000000008d700000, 0x000000008d800000|  0%| F|  |TAMS 0x000000008d700000, 0x000000008d700000| Untracked 
| 216|0x000000008d800000, 0x000000008d800000, 0x000000008d900000|  0%| F|  |TAMS 0x000000008d800000, 0x000000008d800000| Untracked 
| 217|0x000000008d900000, 0x000000008d900000, 0x000000008da00000|  0%| F|  |TAMS 0x000000008d900000, 0x000000008d900000| Untracked 
| 218|0x000000008da00000, 0x000000008da00000, 0x000000008db00000|  0%| F|  |TAMS 0x000000008da00000, 0x000000008da00000| Untracked 
| 219|0x000000008db00000, 0x000000008db00000, 0x000000008dc00000|  0%| F|  |TAMS 0x000000008db00000, 0x000000008db00000| Untracked 
| 220|0x000000008dc00000, 0x000000008dc00000, 0x000000008dd00000|  0%| F|  |TAMS 0x000000008dc00000, 0x000000008dc00000| Untracked 
| 221|0x000000008dd00000, 0x000000008dd00000, 0x000000008de00000|  0%| F|  |TAMS 0x000000008dd00000, 0x000000008dd00000| Untracked 
| 222|0x000000008de00000, 0x000000008de00000, 0x000000008df00000|  0%| F|  |TAMS 0x000000008de00000, 0x000000008de00000| Untracked 
| 223|0x000000008df00000, 0x000000008df00000, 0x000000008e000000|  0%| F|  |TAMS 0x000000008df00000, 0x000000008df00000| Untracked 
| 224|0x000000008e000000, 0x000000008e000000, 0x000000008e100000|  0%| F|  |TAMS 0x000000008e000000, 0x000000008e000000| Untracked 
| 225|0x000000008e100000, 0x000000008e100000, 0x000000008e200000|  0%| F|  |TAMS 0x000000008e100000, 0x000000008e100000| Untracked 
| 226|0x000000008e200000, 0x000000008e200000, 0x000000008e300000|  0%| F|  |TAMS 0x000000008e200000, 0x000000008e200000| Untracked 
| 227|0x000000008e300000, 0x000000008e300000, 0x000000008e400000|  0%| F|  |TAMS 0x000000008e300000, 0x000000008e300000| Untracked 
| 228|0x000000008e400000, 0x000000008e400000, 0x000000008e500000|  0%| F|  |TAMS 0x000000008e400000, 0x000000008e400000| Untracked 
| 229|0x000000008e500000, 0x000000008e500000, 0x000000008e600000|  0%| F|  |TAMS 0x000000008e500000, 0x000000008e500000| Untracked 
| 230|0x000000008e600000, 0x000000008e600000, 0x000000008e700000|  0%| F|  |TAMS 0x000000008e600000, 0x000000008e600000| Untracked 
| 231|0x000000008e700000, 0x000000008e700000, 0x000000008e800000|  0%| F|  |TAMS 0x000000008e700000, 0x000000008e700000| Untracked 
| 232|0x000000008e800000, 0x000000008e800000, 0x000000008e900000|  0%| F|  |TAMS 0x000000008e800000, 0x000000008e800000| Untracked 
| 233|0x000000008e900000, 0x000000008e900000, 0x000000008ea00000|  0%| F|  |TAMS 0x000000008e900000, 0x000000008e900000| Untracked 
| 234|0x000000008ea00000, 0x000000008ea00000, 0x000000008eb00000|  0%| F|  |TAMS 0x000000008ea00000, 0x000000008ea00000| Untracked 
| 235|0x000000008eb00000, 0x000000008eb00000, 0x000000008ec00000|  0%| F|  |TAMS 0x000000008eb00000, 0x000000008eb00000| Untracked 
| 236|0x000000008ec00000, 0x000000008ec00000, 0x000000008ed00000|  0%| F|  |TAMS 0x000000008ec00000, 0x000000008ec00000| Untracked 
| 237|0x000000008ed00000, 0x000000008ed00000, 0x000000008ee00000|  0%| F|  |TAMS 0x000000008ed00000, 0x000000008ed00000| Untracked 
| 238|0x000000008ee00000, 0x000000008ee00000, 0x000000008ef00000|  0%| F|  |TAMS 0x000000008ee00000, 0x000000008ee00000| Untracked 
| 239|0x000000008ef00000, 0x000000008ef00000, 0x000000008f000000|  0%| F|  |TAMS 0x000000008ef00000, 0x000000008ef00000| Untracked 
| 240|0x000000008f000000, 0x000000008f000000, 0x000000008f100000|  0%| F|  |TAMS 0x000000008f000000, 0x000000008f000000| Untracked 
| 241|0x000000008f100000, 0x000000008f100000, 0x000000008f200000|  0%| F|  |TAMS 0x000000008f100000, 0x000000008f100000| Untracked 
| 242|0x000000008f200000, 0x000000008f200000, 0x000000008f300000|  0%| F|  |TAMS 0x000000008f200000, 0x000000008f200000| Untracked 
| 243|0x000000008f300000, 0x000000008f300000, 0x000000008f400000|  0%| F|  |TAMS 0x000000008f300000, 0x000000008f300000| Untracked 
| 244|0x000000008f400000, 0x000000008f400000, 0x000000008f500000|  0%| F|  |TAMS 0x000000008f400000, 0x000000008f400000| Untracked 
| 245|0x000000008f500000, 0x000000008f500000, 0x000000008f600000|  0%| F|  |TAMS 0x000000008f500000, 0x000000008f500000| Untracked 
| 246|0x000000008f600000, 0x000000008f600000, 0x000000008f700000|  0%| F|  |TAMS 0x000000008f600000, 0x000000008f600000| Untracked 
| 247|0x000000008f700000, 0x000000008f700000, 0x000000008f800000|  0%| F|  |TAMS 0x000000008f700000, 0x000000008f700000| Untracked 
| 248|0x000000008f800000, 0x000000008f800000, 0x000000008f900000|  0%| F|  |TAMS 0x000000008f800000, 0x000000008f800000| Untracked 
| 249|0x000000008f900000, 0x000000008f900000, 0x000000008fa00000|  0%| F|  |TAMS 0x000000008f900000, 0x000000008f900000| Untracked 
| 250|0x000000008fa00000, 0x000000008fa00000, 0x000000008fb00000|  0%| F|  |TAMS 0x000000008fa00000, 0x000000008fa00000| Untracked 
| 251|0x000000008fb00000, 0x000000008fb00000, 0x000000008fc00000|  0%| F|  |TAMS 0x000000008fb00000, 0x000000008fb00000| Untracked 
| 252|0x000000008fc00000, 0x000000008fc00000, 0x000000008fd00000|  0%| F|  |TAMS 0x000000008fc00000, 0x000000008fc00000| Untracked 
| 253|0x000000008fd00000, 0x000000008fd00000, 0x000000008fe00000|  0%| F|  |TAMS 0x000000008fd00000, 0x000000008fd00000| Untracked 
| 254|0x000000008fe00000, 0x000000008fe00000, 0x000000008ff00000|  0%| F|  |TAMS 0x000000008fe00000, 0x000000008fe00000| Untracked 
| 255|0x000000008ff00000, 0x000000008ff00000, 0x0000000090000000|  0%| F|  |TAMS 0x000000008ff00000, 0x000000008ff00000| Untracked 
| 256|0x0000000090000000, 0x0000000090000000, 0x0000000090100000|  0%| F|  |TAMS 0x0000000090000000, 0x0000000090000000| Untracked 
| 257|0x0000000090100000, 0x0000000090100000, 0x0000000090200000|  0%| F|  |TAMS 0x0000000090100000, 0x0000000090100000| Untracked 
| 258|0x0000000090200000, 0x0000000090200000, 0x0000000090300000|  0%| F|  |TAMS 0x0000000090200000, 0x0000000090200000| Untracked 
| 259|0x0000000090300000, 0x0000000090300000, 0x0000000090400000|  0%| F|  |TAMS 0x0000000090300000, 0x0000000090300000| Untracked 
| 260|0x0000000090400000, 0x0000000090400000, 0x0000000090500000|  0%| F|  |TAMS 0x0000000090400000, 0x0000000090400000| Untracked 
| 261|0x0000000090500000, 0x0000000090500000, 0x0000000090600000|  0%| F|  |TAMS 0x0000000090500000, 0x0000000090500000| Untracked 
| 262|0x0000000090600000, 0x0000000090600000, 0x0000000090700000|  0%| F|  |TAMS 0x0000000090600000, 0x0000000090600000| Untracked 
| 263|0x0000000090700000, 0x0000000090700000, 0x0000000090800000|  0%| F|  |TAMS 0x0000000090700000, 0x0000000090700000| Untracked 
| 264|0x0000000090800000, 0x0000000090800000, 0x0000000090900000|  0%| F|  |TAMS 0x0000000090800000, 0x0000000090800000| Untracked 
| 265|0x0000000090900000, 0x0000000090900000, 0x0000000090a00000|  0%| F|  |TAMS 0x0000000090900000, 0x0000000090900000| Untracked 
| 266|0x0000000090a00000, 0x0000000090a00000, 0x0000000090b00000|  0%| F|  |TAMS 0x0000000090a00000, 0x0000000090a00000| Untracked 

Card table byte_map: [0x000001d3e7bb0000,0x000001d3e7fb0000] _byte_map_base: 0x000001d3e77b0000

Marking Bits (Prev, Next): (CMBitMap*) 0x000001d3d0093768, (CMBitMap*) 0x000001d3d00937a0
 Prev Bits: [0x000001d3e83b0000, 0x000001d3ea3b0000)
 Next Bits: [0x000001d3ea3b0000, 0x000001d3ec3b0000)

Polling page: 0x000001d3ce010000

Metaspace:

Usage:
  Non-class:    105.79 MB capacity,   103.50 MB ( 98%) used,     1.86 MB (  2%) free+waste,   434.69 KB ( <1%) overhead. 
      Class:     16.88 MB capacity,    15.31 MB ( 91%) used,     1.38 MB (  8%) free+waste,   205.19 KB (  1%) overhead. 
       Both:    122.67 MB capacity,   118.81 MB ( 97%) used,     3.24 MB (  3%) free+waste,   639.88 KB ( <1%) overhead. 

Virtual space:
  Non-class space:      106.00 MB reserved,     105.83 MB (>99%) committed 
      Class space:      504.00 MB reserved,      17.00 MB (  3%) committed 
             Both:      610.00 MB reserved,     122.83 MB ( 20%) committed 

Chunk freelists:
   Non-Class:  40.00 KB
       Class:  23.00 KB
        Both:  63.00 KB

MaxMetaspaceSize: 512.00 MB
CompressedClassSpaceSize: 504.00 MB
Initial GC threshold: 20.80 MB
Current GC threshold: 179.71 MB
CDS: off

CodeHeap 'non-profiled nmethods': size=120064Kb used=12912Kb max_used=12912Kb free=107151Kb
 bounds [0x000001d3e0270000, 0x000001d3e0f10000, 0x000001d3e77b0000]
CodeHeap 'profiled nmethods': size=120000Kb used=43233Kb max_used=43233Kb free=76766Kb
 bounds [0x000001d3d8d40000, 0x000001d3db780000, 0x000001d3e0270000]
CodeHeap 'non-nmethods': size=5696Kb used=2425Kb max_used=2524Kb free=3270Kb
 bounds [0x000001d3d87b0000, 0x000001d3d8a40000, 0x000001d3d8d40000]
 total_blobs=18513 nmethods=17550 adapters=874
 compilation: enabled
              stopped_count=0, restarted_count=0
 full_count=0

Compilation events (20 events):
Event: 99.783 Thread 0x000001d3ef1e4000 18633       2       com.android.tools.r8.internal.D2::<init> (58 bytes)
Event: 99.784 Thread 0x000001d3ef1e4000 nmethod 18633 0x000001d3db762590 code [0x000001d3db7627e0, 0x000001d3db762b98]
Event: 99.786 Thread 0x000001d3ef1e4000 18634       2       com.android.tools.r8.internal.v1::f2 (14 bytes)
Event: 99.786 Thread 0x000001d3ef1e4000 nmethod 18634 0x000001d3db762e10 code [0x000001d3db762fc0, 0x000001d3db763128]
Event: 99.793 Thread 0x000001d3ef1e4000 18635       2       com.android.tools.r8.graph.z::c (41 bytes)
Event: 99.795 Thread 0x000001d3ef1e4000 nmethod 18635 0x000001d3db763210 code [0x000001d3db763460, 0x000001d3db763ff8]
Event: 99.827 Thread 0x000001d3ef1e4000 18636       2       com.android.tools.r8.internal.up::a (55 bytes)
Event: 99.828 Thread 0x000001d3ef1e4000 nmethod 18636 0x000001d3db764390 code [0x000001d3db764580, 0x000001d3db764998]
Event: 99.828 Thread 0x000001d3ef1e4000 18637       2       com.android.tools.r8.internal.tp::iterator (5 bytes)
Event: 99.828 Thread 0x000001d3ef1e4000 nmethod 18637 0x000001d3db764b90 code [0x000001d3db764d40, 0x000001d3db764e48]
Event: 99.828 Thread 0x000001d3ef1e4000 18638       2       com.android.tools.r8.internal.sp::<init> (15 bytes)
Event: 99.828 Thread 0x000001d3ef1e4000 nmethod 18638 0x000001d3db764f10 code [0x000001d3db7650c0, 0x000001d3db765258]
Event: 99.828 Thread 0x000001d3ef1e4000 18639       2       com.android.tools.r8.graph.E$a::hashCode (21 bytes)
Event: 99.828 Thread 0x000001d3ef1e4000 nmethod 18639 0x000001d3db765310 code [0x000001d3db7654c0, 0x000001d3db7655d8]
Event: 99.834 Thread 0x000001d3ef1e4000 18640       2       com.android.tools.r8.graph.B0$a::a (48 bytes)
Event: 99.835 Thread 0x000001d3ef1e4000 nmethod 18640 0x000001d3db765690 code [0x000001d3db765860, 0x000001d3db765ab8]
Event: 99.841 Thread 0x000001d3ef1e4000 18641       2       com.android.tools.r8.internal.k4$$Lambda$1863/0x0000000100faa840::test (16 bytes)
Event: 99.842 Thread 0x000001d3ef1e4000 nmethod 18641 0x000001d3db765c10 code [0x000001d3db765de0, 0x000001d3db766008]
Event: 99.855 Thread 0x000001d3ef1e4000 18644 %     3       com.android.tools.r8.internal.zz::b @ 19 (1748 bytes)
Event: 99.874 Thread 0x000001d3ef1e4000 nmethod 18644% 0x000001d3db766190 code [0x000001d3db7673a0, 0x000001d3db7742c8]

GC Heap History (20 events):
Event: 93.511 GC heap after
{Heap after GC invocations=86 (full 0):
 garbage-first heap   total 227328K, used 150528K [0x0000000080000000, 0x0000000100000000)
  region size 1024K, 7 young (7168K), 7 survivors (7168K)
 Metaspace       used 112807K, capacity 116022K, committed 116176K, reserved 618496K
  class space    used 14392K, capacity 15639K, committed 15744K, reserved 516096K
}
Event: 94.030 GC heap before
{Heap before GC invocations=86 (full 0):
 garbage-first heap   total 227328K, used 185344K [0x0000000080000000, 0x0000000100000000)
  region size 1024K, 41 young (41984K), 7 survivors (7168K)
 Metaspace       used 114379K, capacity 117784K, committed 118096K, reserved 618496K
  class space    used 14672K, capacity 16071K, committed 16128K, reserved 516096K
}
Event: 94.058 GC heap after
{Heap after GC invocations=87 (full 0):
 garbage-first heap   total 227328K, used 156813K [0x0000000080000000, 0x0000000100000000)
  region size 1024K, 6 young (6144K), 6 survivors (6144K)
 Metaspace       used 114379K, capacity 117784K, committed 118096K, reserved 618496K
  class space    used 14672K, capacity 16071K, committed 16128K, reserved 516096K
}
Event: 94.309 GC heap before
{Heap before GC invocations=87 (full 0):
 garbage-first heap   total 227328K, used 187533K [0x0000000080000000, 0x0000000100000000)
  region size 1024K, 36 young (36864K), 6 survivors (6144K)
 Metaspace       used 114839K, capacity 118277K, committed 118352K, reserved 618496K
  class space    used 14742K, capacity 16125K, committed 16128K, reserved 516096K
}
Event: 94.330 GC heap after
{Heap after GC invocations=88 (full 0):
 garbage-first heap   total 273408K, used 161792K [0x0000000080000000, 0x0000000100000000)
  region size 1024K, 5 young (5120K), 5 survivors (5120K)
 Metaspace       used 114839K, capacity 118277K, committed 118352K, reserved 618496K
  class space    used 14742K, capacity 16125K, committed 16128K, reserved 516096K
}
Event: 95.476 GC heap before
{Heap before GC invocations=88 (full 0):
 garbage-first heap   total 273408K, used 209920K [0x0000000080000000, 0x0000000100000000)
  region size 1024K, 53 young (54272K), 5 survivors (5120K)
 Metaspace       used 118274K, capacity 121915K, committed 122192K, reserved 622592K
  class space    used 15368K, capacity 16849K, committed 16896K, reserved 516096K
}
Event: 95.496 GC heap after
{Heap after GC invocations=89 (full 0):
 garbage-first heap   total 273408K, used 167458K [0x0000000080000000, 0x0000000100000000)
  region size 1024K, 6 young (6144K), 6 survivors (6144K)
 Metaspace       used 118274K, capacity 121915K, committed 122192K, reserved 622592K
  class space    used 15368K, capacity 16849K, committed 16896K, reserved 516096K
}
Event: 96.400 GC heap before
{Heap before GC invocations=89 (full 0):
 garbage-first heap   total 273408K, used 214562K [0x0000000080000000, 0x0000000100000000)
  region size 1024K, 53 young (54272K), 6 survivors (6144K)
 Metaspace       used 119097K, capacity 122695K, committed 122960K, reserved 622592K
  class space    used 15399K, capacity 16867K, committed 16896K, reserved 516096K
}
Event: 96.417 GC heap after
{Heap after GC invocations=90 (full 0):
 garbage-first heap   total 273408K, used 169981K [0x0000000080000000, 0x0000000100000000)
  region size 1024K, 3 young (3072K), 3 survivors (3072K)
 Metaspace       used 119097K, capacity 122695K, committed 122960K, reserved 622592K
  class space    used 15399K, capacity 16867K, committed 16896K, reserved 516096K
}
Event: 96.994 GC heap before
{Heap before GC invocations=90 (full 0):
 garbage-first heap   total 273408K, used 219133K [0x0000000080000000, 0x0000000100000000)
  region size 1024K, 51 young (52224K), 3 survivors (3072K)
 Metaspace       used 119259K, capacity 122953K, committed 123088K, reserved 622592K
  class space    used 15416K, capacity 16911K, committed 17024K, reserved 516096K
}
Event: 97.004 GC heap after
{Heap after GC invocations=91 (full 0):
 garbage-first heap   total 273408K, used 171005K [0x0000000080000000, 0x0000000100000000)
  region size 1024K, 4 young (4096K), 4 survivors (4096K)
 Metaspace       used 119259K, capacity 122953K, committed 123088K, reserved 622592K
  class space    used 15416K, capacity 16911K, committed 17024K, reserved 516096K
}
Event: 97.631 GC heap before
{Heap before GC invocations=91 (full 0):
 garbage-first heap   total 273408K, used 222205K [0x0000000080000000, 0x0000000100000000)
  region size 1024K, 54 young (55296K), 4 survivors (4096K)
 Metaspace       used 119525K, capacity 123224K, committed 123344K, reserved 622592K
  class space    used 15425K, capacity 16914K, committed 17024K, reserved 516096K
}
Event: 97.642 GC heap after
{Heap after GC invocations=92 (full 0):
 garbage-first heap   total 273408K, used 172491K [0x0000000080000000, 0x0000000100000000)
  region size 1024K, 4 young (4096K), 4 survivors (4096K)
 Metaspace       used 119525K, capacity 123224K, committed 123344K, reserved 622592K
  class space    used 15425K, capacity 16914K, committed 17024K, reserved 516096K
}
Event: 98.352 GC heap before
{Heap before GC invocations=92 (full 0):
 garbage-first heap   total 273408K, used 223691K [0x0000000080000000, 0x0000000100000000)
  region size 1024K, 54 young (55296K), 4 survivors (4096K)
 Metaspace       used 120452K, capacity 124209K, committed 124496K, reserved 624640K
  class space    used 15539K, capacity 17089K, committed 17152K, reserved 516096K
}
Event: 98.369 GC heap after
{Heap after GC invocations=93 (full 0):
 garbage-first heap   total 273408K, used 174178K [0x0000000080000000, 0x0000000100000000)
  region size 1024K, 5 young (5120K), 5 survivors (5120K)
 Metaspace       used 120452K, capacity 124209K, committed 124496K, reserved 624640K
  class space    used 15539K, capacity 17089K, committed 17152K, reserved 516096K
}
Event: 99.085 GC heap before
{Heap before GC invocations=93 (full 0):
 garbage-first heap   total 273408K, used 225378K [0x0000000080000000, 0x0000000100000000)
  region size 1024K, 56 young (57344K), 5 survivors (5120K)
 Metaspace       used 121491K, capacity 125298K, committed 125392K, reserved 624640K
  class space    used 15655K, capacity 17230K, committed 17280K, reserved 516096K
}
Event: 99.100 GC heap after
{Heap after GC invocations=94 (full 0):
 garbage-first heap   total 273408K, used 176082K [0x0000000080000000, 0x0000000100000000)
  region size 1024K, 6 young (6144K), 6 survivors (6144K)
 Metaspace       used 121491K, capacity 125298K, committed 125392K, reserved 624640K
  class space    used 15655K, capacity 17230K, committed 17280K, reserved 516096K
}
Event: 99.542 GC heap before
{Heap before GC invocations=94 (full 0):
 garbage-first heap   total 273408K, used 228306K [0x0000000080000000, 0x0000000100000000)
  region size 1024K, 57 young (58368K), 6 survivors (6144K)
 Metaspace       used 121626K, capacity 125537K, committed 125776K, reserved 624640K
  class space    used 15671K, capacity 17285K, committed 17408K, reserved 516096K
}
Event: 99.557 GC heap after
{Heap after GC invocations=95 (full 0):
 garbage-first heap   total 273408K, used 178176K [0x0000000080000000, 0x0000000100000000)
  region size 1024K, 6 young (6144K), 6 survivors (6144K)
 Metaspace       used 121626K, capacity 125537K, committed 125776K, reserved 624640K
  class space    used 15671K, capacity 17285K, committed 17408K, reserved 516096K
}
Event: 99.884 GC heap before
{Heap before GC invocations=95 (full 0):
 garbage-first heap   total 273408K, used 229376K [0x0000000080000000, 0x0000000100000000)
  region size 1024K, 57 young (58368K), 6 survivors (6144K)
 Metaspace       used 121661K, capacity 125617K, committed 125776K, reserved 624640K
  class space    used 15674K, capacity 17289K, committed 17408K, reserved 516096K
}

Deoptimization events (20 events):
Event: 99.500 Thread 0x000001d3f2248800 DEOPT PACKING pc=0x000001d3e0f04274 sp=0x000000bc9acf9420
Event: 99.500 Thread 0x000001d3f2248800 DEOPT UNPACKING pc=0x000001d3d87fa1af sp=0x000000bc9acf9448 mode 2
Event: 99.531 Thread 0x000001d3f2248800 DEOPT PACKING pc=0x000001d3db02a8c9 sp=0x000000bc9acf9e90
Event: 99.531 Thread 0x000001d3f2248800 DEOPT UNPACKING pc=0x000001d3d87fa95e sp=0x000000bc9acf93f8 mode 0
Event: 99.533 Thread 0x000001d3f2248800 DEOPT PACKING pc=0x000001d3db22cb34 sp=0x000000bc9acf99b0
Event: 99.533 Thread 0x000001d3f2248800 DEOPT UNPACKING pc=0x000001d3d87fa95e sp=0x000000bc9acf8ec0 mode 0
Event: 99.599 Thread 0x000001d3f2247000 DEOPT PACKING pc=0x000001d3db02c1f6 sp=0x000000bc9a9f9970
Event: 99.602 Thread 0x000001d3f2247000 DEOPT UNPACKING pc=0x000001d3d87fa95e sp=0x000000bc9a9f8f00 mode 0
Event: 99.612 Thread 0x000001d3f2247000 DEOPT PACKING pc=0x000001d3db261474 sp=0x000000bc9a9f98f0
Event: 99.612 Thread 0x000001d3f2247000 DEOPT UNPACKING pc=0x000001d3d87fa95e sp=0x000000bc9a9f8ec8 mode 0
Event: 99.691 Thread 0x000001d3f2248800 DEOPT PACKING pc=0x000001d3db63f03d sp=0x000000bc9acf94f0
Event: 99.691 Thread 0x000001d3f2248800 DEOPT UNPACKING pc=0x000001d3d87fa95e sp=0x000000bc9acf8a70 mode 0
Event: 99.712 Thread 0x000001d3f2248800 DEOPT PACKING pc=0x000001d3db282db1 sp=0x000000bc9acf99a0
Event: 99.712 Thread 0x000001d3f2248800 DEOPT UNPACKING pc=0x000001d3d87fa95e sp=0x000000bc9acf8eb0 mode 0
Event: 99.753 Thread 0x000001d3f2247800 Uncommon trap: trap_request=0xffffff4d fr.pc=0x000001d3e02a6e24 relative=0x0000000000000084
Event: 99.753 Thread 0x000001d3f2247800 Uncommon trap: reason=unstable_if action=reinterpret pc=0x000001d3e02a6e24 method=com.android.tools.r8.internal.Ye.d(I)Z @ 45 c2
Event: 99.753 Thread 0x000001d3f2247800 DEOPT PACKING pc=0x000001d3e02a6e24 sp=0x000000bc9aaf9c30
Event: 99.753 Thread 0x000001d3f2247800 DEOPT UNPACKING pc=0x000001d3d87fa1af sp=0x000000bc9aaf9bc0 mode 2
Event: 99.760 Thread 0x000001d3f2248800 DEOPT PACKING pc=0x000001d3daf2196a sp=0x000000bc9acf9500
Event: 99.760 Thread 0x000001d3f2248800 DEOPT UNPACKING pc=0x000001d3d87fa95e sp=0x000000bc9acf89b8 mode 0

Classes redefined (0 events):
No events

Internal exceptions (20 events):
Event: 93.877 Thread 0x000001d3f2248800 Exception <a 'java/lang/NoSuchMethodError'{0x000000008c328030}: 'java.lang.Object java.lang.invoke.DirectMethodHandle$Holder.invokeStatic(java.lang.Object, int, java.lang.Object, java.lang.Object)'> (0x000000008c328030) thrown at [./src/hotspot/share/interpreter/linkResolver.cpp, line 773]
Event: 94.400 Thread 0x000001d3f00af000 Exception <a 'java/lang/NoSuchMethodError'{0x000000009070fcc8}: 'java.lang.Object java.lang.invoke.DirectMethodHandle$Holder.invokeVirtual(java.lang.Object, java.lang.Object, int, java.lang.Object)'> (0x000000009070fcc8) thrown at [./src/hotspot/share/interpreter/linkResolver.cpp, line 773]
Event: 94.400 Thread 0x000001d3f2247800 Exception <a 'java/lang/NoSuchMethodError'{0x0000000090725228}: 'java.lang.Object java.lang.invoke.DirectMethodHandle$Holder.invokeVirtual(java.lang.Object, java.lang.Object, int, java.lang.Object)'> (0x0000000090725228) thrown at [./src/hotspot/share/interpreter/linkResolver.cpp, line 773]
Event: 94.540 Thread 0x000001d3f00af000 Exception <a 'java/lang/NoSuchMethodError'{0x000000008fb81098}: 'void java.lang.invoke.DirectMethodHandle$Holder.invokeVirtual(java.lang.Object, java.lang.Object, int, java.lang.Object)'> (0x000000008fb81098) thrown at [./src/hotspot/share/interpreter/linkResolver.cpp, line 773]
Event: 94.739 Thread 0x000001d3f2248800 Exception <a 'java/lang/NoSuchMethodError'{0x000000008f1354c8}: 'int java.lang.invoke.DirectMethodHandle$Holder.invokeSpecial(java.lang.Object, java.lang.Object, java.lang.Object, int, java.lang.Object)'> (0x000000008f1354c8) thrown at [./src/hotspot/share/interpreter/linkResolver.cpp, line 773]
Event: 94.739 Thread 0x000001d3f2247000 Exception <a 'java/lang/NoSuchMethodError'{0x000000008f2da030}: 'int java.lang.invoke.DirectMethodHandle$Holder.invokeSpecial(java.lang.Object, java.lang.Object, java.lang.Object, int, java.lang.Object)'> (0x000000008f2da030) thrown at [./src/hotspot/share/interpreter/linkResolver.cpp, line 773]
Event: 96.358 Thread 0x000001d3f00af000 Exception <a 'java/lang/NoSuchMethodError'{0x000000008dc62f18}: 'int java.lang.invoke.DirectMethodHandle$Holder.invokeInterface(java.lang.Object, java.lang.Object, int)'> (0x000000008dc62f18) thrown at [./src/hotspot/share/interpreter/linkResolver.cpp, line 773]
Event: 97.868 Thread 0x000001d3f2247800 Exception <a 'java/lang/IncompatibleClassChangeError'{0x000000008fbfae50}: Found class java.lang.Object, but interface was expected> (0x000000008fbfae50) thrown at [./src/hotspot/share/interpreter/linkResolver.cpp, line 839]
Event: 98.063 Thread 0x000001d3f00af000 Exception <a 'java/lang/NoSuchMethodError'{0x000000008efc58b0}: 'void java.lang.invoke.DirectMethodHandle$Holder.invokeSpecial(java.lang.Object, java.lang.Object, int, java.lang.Object, java.lang.Object, java.lang.Object, java.lang.Object)'> (0x000000008efc58b0) thrown at [./src/hotspot/share/interpreter/linkResolver.cpp, line 773]
Event: 98.066 Thread 0x000001d3f2247800 Exception <a 'java/lang/NoSuchMethodError'{0x000000008f69ade8}: 'java.lang.Object java.lang.invoke.Invokers$Holder.linkToTargetMethod(java.lang.Object, int, java.lang.Object, java.lang.Object, java.lang.Object, java.lang.Object)'> (0x000000008f69ade8) thrown at [./src/hotspot/share/interpreter/linkResolver.cpp, line 773]
Event: 98.067 Thread 0x000001d3f2247800 Exception <a 'java/lang/NoSuchMethodError'{0x000000008f69f298}: 'void java.lang.invoke.DirectMethodHandle$Holder.invokeSpecial(java.lang.Object, java.lang.Object, java.lang.Object, java.lang.Object, java.lang.Object, java.lang.Object, java.lang.Object, java.lang.Object, java.lang.Object)'> (0x000000008f69f298) thrown at [./src/hotspot/share/interpreter/linkResolver.cpp, line 773]
Event: 98.130 Thread 0x000001d3f00af000 Exception <a 'java/lang/NoSuchMethodError'{0x000000008eeb8878}: 'void java.lang.invoke.DirectMethodHandle$Holder.invokeStatic(java.lang.Object, java.lang.Object, java.lang.Object, java.lang.Object, java.lang.Object, java.lang.Object, java.lang.Object, java.lang.Object)'> (0x000000008eeb8878) thrown at [./src/hotspot/share/interpreter/linkResolver.cpp, line 773]
Event: 98.130 Thread 0x000001d3f2247800 Exception <a 'java/lang/NoSuchMethodError'{0x000000008f6b55d0}: 'void java.lang.invoke.DirectMethodHandle$Holder.invokeStatic(java.lang.Object, java.lang.Object, java.lang.Object, java.lang.Object, java.lang.Object, java.lang.Object, java.lang.Object, java.lang.Object)'> (0x000000008f6b55d0) thrown at [./src/hotspot/share/interpreter/linkResolver.cpp, line 773]
Event: 98.257 Thread 0x000001d3f2247000 Implicit null exception at 0x000001d3e041aaeb to 0x000001d3e041ab0c
Event: 98.551 Thread 0x000001d3f00af000 Exception <a 'java/lang/IncompatibleClassChangeError'{0x000000009046fbd8}: Found class java.lang.Object, but interface was expected> (0x000000009046fbd8) thrown at [./src/hotspot/share/interpreter/linkResolver.cpp, line 839]
Event: 98.987 Thread 0x000001d3f00af000 Exception <a 'java/lang/NoSuchMethodError'{0x000000008dfa06d0}: 'void java.lang.invoke.DirectMethodHandle$Holder.invokeVirtual(java.lang.Object, java.lang.Object, int)'> (0x000000008dfa06d0) thrown at [./src/hotspot/share/interpreter/linkResolver.cpp, line 773]
Event: 99.139 Thread 0x000001d3f2247800 Exception <a 'sun/nio/fs/WindowsException'{0x00000000908ecc30}> (0x00000000908ecc30) thrown at [./src/hotspot/share/prims/jni.cpp, line 617]
Event: 99.139 Thread 0x000001d3f00af000 Exception <a 'sun/nio/fs/WindowsException'{0x000000009076c138}> (0x000000009076c138) thrown at [./src/hotspot/share/prims/jni.cpp, line 617]
Event: 99.500 Thread 0x000001d3f2248800 Implicit null exception at 0x000001d3e0efde18 to 0x000001d3e0f04264
Event: 99.682 Thread 0x000001d3f2247800 Exception <a 'sun/nio/fs/WindowsException'{0x000000008f872d38}> (0x000000008f872d38) thrown at [./src/hotspot/share/prims/jni.cpp, line 617]

Events (20 events):
Event: 99.557 Executing VM operation: G1CollectForAllocation done
Event: 99.560 Executing VM operation: RevokeBias
Event: 99.561 Executing VM operation: RevokeBias done
Event: 99.880 loading class com/android/tools/r8/internal/GE
Event: 99.880 loading class com/android/tools/r8/internal/GE done
Event: 99.880 loading class com/android/tools/r8/internal/GE
Event: 99.880 loading class com/android/tools/r8/internal/GE done
Event: 99.880 loading class com/android/tools/r8/internal/FE
Event: 99.880 loading class com/android/tools/r8/internal/FE done
Event: 99.880 loading class com/android/tools/r8/code/W0
Event: 99.880 loading class com/android/tools/r8/code/W0 done
Event: 99.880 loading class com/android/tools/r8/code/W0
Event: 99.880 loading class com/android/tools/r8/code/W0 done
Event: 99.880 loading class com/android/tools/r8/code/W0
Event: 99.880 loading class com/android/tools/r8/code/W0 done
Event: 99.881 loading class com/android/tools/r8/code/W0
Event: 99.881 loading class com/android/tools/r8/code/W0 done
Event: 99.881 loading class com/android/tools/r8/code/W0
Event: 99.881 loading class com/android/tools/r8/code/W0 done
Event: 99.882 Executing VM operation: G1CollectForAllocation


Dynamic libraries:
0x00007ff70e300000 - 0x00007ff70e30d000 	C:\Program Files\OpenJDK\openjdk-11.0.15_10\bin\java.exe
0x00007ff9caeb0000 - 0x00007ff9cb0a7000 	C:\WINDOWS\SYSTEM32\ntdll.dll
0x00007ff9cac10000 - 0x00007ff9caccd000 	C:\WINDOWS\System32\KERNEL32.DLL
0x00007ff9c8810000 - 0x00007ff9c8add000 	C:\WINDOWS\System32\KERNELBASE.dll
0x00007ff9c8c80000 - 0x00007ff9c8d80000 	C:\WINDOWS\System32\ucrtbase.dll
0x00007ff9a56f0000 - 0x00007ff9a5706000 	C:\Program Files\OpenJDK\openjdk-11.0.15_10\bin\VCRUNTIME140.dll
0x00007ff9a5610000 - 0x00007ff9a5628000 	C:\Program Files\OpenJDK\openjdk-11.0.15_10\bin\jli.dll
0x00007ff9c9d10000 - 0x00007ff9c9eb0000 	C:\WINDOWS\System32\USER32.dll
0x00007ff9c8680000 - 0x00007ff9c86a2000 	C:\WINDOWS\System32\win32u.dll
0x00007ff9b8a90000 - 0x00007ff9b8d2a000 	C:\WINDOWS\WinSxS\amd64_microsoft.windows.common-controls_6595b64144ccf1df_6.0.19041.1110_none_60b5254171f9507e\COMCTL32.dll
0x00007ff9ca2c0000 - 0x00007ff9ca2ea000 	C:\WINDOWS\System32\GDI32.dll
0x00007ff9ca2f0000 - 0x00007ff9ca38e000 	C:\WINDOWS\System32\msvcrt.dll
0x00007ff9c8ae0000 - 0x00007ff9c8beb000 	C:\WINDOWS\System32\gdi32full.dll
0x00007ff9c8720000 - 0x00007ff9c87bd000 	C:\WINDOWS\System32\msvcp_win.dll
0x00007ff9c8f10000 - 0x00007ff9c8f40000 	C:\WINDOWS\System32\IMM32.DLL
0x00007ff989b40000 - 0x00007ff989bea000 	C:\Program Files\OpenJDK\openjdk-11.0.15_10\bin\msvcp140.dll
0x00007ff978240000 - 0x00007ff978d91000 	C:\Program Files\OpenJDK\openjdk-11.0.15_10\bin\server\jvm.dll
0x00007ff9c9560000 - 0x00007ff9c960e000 	C:\WINDOWS\System32\ADVAPI32.dll
0x00007ff9ca080000 - 0x00007ff9ca11c000 	C:\WINDOWS\System32\sechost.dll
0x00007ff9c9b30000 - 0x00007ff9c9c55000 	C:\WINDOWS\System32\RPCRT4.dll
0x00007ff9c9f10000 - 0x00007ff9c9f18000 	C:\WINDOWS\System32\PSAPI.DLL
0x00007ff9c02a0000 - 0x00007ff9c02a9000 	C:\WINDOWS\SYSTEM32\WSOCK32.dll
0x00007ff9bb4b0000 - 0x00007ff9bb4d7000 	C:\WINDOWS\SYSTEM32\WINMM.dll
0x00007ff9cacd0000 - 0x00007ff9cad3b000 	C:\WINDOWS\System32\WS2_32.dll
0x00007ff9bf190000 - 0x00007ff9bf19a000 	C:\WINDOWS\SYSTEM32\VERSION.dll
0x00007ff9c6eb0000 - 0x00007ff9c6ec2000 	C:\WINDOWS\SYSTEM32\kernel.appcore.dll
0x00007ff9a51a0000 - 0x00007ff9a51b1000 	C:\Program Files\OpenJDK\openjdk-11.0.15_10\bin\verify.dll
0x00007ff9c6b70000 - 0x00007ff9c6d54000 	C:\WINDOWS\SYSTEM32\DBGHELP.DLL
0x00007ff9c25c0000 - 0x00007ff9c25ec000 	C:\WINDOWS\SYSTEM32\dbgcore.DLL
0x00007ff9c8bf0000 - 0x00007ff9c8c72000 	C:\WINDOWS\System32\bcryptPrimitives.dll
0x00007ff9a5170000 - 0x00007ff9a5199000 	C:\Program Files\OpenJDK\openjdk-11.0.15_10\bin\java.dll
0x00007ff9a9a10000 - 0x00007ff9a9a1a000 	C:\Program Files\OpenJDK\openjdk-11.0.15_10\bin\jimage.dll
0x00007ff9a3bf0000 - 0x00007ff9a3c08000 	C:\Program Files\OpenJDK\openjdk-11.0.15_10\bin\zip.dll
0x00007ff9ca440000 - 0x00007ff9cab84000 	C:\WINDOWS\System32\SHELL32.dll
0x00007ff9c63d0000 - 0x00007ff9c6b64000 	C:\WINDOWS\SYSTEM32\windows.storage.dll
0x00007ff9c9690000 - 0x00007ff9c99e4000 	C:\WINDOWS\System32\combase.dll
0x00007ff9c8030000 - 0x00007ff9c805c000 	C:\WINDOWS\SYSTEM32\Wldp.dll
0x00007ff9ca390000 - 0x00007ff9ca43d000 	C:\WINDOWS\System32\SHCORE.dll
0x00007ff9c9eb0000 - 0x00007ff9c9f05000 	C:\WINDOWS\System32\shlwapi.dll
0x00007ff9c8510000 - 0x00007ff9c852f000 	C:\WINDOWS\SYSTEM32\profapi.dll
0x00007ff9a3bd0000 - 0x00007ff9a3be9000 	C:\Program Files\OpenJDK\openjdk-11.0.15_10\bin\net.dll
0x00007ff9c00d0000 - 0x00007ff9c01da000 	C:\WINDOWS\SYSTEM32\WINHTTP.dll
0x00007ff9c7d90000 - 0x00007ff9c7dfa000 	C:\WINDOWS\system32\mswsock.dll
0x00007ff9a31a0000 - 0x00007ff9a31b3000 	C:\Program Files\OpenJDK\openjdk-11.0.15_10\bin\nio.dll
0x00007ff9c3f60000 - 0x00007ff9c3f87000 	C:\Users\Tom\.gradle\native\e1d6ef7f7dcc3fd88c89a11ec53ec762bb8ba0a96d01ffa2cd45eb1d1d8dd5c5\windows-amd64\native-platform.dll
0x00007ff989900000 - 0x00007ff989a44000 	C:\Users\Tom\.gradle\native\5664cfc778a61ccfe75a443a1ab52a65af34e5dc3c78e0209fed803814484fcb\windows-amd64\native-platform-file-events.dll
0x00007ff9a9a20000 - 0x00007ff9a9a29000 	C:\Program Files\OpenJDK\openjdk-11.0.15_10\bin\management.dll
0x00007ff9a6560000 - 0x00007ff9a656c000 	C:\Program Files\OpenJDK\openjdk-11.0.15_10\bin\management_ext.dll
0x00007ff9c7f80000 - 0x00007ff9c7f98000 	C:\WINDOWS\SYSTEM32\CRYPTSP.dll
0x00007ff9c7640000 - 0x00007ff9c7674000 	C:\WINDOWS\system32\rsaenh.dll
0x00007ff9c8d80000 - 0x00007ff9c8da7000 	C:\WINDOWS\System32\bcrypt.dll
0x00007ff9c8490000 - 0x00007ff9c84be000 	C:\WINDOWS\SYSTEM32\USERENV.dll
0x00007ff9c7fa0000 - 0x00007ff9c7fac000 	C:\WINDOWS\SYSTEM32\CRYPTBASE.dll
0x00007ff9c7a30000 - 0x00007ff9c7a6b000 	C:\WINDOWS\SYSTEM32\IPHLPAPI.DLL
0x00007ff9cad40000 - 0x00007ff9cad48000 	C:\WINDOWS\System32\NSI.dll
0x00007ff9c0490000 - 0x00007ff9c04a7000 	C:\WINDOWS\SYSTEM32\dhcpcsvc6.DLL
0x00007ff9c0eb0000 - 0x00007ff9c0ecd000 	C:\WINDOWS\SYSTEM32\dhcpcsvc.DLL
0x00007ff9c7ac0000 - 0x00007ff9c7b8b000 	C:\WINDOWS\SYSTEM32\DNSAPI.dll

dbghelp: loaded successfully - version: 4.0.5 - missing functions: none
symbol engine: initialized successfully - sym options: 0x614 - pdb path: .;C:\Program Files\OpenJDK\openjdk-11.0.15_10\bin;C:\WINDOWS\SYSTEM32;C:\WINDOWS\WinSxS\amd64_microsoft.windows.common-controls_6595b64144ccf1df_6.0.19041.1110_none_60b5254171f9507e;C:\Program Files\OpenJDK\openjdk-11.0.15_10\bin\server;C:\Users\Tom\.gradle\native\e1d6ef7f7dcc3fd88c89a11ec53ec762bb8ba0a96d01ffa2cd45eb1d1d8dd5c5\windows-amd64;C:\Users\Tom\.gradle\native\5664cfc778a61ccfe75a443a1ab52a65af34e5dc3c78e0209fed803814484fcb\windows-amd64

VM Arguments:
jvm_args: -XX:MaxMetaspaceSize=512m --add-opens=java.base/java.util=ALL-UNNAMED --add-opens=java.base/java.lang=ALL-UNNAMED --add-opens=java.base/java.lang.invoke=ALL-UNNAMED --add-opens=java.base/java.util=ALL-UNNAMED --add-opens=java.prefs/java.util.prefs=ALL-UNNAMED --add-opens=java.prefs/java.util.prefs=ALL-UNNAMED --add-opens=java.base/java.nio.charset=ALL-UNNAMED --add-opens=java.base/java.net=ALL-UNNAMED --add-opens=java.base/java.util.concurrent.atomic=ALL-UNNAMED -Xmx2048m -Dfile.encoding=windows-1252 -Duser.country=GB -Duser.language=en -Duser.variant 
java_command: org.gradle.launcher.daemon.bootstrap.GradleDaemon 7.3.3
java_class_path (initial): C:\Users\Tom\.gradle\wrapper\dists\gradle-7.3.3-all\4295vidhdd9hd3gbjyw1xqxpo\gradle-7.3.3\lib\gradle-launcher-7.3.3.jar
Launcher Type: SUN_STANDARD

[Global flags]
     intx CICompilerCount                          = 3                                         {product} {ergonomic}
   size_t CompressedClassSpaceSize                 = 528482304                                 {product} {ergonomic}
     uint ConcGCThreads                            = 1                                         {product} {ergonomic}
     uint G1ConcRefinementThreads                  = 4                                         {product} {ergonomic}
   size_t G1HeapRegionSize                         = 1048576                                   {product} {ergonomic}
    uintx GCDrainStackTargetSize                   = 64                                        {product} {ergonomic}
   size_t InitialHeapSize                          = 134217728                                 {product} {ergonomic}
   size_t MarkStackSize                            = 4194304                                   {product} {ergonomic}
   size_t MaxHeapSize                              = 2147483648                                {product} {command line}
   size_t MaxMetaspaceSize                         = 536870912                                 {product} {command line}
   size_t MaxNewSize                               = 1287651328                                {product} {ergonomic}
   size_t MinHeapDeltaBytes                        = 1048576                                   {product} {ergonomic}
    uintx NonNMethodCodeHeapSize                   = 5830732                                {pd product} {ergonomic}
    uintx NonProfiledCodeHeapSize                  = 122913754                              {pd product} {ergonomic}
    uintx ProfiledCodeHeapSize                     = 122913754                              {pd product} {ergonomic}
    uintx ReservedCodeCacheSize                    = 251658240                              {pd product} {ergonomic}
     bool SegmentedCodeCache                       = true                                      {product} {ergonomic}
     bool UseCompressedClassPointers               = true                                 {lp64_product} {ergonomic}
     bool UseCompressedOops                        = true                                 {lp64_product} {ergonomic}
     bool UseG1GC                                  = true                                      {product} {ergonomic}
     bool UseLargePagesIndividualAllocation        = false                                  {pd product} {ergonomic}

Logging:
Log output configuration:
 #0: stdout all=warning uptime,level,tags
 #1: stderr all=off uptime,level,tags

Environment Variables:
JAVA_HOME=C:\Program Files\OpenJDK\openjdk-11.0.15_10
CLASSPATH=C:\Users\Tom\Documents\Programmation\React Native\projectRNcli\android\\gradle\wrapper\gradle-wrapper.jar
PATH=C:\Users\Tom\Documents\Programmation\React Native\projectRNcli\android\node_modules\.bin;C:\Users\Tom\Documents\Programmation\React Native\projectRNcli\node_modules\.bin;C:\Users\Tom\Documents\Programmation\React Native\node_modules\.bin;C:\Users\Tom\Documents\Programmation\node_modules\.bin;C:\Users\Tom\Documents\node_modules\.bin;C:\Users\Tom\node_modules\.bin;C:\Users\node_modules\.bin;C:\node_modules\.bin;C:\Program Files\nodejs;C:\Users\Tom\Documents\Programmation\React Native\projectRNcli\node_modules\.bin;C:\Users\Tom\Documents\Programmation\React Native\node_modules\.bin;C:\Users\Tom\Documents\Programmation\node_modules\.bin;C:\Users\Tom\Documents\node_modules\.bin;C:\Users\Tom\node_modules\.bin;C:\Users\node_modules\.bin;C:\node_modules\.bin;C:\Program Files\nodejs\node_modules\npm\node_modules\@npmcli\run-script\lib\node-gyp-bin;C:\Python310\Scripts\;C:\Python310\;C:\Program Files\Common Files\Oracle\Java\javapath;C:\Program Files (x86)\Intel\Intel(R) Management Engine Components\iCLS\;C:\Program Files\Intel\Intel(R) Management Engine Components\iCLS\;C:\windows\system32;C:\windows;C:\windows\System32\Wbem;C:\windows\System32\WindowsPowerShell\v1.0\;C:\Program Files (x86)\Intel\Intel(R) Management Engine Components\DAL;C:\Program Files\Intel\Intel(R) Management Engine Components\DAL;C:\Program Files (x86)\Intel\Intel(R) Management Engine Components\IPT;C:\Program Files\Intel\Intel(R) Management Engine Components\IPT;C:\Program Files (x86)\NVIDIA Corporation\PhysX\Common;C:\WINDOWS\system32;C:\WINDOWS;C:\WINDOWS\System32\Wbem;C:\WINDOWS\System32\WindowsPowerShell\v1.0\;C:\WINDOWS\System32\OpenSSH\;C:\Program Files\Microchip\xc8\v2.36\bin;C:\ProgramData\chocolatey\bin;C:\Program Files\OpenJDK\openjdk-11.0.15_10\bin;C:\Program Files\nodejs\;C:\Users\Tom\AppData\Local\Microsoft\WindowsApps;C:\Users\Tom\AppData\Local\Programs\Microsoft VS Code\bin;C:\Users\Tom\AppData\Local\Android\Sdk\platform-tools;C:\Users\Tom\AppData\Roaming\npm;C:\Users\Tom\Documents\Pro
USERNAME=Tom
LANG=en_GB.UTF-8
OS=Windows_NT
PROCESSOR_IDENTIFIER=Intel64 Family 6 Model 142 Stepping 10, GenuineIntel



---------------  S Y S T E M  ---------------

OS: Windows 10 , 64 bit Build 19041 (10.0.19041.1741)
OS uptime: 0 days 5:31 hours

CPU:total 4 (initial active 4) (2 cores per cpu, 2 threads per core) family 6 model 142 stepping 10 microcode 0xb4, cmov, cx8, fxsr, mmx, sse, sse2, sse3, ssse3, sse4.1, sse4.2, popcnt, avx, avx2, aes, clmul, erms, 3dnowpref, lzcnt, ht, tsc, tscinvbit, bmi1, bmi2, adx, fma

Memory: 4k page, system-wide physical 8107M (400M free)
TotalPageFile size 8107M (AvailPageFile size 28M)
current process WorkingSet (physical memory assigned to process): 685M, peak: 687M
current process commit charge ("private bytes"): 743M, peak: 797M

vm_info: OpenJDK 64-Bit Server VM (11.0.15+10) for windows-amd64 JRE (11.0.15+10), built on Apr 21 2022 21:29:46 by "tester" with MS VC++ 15.5 (VS2017)

END.
