#
# There is insufficient memory for the Java Runtime Environment to continue.
# Native memory allocation (malloc) failed to allocate 1261936 bytes for Chunk::new
# Possible reasons:
#   The system is out of physical RAM or swap space
#   The process is running with CompressedOops enabled, and the Java Heap may be blocking the growth of the native heap
# Possible solutions:
#   Reduce memory load on the system
#   Increase physical memory or swap space
#   Check if swap backing store is full
#   Decrease Java heap size (-Xmx/-Xms)
#   Decrease number of Java threads
#   Decrease Java thread stack sizes (-Xss)
#   Set larger code cache with -XX:ReservedCodeCacheSize=
#   JVM is running with Unscaled Compressed Oops mode in which the Java heap is
#     placed in the first 4GB address space. The Java Heap base address is the
#     maximum limit for the native heap growth. Please use -XX:HeapBaseMinAddress
#     to set the Java Heap base and to place the Java Heap above 4GB virtual address.
# This output file may be truncated or incomplete.
#
#  Out of Memory Error (./src/hotspot/share/memory/arena.cpp:197), pid=14980, tid=12236
#
# JRE version: OpenJDK Runtime Environment 18.9 (11.0.15+10) (build 11.0.15+10)
# Java VM: OpenJDK 64-Bit Server VM 18.9 (11.0.15+10, mixed mode, tiered, compressed oops, g1 gc, windows-amd64)
# No core dump will be written. Minidumps are not enabled by default on client versions of Windows
#

---------------  S U M M A R Y ------------

Command Line: -XX:MaxMetaspaceSize=512m --add-opens=java.base/java.util=ALL-UNNAMED --add-opens=java.base/java.lang=ALL-UNNAMED --add-opens=java.base/java.lang.invoke=ALL-UNNAMED --add-opens=java.base/java.util=ALL-UNNAMED --add-opens=java.prefs/java.util.prefs=ALL-UNNAMED --add-opens=java.prefs/java.util.prefs=ALL-UNNAMED --add-opens=java.base/java.nio.charset=ALL-UNNAMED --add-opens=java.base/java.net=ALL-UNNAMED --add-opens=java.base/java.util.concurrent.atomic=ALL-UNNAMED -Xmx2048m -Dfile.encoding=windows-1252 -Duser.country=GB -Duser.language=en -Duser.variant org.gradle.launcher.daemon.bootstrap.GradleDaemon 7.3.3

Host: Intel(R) Core(TM) i3-7020U CPU @ 2.30GHz, 4 cores, 7G,  Windows 10 , 64 bit Build 19041 (10.0.19041.1741)
Time: Sun Jul  3 21:30:26 2022 Romance Summer Time elapsed time: 41.841183 seconds (0d 0h 0m 41s)

---------------  T H R E A D  ---------------

Current thread (0x0000025c057f9800):  JavaThread "C2 CompilerThread1" daemon [_thread_in_native, id=12236, stack(0x0000005d9f900000,0x0000005d9fa00000)]


Current CompileTask:
C2:  41841 8646 %     4       groovy.lang.MetaClassImpl::inheritInterfaceNewMetaMethods @ 100 (195 bytes)

Stack: [0x0000005d9f900000,0x0000005d9fa00000]
Native frames: (J=compiled Java code, j=interpreted, Vv=VM code, C=native code)
V  [jvm.dll+0x64dd3a]
V  [jvm.dll+0x7906c9]
V  [jvm.dll+0x791d9c]
V  [jvm.dll+0x792463]
V  [jvm.dll+0x265048]
V  [jvm.dll+0xc9da1]
V  [jvm.dll+0xca35c]
V  [jvm.dll+0x37c167]
V  [jvm.dll+0x1b318f]
V  [jvm.dll+0x21e192]
V  [jvm.dll+0x21d25a]
V  [jvm.dll+0x19dd21]
V  [jvm.dll+0x22cc80]
V  [jvm.dll+0x22af81]
V  [jvm.dll+0x75254c]
V  [jvm.dll+0x74b12d]
V  [jvm.dll+0x64c8a6]
C  [ucrtbase.dll+0x21bb2]
C  [KERNEL32.DLL+0x17034]
C  [ntdll.dll+0x52651]


---------------  P R O C E S S  ---------------

Threads class SMR info:
_java_thread_list=0x0000025c082d8cc0, length=83, elements={
0x0000025c62df1800, 0x0000025c7f620800, 0x0000025c7f619000, 0x0000025c7f677000,
0x0000025c7f67a000, 0x0000025c7f67b000, 0x0000025c7f67e000, 0x0000025c02000800,
0x0000025c0205f800, 0x0000025c0216d800, 0x0000025c043f3800, 0x0000025c04178800,
0x0000025c0395a800, 0x0000025c0398e000, 0x0000025c045d9800, 0x0000025c04f9e800,
0x0000025c040ef800, 0x0000025c04695800, 0x0000025c04024800, 0x0000025c044fb000,
0x0000025c030f3800, 0x0000025c030f0000, 0x0000025c030f2800, 0x0000025c030f4000,
0x0000025c030f1800, 0x0000025c030f1000, 0x0000025c030ee800, 0x0000025c030ef000,
0x0000025c030f5000, 0x0000025c0513d800, 0x0000025c0513b000, 0x0000025c05141800,
0x0000025c0513c000, 0x0000025c0513c800, 0x0000025c05141000, 0x0000025c05143000,
0x0000025c05144000, 0x0000025c0513e800, 0x0000025c05140000, 0x0000025c05145000,
0x0000025c0513f000, 0x0000025c05149000, 0x0000025c05148000, 0x0000025c05149800,
0x0000025c05146800, 0x0000025c05145800, 0x0000025c05147800, 0x0000025c057d6000,
0x0000025c057d3800, 0x0000025c057d6800, 0x0000025c057da000, 0x0000025c057d7800,
0x0000025c057d5000, 0x0000025c057d8000, 0x0000025c057d9000, 0x0000025c057d4000,
0x0000025c057de000, 0x0000025c057da800, 0x0000025c057df000, 0x0000025c057df800,
0x0000025c057e0800, 0x0000025c057e1000, 0x0000025c057db800, 0x0000025c057dc800,
0x0000025c057e2000, 0x0000025c057dd000, 0x0000025c04d93000, 0x0000025c04d8f000,
0x0000025c04d91800, 0x0000025c04d90800, 0x0000025c04d95800, 0x0000025c04d94800,
0x0000025c04d92800, 0x0000025c04d90000, 0x0000025c04d99800, 0x0000025c04d9a800,
0x0000025c04d9b800, 0x0000025c04d9c000, 0x0000025c04d96800, 0x0000025c04d9d000,
0x0000025c04d9d800, 0x0000025c02eb5800, 0x0000025c057f9800
}

Java Threads: ( => current thread )
  0x0000025c62df1800 JavaThread "main" [_thread_blocked, id=12892, stack(0x0000005d9cc00000,0x0000005d9cd00000)]
  0x0000025c7f620800 JavaThread "Reference Handler" daemon [_thread_blocked, id=18360, stack(0x0000005d9d300000,0x0000005d9d400000)]
  0x0000025c7f619000 JavaThread "Finalizer" daemon [_thread_blocked, id=15944, stack(0x0000005d9d400000,0x0000005d9d500000)]
  0x0000025c7f677000 JavaThread "Signal Dispatcher" daemon [_thread_blocked, id=6196, stack(0x0000005d9d500000,0x0000005d9d600000)]
  0x0000025c7f67a000 JavaThread "Attach Listener" daemon [_thread_blocked, id=14664, stack(0x0000005d9d600000,0x0000005d9d700000)]
  0x0000025c7f67b000 JavaThread "Service Thread" daemon [_thread_blocked, id=12504, stack(0x0000005d9d700000,0x0000005d9d800000)]
  0x0000025c7f67e000 JavaThread "C2 CompilerThread0" daemon [_thread_in_native, id=2860, stack(0x0000005d9d800000,0x0000005d9d900000)]
  0x0000025c02000800 JavaThread "C1 CompilerThread0" daemon [_thread_blocked, id=12576, stack(0x0000005d9d900000,0x0000005d9da00000)]
  0x0000025c0205f800 JavaThread "Sweeper thread" daemon [_thread_blocked, id=5472, stack(0x0000005d9da00000,0x0000005d9db00000)]
  0x0000025c0216d800 JavaThread "Common-Cleaner" daemon [_thread_blocked, id=6228, stack(0x0000005d9db00000,0x0000005d9dc00000)]
  0x0000025c043f3800 JavaThread "Daemon health stats" [_thread_blocked, id=15528, stack(0x0000005d9e000000,0x0000005d9e100000)]
  0x0000025c04178800 JavaThread "Incoming local TCP Connector on port 56439" [_thread_in_native, id=18188, stack(0x0000005d9dd00000,0x0000005d9de00000)]
  0x0000025c0395a800 JavaThread "Daemon periodic checks" [_thread_blocked, id=13652, stack(0x0000005d9e100000,0x0000005d9e200000)]
  0x0000025c0398e000 JavaThread "Daemon" [_thread_blocked, id=18012, stack(0x0000005d9e200000,0x0000005d9e300000)]
  0x0000025c045d9800 JavaThread "Handler for socket connection from /127.0.0.1:56439 to /127.0.0.1:56440" [_thread_in_native, id=1436, stack(0x0000005d9e300000,0x0000005d9e400000)]
  0x0000025c04f9e800 JavaThread "Cancel handler" [_thread_blocked, id=14276, stack(0x0000005d9e400000,0x0000005d9e500000)]
  0x0000025c040ef800 JavaThread "Daemon worker" [_thread_in_native, id=5112, stack(0x0000005d9e500000,0x0000005d9e600000)]
  0x0000025c04695800 JavaThread "Asynchronous log dispatcher for DefaultDaemonConnection: socket connection from /127.0.0.1:56439 to /127.0.0.1:56440" [_thread_blocked, id=10956, stack(0x0000005d9e600000,0x0000005d9e700000)]
  0x0000025c04024800 JavaThread "Stdin handler" [_thread_blocked, id=10752, stack(0x0000005d9e700000,0x0000005d9e800000)]
  0x0000025c044fb000 JavaThread "Daemon client event forwarder" [_thread_blocked, id=11596, stack(0x0000005d9e800000,0x0000005d9e900000)]
  0x0000025c030f3800 JavaThread "Cache worker for journal cache (C:\Users\Tom\.gradle\caches\journal-1)" [_thread_blocked, id=13492, stack(0x0000005d9ea00000,0x0000005d9eb00000)]
  0x0000025c030f0000 JavaThread "File lock request listener" [_thread_in_native, id=3984, stack(0x0000005d9eb00000,0x0000005d9ec00000)]
  0x0000025c030f2800 JavaThread "Cache worker for file hash cache (C:\Users\Tom\.gradle\caches\7.3.3\fileHashes)" [_thread_blocked, id=7128, stack(0x0000005d9ec00000,0x0000005d9ed00000)]
  0x0000025c030f4000 JavaThread "Cache worker for file hash cache (C:\Users\Tom\Documents\Programmation\React Native\projectRNcli\android\.gradle\7.3.3\fileHashes)" [_thread_blocked, id=9144, stack(0x0000005d9ee00000,0x0000005d9ef00000)]
  0x0000025c030f1800 JavaThread "File watcher server" daemon [_thread_in_native, id=10460, stack(0x0000005d9ed00000,0x0000005d9ee00000)]
  0x0000025c030f1000 JavaThread "File watcher consumer" daemon [_thread_blocked, id=9224, stack(0x0000005d9ef00000,0x0000005d9f000000)]
  0x0000025c030ee800 JavaThread "Cache worker for checksums cache (C:\Users\Tom\Documents\Programmation\React Native\projectRNcli\android\.gradle\7.3.3\checksums)" [_thread_blocked, id=1280, stack(0x0000005d9f000000,0x0000005d9f100000)]
  0x0000025c030ef000 JavaThread "Cache worker for cache directory md-supplier (C:\Users\Tom\.gradle\caches\7.3.3\md-supplier)" [_thread_blocked, id=11056, stack(0x0000005d9f100000,0x0000005d9f200000)]
  0x0000025c030f5000 JavaThread "Cache worker for cache directory md-rule (C:\Users\Tom\.gradle\caches\7.3.3\md-rule)" [_thread_blocked, id=17364, stack(0x0000005d9f200000,0x0000005d9f300000)]
  0x0000025c0513d800 JavaThread "Cache worker for execution history cache (C:\Users\Tom\.gradle\caches\7.3.3\executionHistory)" [_thread_blocked, id=7636, stack(0x0000005d9f300000,0x0000005d9f400000)]
  0x0000025c0513b000 JavaThread "jar transforms" [_thread_blocked, id=3376, stack(0x0000005d9f500000,0x0000005d9f600000)]
  0x0000025c05141800 JavaThread "jar transforms Thread 2" [_thread_blocked, id=15620, stack(0x0000005d9f600000,0x0000005d9f700000)]
  0x0000025c0513c000 JavaThread "Cache worker for file content cache (C:\Users\Tom\.gradle\caches\7.3.3\fileContent)" [_thread_blocked, id=12584, stack(0x0000005d9f700000,0x0000005d9f800000)]
  0x0000025c0513c800 JavaThread "jar transforms Thread 3" [_thread_blocked, id=12532, stack(0x0000005d9f400000,0x0000005d9f500000)]
  0x0000025c05141000 JavaThread "jar transforms Thread 4" [_thread_blocked, id=4364, stack(0x0000005d9f800000,0x0000005d9f900000)]
  0x0000025c05143000 JavaThread "Cache worker for kotlin-dsl (C:\Users\Tom\.gradle\caches\7.3.3\kotlin-dsl)" [_thread_blocked, id=7252, stack(0x0000005d9fa00000,0x0000005d9fb00000)]
  0x0000025c05144000 JavaThread "Cache worker for dependencies-accessors (C:\Users\Tom\Documents\Programmation\React Native\projectRNcli\android\.gradle\7.3.3\dependencies-accessors)" [_thread_blocked, id=7280, stack(0x0000005d9fb00000,0x0000005d9fc00000)]
  0x0000025c0513e800 JavaThread "Cache worker for Build Output Cleanup Cache (C:\Users\Tom\Documents\Programmation\React Native\projectRNcli\node_modules\react-native-gradle-plugin\.gradle\buildOutputCleanup)" [_thread_blocked, id=1684, stack(0x0000005d9fc00000,0x0000005d9fd00000)]
  0x0000025c05140000 JavaThread "Unconstrained build operations" [_thread_blocked, id=8232, stack(0x0000005d9fd00000,0x0000005d9fe00000)]
  0x0000025c05145000 JavaThread "Unconstrained build operations Thread 2" [_thread_blocked, id=7324, stack(0x0000005d9fe00000,0x0000005d9ff00000)]
  0x0000025c0513f000 JavaThread "Unconstrained build operations Thread 3" [_thread_blocked, id=17108, stack(0x0000005d9ff00000,0x0000005da0000000)]
  0x0000025c05149000 JavaThread "Unconstrained build operations Thread 4" [_thread_blocked, id=17340, stack(0x0000005da0000000,0x0000005da0100000)]
  0x0000025c05148000 JavaThread "Unconstrained build operations Thread 5" [_thread_blocked, id=8340, stack(0x0000005da0100000,0x0000005da0200000)]
  0x0000025c05149800 JavaThread "Unconstrained build operations Thread 6" [_thread_blocked, id=15128, stack(0x0000005da0200000,0x0000005da0300000)]
  0x0000025c05146800 JavaThread "Unconstrained build operations Thread 7" [_thread_blocked, id=16068, stack(0x0000005da0300000,0x0000005da0400000)]
  0x0000025c05145800 JavaThread "Unconstrained build operations Thread 8" [_thread_blocked, id=8284, stack(0x0000005da0400000,0x0000005da0500000)]
  0x0000025c05147800 JavaThread "Unconstrained build operations Thread 9" [_thread_blocked, id=10852, stack(0x0000005da0500000,0x0000005da0600000)]
  0x0000025c057d6000 JavaThread "Unconstrained build operations Thread 10" [_thread_blocked, id=6096, stack(0x0000005da0600000,0x0000005da0700000)]
  0x0000025c057d3800 JavaThread "Unconstrained build operations Thread 11" [_thread_blocked, id=10588, stack(0x0000005da0700000,0x0000005da0800000)]
  0x0000025c057d6800 JavaThread "Unconstrained build operations Thread 12" [_thread_blocked, id=13840, stack(0x0000005da0800000,0x0000005da0900000)]
  0x0000025c057da000 JavaThread "Unconstrained build operations Thread 13" [_thread_blocked, id=17472, stack(0x0000005da0900000,0x0000005da0a00000)]
  0x0000025c057d7800 JavaThread "Unconstrained build operations Thread 14" [_thread_blocked, id=11460, stack(0x0000005da0a00000,0x0000005da0b00000)]
  0x0000025c057d5000 JavaThread "Unconstrained build operations Thread 15" [_thread_blocked, id=4604, stack(0x0000005da0b00000,0x0000005da0c00000)]
  0x0000025c057d8000 JavaThread "Unconstrained build operations Thread 16" [_thread_blocked, id=9920, stack(0x0000005da0c00000,0x0000005da0d00000)]
  0x0000025c057d9000 JavaThread "Unconstrained build operations Thread 17" [_thread_blocked, id=17576, stack(0x0000005da0d00000,0x0000005da0e00000)]
  0x0000025c057d4000 JavaThread "Unconstrained build operations Thread 18" [_thread_blocked, id=16640, stack(0x0000005da0e00000,0x0000005da0f00000)]
  0x0000025c057de000 JavaThread "Unconstrained build operations Thread 19" [_thread_blocked, id=12488, stack(0x0000005da0f00000,0x0000005da1000000)]
  0x0000025c057da800 JavaThread "Unconstrained build operations Thread 20" [_thread_blocked, id=11656, stack(0x0000005da1000000,0x0000005da1100000)]
  0x0000025c057df000 JavaThread "Unconstrained build operations Thread 21" [_thread_blocked, id=6820, stack(0x0000005da1100000,0x0000005da1200000)]
  0x0000025c057df800 JavaThread "Unconstrained build operations Thread 22" [_thread_blocked, id=16876, stack(0x0000005da1200000,0x0000005da1300000)]
  0x0000025c057e0800 JavaThread "Unconstrained build operations Thread 23" [_thread_blocked, id=4020, stack(0x0000005da1300000,0x0000005da1400000)]
  0x0000025c057e1000 JavaThread "Unconstrained build operations Thread 24" [_thread_blocked, id=11916, stack(0x0000005da1400000,0x0000005da1500000)]
  0x0000025c057db800 JavaThread "Unconstrained build operations Thread 25" [_thread_blocked, id=6236, stack(0x0000005da1500000,0x0000005da1600000)]
  0x0000025c057dc800 JavaThread "Unconstrained build operations Thread 26" [_thread_blocked, id=11276, stack(0x0000005da1600000,0x0000005da1700000)]
  0x0000025c057e2000 JavaThread "Unconstrained build operations Thread 27" [_thread_blocked, id=3956, stack(0x0000005da1700000,0x0000005da1800000)]
  0x0000025c057dd000 JavaThread "Unconstrained build operations Thread 28" [_thread_blocked, id=10748, stack(0x0000005da1800000,0x0000005da1900000)]
  0x0000025c04d93000 JavaThread "Unconstrained build operations Thread 29" [_thread_blocked, id=18040, stack(0x0000005da1900000,0x0000005da1a00000)]
  0x0000025c04d8f000 JavaThread "Unconstrained build operations Thread 30" [_thread_blocked, id=10216, stack(0x0000005da1a00000,0x0000005da1b00000)]
  0x0000025c04d91800 JavaThread "Unconstrained build operations Thread 31" [_thread_blocked, id=13796, stack(0x0000005da1b00000,0x0000005da1c00000)]
  0x0000025c04d90800 JavaThread "Unconstrained build operations Thread 32" [_thread_blocked, id=16708, stack(0x0000005da1c00000,0x0000005da1d00000)]
  0x0000025c04d95800 JavaThread "Unconstrained build operations Thread 33" [_thread_blocked, id=9628, stack(0x0000005da1d00000,0x0000005da1e00000)]
  0x0000025c04d94800 JavaThread "Memory manager" [_thread_blocked, id=11052, stack(0x0000005da1f00000,0x0000005da2000000)]
  0x0000025c04d92800 JavaThread "Cache worker for Build Output Cleanup Cache (C:\Users\Tom\Documents\Programmation\React Native\projectRNcli\android\.gradle\buildOutputCleanup)" [_thread_blocked, id=14892, stack(0x0000005da2000000,0x0000005da2100000)]
  0x0000025c04d90000 JavaThread "included builds" [_thread_blocked, id=14712, stack(0x0000005da2100000,0x0000005da2200000)]
  0x0000025c04d99800 JavaThread "Cache worker for execution history cache (C:\Users\Tom\Documents\Programmation\React Native\projectRNcli\node_modules\react-native-gradle-plugin\.gradle\7.3.3\executionHistory)" [_thread_blocked, id=16480, stack(0x0000005da2500000,0x0000005da2600000)]
  0x0000025c04d9a800 JavaThread "Unconstrained build operations Thread 34" [_thread_blocked, id=8856, stack(0x0000005da2800000,0x0000005da2900000)]
  0x0000025c04d9b800 JavaThread "Unconstrained build operations Thread 35" [_thread_blocked, id=17504, stack(0x0000005da2900000,0x0000005da2a00000)]
  0x0000025c04d9c000 JavaThread "Unconstrained build operations Thread 36" [_thread_blocked, id=14968, stack(0x0000005da2a00000,0x0000005da2b00000)]
  0x0000025c04d96800 JavaThread "Unconstrained build operations Thread 37" [_thread_blocked, id=18164, stack(0x0000005da2b00000,0x0000005da2c00000)]
  0x0000025c04d9d000 JavaThread "Unconstrained build operations Thread 38" [_thread_blocked, id=10296, stack(0x0000005da2c00000,0x0000005da2d00000)]
  0x0000025c04d9d800 JavaThread "Unconstrained build operations Thread 39" [_thread_blocked, id=8128, stack(0x0000005da2d00000,0x0000005da2e00000)]
  0x0000025c02eb5800 JavaThread "Unconstrained build operations Thread 40" [_thread_blocked, id=17492, stack(0x0000005da2e00000,0x0000005da2f00000)]
=>0x0000025c057f9800 JavaThread "C2 CompilerThread1" daemon [_thread_in_native, id=12236, stack(0x0000005d9f900000,0x0000005d9fa00000)]

Other Threads:
  0x0000025c7f60b000 VMThread "VM Thread" [stack: 0x0000005d9d200000,0x0000005d9d300000] [id=13176]
  0x0000025c0217c000 WatcherThread [stack: 0x0000005d9dc00000,0x0000005d9dd00000] [id=13828]
  0x0000025c62e0a000 GCTaskThread "GC Thread#0" [stack: 0x0000005d9cd00000,0x0000005d9ce00000] [id=17312]
  0x0000025c02666000 GCTaskThread "GC Thread#1" [stack: 0x0000005d9de00000,0x0000005d9df00000] [id=8920]
  0x0000025c027c6800 GCTaskThread "GC Thread#2" [stack: 0x0000005d9df00000,0x0000005d9e000000] [id=18292]
  0x0000025c03503800 GCTaskThread "GC Thread#3" [stack: 0x0000005d9e900000,0x0000005d9ea00000] [id=18008]
  0x0000025c62e3b000 ConcurrentGCThread "G1 Main Marker" [stack: 0x0000005d9ce00000,0x0000005d9cf00000] [id=688]
  0x0000025c62e3c800 ConcurrentGCThread "G1 Conc#0" [stack: 0x0000005d9cf00000,0x0000005d9d000000] [id=10860]
  0x0000025c62eca800 ConcurrentGCThread "G1 Refine#0" [stack: 0x0000005d9d000000,0x0000005d9d100000] [id=14232]
  0x0000025c62ecb800 ConcurrentGCThread "G1 Young RemSet Sampling" [stack: 0x0000005d9d100000,0x0000005d9d200000] [id=6200]

Threads with active compile tasks:
C2 CompilerThread0    42235 8654   !   4       com.sun.beans.TypeResolver::resolve (261 bytes)
C2 CompilerThread1    42235 8646 %     4       groovy.lang.MetaClassImpl::inheritInterfaceNewMetaMethods @ 100 (195 bytes)

VM state:not at safepoint (normal execution)

VM Mutex/Monitor currently owned by a thread: None

Heap address: 0x0000000080000000, size: 2048 MB, Compressed Oops mode: 32-bit
Narrow klass base: 0x0000000000000000, Narrow klass shift: 3
Compressed class space size: 528482304 Address: 0x0000000100000000

Heap:
 garbage-first heap   total 157696K, used 81700K [0x0000000080000000, 0x0000000100000000)
  region size 1024K, 16 young (16384K), 6 survivors (6144K)
 Metaspace       used 81433K, capacity 83867K, committed 84048K, reserved 589824K
  class space    used 10442K, capacity 11417K, committed 11520K, reserved 516096K
Heap Regions: E=young(eden), S=young(survivor), O=old, HS=humongous(starts), HC=humongous(continues), CS=collection set, F=free, A=archive, TAMS=top-at-mark-start (previous, next)
|   0|0x0000000080000000, 0x0000000080100000, 0x0000000080100000|100%| O|  |TAMS 0x0000000080100000, 0x0000000080000000| Untracked 
|   1|0x0000000080100000, 0x0000000080200000, 0x0000000080200000|100%| O|  |TAMS 0x0000000080200000, 0x0000000080100000| Untracked 
|   2|0x0000000080200000, 0x0000000080300000, 0x0000000080300000|100%| O|  |TAMS 0x0000000080300000, 0x0000000080200000| Untracked 
|   3|0x0000000080300000, 0x0000000080400000, 0x0000000080400000|100%|HS|  |TAMS 0x0000000080400000, 0x0000000080300000| Complete 
|   4|0x0000000080400000, 0x0000000080500000, 0x0000000080500000|100%|HC|  |TAMS 0x0000000080500000, 0x0000000080400000| Complete 
|   5|0x0000000080500000, 0x0000000080600000, 0x0000000080600000|100%|HC|  |TAMS 0x0000000080600000, 0x0000000080500000| Complete 
|   6|0x0000000080600000, 0x0000000080700000, 0x0000000080700000|100%| O|  |TAMS 0x0000000080700000, 0x0000000080600000| Untracked 
|   7|0x0000000080700000, 0x0000000080800000, 0x0000000080800000|100%| O|  |TAMS 0x0000000080800000, 0x0000000080700000| Untracked 
|   8|0x0000000080800000, 0x0000000080900000, 0x0000000080900000|100%| O|  |TAMS 0x0000000080900000, 0x0000000080800000| Untracked 
|   9|0x0000000080900000, 0x0000000080a00000, 0x0000000080a00000|100%| O|  |TAMS 0x0000000080a00000, 0x0000000080900000| Untracked 
|  10|0x0000000080a00000, 0x0000000080b00000, 0x0000000080b00000|100%| O|  |TAMS 0x0000000080b00000, 0x0000000080a00000| Untracked 
|  11|0x0000000080b00000, 0x0000000080c00000, 0x0000000080c00000|100%| O|  |TAMS 0x0000000080c00000, 0x0000000080b00000| Untracked 
|  12|0x0000000080c00000, 0x0000000080d00000, 0x0000000080d00000|100%| O|  |TAMS 0x0000000080d00000, 0x0000000080c00000| Untracked 
|  13|0x0000000080d00000, 0x0000000080e00000, 0x0000000080e00000|100%| O|  |TAMS 0x0000000080e00000, 0x0000000080d00000| Untracked 
|  14|0x0000000080e00000, 0x0000000080f00000, 0x0000000080f00000|100%| O|  |TAMS 0x0000000080f00000, 0x0000000080e00000| Untracked 
|  15|0x0000000080f00000, 0x0000000081000000, 0x0000000081000000|100%| O|  |TAMS 0x0000000081000000, 0x0000000080f00000| Untracked 
|  16|0x0000000081000000, 0x0000000081100000, 0x0000000081100000|100%| O|  |TAMS 0x0000000081100000, 0x0000000081000000| Untracked 
|  17|0x0000000081100000, 0x0000000081200000, 0x0000000081200000|100%| O|  |TAMS 0x0000000081200000, 0x0000000081100000| Untracked 
|  18|0x0000000081200000, 0x0000000081300000, 0x0000000081300000|100%| O|  |TAMS 0x0000000081300000, 0x0000000081200000| Untracked 
|  19|0x0000000081300000, 0x0000000081400000, 0x0000000081400000|100%| O|  |TAMS 0x0000000081400000, 0x0000000081300000| Untracked 
|  20|0x0000000081400000, 0x0000000081500000, 0x0000000081500000|100%| O|  |TAMS 0x0000000081500000, 0x0000000081400000| Untracked 
|  21|0x0000000081500000, 0x0000000081600000, 0x0000000081600000|100%| O|  |TAMS 0x0000000081600000, 0x0000000081500000| Untracked 
|  22|0x0000000081600000, 0x0000000081700000, 0x0000000081700000|100%| O|  |TAMS 0x0000000081700000, 0x0000000081600000| Untracked 
|  23|0x0000000081700000, 0x0000000081800000, 0x0000000081800000|100%| O|  |TAMS 0x0000000081800000, 0x0000000081700000| Untracked 
|  24|0x0000000081800000, 0x0000000081900000, 0x0000000081900000|100%| O|  |TAMS 0x0000000081900000, 0x0000000081800000| Untracked 
|  25|0x0000000081900000, 0x0000000081a00000, 0x0000000081a00000|100%| O|  |TAMS 0x0000000081a00000, 0x0000000081900000| Untracked 
|  26|0x0000000081a00000, 0x0000000081b00000, 0x0000000081b00000|100%|HS|  |TAMS 0x0000000081b00000, 0x0000000081a00000| Complete 
|  27|0x0000000081b00000, 0x0000000081c00000, 0x0000000081c00000|100%|HS|  |TAMS 0x0000000081c00000, 0x0000000081b00000| Complete 
|  28|0x0000000081c00000, 0x0000000081d00000, 0x0000000081d00000|100%|HC|  |TAMS 0x0000000081d00000, 0x0000000081c00000| Complete 
|  29|0x0000000081d00000, 0x0000000081e00000, 0x0000000081e00000|100%|HC|  |TAMS 0x0000000081e00000, 0x0000000081d00000| Complete 
|  30|0x0000000081e00000, 0x0000000081f00000, 0x0000000081f00000|100%| O|  |TAMS 0x0000000081f00000, 0x0000000081e00000| Untracked 
|  31|0x0000000081f00000, 0x0000000082000000, 0x0000000082000000|100%| O|  |TAMS 0x0000000082000000, 0x0000000081f00000| Untracked 
|  32|0x0000000082000000, 0x0000000082100000, 0x0000000082100000|100%| O|  |TAMS 0x0000000082100000, 0x0000000082000000| Untracked 
|  33|0x0000000082100000, 0x0000000082200000, 0x0000000082200000|100%| O|  |TAMS 0x0000000082200000, 0x0000000082100000| Untracked 
|  34|0x0000000082200000, 0x0000000082300000, 0x0000000082300000|100%| O|  |TAMS 0x0000000082300000, 0x0000000082200000| Untracked 
|  35|0x0000000082300000, 0x0000000082400000, 0x0000000082400000|100%| O|  |TAMS 0x0000000082400000, 0x0000000082300000| Untracked 
|  36|0x0000000082400000, 0x0000000082500000, 0x0000000082500000|100%| O|  |TAMS 0x0000000082500000, 0x0000000082400000| Untracked 
|  37|0x0000000082500000, 0x0000000082600000, 0x0000000082600000|100%| O|  |TAMS 0x0000000082600000, 0x0000000082500000| Untracked 
|  38|0x0000000082600000, 0x0000000082700000, 0x0000000082700000|100%| O|  |TAMS 0x0000000082700000, 0x0000000082600000| Untracked 
|  39|0x0000000082700000, 0x0000000082800000, 0x0000000082800000|100%|HS|  |TAMS 0x0000000082700000, 0x0000000082700000| Complete 
|  40|0x0000000082800000, 0x0000000082900000, 0x0000000082900000|100%|HS|  |TAMS 0x0000000082800000, 0x0000000082800000| Complete 
|  41|0x0000000082900000, 0x0000000082a00000, 0x0000000082a00000|100%|HS|  |TAMS 0x0000000082900000, 0x0000000082900000| Complete 
|  42|0x0000000082a00000, 0x0000000082b00000, 0x0000000082b00000|100%|HC|  |TAMS 0x0000000082a00000, 0x0000000082a00000| Complete 
|  43|0x0000000082b00000, 0x0000000082c00000, 0x0000000082c00000|100%| O|  |TAMS 0x0000000082b00000, 0x0000000082b00000| Untracked 
|  44|0x0000000082c00000, 0x0000000082d00000, 0x0000000082d00000|100%| O|  |TAMS 0x0000000082c00000, 0x0000000082c00000| Untracked 
|  45|0x0000000082d00000, 0x0000000082e00000, 0x0000000082e00000|100%| O|  |TAMS 0x0000000082d00000, 0x0000000082d00000| Untracked 
|  46|0x0000000082e00000, 0x0000000082f00000, 0x0000000082f00000|100%| O|  |TAMS 0x0000000082e00000, 0x0000000082e00000| Untracked 
|  47|0x0000000082f00000, 0x0000000083000000, 0x0000000083000000|100%| O|  |TAMS 0x0000000082f00000, 0x0000000082f00000| Untracked 
|  48|0x0000000083000000, 0x0000000083100000, 0x0000000083100000|100%| O|  |TAMS 0x0000000083000000, 0x0000000083000000| Untracked 
|  49|0x0000000083100000, 0x0000000083200000, 0x0000000083200000|100%| O|  |TAMS 0x0000000083100000, 0x0000000083100000| Untracked 
|  50|0x0000000083200000, 0x0000000083300000, 0x0000000083300000|100%| O|  |TAMS 0x0000000083200000, 0x0000000083200000| Untracked 
|  51|0x0000000083300000, 0x0000000083400000, 0x0000000083400000|100%| O|  |TAMS 0x0000000083300000, 0x0000000083300000| Untracked 
|  52|0x0000000083400000, 0x0000000083500000, 0x0000000083500000|100%| O|  |TAMS 0x0000000083400000, 0x0000000083400000| Untracked 
|  53|0x0000000083500000, 0x0000000083600000, 0x0000000083600000|100%| O|  |TAMS 0x0000000083500000, 0x0000000083500000| Untracked 
|  54|0x0000000083600000, 0x0000000083700000, 0x0000000083700000|100%| O|  |TAMS 0x0000000083600000, 0x0000000083600000| Untracked 
|  55|0x0000000083700000, 0x0000000083800000, 0x0000000083800000|100%| O|  |TAMS 0x0000000083700000, 0x0000000083700000| Untracked 
|  56|0x0000000083800000, 0x0000000083900000, 0x0000000083900000|100%| O|  |TAMS 0x0000000083800000, 0x0000000083800000| Untracked 
|  57|0x0000000083900000, 0x0000000083a00000, 0x0000000083a00000|100%| O|  |TAMS 0x0000000083900000, 0x0000000083900000| Untracked 
|  58|0x0000000083a00000, 0x0000000083b00000, 0x0000000083b00000|100%| O|  |TAMS 0x0000000083a00000, 0x0000000083a00000| Untracked 
|  59|0x0000000083b00000, 0x0000000083c00000, 0x0000000083c00000|100%| O|  |TAMS 0x0000000083b00000, 0x0000000083b00000| Untracked 
|  60|0x0000000083c00000, 0x0000000083d00000, 0x0000000083d00000|100%| O|  |TAMS 0x0000000083c00000, 0x0000000083c00000| Untracked 
|  61|0x0000000083d00000, 0x0000000083d00000, 0x0000000083e00000|  0%| F|  |TAMS 0x0000000083d00000, 0x0000000083d00000| Untracked 
|  62|0x0000000083e00000, 0x0000000083f00000, 0x0000000083f00000|100%| O|  |TAMS 0x0000000083e00000, 0x0000000083e00000| Untracked 
|  63|0x0000000083f00000, 0x0000000084000000, 0x0000000084000000|100%| O|  |TAMS 0x0000000083f00000, 0x0000000083f00000| Untracked 
|  64|0x0000000084000000, 0x0000000084100000, 0x0000000084100000|100%| O|  |TAMS 0x0000000084000000, 0x0000000084000000| Untracked 
|  65|0x0000000084100000, 0x0000000084200000, 0x0000000084200000|100%| O|  |TAMS 0x0000000084100000, 0x0000000084100000| Untracked 
|  66|0x0000000084200000, 0x000000008424ac00, 0x0000000084300000| 29%| O|  |TAMS 0x0000000084200000, 0x0000000084200000| Untracked 
|  67|0x0000000084300000, 0x0000000084300000, 0x0000000084400000|  0%| F|  |TAMS 0x0000000084300000, 0x0000000084300000| Untracked 
|  68|0x0000000084400000, 0x0000000084400000, 0x0000000084500000|  0%| F|  |TAMS 0x0000000084400000, 0x0000000084400000| Untracked 
|  69|0x0000000084500000, 0x0000000084500000, 0x0000000084600000|  0%| F|  |TAMS 0x0000000084500000, 0x0000000084500000| Untracked 
|  70|0x0000000084600000, 0x0000000084600000, 0x0000000084700000|  0%| F|  |TAMS 0x0000000084600000, 0x0000000084600000| Untracked 
|  71|0x0000000084700000, 0x0000000084700000, 0x0000000084800000|  0%| F|  |TAMS 0x0000000084700000, 0x0000000084700000| Untracked 
|  72|0x0000000084800000, 0x0000000084800000, 0x0000000084900000|  0%| F|  |TAMS 0x0000000084800000, 0x0000000084800000| Untracked 
|  73|0x0000000084900000, 0x0000000084900000, 0x0000000084a00000|  0%| F|  |TAMS 0x0000000084900000, 0x0000000084900000| Untracked 
|  74|0x0000000084a00000, 0x0000000084a00000, 0x0000000084b00000|  0%| F|  |TAMS 0x0000000084a00000, 0x0000000084a00000| Untracked 
|  75|0x0000000084b00000, 0x0000000084b00000, 0x0000000084c00000|  0%| F|  |TAMS 0x0000000084b00000, 0x0000000084b00000| Untracked 
|  76|0x0000000084c00000, 0x0000000084c00000, 0x0000000084d00000|  0%| F|  |TAMS 0x0000000084c00000, 0x0000000084c00000| Untracked 
|  77|0x0000000084d00000, 0x0000000084d00000, 0x0000000084e00000|  0%| F|  |TAMS 0x0000000084d00000, 0x0000000084d00000| Untracked 
|  78|0x0000000084e00000, 0x0000000084e00000, 0x0000000084f00000|  0%| F|  |TAMS 0x0000000084e00000, 0x0000000084e00000| Untracked 
|  79|0x0000000084f00000, 0x0000000084f00000, 0x0000000085000000|  0%| F|  |TAMS 0x0000000084f00000, 0x0000000084f00000| Untracked 
|  80|0x0000000085000000, 0x0000000085000000, 0x0000000085100000|  0%| F|  |TAMS 0x0000000085000000, 0x0000000085000000| Untracked 
|  81|0x0000000085100000, 0x0000000085100000, 0x0000000085200000|  0%| F|  |TAMS 0x0000000085100000, 0x0000000085100000| Untracked 
|  82|0x0000000085200000, 0x0000000085200000, 0x0000000085300000|  0%| F|  |TAMS 0x0000000085200000, 0x0000000085200000| Untracked 
|  83|0x0000000085300000, 0x0000000085300000, 0x0000000085400000|  0%| F|  |TAMS 0x0000000085300000, 0x0000000085300000| Untracked 
|  84|0x0000000085400000, 0x0000000085400000, 0x0000000085500000|  0%| F|  |TAMS 0x0000000085400000, 0x0000000085400000| Untracked 
|  85|0x0000000085500000, 0x0000000085500000, 0x0000000085600000|  0%| F|  |TAMS 0x0000000085500000, 0x0000000085500000| Untracked 
|  86|0x0000000085600000, 0x0000000085600000, 0x0000000085700000|  0%| F|  |TAMS 0x0000000085600000, 0x0000000085600000| Untracked 
|  87|0x0000000085700000, 0x0000000085700000, 0x0000000085800000|  0%| F|  |TAMS 0x0000000085700000, 0x0000000085700000| Untracked 
|  88|0x0000000085800000, 0x0000000085800000, 0x0000000085900000|  0%| F|  |TAMS 0x0000000085800000, 0x0000000085800000| Untracked 
|  89|0x0000000085900000, 0x000000008597e460, 0x0000000085a00000| 49%| S|CS|TAMS 0x0000000085900000, 0x0000000085900000| Complete 
|  90|0x0000000085a00000, 0x0000000085b00000, 0x0000000085b00000|100%| S|CS|TAMS 0x0000000085a00000, 0x0000000085a00000| Complete 
|  91|0x0000000085b00000, 0x0000000085c00000, 0x0000000085c00000|100%| S|CS|TAMS 0x0000000085b00000, 0x0000000085b00000| Complete 
|  92|0x0000000085c00000, 0x0000000085c00000, 0x0000000085d00000|  0%| F|  |TAMS 0x0000000085c00000, 0x0000000085c00000| Untracked 
|  93|0x0000000085d00000, 0x0000000085d00000, 0x0000000085e00000|  0%| F|  |TAMS 0x0000000085d00000, 0x0000000085d00000| Untracked 
|  94|0x0000000085e00000, 0x0000000085e00000, 0x0000000085f00000|  0%| F|  |TAMS 0x0000000085e00000, 0x0000000085e00000| Untracked 
|  95|0x0000000085f00000, 0x0000000085f00000, 0x0000000086000000|  0%| F|  |TAMS 0x0000000085f00000, 0x0000000085f00000| Untracked 
|  96|0x0000000086000000, 0x0000000086000000, 0x0000000086100000|  0%| F|  |TAMS 0x0000000086000000, 0x0000000086000000| Untracked 
|  97|0x0000000086100000, 0x0000000086200000, 0x0000000086200000|100%| S|CS|TAMS 0x0000000086100000, 0x0000000086100000| Complete 
|  98|0x0000000086200000, 0x0000000086300000, 0x0000000086300000|100%| S|CS|TAMS 0x0000000086200000, 0x0000000086200000| Complete 
|  99|0x0000000086300000, 0x0000000086400000, 0x0000000086400000|100%| S|CS|TAMS 0x0000000086300000, 0x0000000086300000| Complete 
| 100|0x0000000086400000, 0x0000000086400000, 0x0000000086500000|  0%| F|  |TAMS 0x0000000086400000, 0x0000000086400000| Untracked 
| 101|0x0000000086500000, 0x0000000086500000, 0x0000000086600000|  0%| F|  |TAMS 0x0000000086500000, 0x0000000086500000| Untracked 
| 102|0x0000000086600000, 0x0000000086600000, 0x0000000086700000|  0%| F|  |TAMS 0x0000000086600000, 0x0000000086600000| Untracked 
| 103|0x0000000086700000, 0x0000000086700000, 0x0000000086800000|  0%| F|  |TAMS 0x0000000086700000, 0x0000000086700000| Untracked 
| 104|0x0000000086800000, 0x0000000086800000, 0x0000000086900000|  0%| F|  |TAMS 0x0000000086800000, 0x0000000086800000| Untracked 
| 105|0x0000000086900000, 0x0000000086900000, 0x0000000086a00000|  0%| F|  |TAMS 0x0000000086900000, 0x0000000086900000| Untracked 
| 106|0x0000000086a00000, 0x0000000086a00000, 0x0000000086b00000|  0%| F|  |TAMS 0x0000000086a00000, 0x0000000086a00000| Untracked 
| 107|0x0000000086b00000, 0x0000000086b00000, 0x0000000086c00000|  0%| F|  |TAMS 0x0000000086b00000, 0x0000000086b00000| Untracked 
| 108|0x0000000086c00000, 0x0000000086c00000, 0x0000000086d00000|  0%| F|  |TAMS 0x0000000086c00000, 0x0000000086c00000| Untracked 
| 109|0x0000000086d00000, 0x0000000086d00000, 0x0000000086e00000|  0%| F|  |TAMS 0x0000000086d00000, 0x0000000086d00000| Untracked 
| 110|0x0000000086e00000, 0x0000000086e00000, 0x0000000086f00000|  0%| F|  |TAMS 0x0000000086e00000, 0x0000000086e00000| Untracked 
| 111|0x0000000086f00000, 0x0000000086f00000, 0x0000000087000000|  0%| F|  |TAMS 0x0000000086f00000, 0x0000000086f00000| Untracked 
| 112|0x0000000087000000, 0x0000000087000000, 0x0000000087100000|  0%| F|  |TAMS 0x0000000087000000, 0x0000000087000000| Untracked 
| 113|0x0000000087100000, 0x0000000087100000, 0x0000000087200000|  0%| F|  |TAMS 0x0000000087100000, 0x0000000087100000| Untracked 
| 114|0x0000000087200000, 0x0000000087200000, 0x0000000087300000|  0%| F|  |TAMS 0x0000000087200000, 0x0000000087200000| Untracked 
| 115|0x0000000087300000, 0x0000000087300000, 0x0000000087400000|  0%| F|  |TAMS 0x0000000087300000, 0x0000000087300000| Untracked 
| 116|0x0000000087400000, 0x0000000087400000, 0x0000000087500000|  0%| F|  |TAMS 0x0000000087400000, 0x0000000087400000| Untracked 
| 117|0x0000000087500000, 0x0000000087500000, 0x0000000087600000|  0%| F|  |TAMS 0x0000000087500000, 0x0000000087500000| Untracked 
| 118|0x0000000087600000, 0x0000000087600000, 0x0000000087700000|  0%| F|  |TAMS 0x0000000087600000, 0x0000000087600000| Untracked 
| 119|0x0000000087700000, 0x0000000087700000, 0x0000000087800000|  0%| F|  |TAMS 0x0000000087700000, 0x0000000087700000| Untracked 
| 120|0x0000000087800000, 0x0000000087800000, 0x0000000087900000|  0%| F|  |TAMS 0x0000000087800000, 0x0000000087800000| Untracked 
| 121|0x0000000087900000, 0x0000000087900000, 0x0000000087a00000|  0%| F|  |TAMS 0x0000000087900000, 0x0000000087900000| Untracked 
| 122|0x0000000087a00000, 0x0000000087a00000, 0x0000000087b00000|  0%| F|  |TAMS 0x0000000087a00000, 0x0000000087a00000| Untracked 
| 123|0x0000000087b00000, 0x0000000087b00000, 0x0000000087c00000|  0%| F|  |TAMS 0x0000000087b00000, 0x0000000087b00000| Untracked 
| 124|0x0000000087c00000, 0x0000000087c00000, 0x0000000087d00000|  0%| F|  |TAMS 0x0000000087c00000, 0x0000000087c00000| Untracked 
| 125|0x0000000087d00000, 0x0000000087d00000, 0x0000000087e00000|  0%| F|  |TAMS 0x0000000087d00000, 0x0000000087d00000| Untracked 
| 126|0x0000000087e00000, 0x0000000087e00000, 0x0000000087f00000|  0%| F|  |TAMS 0x0000000087e00000, 0x0000000087e00000| Untracked 
| 127|0x0000000087f00000, 0x0000000087f00000, 0x0000000088000000|  0%| F|  |TAMS 0x0000000087f00000, 0x0000000087f00000| Untracked 
| 128|0x0000000088000000, 0x0000000088000000, 0x0000000088100000|  0%| F|  |TAMS 0x0000000088000000, 0x0000000088000000| Untracked 
| 129|0x0000000088100000, 0x0000000088100000, 0x0000000088200000|  0%| F|  |TAMS 0x0000000088100000, 0x0000000088100000| Untracked 
| 130|0x0000000088200000, 0x0000000088200000, 0x0000000088300000|  0%| F|  |TAMS 0x0000000088200000, 0x0000000088200000| Untracked 
| 131|0x0000000088300000, 0x0000000088300000, 0x0000000088400000|  0%| F|  |TAMS 0x0000000088300000, 0x0000000088300000| Untracked 
| 132|0x0000000088400000, 0x0000000088400000, 0x0000000088500000|  0%| F|  |TAMS 0x0000000088400000, 0x0000000088400000| Untracked 
| 133|0x0000000088500000, 0x0000000088500000, 0x0000000088600000|  0%| F|  |TAMS 0x0000000088500000, 0x0000000088500000| Untracked 
| 134|0x0000000088600000, 0x0000000088600000, 0x0000000088700000|  0%| F|  |TAMS 0x0000000088600000, 0x0000000088600000| Untracked 
| 135|0x0000000088700000, 0x0000000088700000, 0x0000000088800000|  0%| F|  |TAMS 0x0000000088700000, 0x0000000088700000| Untracked 
| 136|0x0000000088800000, 0x0000000088800000, 0x0000000088900000|  0%| F|  |TAMS 0x0000000088800000, 0x0000000088800000| Untracked 
| 137|0x0000000088900000, 0x0000000088900000, 0x0000000088a00000|  0%| F|  |TAMS 0x0000000088900000, 0x0000000088900000| Untracked 
| 138|0x0000000088a00000, 0x0000000088a00000, 0x0000000088b00000|  0%| F|  |TAMS 0x0000000088a00000, 0x0000000088a00000| Untracked 
| 139|0x0000000088b00000, 0x0000000088b00000, 0x0000000088c00000|  0%| F|  |TAMS 0x0000000088b00000, 0x0000000088b00000| Untracked 
| 140|0x0000000088c00000, 0x0000000088c00000, 0x0000000088d00000|  0%| F|  |TAMS 0x0000000088c00000, 0x0000000088c00000| Untracked 
| 141|0x0000000088d00000, 0x0000000088d00000, 0x0000000088e00000|  0%| F|  |TAMS 0x0000000088d00000, 0x0000000088d00000| Untracked 
| 142|0x0000000088e00000, 0x0000000088e00000, 0x0000000088f00000|  0%| F|  |TAMS 0x0000000088e00000, 0x0000000088e00000| Untracked 
| 143|0x0000000088f00000, 0x0000000088f00000, 0x0000000089000000|  0%| F|  |TAMS 0x0000000088f00000, 0x0000000088f00000| Untracked 
| 144|0x0000000089000000, 0x0000000089080800, 0x0000000089100000| 50%| E|  |TAMS 0x0000000089000000, 0x0000000089000000| Complete 
| 145|0x0000000089100000, 0x0000000089200000, 0x0000000089200000|100%| E|CS|TAMS 0x0000000089100000, 0x0000000089100000| Complete 
| 146|0x0000000089200000, 0x0000000089300000, 0x0000000089300000|100%| E|CS|TAMS 0x0000000089200000, 0x0000000089200000| Complete 
| 147|0x0000000089300000, 0x0000000089400000, 0x0000000089400000|100%| E|CS|TAMS 0x0000000089300000, 0x0000000089300000| Complete 
| 148|0x0000000089400000, 0x0000000089500000, 0x0000000089500000|100%| E|CS|TAMS 0x0000000089400000, 0x0000000089400000| Complete 
| 149|0x0000000089500000, 0x0000000089600000, 0x0000000089600000|100%| E|CS|TAMS 0x0000000089500000, 0x0000000089500000| Complete 
| 150|0x0000000089600000, 0x0000000089700000, 0x0000000089700000|100%| E|CS|TAMS 0x0000000089600000, 0x0000000089600000| Complete 
| 151|0x0000000089700000, 0x0000000089800000, 0x0000000089800000|100%| E|CS|TAMS 0x0000000089700000, 0x0000000089700000| Complete 
| 152|0x0000000089800000, 0x0000000089900000, 0x0000000089900000|100%| E|CS|TAMS 0x0000000089800000, 0x0000000089800000| Complete 
| 153|0x0000000089900000, 0x0000000089a00000, 0x0000000089a00000|100%| E|CS|TAMS 0x0000000089900000, 0x0000000089900000| Complete 

Card table byte_map: [0x0000025c7a950000,0x0000025c7ad50000] _byte_map_base: 0x0000025c7a550000

Marking Bits (Prev, Next): (CMBitMap*) 0x0000025c62e324a8, (CMBitMap*) 0x0000025c62e324e0
 Prev Bits: [0x0000025c7b150000, 0x0000025c7d150000)
 Next Bits: [0x0000025c7d150000, 0x0000025c7f150000)

Polling page: 0x0000025c60dd0000

Metaspace:

Usage:
  Non-class:     70.75 MB capacity,    69.33 MB ( 98%) used,     1.20 MB (  2%) free+waste,   234.38 KB ( <1%) overhead. 
      Class:     11.15 MB capacity,    10.20 MB ( 91%) used,   863.82 KB (  8%) free+waste,   110.75 KB ( <1%) overhead. 
       Both:     81.90 MB capacity,    79.52 MB ( 97%) used,     2.04 MB (  2%) free+waste,   345.13 KB ( <1%) overhead. 

Virtual space:
  Non-class space:       72.00 MB reserved,      70.83 MB ( 98%) committed 
      Class space:      504.00 MB reserved,      11.25 MB (  2%) committed 
             Both:      576.00 MB reserved,      82.08 MB ( 14%) committed 

Chunk freelists:
   Non-Class:  14.00 KB
       Class:  7.00 KB
        Both:  21.00 KB

MaxMetaspaceSize: 512.00 MB
CompressedClassSpaceSize: 504.00 MB
Initial GC threshold: 20.80 MB
Current GC threshold: 105.76 MB
CDS: off

CodeHeap 'non-profiled nmethods': size=120064Kb used=5453Kb max_used=5453Kb free=114610Kb
 bounds [0x0000025c73010000, 0x0000025c73570000, 0x0000025c7a550000]
CodeHeap 'profiled nmethods': size=120000Kb used=19099Kb max_used=19099Kb free=100900Kb
 bounds [0x0000025c6bae0000, 0x0000025c6cd90000, 0x0000025c73010000]
CodeHeap 'non-nmethods': size=5696Kb used=2370Kb max_used=2425Kb free=3325Kb
 bounds [0x0000025c6b550000, 0x0000025c6b7c0000, 0x0000025c6bae0000]
 total_blobs=9567 nmethods=8675 adapters=804
 compilation: enabled
              stopped_count=0, restarted_count=0
 full_count=0

Compilation events (20 events):
Event: 41.537 Thread 0x0000025c7f67e000 nmethod 8623 0x0000025c7355e590 code [0x0000025c7355e740, 0x0000025c7355e8f8]
Event: 41.648 Thread 0x0000025c7f67e000 8652       4       java.util.ComparableTimSort::binarySort (223 bytes)
Event: 41.654 Thread 0x0000025c02000800 8653       3       com.sun.beans.finder.FinderUtils::packageName (42 bytes)
Event: 41.655 Thread 0x0000025c02000800 nmethod 8653 0x0000025c6cd60810 code [0x0000025c6cd60a80, 0x0000025c6cd611e8]
Event: 41.659 Thread 0x0000025c02000800 8659       3       org.gradle.internal.logging.text.AbstractStyledTextOutput::style (20 bytes)
Event: 41.660 Thread 0x0000025c02000800 nmethod 8659 0x0000025c6cd61510 code [0x0000025c6cd616e0, 0x0000025c6cd61948]
Event: 41.660 Thread 0x0000025c02000800 8660       3       org.codehaus.groovy.reflection.ParameterTypes::isValidMethod (77 bytes)
Event: 41.661 Thread 0x0000025c02000800 nmethod 8660 0x0000025c6cd61a10 code [0x0000025c6cd61c20, 0x0000025c6cd62368]
Event: 41.663 Thread 0x0000025c02000800 8662       3       java.util.LinkedList::addAll (182 bytes)
Event: 41.664 Thread 0x0000025c02000800 nmethod 8662 0x0000025c6cd62590 code [0x0000025c6cd62800, 0x0000025c6cd632f8]
Event: 41.664 Thread 0x0000025c02000800 8661       3       java.util.LinkedList::addAll (10 bytes)
Event: 41.665 Thread 0x0000025c02000800 nmethod 8661 0x0000025c6cd63790 code [0x0000025c6cd63940, 0x0000025c6cd63a88]
Event: 41.679 Thread 0x0000025c02000800 8663       1       org.gradle.internal.logging.events.RenderableOutputEvent::getBuildOperationId (5 bytes)
Event: 41.679 Thread 0x0000025c02000800 nmethod 8663 0x0000025c7355eb10 code [0x0000025c7355ecc0, 0x0000025c7355ed78]
Event: 41.705 Thread 0x0000025c7f67e000 nmethod 8652 0x0000025c7355ee10 code [0x0000025c7355f060, 0x0000025c73560530]
Event: 41.705 Thread 0x0000025c7f67e000 8656       4       java.lang.StringBuilder::append (8 bytes)
Event: 41.717 Thread 0x0000025c7f67e000 nmethod 8656 0x0000025c73561090 code [0x0000025c73561240, 0x0000025c735618c8]
Event: 41.717 Thread 0x0000025c7f67e000 8657       4       java.util.Hashtable$Enumerator::hasMoreElements (53 bytes)
Event: 41.722 Thread 0x0000025c7f67e000 nmethod 8657 0x0000025c73561c90 code [0x0000025c73561e20, 0x0000025c73562058]
Event: 41.722 Thread 0x0000025c7f67e000 8654   !   4       com.sun.beans.TypeResolver::resolve (261 bytes)

GC Heap History (20 events):
Event: 15.227 GC heap before
{Heap before GC invocations=10 (full 0):
 garbage-first heap   total 131072K, used 70839K [0x0000000080000000, 0x0000000100000000)
  region size 1024K, 52 young (53248K), 7 survivors (7168K)
 Metaspace       used 39477K, capacity 40411K, committed 40528K, reserved 552960K
  class space    used 4925K, capacity 5286K, committed 5376K, reserved 516096K
}
Event: 15.248 GC heap after
{Heap after GC invocations=11 (full 0):
 garbage-first heap   total 157696K, used 26532K [0x0000000080000000, 0x0000000100000000)
  region size 1024K, 7 young (7168K), 7 survivors (7168K)
 Metaspace       used 39477K, capacity 40411K, committed 40528K, reserved 552960K
  class space    used 4925K, capacity 5286K, committed 5376K, reserved 516096K
}
Event: 24.497 GC heap before
{Heap before GC invocations=11 (full 0):
 garbage-first heap   total 157696K, used 85924K [0x0000000080000000, 0x0000000100000000)
  region size 1024K, 65 young (66560K), 7 survivors (7168K)
 Metaspace       used 43511K, capacity 44717K, committed 44880K, reserved 557056K
  class space    used 5409K, capacity 5853K, committed 5888K, reserved 516096K
}
Event: 24.516 GC heap after
{Heap after GC invocations=12 (full 0):
 garbage-first heap   total 157696K, used 30160K [0x0000000080000000, 0x0000000100000000)
  region size 1024K, 7 young (7168K), 7 survivors (7168K)
 Metaspace       used 43511K, capacity 44717K, committed 44880K, reserved 557056K
  class space    used 5409K, capacity 5853K, committed 5888K, reserved 516096K
}
Event: 26.605 GC heap before
{Heap before GC invocations=12 (full 0):
 garbage-first heap   total 157696K, used 92624K [0x0000000080000000, 0x0000000100000000)
  region size 1024K, 68 young (69632K), 7 survivors (7168K)
 Metaspace       used 48447K, capacity 49757K, committed 49872K, reserved 561152K
  class space    used 6151K, capacity 6682K, committed 6784K, reserved 516096K
}
Event: 26.622 GC heap after
{Heap after GC invocations=13 (full 0):
 garbage-first heap   total 157696K, used 31797K [0x0000000080000000, 0x0000000100000000)
  region size 1024K, 6 young (6144K), 6 survivors (6144K)
 Metaspace       used 48447K, capacity 49757K, committed 49872K, reserved 561152K
  class space    used 6151K, capacity 6682K, committed 6784K, reserved 516096K
}
Event: 29.562 GC heap before
{Heap before GC invocations=13 (full 0):
 garbage-first heap   total 157696K, used 105525K [0x0000000080000000, 0x0000000100000000)
  region size 1024K, 74 young (75776K), 6 survivors (6144K)
 Metaspace       used 54474K, capacity 56005K, committed 56144K, reserved 565248K
  class space    used 6992K, capacity 7591K, committed 7680K, reserved 516096K
}
Event: 29.580 GC heap after
{Heap after GC invocations=14 (full 0):
 garbage-first heap   total 157696K, used 40484K [0x0000000080000000, 0x0000000100000000)
  region size 1024K, 10 young (10240K), 10 survivors (10240K)
 Metaspace       used 54474K, capacity 56005K, committed 56144K, reserved 565248K
  class space    used 6992K, capacity 7591K, committed 7680K, reserved 516096K
}
Event: 30.903 GC heap before
{Heap before GC invocations=14 (full 0):
 garbage-first heap   total 157696K, used 90660K [0x0000000080000000, 0x0000000100000000)
  region size 1024K, 60 young (61440K), 10 survivors (10240K)
 Metaspace       used 58477K, capacity 60083K, committed 60240K, reserved 569344K
  class space    used 7545K, capacity 8183K, committed 8192K, reserved 516096K
}
Event: 30.927 GC heap after
{Heap after GC invocations=15 (full 0):
 garbage-first heap   total 157696K, used 42460K [0x0000000080000000, 0x0000000100000000)
  region size 1024K, 7 young (7168K), 7 survivors (7168K)
 Metaspace       used 58477K, capacity 60083K, committed 60240K, reserved 569344K
  class space    used 7545K, capacity 8183K, committed 8192K, reserved 516096K
}
Event: 32.504 GC heap before
{Heap before GC invocations=16 (full 0):
 garbage-first heap   total 157696K, used 111068K [0x0000000080000000, 0x0000000100000000)
  region size 1024K, 74 young (75776K), 7 survivors (7168K)
 Metaspace       used 62849K, capacity 64667K, committed 64720K, reserved 573440K
  class space    used 8102K, capacity 8803K, committed 8832K, reserved 516096K
}
Event: 32.526 GC heap after
{Heap after GC invocations=17 (full 0):
 garbage-first heap   total 157696K, used 44888K [0x0000000080000000, 0x0000000100000000)
  region size 1024K, 5 young (5120K), 5 survivors (5120K)
 Metaspace       used 62849K, capacity 64667K, committed 64720K, reserved 573440K
  class space    used 8102K, capacity 8803K, committed 8832K, reserved 516096K
}
Event: 35.379 GC heap before
{Heap before GC invocations=18 (full 0):
 garbage-first heap   total 157696K, used 114520K [0x0000000080000000, 0x0000000100000000)
  region size 1024K, 74 young (75776K), 5 survivors (5120K)
 Metaspace       used 67660K, capacity 69611K, committed 69840K, reserved 577536K
  class space    used 8730K, capacity 9497K, committed 9600K, reserved 516096K
}
Event: 35.398 GC heap after
{Heap after GC invocations=19 (full 0):
 garbage-first heap   total 157696K, used 50088K [0x0000000080000000, 0x0000000100000000)
  region size 1024K, 10 young (10240K), 10 survivors (10240K)
 Metaspace       used 67660K, capacity 69611K, committed 69840K, reserved 577536K
  class space    used 8730K, capacity 9497K, committed 9600K, reserved 516096K
}
Event: 37.512 GC heap before
{Heap before GC invocations=19 (full 0):
 garbage-first heap   total 157696K, used 121768K [0x0000000080000000, 0x0000000100000000)
  region size 1024K, 77 young (78848K), 10 survivors (10240K)
 Metaspace       used 72579K, capacity 74766K, committed 74832K, reserved 581632K
  class space    used 9357K, capacity 10224K, committed 10240K, reserved 516096K
}
Event: 37.535 GC heap after
{Heap after GC invocations=20 (full 0):
 garbage-first heap   total 157696K, used 62213K [0x0000000080000000, 0x0000000100000000)
  region size 1024K, 9 young (9216K), 9 survivors (9216K)
 Metaspace       used 72579K, capacity 74766K, committed 74832K, reserved 581632K
  class space    used 9357K, capacity 10224K, committed 10240K, reserved 516096K
}
Event: 39.514 GC heap before
{Heap before GC invocations=20 (full 0):
 garbage-first heap   total 157696K, used 119557K [0x0000000080000000, 0x0000000100000000)
  region size 1024K, 66 young (67584K), 9 survivors (9216K)
 Metaspace       used 79603K, capacity 81816K, committed 82128K, reserved 587776K
  class space    used 10172K, capacity 11055K, committed 11136K, reserved 516096K
}
Event: 39.530 GC heap after
{Heap after GC invocations=21 (full 0):
 garbage-first heap   total 157696K, used 66904K [0x0000000080000000, 0x0000000100000000)
  region size 1024K, 5 young (5120K), 5 survivors (5120K)
 Metaspace       used 79603K, capacity 81816K, committed 82128K, reserved 587776K
  class space    used 10172K, capacity 11055K, committed 11136K, reserved 516096K
}
Event: 41.018 GC heap before
{Heap before GC invocations=21 (full 0):
 garbage-first heap   total 157696K, used 123224K [0x0000000080000000, 0x0000000100000000)
  region size 1024K, 59 young (60416K), 5 survivors (5120K)
 Metaspace       used 81091K, capacity 83453K, committed 83664K, reserved 589824K
  class space    used 10392K, capacity 11323K, committed 11392K, reserved 516096K
}
Event: 41.036 GC heap after
{Heap after GC invocations=22 (full 0):
 garbage-first heap   total 157696K, used 72484K [0x0000000080000000, 0x0000000100000000)
  region size 1024K, 6 young (6144K), 6 survivors (6144K)
 Metaspace       used 81091K, capacity 83453K, committed 83664K, reserved 589824K
  class space    used 10392K, capacity 11323K, committed 11392K, reserved 516096K
}

Deoptimization events (20 events):
Event: 40.488 Thread 0x0000025c040ef800 Uncommon trap: trap_request=0xfffffff4 fr.pc=0x0000025c73385a18 relative=0x0000000000000978
Event: 40.488 Thread 0x0000025c040ef800 Uncommon trap: reason=null_check action=make_not_entrant pc=0x0000025c73385a18 method=com.sun.beans.introspect.MethodInfo$MethodOrder.compare(Ljava/lang/reflect/Method;Ljava/lang/reflect/Method;)I @ 133 c2
Event: 40.488 Thread 0x0000025c040ef800 DEOPT PACKING pc=0x0000025c73385a18 sp=0x0000005d9e5f3480
Event: 40.488 Thread 0x0000025c040ef800 DEOPT UNPACKING pc=0x0000025c6b59a1af sp=0x0000005d9e5f3420 mode 2
Event: 40.509 Thread 0x0000025c040ef800 DEOPT PACKING pc=0x0000025c6c854d05 sp=0x0000005d9e5f3570
Event: 40.509 Thread 0x0000025c040ef800 DEOPT UNPACKING pc=0x0000025c6b59a95e sp=0x0000005d9e5f2ad0 mode 0
Event: 40.552 Thread 0x0000025c040ef800 DEOPT PACKING pc=0x0000025c6c854c5d sp=0x0000005d9e5f3650
Event: 40.552 Thread 0x0000025c040ef800 DEOPT UNPACKING pc=0x0000025c6b59a95e sp=0x0000005d9e5f2b98 mode 0
Event: 40.754 Thread 0x0000025c040ef800 Uncommon trap: trap_request=0xfffffff4 fr.pc=0x0000025c73540954 relative=0x00000000000009b4
Event: 40.755 Thread 0x0000025c040ef800 Uncommon trap: reason=null_check action=make_not_entrant pc=0x0000025c73540954 method=com.sun.beans.introspect.MethodInfo$MethodOrder.compare(Ljava/lang/reflect/Method;Ljava/lang/reflect/Method;)I @ 145 c2
Event: 40.755 Thread 0x0000025c040ef800 DEOPT PACKING pc=0x0000025c73540954 sp=0x0000005d9e5f1f30
Event: 40.755 Thread 0x0000025c040ef800 DEOPT UNPACKING pc=0x0000025c6b59a1af sp=0x0000005d9e5f1ed0 mode 2
Event: 41.665 Thread 0x0000025c040ef800 Uncommon trap: trap_request=0xffffffc6 fr.pc=0x0000025c732799d0 relative=0x00000000000008f0
Event: 41.665 Thread 0x0000025c040ef800 Uncommon trap: reason=bimorphic_or_optimized_type_check action=maybe_recompile pc=0x0000025c732799d0 method=java.lang.Throwable.<init>(Ljava/lang/String;Ljava/lang/Throwable;)V @ 24 c2
Event: 41.665 Thread 0x0000025c040ef800 DEOPT PACKING pc=0x0000025c732799d0 sp=0x0000005d9e5f9010
Event: 41.665 Thread 0x0000025c040ef800 DEOPT UNPACKING pc=0x0000025c6b59a1af sp=0x0000005d9e5f8fd8 mode 2
Event: 41.665 Thread 0x0000025c040ef800 Uncommon trap: trap_request=0xffffffc6 fr.pc=0x0000025c732799d0 relative=0x00000000000008f0
Event: 41.665 Thread 0x0000025c040ef800 Uncommon trap: reason=bimorphic_or_optimized_type_check action=maybe_recompile pc=0x0000025c732799d0 method=java.lang.Throwable.<init>(Ljava/lang/String;Ljava/lang/Throwable;)V @ 24 c2
Event: 41.665 Thread 0x0000025c040ef800 DEOPT PACKING pc=0x0000025c732799d0 sp=0x0000005d9e5f9d20
Event: 41.665 Thread 0x0000025c040ef800 DEOPT UNPACKING pc=0x0000025c6b59a1af sp=0x0000005d9e5f9ce8 mode 2

Classes redefined (0 events):
No events

Internal exceptions (20 events):
Event: 40.991 Thread 0x0000025c040ef800 Exception <a 'java/lang/ClassNotFoundException'{0x0000000086645568}: org/gradle/api/DefaultTaskCustomizer> (0x0000000086645568) thrown at [./src/hotspot/share/classfile/systemDictionary.cpp, line 230]
Event: 40.995 Thread 0x0000025c040ef800 Exception <a 'java/lang/ClassNotFoundException'{0x00000000866c80f8}: org/gradle/api/internal/ConventionTaskCustomizer> (0x00000000866c80f8) thrown at [./src/hotspot/share/classfile/systemDictionary.cpp, line 230]
Event: 40.998 Thread 0x0000025c040ef800 Exception <a 'java/lang/ClassNotFoundException'{0x0000000086504330}: org/gradle/api/tasks/AbstractCopyTaskCustomizer> (0x0000000086504330) thrown at [./src/hotspot/share/classfile/systemDictionary.cpp, line 230]
Event: 41.008 Thread 0x0000025c040ef800 Exception <a 'java/lang/ClassNotFoundException'{0x000000008659ebf8}: org/gradle/api/tasks/CopyCustomizer> (0x000000008659ebf8) thrown at [./src/hotspot/share/classfile/systemDictionary.cpp, line 230]
Event: 41.010 Thread 0x0000025c040ef800 Exception <a 'java/lang/ClassNotFoundException'{0x00000000865dfa78}: org/gradle/api/tasks/Copy_DecoratedCustomizer> (0x00000000865dfa78) thrown at [./src/hotspot/share/classfile/systemDictionary.cpp, line 230]
Event: 41.042 Thread 0x0000025c040ef800 Exception <a 'java/lang/ClassNotFoundException'{0x00000000898cacb0}: org/gradle/api/internal/artifacts/configurations/DefaultConfigurationContainer_DecoratedBeanInfo> (0x00000000898cacb0) thrown at [./src/hotspot/share/classfile/systemDictionary.cpp, line 230]
Event: 41.044 Thread 0x0000025c040ef800 Exception <a 'java/lang/ClassNotFoundException'{0x0000000089713740}: org/gradle/api/internal/artifacts/configurations/DefaultConfigurationContainerBeanInfo> (0x0000000089713740) thrown at [./src/hotspot/share/classfile/systemDictionary.cpp, line 230]
Event: 41.046 Thread 0x0000025c040ef800 Exception <a 'java/lang/ClassNotFoundException'{0x000000008974a5b8}: org/gradle/api/internal/AbstractValidatingNamedDomainObjectContainerBeanInfo> (0x000000008974a5b8) thrown at [./src/hotspot/share/classfile/systemDictionary.cpp, line 230]
Event: 41.048 Thread 0x0000025c040ef800 Exception <a 'java/lang/ClassNotFoundException'{0x0000000089781428}: org/gradle/api/internal/AbstractValidatingNamedDomainObjectContainerCustomizer> (0x0000000089781428) thrown at [./src/hotspot/share/classfile/systemDictionary.cpp, line 230]
Event: 41.051 Thread 0x0000025c040ef800 Exception <a 'java/lang/ClassNotFoundException'{0x00000000897d3de0}: org/gradle/api/internal/artifacts/configurations/DefaultConfigurationContainerCustomizer> (0x00000000897d3de0) thrown at [./src/hotspot/share/classfile/systemDictionary.cpp, line 230]
Event: 41.055 Thread 0x0000025c040ef800 Exception <a 'java/lang/ClassNotFoundException'{0x0000000089633460}: org/gradle/api/internal/artifacts/configurations/DefaultConfigurationContainer_DecoratedCustomizer> (0x0000000089633460) thrown at [./src/hotspot/share/classfile/systemDictionary.cpp, line 230]
Event: 41.650 Thread 0x0000025c040ef800 Exception <a 'java/lang/ClassNotFoundException'{0x00000000896e9520}: org/gradle/internal/logging/slf4j/OutputEventListenerBackedLoggerBeanInfo> (0x00000000896e9520) thrown at [./src/hotspot/share/classfile/systemDictionary.cpp, line 230]
Event: 41.652 Thread 0x0000025c040ef800 Exception <a 'java/lang/ClassNotFoundException'{0x0000000089514b38}: org/gradle/internal/logging/slf4j/BuildOperationAwareLoggerBeanInfo> (0x0000000089514b38) thrown at [./src/hotspot/share/classfile/systemDictionary.cpp, line 230]
Event: 41.654 Thread 0x0000025c040ef800 Exception <a 'java/lang/ClassNotFoundException'{0x000000008953faa0}: org/gradle/internal/logging/slf4j/BuildOperationAwareLoggerCustomizer> (0x000000008953faa0) thrown at [./src/hotspot/share/classfile/systemDictionary.cpp, line 230]
Event: 41.657 Thread 0x0000025c040ef800 Exception <a 'java/lang/ClassNotFoundException'{0x000000008959d228}: org/gradle/internal/logging/slf4j/OutputEventListenerBackedLoggerCustomizer> (0x000000008959d228) thrown at [./src/hotspot/share/classfile/systemDictionary.cpp, line 230]
Event: 41.661 Thread 0x0000025c040ef800 Exception <a 'java/lang/ClassNotFoundException'{0x0000000089405858}: java/lang/ExceptionBeanInfo> (0x0000000089405858) thrown at [./src/hotspot/share/classfile/systemDictionary.cpp, line 230]
Event: 41.662 Thread 0x0000025c040ef800 Exception <a 'java/lang/ClassNotFoundException'{0x000000008940aa50}: java/lang/ThrowableBeanInfo> (0x000000008940aa50) thrown at [./src/hotspot/share/classfile/systemDictionary.cpp, line 230]
Event: 41.662 Thread 0x0000025c040ef800 Exception <a 'java/lang/ClassNotFoundException'{0x000000008940f970}: java/lang/ThrowableCustomizer> (0x000000008940f970) thrown at [./src/hotspot/share/classfile/systemDictionary.cpp, line 230]
Event: 41.663 Thread 0x0000025c040ef800 Exception <a 'java/lang/ClassNotFoundException'{0x000000008941cb88}: java/lang/ExceptionCustomizer> (0x000000008941cb88) thrown at [./src/hotspot/share/classfile/systemDictionary.cpp, line 230]
Event: 41.664 Thread 0x0000025c040ef800 Exception <a 'java/lang/reflect/InvocationTargetException'{0x00000000894259a0}> (0x00000000894259a0) thrown at [./src/hotspot/share/runtime/reflection.cpp, line 1247]

Events (20 events):
Event: 41.662 loading class java/lang/ExceptionCustomizer done
Event: 41.663 loading class java/lang/ExceptionCustomizer
Event: 41.663 loading class java/lang/ExceptionCustomizer done
Event: 41.666 loading class org/gradle/internal/exceptions/DefaultMultiCauseException$1
Event: 41.666 loading class org/gradle/internal/exceptions/DefaultMultiCauseException$1 done
Event: 41.667 loading class com/android/build/gradle/internal/utils/AgpVersionChecker$compareVersions$1
Event: 41.667 loading class com/android/build/gradle/internal/utils/AgpVersionChecker$compareVersions$1 done
Event: 41.699 loading class com/android/build/gradle/internal/plugins/BasePlugin
Event: 41.699 loading class com/android/build/gradle/internal/plugins/BasePlugin done
Event: 41.700 loading class org/gradle/api/artifacts/repositories/ArtifactRepository
Event: 41.700 loading class org/gradle/api/artifacts/repositories/ArtifactRepository done
Event: 41.701 loading class org/gradle/api/artifacts/repositories/ArtifactRepository
Event: 41.701 loading class org/gradle/api/artifacts/repositories/ArtifactRepository done
Event: 41.701 loading class com/android/build/gradle/internal/plugins/BasePlugin
Event: 41.701 loading class com/android/build/gradle/internal/plugins/BasePlugin done
Event: 41.701 loading class org/gradle/api/artifacts/repositories/FlatDirectoryArtifactRepository
Event: 41.701 loading class org/gradle/api/artifacts/repositories/FlatDirectoryArtifactRepository done
Event: 41.701 loading class com/android/build/gradle/internal/SdkLocator
Event: 41.701 loading class com/android/build/gradle/internal/SdkLocator done
Event: 41.720 loading class java/util/AbstractList$RandomAccessSubList


Dynamic libraries:
0x00007ff70e300000 - 0x00007ff70e30d000 	C:\Program Files\OpenJDK\openjdk-11.0.15_10\bin\java.exe
0x00007ff9caeb0000 - 0x00007ff9cb0a7000 	C:\WINDOWS\SYSTEM32\ntdll.dll
0x00007ff9cac10000 - 0x00007ff9caccd000 	C:\WINDOWS\System32\KERNEL32.DLL
0x00007ff9c8810000 - 0x00007ff9c8add000 	C:\WINDOWS\System32\KERNELBASE.dll
0x00007ff9c8c80000 - 0x00007ff9c8d80000 	C:\WINDOWS\System32\ucrtbase.dll
0x00007ff9a51a0000 - 0x00007ff9a51b8000 	C:\Program Files\OpenJDK\openjdk-11.0.15_10\bin\jli.dll
0x00007ff9c9d10000 - 0x00007ff9c9eb0000 	C:\WINDOWS\System32\USER32.dll
0x00007ff9c8680000 - 0x00007ff9c86a2000 	C:\WINDOWS\System32\win32u.dll
0x00007ff9ca2c0000 - 0x00007ff9ca2ea000 	C:\WINDOWS\System32\GDI32.dll
0x00007ff9c8ae0000 - 0x00007ff9c8beb000 	C:\WINDOWS\System32\gdi32full.dll
0x00007ff9c8720000 - 0x00007ff9c87bd000 	C:\WINDOWS\System32\msvcp_win.dll
0x00007ff9a8470000 - 0x00007ff9a8486000 	C:\Program Files\OpenJDK\openjdk-11.0.15_10\bin\VCRUNTIME140.dll
0x00007ff9b8a90000 - 0x00007ff9b8d2a000 	C:\WINDOWS\WinSxS\amd64_microsoft.windows.common-controls_6595b64144ccf1df_6.0.19041.1110_none_60b5254171f9507e\COMCTL32.dll
0x00007ff9ca2f0000 - 0x00007ff9ca38e000 	C:\WINDOWS\System32\msvcrt.dll
0x00007ff9c8f10000 - 0x00007ff9c8f40000 	C:\WINDOWS\System32\IMM32.DLL
0x00007ff98e240000 - 0x00007ff98e2ea000 	C:\Program Files\OpenJDK\openjdk-11.0.15_10\bin\msvcp140.dll
0x00007ff97a280000 - 0x00007ff97add1000 	C:\Program Files\OpenJDK\openjdk-11.0.15_10\bin\server\jvm.dll
0x00007ff9c9560000 - 0x00007ff9c960e000 	C:\WINDOWS\System32\ADVAPI32.dll
0x00007ff9ca080000 - 0x00007ff9ca11c000 	C:\WINDOWS\System32\sechost.dll
0x00007ff9c9b30000 - 0x00007ff9c9c55000 	C:\WINDOWS\System32\RPCRT4.dll
0x00007ff9c9f10000 - 0x00007ff9c9f18000 	C:\WINDOWS\System32\PSAPI.DLL
0x00007ff9ae4c0000 - 0x00007ff9ae4c9000 	C:\WINDOWS\SYSTEM32\WSOCK32.dll
0x00007ff9cacd0000 - 0x00007ff9cad3b000 	C:\WINDOWS\System32\WS2_32.dll
0x00007ff9bb4b0000 - 0x00007ff9bb4d7000 	C:\WINDOWS\SYSTEM32\WINMM.dll
0x00007ff9bf190000 - 0x00007ff9bf19a000 	C:\WINDOWS\SYSTEM32\VERSION.dll
0x00007ff9c6eb0000 - 0x00007ff9c6ec2000 	C:\WINDOWS\SYSTEM32\kernel.appcore.dll
0x00007ff9a5180000 - 0x00007ff9a5191000 	C:\Program Files\OpenJDK\openjdk-11.0.15_10\bin\verify.dll
0x00007ff9c6b70000 - 0x00007ff9c6d54000 	C:\WINDOWS\SYSTEM32\DBGHELP.DLL
0x00007ff9c25c0000 - 0x00007ff9c25ec000 	C:\WINDOWS\SYSTEM32\dbgcore.DLL
0x00007ff9c8bf0000 - 0x00007ff9c8c72000 	C:\WINDOWS\System32\bcryptPrimitives.dll
0x00007ff9a33e0000 - 0x00007ff9a3409000 	C:\Program Files\OpenJDK\openjdk-11.0.15_10\bin\java.dll
0x00007ff9a8460000 - 0x00007ff9a846a000 	C:\Program Files\OpenJDK\openjdk-11.0.15_10\bin\jimage.dll
0x00007ff9a3c30000 - 0x00007ff9a3c48000 	C:\Program Files\OpenJDK\openjdk-11.0.15_10\bin\zip.dll
0x00007ff9ca440000 - 0x00007ff9cab84000 	C:\WINDOWS\System32\SHELL32.dll
0x00007ff9c63d0000 - 0x00007ff9c6b64000 	C:\WINDOWS\SYSTEM32\windows.storage.dll
0x00007ff9c9690000 - 0x00007ff9c99e4000 	C:\WINDOWS\System32\combase.dll
0x00007ff9c8030000 - 0x00007ff9c805c000 	C:\WINDOWS\SYSTEM32\Wldp.dll
0x00007ff9ca390000 - 0x00007ff9ca43d000 	C:\WINDOWS\System32\SHCORE.dll
0x00007ff9c9eb0000 - 0x00007ff9c9f05000 	C:\WINDOWS\System32\shlwapi.dll
0x00007ff9c8510000 - 0x00007ff9c852f000 	C:\WINDOWS\SYSTEM32\profapi.dll
0x00007ff9a1050000 - 0x00007ff9a1069000 	C:\Program Files\OpenJDK\openjdk-11.0.15_10\bin\net.dll
0x00007ff9c00d0000 - 0x00007ff9c01da000 	C:\WINDOWS\SYSTEM32\WINHTTP.dll
0x00007ff9c7d90000 - 0x00007ff9c7dfa000 	C:\WINDOWS\system32\mswsock.dll
0x00007ff9a0f20000 - 0x00007ff9a0f33000 	C:\Program Files\OpenJDK\openjdk-11.0.15_10\bin\nio.dll
0x00007ff99cbf0000 - 0x00007ff99cc17000 	C:\Users\Tom\.gradle\native\e1d6ef7f7dcc3fd88c89a11ec53ec762bb8ba0a96d01ffa2cd45eb1d1d8dd5c5\windows-amd64\native-platform.dll
0x00007ff97ddc0000 - 0x00007ff97df04000 	C:\Users\Tom\.gradle\native\5664cfc778a61ccfe75a443a1ab52a65af34e5dc3c78e0209fed803814484fcb\windows-amd64\native-platform-file-events.dll
0x00007ff9a5170000 - 0x00007ff9a5179000 	C:\Program Files\OpenJDK\openjdk-11.0.15_10\bin\management.dll
0x00007ff9a42c0000 - 0x00007ff9a42cc000 	C:\Program Files\OpenJDK\openjdk-11.0.15_10\bin\management_ext.dll
0x00007ff9c7f80000 - 0x00007ff9c7f98000 	C:\WINDOWS\SYSTEM32\CRYPTSP.dll
0x00007ff9c7640000 - 0x00007ff9c7674000 	C:\WINDOWS\system32\rsaenh.dll
0x00007ff9c8d80000 - 0x00007ff9c8da7000 	C:\WINDOWS\System32\bcrypt.dll
0x00007ff9c8490000 - 0x00007ff9c84be000 	C:\WINDOWS\SYSTEM32\USERENV.dll
0x00007ff9c7fa0000 - 0x00007ff9c7fac000 	C:\WINDOWS\SYSTEM32\CRYPTBASE.dll
0x00007ff9c7a30000 - 0x00007ff9c7a6b000 	C:\WINDOWS\SYSTEM32\IPHLPAPI.DLL
0x00007ff9cad40000 - 0x00007ff9cad48000 	C:\WINDOWS\System32\NSI.dll
0x00007ff9c0490000 - 0x00007ff9c04a7000 	C:\WINDOWS\SYSTEM32\dhcpcsvc6.DLL
0x00007ff9c0eb0000 - 0x00007ff9c0ecd000 	C:\WINDOWS\SYSTEM32\dhcpcsvc.DLL
0x00007ff9c7ac0000 - 0x00007ff9c7b8b000 	C:\WINDOWS\SYSTEM32\DNSAPI.dll

dbghelp: loaded successfully - version: 4.0.5 - missing functions: none
symbol engine: initialized successfully - sym options: 0x614 - pdb path: .;C:\Program Files\OpenJDK\openjdk-11.0.15_10\bin;C:\WINDOWS\SYSTEM32;C:\WINDOWS\WinSxS\amd64_microsoft.windows.common-controls_6595b64144ccf1df_6.0.19041.1110_none_60b5254171f9507e;C:\Program Files\OpenJDK\openjdk-11.0.15_10\bin\server;C:\Users\Tom\.gradle\native\e1d6ef7f7dcc3fd88c89a11ec53ec762bb8ba0a96d01ffa2cd45eb1d1d8dd5c5\windows-amd64;C:\Users\Tom\.gradle\native\5664cfc778a61ccfe75a443a1ab52a65af34e5dc3c78e0209fed803814484fcb\windows-amd64

VM Arguments:
jvm_args: -XX:MaxMetaspaceSize=512m --add-opens=java.base/java.util=ALL-UNNAMED --add-opens=java.base/java.lang=ALL-UNNAMED --add-opens=java.base/java.lang.invoke=ALL-UNNAMED --add-opens=java.base/java.util=ALL-UNNAMED --add-opens=java.prefs/java.util.prefs=ALL-UNNAMED --add-opens=java.prefs/java.util.prefs=ALL-UNNAMED --add-opens=java.base/java.nio.charset=ALL-UNNAMED --add-opens=java.base/java.net=ALL-UNNAMED --add-opens=java.base/java.util.concurrent.atomic=ALL-UNNAMED -Xmx2048m -Dfile.encoding=windows-1252 -Duser.country=GB -Duser.language=en -Duser.variant 
java_command: org.gradle.launcher.daemon.bootstrap.GradleDaemon 7.3.3
java_class_path (initial): C:\Users\Tom\.gradle\wrapper\dists\gradle-7.3.3-all\4295vidhdd9hd3gbjyw1xqxpo\gradle-7.3.3\lib\gradle-launcher-7.3.3.jar
Launcher Type: SUN_STANDARD

[Global flags]
     intx CICompilerCount                          = 3                                         {product} {ergonomic}
   size_t CompressedClassSpaceSize                 = 528482304                                 {product} {ergonomic}
     uint ConcGCThreads                            = 1                                         {product} {ergonomic}
     uint G1ConcRefinementThreads                  = 4                                         {product} {ergonomic}
   size_t G1HeapRegionSize                         = 1048576                                   {product} {ergonomic}
    uintx GCDrainStackTargetSize                   = 64                                        {product} {ergonomic}
   size_t InitialHeapSize                          = 134217728                                 {product} {ergonomic}
   size_t MarkStackSize                            = 4194304                                   {product} {ergonomic}
   size_t MaxHeapSize                              = 2147483648                                {product} {command line}
   size_t MaxMetaspaceSize                         = 536870912                                 {product} {command line}
   size_t MaxNewSize                               = 1287651328                                {product} {ergonomic}
   size_t MinHeapDeltaBytes                        = 1048576                                   {product} {ergonomic}
    uintx NonNMethodCodeHeapSize                   = 5830732                                {pd product} {ergonomic}
    uintx NonProfiledCodeHeapSize                  = 122913754                              {pd product} {ergonomic}
    uintx ProfiledCodeHeapSize                     = 122913754                              {pd product} {ergonomic}
    uintx ReservedCodeCacheSize                    = 251658240                              {pd product} {ergonomic}
     bool SegmentedCodeCache                       = true                                      {product} {ergonomic}
     bool UseCompressedClassPointers               = true                                 {lp64_product} {ergonomic}
     bool UseCompressedOops                        = true                                 {lp64_product} {ergonomic}
     bool UseG1GC                                  = true                                      {product} {ergonomic}
     bool UseLargePagesIndividualAllocation        = false                                  {pd product} {ergonomic}

Logging:
Log output configuration:
 #0: stdout all=warning uptime,level,tags
 #1: stderr all=off uptime,level,tags

Environment Variables:
JAVA_HOME=C:\Program Files\OpenJDK\openjdk-11.0.15_10
CLASSPATH=C:\Users\Tom\Documents\Programmation\React Native\projectRNcli\android\\gradle\wrapper\gradle-wrapper.jar
PATH=C:\Users\Tom\Documents\Programmation\React Native\projectRNcli\android\node_modules\.bin;C:\Users\Tom\Documents\Programmation\React Native\projectRNcli\node_modules\.bin;C:\Users\Tom\Documents\Programmation\React Native\node_modules\.bin;C:\Users\Tom\Documents\Programmation\node_modules\.bin;C:\Users\Tom\Documents\node_modules\.bin;C:\Users\Tom\node_modules\.bin;C:\Users\node_modules\.bin;C:\node_modules\.bin;C:\Program Files\nodejs;C:\Users\Tom\Documents\Programmation\React Native\projectRNcli\node_modules\.bin;C:\Users\Tom\Documents\Programmation\React Native\node_modules\.bin;C:\Users\Tom\Documents\Programmation\node_modules\.bin;C:\Users\Tom\Documents\node_modules\.bin;C:\Users\Tom\node_modules\.bin;C:\Users\node_modules\.bin;C:\node_modules\.bin;C:\Program Files\nodejs\node_modules\npm\node_modules\@npmcli\run-script\lib\node-gyp-bin;C:\Python310\Scripts\;C:\Python310\;C:\Program Files\Common Files\Oracle\Java\javapath;C:\Program Files (x86)\Intel\Intel(R) Management Engine Components\iCLS\;C:\Program Files\Intel\Intel(R) Management Engine Components\iCLS\;C:\windows\system32;C:\windows;C:\windows\System32\Wbem;C:\windows\System32\WindowsPowerShell\v1.0\;C:\Program Files (x86)\Intel\Intel(R) Management Engine Components\DAL;C:\Program Files\Intel\Intel(R) Management Engine Components\DAL;C:\Program Files (x86)\Intel\Intel(R) Management Engine Components\IPT;C:\Program Files\Intel\Intel(R) Management Engine Components\IPT;C:\Program Files (x86)\NVIDIA Corporation\PhysX\Common;C:\WINDOWS\system32;C:\WINDOWS;C:\WINDOWS\System32\Wbem;C:\WINDOWS\System32\WindowsPowerShell\v1.0\;C:\WINDOWS\System32\OpenSSH\;C:\Program Files\Microchip\xc8\v2.36\bin;C:\ProgramData\chocolatey\bin;C:\Program Files\OpenJDK\openjdk-11.0.15_10\bin;C:\Program Files\nodejs\;C:\Users\Tom\AppData\Local\Microsoft\WindowsApps;C:\Users\Tom\AppData\Local\Programs\Microsoft VS Code\bin;C:\Users\Tom\AppData\Local\Android\Sdk\platform-tools;C:\Users\Tom\AppData\Roaming\npm;;C:\Users\Tom\Documents\Pr
USERNAME=Tom
LANG=en_GB.UTF-8
OS=Windows_NT
PROCESSOR_IDENTIFIER=Intel64 Family 6 Model 142 Stepping 10, GenuineIntel



---------------  S Y S T E M  ---------------

OS: Windows 10 , 64 bit Build 19041 (10.0.19041.1741)
OS uptime: 0 days 9:37 hours

CPU:total 4 (initial active 4) (2 cores per cpu, 2 threads per core) family 6 model 142 stepping 10 microcode 0xb4, cmov, cx8, fxsr, mmx, sse, sse2, sse3, ssse3, sse4.1, sse4.2, popcnt, avx, avx2, aes, clmul, erms, 3dnowpref, lzcnt, ht, tsc, tscinvbit, bmi1, bmi2, adx, fma

Memory: 4k page, system-wide physical 8107M (1019M free)
TotalPageFile size 8107M (AvailPageFile size 7M)
current process WorkingSet (physical memory assigned to process): 386M, peak: 388M
current process commit charge ("private bytes"): 431M, peak: 434M

vm_info: OpenJDK 64-Bit Server VM (11.0.15+10) for windows-amd64 JRE (11.0.15+10), built on Apr 21 2022 21:29:46 by "tester" with MS VC++ 15.5 (VS2017)

END.
