#
# There is insufficient memory for the Java Runtime Environment to continue.
# Native memory allocation (malloc) failed to allocate 2091216 bytes for Chunk::new
# Possible reasons:
#   The system is out of physical RAM or swap space
#   The process is running with CompressedOops enabled, and the Java Heap may be blocking the growth of the native heap
# Possible solutions:
#   Reduce memory load on the system
#   Increase physical memory or swap space
#   Check if swap backing store is full
#   Decrease Java heap size (-Xmx/-Xms)
#   Decrease number of Java threads
#   Decrease Java thread stack sizes (-Xss)
#   Set larger code cache with -XX:ReservedCodeCacheSize=
#   JVM is running with Unscaled Compressed Oops mode in which the Java heap is
#     placed in the first 4GB address space. The Java Heap base address is the
#     maximum limit for the native heap growth. Please use -XX:HeapBaseMinAddress
#     to set the Java Heap base and to place the Java Heap above 4GB virtual address.
# This output file may be truncated or incomplete.
#
#  Out of Memory Error (./src/hotspot/share/memory/arena.cpp:197), pid=8968, tid=17756
#
# JRE version: OpenJDK Runtime Environment 18.9 (11.0.15+10) (build 11.0.15+10)
# Java VM: OpenJDK 64-Bit Server VM 18.9 (11.0.15+10, mixed mode, tiered, compressed oops, g1 gc, windows-amd64)
# No core dump will be written. Minidumps are not enabled by default on client versions of Windows
#

---------------  S U M M A R Y ------------

Command Line: -XX:MaxMetaspaceSize=512m --add-opens=java.base/java.util=ALL-UNNAMED --add-opens=java.base/java.lang=ALL-UNNAMED --add-opens=java.base/java.lang.invoke=ALL-UNNAMED --add-opens=java.base/java.util=ALL-UNNAMED --add-opens=java.prefs/java.util.prefs=ALL-UNNAMED --add-opens=java.prefs/java.util.prefs=ALL-UNNAMED --add-opens=java.base/java.nio.charset=ALL-UNNAMED --add-opens=java.base/java.net=ALL-UNNAMED --add-opens=java.base/java.util.concurrent.atomic=ALL-UNNAMED -Xmx2048m -Dfile.encoding=windows-1252 -Duser.country=GB -Duser.language=en -Duser.variant org.gradle.launcher.daemon.bootstrap.GradleDaemon 7.3.3

Host: Intel(R) Core(TM) i3-7020U CPU @ 2.30GHz, 4 cores, 7G,  Windows 10 , 64 bit Build 19041 (10.0.19041.1741)
Time: Sun Jul  3 21:39:14 2022 Romance Summer Time elapsed time: 176.240158 seconds (0d 0h 2m 56s)

---------------  T H R E A D  ---------------

Current thread (0x000001f7a6985800):  JavaThread "C2 CompilerThread0" daemon [_thread_in_native, id=17756, stack(0x00000054bea00000,0x00000054beb00000)]


Current CompileTask:
C2: 176240 12305       4       java.util.regex.Pattern::group0 (1102 bytes)

Stack: [0x00000054bea00000,0x00000054beb00000]
Native frames: (J=compiled Java code, j=interpreted, Vv=VM code, C=native code)
V  [jvm.dll+0x64dd3a]
V  [jvm.dll+0x7906c9]
V  [jvm.dll+0x791d9c]
V  [jvm.dll+0x792463]
V  [jvm.dll+0x265048]
V  [jvm.dll+0xc9da1]
V  [jvm.dll+0xca35c]
V  [jvm.dll+0x37c167]
V  [jvm.dll+0x347153]
V  [jvm.dll+0x34647a]
V  [jvm.dll+0x21e085]
V  [jvm.dll+0x21d25a]
V  [jvm.dll+0x19dd21]
V  [jvm.dll+0x22cc80]
V  [jvm.dll+0x22af81]
V  [jvm.dll+0x75254c]
V  [jvm.dll+0x74b12d]
V  [jvm.dll+0x64c8a6]
C  [ucrtbase.dll+0x21bb2]
C  [KERNEL32.DLL+0x17034]
C  [ntdll.dll+0x52651]


---------------  P R O C E S S  ---------------

Threads class SMR info:
_java_thread_list=0x000001f7b2494ed0, length=85, elements={
0x000001f7877f2800, 0x000001f7a6016800, 0x000001f7a601f800, 0x000001f7a6079000,
0x000001f7a607d000, 0x000001f7a607e000, 0x000001f7a6985800, 0x000001f7a6986800,
0x000001f7a698f800, 0x000001f7a6af1000, 0x000001f7a81c5800, 0x000001f7a7c73000,
0x000001f7a6ff3800, 0x000001f7a81b2800, 0x000001f7a6cfd800, 0x000001f7a7c6e800,
0x000001f7a7c6d000, 0x000001f7a7c6c000, 0x000001f7aa9fc000, 0x000001f7aa9fc800,
0x000001f7aaa03800, 0x000001f7aaa02800, 0x000001f7aaa01800, 0x000001f7aa9fd800,
0x000001f7aaa04000, 0x000001f7aa9fe800, 0x000001f7aaa05000, 0x000001f7a93a3000,
0x000001f7a939f000, 0x000001f7a939f800, 0x000001f7a93a0800, 0x000001f7a939c800,
0x000001f7a939e000, 0x000001f7a939d000, 0x000001f7a93a1800, 0x000001f7a939b800,
0x000001f7a93a4000, 0x000001f7a93a8000, 0x000001f7a93a4800, 0x000001f7a93a7000,
0x000001f7a93a5800, 0x000001f7a93a6000, 0x000001f7a93a2000, 0x000001f7a93a8800,
0x000001f7a93a9800, 0x000001f7a93aa800, 0x000001f7aa9fa800, 0x000001f7aa9ff000,
0x000001f7aa9fb000, 0x000001f7aaa01000, 0x000001f7aaa08000, 0x000001f7aaa05800,
0x000001f7aaa06800, 0x000001f7aaa07800, 0x000001f7aaa09000, 0x000001f7a7c6d800,
0x000001f7af1d4000, 0x000001f7af1d1000, 0x000001f7af1d3800, 0x000001f7af1d5000,
0x000001f7af1d1800, 0x000001f7af1d2800, 0x000001f7af1cf800, 0x000001f7af1d6000,
0x000001f7af1d0000, 0x000001f7af1da800, 0x000001f7af1d9000, 0x000001f7af1db800,
0x000001f7af1d6800, 0x000001f7af1da000, 0x000001f7af1dc800, 0x000001f7af1d8800,
0x000001f7af1dd000, 0x000001f7af1d7800, 0x000001f7af1de000, 0x000001f7aab0c800,
0x000001f7aab08800, 0x000001f7aab09000, 0x000001f7aab0f800, 0x000001f7aab0e000,
0x000001f7aab13000, 0x000001f7aab12000, 0x000001f7aab0d000, 0x000001f7ab1cb800,
0x000001f7aab0a000
}

Java Threads: ( => current thread )
  0x000001f7877f2800 JavaThread "main" [_thread_blocked, id=12316, stack(0x00000054bde00000,0x00000054bdf00000)]
  0x000001f7a6016800 JavaThread "Reference Handler" daemon [_thread_blocked, id=13984, stack(0x00000054be500000,0x00000054be600000)]
  0x000001f7a601f800 JavaThread "Finalizer" daemon [_thread_blocked, id=18396, stack(0x00000054be600000,0x00000054be700000)]
  0x000001f7a6079000 JavaThread "Signal Dispatcher" daemon [_thread_blocked, id=12408, stack(0x00000054be700000,0x00000054be800000)]
  0x000001f7a607d000 JavaThread "Attach Listener" daemon [_thread_blocked, id=10504, stack(0x00000054be800000,0x00000054be900000)]
  0x000001f7a607e000 JavaThread "Service Thread" daemon [_thread_blocked, id=4060, stack(0x00000054be900000,0x00000054bea00000)]
=>0x000001f7a6985800 JavaThread "C2 CompilerThread0" daemon [_thread_in_native, id=17756, stack(0x00000054bea00000,0x00000054beb00000)]
  0x000001f7a6986800 JavaThread "C1 CompilerThread0" daemon [_thread_blocked, id=16212, stack(0x00000054beb00000,0x00000054bec00000)]
  0x000001f7a698f800 JavaThread "Sweeper thread" daemon [_thread_blocked, id=1328, stack(0x00000054bec00000,0x00000054bed00000)]
  0x000001f7a6af1000 JavaThread "Common-Cleaner" daemon [_thread_blocked, id=1768, stack(0x00000054bed00000,0x00000054bee00000)]
  0x000001f7a81c5800 JavaThread "Daemon health stats" [_thread_blocked, id=1096, stack(0x00000054bef00000,0x00000054bf000000)]
  0x000001f7a7c73000 JavaThread "Incoming local TCP Connector on port 56683" [_thread_in_native, id=3584, stack(0x00000054bf200000,0x00000054bf300000)]
  0x000001f7a6ff3800 JavaThread "Daemon periodic checks" [_thread_blocked, id=15908, stack(0x00000054bf300000,0x00000054bf400000)]
  0x000001f7a81b2800 JavaThread "Daemon" [_thread_blocked, id=10220, stack(0x00000054bf400000,0x00000054bf500000)]
  0x000001f7a6cfd800 JavaThread "Daemon worker" [_thread_in_Java, id=4392, stack(0x00000054bf700000,0x00000054bf800000)]
  0x000001f7a7c6e800 JavaThread "Cache worker for journal cache (C:\Users\Tom\.gradle\caches\journal-1)" [_thread_blocked, id=15468, stack(0x00000054bfc00000,0x00000054bfd00000)]
  0x000001f7a7c6d000 JavaThread "File lock request listener" [_thread_in_native, id=9576, stack(0x00000054bfd00000,0x00000054bfe00000)]
  0x000001f7a7c6c000 JavaThread "Cache worker for file hash cache (C:\Users\Tom\.gradle\caches\7.3.3\fileHashes)" [_thread_blocked, id=1992, stack(0x00000054bfe00000,0x00000054bff00000)]
  0x000001f7aa9fc000 JavaThread "File watcher server" daemon [_thread_in_native, id=3880, stack(0x00000054c0000000,0x00000054c0100000)]
  0x000001f7aa9fc800 JavaThread "File watcher consumer" daemon [_thread_blocked, id=11304, stack(0x00000054c0100000,0x00000054c0200000)]
  0x000001f7aaa03800 JavaThread "Cache worker for execution history cache (C:\Users\Tom\.gradle\caches\7.3.3\executionHistory)" [_thread_blocked, id=6536, stack(0x00000054c0500000,0x00000054c0600000)]
  0x000001f7aaa02800 JavaThread "jar transforms" [_thread_blocked, id=11904, stack(0x00000054c0700000,0x00000054c0800000)]
  0x000001f7aaa01800 JavaThread "jar transforms Thread 2" [_thread_blocked, id=7808, stack(0x00000054c0800000,0x00000054c0900000)]
  0x000001f7aa9fd800 JavaThread "Cache worker for file content cache (C:\Users\Tom\.gradle\caches\7.3.3\fileContent)" [_thread_blocked, id=17768, stack(0x00000054c0900000,0x00000054c0a00000)]
  0x000001f7aaa04000 JavaThread "jar transforms Thread 3" [_thread_blocked, id=12544, stack(0x00000054c0600000,0x00000054c0700000)]
  0x000001f7aa9fe800 JavaThread "jar transforms Thread 4" [_thread_blocked, id=13016, stack(0x00000054c0a00000,0x00000054c0b00000)]
  0x000001f7aaa05000 JavaThread "Cache worker for kotlin-dsl (C:\Users\Tom\.gradle\caches\7.3.3\kotlin-dsl)" [_thread_blocked, id=17236, stack(0x00000054c0c00000,0x00000054c0d00000)]
  0x000001f7a93a3000 JavaThread "Memory manager" [_thread_blocked, id=17188, stack(0x00000054c3200000,0x00000054c3300000)]
  0x000001f7a939f000 JavaThread "Handler for socket connection from /127.0.0.1:56683 to /127.0.0.1:56799" [_thread_in_native, id=10192, stack(0x00000054bdb00000,0x00000054bdc00000)]
  0x000001f7a939f800 JavaThread "Cancel handler" [_thread_blocked, id=3976, stack(0x00000054bdc00000,0x00000054bdd00000)]
  0x000001f7a93a0800 JavaThread "Asynchronous log dispatcher for DefaultDaemonConnection: socket connection from /127.0.0.1:56683 to /127.0.0.1:56799" [_thread_blocked, id=7248, stack(0x00000054bdd00000,0x00000054bde00000)]
  0x000001f7a939c800 JavaThread "Stdin handler" [_thread_blocked, id=17056, stack(0x00000054bf500000,0x00000054bf600000)]
  0x000001f7a939e000 JavaThread "Daemon client event forwarder" [_thread_blocked, id=10688, stack(0x00000054bf600000,0x00000054bf700000)]
  0x000001f7a939d000 JavaThread "Cache worker for file hash cache (C:\Users\Tom\Documents\Programmation\React Native\projectRNcli\android\.gradle\7.3.3\fileHashes)" [_thread_blocked, id=16840, stack(0x00000054bf800000,0x00000054bf900000)]
  0x000001f7a93a1800 JavaThread "Cache worker for checksums cache (C:\Users\Tom\Documents\Programmation\React Native\projectRNcli\android\.gradle\7.3.3\checksums)" [_thread_blocked, id=7008, stack(0x00000054bf900000,0x00000054bfa00000)]
  0x000001f7a939b800 JavaThread "Cache worker for cache directory md-supplier (C:\Users\Tom\.gradle\caches\7.3.3\md-supplier)" [_thread_blocked, id=7124, stack(0x00000054bfa00000,0x00000054bfb00000)]
  0x000001f7a93a4000 JavaThread "Cache worker for cache directory md-rule (C:\Users\Tom\.gradle\caches\7.3.3\md-rule)" [_thread_blocked, id=3340, stack(0x00000054bff00000,0x00000054c0000000)]
  0x000001f7a93a8000 JavaThread "Cache worker for dependencies-accessors (C:\Users\Tom\Documents\Programmation\React Native\projectRNcli\android\.gradle\7.3.3\dependencies-accessors)" [_thread_blocked, id=13564, stack(0x00000054c0200000,0x00000054c0300000)]
  0x000001f7a93a4800 JavaThread "Cache worker for Build Output Cleanup Cache (C:\Users\Tom\Documents\Programmation\React Native\projectRNcli\node_modules\react-native-gradle-plugin\.gradle\buildOutputCleanup)" [_thread_blocked, id=4336, stack(0x00000054c0400000,0x00000054c0500000)]
  0x000001f7a93a7000 JavaThread "Unconstrained build operations" [_thread_blocked, id=1448, stack(0x00000054c0d00000,0x00000054c0e00000)]
  0x000001f7a93a5800 JavaThread "Unconstrained build operations Thread 2" [_thread_blocked, id=17732, stack(0x00000054c0f00000,0x00000054c1000000)]
  0x000001f7a93a6000 JavaThread "Unconstrained build operations Thread 3" [_thread_blocked, id=7972, stack(0x00000054c1000000,0x00000054c1100000)]
  0x000001f7a93a2000 JavaThread "Unconstrained build operations Thread 4" [_thread_blocked, id=9236, stack(0x00000054c1100000,0x00000054c1200000)]
  0x000001f7a93a8800 JavaThread "Unconstrained build operations Thread 5" [_thread_blocked, id=2304, stack(0x00000054c1200000,0x00000054c1300000)]
  0x000001f7a93a9800 JavaThread "Unconstrained build operations Thread 6" [_thread_blocked, id=8352, stack(0x00000054c1300000,0x00000054c1400000)]
  0x000001f7a93aa800 JavaThread "Unconstrained build operations Thread 7" [_thread_blocked, id=17796, stack(0x00000054c1400000,0x00000054c1500000)]
  0x000001f7aa9fa800 JavaThread "Unconstrained build operations Thread 8" [_thread_blocked, id=17328, stack(0x00000054c1500000,0x00000054c1600000)]
  0x000001f7aa9ff000 JavaThread "Unconstrained build operations Thread 9" [_thread_blocked, id=12336, stack(0x00000054c1600000,0x00000054c1700000)]
  0x000001f7aa9fb000 JavaThread "Unconstrained build operations Thread 10" [_thread_blocked, id=15424, stack(0x00000054c1700000,0x00000054c1800000)]
  0x000001f7aaa01000 JavaThread "Unconstrained build operations Thread 11" [_thread_blocked, id=18412, stack(0x00000054c1800000,0x00000054c1900000)]
  0x000001f7aaa08000 JavaThread "Unconstrained build operations Thread 12" [_thread_blocked, id=15736, stack(0x00000054c1900000,0x00000054c1a00000)]
  0x000001f7aaa05800 JavaThread "Unconstrained build operations Thread 13" [_thread_blocked, id=17212, stack(0x00000054c1a00000,0x00000054c1b00000)]
  0x000001f7aaa06800 JavaThread "Unconstrained build operations Thread 14" [_thread_blocked, id=6604, stack(0x00000054c1b00000,0x00000054c1c00000)]
  0x000001f7aaa07800 JavaThread "Unconstrained build operations Thread 15" [_thread_blocked, id=9072, stack(0x00000054c1c00000,0x00000054c1d00000)]
  0x000001f7aaa09000 JavaThread "Unconstrained build operations Thread 16" [_thread_blocked, id=9852, stack(0x00000054c1d00000,0x00000054c1e00000)]
  0x000001f7a7c6d800 JavaThread "Unconstrained build operations Thread 17" [_thread_blocked, id=17628, stack(0x00000054c1e00000,0x00000054c1f00000)]
  0x000001f7af1d4000 JavaThread "Unconstrained build operations Thread 18" [_thread_blocked, id=6624, stack(0x00000054c1f00000,0x00000054c2000000)]
  0x000001f7af1d1000 JavaThread "Unconstrained build operations Thread 19" [_thread_blocked, id=18052, stack(0x00000054c2000000,0x00000054c2100000)]
  0x000001f7af1d3800 JavaThread "Unconstrained build operations Thread 20" [_thread_blocked, id=15564, stack(0x00000054c2100000,0x00000054c2200000)]
  0x000001f7af1d5000 JavaThread "Unconstrained build operations Thread 21" [_thread_blocked, id=7560, stack(0x00000054c2200000,0x00000054c2300000)]
  0x000001f7af1d1800 JavaThread "Unconstrained build operations Thread 22" [_thread_blocked, id=11204, stack(0x00000054c2300000,0x00000054c2400000)]
  0x000001f7af1d2800 JavaThread "Unconstrained build operations Thread 23" [_thread_blocked, id=13188, stack(0x00000054c2400000,0x00000054c2500000)]
  0x000001f7af1cf800 JavaThread "Unconstrained build operations Thread 24" [_thread_blocked, id=7984, stack(0x00000054c2500000,0x00000054c2600000)]
  0x000001f7af1d6000 JavaThread "Unconstrained build operations Thread 25" [_thread_blocked, id=14788, stack(0x00000054c2600000,0x00000054c2700000)]
  0x000001f7af1d0000 JavaThread "Unconstrained build operations Thread 26" [_thread_blocked, id=8144, stack(0x00000054c2700000,0x00000054c2800000)]
  0x000001f7af1da800 JavaThread "Unconstrained build operations Thread 27" [_thread_blocked, id=13396, stack(0x00000054c2800000,0x00000054c2900000)]
  0x000001f7af1d9000 JavaThread "Unconstrained build operations Thread 28" [_thread_blocked, id=3024, stack(0x00000054c2900000,0x00000054c2a00000)]
  0x000001f7af1db800 JavaThread "Unconstrained build operations Thread 29" [_thread_blocked, id=16268, stack(0x00000054c2a00000,0x00000054c2b00000)]
  0x000001f7af1d6800 JavaThread "Unconstrained build operations Thread 30" [_thread_blocked, id=9268, stack(0x00000054c2b00000,0x00000054c2c00000)]
  0x000001f7af1da000 JavaThread "Unconstrained build operations Thread 31" [_thread_blocked, id=5248, stack(0x00000054c2c00000,0x00000054c2d00000)]
  0x000001f7af1dc800 JavaThread "Unconstrained build operations Thread 32" [_thread_blocked, id=9616, stack(0x00000054c2d00000,0x00000054c2e00000)]
  0x000001f7af1d8800 JavaThread "Unconstrained build operations Thread 33" [_thread_blocked, id=12836, stack(0x00000054c2e00000,0x00000054c2f00000)]
  0x000001f7af1dd000 JavaThread "build event listener" [_thread_blocked, id=13468, stack(0x00000054c2f00000,0x00000054c3000000)]
  0x000001f7af1d7800 JavaThread "Cache worker for Build Output Cleanup Cache (C:\Users\Tom\Documents\Programmation\React Native\projectRNcli\android\.gradle\buildOutputCleanup)" [_thread_blocked, id=17148, stack(0x00000054c3000000,0x00000054c3100000)]
  0x000001f7af1de000 JavaThread "included builds" [_thread_blocked, id=12868, stack(0x00000054c3100000,0x00000054c3200000)]
  0x000001f7aab0c800 JavaThread "Cache worker for execution history cache (C:\Users\Tom\Documents\Programmation\React Native\projectRNcli\node_modules\react-native-gradle-plugin\.gradle\7.3.3\executionHistory)" [_thread_blocked, id=4616, stack(0x00000054c3600000,0x00000054c3700000)]
  0x000001f7aab08800 JavaThread "Unconstrained build operations Thread 34" [_thread_blocked, id=11380, stack(0x00000054c3700000,0x00000054c3800000)]
  0x000001f7aab09000 JavaThread "Unconstrained build operations Thread 35" [_thread_blocked, id=12812, stack(0x00000054c3800000,0x00000054c3900000)]
  0x000001f7aab0f800 JavaThread "Unconstrained build operations Thread 36" [_thread_blocked, id=10728, stack(0x00000054c3900000,0x00000054c3a00000)]
  0x000001f7aab0e000 JavaThread "Unconstrained build operations Thread 37" [_thread_blocked, id=9500, stack(0x00000054c3a00000,0x00000054c3b00000)]
  0x000001f7aab13000 JavaThread "Unconstrained build operations Thread 38" [_thread_blocked, id=15156, stack(0x00000054c3b00000,0x00000054c3c00000)]
  0x000001f7aab12000 JavaThread "Unconstrained build operations Thread 39" [_thread_blocked, id=15560, stack(0x00000054c3c00000,0x00000054c3d00000)]
  0x000001f7aab0d000 JavaThread "Unconstrained build operations Thread 40" [_thread_blocked, id=5196, stack(0x00000054c3d00000,0x00000054c3e00000)]
  0x000001f7ab1cb800 JavaThread "C2 CompilerThread1" daemon [_thread_in_native, id=11908, stack(0x00000054c0300000,0x00000054c0400000)]
  0x000001f7aab0a000 JavaThread "Keep-Alive-Timer" daemon [_thread_blocked, id=13784, stack(0x00000054c3500000,0x00000054c3600000)]

Other Threads:
  0x000001f7a6013800 VMThread "VM Thread" [stack: 0x00000054be400000,0x00000054be500000] [id=13100]
  0x000001f7a6b12800 WatcherThread [stack: 0x00000054bee00000,0x00000054bef00000] [id=848]
  0x000001f78780b000 GCTaskThread "GC Thread#0" [stack: 0x00000054bdf00000,0x00000054be000000] [id=9960]
  0x000001f7a7231800 GCTaskThread "GC Thread#1" [stack: 0x00000054bf000000,0x00000054bf100000] [id=7500]
  0x000001f7a72b2000 GCTaskThread "GC Thread#2" [stack: 0x00000054bf100000,0x00000054bf200000] [id=13940]
  0x000001f7a6eda800 GCTaskThread "GC Thread#3" [stack: 0x00000054bfb00000,0x00000054bfc00000] [id=8628]
  0x000001f78783c800 ConcurrentGCThread "G1 Main Marker" [stack: 0x00000054be000000,0x00000054be100000] [id=7920]
  0x000001f78783e000 ConcurrentGCThread "G1 Conc#0" [stack: 0x00000054be100000,0x00000054be200000] [id=17172]
  0x000001f7a5e80800 ConcurrentGCThread "G1 Refine#0" [stack: 0x00000054be200000,0x00000054be300000] [id=10696]
  0x000001f7a5e81000 ConcurrentGCThread "G1 Young RemSet Sampling" [stack: 0x00000054be300000,0x00000054be400000] [id=13572]

Threads with active compile tasks:
C2 CompilerThread0   176443 12305       4       java.util.regex.Pattern::group0 (1102 bytes)
C2 CompilerThread1   176443 12342       4       com.sun.org.apache.xerces.internal.impl.XMLNSDocumentScannerImpl::scanStartElement (1026 bytes)

VM state:not at safepoint (normal execution)

VM Mutex/Monitor currently owned by a thread: None

Heap address: 0x0000000080000000, size: 2048 MB, Compressed Oops mode: 32-bit
Narrow klass base: 0x0000000000000000, Narrow klass shift: 3
Compressed class space size: 528482304 Address: 0x0000000100000000

Heap:
 garbage-first heap   total 131072K, used 106881K [0x0000000080000000, 0x0000000100000000)
  region size 1024K, 13 young (13312K), 1 survivors (1024K)
 Metaspace       used 101422K, capacity 104399K, committed 104584K, reserved 608256K
  class space    used 12998K, capacity 14112K, committed 14208K, reserved 516096K
Heap Regions: E=young(eden), S=young(survivor), O=old, HS=humongous(starts), HC=humongous(continues), CS=collection set, F=free, A=archive, TAMS=top-at-mark-start (previous, next)
|   0|0x0000000080000000, 0x0000000080100000, 0x0000000080100000|100%| O|  |TAMS 0x0000000080100000, 0x0000000080100000| Untracked 
|   1|0x0000000080100000, 0x0000000080200000, 0x0000000080200000|100%| O|  |TAMS 0x0000000080200000, 0x0000000080200000| Untracked 
|   2|0x0000000080200000, 0x0000000080300000, 0x0000000080300000|100%| O|  |TAMS 0x0000000080300000, 0x0000000080300000| Untracked 
|   3|0x0000000080300000, 0x0000000080400000, 0x0000000080400000|100%|HS|  |TAMS 0x0000000080400000, 0x0000000080400000| Complete 
|   4|0x0000000080400000, 0x0000000080500000, 0x0000000080500000|100%|HC|  |TAMS 0x0000000080500000, 0x0000000080500000| Complete 
|   5|0x0000000080500000, 0x0000000080600000, 0x0000000080600000|100%|HC|  |TAMS 0x0000000080600000, 0x0000000080600000| Complete 
|   6|0x0000000080600000, 0x0000000080700000, 0x0000000080700000|100%| O|  |TAMS 0x0000000080700000, 0x0000000080700000| Untracked 
|   7|0x0000000080700000, 0x0000000080800000, 0x0000000080800000|100%| O|  |TAMS 0x0000000080800000, 0x0000000080800000| Untracked 
|   8|0x0000000080800000, 0x0000000080900000, 0x0000000080900000|100%| O|  |TAMS 0x0000000080900000, 0x0000000080900000| Untracked 
|   9|0x0000000080900000, 0x0000000080a00000, 0x0000000080a00000|100%| O|  |TAMS 0x0000000080a00000, 0x0000000080a00000| Untracked 
|  10|0x0000000080a00000, 0x0000000080b00000, 0x0000000080b00000|100%| O|  |TAMS 0x0000000080b00000, 0x0000000080b00000| Untracked 
|  11|0x0000000080b00000, 0x0000000080c00000, 0x0000000080c00000|100%| O|  |TAMS 0x0000000080c00000, 0x0000000080c00000| Untracked 
|  12|0x0000000080c00000, 0x0000000080d00000, 0x0000000080d00000|100%| O|  |TAMS 0x0000000080d00000, 0x0000000080d00000| Untracked 
|  13|0x0000000080d00000, 0x0000000080e00000, 0x0000000080e00000|100%| O|  |TAMS 0x0000000080e00000, 0x0000000080e00000| Untracked 
|  14|0x0000000080e00000, 0x0000000080f00000, 0x0000000080f00000|100%| O|  |TAMS 0x0000000080f00000, 0x0000000080f00000| Untracked 
|  15|0x0000000080f00000, 0x0000000081000000, 0x0000000081000000|100%| O|  |TAMS 0x0000000081000000, 0x0000000081000000| Untracked 
|  16|0x0000000081000000, 0x0000000081100000, 0x0000000081100000|100%| O|  |TAMS 0x0000000081100000, 0x0000000081100000| Untracked 
|  17|0x0000000081100000, 0x0000000081200000, 0x0000000081200000|100%|HS|  |TAMS 0x0000000081200000, 0x0000000081200000| Complete 
|  18|0x0000000081200000, 0x0000000081300000, 0x0000000081300000|100%| O|  |TAMS 0x0000000081300000, 0x0000000081300000| Untracked 
|  19|0x0000000081300000, 0x0000000081400000, 0x0000000081400000|100%| O|  |TAMS 0x0000000081400000, 0x0000000081400000| Untracked 
|  20|0x0000000081400000, 0x0000000081500000, 0x0000000081500000|100%| O|  |TAMS 0x0000000081500000, 0x0000000081500000| Untracked 
|  21|0x0000000081500000, 0x0000000081600000, 0x0000000081600000|100%| O|  |TAMS 0x0000000081600000, 0x0000000081600000| Untracked 
|  22|0x0000000081600000, 0x0000000081700000, 0x0000000081700000|100%| O|  |TAMS 0x0000000081700000, 0x0000000081700000| Untracked 
|  23|0x0000000081700000, 0x0000000081800000, 0x0000000081800000|100%| O|  |TAMS 0x0000000081800000, 0x0000000081800000| Untracked 
|  24|0x0000000081800000, 0x0000000081900000, 0x0000000081900000|100%| O|  |TAMS 0x0000000081900000, 0x0000000081900000| Untracked 
|  25|0x0000000081900000, 0x0000000081a00000, 0x0000000081a00000|100%| O|  |TAMS 0x0000000081a00000, 0x0000000081a00000| Untracked 
|  26|0x0000000081a00000, 0x0000000081b00000, 0x0000000081b00000|100%| O|  |TAMS 0x0000000081b00000, 0x0000000081b00000| Untracked 
|  27|0x0000000081b00000, 0x0000000081c00000, 0x0000000081c00000|100%| O|  |TAMS 0x0000000081c00000, 0x0000000081c00000| Untracked 
|  28|0x0000000081c00000, 0x0000000081d00000, 0x0000000081d00000|100%| O|  |TAMS 0x0000000081d00000, 0x0000000081d00000| Untracked 
|  29|0x0000000081d00000, 0x0000000081e00000, 0x0000000081e00000|100%|HS|  |TAMS 0x0000000081e00000, 0x0000000081e00000| Complete 
|  30|0x0000000081e00000, 0x0000000081f00000, 0x0000000081f00000|100%|HC|  |TAMS 0x0000000081f00000, 0x0000000081f00000| Complete 
|  31|0x0000000081f00000, 0x0000000082000000, 0x0000000082000000|100%|HC|  |TAMS 0x0000000082000000, 0x0000000082000000| Complete 
|  32|0x0000000082000000, 0x0000000082100000, 0x0000000082100000|100%| O|  |TAMS 0x0000000082100000, 0x0000000082100000| Untracked 
|  33|0x0000000082100000, 0x0000000082200000, 0x0000000082200000|100%| O|  |TAMS 0x0000000082200000, 0x0000000082200000| Untracked 
|  34|0x0000000082200000, 0x0000000082300000, 0x0000000082300000|100%| O|  |TAMS 0x0000000082300000, 0x0000000082300000| Untracked 
|  35|0x0000000082300000, 0x0000000082400000, 0x0000000082400000|100%| O|  |TAMS 0x0000000082400000, 0x0000000082400000| Untracked 
|  36|0x0000000082400000, 0x0000000082500000, 0x0000000082500000|100%| O|  |TAMS 0x0000000082500000, 0x0000000082500000| Untracked 
|  37|0x0000000082500000, 0x0000000082600000, 0x0000000082600000|100%| O|  |TAMS 0x0000000082600000, 0x0000000082600000| Untracked 
|  38|0x0000000082600000, 0x0000000082700000, 0x0000000082700000|100%| O|  |TAMS 0x0000000082700000, 0x0000000082700000| Untracked 
|  39|0x0000000082700000, 0x0000000082800000, 0x0000000082800000|100%| O|  |TAMS 0x0000000082800000, 0x0000000082800000| Untracked 
|  40|0x0000000082800000, 0x0000000082900000, 0x0000000082900000|100%| O|  |TAMS 0x0000000082900000, 0x0000000082900000| Untracked 
|  41|0x0000000082900000, 0x0000000082a00000, 0x0000000082a00000|100%| O|  |TAMS 0x0000000082a00000, 0x0000000082a00000| Untracked 
|  42|0x0000000082a00000, 0x0000000082b00000, 0x0000000082b00000|100%| O|  |TAMS 0x0000000082b00000, 0x0000000082b00000| Untracked 
|  43|0x0000000082b00000, 0x0000000082c00000, 0x0000000082c00000|100%|HS|  |TAMS 0x0000000082c00000, 0x0000000082c00000| Complete 
|  44|0x0000000082c00000, 0x0000000082d00000, 0x0000000082d00000|100%|HS|  |TAMS 0x0000000082d00000, 0x0000000082d00000| Complete 
|  45|0x0000000082d00000, 0x0000000082e00000, 0x0000000082e00000|100%|HS|  |TAMS 0x0000000082e00000, 0x0000000082e00000| Complete 
|  46|0x0000000082e00000, 0x0000000082f00000, 0x0000000082f00000|100%|HC|  |TAMS 0x0000000082f00000, 0x0000000082f00000| Complete 
|  47|0x0000000082f00000, 0x0000000083000000, 0x0000000083000000|100%| O|  |TAMS 0x0000000083000000, 0x0000000083000000| Untracked 
|  48|0x0000000083000000, 0x0000000083100000, 0x0000000083100000|100%| O|  |TAMS 0x0000000083100000, 0x0000000083100000| Untracked 
|  49|0x0000000083100000, 0x0000000083200000, 0x0000000083200000|100%| O|  |TAMS 0x0000000083200000, 0x0000000083200000| Untracked 
|  50|0x0000000083200000, 0x0000000083300000, 0x0000000083300000|100%| O|  |TAMS 0x0000000083300000, 0x0000000083300000| Untracked 
|  51|0x0000000083300000, 0x0000000083400000, 0x0000000083400000|100%| O|  |TAMS 0x0000000083400000, 0x0000000083400000| Untracked 
|  52|0x0000000083400000, 0x0000000083500000, 0x0000000083500000|100%| O|  |TAMS 0x0000000083500000, 0x0000000083500000| Untracked 
|  53|0x0000000083500000, 0x0000000083600000, 0x0000000083600000|100%| O|  |TAMS 0x0000000083600000, 0x0000000083600000| Untracked 
|  54|0x0000000083600000, 0x0000000083700000, 0x0000000083700000|100%| O|  |TAMS 0x0000000083700000, 0x0000000083700000| Untracked 
|  55|0x0000000083700000, 0x0000000083800000, 0x0000000083800000|100%| O|  |TAMS 0x0000000083800000, 0x0000000083800000| Untracked 
|  56|0x0000000083800000, 0x0000000083900000, 0x0000000083900000|100%| O|  |TAMS 0x0000000083900000, 0x0000000083900000| Untracked 
|  57|0x0000000083900000, 0x0000000083a00000, 0x0000000083a00000|100%| O|  |TAMS 0x0000000083a00000, 0x0000000083a00000| Untracked 
|  58|0x0000000083a00000, 0x0000000083b00000, 0x0000000083b00000|100%| O|  |TAMS 0x0000000083b00000, 0x0000000083b00000| Untracked 
|  59|0x0000000083b00000, 0x0000000083c00000, 0x0000000083c00000|100%| O|  |TAMS 0x0000000083c00000, 0x0000000083c00000| Untracked 
|  60|0x0000000083c00000, 0x0000000083d00000, 0x0000000083d00000|100%| O|  |TAMS 0x0000000083d00000, 0x0000000083d00000| Untracked 
|  61|0x0000000083d00000, 0x0000000083e00000, 0x0000000083e00000|100%| O|  |TAMS 0x0000000083d00000, 0x0000000083e00000| Untracked 
|  62|0x0000000083e00000, 0x0000000083f00000, 0x0000000083f00000|100%| O|  |TAMS 0x0000000083f00000, 0x0000000083f00000| Untracked 
|  63|0x0000000083f00000, 0x0000000084000000, 0x0000000084000000|100%| O|  |TAMS 0x0000000084000000, 0x0000000084000000| Untracked 
|  64|0x0000000084000000, 0x0000000084100000, 0x0000000084100000|100%| O|  |TAMS 0x0000000084100000, 0x0000000084100000| Untracked 
|  65|0x0000000084100000, 0x0000000084200000, 0x0000000084200000|100%| O|  |TAMS 0x0000000084200000, 0x0000000084200000| Untracked 
|  66|0x0000000084200000, 0x0000000084300000, 0x0000000084300000|100%| O|  |TAMS 0x0000000084300000, 0x0000000084300000| Untracked 
|  67|0x0000000084300000, 0x0000000084400000, 0x0000000084400000|100%| O|  |TAMS 0x0000000084400000, 0x0000000084400000| Untracked 
|  68|0x0000000084400000, 0x0000000084500000, 0x0000000084500000|100%| O|  |TAMS 0x0000000084500000, 0x0000000084500000| Untracked 
|  69|0x0000000084500000, 0x0000000084600000, 0x0000000084600000|100%| O|  |TAMS 0x0000000084600000, 0x0000000084600000| Untracked 
|  70|0x0000000084600000, 0x0000000084700000, 0x0000000084700000|100%| O|  |TAMS 0x0000000084700000, 0x0000000084700000| Untracked 
|  71|0x0000000084700000, 0x0000000084800000, 0x0000000084800000|100%| O|  |TAMS 0x0000000084800000, 0x0000000084800000| Untracked 
|  72|0x0000000084800000, 0x0000000084900000, 0x0000000084900000|100%| O|  |TAMS 0x0000000084900000, 0x0000000084900000| Untracked 
|  73|0x0000000084900000, 0x0000000084a00000, 0x0000000084a00000|100%| O|  |TAMS 0x0000000084a00000, 0x0000000084a00000| Untracked 
|  74|0x0000000084a00000, 0x0000000084b00000, 0x0000000084b00000|100%| O|  |TAMS 0x0000000084b00000, 0x0000000084b00000| Untracked 
|  75|0x0000000084b00000, 0x0000000084c00000, 0x0000000084c00000|100%| O|  |TAMS 0x0000000084c00000, 0x0000000084c00000| Untracked 
|  76|0x0000000084c00000, 0x0000000084d00000, 0x0000000084d00000|100%| O|  |TAMS 0x0000000084d00000, 0x0000000084d00000| Untracked 
|  77|0x0000000084d00000, 0x0000000084e00000, 0x0000000084e00000|100%| O|  |TAMS 0x0000000084e00000, 0x0000000084e00000| Untracked 
|  78|0x0000000084e00000, 0x0000000084f00000, 0x0000000084f00000|100%| O|  |TAMS 0x0000000084f00000, 0x0000000084f00000| Untracked 
|  79|0x0000000084f00000, 0x0000000085000000, 0x0000000085000000|100%| O|  |TAMS 0x0000000085000000, 0x0000000085000000| Untracked 
|  80|0x0000000085000000, 0x0000000085100000, 0x0000000085100000|100%| O|  |TAMS 0x0000000085100000, 0x0000000085100000| Untracked 
|  81|0x0000000085100000, 0x0000000085200000, 0x0000000085200000|100%| O|  |TAMS 0x0000000085200000, 0x0000000085200000| Untracked 
|  82|0x0000000085200000, 0x0000000085300000, 0x0000000085300000|100%| O|  |TAMS 0x0000000085300000, 0x0000000085300000| Untracked 
|  83|0x0000000085300000, 0x0000000085400000, 0x0000000085400000|100%| O|  |TAMS 0x0000000085400000, 0x0000000085400000| Untracked 
|  84|0x0000000085400000, 0x0000000085500000, 0x0000000085500000|100%| O|  |TAMS 0x0000000085500000, 0x0000000085500000| Untracked 
|  85|0x0000000085500000, 0x0000000085600000, 0x0000000085600000|100%| O|  |TAMS 0x0000000085600000, 0x0000000085600000| Untracked 
|  86|0x0000000085600000, 0x0000000085700000, 0x0000000085700000|100%| O|  |TAMS 0x0000000085700000, 0x0000000085700000| Untracked 
|  87|0x0000000085700000, 0x0000000085800000, 0x0000000085800000|100%| O|  |TAMS 0x0000000085800000, 0x0000000085800000| Untracked 
|  88|0x0000000085800000, 0x0000000085900000, 0x0000000085900000|100%| O|  |TAMS 0x0000000085900000, 0x0000000085900000| Untracked 
|  89|0x0000000085900000, 0x0000000085a00000, 0x0000000085a00000|100%| O|  |TAMS 0x0000000085a00000, 0x0000000085a00000| Untracked 
|  90|0x0000000085a00000, 0x0000000085b00000, 0x0000000085b00000|100%| O|  |TAMS 0x0000000085a8ec00, 0x0000000085b00000| Untracked 
|  91|0x0000000085b00000, 0x0000000085c00000, 0x0000000085c00000|100%| O|  |TAMS 0x0000000085b00000, 0x0000000085c00000| Untracked 
|  92|0x0000000085c00000, 0x0000000085d00000, 0x0000000085d00000|100%| O|  |TAMS 0x0000000085c00000, 0x0000000085d00000| Untracked 
|  93|0x0000000085d00000, 0x0000000085de9800, 0x0000000085e00000| 91%| O|  |TAMS 0x0000000085d00000, 0x0000000085de9800| Untracked 
|  94|0x0000000085e00000, 0x0000000085e00000, 0x0000000085f00000|  0%| F|  |TAMS 0x0000000085e00000, 0x0000000085e00000| Untracked 
|  95|0x0000000085f00000, 0x0000000085f00000, 0x0000000086000000|  0%| F|  |TAMS 0x0000000085f00000, 0x0000000085f00000| Untracked 
|  96|0x0000000086000000, 0x0000000086000000, 0x0000000086100000|  0%| F|  |TAMS 0x0000000086000000, 0x0000000086000000| Untracked 
|  97|0x0000000086100000, 0x0000000086100000, 0x0000000086200000|  0%| F|  |TAMS 0x0000000086100000, 0x0000000086100000| Untracked 
|  98|0x0000000086200000, 0x0000000086200000, 0x0000000086300000|  0%| F|  |TAMS 0x0000000086200000, 0x0000000086200000| Untracked 
|  99|0x0000000086300000, 0x0000000086300000, 0x0000000086400000|  0%| F|  |TAMS 0x0000000086300000, 0x0000000086300000| Untracked 
| 100|0x0000000086400000, 0x0000000086400000, 0x0000000086500000|  0%| F|  |TAMS 0x0000000086400000, 0x0000000086400000| Untracked 
| 101|0x0000000086500000, 0x0000000086500000, 0x0000000086600000|  0%| F|  |TAMS 0x0000000086500000, 0x0000000086500000| Untracked 
| 102|0x0000000086600000, 0x0000000086600000, 0x0000000086700000|  0%| F|  |TAMS 0x0000000086600000, 0x0000000086600000| Untracked 
| 103|0x0000000086700000, 0x0000000086700000, 0x0000000086800000|  0%| F|  |TAMS 0x0000000086700000, 0x0000000086700000| Untracked 
| 104|0x0000000086800000, 0x0000000086800000, 0x0000000086900000|  0%| F|  |TAMS 0x0000000086800000, 0x0000000086800000| Untracked 
| 105|0x0000000086900000, 0x0000000086900000, 0x0000000086a00000|  0%| F|  |TAMS 0x0000000086900000, 0x0000000086900000| Untracked 
| 106|0x0000000086a00000, 0x0000000086a00000, 0x0000000086b00000|  0%| F|  |TAMS 0x0000000086a00000, 0x0000000086a00000| Untracked 
| 107|0x0000000086b00000, 0x0000000086b00000, 0x0000000086c00000|  0%| F|  |TAMS 0x0000000086b00000, 0x0000000086b00000| Untracked 
| 108|0x0000000086c00000, 0x0000000086c00000, 0x0000000086d00000|  0%| F|  |TAMS 0x0000000086c00000, 0x0000000086c00000| Untracked 
| 109|0x0000000086d00000, 0x0000000086d00000, 0x0000000086e00000|  0%| F|  |TAMS 0x0000000086d00000, 0x0000000086d00000| Untracked 
| 110|0x0000000086e00000, 0x0000000086e00000, 0x0000000086f00000|  0%| F|  |TAMS 0x0000000086e00000, 0x0000000086e00000| Untracked 
| 111|0x0000000086f00000, 0x0000000086f00000, 0x0000000087000000|  0%| F|  |TAMS 0x0000000086f00000, 0x0000000086f00000| Untracked 
| 112|0x0000000087000000, 0x0000000087000000, 0x0000000087100000|  0%| F|  |TAMS 0x0000000087000000, 0x0000000087000000| Untracked 
| 113|0x0000000087100000, 0x0000000087176c70, 0x0000000087200000| 46%| S|CS|TAMS 0x0000000087100000, 0x0000000087100000| Complete 
| 114|0x0000000087200000, 0x0000000087200000, 0x0000000087300000|  0%| F|  |TAMS 0x0000000087200000, 0x0000000087200000| Untracked 
| 115|0x0000000087300000, 0x0000000087300000, 0x0000000087400000|  0%| F|  |TAMS 0x0000000087300000, 0x0000000087300000| Untracked 
| 116|0x0000000087400000, 0x00000000874e7ab8, 0x0000000087500000| 90%| E|  |TAMS 0x0000000087400000, 0x0000000087400000| Complete 
| 117|0x0000000087500000, 0x0000000087600000, 0x0000000087600000|100%| E|CS|TAMS 0x0000000087500000, 0x0000000087500000| Complete 
| 118|0x0000000087600000, 0x0000000087700000, 0x0000000087700000|100%| E|  |TAMS 0x0000000087600000, 0x0000000087600000| Complete 
| 119|0x0000000087700000, 0x0000000087800000, 0x0000000087800000|100%| E|CS|TAMS 0x0000000087700000, 0x0000000087700000| Complete 
| 120|0x0000000087800000, 0x0000000087900000, 0x0000000087900000|100%| E|CS|TAMS 0x0000000087800000, 0x0000000087800000| Complete 
| 121|0x0000000087900000, 0x0000000087a00000, 0x0000000087a00000|100%| E|CS|TAMS 0x0000000087900000, 0x0000000087900000| Complete 
| 122|0x0000000087a00000, 0x0000000087b00000, 0x0000000087b00000|100%| E|CS|TAMS 0x0000000087a00000, 0x0000000087a00000| Complete 
| 123|0x0000000087b00000, 0x0000000087c00000, 0x0000000087c00000|100%| E|CS|TAMS 0x0000000087b00000, 0x0000000087b00000| Complete 
| 124|0x0000000087c00000, 0x0000000087d00000, 0x0000000087d00000|100%| E|CS|TAMS 0x0000000087c00000, 0x0000000087c00000| Complete 
| 125|0x0000000087d00000, 0x0000000087e00000, 0x0000000087e00000|100%| E|CS|TAMS 0x0000000087d00000, 0x0000000087d00000| Complete 
| 126|0x0000000087e00000, 0x0000000087f00000, 0x0000000087f00000|100%| E|CS|TAMS 0x0000000087e00000, 0x0000000087e00000| Complete 
| 127|0x0000000087f00000, 0x0000000088000000, 0x0000000088000000|100%| E|CS|TAMS 0x0000000087f00000, 0x0000000087f00000| Complete 

Card table byte_map: [0x000001f79f350000,0x000001f79f750000] _byte_map_base: 0x000001f79ef50000

Marking Bits (Prev, Next): (CMBitMap*) 0x000001f787833d40, (CMBitMap*) 0x000001f787833d08
 Prev Bits: [0x000001f7a1b50000, 0x000001f7a3b50000)
 Next Bits: [0x000001f79fb50000, 0x000001f7a1b50000)

Polling page: 0x000001f785800000

Metaspace:

Usage:
  Non-class:     88.17 MB capacity,    86.35 MB ( 98%) used,     1.53 MB (  2%) free+waste,   292.44 KB ( <1%) overhead. 
      Class:     13.78 MB capacity,    12.69 MB ( 92%) used,   978.38 KB (  7%) free+waste,   134.88 KB ( <1%) overhead. 
       Both:    101.95 MB capacity,    99.05 MB ( 97%) used,     2.49 MB (  2%) free+waste,   427.31 KB ( <1%) overhead. 

Virtual space:
  Non-class space:       90.00 MB reserved,      88.26 MB ( 98%) committed 
      Class space:      504.00 MB reserved,      13.88 MB (  3%) committed 
             Both:      594.00 MB reserved,     102.13 MB ( 17%) committed 

Chunk freelists:
   Non-Class:  1.00 KB
       Class:  0 bytes
        Both:  1.00 KB

MaxMetaspaceSize: 512.00 MB
CompressedClassSpaceSize: 504.00 MB
Initial GC threshold: 20.80 MB
Current GC threshold: 169.80 MB
CDS: off

CodeHeap 'non-profiled nmethods': size=120064Kb used=8276Kb max_used=8276Kb free=111788Kb
 bounds [0x000001f797a10000, 0x000001f798230000, 0x000001f79ef50000]
CodeHeap 'profiled nmethods': size=120000Kb used=28361Kb max_used=28361Kb free=91638Kb
 bounds [0x000001f7904e0000, 0x000001f7920a0000, 0x000001f797a10000]
CodeHeap 'non-nmethods': size=5696Kb used=2404Kb max_used=2451Kb free=3292Kb
 bounds [0x000001f78ff50000, 0x000001f7901d0000, 0x000001f7904e0000]
 total_blobs=13205 nmethods=12271 adapters=846
 compilation: enabled
              stopped_count=0, restarted_count=0
 full_count=0

Compilation events (20 events):
Event: 175.972 Thread 0x000001f7a6986800 12314       3       javax.xml.bind.annotation.adapters.CollapsedStringAdapter::isWhiteSpace (38 bytes)
Event: 175.973 Thread 0x000001f7a6986800 nmethod 12314 0x000001f792087c10 code [0x000001f792087dc0, 0x000001f792087ff8]
Event: 176.015 Thread 0x000001f7a6986800 12316       3       com.android.repository.impl.meta.Archive$ArchiveFile::<init> (5 bytes)
Event: 176.015 Thread 0x000001f7a6986800 nmethod 12316 0x000001f792088090 code [0x000001f792088240, 0x000001f792088398]
Event: 176.095 Thread 0x000001f7ab1cb800 nmethod 12309 0x000001f798216290 code [0x000001f798216520, 0x000001f798217db0]
Event: 176.095 Thread 0x000001f7ab1cb800 12317       4       java.util.regex.Pattern::atom (422 bytes)
Event: 176.139 Thread 0x000001f7a6986800 12320       3       com.sun.xml.bind.v2.runtime.FilterTransducer::parse (11 bytes)
Event: 176.140 Thread 0x000001f7a6986800 nmethod 12320 0x000001f792088490 code [0x000001f792088640, 0x000001f792088808]
Event: 176.144 Thread 0x000001f7a6986800 12321       3       com.sun.org.apache.xerces.internal.impl.XMLDocumentScannerImpl::getFeatureDefault (40 bytes)
Event: 176.144 Thread 0x000001f7a6986800 nmethod 12321 0x000001f792088910 code [0x000001f792088b00, 0x000001f792088dd8]
Event: 176.145 Thread 0x000001f7a6986800 12322       3       com.sun.org.apache.xerces.internal.impl.dtd.XMLEntityDecl::<init> (5 bytes)
Event: 176.145 Thread 0x000001f7a6986800 nmethod 12322 0x000001f792088f90 code [0x000001f792089140, 0x000001f792089298]
Event: 176.187 Thread 0x000001f7a6986800 12324   !   3       com.sun.org.apache.xerces.internal.parsers.AbstractSAXParser::startGeneralEntity (76 bytes)
Event: 176.188 Thread 0x000001f7a6986800 nmethod 12324 0x000001f792089390 code [0x000001f7920895c0, 0x000001f792089dd8]
Event: 176.188 Thread 0x000001f7a6986800 12325   !   3       com.sun.org.apache.xerces.internal.parsers.AbstractSAXParser::endGeneralEntity (52 bytes)
Event: 176.188 Thread 0x000001f7a6986800 nmethod 12325 0x000001f79208a110 code [0x000001f79208a340, 0x000001f79208aa48]
Event: 176.203 Thread 0x000001f7a6986800 12326   !   3       com.sun.xml.bind.v2.runtime.unmarshaller.ValuePropertyLoader::text (59 bytes)
Event: 176.203 Thread 0x000001f7ab1cb800 nmethod 12317 0x000001f798218c10 code [0x000001f798218ec0, 0x000001f79821aef0]
Event: 176.204 Thread 0x000001f7ab1cb800 12312       4       com.sun.org.apache.xerces.internal.impl.XMLEntityScanner::scanQName (578 bytes)
Event: 176.204 Thread 0x000001f7a6986800 nmethod 12326 0x000001f79208ad10 code [0x000001f79208af60, 0x000001f79208b728]

GC Heap History (20 events):
Event: 164.829 GC heap before
{Heap before GC invocations=31 (full 0):
 garbage-first heap   total 131072K, used 109720K [0x0000000080000000, 0x0000000100000000)
  region size 1024K, 30 young (30720K), 4 survivors (4096K)
 Metaspace       used 89390K, capacity 92084K, committed 92296K, reserved 595968K
  class space    used 11556K, capacity 12564K, committed 12672K, reserved 516096K
}
Event: 164.846 GC heap after
{Heap after GC invocations=32 (full 0):
 garbage-first heap   total 131072K, used 86119K [0x0000000080000000, 0x0000000100000000)
  region size 1024K, 3 young (3072K), 3 survivors (3072K)
 Metaspace       used 89390K, capacity 92084K, committed 92296K, reserved 595968K
  class space    used 11556K, capacity 12564K, committed 12672K, reserved 516096K
}
Event: 164.938 GC heap before
{Heap before GC invocations=32 (full 0):
 garbage-first heap   total 131072K, used 89191K [0x0000000080000000, 0x0000000100000000)
  region size 1024K, 6 young (6144K), 3 survivors (3072K)
 Metaspace       used 89526K, capacity 92251K, committed 92552K, reserved 598016K
  class space    used 11574K, capacity 12597K, committed 12672K, reserved 516096K
}
Event: 164.953 GC heap after
{Heap after GC invocations=33 (full 0):
 garbage-first heap   total 131072K, used 86174K [0x0000000080000000, 0x0000000100000000)
  region size 1024K, 1 young (1024K), 1 survivors (1024K)
 Metaspace       used 89526K, capacity 92251K, committed 92552K, reserved 598016K
  class space    used 11574K, capacity 12597K, committed 12672K, reserved 516096K
}
Event: 167.460 GC heap before
{Heap before GC invocations=33 (full 0):
 garbage-first heap   total 131072K, used 109726K [0x0000000080000000, 0x0000000100000000)
  region size 1024K, 24 young (24576K), 1 survivors (1024K)
 Metaspace       used 92542K, capacity 95323K, committed 95496K, reserved 600064K
  class space    used 11889K, capacity 12953K, committed 13056K, reserved 516096K
}
Event: 167.476 GC heap after
{Heap after GC invocations=34 (full 0):
 garbage-first heap   total 131072K, used 87833K [0x0000000080000000, 0x0000000100000000)
  region size 1024K, 3 young (3072K), 3 survivors (3072K)
 Metaspace       used 92542K, capacity 95323K, committed 95496K, reserved 600064K
  class space    used 11889K, capacity 12953K, committed 13056K, reserved 516096K
}
Event: 168.670 GC heap before
{Heap before GC invocations=35 (full 0):
 garbage-first heap   total 131072K, used 110361K [0x0000000080000000, 0x0000000100000000)
  region size 1024K, 25 young (25600K), 3 survivors (3072K)
 Metaspace       used 94883K, capacity 97729K, committed 97800K, reserved 602112K
  class space    used 12256K, capacity 13299K, committed 13312K, reserved 516096K
}
Event: 168.686 GC heap after
{Heap after GC invocations=36 (full 0):
 garbage-first heap   total 131072K, used 88223K [0x0000000080000000, 0x0000000100000000)
  region size 1024K, 3 young (3072K), 3 survivors (3072K)
 Metaspace       used 94883K, capacity 97729K, committed 97800K, reserved 602112K
  class space    used 12256K, capacity 13299K, committed 13312K, reserved 516096K
}
Event: 171.339 GC heap before
{Heap before GC invocations=36 (full 0):
 garbage-first heap   total 131072K, used 110751K [0x0000000080000000, 0x0000000100000000)
  region size 1024K, 25 young (25600K), 3 survivors (3072K)
 Metaspace       used 96507K, capacity 99386K, committed 99592K, reserved 604160K
  class space    used 12458K, capacity 13522K, committed 13568K, reserved 516096K
}
Event: 171.356 GC heap after
{Heap after GC invocations=37 (full 0):
 garbage-first heap   total 131072K, used 89147K [0x0000000080000000, 0x0000000100000000)
  region size 1024K, 2 young (2048K), 2 survivors (2048K)
 Metaspace       used 96507K, capacity 99386K, committed 99592K, reserved 604160K
  class space    used 12458K, capacity 13522K, committed 13568K, reserved 516096K
}
Event: 174.085 GC heap before
{Heap before GC invocations=38 (full 0):
 garbage-first heap   total 131072K, used 110651K [0x0000000080000000, 0x0000000100000000)
  region size 1024K, 24 young (24576K), 2 survivors (2048K)
 Metaspace       used 100824K, capacity 103722K, committed 103944K, reserved 606208K
  class space    used 12968K, capacity 14075K, committed 14080K, reserved 516096K
}
Event: 174.097 GC heap after
{Heap after GC invocations=39 (full 0):
 garbage-first heap   total 131072K, used 92160K [0x0000000080000000, 0x0000000100000000)
  region size 1024K, 3 young (3072K), 3 survivors (3072K)
 Metaspace       used 100824K, capacity 103722K, committed 103944K, reserved 606208K
  class space    used 12968K, capacity 14075K, committed 14080K, reserved 516096K
}
Event: 174.133 GC heap before
{Heap before GC invocations=39 (full 0):
 garbage-first heap   total 131072K, used 95232K [0x0000000080000000, 0x0000000100000000)
  region size 1024K, 6 young (6144K), 3 survivors (3072K)
 Metaspace       used 100825K, capacity 103722K, committed 103944K, reserved 606208K
  class space    used 12968K, capacity 14075K, committed 14080K, reserved 516096K
}
Event: 174.141 GC heap after
{Heap after GC invocations=40 (full 0):
 garbage-first heap   total 131072K, used 92731K [0x0000000080000000, 0x0000000100000000)
  region size 1024K, 1 young (1024K), 1 survivors (1024K)
 Metaspace       used 100825K, capacity 103722K, committed 103944K, reserved 606208K
  class space    used 12968K, capacity 14075K, committed 14080K, reserved 516096K
}
Event: 174.627 GC heap before
{Heap before GC invocations=40 (full 0):
 garbage-first heap   total 131072K, used 111163K [0x0000000080000000, 0x0000000100000000)
  region size 1024K, 19 young (19456K), 1 survivors (1024K)
 Metaspace       used 101161K, capacity 104144K, committed 104328K, reserved 608256K
  class space    used 12985K, capacity 14092K, committed 14208K, reserved 516096K
}
Event: 174.632 GC heap after
{Heap after GC invocations=41 (full 0):
 garbage-first heap   total 131072K, used 93254K [0x0000000080000000, 0x0000000100000000)
  region size 1024K, 2 young (2048K), 2 survivors (2048K)
 Metaspace       used 101161K, capacity 104144K, committed 104328K, reserved 608256K
  class space    used 12985K, capacity 14092K, committed 14208K, reserved 516096K
}
Event: 175.529 GC heap before
{Heap before GC invocations=42 (full 0):
 garbage-first heap   total 131072K, used 109638K [0x0000000080000000, 0x0000000100000000)
  region size 1024K, 19 young (19456K), 2 survivors (2048K)
 Metaspace       used 101293K, capacity 104289K, committed 104584K, reserved 608256K
  class space    used 12989K, capacity 14094K, committed 14208K, reserved 516096K
}
Event: 175.535 GC heap after
{Heap after GC invocations=43 (full 0):
 garbage-first heap   total 131072K, used 96147K [0x0000000080000000, 0x0000000100000000)
  region size 1024K, 3 young (3072K), 3 survivors (3072K)
 Metaspace       used 101293K, capacity 104289K, committed 104584K, reserved 608256K
  class space    used 12989K, capacity 14094K, committed 14208K, reserved 516096K
}
Event: 176.148 GC heap before
{Heap before GC invocations=43 (full 0):
 garbage-first heap   total 131072K, used 109459K [0x0000000080000000, 0x0000000100000000)
  region size 1024K, 17 young (17408K), 3 survivors (3072K)
 Metaspace       used 101416K, capacity 104399K, committed 104584K, reserved 608256K
  class space    used 12998K, capacity 14112K, committed 14208K, reserved 516096K
}
Event: 176.153 GC heap after
{Heap after GC invocations=44 (full 0):
 garbage-first heap   total 131072K, used 96641K [0x0000000080000000, 0x0000000100000000)
  region size 1024K, 1 young (1024K), 1 survivors (1024K)
 Metaspace       used 101416K, capacity 104399K, committed 104584K, reserved 608256K
  class space    used 12998K, capacity 14112K, committed 14208K, reserved 516096K
}

Deoptimization events (20 events):
Event: 175.540 Thread 0x000001f7a6cfd800 DEOPT PACKING pc=0x000001f79204f9da sp=0x00000054bf7f8c30
Event: 175.540 Thread 0x000001f7a6cfd800 DEOPT UNPACKING pc=0x000001f78ff9a95e sp=0x00000054bf7f8150 mode 0
Event: 175.550 Thread 0x000001f7a6cfd800 DEOPT PACKING pc=0x000001f79204f9da sp=0x00000054bf7f8c30
Event: 175.550 Thread 0x000001f7a6cfd800 DEOPT UNPACKING pc=0x000001f78ff9a95e sp=0x00000054bf7f8150 mode 0
Event: 175.757 Thread 0x000001f7a6cfd800 DEOPT PACKING pc=0x000001f79204f9da sp=0x00000054bf7f8c30
Event: 175.757 Thread 0x000001f7a6cfd800 DEOPT UNPACKING pc=0x000001f78ff9a95e sp=0x00000054bf7f8150 mode 0
Event: 175.766 Thread 0x000001f7a6cfd800 DEOPT PACKING pc=0x000001f79204f9da sp=0x00000054bf7f8c30
Event: 175.766 Thread 0x000001f7a6cfd800 DEOPT UNPACKING pc=0x000001f78ff9a95e sp=0x00000054bf7f8150 mode 0
Event: 175.789 Thread 0x000001f7a6cfd800 DEOPT PACKING pc=0x000001f79204f9da sp=0x00000054bf7f8c30
Event: 175.789 Thread 0x000001f7a6cfd800 DEOPT UNPACKING pc=0x000001f78ff9a95e sp=0x00000054bf7f8150 mode 0
Event: 175.820 Thread 0x000001f7a6cfd800 DEOPT PACKING pc=0x000001f79204da13 sp=0x00000054bf7f8cc0
Event: 175.820 Thread 0x000001f7a6cfd800 DEOPT UNPACKING pc=0x000001f78ff9a95e sp=0x00000054bf7f8180 mode 0
Event: 175.866 Thread 0x000001f7a6cfd800 DEOPT PACKING pc=0x000001f79204f9da sp=0x00000054bf7f8c30
Event: 175.866 Thread 0x000001f7a6cfd800 DEOPT UNPACKING pc=0x000001f78ff9a95e sp=0x00000054bf7f8150 mode 0
Event: 175.911 Thread 0x000001f7a6cfd800 DEOPT PACKING pc=0x000001f79204f9da sp=0x00000054bf7f8c30
Event: 175.911 Thread 0x000001f7a6cfd800 DEOPT UNPACKING pc=0x000001f78ff9a95e sp=0x00000054bf7f8150 mode 0
Event: 175.912 Thread 0x000001f7a6cfd800 Uncommon trap: trap_request=0xffffff4d fr.pc=0x000001f798168f80 relative=0x0000000000000dc0
Event: 175.912 Thread 0x000001f7a6cfd800 Uncommon trap: reason=unstable_if action=reinterpret pc=0x000001f798168f80 method=java.util.regex.Matcher.find()Z @ 34 c2
Event: 175.912 Thread 0x000001f7a6cfd800 DEOPT PACKING pc=0x000001f798168f80 sp=0x00000054bf7f8c40
Event: 175.912 Thread 0x000001f7a6cfd800 DEOPT UNPACKING pc=0x000001f78ff9a1af sp=0x00000054bf7f8be8 mode 2

Classes redefined (0 events):
No events

Internal exceptions (20 events):
Event: 171.436 Thread 0x000001f7a6cfd800 Exception <a 'sun/nio/fs/WindowsException'{0x0000000087e48888}> (0x0000000087e48888) thrown at [./src/hotspot/share/prims/jni.cpp, line 617]
Event: 171.436 Thread 0x000001f7a6cfd800 Exception <a 'sun/nio/fs/WindowsException'{0x0000000087e48b80}> (0x0000000087e48b80) thrown at [./src/hotspot/share/prims/jni.cpp, line 617]
Event: 171.436 Thread 0x000001f7a6cfd800 Exception <a 'sun/nio/fs/WindowsException'{0x0000000087e4b4c8}> (0x0000000087e4b4c8) thrown at [./src/hotspot/share/prims/jni.cpp, line 617]
Event: 171.436 Thread 0x000001f7a6cfd800 Exception <a 'sun/nio/fs/WindowsException'{0x0000000087e4b7e8}> (0x0000000087e4b7e8) thrown at [./src/hotspot/share/prims/jni.cpp, line 617]
Event: 171.437 Thread 0x000001f7a6cfd800 Exception <a 'sun/nio/fs/WindowsException'{0x0000000087e4ec88}> (0x0000000087e4ec88) thrown at [./src/hotspot/share/prims/jni.cpp, line 617]
Event: 171.437 Thread 0x000001f7a6cfd800 Exception <a 'sun/nio/fs/WindowsException'{0x0000000087e4efc8}> (0x0000000087e4efc8) thrown at [./src/hotspot/share/prims/jni.cpp, line 617]
Event: 171.437 Thread 0x000001f7a6cfd800 Exception <a 'sun/nio/fs/WindowsException'{0x0000000087e51958}> (0x0000000087e51958) thrown at [./src/hotspot/share/prims/jni.cpp, line 617]
Event: 171.437 Thread 0x000001f7a6cfd800 Exception <a 'sun/nio/fs/WindowsException'{0x0000000087e51cb8}> (0x0000000087e51cb8) thrown at [./src/hotspot/share/prims/jni.cpp, line 617]
Event: 171.438 Thread 0x000001f7a6cfd800 Exception <a 'sun/nio/fs/WindowsException'{0x0000000087e550c8}> (0x0000000087e550c8) thrown at [./src/hotspot/share/prims/jni.cpp, line 617]
Event: 171.438 Thread 0x000001f7a6cfd800 Exception <a 'sun/nio/fs/WindowsException'{0x0000000087e553c0}> (0x0000000087e553c0) thrown at [./src/hotspot/share/prims/jni.cpp, line 617]
Event: 171.438 Thread 0x000001f7a6cfd800 Exception <a 'sun/nio/fs/WindowsException'{0x0000000087e57d08}> (0x0000000087e57d08) thrown at [./src/hotspot/share/prims/jni.cpp, line 617]
Event: 171.438 Thread 0x000001f7a6cfd800 Exception <a 'sun/nio/fs/WindowsException'{0x0000000087e58028}> (0x0000000087e58028) thrown at [./src/hotspot/share/prims/jni.cpp, line 617]
Event: 171.439 Thread 0x000001f7a6cfd800 Exception <a 'sun/nio/fs/WindowsException'{0x0000000087e5b460}> (0x0000000087e5b460) thrown at [./src/hotspot/share/prims/jni.cpp, line 617]
Event: 171.439 Thread 0x000001f7a6cfd800 Exception <a 'sun/nio/fs/WindowsException'{0x0000000087e5b7a0}> (0x0000000087e5b7a0) thrown at [./src/hotspot/share/prims/jni.cpp, line 617]
Event: 171.439 Thread 0x000001f7a6cfd800 Exception <a 'sun/nio/fs/WindowsException'{0x0000000087e5e130}> (0x0000000087e5e130) thrown at [./src/hotspot/share/prims/jni.cpp, line 617]
Event: 171.439 Thread 0x000001f7a6cfd800 Exception <a 'sun/nio/fs/WindowsException'{0x0000000087e5e490}> (0x0000000087e5e490) thrown at [./src/hotspot/share/prims/jni.cpp, line 617]
Event: 171.681 Thread 0x000001f7a6cfd800 Implicit null exception at 0x000001f798063311 to 0x000001f79806655b
Event: 172.214 Thread 0x000001f7a6cfd800 Exception <a 'sun/nio/fs/WindowsException'{0x000000008788aac8}> (0x000000008788aac8) thrown at [./src/hotspot/share/prims/jni.cpp, line 617]
Event: 173.908 Thread 0x000001f7a6cfd800 Exception <a 'sun/nio/fs/WindowsException'{0x0000000086d1c888}> (0x0000000086d1c888) thrown at [./src/hotspot/share/prims/jni.cpp, line 617]
Event: 173.936 Thread 0x000001f7a6cfd800 Exception <a 'java/lang/NoSuchMethodError'{0x0000000086d20688}: 'void java.lang.invoke.DirectMethodHandle$Holder.invokeStatic(java.lang.Object, int, java.lang.Object)'> (0x0000000086d20688) thrown at [./src/hotspot/share/interpreter/linkResolver.cpp, line 773]

Events (20 events):
Event: 174.884 Thread 0x000001f7ae91c800 Thread exited: 0x000001f7ae91c800
Event: 174.885 Thread 0x000001f7aab17000 Thread exited: 0x000001f7aab17000
Event: 174.885 Thread 0x000001f7aab13800 Thread exited: 0x000001f7aab13800
Event: 174.886 Thread 0x000001f7aab0a800 Thread exited: 0x000001f7aab0a800
Event: 174.886 Thread 0x000001f7ae91e000 Thread exited: 0x000001f7ae91e000
Event: 174.910 Thread 0x000001f7aab16000 Thread exited: 0x000001f7aab16000
Event: 174.922 Executing VM operation: CGC_Operation
Event: 174.957 Executing VM operation: CGC_Operation done
Event: 174.958 Thread 0x000001f7aab10800 Thread exited: 0x000001f7aab10800
Event: 174.958 Thread 0x000001f7ae920800 Thread exited: 0x000001f7ae920800
Event: 174.964 Thread 0x000001f7aab15800 Thread exited: 0x000001f7aab15800
Event: 174.965 Thread 0x000001f7ae91e800 Thread exited: 0x000001f7ae91e800
Event: 174.993 Thread 0x000001f7aab14800 Thread exited: 0x000001f7aab14800
Event: 174.993 Thread 0x000001f7ae921000 Thread exited: 0x000001f7ae921000
Event: 175.151 Executing VM operation: CGC_Operation
Event: 175.153 Executing VM operation: CGC_Operation done
Event: 175.528 Executing VM operation: G1CollectForAllocation
Event: 175.535 Executing VM operation: G1CollectForAllocation done
Event: 176.148 Executing VM operation: G1CollectForAllocation
Event: 176.153 Executing VM operation: G1CollectForAllocation done


Dynamic libraries:
0x00007ff797360000 - 0x00007ff79736d000 	C:\Program Files\OpenJDK\openjdk-11.0.15_10\bin\java.exe
0x00007ff9caeb0000 - 0x00007ff9cb0a7000 	C:\WINDOWS\SYSTEM32\ntdll.dll
0x00007ff9cac10000 - 0x00007ff9caccd000 	C:\WINDOWS\System32\KERNEL32.DLL
0x00007ff9c8810000 - 0x00007ff9c8add000 	C:\WINDOWS\System32\KERNELBASE.dll
0x00007ff9c8c80000 - 0x00007ff9c8d80000 	C:\WINDOWS\System32\ucrtbase.dll
0x00007ff9a5670000 - 0x00007ff9a5688000 	C:\Program Files\OpenJDK\openjdk-11.0.15_10\bin\jli.dll
0x00007ff9a8470000 - 0x00007ff9a8486000 	C:\Program Files\OpenJDK\openjdk-11.0.15_10\bin\VCRUNTIME140.dll
0x00007ff9c9d10000 - 0x00007ff9c9eb0000 	C:\WINDOWS\System32\USER32.dll
0x00007ff9c8680000 - 0x00007ff9c86a2000 	C:\WINDOWS\System32\win32u.dll
0x00007ff9b8a90000 - 0x00007ff9b8d2a000 	C:\WINDOWS\WinSxS\amd64_microsoft.windows.common-controls_6595b64144ccf1df_6.0.19041.1110_none_60b5254171f9507e\COMCTL32.dll
0x00007ff9ca2c0000 - 0x00007ff9ca2ea000 	C:\WINDOWS\System32\GDI32.dll
0x00007ff9ca2f0000 - 0x00007ff9ca38e000 	C:\WINDOWS\System32\msvcrt.dll
0x00007ff9c8ae0000 - 0x00007ff9c8beb000 	C:\WINDOWS\System32\gdi32full.dll
0x00007ff9c8720000 - 0x00007ff9c87bd000 	C:\WINDOWS\System32\msvcp_win.dll
0x00007ff9c8f10000 - 0x00007ff9c8f40000 	C:\WINDOWS\System32\IMM32.DLL
0x00007ff987ae0000 - 0x00007ff987b8a000 	C:\Program Files\OpenJDK\openjdk-11.0.15_10\bin\msvcp140.dll
0x00007ff978240000 - 0x00007ff978d91000 	C:\Program Files\OpenJDK\openjdk-11.0.15_10\bin\server\jvm.dll
0x00007ff9c9560000 - 0x00007ff9c960e000 	C:\WINDOWS\System32\ADVAPI32.dll
0x00007ff9ca080000 - 0x00007ff9ca11c000 	C:\WINDOWS\System32\sechost.dll
0x00007ff9c9b30000 - 0x00007ff9c9c55000 	C:\WINDOWS\System32\RPCRT4.dll
0x00007ff9c9f10000 - 0x00007ff9c9f18000 	C:\WINDOWS\System32\PSAPI.DLL
0x00007ff9bb4b0000 - 0x00007ff9bb4d7000 	C:\WINDOWS\SYSTEM32\WINMM.dll
0x00007ff9bf190000 - 0x00007ff9bf19a000 	C:\WINDOWS\SYSTEM32\VERSION.dll
0x00007ff9c3f10000 - 0x00007ff9c3f19000 	C:\WINDOWS\SYSTEM32\WSOCK32.dll
0x00007ff9cacd0000 - 0x00007ff9cad3b000 	C:\WINDOWS\System32\WS2_32.dll
0x00007ff9c6eb0000 - 0x00007ff9c6ec2000 	C:\WINDOWS\SYSTEM32\kernel.appcore.dll
0x00007ff9a3c30000 - 0x00007ff9a3c41000 	C:\Program Files\OpenJDK\openjdk-11.0.15_10\bin\verify.dll
0x00007ff9c6b70000 - 0x00007ff9c6d54000 	C:\WINDOWS\SYSTEM32\DBGHELP.DLL
0x00007ff9c25c0000 - 0x00007ff9c25ec000 	C:\WINDOWS\SYSTEM32\dbgcore.DLL
0x00007ff9c8bf0000 - 0x00007ff9c8c72000 	C:\WINDOWS\System32\bcryptPrimitives.dll
0x00007ff9a33e0000 - 0x00007ff9a3409000 	C:\Program Files\OpenJDK\openjdk-11.0.15_10\bin\java.dll
0x00007ff9c2c20000 - 0x00007ff9c2c2a000 	C:\Program Files\OpenJDK\openjdk-11.0.15_10\bin\jimage.dll
0x00007ff9a23b0000 - 0x00007ff9a23c8000 	C:\Program Files\OpenJDK\openjdk-11.0.15_10\bin\zip.dll
0x00007ff9ca440000 - 0x00007ff9cab84000 	C:\WINDOWS\System32\SHELL32.dll
0x00007ff9c63d0000 - 0x00007ff9c6b64000 	C:\WINDOWS\SYSTEM32\windows.storage.dll
0x00007ff9c9690000 - 0x00007ff9c99e4000 	C:\WINDOWS\System32\combase.dll
0x00007ff9c8030000 - 0x00007ff9c805c000 	C:\WINDOWS\SYSTEM32\Wldp.dll
0x00007ff9ca390000 - 0x00007ff9ca43d000 	C:\WINDOWS\System32\SHCORE.dll
0x00007ff9c9eb0000 - 0x00007ff9c9f05000 	C:\WINDOWS\System32\shlwapi.dll
0x00007ff9c8510000 - 0x00007ff9c852f000 	C:\WINDOWS\SYSTEM32\profapi.dll
0x00007ff9a1050000 - 0x00007ff9a1069000 	C:\Program Files\OpenJDK\openjdk-11.0.15_10\bin\net.dll
0x00007ff9c00d0000 - 0x00007ff9c01da000 	C:\WINDOWS\SYSTEM32\WINHTTP.dll
0x00007ff9c7d90000 - 0x00007ff9c7dfa000 	C:\WINDOWS\system32\mswsock.dll
0x00007ff9a0f20000 - 0x00007ff9a0f33000 	C:\Program Files\OpenJDK\openjdk-11.0.15_10\bin\nio.dll
0x00007ff998f00000 - 0x00007ff998f27000 	C:\Users\Tom\.gradle\native\e1d6ef7f7dcc3fd88c89a11ec53ec762bb8ba0a96d01ffa2cd45eb1d1d8dd5c5\windows-amd64\native-platform.dll
0x00007ff97dca0000 - 0x00007ff97dde4000 	C:\Users\Tom\.gradle\native\5664cfc778a61ccfe75a443a1ab52a65af34e5dc3c78e0209fed803814484fcb\windows-amd64\native-platform-file-events.dll
0x00007ff9af2a0000 - 0x00007ff9af2a9000 	C:\Program Files\OpenJDK\openjdk-11.0.15_10\bin\management.dll
0x00007ff9af130000 - 0x00007ff9af13c000 	C:\Program Files\OpenJDK\openjdk-11.0.15_10\bin\management_ext.dll
0x00007ff9c7f80000 - 0x00007ff9c7f98000 	C:\WINDOWS\SYSTEM32\CRYPTSP.dll
0x00007ff9c7640000 - 0x00007ff9c7674000 	C:\WINDOWS\system32\rsaenh.dll
0x00007ff9c8d80000 - 0x00007ff9c8da7000 	C:\WINDOWS\System32\bcrypt.dll
0x00007ff9c8490000 - 0x00007ff9c84be000 	C:\WINDOWS\SYSTEM32\USERENV.dll
0x00007ff9c7fa0000 - 0x00007ff9c7fac000 	C:\WINDOWS\SYSTEM32\CRYPTBASE.dll
0x00007ff9c7a30000 - 0x00007ff9c7a6b000 	C:\WINDOWS\SYSTEM32\IPHLPAPI.DLL
0x00007ff9cad40000 - 0x00007ff9cad48000 	C:\WINDOWS\System32\NSI.dll
0x00007ff9c0490000 - 0x00007ff9c04a7000 	C:\WINDOWS\SYSTEM32\dhcpcsvc6.DLL
0x00007ff9c0eb0000 - 0x00007ff9c0ecd000 	C:\WINDOWS\SYSTEM32\dhcpcsvc.DLL
0x00007ff9c7ac0000 - 0x00007ff9c7b8b000 	C:\WINDOWS\SYSTEM32\DNSAPI.dll
0x00007ff9acf00000 - 0x00007ff9acf0e000 	C:\Program Files\OpenJDK\openjdk-11.0.15_10\bin\sunmscapi.dll
0x00007ff9c8db0000 - 0x00007ff9c8f06000 	C:\WINDOWS\System32\CRYPT32.dll
0x00007ff9c80a0000 - 0x00007ff9c80c7000 	C:\WINDOWS\SYSTEM32\ncrypt.dll
0x00007ff9c8060000 - 0x00007ff9c809b000 	C:\WINDOWS\SYSTEM32\NTASN1.dll
0x00007ff9a9a10000 - 0x00007ff9a9a36000 	C:\Program Files\OpenJDK\openjdk-11.0.15_10\bin\sunec.dll
0x00007ff9b7d60000 - 0x00007ff9b7d6a000 	C:\Windows\System32\rasadhlp.dll
0x00007ff9b9690000 - 0x00007ff9b9710000 	C:\WINDOWS\System32\fwpuclnt.dll

dbghelp: loaded successfully - version: 4.0.5 - missing functions: none
symbol engine: initialized successfully - sym options: 0x614 - pdb path: .;C:\Program Files\OpenJDK\openjdk-11.0.15_10\bin;C:\WINDOWS\SYSTEM32;C:\WINDOWS\WinSxS\amd64_microsoft.windows.common-controls_6595b64144ccf1df_6.0.19041.1110_none_60b5254171f9507e;C:\Program Files\OpenJDK\openjdk-11.0.15_10\bin\server;C:\Users\Tom\.gradle\native\e1d6ef7f7dcc3fd88c89a11ec53ec762bb8ba0a96d01ffa2cd45eb1d1d8dd5c5\windows-amd64;C:\Users\Tom\.gradle\native\5664cfc778a61ccfe75a443a1ab52a65af34e5dc3c78e0209fed803814484fcb\windows-amd64

VM Arguments:
jvm_args: -XX:MaxMetaspaceSize=512m --add-opens=java.base/java.util=ALL-UNNAMED --add-opens=java.base/java.lang=ALL-UNNAMED --add-opens=java.base/java.lang.invoke=ALL-UNNAMED --add-opens=java.base/java.util=ALL-UNNAMED --add-opens=java.prefs/java.util.prefs=ALL-UNNAMED --add-opens=java.prefs/java.util.prefs=ALL-UNNAMED --add-opens=java.base/java.nio.charset=ALL-UNNAMED --add-opens=java.base/java.net=ALL-UNNAMED --add-opens=java.base/java.util.concurrent.atomic=ALL-UNNAMED -Xmx2048m -Dfile.encoding=windows-1252 -Duser.country=GB -Duser.language=en -Duser.variant 
java_command: org.gradle.launcher.daemon.bootstrap.GradleDaemon 7.3.3
java_class_path (initial): C:\Users\Tom\.gradle\wrapper\dists\gradle-7.3.3-all\4295vidhdd9hd3gbjyw1xqxpo\gradle-7.3.3\lib\gradle-launcher-7.3.3.jar
Launcher Type: SUN_STANDARD

[Global flags]
     intx CICompilerCount                          = 3                                         {product} {ergonomic}
   size_t CompressedClassSpaceSize                 = 528482304                                 {product} {ergonomic}
     uint ConcGCThreads                            = 1                                         {product} {ergonomic}
     uint G1ConcRefinementThreads                  = 4                                         {product} {ergonomic}
   size_t G1HeapRegionSize                         = 1048576                                   {product} {ergonomic}
    uintx GCDrainStackTargetSize                   = 64                                        {product} {ergonomic}
   size_t InitialHeapSize                          = 134217728                                 {product} {ergonomic}
   size_t MarkStackSize                            = 4194304                                   {product} {ergonomic}
   size_t MaxHeapSize                              = 2147483648                                {product} {command line}
   size_t MaxMetaspaceSize                         = 536870912                                 {product} {command line}
   size_t MaxNewSize                               = 1287651328                                {product} {ergonomic}
   size_t MinHeapDeltaBytes                        = 1048576                                   {product} {ergonomic}
    uintx NonNMethodCodeHeapSize                   = 5830732                                {pd product} {ergonomic}
    uintx NonProfiledCodeHeapSize                  = 122913754                              {pd product} {ergonomic}
    uintx ProfiledCodeHeapSize                     = 122913754                              {pd product} {ergonomic}
    uintx ReservedCodeCacheSize                    = 251658240                              {pd product} {ergonomic}
     bool SegmentedCodeCache                       = true                                      {product} {ergonomic}
     bool UseCompressedClassPointers               = true                                 {lp64_product} {ergonomic}
     bool UseCompressedOops                        = true                                 {lp64_product} {ergonomic}
     bool UseG1GC                                  = true                                      {product} {ergonomic}
     bool UseLargePagesIndividualAllocation        = false                                  {pd product} {ergonomic}

Logging:
Log output configuration:
 #0: stdout all=warning uptime,level,tags
 #1: stderr all=off uptime,level,tags

Environment Variables:
JAVA_HOME=C:\Program Files\OpenJDK\openjdk-11.0.15_10
CLASSPATH=C:\Users\Tom\Documents\Programmation\React Native\projectRNcli\android\\gradle\wrapper\gradle-wrapper.jar
PATH=C:\Users\Tom\Documents\Programmation\React Native\projectRNcli\android\node_modules\.bin;C:\Users\Tom\Documents\Programmation\React Native\projectRNcli\node_modules\.bin;C:\Users\Tom\Documents\Programmation\React Native\node_modules\.bin;C:\Users\Tom\Documents\Programmation\node_modules\.bin;C:\Users\Tom\Documents\node_modules\.bin;C:\Users\Tom\node_modules\.bin;C:\Users\node_modules\.bin;C:\node_modules\.bin;C:\Program Files\nodejs;C:\Users\Tom\Documents\Programmation\React Native\projectRNcli\node_modules\.bin;C:\Users\Tom\Documents\Programmation\React Native\node_modules\.bin;C:\Users\Tom\Documents\Programmation\node_modules\.bin;C:\Users\Tom\Documents\node_modules\.bin;C:\Users\Tom\node_modules\.bin;C:\Users\node_modules\.bin;C:\node_modules\.bin;C:\Program Files\nodejs\node_modules\npm\node_modules\@npmcli\run-script\lib\node-gyp-bin;C:\Python310\Scripts\;C:\Python310\;C:\Program Files\Common Files\Oracle\Java\javapath;C:\Program Files (x86)\Intel\Intel(R) Management Engine Components\iCLS\;C:\Program Files\Intel\Intel(R) Management Engine Components\iCLS\;C:\windows\system32;C:\windows;C:\windows\System32\Wbem;C:\windows\System32\WindowsPowerShell\v1.0\;C:\Program Files (x86)\Intel\Intel(R) Management Engine Components\DAL;C:\Program Files\Intel\Intel(R) Management Engine Components\DAL;C:\Program Files (x86)\Intel\Intel(R) Management Engine Components\IPT;C:\Program Files\Intel\Intel(R) Management Engine Components\IPT;C:\Program Files (x86)\NVIDIA Corporation\PhysX\Common;C:\WINDOWS\system32;C:\WINDOWS;C:\WINDOWS\System32\Wbem;C:\WINDOWS\System32\WindowsPowerShell\v1.0\;C:\WINDOWS\System32\OpenSSH\;C:\Program Files\Microchip\xc8\v2.36\bin;C:\ProgramData\chocolatey\bin;C:\Program Files\OpenJDK\openjdk-11.0.15_10\bin;C:\Program Files\nodejs\;C:\Users\Tom\AppData\Local\Microsoft\WindowsApps;C:\Users\Tom\AppData\Local\Programs\Microsoft VS Code\bin;C:\Users\Tom\AppData\Local\Android\Sdk\platform-tools;C:\Users\Tom\AppData\Roaming\npm;;C:\Users\Tom\Documents\Pr
USERNAME=Tom
LANG=en_GB.UTF-8
OS=Windows_NT
PROCESSOR_IDENTIFIER=Intel64 Family 6 Model 142 Stepping 10, GenuineIntel



---------------  S Y S T E M  ---------------

OS: Windows 10 , 64 bit Build 19041 (10.0.19041.1741)
OS uptime: 0 days 9:46 hours

CPU:total 4 (initial active 4) (2 cores per cpu, 2 threads per core) family 6 model 142 stepping 10 microcode 0xb4, cmov, cx8, fxsr, mmx, sse, sse2, sse3, ssse3, sse4.1, sse4.2, popcnt, avx, avx2, aes, clmul, erms, 3dnowpref, lzcnt, ht, tsc, tscinvbit, bmi1, bmi2, adx, fma

Memory: 4k page, system-wide physical 8107M (1057M free)
TotalPageFile size 8107M (AvailPageFile size 0M)
current process WorkingSet (physical memory assigned to process): 401M, peak: 404M
current process commit charge ("private bytes"): 441M, peak: 443M

vm_info: OpenJDK 64-Bit Server VM (11.0.15+10) for windows-amd64 JRE (11.0.15+10), built on Apr 21 2022 21:29:46 by "tester" with MS VC++ 15.5 (VS2017)

END.
