#
# There is insufficient memory for the Java Runtime Environment to continue.
# Native memory allocation (malloc) failed to allocate 1132816 bytes for Chunk::new
# Possible reasons:
#   The system is out of physical RAM or swap space
#   The process is running with CompressedOops enabled, and the Java Heap may be blocking the growth of the native heap
# Possible solutions:
#   Reduce memory load on the system
#   Increase physical memory or swap space
#   Check if swap backing store is full
#   Decrease Java heap size (-Xmx/-Xms)
#   Decrease number of Java threads
#   Decrease Java thread stack sizes (-Xss)
#   Set larger code cache with -XX:ReservedCodeCacheSize=
#   JVM is running with Unscaled Compressed Oops mode in which the Java heap is
#     placed in the first 4GB address space. The Java Heap base address is the
#     maximum limit for the native heap growth. Please use -XX:HeapBaseMinAddress
#     to set the Java Heap base and to place the Java Heap above 4GB virtual address.
# This output file may be truncated or incomplete.
#
#  Out of Memory Error (./src/hotspot/share/memory/arena.cpp:197), pid=11344, tid=12836
#
# JRE version: OpenJDK Runtime Environment 18.9 (11.0.15+10) (build 11.0.15+10)
# Java VM: OpenJDK 64-Bit Server VM 18.9 (11.0.15+10, mixed mode, tiered, compressed oops, g1 gc, windows-amd64)
# No core dump will be written. Minidumps are not enabled by default on client versions of Windows
#

---------------  S U M M A R Y ------------

Command Line: -XX:MaxMetaspaceSize=512m --add-opens=java.base/java.util=ALL-UNNAMED --add-opens=java.base/java.lang=ALL-UNNAMED --add-opens=java.base/java.lang.invoke=ALL-UNNAMED --add-opens=java.base/java.util=ALL-UNNAMED --add-opens=java.prefs/java.util.prefs=ALL-UNNAMED --add-opens=java.prefs/java.util.prefs=ALL-UNNAMED --add-opens=java.base/java.nio.charset=ALL-UNNAMED --add-opens=java.base/java.net=ALL-UNNAMED --add-opens=java.base/java.util.concurrent.atomic=ALL-UNNAMED -Xmx2048m -Dfile.encoding=windows-1252 -Duser.country=GB -Duser.language=en -Duser.variant org.gradle.launcher.daemon.bootstrap.GradleDaemon 7.3.3

Host: Intel(R) Core(TM) i3-7020U CPU @ 2.30GHz, 4 cores, 7G,  Windows 10 , 64 bit Build 19041 (10.0.19041.1741)
Time: Sun Jul  3 22:35:18 2022 Romance Summer Time elapsed time: 84.611134 seconds (0d 0h 1m 24s)

---------------  T H R E A D  ---------------

Current thread (0x000002c4f06e9000):  JavaThread "C2 CompilerThread1" daemon [_thread_in_native, id=12836, stack(0x000000cf5c600000,0x000000cf5c700000)]


Current CompileTask:
C2:  84611 9044       4       java.lang.Module::implIsExportedOrOpen (92 bytes)

Stack: [0x000000cf5c600000,0x000000cf5c700000]
Native frames: (J=compiled Java code, j=interpreted, Vv=VM code, C=native code)
V  [jvm.dll+0x64dd3a]
V  [jvm.dll+0x7906c9]
V  [jvm.dll+0x791d9c]
V  [jvm.dll+0x792463]
V  [jvm.dll+0x265048]
V  [jvm.dll+0xc9da1]
V  [jvm.dll+0xca35c]
V  [jvm.dll+0x37c122]
V  [jvm.dll+0x347153]
V  [jvm.dll+0x34647a]
V  [jvm.dll+0x21e085]
V  [jvm.dll+0x21d25a]
V  [jvm.dll+0x19dd21]
V  [jvm.dll+0x22cc80]
V  [jvm.dll+0x22af81]
V  [jvm.dll+0x75254c]
V  [jvm.dll+0x74b12d]
V  [jvm.dll+0x64c8a6]
C  [ucrtbase.dll+0x21bb2]
C  [KERNEL32.DLL+0x17034]
C  [ntdll.dll+0x52651]


---------------  P R O C E S S  ---------------

Threads class SMR info:
_java_thread_list=0x000002c4efff8c50, length=31, elements={
0x000002c4ccdc2800, 0x000002c4eb5f3800, 0x000002c4eb5ec800, 0x000002c4eb648000,
0x000002c4eb64c000, 0x000002c4eb64e000, 0x000002c4ebf54800, 0x000002c4ebf56000,
0x000002c4ebf5a000, 0x000002c4ec0c9800, 0x000002c4ec0c8000, 0x000002c4ec0c6000,
0x000002c4ec0c7000, 0x000002c4ec0ca800, 0x000002c4ec0cb000, 0x000002c4ec0cc000,
0x000002c4ed631000, 0x000002c4ed62f800, 0x000002c4ed634000, 0x000002c4ed630000,
0x000002c4ed638000, 0x000002c4ed63a800, 0x000002c4ed637800, 0x000002c4ed635000,
0x000002c4ed63b800, 0x000002c4ed636800, 0x000002c4ed63d000, 0x000002c4ed63e000,
0x000002c4f23e7800, 0x000002c4f2b7d000, 0x000002c4f06e9000
}

Java Threads: ( => current thread )
  0x000002c4ccdc2800 JavaThread "main" [_thread_blocked, id=13216, stack(0x000000cf5c900000,0x000000cf5ca00000)]
  0x000002c4eb5f3800 JavaThread "Reference Handler" daemon [_thread_blocked, id=7108, stack(0x000000cf5d000000,0x000000cf5d100000)]
  0x000002c4eb5ec800 JavaThread "Finalizer" daemon [_thread_blocked, id=7620, stack(0x000000cf5d100000,0x000000cf5d200000)]
  0x000002c4eb648000 JavaThread "Signal Dispatcher" daemon [_thread_blocked, id=7204, stack(0x000000cf5d200000,0x000000cf5d300000)]
  0x000002c4eb64c000 JavaThread "Attach Listener" daemon [_thread_blocked, id=3672, stack(0x000000cf5d300000,0x000000cf5d400000)]
  0x000002c4eb64e000 JavaThread "Service Thread" daemon [_thread_blocked, id=12600, stack(0x000000cf5d400000,0x000000cf5d500000)]
  0x000002c4ebf54800 JavaThread "C2 CompilerThread0" daemon [_thread_in_native, id=10872, stack(0x000000cf5d500000,0x000000cf5d600000)]
  0x000002c4ebf56000 JavaThread "C1 CompilerThread0" daemon [_thread_blocked, id=12492, stack(0x000000cf5d600000,0x000000cf5d700000)]
  0x000002c4ebf5a000 JavaThread "Sweeper thread" daemon [_thread_blocked, id=11332, stack(0x000000cf5d700000,0x000000cf5d800000)]
  0x000002c4ec0c9800 JavaThread "Common-Cleaner" daemon [_thread_blocked, id=1696, stack(0x000000cf5d800000,0x000000cf5d900000)]
  0x000002c4ec0c8000 JavaThread "Daemon health stats" [_thread_blocked, id=4944, stack(0x000000cf5da00000,0x000000cf5db00000)]
  0x000002c4ec0c6000 JavaThread "Incoming local TCP Connector on port 60257" [_thread_in_native, id=11524, stack(0x000000cf5dd00000,0x000000cf5de00000)]
  0x000002c4ec0c7000 JavaThread "Daemon periodic checks" [_thread_blocked, id=11400, stack(0x000000cf5de00000,0x000000cf5df00000)]
  0x000002c4ec0ca800 JavaThread "Daemon" [_thread_blocked, id=9068, stack(0x000000cf5df00000,0x000000cf5e000000)]
  0x000002c4ec0cb000 JavaThread "Handler for socket connection from /127.0.0.1:60257 to /127.0.0.1:60258" [_thread_in_native, id=12924, stack(0x000000cf5e000000,0x000000cf5e100000)]
  0x000002c4ec0cc000 JavaThread "Daemon worker" [_thread_blocked, id=10324, stack(0x000000cf5e200000,0x000000cf5e300000)]
  0x000002c4ed631000 JavaThread "Cache worker for journal cache (C:\Users\Tom\.gradle\caches\journal-1)" [_thread_blocked, id=9900, stack(0x000000cf5e600000,0x000000cf5e700000)]
  0x000002c4ed62f800 JavaThread "File lock request listener" [_thread_in_native, id=3664, stack(0x000000cf5e700000,0x000000cf5e800000)]
  0x000002c4ed634000 JavaThread "Cache worker for file hash cache (C:\Users\Tom\.gradle\caches\7.3.3\fileHashes)" [_thread_blocked, id=1672, stack(0x000000cf5e900000,0x000000cf5ea00000)]
  0x000002c4ed630000 JavaThread "File watcher server" daemon [_thread_in_native, id=5100, stack(0x000000cf5eb00000,0x000000cf5ec00000)]
  0x000002c4ed638000 JavaThread "File watcher consumer" daemon [_thread_blocked, id=4992, stack(0x000000cf5ec00000,0x000000cf5ed00000)]
  0x000002c4ed63a800 JavaThread "Cache worker for execution history cache (C:\Users\Tom\.gradle\caches\7.3.3\executionHistory)" [_thread_blocked, id=11128, stack(0x000000cf5f100000,0x000000cf5f200000)]
  0x000002c4ed637800 JavaThread "jar transforms" [_thread_blocked, id=6428, stack(0x000000cf5f000000,0x000000cf5f100000)]
  0x000002c4ed635000 JavaThread "jar transforms Thread 2" [_thread_blocked, id=5568, stack(0x000000cf5f200000,0x000000cf5f300000)]
  0x000002c4ed63b800 JavaThread "Cache worker for file content cache (C:\Users\Tom\.gradle\caches\7.3.3\fileContent)" [_thread_blocked, id=11696, stack(0x000000cf5f300000,0x000000cf5f400000)]
  0x000002c4ed636800 JavaThread "jar transforms Thread 3" [_thread_blocked, id=3568, stack(0x000000cf5f400000,0x000000cf5f500000)]
  0x000002c4ed63d000 JavaThread "jar transforms Thread 4" [_thread_blocked, id=12948, stack(0x000000cf5f500000,0x000000cf5f600000)]
  0x000002c4ed63e000 JavaThread "Cache worker for kotlin-dsl (C:\Users\Tom\.gradle\caches\7.3.3\kotlin-dsl)" [_thread_blocked, id=11640, stack(0x000000cf5f700000,0x000000cf5f800000)]
  0x000002c4f23e7800 JavaThread "Memory manager" [_thread_blocked, id=432, stack(0x000000cf61d00000,0x000000cf61e00000)]
  0x000002c4f2b7d000 JavaThread "included builds" [_thread_blocked, id=3548, stack(0x000000cf62000000,0x000000cf62100000)]
=>0x000002c4f06e9000 JavaThread "C2 CompilerThread1" daemon [_thread_in_native, id=12836, stack(0x000000cf5c600000,0x000000cf5c700000)]

Other Threads:
  0x000002c4eb5de000 VMThread "VM Thread" [stack: 0x000000cf5cf00000,0x000000cf5d000000] [id=12768]
  0x000002c4ec0d5800 WatcherThread [stack: 0x000000cf5d900000,0x000000cf5da00000] [id=10768]
  0x000002c4ccdda800 GCTaskThread "GC Thread#0" [stack: 0x000000cf5ca00000,0x000000cf5cb00000] [id=10536]
  0x000002c4ec79f800 GCTaskThread "GC Thread#1" [stack: 0x000000cf5db00000,0x000000cf5dc00000] [id=11784]
  0x000002c4ec7a0800 GCTaskThread "GC Thread#2" [stack: 0x000000cf5dc00000,0x000000cf5dd00000] [id=6304]
  0x000002c4ec60d800 GCTaskThread "GC Thread#3" [stack: 0x000000cf5e800000,0x000000cf5e900000] [id=10080]
  0x000002c4cce0e000 ConcurrentGCThread "G1 Main Marker" [stack: 0x000000cf5cb00000,0x000000cf5cc00000] [id=13180]
  0x000002c4cce0f000 ConcurrentGCThread "G1 Conc#0" [stack: 0x000000cf5cc00000,0x000000cf5cd00000] [id=11588]
  0x000002c4cce9c800 ConcurrentGCThread "G1 Refine#0" [stack: 0x000000cf5cd00000,0x000000cf5ce00000] [id=11612]
  0x000002c4cce9d800 ConcurrentGCThread "G1 Young RemSet Sampling" [stack: 0x000000cf5ce00000,0x000000cf5cf00000] [id=11440]

Threads with active compile tasks:
C2 CompilerThread0    85321 9202   !   4       java.io.ObjectOutputStream::writeObject0 (619 bytes)
C2 CompilerThread1    85321 9044       4       java.lang.Module::implIsExportedOrOpen (92 bytes)

VM state:not at safepoint (normal execution)

VM Mutex/Monitor currently owned by a thread: None

Heap address: 0x0000000080000000, size: 2048 MB, Compressed Oops mode: 32-bit
Narrow klass base: 0x0000000000000000, Narrow klass shift: 3
Compressed class space size: 528482304 Address: 0x0000000100000000

Heap:
 garbage-first heap   total 131072K, used 95974K [0x0000000080000000, 0x0000000100000000)
  region size 1024K, 22 young (22528K), 3 survivors (3072K)
 Metaspace       used 86925K, capacity 89485K, committed 89808K, reserved 593920K
  class space    used 11306K, capacity 12290K, committed 12416K, reserved 516096K
Heap Regions: E=young(eden), S=young(survivor), O=old, HS=humongous(starts), HC=humongous(continues), CS=collection set, F=free, A=archive, TAMS=top-at-mark-start (previous, next)
|   0|0x0000000080000000, 0x0000000080100000, 0x0000000080100000|100%| O|  |TAMS 0x0000000080100000, 0x0000000080000000| Untracked 
|   1|0x0000000080100000, 0x0000000080200000, 0x0000000080200000|100%| O|  |TAMS 0x0000000080200000, 0x0000000080100000| Untracked 
|   2|0x0000000080200000, 0x0000000080300000, 0x0000000080300000|100%| O|  |TAMS 0x0000000080300000, 0x0000000080200000| Untracked 
|   3|0x0000000080300000, 0x0000000080400000, 0x0000000080400000|100%|HS|  |TAMS 0x0000000080400000, 0x0000000080300000| Complete 
|   4|0x0000000080400000, 0x0000000080500000, 0x0000000080500000|100%|HC|  |TAMS 0x0000000080500000, 0x0000000080400000| Complete 
|   5|0x0000000080500000, 0x0000000080600000, 0x0000000080600000|100%|HC|  |TAMS 0x0000000080600000, 0x0000000080500000| Complete 
|   6|0x0000000080600000, 0x0000000080700000, 0x0000000080700000|100%| O|  |TAMS 0x0000000080700000, 0x0000000080600000| Untracked 
|   7|0x0000000080700000, 0x0000000080800000, 0x0000000080800000|100%| O|  |TAMS 0x0000000080800000, 0x0000000080700000| Untracked 
|   8|0x0000000080800000, 0x0000000080900000, 0x0000000080900000|100%| O|  |TAMS 0x0000000080900000, 0x0000000080800000| Untracked 
|   9|0x0000000080900000, 0x0000000080a00000, 0x0000000080a00000|100%| O|  |TAMS 0x0000000080a00000, 0x0000000080900000| Untracked 
|  10|0x0000000080a00000, 0x0000000080b00000, 0x0000000080b00000|100%| O|  |TAMS 0x0000000080b00000, 0x0000000080a00000| Untracked 
|  11|0x0000000080b00000, 0x0000000080c00000, 0x0000000080c00000|100%| O|  |TAMS 0x0000000080c00000, 0x0000000080b00000| Untracked 
|  12|0x0000000080c00000, 0x0000000080d00000, 0x0000000080d00000|100%| O|  |TAMS 0x0000000080d00000, 0x0000000080c00000| Untracked 
|  13|0x0000000080d00000, 0x0000000080e00000, 0x0000000080e00000|100%| O|  |TAMS 0x0000000080e00000, 0x0000000080d00000| Untracked 
|  14|0x0000000080e00000, 0x0000000080f00000, 0x0000000080f00000|100%| O|  |TAMS 0x0000000080f00000, 0x0000000080e00000| Untracked 
|  15|0x0000000080f00000, 0x0000000081000000, 0x0000000081000000|100%| O|  |TAMS 0x0000000081000000, 0x0000000080f00000| Untracked 
|  16|0x0000000081000000, 0x0000000081100000, 0x0000000081100000|100%| O|  |TAMS 0x0000000081100000, 0x0000000081000000| Untracked 
|  17|0x0000000081100000, 0x0000000081200000, 0x0000000081200000|100%| O|  |TAMS 0x0000000081200000, 0x0000000081100000| Untracked 
|  18|0x0000000081200000, 0x0000000081300000, 0x0000000081300000|100%| O|  |TAMS 0x0000000081300000, 0x0000000081200000| Untracked 
|  19|0x0000000081300000, 0x0000000081400000, 0x0000000081400000|100%| O|  |TAMS 0x0000000081400000, 0x0000000081300000| Untracked 
|  20|0x0000000081400000, 0x0000000081500000, 0x0000000081500000|100%| O|  |TAMS 0x0000000081500000, 0x0000000081400000| Untracked 
|  21|0x0000000081500000, 0x0000000081600000, 0x0000000081600000|100%| O|  |TAMS 0x0000000081600000, 0x0000000081500000| Untracked 
|  22|0x0000000081600000, 0x0000000081700000, 0x0000000081700000|100%| O|  |TAMS 0x0000000081700000, 0x0000000081600000| Untracked 
|  23|0x0000000081700000, 0x0000000081800000, 0x0000000081800000|100%| O|  |TAMS 0x0000000081800000, 0x0000000081700000| Untracked 
|  24|0x0000000081800000, 0x0000000081900000, 0x0000000081900000|100%| O|  |TAMS 0x0000000081900000, 0x0000000081800000| Untracked 
|  25|0x0000000081900000, 0x0000000081a00000, 0x0000000081a00000|100%| O|  |TAMS 0x0000000081a00000, 0x0000000081900000| Untracked 
|  26|0x0000000081a00000, 0x0000000081b00000, 0x0000000081b00000|100%|HS|  |TAMS 0x0000000081b00000, 0x0000000081a00000| Complete 
|  27|0x0000000081b00000, 0x0000000081c00000, 0x0000000081c00000|100%|HS|  |TAMS 0x0000000081c00000, 0x0000000081b00000| Complete 
|  28|0x0000000081c00000, 0x0000000081d00000, 0x0000000081d00000|100%|HC|  |TAMS 0x0000000081d00000, 0x0000000081c00000| Complete 
|  29|0x0000000081d00000, 0x0000000081e00000, 0x0000000081e00000|100%|HC|  |TAMS 0x0000000081e00000, 0x0000000081d00000| Complete 
|  30|0x0000000081e00000, 0x0000000081f00000, 0x0000000081f00000|100%| O|  |TAMS 0x0000000081f00000, 0x0000000081e00000| Untracked 
|  31|0x0000000081f00000, 0x0000000082000000, 0x0000000082000000|100%| O|  |TAMS 0x0000000082000000, 0x0000000081f00000| Untracked 
|  32|0x0000000082000000, 0x0000000082100000, 0x0000000082100000|100%| O|  |TAMS 0x0000000082100000, 0x0000000082000000| Untracked 
|  33|0x0000000082100000, 0x0000000082200000, 0x0000000082200000|100%| O|  |TAMS 0x0000000082200000, 0x0000000082100000| Untracked 
|  34|0x0000000082200000, 0x0000000082300000, 0x0000000082300000|100%| O|  |TAMS 0x0000000082300000, 0x0000000082200000| Untracked 
|  35|0x0000000082300000, 0x0000000082400000, 0x0000000082400000|100%| O|  |TAMS 0x0000000082400000, 0x0000000082300000| Untracked 
|  36|0x0000000082400000, 0x0000000082500000, 0x0000000082500000|100%| O|  |TAMS 0x0000000082500000, 0x0000000082400000| Untracked 
|  37|0x0000000082500000, 0x0000000082600000, 0x0000000082600000|100%| O|  |TAMS 0x0000000082600000, 0x0000000082500000| Untracked 
|  38|0x0000000082600000, 0x0000000082700000, 0x0000000082700000|100%| O|  |TAMS 0x0000000082700000, 0x0000000082600000| Untracked 
|  39|0x0000000082700000, 0x0000000082800000, 0x0000000082800000|100%| O|  |TAMS 0x0000000082800000, 0x0000000082700000| Untracked 
|  40|0x0000000082800000, 0x0000000082900000, 0x0000000082900000|100%| O|  |TAMS 0x0000000082900000, 0x0000000082800000| Untracked 
|  41|0x0000000082900000, 0x0000000082a00000, 0x0000000082a00000|100%| O|  |TAMS 0x0000000082a00000, 0x0000000082900000| Untracked 
|  42|0x0000000082a00000, 0x0000000082b00000, 0x0000000082b00000|100%| O|  |TAMS 0x0000000082b00000, 0x0000000082a00000| Untracked 
|  43|0x0000000082b00000, 0x0000000082c00000, 0x0000000082c00000|100%| O|  |TAMS 0x0000000082c00000, 0x0000000082b00000| Untracked 
|  44|0x0000000082c00000, 0x0000000082d00000, 0x0000000082d00000|100%| O|  |TAMS 0x0000000082d00000, 0x0000000082c00000| Untracked 
|  45|0x0000000082d00000, 0x0000000082e00000, 0x0000000082e00000|100%| O|  |TAMS 0x0000000082e00000, 0x0000000082d00000| Untracked 
|  46|0x0000000082e00000, 0x0000000082f00000, 0x0000000082f00000|100%|HS|  |TAMS 0x0000000082f00000, 0x0000000082e00000| Complete 
|  47|0x0000000082f00000, 0x0000000083000000, 0x0000000083000000|100%|HS|  |TAMS 0x0000000083000000, 0x0000000082f00000| Complete 
|  48|0x0000000083000000, 0x0000000083100000, 0x0000000083100000|100%|HS|  |TAMS 0x0000000083100000, 0x0000000083000000| Complete 
|  49|0x0000000083100000, 0x0000000083200000, 0x0000000083200000|100%|HC|  |TAMS 0x0000000083200000, 0x0000000083100000| Complete 
|  50|0x0000000083200000, 0x0000000083300000, 0x0000000083300000|100%| O|  |TAMS 0x0000000083300000, 0x0000000083200000| Untracked 
|  51|0x0000000083300000, 0x0000000083400000, 0x0000000083400000|100%| O|  |TAMS 0x0000000083400000, 0x0000000083300000| Untracked 
|  52|0x0000000083400000, 0x0000000083500000, 0x0000000083500000|100%| O|  |TAMS 0x0000000083500000, 0x0000000083400000| Untracked 
|  53|0x0000000083500000, 0x0000000083600000, 0x0000000083600000|100%| O|  |TAMS 0x0000000083600000, 0x0000000083500000| Untracked 
|  54|0x0000000083600000, 0x0000000083700000, 0x0000000083700000|100%| O|  |TAMS 0x0000000083700000, 0x0000000083600000| Untracked 
|  55|0x0000000083700000, 0x0000000083800000, 0x0000000083800000|100%| O|  |TAMS 0x0000000083800000, 0x0000000083700000| Untracked 
|  56|0x0000000083800000, 0x0000000083900000, 0x0000000083900000|100%| O|  |TAMS 0x0000000083900000, 0x0000000083800000| Untracked 
|  57|0x0000000083900000, 0x0000000083a00000, 0x0000000083a00000|100%| O|  |TAMS 0x0000000083a00000, 0x0000000083900000| Untracked 
|  58|0x0000000083a00000, 0x0000000083b00000, 0x0000000083b00000|100%| O|  |TAMS 0x0000000083b00000, 0x0000000083a00000| Untracked 
|  59|0x0000000083b00000, 0x0000000083c00000, 0x0000000083c00000|100%| O|  |TAMS 0x0000000083c00000, 0x0000000083b00000| Untracked 
|  60|0x0000000083c00000, 0x0000000083d00000, 0x0000000083d00000|100%| O|  |TAMS 0x0000000083d00000, 0x0000000083c00000| Untracked 
|  61|0x0000000083d00000, 0x0000000083e00000, 0x0000000083e00000|100%| O|  |TAMS 0x0000000083e00000, 0x0000000083d00000| Untracked 
|  62|0x0000000083e00000, 0x0000000083f00000, 0x0000000083f00000|100%| O|  |TAMS 0x0000000083f00000, 0x0000000083e00000| Untracked 
|  63|0x0000000083f00000, 0x0000000084000000, 0x0000000084000000|100%| O|  |TAMS 0x0000000084000000, 0x0000000083f00000| Untracked 
|  64|0x0000000084000000, 0x0000000084100000, 0x0000000084100000|100%| O|  |TAMS 0x0000000084100000, 0x0000000084000000| Untracked 
|  65|0x0000000084100000, 0x0000000084200000, 0x0000000084200000|100%| O|  |TAMS 0x0000000084200000, 0x0000000084100000| Untracked 
|  66|0x0000000084200000, 0x0000000084300000, 0x0000000084300000|100%| O|  |TAMS 0x0000000084300000, 0x0000000084200000| Untracked 
|  67|0x0000000084300000, 0x0000000084400000, 0x0000000084400000|100%| O|  |TAMS 0x0000000084400000, 0x0000000084300000| Untracked 
|  68|0x0000000084400000, 0x0000000084500000, 0x0000000084500000|100%| O|  |TAMS 0x0000000084500000, 0x0000000084400000| Untracked 
|  69|0x0000000084500000, 0x0000000084600000, 0x0000000084600000|100%| O|  |TAMS 0x0000000084600000, 0x0000000084500000| Untracked 
|  70|0x0000000084600000, 0x0000000084700000, 0x0000000084700000|100%| O|  |TAMS 0x00000000846a4000, 0x0000000084600000| Untracked 
|  71|0x0000000084700000, 0x0000000084800000, 0x0000000084800000|100%| O|  |TAMS 0x0000000084700000, 0x0000000084700000| Untracked 
|  72|0x0000000084800000, 0x0000000084900000, 0x0000000084900000|100%| O|  |TAMS 0x0000000084800000, 0x0000000084800000| Untracked 
|  73|0x0000000084900000, 0x0000000084993600, 0x0000000084a00000| 57%| O|  |TAMS 0x0000000084900000, 0x0000000084900000| Untracked 
|  74|0x0000000084a00000, 0x0000000084a00000, 0x0000000084b00000|  0%| F|  |TAMS 0x0000000084a00000, 0x0000000084a00000| Untracked 
|  75|0x0000000084b00000, 0x0000000084b00000, 0x0000000084c00000|  0%| F|  |TAMS 0x0000000084b00000, 0x0000000084b00000| Untracked 
|  76|0x0000000084c00000, 0x0000000084c00000, 0x0000000084d00000|  0%| F|  |TAMS 0x0000000084c00000, 0x0000000084c00000| Untracked 
|  77|0x0000000084d00000, 0x0000000084d00000, 0x0000000084e00000|  0%| F|  |TAMS 0x0000000084d00000, 0x0000000084d00000| Untracked 
|  78|0x0000000084e00000, 0x0000000084e00000, 0x0000000084f00000|  0%| F|  |TAMS 0x0000000084e00000, 0x0000000084e00000| Untracked 
|  79|0x0000000084f00000, 0x0000000084f00000, 0x0000000085000000|  0%| F|  |TAMS 0x0000000084f00000, 0x0000000084f00000| Untracked 
|  80|0x0000000085000000, 0x0000000085000000, 0x0000000085100000|  0%| F|  |TAMS 0x0000000085000000, 0x0000000085000000| Untracked 
|  81|0x0000000085100000, 0x0000000085100000, 0x0000000085200000|  0%| F|  |TAMS 0x0000000085100000, 0x0000000085100000| Untracked 
|  82|0x0000000085200000, 0x0000000085200000, 0x0000000085300000|  0%| F|  |TAMS 0x0000000085200000, 0x0000000085200000| Untracked 
|  83|0x0000000085300000, 0x0000000085300000, 0x0000000085400000|  0%| F|  |TAMS 0x0000000085300000, 0x0000000085300000| Untracked 
|  84|0x0000000085400000, 0x0000000085400000, 0x0000000085500000|  0%| F|  |TAMS 0x0000000085400000, 0x0000000085400000| Untracked 
|  85|0x0000000085500000, 0x0000000085500000, 0x0000000085600000|  0%| F|  |TAMS 0x0000000085500000, 0x0000000085500000| Untracked 
|  86|0x0000000085600000, 0x0000000085600000, 0x0000000085700000|  0%| F|  |TAMS 0x0000000085600000, 0x0000000085600000| Untracked 
|  87|0x0000000085700000, 0x0000000085700000, 0x0000000085800000|  0%| F|  |TAMS 0x0000000085700000, 0x0000000085700000| Untracked 
|  88|0x0000000085800000, 0x0000000085800000, 0x0000000085900000|  0%| F|  |TAMS 0x0000000085800000, 0x0000000085800000| Untracked 
|  89|0x0000000085900000, 0x0000000085900000, 0x0000000085a00000|  0%| F|  |TAMS 0x0000000085900000, 0x0000000085900000| Untracked 
|  90|0x0000000085a00000, 0x0000000085a00000, 0x0000000085b00000|  0%| F|  |TAMS 0x0000000085a00000, 0x0000000085a00000| Untracked 
|  91|0x0000000085b00000, 0x0000000085b26468, 0x0000000085c00000| 14%| S|CS|TAMS 0x0000000085b00000, 0x0000000085b00000| Complete 
|  92|0x0000000085c00000, 0x0000000085d00000, 0x0000000085d00000|100%| S|CS|TAMS 0x0000000085c00000, 0x0000000085c00000| Complete 
|  93|0x0000000085d00000, 0x0000000085d00000, 0x0000000085e00000|  0%| F|  |TAMS 0x0000000085d00000, 0x0000000085d00000| Untracked 
|  94|0x0000000085e00000, 0x0000000085e00000, 0x0000000085f00000|  0%| F|  |TAMS 0x0000000085e00000, 0x0000000085e00000| Untracked 
|  95|0x0000000085f00000, 0x0000000085f00000, 0x0000000086000000|  0%| F|  |TAMS 0x0000000085f00000, 0x0000000085f00000| Untracked 
|  96|0x0000000086000000, 0x0000000086100000, 0x0000000086100000|100%| S|CS|TAMS 0x0000000086000000, 0x0000000086000000| Complete 
|  97|0x0000000086100000, 0x0000000086100000, 0x0000000086200000|  0%| F|  |TAMS 0x0000000086100000, 0x0000000086100000| Untracked 
|  98|0x0000000086200000, 0x0000000086200000, 0x0000000086300000|  0%| F|  |TAMS 0x0000000086200000, 0x0000000086200000| Untracked 
|  99|0x0000000086300000, 0x0000000086300000, 0x0000000086400000|  0%| F|  |TAMS 0x0000000086300000, 0x0000000086300000| Untracked 
| 100|0x0000000086400000, 0x0000000086400000, 0x0000000086500000|  0%| F|  |TAMS 0x0000000086400000, 0x0000000086400000| Untracked 
| 101|0x0000000086500000, 0x0000000086500000, 0x0000000086600000|  0%| F|  |TAMS 0x0000000086500000, 0x0000000086500000| Untracked 
| 102|0x0000000086600000, 0x0000000086600000, 0x0000000086700000|  0%| F|  |TAMS 0x0000000086600000, 0x0000000086600000| Untracked 
| 103|0x0000000086700000, 0x0000000086700000, 0x0000000086800000|  0%| F|  |TAMS 0x0000000086700000, 0x0000000086700000| Untracked 
| 104|0x0000000086800000, 0x0000000086800000, 0x0000000086900000|  0%| F|  |TAMS 0x0000000086800000, 0x0000000086800000| Untracked 
| 105|0x0000000086900000, 0x0000000086900000, 0x0000000086a00000|  0%| F|  |TAMS 0x0000000086900000, 0x0000000086900000| Untracked 
| 106|0x0000000086a00000, 0x0000000086a00000, 0x0000000086b00000|  0%| F|  |TAMS 0x0000000086a00000, 0x0000000086a00000| Untracked 
| 107|0x0000000086b00000, 0x0000000086b00000, 0x0000000086c00000|  0%| F|  |TAMS 0x0000000086b00000, 0x0000000086b00000| Untracked 
| 108|0x0000000086c00000, 0x0000000086c00000, 0x0000000086d00000|  0%| F|  |TAMS 0x0000000086c00000, 0x0000000086c00000| Untracked 
| 109|0x0000000086d00000, 0x0000000086dc0960, 0x0000000086e00000| 75%| E|  |TAMS 0x0000000086d00000, 0x0000000086d00000| Complete 
| 110|0x0000000086e00000, 0x0000000086f00000, 0x0000000086f00000|100%| E|CS|TAMS 0x0000000086e00000, 0x0000000086e00000| Complete 
| 111|0x0000000086f00000, 0x0000000087000000, 0x0000000087000000|100%| E|CS|TAMS 0x0000000086f00000, 0x0000000086f00000| Complete 
| 112|0x0000000087000000, 0x0000000087100000, 0x0000000087100000|100%| E|CS|TAMS 0x0000000087000000, 0x0000000087000000| Complete 
| 113|0x0000000087100000, 0x0000000087200000, 0x0000000087200000|100%| E|CS|TAMS 0x0000000087100000, 0x0000000087100000| Complete 
| 114|0x0000000087200000, 0x0000000087300000, 0x0000000087300000|100%| E|CS|TAMS 0x0000000087200000, 0x0000000087200000| Complete 
| 115|0x0000000087300000, 0x0000000087400000, 0x0000000087400000|100%| E|CS|TAMS 0x0000000087300000, 0x0000000087300000| Complete 
| 116|0x0000000087400000, 0x0000000087500000, 0x0000000087500000|100%| E|CS|TAMS 0x0000000087400000, 0x0000000087400000| Complete 
| 117|0x0000000087500000, 0x0000000087600000, 0x0000000087600000|100%| E|CS|TAMS 0x0000000087500000, 0x0000000087500000| Complete 
| 118|0x0000000087600000, 0x0000000087700000, 0x0000000087700000|100%| E|CS|TAMS 0x0000000087600000, 0x0000000087600000| Complete 
| 119|0x0000000087700000, 0x0000000087800000, 0x0000000087800000|100%| E|CS|TAMS 0x0000000087700000, 0x0000000087700000| Complete 
| 120|0x0000000087800000, 0x0000000087900000, 0x0000000087900000|100%| E|CS|TAMS 0x0000000087800000, 0x0000000087800000| Complete 
| 121|0x0000000087900000, 0x0000000087a00000, 0x0000000087a00000|100%| E|CS|TAMS 0x0000000087900000, 0x0000000087900000| Complete 
| 122|0x0000000087a00000, 0x0000000087b00000, 0x0000000087b00000|100%| E|CS|TAMS 0x0000000087a00000, 0x0000000087a00000| Complete 
| 123|0x0000000087b00000, 0x0000000087c00000, 0x0000000087c00000|100%| E|CS|TAMS 0x0000000087b00000, 0x0000000087b00000| Complete 
| 124|0x0000000087c00000, 0x0000000087d00000, 0x0000000087d00000|100%| E|CS|TAMS 0x0000000087c00000, 0x0000000087c00000| Complete 
| 125|0x0000000087d00000, 0x0000000087e00000, 0x0000000087e00000|100%| E|CS|TAMS 0x0000000087d00000, 0x0000000087d00000| Complete 
| 126|0x0000000087e00000, 0x0000000087f00000, 0x0000000087f00000|100%| E|CS|TAMS 0x0000000087e00000, 0x0000000087e00000| Complete 
| 127|0x0000000087f00000, 0x0000000088000000, 0x0000000088000000|100%| E|CS|TAMS 0x0000000087f00000, 0x0000000087f00000| Complete 

Card table byte_map: [0x000002c4e4920000,0x000002c4e4d20000] _byte_map_base: 0x000002c4e4520000

Marking Bits (Prev, Next): (CMBitMap*) 0x000002c4cce050b0, (CMBitMap*) 0x000002c4cce05078
 Prev Bits: [0x000002c4e7120000, 0x000002c4e9120000)
 Next Bits: [0x000002c4e5120000, 0x000002c4e7120000)

Polling page: 0x000002c4cad90000

Metaspace:

Usage:
  Non-class:     75.39 MB capacity,    73.85 MB ( 98%) used,     1.30 MB (  2%) free+waste,   246.50 KB ( <1%) overhead. 
      Class:     12.00 MB capacity,    11.04 MB ( 92%) used,   866.51 KB (  7%) free+waste,   116.69 KB ( <1%) overhead. 
       Both:     87.39 MB capacity,    84.89 MB ( 97%) used,     2.14 MB (  2%) free+waste,   363.19 KB ( <1%) overhead. 

Virtual space:
  Non-class space:       76.00 MB reserved,      75.58 MB (>99%) committed 
      Class space:      504.00 MB reserved,      12.13 MB (  2%) committed 
             Both:      580.00 MB reserved,      87.70 MB ( 15%) committed 

Chunk freelists:
   Non-Class:  5.00 KB
       Class:  0 bytes
        Both:  5.00 KB

MaxMetaspaceSize: 512.00 MB
CompressedClassSpaceSize: 504.00 MB
Initial GC threshold: 20.80 MB
Current GC threshold: 138.05 MB
CDS: off

CodeHeap 'non-profiled nmethods': size=120064Kb used=5796Kb max_used=5796Kb free=114267Kb
 bounds [0x000002c4dcfe0000, 0x000002c4dd590000, 0x000002c4e4520000]
CodeHeap 'profiled nmethods': size=120000Kb used=20255Kb max_used=20255Kb free=99744Kb
 bounds [0x000002c4d5ab0000, 0x000002c4d6e80000, 0x000002c4dcfe0000]
CodeHeap 'non-nmethods': size=5696Kb used=2376Kb max_used=2427Kb free=3319Kb
 bounds [0x000002c4d5520000, 0x000002c4d57a0000, 0x000002c4d5ab0000]
 total_blobs=10099 nmethods=9200 adapters=811
 compilation: enabled
              stopped_count=0, restarted_count=0
 full_count=0

Compilation events (20 events):
Event: 84.221 Thread 0x000002c4ebf56000 nmethod 9039 0x000002c4d6e17010 code [0x000002c4d6e171e0, 0x000002c4d6e174f8]
Event: 84.222 Thread 0x000002c4ebf56000 9040       3       org.codehaus.groovy.runtime.MetaClassHelper::convertToTypeArray (42 bytes)
Event: 84.222 Thread 0x000002c4ebf56000 nmethod 9040 0x000002c4d6e17610 code [0x000002c4d6e17820, 0x000002c4d6e18008]
Event: 84.230 Thread 0x000002c4f06e9000 nmethod 9036% 0x000002c4dd572810 code [0x000002c4dd5729c0, 0x000002c4dd572f38]
Event: 84.230 Thread 0x000002c4f06e9000 9037       4       org.codehaus.groovy.util.ComplexKeyHashMap$1::hasNext (13 bytes)
Event: 84.231 Thread 0x000002c4f06e9000 nmethod 9037 0x000002c4dd573110 code [0x000002c4dd5732a0, 0x000002c4dd573318]
Event: 84.245 Thread 0x000002c4ebf56000 9041       3       org.codehaus.groovy.runtime.callsite.AbstractCallSite::<init> (35 bytes)
Event: 84.246 Thread 0x000002c4ebf56000 nmethod 9041 0x000002c4d6e18210 code [0x000002c4d6e183e0, 0x000002c4d6e18858]
Event: 84.278 Thread 0x000002c4f06e9000 9042       4       java.lang.AbstractStringBuilder::appendChars (133 bytes)
Event: 84.299 Thread 0x000002c4f06e9000 nmethod 9042 0x000002c4dd573410 code [0x000002c4dd5735e0, 0x000002c4dd573a08]
Event: 84.347 Thread 0x000002c4ebf56000 9043       3       org.apache.commons.io.FilenameUtils::getPrefixLength (300 bytes)
Event: 84.353 Thread 0x000002c4ebf56000 nmethod 9043 0x000002c4d6e18990 code [0x000002c4d6e18e40, 0x000002c4d6e1b618]
Event: 84.356 Thread 0x000002c4f06e9000 9044       4       java.lang.Module::implIsExportedOrOpen (92 bytes)
Event: 84.368 Thread 0x000002c4ebf54800 nmethod 9000 0x000002c4dd573c10 code [0x000002c4dd573ee0, 0x000002c4dd577240]
Event: 84.378 Thread 0x000002c4ebf56000 9045       1       org.gradle.api.internal.artifacts.configurations.DefaultConfiguration::getDependencies (5 bytes)
Event: 84.378 Thread 0x000002c4ebf56000 nmethod 9045 0x000002c4dd578090 code [0x000002c4dd578240, 0x000002c4dd5782f8]
Event: 84.379 Thread 0x000002c4ebf56000 9046       3       org.gradle.model.internal.type.ModelType::wrap (219 bytes)
Event: 84.383 Thread 0x000002c4ebf56000 nmethod 9046 0x000002c4d6e1c090 code [0x000002c4d6e1c5e0, 0x000002c4d6e1f198]
Event: 84.383 Thread 0x000002c4ebf56000 9047       3       org.gradle.model.internal.type.ClassTypeWrapper::getRawClass (5 bytes)
Event: 84.383 Thread 0x000002c4ebf56000 nmethod 9047 0x000002c4d6e1fd10 code [0x000002c4d6e1fee0, 0x000002c4d6e201e8]

GC Heap History (20 events):
Event: 46.883 GC heap before
{Heap before GC invocations=15 (full 0):
 garbage-first heap   total 131072K, used 66074K [0x0000000080000000, 0x0000000100000000)
  region size 1024K, 31 young (31744K), 6 survivors (6144K)
 Metaspace       used 58481K, capacity 60096K, committed 60240K, reserved 569344K
  class space    used 7546K, capacity 8185K, committed 8192K, reserved 516096K
}
Event: 46.899 GC heap after
{Heap after GC invocations=16 (full 0):
 garbage-first heap   total 131072K, used 42274K [0x0000000080000000, 0x0000000100000000)
  region size 1024K, 3 young (3072K), 3 survivors (3072K)
 Metaspace       used 58481K, capacity 60096K, committed 60240K, reserved 569344K
  class space    used 7546K, capacity 8185K, committed 8192K, reserved 516096K
}
Event: 48.702 GC heap before
{Heap before GC invocations=17 (full 0):
 garbage-first heap   total 131072K, used 91426K [0x0000000080000000, 0x0000000100000000)
  region size 1024K, 52 young (53248K), 3 survivors (3072K)
 Metaspace       used 62201K, capacity 63965K, committed 64080K, reserved 573440K
  class space    used 8011K, capacity 8694K, committed 8704K, reserved 516096K
}
Event: 48.715 GC heap after
{Heap after GC invocations=18 (full 0):
 garbage-first heap   total 131072K, used 43481K [0x0000000080000000, 0x0000000100000000)
  region size 1024K, 4 young (4096K), 4 survivors (4096K)
 Metaspace       used 62201K, capacity 63965K, committed 64080K, reserved 573440K
  class space    used 8011K, capacity 8694K, committed 8704K, reserved 516096K
}
Event: 51.636 GC heap before
{Heap before GC invocations=18 (full 0):
 garbage-first heap   total 131072K, used 95705K [0x0000000080000000, 0x0000000100000000)
  region size 1024K, 55 young (56320K), 4 survivors (4096K)
 Metaspace       used 65278K, capacity 67288K, committed 67408K, reserved 575488K
  class space    used 8448K, capacity 9194K, committed 9216K, reserved 516096K
}
Event: 51.649 GC heap after
{Heap after GC invocations=19 (full 0):
 garbage-first heap   total 131072K, used 47358K [0x0000000080000000, 0x0000000100000000)
  region size 1024K, 6 young (6144K), 6 survivors (6144K)
 Metaspace       used 65278K, capacity 67288K, committed 67408K, reserved 575488K
  class space    used 8448K, capacity 9194K, committed 9216K, reserved 516096K
}
Event: 53.852 GC heap before
{Heap before GC invocations=19 (full 0):
 garbage-first heap   total 131072K, used 97534K [0x0000000080000000, 0x0000000100000000)
  region size 1024K, 56 young (57344K), 6 survivors (6144K)
 Metaspace       used 68772K, capacity 70790K, committed 70992K, reserved 577536K
  class space    used 8884K, capacity 9714K, committed 9728K, reserved 516096K
}
Event: 53.879 GC heap after
{Heap after GC invocations=20 (full 0):
 garbage-first heap   total 131072K, used 51730K [0x0000000080000000, 0x0000000100000000)
  region size 1024K, 5 young (5120K), 5 survivors (5120K)
 Metaspace       used 68772K, capacity 70790K, committed 70992K, reserved 577536K
  class space    used 8884K, capacity 9714K, committed 9728K, reserved 516096K
}
Event: 63.404 GC heap before
{Heap before GC invocations=20 (full 0):
 garbage-first heap   total 131072K, used 103954K [0x0000000080000000, 0x0000000100000000)
  region size 1024K, 53 young (54272K), 5 survivors (5120K)
 Metaspace       used 72106K, capacity 74323K, committed 74576K, reserved 581632K
  class space    used 9303K, capacity 10162K, committed 10240K, reserved 516096K
}
Event: 63.416 GC heap after
{Heap after GC invocations=21 (full 0):
 garbage-first heap   total 131072K, used 62925K [0x0000000080000000, 0x0000000100000000)
  region size 1024K, 7 young (7168K), 7 survivors (7168K)
 Metaspace       used 72106K, capacity 74323K, committed 74576K, reserved 581632K
  class space    used 9303K, capacity 10162K, committed 10240K, reserved 516096K
}
Event: 67.034 GC heap before
{Heap before GC invocations=21 (full 0):
 garbage-first heap   total 131072K, used 101837K [0x0000000080000000, 0x0000000100000000)
  region size 1024K, 46 young (47104K), 7 survivors (7168K)
 Metaspace       used 77400K, capacity 79519K, committed 79824K, reserved 585728K
  class space    used 9900K, capacity 10760K, committed 10880K, reserved 516096K
}
Event: 67.052 GC heap after
{Heap after GC invocations=22 (full 0):
 garbage-first heap   total 131072K, used 67311K [0x0000000080000000, 0x0000000100000000)
  region size 1024K, 4 young (4096K), 4 survivors (4096K)
 Metaspace       used 77400K, capacity 79519K, committed 79824K, reserved 585728K
  class space    used 9900K, capacity 10760K, committed 10880K, reserved 516096K
}
Event: 68.323 GC heap before
{Heap before GC invocations=22 (full 0):
 garbage-first heap   total 131072K, used 91887K [0x0000000080000000, 0x0000000100000000)
  region size 1024K, 29 young (29696K), 4 survivors (4096K)
 Metaspace       used 79908K, capacity 82116K, committed 82384K, reserved 587776K
  class space    used 10217K, capacity 11091K, committed 11136K, reserved 516096K
}
Event: 68.337 GC heap after
{Heap after GC invocations=23 (full 0):
 garbage-first heap   total 131072K, used 69474K [0x0000000080000000, 0x0000000100000000)
  region size 1024K, 3 young (3072K), 3 survivors (3072K)
 Metaspace       used 79908K, capacity 82116K, committed 82384K, reserved 587776K
  class space    used 10217K, capacity 11091K, committed 11136K, reserved 516096K
}
Event: 70.208 GC heap before
{Heap before GC invocations=24 (full 0):
 garbage-first heap   total 131072K, used 105314K [0x0000000080000000, 0x0000000100000000)
  region size 1024K, 37 young (37888K), 3 survivors (3072K)
 Metaspace       used 80928K, capacity 83307K, committed 83408K, reserved 589824K
  class space    used 10379K, capacity 11319K, committed 11392K, reserved 516096K
}
Event: 70.221 GC heap after
{Heap after GC invocations=25 (full 0):
 garbage-first heap   total 131072K, used 72374K [0x0000000080000000, 0x0000000100000000)
  region size 1024K, 5 young (5120K), 5 survivors (5120K)
 Metaspace       used 80928K, capacity 83307K, committed 83408K, reserved 589824K
  class space    used 10379K, capacity 11319K, committed 11392K, reserved 516096K
}
Event: 80.291 GC heap before
{Heap before GC invocations=25 (full 0):
 garbage-first heap   total 131072K, used 105142K [0x0000000080000000, 0x0000000100000000)
  region size 1024K, 37 young (37888K), 5 survivors (5120K)
 Metaspace       used 81905K, capacity 84323K, committed 84560K, reserved 589824K
  class space    used 10502K, capacity 11423K, committed 11520K, reserved 516096K
}
Event: 80.311 GC heap after
{Heap after GC invocations=26 (full 0):
 garbage-first heap   total 131072K, used 75408K [0x0000000080000000, 0x0000000100000000)
  region size 1024K, 3 young (3072K), 3 survivors (3072K)
 Metaspace       used 81905K, capacity 84323K, committed 84560K, reserved 589824K
  class space    used 10502K, capacity 11423K, committed 11520K, reserved 516096K
}
Event: 83.795 GC heap before
{Heap before GC invocations=27 (full 0):
 garbage-first heap   total 131072K, used 107152K [0x0000000080000000, 0x0000000100000000)
  region size 1024K, 34 young (34816K), 3 survivors (3072K)
 Metaspace       used 85748K, capacity 88266K, committed 88528K, reserved 593920K
  class space    used 11142K, capacity 12117K, committed 12160K, reserved 516096K
}
Event: 83.807 GC heap after
{Heap after GC invocations=28 (full 0):
 garbage-first heap   total 131072K, used 77542K [0x0000000080000000, 0x0000000100000000)
  region size 1024K, 3 young (3072K), 3 survivors (3072K)
 Metaspace       used 85748K, capacity 88266K, committed 88528K, reserved 593920K
  class space    used 11142K, capacity 12117K, committed 12160K, reserved 516096K
}

Deoptimization events (20 events):
Event: 83.745 Thread 0x000002c4ec0cc000 Uncommon trap: trap_request=0xffffffde fr.pc=0x000002c4dd41eef0 relative=0x0000000000000f50
Event: 83.745 Thread 0x000002c4ec0cc000 Uncommon trap: reason=class_check action=maybe_recompile pc=0x000002c4dd41eef0 method=org.gradle.internal.instantiation.generator.AbstractClassGenerator$InjectionAnnotationValidator.validateMethod(Ljava/lang/reflect/Method;Lorg/gradle/internal/reflect/Pro
Event: 83.745 Thread 0x000002c4ec0cc000 DEOPT PACKING pc=0x000002c4dd41eef0 sp=0x000000cf5e2f8b30
Event: 83.745 Thread 0x000002c4ec0cc000 DEOPT UNPACKING pc=0x000002c4d556a1af sp=0x000000cf5e2f8ae8 mode 2
Event: 83.783 Thread 0x000002c4ec0cc000 Uncommon trap: trap_request=0xffffffde fr.pc=0x000002c4dd41eef0 relative=0x0000000000000f50
Event: 83.783 Thread 0x000002c4ec0cc000 Uncommon trap: reason=class_check action=maybe_recompile pc=0x000002c4dd41eef0 method=org.gradle.internal.instantiation.generator.AbstractClassGenerator$InjectionAnnotationValidator.validateMethod(Ljava/lang/reflect/Method;Lorg/gradle/internal/reflect/Pro
Event: 83.783 Thread 0x000002c4ec0cc000 DEOPT PACKING pc=0x000002c4dd41eef0 sp=0x000000cf5e2f8c90
Event: 83.783 Thread 0x000002c4ec0cc000 DEOPT UNPACKING pc=0x000002c4d556a1af sp=0x000000cf5e2f8c48 mode 2
Event: 84.274 Thread 0x000002c4ec0cc000 Uncommon trap: trap_request=0xffffffc6 fr.pc=0x000002c4dd1c88d0 relative=0x00000000000008f0
Event: 84.274 Thread 0x000002c4ec0cc000 Uncommon trap: reason=bimorphic_or_optimized_type_check action=maybe_recompile pc=0x000002c4dd1c88d0 method=java.lang.Throwable.<init>(Ljava/lang/String;Ljava/lang/Throwable;)V @ 24 c2
Event: 84.274 Thread 0x000002c4ec0cc000 DEOPT PACKING pc=0x000002c4dd1c88d0 sp=0x000000cf5e2f5200
Event: 84.274 Thread 0x000002c4ec0cc000 DEOPT UNPACKING pc=0x000002c4d556a1af sp=0x000000cf5e2f51c8 mode 2
Event: 84.276 Thread 0x000002c4ec0cc000 Uncommon trap: trap_request=0xffffffc6 fr.pc=0x000002c4dd1c88d0 relative=0x00000000000008f0
Event: 84.276 Thread 0x000002c4ec0cc000 Uncommon trap: reason=bimorphic_or_optimized_type_check action=maybe_recompile pc=0x000002c4dd1c88d0 method=java.lang.Throwable.<init>(Ljava/lang/String;Ljava/lang/Throwable;)V @ 24 c2
Event: 84.276 Thread 0x000002c4ec0cc000 DEOPT PACKING pc=0x000002c4dd1c88d0 sp=0x000000cf5e2f7b30
Event: 84.276 Thread 0x000002c4ec0cc000 DEOPT UNPACKING pc=0x000002c4d556a1af sp=0x000000cf5e2f7af8 mode 2
Event: 84.376 Thread 0x000002c4ec0cc000 Uncommon trap: trap_request=0xfffffff4 fr.pc=0x000002c4dd55697c relative=0x00000000000000dc
Event: 84.376 Thread 0x000002c4ec0cc000 Uncommon trap: reason=null_check action=make_not_entrant pc=0x000002c4dd55697c method=org.gradle.tooling.internal.provider.runner.ClientBuildEventGenerator$Disabled.accept(Lorg/gradle/internal/operations/BuildOperationDescriptor;)Lorg/gradle/tooling/inter
Event: 84.377 Thread 0x000002c4ec0cc000 DEOPT PACKING pc=0x000002c4dd55697c sp=0x000000cf5e2f9b70
Event: 84.377 Thread 0x000002c4ec0cc000 DEOPT UNPACKING pc=0x000002c4d556a1af sp=0x000000cf5e2f9af8 mode 2

Classes redefined (0 events):
No events

Internal exceptions (20 events):
Event: 83.973 Thread 0x000002c4ec0cc000 Exception <a 'java/lang/ClassNotFoundException'{0x0000000087990758}: com/android/build/gradle/internal/api/AndroidArtifactVariantImplCustomizer> (0x0000000087990758) thrown at [./src/hotspot/share/classfile/systemDictionary.cpp, line 230]
Event: 83.974 Thread 0x000002c4ec0cc000 Exception <a 'java/lang/ClassNotFoundException'{0x00000000879c1700}: com/android/build/gradle/internal/api/InstallableVariantImplCustomizer> (0x00000000879c1700) thrown at [./src/hotspot/share/classfile/systemDictionary.cpp, line 230]
Event: 83.976 Thread 0x000002c4ec0cc000 Exception <a 'java/lang/ClassNotFoundException'{0x00000000879f6068}: com/android/build/gradle/internal/api/ApkVariantImplCustomizer> (0x00000000879f6068) thrown at [./src/hotspot/share/classfile/systemDictionary.cpp, line 230]
Event: 83.978 Thread 0x000002c4ec0cc000 Exception <a 'java/lang/ClassNotFoundException'{0x0000000087829268}: com/android/build/gradle/internal/api/ApplicationVariantImplCustomizer> (0x0000000087829268) thrown at [./src/hotspot/share/classfile/systemDictionary.cpp, line 230]
Event: 83.980 Thread 0x000002c4ec0cc000 Exception <a 'java/lang/ClassNotFoundException'{0x0000000087860ba8}: com/android/build/gradle/internal/api/ApplicationVariantImpl_DecoratedCustomizer> (0x0000000087860ba8) thrown at [./src/hotspot/share/classfile/systemDictionary.cpp, line 230]
Event: 83.996 Thread 0x000002c4ec0cc000 Exception <a 'java/lang/ClassNotFoundException'{0x00000000877390a8}: com/android/build/OutputFileBeanInfo> (0x00000000877390a8) thrown at [./src/hotspot/share/classfile/systemDictionary.cpp, line 230]
Event: 83.996 Thread 0x000002c4ec0cc000 Exception <a 'java/lang/ClassNotFoundException'{0x000000008774ff48}: com/android/build/OutputFileCustomizer> (0x000000008774ff48) thrown at [./src/hotspot/share/classfile/systemDictionary.cpp, line 230]
Event: 84.014 Thread 0x000002c4ec0cc000 Exception <a 'java/lang/NoClassDefFoundError'{0x00000000876074f8}: org/jetbrains/kotlin/gradle/plugin/KotlinBasePluginWrapper> (0x00000000876074f8) thrown at [./src/hotspot/share/classfile/systemDictionary.cpp, line 219]
Event: 84.190 Thread 0x000002c4ec0cc000 Exception <a 'java/lang/ClassNotFoundException'{0x00000000875e7838}: org/gradle/api/internal/plugins/DefaultPluginContainerBeanInfo> (0x00000000875e7838) thrown at [./src/hotspot/share/classfile/systemDictionary.cpp, line 230]
Event: 84.191 Thread 0x000002c4ec0cc000 Exception <a 'java/lang/ClassNotFoundException'{0x0000000087400208}: org/gradle/api/internal/plugins/DefaultPluginCollectionBeanInfo> (0x0000000087400208) thrown at [./src/hotspot/share/classfile/systemDictionary.cpp, line 230]
Event: 84.192 Thread 0x000002c4ec0cc000 Exception <a 'java/lang/ClassNotFoundException'{0x0000000087418c10}: org/gradle/api/internal/plugins/DefaultPluginCollectionCustomizer> (0x0000000087418c10) thrown at [./src/hotspot/share/classfile/systemDictionary.cpp, line 230]
Event: 84.194 Thread 0x000002c4ec0cc000 Exception <a 'java/lang/ClassNotFoundException'{0x0000000087459da0}: org/gradle/api/internal/plugins/DefaultPluginContainerCustomizer> (0x0000000087459da0) thrown at [./src/hotspot/share/classfile/systemDictionary.cpp, line 230]
Event: 84.214 Thread 0x000002c4ec0cc000 Exception <a 'java/lang/ClassNotFoundException'{0x00000000874cdf20}: react_1dr6ndogpsdmcp07prqt5osds$_run_closure8BeanInfo> (0x00000000874cdf20) thrown at [./src/hotspot/share/classfile/systemDictionary.cpp, line 230]
Event: 84.214 Thread 0x000002c4ec0cc000 Exception <a 'java/lang/ClassNotFoundException'{0x00000000874dbbf8}: react_1dr6ndogpsdmcp07prqt5osds$_run_closure8Customizer> (0x00000000874dbbf8) thrown at [./src/hotspot/share/classfile/systemDictionary.cpp, line 230]
Event: 84.274 Thread 0x000002c4ec0cc000 Exception <a 'java/io/IOException'{0x00000000873186b8}: CreateProcess error=1455, The paging file is too small for this operation to complete> (0x00000000873186b8) thrown at [./src/hotspot/share/prims/jni.cpp, line 638]
Event: 84.274 Thread 0x000002c4ec0cc000 Exception <a 'java/lang/reflect/InvocationTargetException'{0x000000008731b7e0}> (0x000000008731b7e0) thrown at [./src/hotspot/share/runtime/reflection.cpp, line 1247]
Event: 84.275 Thread 0x000002c4ec0cc000 Exception <a 'java/lang/reflect/InvocationTargetException'{0x000000008731e2d0}> (0x000000008731e2d0) thrown at [./src/hotspot/share/runtime/reflection.cpp, line 1247]
Event: 84.276 Thread 0x000002c4ec0cc000 Exception <a 'java/lang/reflect/InvocationTargetException'{0x0000000087326380}> (0x0000000087326380) thrown at [./src/hotspot/share/runtime/reflection.cpp, line 1247]
Event: 84.277 Thread 0x000002c4ec0cc000 Exception <a 'java/lang/reflect/InvocationTargetException'{0x0000000087327440}> (0x0000000087327440) thrown at [./src/hotspot/share/runtime/reflection.cpp, line 1247]
Event: 84.376 Thread 0x000002c4ec0cc000 Implicit null exception at 0x000002c4dd5568db to 0x000002c4dd556970

Events (20 events):
Event: 84.301 loading class org/gradle/internal/build/ExecutionResult
Event: 84.301 loading class org/gradle/internal/build/ExecutionResult done
Event: 84.301 loading class org/gradle/internal/build/ExecutionResult
Event: 84.301 loading class org/gradle/internal/build/ExecutionResult done
Event: 84.301 loading class org/gradle/internal/build/DefaultBuildLifecycleController
Event: 84.301 loading class org/gradle/internal/build/DefaultBuildLifecycleController done
Event: 84.303 loading class org/jetbrains/kotlin/gradle/plugin/statistics/KotlinBuildStatHandler$buildFinished$1
Event: 84.303 loading class org/jetbrains/kotlin/gradle/plugin/statistics/KotlinBuildStatHandler$buildFinished$1 done
Event: 84.304 loading class java/lang/Math$RandomNumberGeneratorHolder
Event: 84.346 loading class java/lang/Math$RandomNumberGeneratorHolder done
Event: 84.373 loading class org/jetbrains/kotlin/gradle/plugin/statistics/KotlinBuildStatHandler$reportGlobalMetrics$2
Event: 84.373 loading class org/jetbrains/kotlin/gradle/plugin/statistics/KotlinBuildStatHandler$reportGlobalMetrics$2 done
Event: 84.374 loading class org/jetbrains/kotlin/gradle/plugin/statistics/KotlinBuildStatHandler$reportGlobalMetrics$statisticOverhead$1$1
Event: 84.374 loading class org/jetbrains/kotlin/gradle/plugin/statistics/KotlinBuildStatHandler$reportGlobalMetrics$statisticOverhead$1$1 done
Event: 84.376 loading class org/gradle/invocation/DefaultGradle$2
Event: 84.376 loading class org/gradle/invocation/DefaultGradle$2 done
Event: 84.377 loading class org/jetbrains/kotlin/statistics/metrics/SumMetricContainer
Event: 84.377 loading class org/jetbrains/kotlin/statistics/metrics/SumMetricContainer done
Event: 84.378 loading class org/jetbrains/kotlin/statistics/metrics/OrMetricContainer
Event: 84.378 loading class org/jetbrains/kotlin/statistics/metrics/OrMetricContainer done


Dynamic libraries:
0x00007ff74a750000 - 0x00007ff74a75d000 	C:\Program Files\OpenJDK\openjdk-11.0.15_10\bin\java.exe
0x00007ffa81210000 - 0x00007ffa81407000 	C:\WINDOWS\SYSTEM32\ntdll.dll
0x00007ffa7f420000 - 0x00007ffa7f4dd000 	C:\WINDOWS\System32\KERNEL32.DLL
0x00007ffa7ee60000 - 0x00007ffa7f12d000 	C:\WINDOWS\System32\KERNELBASE.dll
0x00007ffa7ea90000 - 0x00007ffa7eb90000 	C:\WINDOWS\System32\ucrtbase.dll
0x00007ffa5fcb0000 - 0x00007ffa5fcc6000 	C:\Program Files\OpenJDK\openjdk-11.0.15_10\bin\VCRUNTIME140.dll
0x00007ffa5fcd0000 - 0x00007ffa5fce8000 	C:\Program Files\OpenJDK\openjdk-11.0.15_10\bin\jli.dll
0x00007ffa800f0000 - 0x00007ffa80290000 	C:\WINDOWS\System32\USER32.dll
0x00007ffa71e90000 - 0x00007ffa7212a000 	C:\WINDOWS\WinSxS\amd64_microsoft.windows.common-controls_6595b64144ccf1df_6.0.19041.1110_none_60b5254171f9507e\COMCTL32.dll
0x00007ffa802c0000 - 0x00007ffa8035e000 	C:\WINDOWS\System32\msvcrt.dll
0x00007ffa7eb90000 - 0x00007ffa7ebb2000 	C:\WINDOWS\System32\win32u.dll
0x00007ffa80290000 - 0x00007ffa802ba000 	C:\WINDOWS\System32\GDI32.dll
0x00007ffa7f160000 - 0x00007ffa7f26b000 	C:\WINDOWS\System32\gdi32full.dll
0x00007ffa7e980000 - 0x00007ffa7ea1d000 	C:\WINDOWS\System32\msvcp_win.dll
0x00007ffa80d80000 - 0x00007ffa80db0000 	C:\WINDOWS\System32\IMM32.DLL
0x00007ffa2ed60000 - 0x00007ffa2ee0a000 	C:\Program Files\OpenJDK\openjdk-11.0.15_10\bin\msvcp140.dll
0x00007ffa19170000 - 0x00007ffa19cc1000 	C:\Program Files\OpenJDK\openjdk-11.0.15_10\bin\server\jvm.dll
0x00007ffa81120000 - 0x00007ffa811ce000 	C:\WINDOWS\System32\ADVAPI32.dll
0x00007ffa806a0000 - 0x00007ffa8073c000 	C:\WINDOWS\System32\sechost.dll
0x00007ffa7fe30000 - 0x00007ffa7ff55000 	C:\WINDOWS\System32\RPCRT4.dll
0x00007ffa7f6b0000 - 0x00007ffa7f6b8000 	C:\WINDOWS\System32\PSAPI.DLL
0x00007ffa73ef0000 - 0x00007ffa73f17000 	C:\WINDOWS\SYSTEM32\WINMM.dll
0x00007ffa71dd0000 - 0x00007ffa71dd9000 	C:\WINDOWS\SYSTEM32\WSOCK32.dll
0x00007ffa80430000 - 0x00007ffa8049b000 	C:\WINDOWS\System32\WS2_32.dll
0x00007ffa797d0000 - 0x00007ffa797da000 	C:\WINDOWS\SYSTEM32\VERSION.dll
0x00007ffa7d500000 - 0x00007ffa7d512000 	C:\WINDOWS\SYSTEM32\kernel.appcore.dll
0x00007ffa5fa10000 - 0x00007ffa5fa21000 	C:\Program Files\OpenJDK\openjdk-11.0.15_10\bin\verify.dll
0x00007ffa7cee0000 - 0x00007ffa7d0c4000 	C:\WINDOWS\SYSTEM32\DBGHELP.DLL
0x00007ffa6d0c0000 - 0x00007ffa6d0ec000 	C:\WINDOWS\SYSTEM32\dbgcore.DLL
0x00007ffa7ebc0000 - 0x00007ffa7ec42000 	C:\WINDOWS\System32\bcryptPrimitives.dll
0x00007ffa5c970000 - 0x00007ffa5c999000 	C:\Program Files\OpenJDK\openjdk-11.0.15_10\bin\java.dll
0x00007ffa60ad0000 - 0x00007ffa60ada000 	C:\Program Files\OpenJDK\openjdk-11.0.15_10\bin\jimage.dll
0x00007ffa5c9e0000 - 0x00007ffa5c9f8000 	C:\Program Files\OpenJDK\openjdk-11.0.15_10\bin\zip.dll
0x00007ffa7f6e0000 - 0x00007ffa7fe24000 	C:\WINDOWS\System32\SHELL32.dll
0x00007ffa7c670000 - 0x00007ffa7ce04000 	C:\WINDOWS\SYSTEM32\windows.storage.dll
0x00007ffa80dc0000 - 0x00007ffa81114000 	C:\WINDOWS\System32\combase.dll
0x00007ffa7e2c0000 - 0x00007ffa7e2ec000 	C:\WINDOWS\SYSTEM32\Wldp.dll
0x00007ffa80580000 - 0x00007ffa8062d000 	C:\WINDOWS\System32\SHCORE.dll
0x00007ffa7f5c0000 - 0x00007ffa7f615000 	C:\WINDOWS\System32\shlwapi.dll
0x00007ffa7e870000 - 0x00007ffa7e88f000 	C:\WINDOWS\SYSTEM32\profapi.dll
0x00007ffa5c470000 - 0x00007ffa5c489000 	C:\Program Files\OpenJDK\openjdk-11.0.15_10\bin\net.dll
0x00007ffa74120000 - 0x00007ffa7422a000 	C:\WINDOWS\SYSTEM32\WINHTTP.dll
0x00007ffa7e020000 - 0x00007ffa7e08a000 	C:\WINDOWS\system32\mswsock.dll
0x00007ffa5c360000 - 0x00007ffa5c373000 	C:\Program Files\OpenJDK\openjdk-11.0.15_10\bin\nio.dll
0x00007ffa5c0e0000 - 0x00007ffa5c107000 	C:\Users\Tom\.gradle\native\e1d6ef7f7dcc3fd88c89a11ec53ec762bb8ba0a96d01ffa2cd45eb1d1d8dd5c5\windows-amd64\native-platform.dll
0x00007ffa2b2b0000 - 0x00007ffa2b3f4000 	C:\Users\Tom\.gradle\native\5664cfc778a61ccfe75a443a1ab52a65af34e5dc3c78e0209fed803814484fcb\windows-amd64\native-platform-file-events.dll
0x00007ffa675c0000 - 0x00007ffa675c9000 	C:\Program Files\OpenJDK\openjdk-11.0.15_10\bin\management.dll
0x00007ffa5c960000 - 0x00007ffa5c96c000 	C:\Program Files\OpenJDK\openjdk-11.0.15_10\bin\management_ext.dll
0x00007ffa7e220000 - 0x00007ffa7e238000 	C:\WINDOWS\SYSTEM32\CRYPTSP.dll
0x00007ffa7d9a0000 - 0x00007ffa7d9d4000 	C:\WINDOWS\system32\rsaenh.dll
0x00007ffa7f130000 - 0x00007ffa7f157000 	C:\WINDOWS\System32\bcrypt.dll
0x00007ffa7e7f0000 - 0x00007ffa7e81e000 	C:\WINDOWS\SYSTEM32\USERENV.dll
0x00007ffa7e210000 - 0x00007ffa7e21c000 	C:\WINDOWS\SYSTEM32\CRYPTBASE.dll
0x00007ffa7dd10000 - 0x00007ffa7dd4b000 	C:\WINDOWS\SYSTEM32\IPHLPAPI.DLL
0x00007ffa80db0000 - 0x00007ffa80db8000 	C:\WINDOWS\System32\NSI.dll
0x00007ffa76a20000 - 0x00007ffa76a37000 	C:\WINDOWS\SYSTEM32\dhcpcsvc6.DLL
0x00007ffa796e0000 - 0x00007ffa796fd000 	C:\WINDOWS\SYSTEM32\dhcpcsvc.DLL
0x00007ffa7dd50000 - 0x00007ffa7de1b000 	C:\WINDOWS\SYSTEM32\DNSAPI.dll

dbghelp: loaded successfully - version: 4.0.5 - missing functions: none
symbol engine: initialized successfully - sym options: 0x614 - pdb path: .;C:\Program Files\OpenJDK\openjdk-11.0.15_10\bin;C:\WINDOWS\SYSTEM32;C:\WINDOWS\WinSxS\amd64_microsoft.windows.common-controls_6595b64144ccf1df_6.0.19041.1110_none_60b5254171f9507e;C:\Program Files\OpenJDK\openjdk-11.0.15_10\bin\server;C:\Users\Tom\.gradle\native\e1d6ef7f7dcc3fd88c89a11ec53ec762bb8ba0a96d01ffa2cd45eb1d1d8dd5c5\windows-amd64;C:\Users\Tom\.gradle\native\5664cfc778a61ccfe75a443a1ab52a65af34e5dc3c78e0209fed803814484fcb\windows-amd64

VM Arguments:
jvm_args: -XX:MaxMetaspaceSize=512m --add-opens=java.base/java.util=ALL-UNNAMED --add-opens=java.base/java.lang=ALL-UNNAMED --add-opens=java.base/java.lang.invoke=ALL-UNNAMED --add-opens=java.base/java.util=ALL-UNNAMED --add-opens=java.prefs/java.util.prefs=ALL-UNNAMED --add-opens=java.prefs/java.util.prefs=ALL-UNNAMED --add-opens=java.base/java.nio.charset=ALL-UNNAMED --add-opens=java.base/java.net=ALL-UNNAMED --add-opens=java.base/java.util.concurrent.atomic=ALL-UNNAMED -Xmx2048m -Dfile.encoding=windows-1252 -Duser.country=GB -Duser.language=en -Duser.variant 
java_command: org.gradle.launcher.daemon.bootstrap.GradleDaemon 7.3.3
java_class_path (initial): C:\Users\Tom\.gradle\wrapper\dists\gradle-7.3.3-all\4295vidhdd9hd3gbjyw1xqxpo\gradle-7.3.3\lib\gradle-launcher-7.3.3.jar
Launcher Type: SUN_STANDARD

[Global flags]
     intx CICompilerCount                          = 3                                         {product} {ergonomic}
   size_t CompressedClassSpaceSize                 = 528482304                                 {product} {ergonomic}
     uint ConcGCThreads                            = 1                                         {product} {ergonomic}
     uint G1ConcRefinementThreads                  = 4                                         {product} {ergonomic}
   size_t G1HeapRegionSize                         = 1048576                                   {product} {ergonomic}
    uintx GCDrainStackTargetSize                   = 64                                        {product} {ergonomic}
   size_t InitialHeapSize                          = 134217728                                 {product} {ergonomic}
   size_t MarkStackSize                            = 4194304                                   {product} {ergonomic}
   size_t MaxHeapSize                              = 2147483648                                {product} {command line}
   size_t MaxMetaspaceSize                         = 536870912                                 {product} {command line}
   size_t MaxNewSize                               = 1287651328                                {product} {ergonomic}
   size_t MinHeapDeltaBytes                        = 1048576                                   {product} {ergonomic}
    uintx NonNMethodCodeHeapSize                   = 5830732                                {pd product} {ergonomic}
    uintx NonProfiledCodeHeapSize                  = 122913754                              {pd product} {ergonomic}
    uintx ProfiledCodeHeapSize                     = 122913754                              {pd product} {ergonomic}
    uintx ReservedCodeCacheSize                    = 251658240                              {pd product} {ergonomic}
     bool SegmentedCodeCache                       = true                                      {product} {ergonomic}
     bool UseCompressedClassPointers               = true                                 {lp64_product} {ergonomic}
     bool UseCompressedOops                        = true                                 {lp64_product} {ergonomic}
     bool UseG1GC                                  = true                                      {product} {ergonomic}
     bool UseLargePagesIndividualAllocation        = false                                  {pd product} {ergonomic}

Logging:
Log output configuration:
 #0: stdout all=warning uptime,level,tags
 #1: stderr all=off uptime,level,tags

Environment Variables:
JAVA_HOME=C:\Program Files\OpenJDK\openjdk-11.0.15_10
CLASSPATH=C:\Users\Tom\Documents\Programmation\React Native\projectRNcli\android\\gradle\wrapper\gradle-wrapper.jar
PATH=C:\Users\Tom\Documents\Programmation\React Native\projectRNcli\android\node_modules\.bin;C:\Users\Tom\Documents\Programmation\React Native\projectRNcli\node_modules\.bin;C:\Users\Tom\Documents\Programmation\React Native\node_modules\.bin;C:\Users\Tom\Documents\Programmation\node_modules\.bin;C:\Users\Tom\Documents\node_modules\.bin;C:\Users\Tom\node_modules\.bin;C:\Users\node_modules\.bin;C:\node_modules\.bin;C:\Program Files\nodejs;C:\Users\Tom\Documents\Programmation\React Native\projectRNcli\node_modules\.bin;C:\Users\Tom\Documents\Programmation\React Native\node_modules\.bin;C:\Users\Tom\Documents\Programmation\node_modules\.bin;C:\Users\Tom\Documents\node_modules\.bin;C:\Users\Tom\node_modules\.bin;C:\Users\node_modules\.bin;C:\node_modules\.bin;C:\Program Files\nodejs\node_modules\npm\node_modules\@npmcli\run-script\lib\node-gyp-bin;C:\Python310\Scripts\;C:\Python310\;C:\Program Files\Common Files\Oracle\Java\javapath;C:\Program Files (x86)\Intel\Intel(R) Management Engine Components\iCLS\;C:\Program Files\Intel\Intel(R) Management Engine Components\iCLS\;C:\windows\system32;C:\windows;C:\windows\System32\Wbem;C:\windows\System32\WindowsPowerShell\v1.0\;C:\Program Files (x86)\Intel\Intel(R) Management Engine Components\DAL;C:\Program Files\Intel\Intel(R) Management Engine Components\DAL;C:\Program Files (x86)\Intel\Intel(R) Management Engine Components\IPT;C:\Program Files\Intel\Intel(R) Management Engine Components\IPT;C:\Program Files (x86)\NVIDIA Corporation\PhysX\Common;C:\WINDOWS\system32;C:\WINDOWS;C:\WINDOWS\System32\Wbem;C:\WINDOWS\System32\WindowsPowerShell\v1.0\;C:\WINDOWS\System32\OpenSSH\;C:\Program Files\Microchip\xc8\v2.36\bin;C:\ProgramData\chocolatey\bin;C:\Program Files\OpenJDK\openjdk-11.0.15_10\bin;C:\Program Files\nodejs\;C:\Users\Tom\AppData\Local\Microsoft\WindowsApps;C:\Users\Tom\AppData\Local\Programs\Microsoft VS Code\bin;C:\Users\Tom\AppData\Local\Android\Sdk\platform-tools;C:\Users\Tom\AppData\Roaming\npm;;C:\Users\Tom\Documents\Pr
USERNAME=Tom
LANG=en_GB.UTF-8
OS=Windows_NT
PROCESSOR_IDENTIFIER=Intel64 Family 6 Model 142 Stepping 10, GenuineIntel



---------------  S Y S T E M  ---------------

OS: Windows 10 , 64 bit Build 19041 (10.0.19041.1741)
OS uptime: 0 days 0:49 hours

CPU:total 4 (initial active 4) (2 cores per cpu, 2 threads per core) family 6 model 142 stepping 10 microcode 0xb4, cmov, cx8, fxsr, mmx, sse, sse2, sse3, ssse3, sse4.1, sse4.2, popcnt, avx, avx2, aes, clmul, erms, 3dnowpref, lzcnt, ht, tsc, tscinvbit, bmi1, bmi2, adx, fma

Memory: 4k page, system-wide physical 8107M (1005M free)
TotalPageFile size 8107M (AvailPageFile size 0M)
current process WorkingSet (physical memory assigned to process): 349M, peak: 368M
current process commit charge ("private bytes"): 390M, peak: 412M

vm_info: OpenJDK 64-Bit Server VM (11.0.15+10) for windows-amd64 JRE (11.0.15+10), built on Apr 21 2022 21:29:46 by "tester" with MS VC++ 15.5 (VS2017)

END.
