#
# There is insufficient memory for the Java Runtime Environment to continue.
# Native memory allocation (mmap) failed to map 141557760 bytes for Failed to commit area from 0x000000008b900000 to 0x0000000094000000 of length 141557760.
# Possible reasons:
#   The system is out of physical RAM or swap space
#   The process is running with CompressedOops enabled, and the Java Heap may be blocking the growth of the native heap
# Possible solutions:
#   Reduce memory load on the system
#   Increase physical memory or swap space
#   Check if swap backing store is full
#   Decrease Java heap size (-Xmx/-Xms)
#   Decrease number of Java threads
#   Decrease Java thread stack sizes (-Xss)
#   Set larger code cache with -XX:ReservedCodeCacheSize=
#   JVM is running with Unscaled Compressed Oops mode in which the Java heap is
#     placed in the first 4GB address space. The Java Heap base address is the
#     maximum limit for the native heap growth. Please use -XX:HeapBaseMinAddress
#     to set the Java Heap base and to place the Java Heap above 4GB virtual address.
# This output file may be truncated or incomplete.
#
#  Out of Memory Error (./src/hotspot/os/windows/os_windows.cpp:3390), pid=18424, tid=15444
#
# JRE version: OpenJDK Runtime Environment 18.9 (11.0.15+10) (build 11.0.15+10)
# Java VM: OpenJDK 64-Bit Server VM 18.9 (11.0.15+10, mixed mode, tiered, compressed oops, g1 gc, windows-amd64)
# No core dump will be written. Minidumps are not enabled by default on client versions of Windows
#

---------------  S U M M A R Y ------------

Command Line: -XX:MaxMetaspaceSize=512m --add-opens=java.base/java.util=ALL-UNNAMED --add-opens=java.base/java.lang=ALL-UNNAMED --add-opens=java.base/java.lang.invoke=ALL-UNNAMED --add-opens=java.base/java.util=ALL-UNNAMED --add-opens=java.prefs/java.util.prefs=ALL-UNNAMED --add-opens=java.prefs/java.util.prefs=ALL-UNNAMED --add-opens=java.base/java.nio.charset=ALL-UNNAMED --add-opens=java.base/java.net=ALL-UNNAMED --add-opens=java.base/java.util.concurrent.atomic=ALL-UNNAMED -Xmx2048m -Dfile.encoding=windows-1252 -Duser.country=GB -Duser.language=en -Duser.variant org.gradle.launcher.daemon.bootstrap.GradleDaemon 7.3.3

Host: Intel(R) Core(TM) i3-7020U CPU @ 2.30GHz, 4 cores, 7G,  Windows 10 , 64 bit Build 19041 (10.0.19041.1741)
Time: Sun Jul  3 17:05:25 2022 Romance Summer Time elapsed time: 57.155191 seconds (0d 0h 0m 57s)

---------------  T H R E A D  ---------------

Current thread (0x0000023331776000):  VMThread "VM Thread" [stack: 0x000000bb1a200000,0x000000bb1a300000] [id=15444]

Stack: [0x000000bb1a200000,0x000000bb1a300000]
[error occurred during error reporting (printing stack bounds), id 0xc0000005, EXCEPTION_ACCESS_VIOLATION (0xc0000005) at pc=0x000002331b6b112d]

Native frames: (J=compiled Java code, j=interpreted, Vv=VM code, C=native code)
V  [jvm.dll+0x64dd3a]
V  [jvm.dll+0x7906c9]
V  [jvm.dll+0x791d9c]
V  [jvm.dll+0x7923c5]
V  [jvm.dll+0x79237b]
V  [jvm.dll+0x64cdd0]
V  [jvm.dll+0x64d4e8]
C  [ntdll.dll+0xa209f]
C  [ntdll.dll+0x51454]
C  [ntdll.dll+0xa0bce]
C  0x000002331b6b112d

VM_Operation (0x000000bb1e1f7c00): G1CollectForAllocation, mode: safepoint, requested by thread 0x00000233387de800


---------------  P R O C E S S  ---------------

Threads class SMR info:
_java_thread_list=0x0000023338a10df0, length=92, elements={
0x0000023312f52800, 0x0000023331779000, 0x0000023331784800, 0x000002333179e000,
0x00000233317a1000, 0x00000233317a2000, 0x00000233317a5000, 0x00000233317b1800,
0x00000233317b3000, 0x0000023332255800, 0x0000023333425000, 0x0000023334975800,
0x0000023335158800, 0x0000023334518800, 0x000002333527d000, 0x0000023335600000,
0x0000023335601000, 0x00000233336e2800, 0x00000233336e3800, 0x0000023334c52000,
0x00000233341a0800, 0x000002333419f800, 0x00000233341a1800, 0x00000233341a2000,
0x00000233341a5800, 0x00000233341a3000, 0x00000233341a6000, 0x00000233341a3800,
0x00000233341a4800, 0x0000023332814800, 0x000002333281b800, 0x0000023332819000,
0x0000023332815800, 0x000002333281d000, 0x0000023332819800, 0x0000023332817000,
0x0000023332818000, 0x0000023332820000, 0x000002333281f800, 0x0000023332821000,
0x0000023332822000, 0x0000023332822800, 0x0000023332823800, 0x000002333281d800,
0x000002333281e800, 0x00000233387d7800, 0x00000233387d3000, 0x00000233387d6800,
0x00000233387d1800, 0x00000233387d8000, 0x00000233387d5000, 0x00000233387d2800,
0x00000233387d9000, 0x00000233387d5800, 0x00000233387da000, 0x00000233387d4000,
0x00000233387db800, 0x00000233387e0800, 0x00000233387df800, 0x00000233387de800,
0x00000233387da800, 0x00000233387dc000, 0x00000233387dd000, 0x00000233387de000,
0x000002333515c000, 0x000002333515b000, 0x000002333515f800, 0x000002333515e800,
0x0000023335159800, 0x000002333515d000, 0x000002333515d800, 0x0000023335160000,
0x000002333515a800, 0x0000023335164000, 0x0000023335165000, 0x0000023335161000,
0x0000023335162800, 0x0000023335166000, 0x0000023335167800, 0x0000023335168800,
0x000002333542e000, 0x0000023335430800, 0x000002333542e800, 0x000002333542c000,
0x0000023335432800, 0x000002333542d000, 0x0000023335436000, 0x0000023335439000,
0x0000023335437000, 0x0000023335438800, 0x0000023335433800, 0x00000233328c5800
}

Java Threads: ( => current thread )
  0x0000023312f52800 JavaThread "main" [_thread_blocked, id=316, stack(0x000000bb19c00000,0x000000bb19d00000)]
  0x0000023331779000 JavaThread "Reference Handler" daemon [_thread_blocked, id=14532, stack(0x000000bb1a300000,0x000000bb1a400000)]
  0x0000023331784800 JavaThread "Finalizer" daemon [_thread_blocked, id=4964, stack(0x000000bb1a400000,0x000000bb1a500000)]
  0x000002333179e000 JavaThread "Signal Dispatcher" daemon [_thread_blocked, id=15432, stack(0x000000bb1a500000,0x000000bb1a600000)]
  0x00000233317a1000 JavaThread "Attach Listener" daemon [_thread_blocked, id=7744, stack(0x000000bb1a600000,0x000000bb1a700000)]
  0x00000233317a2000 JavaThread "Service Thread" daemon [_thread_blocked, id=13544, stack(0x000000bb1a700000,0x000000bb1a800000)]
  0x00000233317a5000 JavaThread "C2 CompilerThread0" daemon [_thread_in_native, id=16528, stack(0x000000bb1a800000,0x000000bb1a900000)]
  0x00000233317b1800 JavaThread "C1 CompilerThread0" daemon [_thread_blocked, id=12328, stack(0x000000bb1a900000,0x000000bb1aa00000)]
  0x00000233317b3000 JavaThread "Sweeper thread" daemon [_thread_blocked, id=10592, stack(0x000000bb1aa00000,0x000000bb1ab00000)]
  0x0000023332255800 JavaThread "Common-Cleaner" daemon [_thread_blocked, id=7284, stack(0x000000bb1ab00000,0x000000bb1ac00000)]
  0x0000023333425000 JavaThread "Daemon health stats" [_thread_blocked, id=17640, stack(0x000000bb1b000000,0x000000bb1b100000)]
  0x0000023334975800 JavaThread "Incoming local TCP Connector on port 50548" [_thread_in_native, id=10792, stack(0x000000bb1ad00000,0x000000bb1ae00000)]
  0x0000023335158800 JavaThread "Daemon periodic checks" [_thread_blocked, id=3656, stack(0x000000bb1b100000,0x000000bb1b200000)]
  0x0000023334518800 JavaThread "Daemon" [_thread_blocked, id=15020, stack(0x000000bb1b200000,0x000000bb1b300000)]
  0x000002333527d000 JavaThread "Handler for socket connection from /127.0.0.1:50548 to /127.0.0.1:50549" [_thread_in_native, id=8376, stack(0x000000bb1b300000,0x000000bb1b400000)]
  0x0000023335600000 JavaThread "Cancel handler" [_thread_blocked, id=15596, stack(0x000000bb1b400000,0x000000bb1b500000)]
  0x0000023335601000 JavaThread "Daemon worker" [_thread_blocked, id=10900, stack(0x000000bb1b500000,0x000000bb1b600000)]
  0x00000233336e2800 JavaThread "Asynchronous log dispatcher for DefaultDaemonConnection: socket connection from /127.0.0.1:50548 to /127.0.0.1:50549" [_thread_blocked, id=11912, stack(0x000000bb1b600000,0x000000bb1b700000)]
  0x00000233336e3800 JavaThread "Stdin handler" [_thread_blocked, id=16872, stack(0x000000bb1b700000,0x000000bb1b800000)]
  0x0000023334c52000 JavaThread "Daemon client event forwarder" [_thread_blocked, id=15972, stack(0x000000bb1b800000,0x000000bb1b900000)]
  0x00000233341a0800 JavaThread "Cache worker for journal cache (C:\Users\Tom\.gradle\caches\journal-1)" [_thread_blocked, id=15692, stack(0x000000bb1b900000,0x000000bb1ba00000)]
  0x000002333419f800 JavaThread "File lock request listener" [_thread_in_native, id=8104, stack(0x000000bb1bb00000,0x000000bb1bc00000)]
  0x00000233341a1800 JavaThread "Cache worker for file hash cache (C:\Users\Tom\.gradle\caches\7.3.3\fileHashes)" [_thread_blocked, id=8440, stack(0x000000bb1bc00000,0x000000bb1bd00000)]
  0x00000233341a2000 JavaThread "Cache worker for file hash cache (C:\Users\Tom\Documents\Programmation\React Native\projectRNcli\android\.gradle\7.3.3\fileHashes)" [_thread_blocked, id=13884, stack(0x000000bb1bd00000,0x000000bb1be00000)]
  0x00000233341a5800 JavaThread "File watcher server" daemon [_thread_blocked, id=16688, stack(0x000000bb1bf00000,0x000000bb1c000000)]
  0x00000233341a3000 JavaThread "File watcher consumer" daemon [_thread_blocked, id=16000, stack(0x000000bb1c000000,0x000000bb1c100000)]
  0x00000233341a6000 JavaThread "Cache worker for checksums cache (C:\Users\Tom\Documents\Programmation\React Native\projectRNcli\android\.gradle\7.3.3\checksums)" [_thread_blocked, id=17648, stack(0x000000bb1c100000,0x000000bb1c200000)]
  0x00000233341a3800 JavaThread "Cache worker for cache directory md-supplier (C:\Users\Tom\.gradle\caches\7.3.3\md-supplier)" [_thread_blocked, id=4612, stack(0x000000bb1c200000,0x000000bb1c300000)]
  0x00000233341a4800 JavaThread "Cache worker for cache directory md-rule (C:\Users\Tom\.gradle\caches\7.3.3\md-rule)" [_thread_blocked, id=8088, stack(0x000000bb1c300000,0x000000bb1c400000)]
  0x0000023332814800 JavaThread "Cache worker for execution history cache (C:\Users\Tom\.gradle\caches\7.3.3\executionHistory)" [_thread_blocked, id=3396, stack(0x000000bb1c400000,0x000000bb1c500000)]
  0x000002333281b800 JavaThread "jar transforms" [_thread_blocked, id=15644, stack(0x000000bb1c500000,0x000000bb1c600000)]
  0x0000023332819000 JavaThread "jar transforms Thread 2" [_thread_blocked, id=13628, stack(0x000000bb1c600000,0x000000bb1c700000)]
  0x0000023332815800 JavaThread "Cache worker for file content cache (C:\Users\Tom\.gradle\caches\7.3.3\fileContent)" [_thread_blocked, id=15032, stack(0x000000bb1c700000,0x000000bb1c800000)]
  0x000002333281d000 JavaThread "jar transforms Thread 3" [_thread_blocked, id=4504, stack(0x000000bb1be00000,0x000000bb1bf00000)]
  0x0000023332819800 JavaThread "jar transforms Thread 4" [_thread_blocked, id=5080, stack(0x000000bb1c800000,0x000000bb1c900000)]
  0x0000023332817000 JavaThread "Cache worker for kotlin-dsl (C:\Users\Tom\.gradle\caches\7.3.3\kotlin-dsl)" [_thread_blocked, id=14260, stack(0x000000bb1ca00000,0x000000bb1cb00000)]
  0x0000023332818000 JavaThread "Cache worker for dependencies-accessors (C:\Users\Tom\Documents\Programmation\React Native\projectRNcli\android\.gradle\7.3.3\dependencies-accessors)" [_thread_blocked, id=1340, stack(0x000000bb1cb00000,0x000000bb1cc00000)]
  0x0000023332820000 JavaThread "Cache worker for Build Output Cleanup Cache (C:\Users\Tom\Documents\Programmation\React Native\projectRNcli\node_modules\react-native-gradle-plugin\.gradle\buildOutputCleanup)" [_thread_blocked, id=3624, stack(0x000000bb1cc00000,0x000000bb1cd00000)]
  0x000002333281f800 JavaThread "Unconstrained build operations" [_thread_blocked, id=12124, stack(0x000000bb1cd00000,0x000000bb1ce00000)]
  0x0000023332821000 JavaThread "Unconstrained build operations Thread 2" [_thread_blocked, id=8980, stack(0x000000bb1ce00000,0x000000bb1cf00000)]
  0x0000023332822000 JavaThread "Unconstrained build operations Thread 3" [_thread_blocked, id=6340, stack(0x000000bb1cf00000,0x000000bb1d000000)]
  0x0000023332822800 JavaThread "Unconstrained build operations Thread 4" [_thread_blocked, id=17576, stack(0x000000bb1d000000,0x000000bb1d100000)]
  0x0000023332823800 JavaThread "Unconstrained build operations Thread 5" [_thread_blocked, id=1708, stack(0x000000bb1d100000,0x000000bb1d200000)]
  0x000002333281d800 JavaThread "Unconstrained build operations Thread 6" [_thread_blocked, id=5392, stack(0x000000bb1d200000,0x000000bb1d300000)]
  0x000002333281e800 JavaThread "Unconstrained build operations Thread 7" [_thread_blocked, id=15872, stack(0x000000bb1d300000,0x000000bb1d400000)]
  0x00000233387d7800 JavaThread "Unconstrained build operations Thread 8" [_thread_blocked, id=16996, stack(0x000000bb1d400000,0x000000bb1d500000)]
  0x00000233387d3000 JavaThread "Unconstrained build operations Thread 9" [_thread_blocked, id=6772, stack(0x000000bb1d500000,0x000000bb1d600000)]
  0x00000233387d6800 JavaThread "Unconstrained build operations Thread 10" [_thread_blocked, id=11656, stack(0x000000bb1d600000,0x000000bb1d700000)]
  0x00000233387d1800 JavaThread "Unconstrained build operations Thread 11" [_thread_blocked, id=14132, stack(0x000000bb1d700000,0x000000bb1d800000)]
  0x00000233387d8000 JavaThread "Unconstrained build operations Thread 12" [_thread_blocked, id=10184, stack(0x000000bb1d800000,0x000000bb1d900000)]
  0x00000233387d5000 JavaThread "Unconstrained build operations Thread 13" [_thread_blocked, id=8712, stack(0x000000bb1d900000,0x000000bb1da00000)]
  0x00000233387d2800 JavaThread "Unconstrained build operations Thread 14" [_thread_blocked, id=2884, stack(0x000000bb1da00000,0x000000bb1db00000)]
  0x00000233387d9000 JavaThread "Unconstrained build operations Thread 15" [_thread_blocked, id=10932, stack(0x000000bb1db00000,0x000000bb1dc00000)]
  0x00000233387d5800 JavaThread "Unconstrained build operations Thread 16" [_thread_blocked, id=14672, stack(0x000000bb1dc00000,0x000000bb1dd00000)]
  0x00000233387da000 JavaThread "Unconstrained build operations Thread 17" [_thread_blocked, id=3944, stack(0x000000bb1dd00000,0x000000bb1de00000)]
  0x00000233387d4000 JavaThread "Unconstrained build operations Thread 18" [_thread_blocked, id=7208, stack(0x000000bb1de00000,0x000000bb1df00000)]
  0x00000233387db800 JavaThread "Unconstrained build operations Thread 19" [_thread_blocked, id=13820, stack(0x000000bb1df00000,0x000000bb1e000000)]
  0x00000233387e0800 JavaThread "Unconstrained build operations Thread 20" [_thread_blocked, id=4104, stack(0x000000bb1e000000,0x000000bb1e100000)]
  0x00000233387df800 JavaThread "Unconstrained build operations Thread 21" [_thread_blocked, id=8236, stack(0x000000bb1c900000,0x000000bb1ca00000)]
  0x00000233387de800 JavaThread "Unconstrained build operations Thread 22" [_thread_blocked, id=2788, stack(0x000000bb1e100000,0x000000bb1e200000)]
  0x00000233387da800 JavaThread "Unconstrained build operations Thread 23" [_thread_blocked, id=2976, stack(0x000000bb1e200000,0x000000bb1e300000)]
  0x00000233387dc000 JavaThread "Unconstrained build operations Thread 24" [_thread_blocked, id=11432, stack(0x000000bb1e300000,0x000000bb1e400000)]
  0x00000233387dd000 JavaThread "Unconstrained build operations Thread 25" [_thread_blocked, id=11672, stack(0x000000bb1e400000,0x000000bb1e500000)]
  0x00000233387de000 JavaThread "Unconstrained build operations Thread 26" [_thread_blocked, id=11144, stack(0x000000bb1e500000,0x000000bb1e600000)]
  0x000002333515c000 JavaThread "Unconstrained build operations Thread 27" [_thread_blocked, id=10372, stack(0x000000bb1e600000,0x000000bb1e700000)]
  0x000002333515b000 JavaThread "Unconstrained build operations Thread 28" [_thread_blocked, id=14008, stack(0x000000bb1e700000,0x000000bb1e800000)]
  0x000002333515f800 JavaThread "Unconstrained build operations Thread 29" [_thread_blocked, id=14948, stack(0x000000bb1e800000,0x000000bb1e900000)]
  0x000002333515e800 JavaThread "Unconstrained build operations Thread 30" [_thread_blocked, id=10724, stack(0x000000bb1e900000,0x000000bb1ea00000)]
  0x0000023335159800 JavaThread "Unconstrained build operations Thread 31" [_thread_blocked, id=17932, stack(0x000000bb1ea00000,0x000000bb1eb00000)]
  0x000002333515d000 JavaThread "Unconstrained build operations Thread 32" [_thread_blocked, id=14752, stack(0x000000bb1eb00000,0x000000bb1ec00000)]
  0x000002333515d800 JavaThread "Unconstrained build operations Thread 33" [_thread_blocked, id=12116, stack(0x000000bb1ec00000,0x000000bb1ed00000)]
  0x0000023335160000 JavaThread "build event listener" [_thread_blocked, id=17844, stack(0x000000bb1ee00000,0x000000bb1ef00000)]
  0x000002333515a800 JavaThread "Memory manager" [_thread_blocked, id=7220, stack(0x000000bb1ef00000,0x000000bb1f000000)]
  0x0000023335164000 JavaThread "Cache worker for Build Output Cleanup Cache (C:\Users\Tom\Documents\Programmation\React Native\projectRNcli\android\.gradle\buildOutputCleanup)" [_thread_blocked, id=17972, stack(0x000000bb1f000000,0x000000bb1f100000)]
  0x0000023335165000 JavaThread "included builds" [_thread_blocked, id=7704, stack(0x000000bb1f100000,0x000000bb1f200000)]
  0x0000023335161000 JavaThread "Cache worker for execution history cache (C:\Users\Tom\Documents\Programmation\React Native\projectRNcli\node_modules\react-native-gradle-plugin\.gradle\7.3.3\executionHistory)" [_thread_blocked, id=16132, stack(0x000000bb1f500000,0x000000bb1f600000)]
  0x0000023335162800 JavaThread "Unconstrained build operations Thread 34" [_thread_blocked, id=15488, stack(0x000000bb1f600000,0x000000bb1f700000)]
  0x0000023335166000 JavaThread "Unconstrained build operations Thread 35" [_thread_blocked, id=17376, stack(0x000000bb1f700000,0x000000bb1f800000)]
  0x0000023335167800 JavaThread "Unconstrained build operations Thread 36" [_thread_blocked, id=9692, stack(0x000000bb1f800000,0x000000bb1f900000)]
  0x0000023335168800 JavaThread "Unconstrained build operations Thread 37" [_thread_blocked, id=11968, stack(0x000000bb1f900000,0x000000bb1fa00000)]
  0x000002333542e000 JavaThread "Unconstrained build operations Thread 38" [_thread_blocked, id=17284, stack(0x000000bb1fa00000,0x000000bb1fb00000)]
  0x0000023335430800 JavaThread "Unconstrained build operations Thread 39" [_thread_blocked, id=17556, stack(0x000000bb1fb00000,0x000000bb1fc00000)]
  0x000002333542e800 JavaThread "Unconstrained build operations Thread 40" [_thread_blocked, id=11676, stack(0x000000bb1fc00000,0x000000bb1fd00000)]
  0x000002333542c000 JavaThread "Execution worker for ':'" [_thread_blocked, id=372, stack(0x000000bb1f300000,0x000000bb1f400000)]
  0x0000023335432800 JavaThread "Execution worker for ':' Thread 2" [_thread_blocked, id=8168, stack(0x000000bb1f400000,0x000000bb1f500000)]
  0x000002333542d000 JavaThread "Execution worker for ':' Thread 3" [_thread_blocked, id=11848, stack(0x000000bb1fd00000,0x000000bb1fe00000)]
  0x0000023335436000 JavaThread "Cache worker for execution history cache (C:\Users\Tom\Documents\Programmation\React Native\projectRNcli\android\.gradle\7.3.3\executionHistory)" [_thread_blocked, id=14444, stack(0x000000bb1fe00000,0x000000bb1ff00000)]
  0x0000023335439000 JavaThread "WorkerExecutor Queue" [_thread_blocked, id=3864, stack(0x000000bb1ff00000,0x000000bb20000000)]
  0x0000023335437000 JavaThread "pool-3-thread-1" [_thread_blocked, id=16552, stack(0x000000bb20000000,0x000000bb20100000)]
  0x0000023335438800 JavaThread "stderr" [_thread_in_native, id=9836, stack(0x000000bb20100000,0x000000bb20200000)]
  0x0000023335433800 JavaThread "stdout" [_thread_in_native, id=13504, stack(0x000000bb20200000,0x000000bb20300000)]
  0x00000233328c5800 JavaThread "C2 CompilerThread1" daemon [_thread_blocked, id=8068, stack(0x000000bb19b00000,0x000000bb19c00000)]

Other Threads:
=>0x0000023331776000 VMThread "VM Thread" [stack: 0x000000bb1a200000,0x000000bb1a300000] [id=15444]
  0x00000233322b3000 WatcherThread [stack: 0x000000bb1ac00000,0x000000bb1ad00000] [id=10896]
  0x0000023312f6b000 GCTaskThread "GC Thread#0" [stack: 0x000000bb19d00000,0x000000bb19e00000] [id=13488]
  0x0000023332dae000 GCTaskThread "GC Thread#1" [stack: 0x000000bb1ae00000,0x000000bb1af00000] [id=7264]
  0x0000023332f29000 GCTaskThread "GC Thread#2" [stack: 0x000000bb1af00000,0x000000bb1b000000] [id=12460]
  0x0000023333009800 GCTaskThread "GC Thread#3" [stack: 0x000000bb1ba00000,0x000000bb1bb00000] [id=18024]
  0x0000023312fa4800 ConcurrentGCThread "G1 Main Marker" [stack: 0x000000bb19e00000,0x000000bb19f00000] [id=18048]
  0x0000023312fa6000 ConcurrentGCThread "G1 Conc#0" [stack: 0x000000bb19f00000,0x000000bb1a000000] [id=14272]
  0x00000233315f0800 ConcurrentGCThread "G1 Refine#0" [stack: 0x000000bb1a000000,0x000000bb1a100000] [id=4016]
  0x00000233315f1800 ConcurrentGCThread "G1 Young RemSet Sampling" [stack: 0x000000bb1a100000,0x000000bb1a200000] [id=16748]

Threads with active compile tasks:
C2 CompilerThread0    57190 12730 %     4       com.android.tools.r8.internal.U6::a @ 2246 (6044 bytes)
C2 CompilerThread1    57191 12742       4       com.android.tools.r8.graph.G0::b (207 bytes)

VM state:at safepoint (normal execution)

VM Mutex/Monitor currently owned by a thread:  ([mutex/lock_event])
[0x0000023312f4faa0] Threads_lock - owner thread: 0x0000023331776000
[0x0000023312f4e420] Heap_lock - owner thread: 0x00000233387de800

Heap address: 0x0000000080000000, size: 2048 MB, Compressed Oops mode: 32-bit
Narrow klass base: 0x0000000000000000, Narrow klass shift: 3
Compressed class space size: 528482304 Address: 0x0000000100000000

Heap:
 garbage-first heap   total 327680K, used 134582K [0x0000000080000000, 0x0000000100000000)
  region size 1024K, 4 young (4096K), 4 survivors (4096K)
 Metaspace       used 105492K, capacity 108544K, committed 108744K, reserved 610304K
  class space    used 13663K, capacity 14869K, committed 14976K, reserved 516096K
Heap Regions: E=young(eden), S=young(survivor), O=old, HS=humongous(starts), HC=humongous(continues), CS=collection set, F=free, A=archive, TAMS=top-at-mark-start (previous, next)
|   0|0x0000000080000000, 0x0000000080100000, 0x0000000080100000|100%| O|  |TAMS 0x0000000080100000, 0x0000000080000000| Untracked 
|   1|0x0000000080100000, 0x0000000080200000, 0x0000000080200000|100%| O|  |TAMS 0x0000000080200000, 0x0000000080100000| Untracked 
|   2|0x0000000080200000, 0x0000000080300000, 0x0000000080300000|100%| O|  |TAMS 0x0000000080300000, 0x0000000080200000| Untracked 
|   3|0x0000000080300000, 0x0000000080400000, 0x0000000080400000|100%|HS|  |TAMS 0x0000000080400000, 0x0000000080300000| Complete 
|   4|0x0000000080400000, 0x0000000080500000, 0x0000000080500000|100%|HC|  |TAMS 0x0000000080500000, 0x0000000080400000| Complete 
|   5|0x0000000080500000, 0x0000000080600000, 0x0000000080600000|100%|HC|  |TAMS 0x0000000080600000, 0x0000000080500000| Complete 
|   6|0x0000000080600000, 0x0000000080700000, 0x0000000080700000|100%| O|  |TAMS 0x0000000080700000, 0x0000000080600000| Untracked 
|   7|0x0000000080700000, 0x0000000080800000, 0x0000000080800000|100%| O|  |TAMS 0x0000000080800000, 0x0000000080700000| Untracked 
|   8|0x0000000080800000, 0x0000000080900000, 0x0000000080900000|100%| O|  |TAMS 0x0000000080900000, 0x0000000080800000| Untracked 
|   9|0x0000000080900000, 0x0000000080a00000, 0x0000000080a00000|100%| O|  |TAMS 0x0000000080a00000, 0x0000000080900000| Untracked 
|  10|0x0000000080a00000, 0x0000000080b00000, 0x0000000080b00000|100%| O|  |TAMS 0x0000000080b00000, 0x0000000080a00000| Untracked 
|  11|0x0000000080b00000, 0x0000000080c00000, 0x0000000080c00000|100%| O|  |TAMS 0x0000000080c00000, 0x0000000080b00000| Untracked 
|  12|0x0000000080c00000, 0x0000000080d00000, 0x0000000080d00000|100%| O|  |TAMS 0x0000000080d00000, 0x0000000080c00000| Untracked 
|  13|0x0000000080d00000, 0x0000000080e00000, 0x0000000080e00000|100%| O|  |TAMS 0x0000000080e00000, 0x0000000080d00000| Untracked 
|  14|0x0000000080e00000, 0x0000000080f00000, 0x0000000080f00000|100%| O|  |TAMS 0x0000000080f00000, 0x0000000080e00000| Untracked 
|  15|0x0000000080f00000, 0x0000000081000000, 0x0000000081000000|100%| O|  |TAMS 0x0000000081000000, 0x0000000080f00000| Untracked 
|  16|0x0000000081000000, 0x0000000081100000, 0x0000000081100000|100%| O|  |TAMS 0x0000000081100000, 0x0000000081000000| Untracked 
|  17|0x0000000081100000, 0x0000000081200000, 0x0000000081200000|100%|HS|  |TAMS 0x0000000081200000, 0x0000000081100000| Complete 
|  18|0x0000000081200000, 0x0000000081300000, 0x0000000081300000|100%| O|  |TAMS 0x0000000081300000, 0x0000000081200000| Untracked 
|  19|0x0000000081300000, 0x0000000081400000, 0x0000000081400000|100%| O|  |TAMS 0x0000000081400000, 0x0000000081300000| Untracked 
|  20|0x0000000081400000, 0x0000000081500000, 0x0000000081500000|100%| O|  |TAMS 0x0000000081500000, 0x0000000081400000| Untracked 
|  21|0x0000000081500000, 0x0000000081600000, 0x0000000081600000|100%| O|  |TAMS 0x0000000081600000, 0x0000000081500000| Untracked 
|  22|0x0000000081600000, 0x0000000081700000, 0x0000000081700000|100%| O|  |TAMS 0x0000000081700000, 0x0000000081600000| Untracked 
|  23|0x0000000081700000, 0x0000000081800000, 0x0000000081800000|100%| O|  |TAMS 0x0000000081800000, 0x0000000081700000| Untracked 
|  24|0x0000000081800000, 0x0000000081900000, 0x0000000081900000|100%| O|  |TAMS 0x0000000081900000, 0x0000000081800000| Untracked 
|  25|0x0000000081900000, 0x0000000081a00000, 0x0000000081a00000|100%| O|  |TAMS 0x0000000081a00000, 0x0000000081900000| Untracked 
|  26|0x0000000081a00000, 0x0000000081b00000, 0x0000000081b00000|100%| O|  |TAMS 0x0000000081b00000, 0x0000000081a00000| Untracked 
|  27|0x0000000081b00000, 0x0000000081c00000, 0x0000000081c00000|100%| O|  |TAMS 0x0000000081c00000, 0x0000000081b00000| Untracked 
|  28|0x0000000081c00000, 0x0000000081d00000, 0x0000000081d00000|100%|HS|  |TAMS 0x0000000081d00000, 0x0000000081c00000| Complete 
|  29|0x0000000081d00000, 0x0000000081e00000, 0x0000000081e00000|100%|HC|  |TAMS 0x0000000081e00000, 0x0000000081d00000| Complete 
|  30|0x0000000081e00000, 0x0000000081f00000, 0x0000000081f00000|100%|HC|  |TAMS 0x0000000081f00000, 0x0000000081e00000| Complete 
|  31|0x0000000081f00000, 0x0000000082000000, 0x0000000082000000|100%| O|  |TAMS 0x0000000082000000, 0x0000000081f00000| Untracked 
|  32|0x0000000082000000, 0x0000000082100000, 0x0000000082100000|100%| O|  |TAMS 0x0000000082100000, 0x0000000082000000| Untracked 
|  33|0x0000000082100000, 0x0000000082200000, 0x0000000082200000|100%| O|  |TAMS 0x0000000082200000, 0x0000000082100000| Untracked 
|  34|0x0000000082200000, 0x0000000082300000, 0x0000000082300000|100%| O|  |TAMS 0x0000000082300000, 0x0000000082200000| Untracked 
|  35|0x0000000082300000, 0x0000000082400000, 0x0000000082400000|100%| O|  |TAMS 0x0000000082400000, 0x0000000082300000| Untracked 
|  36|0x0000000082400000, 0x0000000082500000, 0x0000000082500000|100%| O|  |TAMS 0x0000000082500000, 0x0000000082400000| Untracked 
|  37|0x0000000082500000, 0x0000000082600000, 0x0000000082600000|100%| O|  |TAMS 0x0000000082600000, 0x0000000082500000| Untracked 
|  38|0x0000000082600000, 0x0000000082700000, 0x0000000082700000|100%| O|  |TAMS 0x0000000082700000, 0x0000000082600000| Untracked 
|  39|0x0000000082700000, 0x0000000082800000, 0x0000000082800000|100%| O|  |TAMS 0x0000000082800000, 0x0000000082700000| Untracked 
|  40|0x0000000082800000, 0x0000000082900000, 0x0000000082900000|100%| O|  |TAMS 0x0000000082900000, 0x0000000082800000| Untracked 
|  41|0x0000000082900000, 0x0000000082a00000, 0x0000000082a00000|100%| O|  |TAMS 0x0000000082a00000, 0x0000000082900000| Untracked 
|  42|0x0000000082a00000, 0x0000000082b00000, 0x0000000082b00000|100%|HS|  |TAMS 0x0000000082b00000, 0x0000000082a00000| Complete 
|  43|0x0000000082b00000, 0x0000000082c00000, 0x0000000082c00000|100%|HS|  |TAMS 0x0000000082c00000, 0x0000000082b00000| Complete 
|  44|0x0000000082c00000, 0x0000000082d00000, 0x0000000082d00000|100%|HS|  |TAMS 0x0000000082d00000, 0x0000000082c00000| Complete 
|  45|0x0000000082d00000, 0x0000000082e00000, 0x0000000082e00000|100%|HC|  |TAMS 0x0000000082e00000, 0x0000000082d00000| Complete 
|  46|0x0000000082e00000, 0x0000000082f00000, 0x0000000082f00000|100%| O|  |TAMS 0x0000000082f00000, 0x0000000082e00000| Untracked 
|  47|0x0000000082f00000, 0x0000000083000000, 0x0000000083000000|100%| O|  |TAMS 0x0000000083000000, 0x0000000082f00000| Untracked 
|  48|0x0000000083000000, 0x0000000083100000, 0x0000000083100000|100%| O|  |TAMS 0x0000000083100000, 0x0000000083000000| Untracked 
|  49|0x0000000083100000, 0x0000000083200000, 0x0000000083200000|100%| O|  |TAMS 0x0000000083200000, 0x0000000083100000| Untracked 
|  50|0x0000000083200000, 0x0000000083300000, 0x0000000083300000|100%| O|  |TAMS 0x0000000083300000, 0x0000000083200000| Untracked 
|  51|0x0000000083300000, 0x0000000083400000, 0x0000000083400000|100%| O|  |TAMS 0x0000000083400000, 0x0000000083300000| Untracked 
|  52|0x0000000083400000, 0x0000000083500000, 0x0000000083500000|100%| O|  |TAMS 0x0000000083500000, 0x0000000083400000| Untracked 
|  53|0x0000000083500000, 0x0000000083600000, 0x0000000083600000|100%| O|  |TAMS 0x0000000083600000, 0x0000000083500000| Untracked 
|  54|0x0000000083600000, 0x0000000083700000, 0x0000000083700000|100%| O|  |TAMS 0x0000000083700000, 0x0000000083600000| Untracked 
|  55|0x0000000083700000, 0x0000000083800000, 0x0000000083800000|100%| O|  |TAMS 0x0000000083800000, 0x0000000083700000| Untracked 
|  56|0x0000000083800000, 0x0000000083900000, 0x0000000083900000|100%| O|  |TAMS 0x0000000083900000, 0x0000000083800000| Untracked 
|  57|0x0000000083900000, 0x0000000083a00000, 0x0000000083a00000|100%| O|  |TAMS 0x0000000083a00000, 0x0000000083900000| Untracked 
|  58|0x0000000083a00000, 0x0000000083b00000, 0x0000000083b00000|100%| O|  |TAMS 0x0000000083b00000, 0x0000000083a00000| Untracked 
|  59|0x0000000083b00000, 0x0000000083c00000, 0x0000000083c00000|100%| O|  |TAMS 0x0000000083c00000, 0x0000000083b00000| Untracked 
|  60|0x0000000083c00000, 0x0000000083d00000, 0x0000000083d00000|100%| O|  |TAMS 0x0000000083d00000, 0x0000000083c00000| Untracked 
|  61|0x0000000083d00000, 0x0000000083e00000, 0x0000000083e00000|100%| O|  |TAMS 0x0000000083e00000, 0x0000000083d00000| Untracked 
|  62|0x0000000083e00000, 0x0000000083f00000, 0x0000000083f00000|100%| O|  |TAMS 0x0000000083f00000, 0x0000000083e00000| Untracked 
|  63|0x0000000083f00000, 0x0000000084000000, 0x0000000084000000|100%| O|  |TAMS 0x0000000084000000, 0x0000000083f00000| Untracked 
|  64|0x0000000084000000, 0x0000000084100000, 0x0000000084100000|100%| O|  |TAMS 0x0000000084100000, 0x0000000084000000| Untracked 
|  65|0x0000000084100000, 0x0000000084200000, 0x0000000084200000|100%| O|  |TAMS 0x0000000084200000, 0x0000000084100000| Untracked 
|  66|0x0000000084200000, 0x0000000084300000, 0x0000000084300000|100%| O|  |TAMS 0x0000000084300000, 0x0000000084200000| Untracked 
|  67|0x0000000084300000, 0x0000000084400000, 0x0000000084400000|100%| O|  |TAMS 0x0000000084400000, 0x0000000084300000| Untracked 
|  68|0x0000000084400000, 0x0000000084500000, 0x0000000084500000|100%| O|  |TAMS 0x0000000084500000, 0x0000000084400000| Untracked 
|  69|0x0000000084500000, 0x0000000084600000, 0x0000000084600000|100%| O|  |TAMS 0x0000000084600000, 0x0000000084500000| Untracked 
|  70|0x0000000084600000, 0x0000000084700000, 0x0000000084700000|100%| O|  |TAMS 0x0000000084700000, 0x0000000084600000| Untracked 
|  71|0x0000000084700000, 0x0000000084800000, 0x0000000084800000|100%| O|  |TAMS 0x0000000084800000, 0x0000000084700000| Untracked 
|  72|0x0000000084800000, 0x0000000084900000, 0x0000000084900000|100%| O|  |TAMS 0x0000000084900000, 0x0000000084800000| Untracked 
|  73|0x0000000084900000, 0x0000000084a00000, 0x0000000084a00000|100%| O|  |TAMS 0x0000000084a00000, 0x0000000084900000| Untracked 
|  74|0x0000000084a00000, 0x0000000084b00000, 0x0000000084b00000|100%| O|  |TAMS 0x0000000084b00000, 0x0000000084a00000| Untracked 
|  75|0x0000000084b00000, 0x0000000084c00000, 0x0000000084c00000|100%| O|  |TAMS 0x0000000084c00000, 0x0000000084b00000| Untracked 
|  76|0x0000000084c00000, 0x0000000084d00000, 0x0000000084d00000|100%| O|  |TAMS 0x0000000084d00000, 0x0000000084c00000| Untracked 
|  77|0x0000000084d00000, 0x0000000084e00000, 0x0000000084e00000|100%| O|  |TAMS 0x0000000084e00000, 0x0000000084d00000| Untracked 
|  78|0x0000000084e00000, 0x0000000084f00000, 0x0000000084f00000|100%| O|  |TAMS 0x0000000084f00000, 0x0000000084e00000| Untracked 
|  79|0x0000000084f00000, 0x0000000085000000, 0x0000000085000000|100%| O|  |TAMS 0x0000000085000000, 0x0000000084f00000| Untracked 
|  80|0x0000000085000000, 0x0000000085100000, 0x0000000085100000|100%| O|  |TAMS 0x0000000085100000, 0x0000000085000000| Untracked 
|  81|0x0000000085100000, 0x0000000085200000, 0x0000000085200000|100%| O|  |TAMS 0x0000000085200000, 0x0000000085100000| Untracked 
|  82|0x0000000085200000, 0x0000000085300000, 0x0000000085300000|100%| O|  |TAMS 0x0000000085300000, 0x0000000085200000| Untracked 
|  83|0x0000000085300000, 0x0000000085400000, 0x0000000085400000|100%| O|  |TAMS 0x0000000085400000, 0x0000000085300000| Untracked 
|  84|0x0000000085400000, 0x0000000085500000, 0x0000000085500000|100%| O|  |TAMS 0x0000000085500000, 0x0000000085400000| Untracked 
|  85|0x0000000085500000, 0x0000000085600000, 0x0000000085600000|100%| O|  |TAMS 0x0000000085600000, 0x0000000085500000| Untracked 
|  86|0x0000000085600000, 0x0000000085700000, 0x0000000085700000|100%| O|  |TAMS 0x0000000085700000, 0x0000000085600000| Untracked 
|  87|0x0000000085700000, 0x0000000085800000, 0x0000000085800000|100%| O|  |TAMS 0x0000000085800000, 0x0000000085700000| Untracked 
|  88|0x0000000085800000, 0x0000000085900000, 0x0000000085900000|100%| O|  |TAMS 0x0000000085900000, 0x0000000085800000| Untracked 
|  89|0x0000000085900000, 0x0000000085a00000, 0x0000000085a00000|100%| O|  |TAMS 0x0000000085a00000, 0x0000000085900000| Untracked 
|  90|0x0000000085a00000, 0x0000000085b00000, 0x0000000085b00000|100%| O|  |TAMS 0x0000000085b00000, 0x0000000085a00000| Untracked 
|  91|0x0000000085b00000, 0x0000000085c00000, 0x0000000085c00000|100%| O|  |TAMS 0x0000000085c00000, 0x0000000085b00000| Untracked 
|  92|0x0000000085c00000, 0x0000000085d00000, 0x0000000085d00000|100%| O|  |TAMS 0x0000000085d00000, 0x0000000085c00000| Untracked 
|  93|0x0000000085d00000, 0x0000000085e00000, 0x0000000085e00000|100%| O|  |TAMS 0x0000000085e00000, 0x0000000085d00000| Untracked 
|  94|0x0000000085e00000, 0x0000000085f00000, 0x0000000085f00000|100%| O|  |TAMS 0x0000000085f00000, 0x0000000085e00000| Untracked 
|  95|0x0000000085f00000, 0x0000000086000000, 0x0000000086000000|100%| O|  |TAMS 0x0000000086000000, 0x0000000085f00000| Untracked 
|  96|0x0000000086000000, 0x0000000086100000, 0x0000000086100000|100%| O|  |TAMS 0x0000000086100000, 0x0000000086000000| Untracked 
|  97|0x0000000086100000, 0x0000000086200000, 0x0000000086200000|100%|HS|  |TAMS 0x0000000086200000, 0x0000000086100000| Complete 
|  98|0x0000000086200000, 0x0000000086300000, 0x0000000086300000|100%|HC|  |TAMS 0x0000000086300000, 0x0000000086200000| Complete 
|  99|0x0000000086300000, 0x0000000086400000, 0x0000000086400000|100%| O|  |TAMS 0x0000000086400000, 0x0000000086300000| Untracked 
| 100|0x0000000086400000, 0x0000000086500000, 0x0000000086500000|100%| O|  |TAMS 0x0000000086500000, 0x0000000086400000| Untracked 
| 101|0x0000000086500000, 0x0000000086600000, 0x0000000086600000|100%| O|  |TAMS 0x0000000086600000, 0x0000000086500000| Untracked 
| 102|0x0000000086600000, 0x0000000086700000, 0x0000000086700000|100%| O|  |TAMS 0x0000000086700000, 0x0000000086600000| Untracked 
| 103|0x0000000086700000, 0x0000000086800000, 0x0000000086800000|100%| O|  |TAMS 0x0000000086800000, 0x0000000086700000| Untracked 
| 104|0x0000000086800000, 0x0000000086900000, 0x0000000086900000|100%| O|  |TAMS 0x0000000086900000, 0x0000000086800000| Untracked 
| 105|0x0000000086900000, 0x0000000086a00000, 0x0000000086a00000|100%| O|  |TAMS 0x0000000086a00000, 0x0000000086900000| Untracked 
| 106|0x0000000086a00000, 0x0000000086b00000, 0x0000000086b00000|100%| O|  |TAMS 0x0000000086b00000, 0x0000000086a00000| Untracked 
| 107|0x0000000086b00000, 0x0000000086c00000, 0x0000000086c00000|100%| O|  |TAMS 0x0000000086c00000, 0x0000000086b00000| Untracked 
| 108|0x0000000086c00000, 0x0000000086d00000, 0x0000000086d00000|100%| O|  |TAMS 0x0000000086d00000, 0x0000000086c00000| Untracked 
| 109|0x0000000086d00000, 0x0000000086e00000, 0x0000000086e00000|100%| O|  |TAMS 0x0000000086e00000, 0x0000000086d00000| Untracked 
| 110|0x0000000086e00000, 0x0000000086f00000, 0x0000000086f00000|100%| O|  |TAMS 0x0000000086f00000, 0x0000000086e00000| Untracked 
| 111|0x0000000086f00000, 0x0000000087000000, 0x0000000087000000|100%| O|  |TAMS 0x0000000087000000, 0x0000000086f00000| Untracked 
| 112|0x0000000087000000, 0x0000000087100000, 0x0000000087100000|100%| O|  |TAMS 0x0000000087100000, 0x0000000087000000| Untracked 
| 113|0x0000000087100000, 0x0000000087200000, 0x0000000087200000|100%| O|  |TAMS 0x0000000087200000, 0x0000000087100000| Untracked 
| 114|0x0000000087200000, 0x0000000087300000, 0x0000000087300000|100%| O|  |TAMS 0x0000000087300000, 0x0000000087200000| Untracked 
| 115|0x0000000087300000, 0x0000000087400000, 0x0000000087400000|100%| O|  |TAMS 0x0000000087400000, 0x0000000087300000| Untracked 
| 116|0x0000000087400000, 0x0000000087500000, 0x0000000087500000|100%| O|  |TAMS 0x0000000087500000, 0x0000000087400000| Untracked 
| 117|0x0000000087500000, 0x0000000087600000, 0x0000000087600000|100%| O|  |TAMS 0x0000000087600000, 0x0000000087500000| Untracked 
| 118|0x0000000087600000, 0x0000000087700000, 0x0000000087700000|100%| O|  |TAMS 0x00000000876ba400, 0x0000000087600000| Untracked 
| 119|0x0000000087700000, 0x0000000087800000, 0x0000000087800000|100%| O|  |TAMS 0x0000000087700000, 0x0000000087700000| Untracked 
| 120|0x0000000087800000, 0x0000000087900000, 0x0000000087900000|100%| O|  |TAMS 0x0000000087800000, 0x0000000087800000| Untracked 
| 121|0x0000000087900000, 0x0000000087a00000, 0x0000000087a00000|100%| O|  |TAMS 0x0000000087900000, 0x0000000087900000| Untracked 
| 122|0x0000000087a00000, 0x0000000087b00000, 0x0000000087b00000|100%| O|  |TAMS 0x0000000087a00000, 0x0000000087a00000| Untracked 
| 123|0x0000000087b00000, 0x0000000087c00000, 0x0000000087c00000|100%| O|  |TAMS 0x0000000087b00000, 0x0000000087b00000| Untracked 
| 124|0x0000000087c00000, 0x0000000087d00000, 0x0000000087d00000|100%| O|  |TAMS 0x0000000087c00000, 0x0000000087c00000| Untracked 
| 125|0x0000000087d00000, 0x0000000087e00000, 0x0000000087e00000|100%| O|  |TAMS 0x0000000087d00000, 0x0000000087d00000| Untracked 
| 126|0x0000000087e00000, 0x0000000087f00000, 0x0000000087f00000|100%| O|  |TAMS 0x0000000087e00000, 0x0000000087e00000| Untracked 
| 127|0x0000000087f00000, 0x0000000087fa2600, 0x0000000088000000| 63%| O|  |TAMS 0x0000000087f00000, 0x0000000087f00000| Untracked 
| 128|0x0000000088000000, 0x0000000088000000, 0x0000000088100000|  0%| F|  |TAMS 0x0000000088000000, 0x0000000088000000| Untracked 
| 129|0x0000000088100000, 0x0000000088100000, 0x0000000088200000|  0%| F|  |TAMS 0x0000000088100000, 0x0000000088100000| Untracked 
| 130|0x0000000088200000, 0x0000000088200000, 0x0000000088300000|  0%| F|  |TAMS 0x0000000088200000, 0x0000000088200000| Untracked 
| 131|0x0000000088300000, 0x0000000088300000, 0x0000000088400000|  0%| F|  |TAMS 0x0000000088300000, 0x0000000088300000| Untracked 
| 132|0x0000000088400000, 0x0000000088400000, 0x0000000088500000|  0%| F|  |TAMS 0x0000000088400000, 0x0000000088400000| Untracked 
| 133|0x0000000088500000, 0x0000000088500000, 0x0000000088600000|  0%| F|  |TAMS 0x0000000088500000, 0x0000000088500000| Untracked 
| 134|0x0000000088600000, 0x0000000088600000, 0x0000000088700000|  0%| F|  |TAMS 0x0000000088600000, 0x0000000088600000| Untracked 
| 135|0x0000000088700000, 0x0000000088700000, 0x0000000088800000|  0%| F|  |TAMS 0x0000000088700000, 0x0000000088700000| Untracked 
| 136|0x0000000088800000, 0x0000000088800000, 0x0000000088900000|  0%| F|  |TAMS 0x0000000088800000, 0x0000000088800000| Untracked 
| 137|0x0000000088900000, 0x0000000088900000, 0x0000000088a00000|  0%| F|  |TAMS 0x0000000088900000, 0x0000000088900000| Untracked 
| 138|0x0000000088a00000, 0x0000000088a00000, 0x0000000088b00000|  0%| F|  |TAMS 0x0000000088a00000, 0x0000000088a00000| Untracked 
| 139|0x0000000088b00000, 0x0000000088b00000, 0x0000000088c00000|  0%| F|  |TAMS 0x0000000088b00000, 0x0000000088b00000| Untracked 
| 140|0x0000000088c00000, 0x0000000088c00000, 0x0000000088d00000|  0%| F|  |TAMS 0x0000000088c00000, 0x0000000088c00000| Untracked 
| 141|0x0000000088d00000, 0x0000000088d00000, 0x0000000088e00000|  0%| F|  |TAMS 0x0000000088d00000, 0x0000000088d00000| Untracked 
| 142|0x0000000088e00000, 0x0000000088e00000, 0x0000000088f00000|  0%| F|  |TAMS 0x0000000088e00000, 0x0000000088e00000| Untracked 
| 143|0x0000000088f00000, 0x0000000088f00000, 0x0000000089000000|  0%| F|  |TAMS 0x0000000088f00000, 0x0000000088f00000| Untracked 
| 144|0x0000000089000000, 0x0000000089000000, 0x0000000089100000|  0%| F|  |TAMS 0x0000000089000000, 0x0000000089000000| Untracked 
| 145|0x0000000089100000, 0x0000000089100000, 0x0000000089200000|  0%| F|  |TAMS 0x0000000089100000, 0x0000000089100000| Untracked 
| 146|0x0000000089200000, 0x0000000089200000, 0x0000000089300000|  0%| F|  |TAMS 0x0000000089200000, 0x0000000089200000| Untracked 
| 147|0x0000000089300000, 0x0000000089300000, 0x0000000089400000|  0%| F|  |TAMS 0x0000000089300000, 0x0000000089300000| Untracked 
| 148|0x0000000089400000, 0x0000000089400000, 0x0000000089500000|  0%| F|  |TAMS 0x0000000089400000, 0x0000000089400000| Untracked 
| 149|0x0000000089500000, 0x0000000089500000, 0x0000000089600000|  0%| F|  |TAMS 0x0000000089500000, 0x0000000089500000| Untracked 
| 150|0x0000000089600000, 0x0000000089600000, 0x0000000089700000|  0%| F|  |TAMS 0x0000000089600000, 0x0000000089600000| Untracked 
| 151|0x0000000089700000, 0x0000000089700000, 0x0000000089800000|  0%| F|  |TAMS 0x0000000089700000, 0x0000000089700000| Untracked 
| 152|0x0000000089800000, 0x0000000089800000, 0x0000000089900000|  0%| F|  |TAMS 0x0000000089800000, 0x0000000089800000| Untracked 
| 153|0x0000000089900000, 0x0000000089900000, 0x0000000089a00000|  0%| F|  |TAMS 0x0000000089900000, 0x0000000089900000| Untracked 
| 154|0x0000000089a00000, 0x0000000089a00000, 0x0000000089b00000|  0%| F|  |TAMS 0x0000000089a00000, 0x0000000089a00000| Untracked 
| 155|0x0000000089b00000, 0x0000000089bcb220, 0x0000000089c00000| 79%| S|CS|TAMS 0x0000000089b00000, 0x0000000089b00000| Complete 
| 156|0x0000000089c00000, 0x0000000089c00000, 0x0000000089d00000|  0%| F|  |TAMS 0x0000000089c00000, 0x0000000089c00000| Untracked 
| 157|0x0000000089d00000, 0x0000000089d00000, 0x0000000089e00000|  0%| F|  |TAMS 0x0000000089d00000, 0x0000000089d00000| Untracked 
| 158|0x0000000089e00000, 0x0000000089e00000, 0x0000000089f00000|  0%| F|  |TAMS 0x0000000089e00000, 0x0000000089e00000| Untracked 
| 159|0x0000000089f00000, 0x000000008a000000, 0x000000008a000000|100%| S|CS|TAMS 0x0000000089f00000, 0x0000000089f00000| Complete 
| 160|0x000000008a000000, 0x000000008a000000, 0x000000008a100000|  0%| F|  |TAMS 0x000000008a000000, 0x000000008a000000| Untracked 
| 161|0x000000008a100000, 0x000000008a200000, 0x000000008a200000|100%| S|CS|TAMS 0x000000008a100000, 0x000000008a100000| Complete 
| 162|0x000000008a200000, 0x000000008a300000, 0x000000008a300000|100%| S|CS|TAMS 0x000000008a200000, 0x000000008a200000| Complete 
| 163|0x000000008a300000, 0x000000008a300000, 0x000000008a400000|  0%| F|  |TAMS 0x000000008a300000, 0x000000008a300000| Untracked 
| 164|0x000000008a400000, 0x000000008a400000, 0x000000008a500000|  0%| F|  |TAMS 0x000000008a400000, 0x000000008a400000| Untracked 
| 165|0x000000008a500000, 0x000000008a500000, 0x000000008a600000|  0%| F|  |TAMS 0x000000008a500000, 0x000000008a500000| Untracked 
| 166|0x000000008a600000, 0x000000008a600000, 0x000000008a700000|  0%| F|  |TAMS 0x000000008a600000, 0x000000008a600000| Untracked 
| 167|0x000000008a700000, 0x000000008a700000, 0x000000008a800000|  0%| F|  |TAMS 0x000000008a700000, 0x000000008a700000| Untracked 
| 168|0x000000008a800000, 0x000000008a800000, 0x000000008a900000|  0%| F|  |TAMS 0x000000008a800000, 0x000000008a800000| Untracked 
| 169|0x000000008a900000, 0x000000008a900000, 0x000000008aa00000|  0%| F|  |TAMS 0x000000008a900000, 0x000000008a900000| Untracked 
| 170|0x000000008aa00000, 0x000000008aa00000, 0x000000008ab00000|  0%| F|  |TAMS 0x000000008aa00000, 0x000000008aa00000| Untracked 
| 171|0x000000008ab00000, 0x000000008ab00000, 0x000000008ac00000|  0%| F|  |TAMS 0x000000008ab00000, 0x000000008ab00000| Untracked 
| 172|0x000000008ac00000, 0x000000008ac00000, 0x000000008ad00000|  0%| F|  |TAMS 0x000000008ac00000, 0x000000008ac00000| Untracked 
| 173|0x000000008ad00000, 0x000000008ad00000, 0x000000008ae00000|  0%| F|  |TAMS 0x000000008ad00000, 0x000000008ad00000| Untracked 
| 174|0x000000008ae00000, 0x000000008ae00000, 0x000000008af00000|  0%| F|  |TAMS 0x000000008ae00000, 0x000000008ae00000| Untracked 
| 175|0x000000008af00000, 0x000000008af00000, 0x000000008b000000|  0%| F|  |TAMS 0x000000008af00000, 0x000000008af00000| Untracked 
| 176|0x000000008b000000, 0x000000008b000000, 0x000000008b100000|  0%| F|  |TAMS 0x000000008b000000, 0x000000008b000000| Untracked 
| 177|0x000000008b100000, 0x000000008b100000, 0x000000008b200000|  0%| F|  |TAMS 0x000000008b100000, 0x000000008b100000| Untracked 
| 178|0x000000008b200000, 0x000000008b200000, 0x000000008b300000|  0%| F|  |TAMS 0x000000008b200000, 0x000000008b200000| Untracked 
| 179|0x000000008b300000, 0x000000008b300000, 0x000000008b400000|  0%| F|  |TAMS 0x000000008b300000, 0x000000008b300000| Untracked 
| 180|0x000000008b400000, 0x000000008b400000, 0x000000008b500000|  0%| F|  |TAMS 0x000000008b400000, 0x000000008b400000| Untracked 
| 181|0x000000008b500000, 0x000000008b500000, 0x000000008b600000|  0%| F|  |TAMS 0x000000008b500000, 0x000000008b500000| Untracked 
| 182|0x000000008b600000, 0x000000008b600000, 0x000000008b700000|  0%| F|  |TAMS 0x000000008b600000, 0x000000008b600000| Untracked 
| 183|0x000000008b700000, 0x000000008b700000, 0x000000008b800000|  0%| F|  |TAMS 0x000000008b700000, 0x000000008b700000| Untracked 
| 184|0x000000008b800000, 0x000000008b800000, 0x000000008b900000|  0%| F|  |TAMS 0x000000008b800000, 0x000000008b800000| Untracked 

Card table byte_map: [0x000002332aab0000,0x000002332aeb0000] _byte_map_base: 0x000002332a6b0000

Marking Bits (Prev, Next): (CMBitMap*) 0x0000023312f9bbf0, (CMBitMap*) 0x0000023312f9bbb8
 Prev Bits: [0x000002332d2b0000, 0x000002332f2b0000)
 Next Bits: [0x000002332b2b0000, 0x000002332d2b0000)

Polling page: 0x0000023312730000

Metaspace:

Usage:
  Non-class:     91.48 MB capacity,    89.68 MB ( 98%) used,     1.49 MB (  2%) free+waste,   322.13 KB ( <1%) overhead. 
      Class:     14.52 MB capacity,    13.34 MB ( 92%) used,     1.03 MB (  7%) free+waste,   149.13 KB (  1%) overhead. 
       Both:    106.00 MB capacity,   103.02 MB ( 97%) used,     2.52 MB (  2%) free+waste,   471.25 KB ( <1%) overhead. 

Virtual space:
  Non-class space:       92.00 MB reserved,      91.57 MB (>99%) committed 
      Class space:      504.00 MB reserved,      14.63 MB (  3%) committed 
             Both:      596.00 MB reserved,     106.20 MB ( 18%) committed 

Chunk freelists:
   Non-Class:  29.00 KB
       Class:  11.00 KB
        Both:  40.00 KB

MaxMetaspaceSize: 512.00 MB
CompressedClassSpaceSize: 504.00 MB
Initial GC threshold: 20.80 MB
Current GC threshold: 175.95 MB
CDS: off

CodeHeap 'non-profiled nmethods': size=120064Kb used=8650Kb max_used=8650Kb free=111413Kb
 bounds [0x0000023323170000, 0x00000233239f0000, 0x000002332a6b0000]
CodeHeap 'profiled nmethods': size=120000Kb used=29148Kb max_used=29148Kb free=90851Kb
 bounds [0x000002331bc40000, 0x000002331d8c0000, 0x0000023323170000]
CodeHeap 'non-nmethods': size=5696Kb used=2407Kb max_used=2473Kb free=3288Kb
 bounds [0x000002331b6b0000, 0x000002331b930000, 0x000002331bc40000]
 total_blobs=13612 nmethods=12677 adapters=847
 compilation: enabled
              stopped_count=0, restarted_count=0
 full_count=0

Compilation events (20 events):
Event: 57.070 Thread 0x00000233317b1800 12773       2       com.android.tools.r8.internal.ir$$Lambda$1308/0x0000000100dc6840::<init> (15 bytes)
Event: 57.070 Thread 0x00000233317b1800 nmethod 12773 0x000002331d8b5510 code [0x000002331d8b56c0, 0x000002331d8b5858]
Event: 57.073 Thread 0x00000233328c5800 nmethod 12733 0x00000233239de310 code [0x00000233239de4e0, 0x00000233239df6d8]
Event: 57.073 Thread 0x00000233328c5800 12767       4       java.util.ArrayList::forEach (74 bytes)
Event: 57.076 Thread 0x00000233328c5800 nmethod 12767 0x00000233239dfb10 code [0x00000233239dfcc0, 0x00000233239dfe58]
Event: 57.076 Thread 0x00000233328c5800 12743       4       java.util.IdentityHashMap::put (137 bytes)
Event: 57.115 Thread 0x00000233317b1800 12774   !   2       java.util.zip.ZipFile$CleanableResource::releaseInflater (53 bytes)
Event: 57.116 Thread 0x00000233317b1800 nmethod 12774 0x000002331d8b5910 code [0x000002331d8b5ae0, 0x000002331d8b5e68]
Event: 57.116 Thread 0x00000233328c5800 nmethod 12743 0x00000233239e0010 code [0x00000233239e0200, 0x00000233239e1308]
Event: 57.116 Thread 0x00000233328c5800 12663       4       com.android.tools.r8.internal.t4::<init> (5 bytes)
Event: 57.116 Thread 0x00000233328c5800 nmethod 12663 0x00000233239e1990 code [0x00000233239e1b20, 0x00000233239e1b78]
Event: 57.116 Thread 0x00000233328c5800 12775       4       com.android.tools.r8.graph.G0$$Lambda$1366/0x0000000100e07840::apply (8 bytes)
Event: 57.118 Thread 0x00000233328c5800 nmethod 12775 0x00000233239e1c90 code [0x00000233239e1e40, 0x00000233239e1f38]
Event: 57.118 Thread 0x00000233328c5800 12734       4       com.android.tools.r8.internal.SF::d (38 bytes)
Event: 57.119 Thread 0x00000233317b1800 12778       2       com.android.tools.r8.graph.T::a (53 bytes)
Event: 57.120 Thread 0x00000233317b1800 nmethod 12778 0x000002331d8b6090 code [0x000002331d8b6320, 0x000002331d8b6c28]
Event: 57.124 Thread 0x00000233328c5800 nmethod 12734 0x00000233239e2090 code [0x00000233239e2240, 0x00000233239e2438]
Event: 57.124 Thread 0x00000233328c5800 12714       4       com.android.tools.r8.internal.U6::a (38 bytes)
Event: 57.128 Thread 0x00000233328c5800 nmethod 12714 0x00000233239e2690 code [0x00000233239e2840, 0x00000233239e29f8]
Event: 57.128 Thread 0x00000233328c5800 12742       4       com.android.tools.r8.graph.G0::b (207 bytes)

GC Heap History (20 events):
Event: 53.962 GC heap after
{Heap after GC invocations=47 (full 0):
 garbage-first heap   total 131072K, used 100861K [0x0000000080000000, 0x0000000100000000)
  region size 1024K, 2 young (2048K), 2 survivors (2048K)
 Metaspace       used 98209K, capacity 101047K, committed 101192K, reserved 604160K
  class space    used 12617K, capacity 13731K, committed 13824K, reserved 516096K
}
Event: 54.088 GC heap before
{Heap before GC invocations=47 (full 0):
 garbage-first heap   total 131072K, used 110077K [0x0000000080000000, 0x0000000100000000)
  region size 1024K, 11 young (11264K), 2 survivors (2048K)
 Metaspace       used 98231K, capacity 101052K, committed 101192K, reserved 604160K
  class space    used 12619K, capacity 13733K, committed 13824K, reserved 516096K
}
Event: 54.093 GC heap after
{Heap after GC invocations=48 (full 0):
 garbage-first heap   total 131072K, used 102293K [0x0000000080000000, 0x0000000100000000)
  region size 1024K, 2 young (2048K), 2 survivors (2048K)
 Metaspace       used 98231K, capacity 101052K, committed 101192K, reserved 604160K
  class space    used 12619K, capacity 13733K, committed 13824K, reserved 516096K
}
Event: 54.228 GC heap before
{Heap before GC invocations=48 (full 0):
 garbage-first heap   total 131072K, used 110485K [0x0000000080000000, 0x0000000100000000)
  region size 1024K, 10 young (10240K), 2 survivors (2048K)
 Metaspace       used 98679K, capacity 101518K, committed 101832K, reserved 604160K
  class space    used 12689K, capacity 13803K, committed 13952K, reserved 516096K
}
Event: 54.234 GC heap after
{Heap after GC invocations=49 (full 0):
 garbage-first heap   total 157696K, used 104206K [0x0000000080000000, 0x0000000100000000)
  region size 1024K, 2 young (2048K), 2 survivors (2048K)
 Metaspace       used 98679K, capacity 101518K, committed 101832K, reserved 604160K
  class space    used 12689K, capacity 13803K, committed 13952K, reserved 516096K
}
Event: 54.383 GC heap before
{Heap before GC invocations=49 (full 0):
 garbage-first heap   total 157696K, used 121614K [0x0000000080000000, 0x0000000100000000)
  region size 1024K, 20 young (20480K), 2 survivors (2048K)
 Metaspace       used 99058K, capacity 101950K, committed 102088K, reserved 606208K
  class space    used 12724K, capacity 13839K, committed 13952K, reserved 516096K
}
Event: 54.389 GC heap after
{Heap after GC invocations=50 (full 0):
 garbage-first heap   total 157696K, used 107957K [0x0000000080000000, 0x0000000100000000)
  region size 1024K, 3 young (3072K), 3 survivors (3072K)
 Metaspace       used 99058K, capacity 101950K, committed 102088K, reserved 606208K
  class space    used 12724K, capacity 13839K, committed 13952K, reserved 516096K
}
Event: 54.543 GC heap before
{Heap before GC invocations=51 (full 0):
 garbage-first heap   total 157696K, used 124341K [0x0000000080000000, 0x0000000100000000)
  region size 1024K, 20 young (20480K), 3 survivors (3072K)
 Metaspace       used 99572K, capacity 102398K, committed 102600K, reserved 606208K
  class space    used 12787K, capacity 13903K, committed 13952K, reserved 516096K
}
Event: 54.547 GC heap after
{Heap after GC invocations=52 (full 0):
 garbage-first heap   total 157696K, used 109941K [0x0000000080000000, 0x0000000100000000)
  region size 1024K, 3 young (3072K), 3 survivors (3072K)
 Metaspace       used 99572K, capacity 102398K, committed 102600K, reserved 606208K
  class space    used 12787K, capacity 13903K, committed 13952K, reserved 516096K
}
Event: 55.048 GC heap before
{Heap before GC invocations=52 (full 0):
 garbage-first heap   total 157696K, used 126325K [0x0000000080000000, 0x0000000100000000)
  region size 1024K, 20 young (20480K), 3 survivors (3072K)
 Metaspace       used 101655K, capacity 104478K, committed 104648K, reserved 608256K
  class space    used 13075K, capacity 14199K, committed 14208K, reserved 516096K
}
Event: 55.057 GC heap after
{Heap after GC invocations=53 (full 0):
 garbage-first heap   total 157696K, used 111093K [0x0000000080000000, 0x0000000100000000)
  region size 1024K, 3 young (3072K), 3 survivors (3072K)
 Metaspace       used 101655K, capacity 104478K, committed 104648K, reserved 608256K
  class space    used 13075K, capacity 14199K, committed 14208K, reserved 516096K
}
Event: 55.460 GC heap before
{Heap before GC invocations=53 (full 0):
 garbage-first heap   total 157696K, used 127477K [0x0000000080000000, 0x0000000100000000)
  region size 1024K, 20 young (20480K), 3 survivors (3072K)
 Metaspace       used 102149K, capacity 104989K, committed 105288K, reserved 608256K
  class space    used 13141K, capacity 14281K, committed 14336K, reserved 516096K
}
Event: 55.476 GC heap after
{Heap after GC invocations=54 (full 0):
 garbage-first heap   total 189440K, used 114626K [0x0000000080000000, 0x0000000100000000)
  region size 1024K, 3 young (3072K), 3 survivors (3072K)
 Metaspace       used 102149K, capacity 104989K, committed 105288K, reserved 608256K
  class space    used 13141K, capacity 14281K, committed 14336K, reserved 516096K
}
Event: 55.936 GC heap before
{Heap before GC invocations=55 (full 0):
 garbage-first heap   total 189440K, used 141250K [0x0000000080000000, 0x0000000100000000)
  region size 1024K, 29 young (29696K), 3 survivors (3072K)
 Metaspace       used 102867K, capacity 105780K, committed 105928K, reserved 608256K
  class space    used 13261K, capacity 14418K, committed 14464K, reserved 516096K
}
Event: 55.954 GC heap after
{Heap after GC invocations=56 (full 0):
 garbage-first heap   total 189440K, used 120292K [0x0000000080000000, 0x0000000100000000)
  region size 1024K, 4 young (4096K), 4 survivors (4096K)
 Metaspace       used 102867K, capacity 105780K, committed 105928K, reserved 608256K
  class space    used 13261K, capacity 14418K, committed 14464K, reserved 516096K
}
Event: 56.299 GC heap before
{Heap before GC invocations=56 (full 0):
 garbage-first heap   total 189440K, used 144868K [0x0000000080000000, 0x0000000100000000)
  region size 1024K, 29 young (29696K), 4 survivors (4096K)
 Metaspace       used 104141K, capacity 107029K, committed 107080K, reserved 610304K
  class space    used 13403K, capacity 14556K, committed 14592K, reserved 516096K
}
Event: 56.323 GC heap after
{Heap after GC invocations=57 (full 0):
 garbage-first heap   total 189440K, used 125673K [0x0000000080000000, 0x0000000100000000)
  region size 1024K, 4 young (4096K), 4 survivors (4096K)
 Metaspace       used 104141K, capacity 107029K, committed 107080K, reserved 610304K
  class space    used 13403K, capacity 14556K, committed 14592K, reserved 516096K
}
Event: 56.657 GC heap before
{Heap before GC invocations=57 (full 0):
 garbage-first heap   total 189440K, used 150249K [0x0000000080000000, 0x0000000100000000)
  region size 1024K, 28 young (28672K), 4 survivors (4096K)
 Metaspace       used 104649K, capacity 107657K, committed 107720K, reserved 610304K
  class space    used 13500K, capacity 14706K, committed 14720K, reserved 516096K
}
Event: 56.674 GC heap after
{Heap after GC invocations=58 (full 0):
 garbage-first heap   total 189440K, used 130278K [0x0000000080000000, 0x0000000100000000)
  region size 1024K, 4 young (4096K), 4 survivors (4096K)
 Metaspace       used 104649K, capacity 107657K, committed 107720K, reserved 610304K
  class space    used 13500K, capacity 14706K, committed 14720K, reserved 516096K
}
Event: 57.130 GC heap before
{Heap before GC invocations=59 (full 0):
 garbage-first heap   total 189440K, used 152806K [0x0000000080000000, 0x0000000100000000)
  region size 1024K, 26 young (26624K), 4 survivors (4096K)
 Metaspace       used 105492K, capacity 108544K, committed 108744K, reserved 610304K
  class space    used 13663K, capacity 14869K, committed 14976K, reserved 516096K
}

Deoptimization events (20 events):
Event: 56.331 Thread 0x000002333515d000 Uncommon trap: trap_request=0xffffff4d fr.pc=0x000002332340454c relative=0x000000000000174c
Event: 56.331 Thread 0x000002333515d000 Uncommon trap: reason=unstable_if action=reinterpret pc=0x000002332340454c method=java.lang.invoke.MethodType$ConcurrentWeakInternSet$WeakEntry.equals(Ljava/lang/Object;)Z @ 21 c2
Event: 56.331 Thread 0x000002333515d000 DEOPT PACKING pc=0x000002332340454c sp=0x000000bb1ebf9520
Event: 56.331 Thread 0x000002333515d000 DEOPT UNPACKING pc=0x000002331b6fa1af sp=0x000000bb1ebf93e8 mode 2
Event: 56.500 Thread 0x00000233387de800 Uncommon trap: trap_request=0xffffff4d fr.pc=0x00000233239af6fc relative=0x0000000000001bfc
Event: 56.500 Thread 0x00000233387de800 Uncommon trap: reason=unstable_if action=reinterpret pc=0x00000233239af6fc method=com.android.tools.r8.internal.E9.e(Ljava/lang/String;)[Ljava/lang/String; @ 149 c2
Event: 56.500 Thread 0x00000233387de800 DEOPT PACKING pc=0x00000233239af6fc sp=0x000000bb1e1f9ae0
Event: 56.500 Thread 0x00000233387de800 DEOPT UNPACKING pc=0x000002331b6fa1af sp=0x000000bb1e1f9ac8 mode 2
Event: 56.738 Thread 0x00000233387d1800 Uncommon trap: trap_request=0xffffffde fr.pc=0x00000233239c9a7c relative=0x00000000000003fc
Event: 56.738 Thread 0x00000233387d1800 Uncommon trap: reason=class_check action=maybe_recompile pc=0x00000233239c9a7c method=com.android.tools.r8.internal.ad.a(I)Ljava/lang/Object; @ 9 c2
Event: 56.738 Thread 0x00000233387d1800 DEOPT PACKING pc=0x00000233239c9a7c sp=0x000000bb1d7fa560
Event: 56.738 Thread 0x00000233387d1800 DEOPT UNPACKING pc=0x000002331b6fa1af sp=0x000000bb1d7fa450 mode 2
Event: 56.738 Thread 0x00000233387d1800 Uncommon trap: trap_request=0xffffffc6 fr.pc=0x00000233239c9ae0 relative=0x0000000000000460
Event: 56.738 Thread 0x00000233387d1800 Uncommon trap: reason=bimorphic_or_optimized_type_check action=maybe_recompile pc=0x00000233239c9ae0 method=com.android.tools.r8.internal.Jj.hasNext()Z @ 9 c2
Event: 56.738 Thread 0x00000233387d1800 DEOPT PACKING pc=0x00000233239c9ae0 sp=0x000000bb1d7fa510
Event: 56.738 Thread 0x00000233387d1800 DEOPT UNPACKING pc=0x000002331b6fa1af sp=0x000000bb1d7fa4c8 mode 2
Event: 56.738 Thread 0x00000233387d1800 Uncommon trap: trap_request=0xffffffc6 fr.pc=0x00000233239c9ae0 relative=0x0000000000000460
Event: 56.738 Thread 0x00000233387d1800 Uncommon trap: reason=bimorphic_or_optimized_type_check action=maybe_recompile pc=0x00000233239c9ae0 method=com.android.tools.r8.internal.Jj.hasNext()Z @ 9 c2
Event: 56.738 Thread 0x00000233387d1800 DEOPT PACKING pc=0x00000233239c9ae0 sp=0x000000bb1d7fa560
Event: 56.738 Thread 0x00000233387d1800 DEOPT UNPACKING pc=0x000002331b6fa1af sp=0x000000bb1d7fa520 mode 2

Classes redefined (0 events):
No events

Internal exceptions (20 events):
Event: 54.357 Thread 0x00000233387d1800 Exception <a 'sun/nio/fs/WindowsException'{0x0000000088cdf5d8}> (0x0000000088cdf5d8) thrown at [./src/hotspot/share/prims/jni.cpp, line 617]
Event: 54.578 Thread 0x00000233387de800 Exception <a 'sun/nio/fs/WindowsException'{0x00000000896b74e8}> (0x00000000896b74e8) thrown at [./src/hotspot/share/prims/jni.cpp, line 617]
Event: 54.662 Thread 0x0000023335439000 Exception <a 'java/lang/NoSuchMethodError'{0x00000000893c0818}: 'int java.lang.invoke.DirectMethodHandle$Holder.invokeSpecialIFC(java.lang.Object, java.lang.Object, java.lang.Object)'> (0x00000000893c0818) thrown at [./src/hotspot/share/interpreter/linkResolver.cpp, line 773]
Event: 54.701 Thread 0x00000233387d1800 Exception <a 'java/lang/NoSuchMethodError'{0x00000000892f3da8}: 'java.lang.Object java.lang.invoke.DirectMethodHandle$Holder.invokeStatic(java.lang.Object, java.lang.Object, java.lang.Object, java.lang.Object, java.lang.Object, java.lang.Object, java.lang.Object, java.lang.Object, java.lang.Object, java.lang.Object, java.lang.Object, java.lang.Object, java.lang.Object, java.lang.Object, java.lang.Object, java.lang.Object, java.lang.Object, java.lang.Object, int, java.lang.Object)'> (0x00000000892f3da8) thr
Event: 54.702 Thread 0x00000233387d1800 Exception <a 'java/lang/NoSuchMethodError'{0x00000000892f9e30}: 'java.lang.Object java.lang.invoke.DirectMethodHandle$Holder.invokeStaticInit(java.lang.Object, java.lang.Object, java.lang.Object, java.lang.Object, java.lang.Object, java.lang.Object, java.lang.Object, java.lang.Object, java.lang.Object, java.lang.Object, java.lang.Object, java.lang.Object, java.lang.Object, java.lang.Object, java.lang.Object, java.lang.Object, java.lang.Object, java.lang.Object, int, java.lang.Object)'> (0x00000000892f9e30)
Event: 54.747 Thread 0x00000233387de800 Exception <a 'java/lang/IncompatibleClassChangeError'{0x0000000089000428}: Found class java.lang.Object, but interface was expected> (0x0000000089000428) thrown at [./src/hotspot/share/interpreter/linkResolver.cpp, line 839]
Event: 54.747 Thread 0x00000233387d1800 Exception <a 'java/lang/IncompatibleClassChangeError'{0x00000000891f6618}: Found class java.lang.Object, but interface was expected> (0x00000000891f6618) thrown at [./src/hotspot/share/interpreter/linkResolver.cpp, line 839]
Event: 54.747 Thread 0x000002333515d000 Exception <a 'java/lang/IncompatibleClassChangeError'{0x00000000892a1960}: Found class java.lang.Object, but interface was expected> (0x00000000892a1960) thrown at [./src/hotspot/share/interpreter/linkResolver.cpp, line 839]
Event: 55.174 Thread 0x000002333515d000 Exception <a 'java/lang/NoSuchMethodError'{0x00000000897dfd40}: 'int java.lang.invoke.DirectMethodHandle$Holder.invokeVirtual(java.lang.Object, java.lang.Object, java.lang.Object, java.lang.Object)'> (0x00000000897dfd40) thrown at [./src/hotspot/share/interpreter/linkResolver.cpp, line 773]
Event: 55.332 Thread 0x00000233387d1800 Exception <a 'java/lang/NoSuchMethodError'{0x0000000088f155e0}: 'long java.lang.invoke.DirectMethodHandle$Holder.invokeStatic(java.lang.Object, java.lang.Object)'> (0x0000000088f155e0) thrown at [./src/hotspot/share/interpreter/linkResolver.cpp, line 773]
Event: 55.550 Thread 0x00000233387d1800 Exception <a 'java/lang/IncompatibleClassChangeError'{0x000000008b4ba2c8}: Found class java.lang.Object, but interface was expected> (0x000000008b4ba2c8) thrown at [./src/hotspot/share/interpreter/linkResolver.cpp, line 839]
Event: 55.645 Thread 0x00000233387d1800 Exception <a 'java/lang/NoSuchMethodError'{0x000000008b4c20a8}: 'java.lang.Object java.lang.invoke.DirectMethodHandle$Holder.newInvokeSpecial(java.lang.Object, int)'> (0x000000008b4c20a8) thrown at [./src/hotspot/share/interpreter/linkResolver.cpp, line 773]
Event: 55.684 Thread 0x000002333515d000 Exception <a 'java/lang/IncompatibleClassChangeError'{0x000000008af0d038}: Found class java.lang.Object, but interface was expected> (0x000000008af0d038) thrown at [./src/hotspot/share/interpreter/linkResolver.cpp, line 839]
Event: 55.685 Thread 0x000002333515d000 Exception <a 'java/lang/IncompatibleClassChangeError'{0x000000008af16f78}: Found class java.lang.Object, but interface was expected> (0x000000008af16f78) thrown at [./src/hotspot/share/interpreter/linkResolver.cpp, line 839]
Event: 55.727 Thread 0x00000233387d1800 Exception <a 'java/lang/IncompatibleClassChangeError'{0x000000008a945a60}: Found class java.lang.Object, but interface was expected> (0x000000008a945a60) thrown at [./src/hotspot/share/interpreter/linkResolver.cpp, line 839]
Event: 55.727 Thread 0x000002333515d000 Exception <a 'java/lang/IncompatibleClassChangeError'{0x000000008a969698}: Found class java.lang.Object, but interface was expected> (0x000000008a969698) thrown at [./src/hotspot/share/interpreter/linkResolver.cpp, line 839]
Event: 56.331 Thread 0x000002333515d000 Implicit null exception at 0x000002332340311f to 0x0000023323404524
Event: 56.388 Thread 0x00000233387d1800 Exception <a 'java/lang/NoSuchMethodError'{0x000000008b3f40c0}: 'java.lang.Object java.lang.invoke.DirectMethodHandle$Holder.invokeStatic(java.lang.Object, int, java.lang.Object, java.lang.Object)'> (0x000000008b3f40c0) thrown at [./src/hotspot/share/interpreter/linkResolver.cpp, line 773]
Event: 56.411 Thread 0x000002333515d000 Exception <a 'java/lang/NoSuchMethodError'{0x000000008b20bbf0}: 'int java.lang.invoke.DirectMethodHandle$Holder.invokeSpecial(java.lang.Object, java.lang.Object, java.lang.Object, java.lang.Object, java.lang.Object, java.lang.Object, java.lang.Object, java.lang.Object, java.lang.Object)'> (0x000000008b20bbf0) thrown at [./src/hotspot/share/interpreter/linkResolver.cpp, line 773]
Event: 57.030 Thread 0x000002333515d000 Exception <a 'java/lang/NoSuchMethodError'{0x000000008a9b2d70}: 'java.lang.Object java.lang.invoke.DirectMethodHandle$Holder.invokeVirtual(java.lang.Object, java.lang.Object, int, java.lang.Object)'> (0x000000008a9b2d70) thrown at [./src/hotspot/share/interpreter/linkResolver.cpp, line 773]

Events (20 events):
Event: 57.058 loading class com/android/tools/r8/code/X1 done
Event: 57.058 loading class com/android/tools/r8/code/Z1
Event: 57.058 loading class com/android/tools/r8/code/Z1 done
Event: 57.059 loading class com/android/tools/r8/code/T1
Event: 57.059 loading class com/android/tools/r8/code/T1 done
Event: 57.060 loading class com/android/tools/r8/internal/hj
Event: 57.060 loading class com/android/tools/r8/internal/hj done
Event: 57.061 loading class com/android/tools/r8/internal/fj
Event: 57.061 loading class com/android/tools/r8/internal/fj done
Event: 57.061 loading class com/android/tools/r8/internal/gj
Event: 57.061 loading class com/android/tools/r8/internal/gj done
Event: 57.062 loading class com/android/tools/r8/internal/cj
Event: 57.062 loading class com/android/tools/r8/internal/cj done
Event: 57.088 Executing VM operation: CGC_Operation
Event: 57.114 Executing VM operation: CGC_Operation done
Event: 57.115 loading class com/android/tools/r8/code/E0
Event: 57.115 loading class com/android/tools/r8/code/E0 done
Event: 57.120 loading class com/android/tools/r8/code/F
Event: 57.120 loading class com/android/tools/r8/code/F done
Event: 57.130 Executing VM operation: G1CollectForAllocation


Dynamic libraries:
0x00007ff70e300000 - 0x00007ff70e30d000 	C:\Program Files\OpenJDK\openjdk-11.0.15_10\bin\java.exe
0x00007ff9caeb0000 - 0x00007ff9cb0a7000 	C:\WINDOWS\SYSTEM32\ntdll.dll
0x00007ff9cac10000 - 0x00007ff9caccd000 	C:\WINDOWS\System32\KERNEL32.DLL
0x00007ff9c8810000 - 0x00007ff9c8add000 	C:\WINDOWS\System32\KERNELBASE.dll
0x00007ff9c8c80000 - 0x00007ff9c8d80000 	C:\WINDOWS\System32\ucrtbase.dll
0x00007ff9a56f0000 - 0x00007ff9a5706000 	C:\Program Files\OpenJDK\openjdk-11.0.15_10\bin\VCRUNTIME140.dll
0x00007ff9a5610000 - 0x00007ff9a5628000 	C:\Program Files\OpenJDK\openjdk-11.0.15_10\bin\jli.dll
0x00007ff9c9d10000 - 0x00007ff9c9eb0000 	C:\WINDOWS\System32\USER32.dll
0x00007ff9c8680000 - 0x00007ff9c86a2000 	C:\WINDOWS\System32\win32u.dll
0x00007ff9ca2c0000 - 0x00007ff9ca2ea000 	C:\WINDOWS\System32\GDI32.dll
0x00007ff9c8ae0000 - 0x00007ff9c8beb000 	C:\WINDOWS\System32\gdi32full.dll
0x00007ff9c8720000 - 0x00007ff9c87bd000 	C:\WINDOWS\System32\msvcp_win.dll
0x00007ff9b8a90000 - 0x00007ff9b8d2a000 	C:\WINDOWS\WinSxS\amd64_microsoft.windows.common-controls_6595b64144ccf1df_6.0.19041.1110_none_60b5254171f9507e\COMCTL32.dll
0x00007ff9ca2f0000 - 0x00007ff9ca38e000 	C:\WINDOWS\System32\msvcrt.dll
0x00007ff9c8f10000 - 0x00007ff9c8f40000 	C:\WINDOWS\System32\IMM32.DLL
0x00007ff989b40000 - 0x00007ff989bea000 	C:\Program Files\OpenJDK\openjdk-11.0.15_10\bin\msvcp140.dll
0x00007ff978240000 - 0x00007ff978d91000 	C:\Program Files\OpenJDK\openjdk-11.0.15_10\bin\server\jvm.dll
0x00007ff9c9560000 - 0x00007ff9c960e000 	C:\WINDOWS\System32\ADVAPI32.dll
0x00007ff9ca080000 - 0x00007ff9ca11c000 	C:\WINDOWS\System32\sechost.dll
0x00007ff9c9b30000 - 0x00007ff9c9c55000 	C:\WINDOWS\System32\RPCRT4.dll
0x00007ff9c9f10000 - 0x00007ff9c9f18000 	C:\WINDOWS\System32\PSAPI.DLL
0x00007ff9c02a0000 - 0x00007ff9c02a9000 	C:\WINDOWS\SYSTEM32\WSOCK32.dll
0x00007ff9bb4b0000 - 0x00007ff9bb4d7000 	C:\WINDOWS\SYSTEM32\WINMM.dll
0x00007ff9cacd0000 - 0x00007ff9cad3b000 	C:\WINDOWS\System32\WS2_32.dll
0x00007ff9bf190000 - 0x00007ff9bf19a000 	C:\WINDOWS\SYSTEM32\VERSION.dll
0x00007ff9c6eb0000 - 0x00007ff9c6ec2000 	C:\WINDOWS\SYSTEM32\kernel.appcore.dll
0x00007ff9a51a0000 - 0x00007ff9a51b1000 	C:\Program Files\OpenJDK\openjdk-11.0.15_10\bin\verify.dll
0x00007ff9c6b70000 - 0x00007ff9c6d54000 	C:\WINDOWS\SYSTEM32\DBGHELP.DLL
0x00007ff9c25c0000 - 0x00007ff9c25ec000 	C:\WINDOWS\SYSTEM32\dbgcore.DLL
0x00007ff9c8bf0000 - 0x00007ff9c8c72000 	C:\WINDOWS\System32\bcryptPrimitives.dll
0x00007ff9a5170000 - 0x00007ff9a5199000 	C:\Program Files\OpenJDK\openjdk-11.0.15_10\bin\java.dll
0x00007ff9a9a10000 - 0x00007ff9a9a1a000 	C:\Program Files\OpenJDK\openjdk-11.0.15_10\bin\jimage.dll
0x00007ff9a3bf0000 - 0x00007ff9a3c08000 	C:\Program Files\OpenJDK\openjdk-11.0.15_10\bin\zip.dll
0x00007ff9ca440000 - 0x00007ff9cab84000 	C:\WINDOWS\System32\SHELL32.dll
0x00007ff9c63d0000 - 0x00007ff9c6b64000 	C:\WINDOWS\SYSTEM32\windows.storage.dll
0x00007ff9c9690000 - 0x00007ff9c99e4000 	C:\WINDOWS\System32\combase.dll
0x00007ff9c8030000 - 0x00007ff9c805c000 	C:\WINDOWS\SYSTEM32\Wldp.dll
0x00007ff9ca390000 - 0x00007ff9ca43d000 	C:\WINDOWS\System32\SHCORE.dll
0x00007ff9c9eb0000 - 0x00007ff9c9f05000 	C:\WINDOWS\System32\shlwapi.dll
0x00007ff9c8510000 - 0x00007ff9c852f000 	C:\WINDOWS\SYSTEM32\profapi.dll
0x00007ff9a3bd0000 - 0x00007ff9a3be9000 	C:\Program Files\OpenJDK\openjdk-11.0.15_10\bin\net.dll
0x00007ff9c00d0000 - 0x00007ff9c01da000 	C:\WINDOWS\SYSTEM32\WINHTTP.dll
0x00007ff9c7d90000 - 0x00007ff9c7dfa000 	C:\WINDOWS\system32\mswsock.dll
0x00007ff9a31a0000 - 0x00007ff9a31b3000 	C:\Program Files\OpenJDK\openjdk-11.0.15_10\bin\nio.dll
0x00007ff9c3dc0000 - 0x00007ff9c3de7000 	C:\Users\Tom\.gradle\native\e1d6ef7f7dcc3fd88c89a11ec53ec762bb8ba0a96d01ffa2cd45eb1d1d8dd5c5\windows-amd64\native-platform.dll
0x00007ff998f60000 - 0x00007ff9990a4000 	C:\Users\Tom\.gradle\native\5664cfc778a61ccfe75a443a1ab52a65af34e5dc3c78e0209fed803814484fcb\windows-amd64\native-platform-file-events.dll
0x00007ff9a9a20000 - 0x00007ff9a9a29000 	C:\Program Files\OpenJDK\openjdk-11.0.15_10\bin\management.dll
0x00007ff9a6560000 - 0x00007ff9a656c000 	C:\Program Files\OpenJDK\openjdk-11.0.15_10\bin\management_ext.dll
0x00007ff9c7f80000 - 0x00007ff9c7f98000 	C:\WINDOWS\SYSTEM32\CRYPTSP.dll
0x00007ff9c7640000 - 0x00007ff9c7674000 	C:\WINDOWS\system32\rsaenh.dll
0x00007ff9c8d80000 - 0x00007ff9c8da7000 	C:\WINDOWS\System32\bcrypt.dll
0x00007ff9c8490000 - 0x00007ff9c84be000 	C:\WINDOWS\SYSTEM32\USERENV.dll
0x00007ff9c7fa0000 - 0x00007ff9c7fac000 	C:\WINDOWS\SYSTEM32\CRYPTBASE.dll
0x00007ff9c7a30000 - 0x00007ff9c7a6b000 	C:\WINDOWS\SYSTEM32\IPHLPAPI.DLL
0x00007ff9cad40000 - 0x00007ff9cad48000 	C:\WINDOWS\System32\NSI.dll
0x00007ff9c0490000 - 0x00007ff9c04a7000 	C:\WINDOWS\SYSTEM32\dhcpcsvc6.DLL
0x00007ff9c0eb0000 - 0x00007ff9c0ecd000 	C:\WINDOWS\SYSTEM32\dhcpcsvc.DLL
0x00007ff9c7ac0000 - 0x00007ff9c7b8b000 	C:\WINDOWS\SYSTEM32\DNSAPI.dll

dbghelp: loaded successfully - version: 4.0.5 - missing functions: none
symbol engine: initialized successfully - sym options: 0x614 - pdb path: .;C:\Program Files\OpenJDK\openjdk-11.0.15_10\bin;C:\WINDOWS\SYSTEM32;C:\WINDOWS\WinSxS\amd64_microsoft.windows.common-controls_6595b64144ccf1df_6.0.19041.1110_none_60b5254171f9507e;C:\Program Files\OpenJDK\openjdk-11.0.15_10\bin\server;C:\Users\Tom\.gradle\native\e1d6ef7f7dcc3fd88c89a11ec53ec762bb8ba0a96d01ffa2cd45eb1d1d8dd5c5\windows-amd64;C:\Users\Tom\.gradle\native\5664cfc778a61ccfe75a443a1ab52a65af34e5dc3c78e0209fed803814484fcb\windows-amd64

VM Arguments:
jvm_args: -XX:MaxMetaspaceSize=512m --add-opens=java.base/java.util=ALL-UNNAMED --add-opens=java.base/java.lang=ALL-UNNAMED --add-opens=java.base/java.lang.invoke=ALL-UNNAMED --add-opens=java.base/java.util=ALL-UNNAMED --add-opens=java.prefs/java.util.prefs=ALL-UNNAMED --add-opens=java.prefs/java.util.prefs=ALL-UNNAMED --add-opens=java.base/java.nio.charset=ALL-UNNAMED --add-opens=java.base/java.net=ALL-UNNAMED --add-opens=java.base/java.util.concurrent.atomic=ALL-UNNAMED -Xmx2048m -Dfile.encoding=windows-1252 -Duser.country=GB -Duser.language=en -Duser.variant 
java_command: org.gradle.launcher.daemon.bootstrap.GradleDaemon 7.3.3
java_class_path (initial): C:\Users\Tom\.gradle\wrapper\dists\gradle-7.3.3-all\4295vidhdd9hd3gbjyw1xqxpo\gradle-7.3.3\lib\gradle-launcher-7.3.3.jar
Launcher Type: SUN_STANDARD

[Global flags]
     intx CICompilerCount                          = 3                                         {product} {ergonomic}
   size_t CompressedClassSpaceSize                 = 528482304                                 {product} {ergonomic}
     uint ConcGCThreads                            = 1                                         {product} {ergonomic}
     uint G1ConcRefinementThreads                  = 4                                         {product} {ergonomic}
   size_t G1HeapRegionSize                         = 1048576                                   {product} {ergonomic}
    uintx GCDrainStackTargetSize                   = 64                                        {product} {ergonomic}
   size_t InitialHeapSize                          = 134217728                                 {product} {ergonomic}
   size_t MarkStackSize                            = 4194304                                   {product} {ergonomic}
   size_t MaxHeapSize                              = 2147483648                                {product} {command line}
   size_t MaxMetaspaceSize                         = 536870912                                 {product} {command line}
   size_t MaxNewSize                               = 1287651328                                {product} {ergonomic}
   size_t MinHeapDeltaBytes                        = 1048576                                   {product} {ergonomic}
    uintx NonNMethodCodeHeapSize                   = 5830732                                {pd product} {ergonomic}
    uintx NonProfiledCodeHeapSize                  = 122913754                              {pd product} {ergonomic}
    uintx ProfiledCodeHeapSize                     = 122913754                              {pd product} {ergonomic}
    uintx ReservedCodeCacheSize                    = 251658240                              {pd product} {ergonomic}
     bool SegmentedCodeCache                       = true                                      {product} {ergonomic}
     bool UseCompressedClassPointers               = true                                 {lp64_product} {ergonomic}
     bool UseCompressedOops                        = true                                 {lp64_product} {ergonomic}
     bool UseG1GC                                  = true                                      {product} {ergonomic}
     bool UseLargePagesIndividualAllocation        = false                                  {pd product} {ergonomic}

Logging:
Log output configuration:
 #0: stdout all=warning uptime,level,tags
 #1: stderr all=off uptime,level,tags

Environment Variables:
JAVA_HOME=C:\Program Files\OpenJDK\openjdk-11.0.15_10
CLASSPATH=C:\Users\Tom\Documents\Programmation\React Native\projectRNcli\android\\gradle\wrapper\gradle-wrapper.jar
PATH=C:\Users\Tom\Documents\Programmation\React Native\projectRNcli\android\node_modules\.bin;C:\Users\Tom\Documents\Programmation\React Native\projectRNcli\node_modules\.bin;C:\Users\Tom\Documents\Programmation\React Native\node_modules\.bin;C:\Users\Tom\Documents\Programmation\node_modules\.bin;C:\Users\Tom\Documents\node_modules\.bin;C:\Users\Tom\node_modules\.bin;C:\Users\node_modules\.bin;C:\node_modules\.bin;C:\Program Files\nodejs;C:\Users\Tom\Documents\Programmation\React Native\projectRNcli\node_modules\.bin;C:\Users\Tom\Documents\Programmation\React Native\node_modules\.bin;C:\Users\Tom\Documents\Programmation\node_modules\.bin;C:\Users\Tom\Documents\node_modules\.bin;C:\Users\Tom\node_modules\.bin;C:\Users\node_modules\.bin;C:\node_modules\.bin;C:\Program Files\nodejs\node_modules\npm\node_modules\@npmcli\run-script\lib\node-gyp-bin;C:\Python310\Scripts\;C:\Python310\;C:\Program Files\Common Files\Oracle\Java\javapath;C:\Program Files (x86)\Intel\Intel(R) Management Engine Components\iCLS\;C:\Program Files\Intel\Intel(R) Management Engine Components\iCLS\;C:\windows\system32;C:\windows;C:\windows\System32\Wbem;C:\windows\System32\WindowsPowerShell\v1.0\;C:\Program Files (x86)\Intel\Intel(R) Management Engine Components\DAL;C:\Program Files\Intel\Intel(R) Management Engine Components\DAL;C:\Program Files (x86)\Intel\Intel(R) Management Engine Components\IPT;C:\Program Files\Intel\Intel(R) Management Engine Components\IPT;C:\Program Files (x86)\NVIDIA Corporation\PhysX\Common;C:\WINDOWS\system32;C:\WINDOWS;C:\WINDOWS\System32\Wbem;C:\WINDOWS\System32\WindowsPowerShell\v1.0\;C:\WINDOWS\System32\OpenSSH\;C:\Program Files\Microchip\xc8\v2.36\bin;C:\ProgramData\chocolatey\bin;C:\Program Files\OpenJDK\openjdk-11.0.15_10\bin;C:\Program Files\nodejs\;C:\Users\Tom\AppData\Local\Microsoft\WindowsApps;C:\Users\Tom\AppData\Local\Programs\Microsoft VS Code\bin;C:\Users\Tom\AppData\Local\Android\Sdk\platform-tools;C:\Users\Tom\AppData\Roaming\npm;C:\Users\Tom\Documents\Pro
USERNAME=Tom
LANG=en_GB.UTF-8
OS=Windows_NT
PROCESSOR_IDENTIFIER=Intel64 Family 6 Model 142 Stepping 10, GenuineIntel



---------------  S Y S T E M  ---------------

OS: Windows 10 , 64 bit Build 19041 (10.0.19041.1741)
OS uptime: 0 days 5:12 hours

CPU:total 4 (initial active 4) (2 cores per cpu, 2 threads per core) family 6 model 142 stepping 10 microcode 0xb4, cmov, cx8, fxsr, mmx, sse, sse2, sse3, ssse3, sse4.1, sse4.2, popcnt, avx, avx2, aes, clmul, erms, 3dnowpref, lzcnt, ht, tsc, tscinvbit, bmi1, bmi2, adx, fma

Memory: 4k page, system-wide physical 8107M (577M free)
TotalPageFile size 8107M (AvailPageFile size 56M)
current process WorkingSet (physical memory assigned to process): 497M, peak: 498M
current process commit charge ("private bytes"): 548M, peak: 681M

vm_info: OpenJDK 64-Bit Server VM (11.0.15+10) for windows-amd64 JRE (11.0.15+10), built on Apr 21 2022 21:29:46 by "tester" with MS VC++ 15.5 (VS2017)

END.
