#
# There is insufficient memory for the Java Runtime Environment to continue.
# Native memory allocation (malloc) failed to allocate 1414576 bytes for Chunk::new
# Possible reasons:
#   The system is out of physical RAM or swap space
#   The process is running with CompressedOops enabled, and the Java Heap may be blocking the growth of the native heap
# Possible solutions:
#   Reduce memory load on the system
#   Increase physical memory or swap space
#   Check if swap backing store is full
#   Decrease Java heap size (-Xmx/-Xms)
#   Decrease number of Java threads
#   Decrease Java thread stack sizes (-Xss)
#   Set larger code cache with -XX:ReservedCodeCacheSize=
#   JVM is running with Unscaled Compressed Oops mode in which the Java heap is
#     placed in the first 4GB address space. The Java Heap base address is the
#     maximum limit for the native heap growth. Please use -XX:HeapBaseMinAddress
#     to set the Java Heap base and to place the Java Heap above 4GB virtual address.
# This output file may be truncated or incomplete.
#
#  Out of Memory Error (./src/hotspot/share/memory/arena.cpp:197), pid=17148, tid=14748
#
# JRE version: OpenJDK Runtime Environment 18.9 (11.0.15+10) (build 11.0.15+10)
# Java VM: OpenJDK 64-Bit Server VM 18.9 (11.0.15+10, mixed mode, tiered, compressed oops, g1 gc, windows-amd64)
# No core dump will be written. Minidumps are not enabled by default on client versions of Windows
#

---------------  S U M M A R Y ------------

Command Line: -XX:MaxMetaspaceSize=512m --add-opens=java.base/java.util=ALL-UNNAMED --add-opens=java.base/java.lang=ALL-UNNAMED --add-opens=java.base/java.lang.invoke=ALL-UNNAMED --add-opens=java.base/java.util=ALL-UNNAMED --add-opens=java.prefs/java.util.prefs=ALL-UNNAMED --add-opens=java.prefs/java.util.prefs=ALL-UNNAMED --add-opens=java.base/java.nio.charset=ALL-UNNAMED --add-opens=java.base/java.net=ALL-UNNAMED --add-opens=java.base/java.util.concurrent.atomic=ALL-UNNAMED -Xmx2048m -Dfile.encoding=windows-1252 -Duser.country=GB -Duser.language=en -Duser.variant org.gradle.launcher.daemon.bootstrap.GradleDaemon 7.3.3

Host: Intel(R) Core(TM) i3-7020U CPU @ 2.30GHz, 4 cores, 7G,  Windows 10 , 64 bit Build 19041 (10.0.19041.1741)
Time: Sun Jul  3 17:02:32 2022 Romance Summer Time elapsed time: 59.102663 seconds (0d 0h 0m 59s)

---------------  T H R E A D  ---------------

Current thread (0x000001c5ec3be000):  JavaThread "C2 CompilerThread0" daemon [_thread_in_native, id=14748, stack(0x0000004543000000,0x0000004543100000)]


Current CompileTask:
C2:  59102 14661   !   4       com.android.tools.r8.internal.v6::b (116 bytes)

Stack: [0x0000004543000000,0x0000004543100000]
Native frames: (J=compiled Java code, j=interpreted, Vv=VM code, C=native code)
V  [jvm.dll+0x64dd3a]
V  [jvm.dll+0x7906c9]
V  [jvm.dll+0x791d9c]
V  [jvm.dll+0x792463]
V  [jvm.dll+0x265048]
V  [jvm.dll+0xc9da1]
V  [jvm.dll+0xca35c]
V  [jvm.dll+0x37c167]
V  [jvm.dll+0x1b318f]
V  [jvm.dll+0x21e192]
V  [jvm.dll+0x21d25a]
V  [jvm.dll+0x19dd21]
V  [jvm.dll+0x22cc80]
V  [jvm.dll+0x22af81]
V  [jvm.dll+0x75254c]
V  [jvm.dll+0x74b12d]
V  [jvm.dll+0x64c8a6]
C  [ucrtbase.dll+0x21bb2]
C  [KERNEL32.DLL+0x17034]
C  [ntdll.dll+0x52651]


---------------  P R O C E S S  ---------------

Threads class SMR info:
_java_thread_list=0x000001c5f520f940, length=92, elements={
0x000001c5cdb33000, 0x000001c5ec360800, 0x000001c5ec35b800, 0x000001c5ec3b7000,
0x000001c5ec3bb000, 0x000001c5ec3bc000, 0x000001c5ec3be000, 0x000001c5eccc3000,
0x000001c5eccd9000, 0x000001c5ece1f800, 0x000001c5ee1f8000, 0x000001c5edc2b800,
0x000001c5ee091800, 0x000001c5eefea000, 0x000001c5eecdd800, 0x000001c5ee468800,
0x000001c5edda8800, 0x000001c5ee5d1800, 0x000001c5edda9000, 0x000001c5efc8c800,
0x000001c5eed7f800, 0x000001c5eed82000, 0x000001c5eed83000, 0x000001c5eed81800,
0x000001c5eed7f000, 0x000001c5eed84000, 0x000001c5eed7e000, 0x000001c5eed80800,
0x000001c5eed84800, 0x000001c5ef197000, 0x000001c5ef199800, 0x000001c5ef19b000,
0x000001c5ef197800, 0x000001c5ef19d800, 0x000001c5ef19a000, 0x000001c5ef1a1800,
0x000001c5ef1a2800, 0x000001c5ef1a5000, 0x000001c5ef1a0000, 0x000001c5ef19f000,
0x000001c5ef1a3000, 0x000001c5ef1a5800, 0x000001c5ef1a4000, 0x000001c5ef1a0800,
0x000001c5f24dd000, 0x000001c5f24da000, 0x000001c5f24db800, 0x000001c5f24d8800,
0x000001c5f24dc800, 0x000001c5f24db000, 0x000001c5f24d7800, 0x000001c5f24de000,
0x000001c5f24df000, 0x000001c5f24d9000, 0x000001c5f24e5800, 0x000001c5f24e3000,
0x000001c5f24e0800, 0x000001c5f24e3800, 0x000001c5f24df800, 0x000001c5f24e4800,
0x000001c5f24e6000, 0x000001c5f24e1800, 0x000001c5f24e2000, 0x000001c5f29e5800,
0x000001c5f29e3000, 0x000001c5f29e9000, 0x000001c5f29e8000, 0x000001c5f29e9800,
0x000001c5f29e4000, 0x000001c5f29ea800, 0x000001c5f29e6800, 0x000001c5f29e5000,
0x000001c5f29ec000, 0x000001c5f29eb800, 0x000001c5f29ed000, 0x000001c5f29ee800,
0x000001c5f29f1000, 0x000001c5f29ee000, 0x000001c5f29ef800, 0x000001c5f2ae7000,
0x000001c5f2ae8000, 0x000001c5f2ae8800, 0x000001c5f2ae9800, 0x000001c5f2aec000,
0x000001c5f2ae6800, 0x000001c5f2aea800, 0x000001c5f2aed000, 0x000001c5f29f0800,
0x000001c5f29f2000, 0x000001c5f69e7800, 0x000001c5f69e2800, 0x000001c5f8ecf000
}

Java Threads: ( => current thread )
  0x000001c5cdb33000 JavaThread "main" [_thread_blocked, id=13076, stack(0x0000004542400000,0x0000004542500000)]
  0x000001c5ec360800 JavaThread "Reference Handler" daemon [_thread_blocked, id=17188, stack(0x0000004542b00000,0x0000004542c00000)]
  0x000001c5ec35b800 JavaThread "Finalizer" daemon [_thread_blocked, id=8852, stack(0x0000004542c00000,0x0000004542d00000)]
  0x000001c5ec3b7000 JavaThread "Signal Dispatcher" daemon [_thread_blocked, id=14384, stack(0x0000004542d00000,0x0000004542e00000)]
  0x000001c5ec3bb000 JavaThread "Attach Listener" daemon [_thread_blocked, id=10340, stack(0x0000004542e00000,0x0000004542f00000)]
  0x000001c5ec3bc000 JavaThread "Service Thread" daemon [_thread_blocked, id=5720, stack(0x0000004542f00000,0x0000004543000000)]
=>0x000001c5ec3be000 JavaThread "C2 CompilerThread0" daemon [_thread_in_native, id=14748, stack(0x0000004543000000,0x0000004543100000)]
  0x000001c5eccc3000 JavaThread "C1 CompilerThread0" daemon [_thread_blocked, id=11596, stack(0x0000004543100000,0x0000004543200000)]
  0x000001c5eccd9000 JavaThread "Sweeper thread" daemon [_thread_blocked, id=3976, stack(0x0000004543200000,0x0000004543300000)]
  0x000001c5ece1f800 JavaThread "Common-Cleaner" daemon [_thread_blocked, id=5660, stack(0x0000004543300000,0x0000004543400000)]
  0x000001c5ee1f8000 JavaThread "Daemon health stats" [_thread_blocked, id=5608, stack(0x0000004543800000,0x0000004543900000)]
  0x000001c5edc2b800 JavaThread "Incoming local TCP Connector on port 50501" [_thread_in_native, id=17484, stack(0x0000004543700000,0x0000004543800000)]
  0x000001c5ee091800 JavaThread "Daemon periodic checks" [_thread_blocked, id=2740, stack(0x0000004543900000,0x0000004543a00000)]
  0x000001c5eefea000 JavaThread "Daemon" [_thread_blocked, id=2840, stack(0x0000004543a00000,0x0000004543b00000)]
  0x000001c5eecdd800 JavaThread "Handler for socket connection from /127.0.0.1:50501 to /127.0.0.1:50502" [_thread_in_native, id=13440, stack(0x0000004543b00000,0x0000004543c00000)]
  0x000001c5ee468800 JavaThread "Cancel handler" [_thread_blocked, id=3468, stack(0x0000004543c00000,0x0000004543d00000)]
  0x000001c5edda8800 JavaThread "Daemon worker" [_thread_blocked, id=7192, stack(0x0000004543d00000,0x0000004543e00000)]
  0x000001c5ee5d1800 JavaThread "Asynchronous log dispatcher for DefaultDaemonConnection: socket connection from /127.0.0.1:50501 to /127.0.0.1:50502" [_thread_blocked, id=10812, stack(0x0000004543e00000,0x0000004543f00000)]
  0x000001c5edda9000 JavaThread "Stdin handler" [_thread_blocked, id=9580, stack(0x0000004543f00000,0x0000004544000000)]
  0x000001c5efc8c800 JavaThread "Daemon client event forwarder" [_thread_blocked, id=16908, stack(0x0000004544000000,0x0000004544100000)]
  0x000001c5eed7f800 JavaThread "Cache worker for journal cache (C:\Users\Tom\.gradle\caches\journal-1)" [_thread_blocked, id=16548, stack(0x0000004544200000,0x0000004544300000)]
  0x000001c5eed82000 JavaThread "File lock request listener" [_thread_in_native, id=10800, stack(0x0000004544300000,0x0000004544400000)]
  0x000001c5eed83000 JavaThread "Cache worker for file hash cache (C:\Users\Tom\.gradle\caches\7.3.3\fileHashes)" [_thread_blocked, id=14020, stack(0x0000004544400000,0x0000004544500000)]
  0x000001c5eed81800 JavaThread "Cache worker for file hash cache (C:\Users\Tom\Documents\Programmation\React Native\projectRNcli\android\.gradle\7.3.3\fileHashes)" [_thread_blocked, id=12268, stack(0x0000004544600000,0x0000004544700000)]
  0x000001c5eed7f000 JavaThread "File watcher server" daemon [_thread_in_native, id=7116, stack(0x0000004544700000,0x0000004544800000)]
  0x000001c5eed84000 JavaThread "File watcher consumer" daemon [_thread_blocked, id=12356, stack(0x0000004544800000,0x0000004544900000)]
  0x000001c5eed7e000 JavaThread "Cache worker for checksums cache (C:\Users\Tom\Documents\Programmation\React Native\projectRNcli\android\.gradle\7.3.3\checksums)" [_thread_blocked, id=8128, stack(0x0000004544500000,0x0000004544600000)]
  0x000001c5eed80800 JavaThread "Cache worker for cache directory md-supplier (C:\Users\Tom\.gradle\caches\7.3.3\md-supplier)" [_thread_blocked, id=4960, stack(0x0000004544900000,0x0000004544a00000)]
  0x000001c5eed84800 JavaThread "Cache worker for cache directory md-rule (C:\Users\Tom\.gradle\caches\7.3.3\md-rule)" [_thread_blocked, id=17748, stack(0x0000004544a00000,0x0000004544b00000)]
  0x000001c5ef197000 JavaThread "Cache worker for execution history cache (C:\Users\Tom\.gradle\caches\7.3.3\executionHistory)" [_thread_blocked, id=17164, stack(0x0000004544c00000,0x0000004544d00000)]
  0x000001c5ef199800 JavaThread "jar transforms" [_thread_blocked, id=5092, stack(0x0000004544d00000,0x0000004544e00000)]
  0x000001c5ef19b000 JavaThread "jar transforms Thread 2" [_thread_blocked, id=13848, stack(0x0000004544e00000,0x0000004544f00000)]
  0x000001c5ef197800 JavaThread "Cache worker for file content cache (C:\Users\Tom\.gradle\caches\7.3.3\fileContent)" [_thread_blocked, id=17248, stack(0x0000004544f00000,0x0000004545000000)]
  0x000001c5ef19d800 JavaThread "jar transforms Thread 3" [_thread_blocked, id=18176, stack(0x0000004545000000,0x0000004545100000)]
  0x000001c5ef19a000 JavaThread "jar transforms Thread 4" [_thread_blocked, id=14872, stack(0x0000004545100000,0x0000004545200000)]
  0x000001c5ef1a1800 JavaThread "Cache worker for kotlin-dsl (C:\Users\Tom\.gradle\caches\7.3.3\kotlin-dsl)" [_thread_blocked, id=13852, stack(0x0000004545200000,0x0000004545300000)]
  0x000001c5ef1a2800 JavaThread "Cache worker for dependencies-accessors (C:\Users\Tom\Documents\Programmation\React Native\projectRNcli\android\.gradle\7.3.3\dependencies-accessors)" [_thread_blocked, id=7720, stack(0x0000004545300000,0x0000004545400000)]
  0x000001c5ef1a5000 JavaThread "Cache worker for Build Output Cleanup Cache (C:\Users\Tom\Documents\Programmation\React Native\projectRNcli\node_modules\react-native-gradle-plugin\.gradle\buildOutputCleanup)" [_thread_blocked, id=15040, stack(0x0000004545400000,0x0000004545500000)]
  0x000001c5ef1a0000 JavaThread "Unconstrained build operations" [_thread_blocked, id=14852, stack(0x0000004545500000,0x0000004545600000)]
  0x000001c5ef19f000 JavaThread "Unconstrained build operations Thread 2" [_thread_blocked, id=13784, stack(0x0000004545600000,0x0000004545700000)]
  0x000001c5ef1a3000 JavaThread "Unconstrained build operations Thread 3" [_thread_blocked, id=4232, stack(0x0000004545700000,0x0000004545800000)]
  0x000001c5ef1a5800 JavaThread "Unconstrained build operations Thread 4" [_thread_blocked, id=12172, stack(0x0000004545800000,0x0000004545900000)]
  0x000001c5ef1a4000 JavaThread "Unconstrained build operations Thread 5" [_thread_blocked, id=14332, stack(0x0000004545900000,0x0000004545a00000)]
  0x000001c5ef1a0800 JavaThread "Unconstrained build operations Thread 6" [_thread_blocked, id=3660, stack(0x0000004545a00000,0x0000004545b00000)]
  0x000001c5f24dd000 JavaThread "Unconstrained build operations Thread 7" [_thread_in_Java, id=18012, stack(0x0000004545b00000,0x0000004545c00000)]
  0x000001c5f24da000 JavaThread "Unconstrained build operations Thread 8" [_thread_blocked, id=12212, stack(0x0000004545c00000,0x0000004545d00000)]
  0x000001c5f24db800 JavaThread "Unconstrained build operations Thread 9" [_thread_blocked, id=15848, stack(0x0000004545d00000,0x0000004545e00000)]
  0x000001c5f24d8800 JavaThread "Unconstrained build operations Thread 10" [_thread_blocked, id=7796, stack(0x0000004545e00000,0x0000004545f00000)]
  0x000001c5f24dc800 JavaThread "Unconstrained build operations Thread 11" [_thread_blocked, id=4632, stack(0x0000004545f00000,0x0000004546000000)]
  0x000001c5f24db000 JavaThread "Unconstrained build operations Thread 12" [_thread_in_native, id=2724, stack(0x0000004546000000,0x0000004546100000)]
  0x000001c5f24d7800 JavaThread "Unconstrained build operations Thread 13" [_thread_blocked, id=12304, stack(0x0000004546100000,0x0000004546200000)]
  0x000001c5f24de000 JavaThread "Unconstrained build operations Thread 14" [_thread_blocked, id=14676, stack(0x0000004546200000,0x0000004546300000)]
  0x000001c5f24df000 JavaThread "Unconstrained build operations Thread 15" [_thread_blocked, id=13768, stack(0x0000004546300000,0x0000004546400000)]
  0x000001c5f24d9000 JavaThread "Unconstrained build operations Thread 16" [_thread_blocked, id=2960, stack(0x0000004546400000,0x0000004546500000)]
  0x000001c5f24e5800 JavaThread "Unconstrained build operations Thread 17" [_thread_blocked, id=13712, stack(0x0000004546500000,0x0000004546600000)]
  0x000001c5f24e3000 JavaThread "Unconstrained build operations Thread 18" [_thread_blocked, id=14724, stack(0x0000004546600000,0x0000004546700000)]
  0x000001c5f24e0800 JavaThread "Unconstrained build operations Thread 19" [_thread_in_Java, id=8728, stack(0x0000004546700000,0x0000004546800000)]
  0x000001c5f24e3800 JavaThread "Unconstrained build operations Thread 20" [_thread_blocked, id=4568, stack(0x0000004546800000,0x0000004546900000)]
  0x000001c5f24df800 JavaThread "Unconstrained build operations Thread 21" [_thread_blocked, id=17084, stack(0x0000004546900000,0x0000004546a00000)]
  0x000001c5f24e4800 JavaThread "Unconstrained build operations Thread 22" [_thread_blocked, id=11456, stack(0x0000004546a00000,0x0000004546b00000)]
  0x000001c5f24e6000 JavaThread "Unconstrained build operations Thread 23" [_thread_blocked, id=8636, stack(0x0000004546b00000,0x0000004546c00000)]
  0x000001c5f24e1800 JavaThread "Unconstrained build operations Thread 24" [_thread_blocked, id=12364, stack(0x0000004546c00000,0x0000004546d00000)]
  0x000001c5f24e2000 JavaThread "Unconstrained build operations Thread 25" [_thread_blocked, id=14840, stack(0x0000004546d00000,0x0000004546e00000)]
  0x000001c5f29e5800 JavaThread "Unconstrained build operations Thread 26" [_thread_blocked, id=11308, stack(0x0000004546e00000,0x0000004546f00000)]
  0x000001c5f29e3000 JavaThread "Unconstrained build operations Thread 27" [_thread_blocked, id=12120, stack(0x0000004546f00000,0x0000004547000000)]
  0x000001c5f29e9000 JavaThread "Unconstrained build operations Thread 28" [_thread_blocked, id=3808, stack(0x0000004547000000,0x0000004547100000)]
  0x000001c5f29e8000 JavaThread "Unconstrained build operations Thread 29" [_thread_blocked, id=15148, stack(0x0000004547100000,0x0000004547200000)]
  0x000001c5f29e9800 JavaThread "Unconstrained build operations Thread 30" [_thread_blocked, id=17608, stack(0x0000004547200000,0x0000004547300000)]
  0x000001c5f29e4000 JavaThread "Unconstrained build operations Thread 31" [_thread_blocked, id=6384, stack(0x0000004547300000,0x0000004547400000)]
  0x000001c5f29ea800 JavaThread "Unconstrained build operations Thread 32" [_thread_blocked, id=7456, stack(0x0000004547400000,0x0000004547500000)]
  0x000001c5f29e6800 JavaThread "Unconstrained build operations Thread 33" [_thread_blocked, id=15924, stack(0x0000004547500000,0x0000004547600000)]
  0x000001c5f29e5000 JavaThread "build event listener" [_thread_blocked, id=5144, stack(0x0000004544b00000,0x0000004544c00000)]
  0x000001c5f29ec000 JavaThread "Memory manager" [_thread_blocked, id=488, stack(0x0000004547700000,0x0000004547800000)]
  0x000001c5f29eb800 JavaThread "Cache worker for Build Output Cleanup Cache (C:\Users\Tom\Documents\Programmation\React Native\projectRNcli\android\.gradle\buildOutputCleanup)" [_thread_blocked, id=640, stack(0x0000004547800000,0x0000004547900000)]
  0x000001c5f29ed000 JavaThread "included builds" [_thread_blocked, id=6628, stack(0x0000004547900000,0x0000004547a00000)]
  0x000001c5f29ee800 JavaThread "Cache worker for execution history cache (C:\Users\Tom\Documents\Programmation\React Native\projectRNcli\node_modules\react-native-gradle-plugin\.gradle\7.3.3\executionHistory)" [_thread_blocked, id=14856, stack(0x0000004547d00000,0x0000004547e00000)]
  0x000001c5f29f1000 JavaThread "Unconstrained build operations Thread 34" [_thread_blocked, id=6680, stack(0x0000004547e00000,0x0000004547f00000)]
  0x000001c5f29ee000 JavaThread "Unconstrained build operations Thread 35" [_thread_blocked, id=2816, stack(0x0000004547f00000,0x0000004548000000)]
  0x000001c5f29ef800 JavaThread "Unconstrained build operations Thread 36" [_thread_blocked, id=16352, stack(0x0000004548000000,0x0000004548100000)]
  0x000001c5f2ae7000 JavaThread "Unconstrained build operations Thread 37" [_thread_blocked, id=15316, stack(0x0000004548100000,0x0000004548200000)]
  0x000001c5f2ae8000 JavaThread "Unconstrained build operations Thread 38" [_thread_blocked, id=10632, stack(0x0000004548200000,0x0000004548300000)]
  0x000001c5f2ae8800 JavaThread "Unconstrained build operations Thread 39" [_thread_blocked, id=15504, stack(0x0000004548300000,0x0000004548400000)]
  0x000001c5f2ae9800 JavaThread "Unconstrained build operations Thread 40" [_thread_blocked, id=3720, stack(0x0000004548400000,0x0000004548500000)]
  0x000001c5f2aec000 JavaThread "Execution worker for ':'" [_thread_blocked, id=276, stack(0x0000004547c00000,0x0000004547d00000)]
  0x000001c5f2ae6800 JavaThread "Execution worker for ':' Thread 2" [_thread_blocked, id=6604, stack(0x0000004548500000,0x0000004548600000)]
  0x000001c5f2aea800 JavaThread "Execution worker for ':' Thread 3" [_thread_blocked, id=13592, stack(0x0000004548600000,0x0000004548700000)]
  0x000001c5f2aed000 JavaThread "Cache worker for execution history cache (C:\Users\Tom\Documents\Programmation\React Native\projectRNcli\android\.gradle\7.3.3\executionHistory)" [_thread_blocked, id=17048, stack(0x0000004548700000,0x0000004548800000)]
  0x000001c5f29f0800 JavaThread "WorkerExecutor Queue" [_thread_blocked, id=8148, stack(0x0000004548800000,0x0000004548900000)]
  0x000001c5f29f2000 JavaThread "pool-3-thread-1" [_thread_blocked, id=12564, stack(0x0000004548900000,0x0000004548a00000)]
  0x000001c5f69e7800 JavaThread "stderr" [_thread_in_native, id=17316, stack(0x0000004548a00000,0x0000004548b00000)]
  0x000001c5f69e2800 JavaThread "stdout" [_thread_in_native, id=12864, stack(0x0000004548b00000,0x0000004548c00000)]
  0x000001c5f8ecf000 JavaThread "C2 CompilerThread1" daemon [_thread_in_native, id=13256, stack(0x0000004547600000,0x0000004547700000)]

Other Threads:
  0x000001c5ec34c000 VMThread "VM Thread" [stack: 0x0000004542a00000,0x0000004542b00000] [id=8388]
  0x000001c5ece65000 WatcherThread [stack: 0x0000004543400000,0x0000004543500000] [id=18064]
  0x000001c5cdb4b800 GCTaskThread "GC Thread#0" [stack: 0x0000004542500000,0x0000004542600000] [id=7828]
  0x000001c5ed042000 GCTaskThread "GC Thread#1" [stack: 0x0000004543500000,0x0000004543600000] [id=15420]
  0x000001c5ecfd5800 GCTaskThread "GC Thread#2" [stack: 0x0000004543600000,0x0000004543700000] [id=1280]
  0x000001c5ee108000 GCTaskThread "GC Thread#3" [stack: 0x0000004544100000,0x0000004544200000] [id=8308]
  0x000001c5cdb7d800 ConcurrentGCThread "G1 Main Marker" [stack: 0x0000004542600000,0x0000004542700000] [id=4844]
  0x000001c5cdb7f000 ConcurrentGCThread "G1 Conc#0" [stack: 0x0000004542700000,0x0000004542800000] [id=13788]
  0x000001c5cdc0d800 ConcurrentGCThread "G1 Refine#0" [stack: 0x0000004542800000,0x0000004542900000] [id=18088]
  0x000001c5ec1c0800 ConcurrentGCThread "G1 Young RemSet Sampling" [stack: 0x0000004542900000,0x0000004542a00000] [id=14812]

Threads with active compile tasks:
C2 CompilerThread0    59272 14661   !   4       com.android.tools.r8.internal.v6::b (116 bytes)
C2 CompilerThread1    59272 14937       4       com.android.tools.r8.internal.U6::a (4191 bytes)

VM state:not at safepoint (normal execution)

VM Mutex/Monitor currently owned by a thread: None

Heap address: 0x0000000080000000, size: 2048 MB, Compressed Oops mode: 32-bit
Narrow klass base: 0x0000000000000000, Narrow klass shift: 3
Compressed class space size: 528482304 Address: 0x0000000100000000

Heap:
 garbage-first heap   total 248832K, used 176652K [0x0000000080000000, 0x0000000100000000)
  region size 1024K, 35 young (35840K), 4 survivors (4096K)
 Metaspace       used 109658K, capacity 112797K, committed 113104K, reserved 614400K
  class space    used 14164K, capacity 15413K, committed 15488K, reserved 516096K
Heap Regions: E=young(eden), S=young(survivor), O=old, HS=humongous(starts), HC=humongous(continues), CS=collection set, F=free, A=archive, TAMS=top-at-mark-start (previous, next)
|   0|0x0000000080000000, 0x0000000080100000, 0x0000000080100000|100%| O|  |TAMS 0x0000000080100000, 0x0000000080000000| Updating 
|   1|0x0000000080100000, 0x0000000080200000, 0x0000000080200000|100%| O|  |TAMS 0x0000000080200000, 0x0000000080100000| Updating 
|   2|0x0000000080200000, 0x0000000080300000, 0x0000000080300000|100%| O|  |TAMS 0x0000000080300000, 0x0000000080200000| Updating 
|   3|0x0000000080300000, 0x0000000080400000, 0x0000000080400000|100%|HS|  |TAMS 0x0000000080400000, 0x0000000080300000| Complete 
|   4|0x0000000080400000, 0x0000000080500000, 0x0000000080500000|100%|HC|  |TAMS 0x0000000080500000, 0x0000000080400000| Complete 
|   5|0x0000000080500000, 0x0000000080600000, 0x0000000080600000|100%|HC|  |TAMS 0x0000000080600000, 0x0000000080500000| Complete 
|   6|0x0000000080600000, 0x0000000080700000, 0x0000000080700000|100%| O|  |TAMS 0x0000000080700000, 0x0000000080600000| Updating 
|   7|0x0000000080700000, 0x0000000080800000, 0x0000000080800000|100%| O|  |TAMS 0x0000000080800000, 0x0000000080700000| Updating 
|   8|0x0000000080800000, 0x0000000080900000, 0x0000000080900000|100%| O|  |TAMS 0x0000000080900000, 0x0000000080800000| Updating 
|   9|0x0000000080900000, 0x0000000080a00000, 0x0000000080a00000|100%| O|  |TAMS 0x0000000080a00000, 0x0000000080900000| Updating 
|  10|0x0000000080a00000, 0x0000000080b00000, 0x0000000080b00000|100%| O|  |TAMS 0x0000000080b00000, 0x0000000080a00000| Updating 
|  11|0x0000000080b00000, 0x0000000080c00000, 0x0000000080c00000|100%| O|  |TAMS 0x0000000080c00000, 0x0000000080b00000| Updating 
|  12|0x0000000080c00000, 0x0000000080d00000, 0x0000000080d00000|100%| O|  |TAMS 0x0000000080d00000, 0x0000000080c00000| Updating 
|  13|0x0000000080d00000, 0x0000000080e00000, 0x0000000080e00000|100%| O|  |TAMS 0x0000000080e00000, 0x0000000080d00000| Updating 
|  14|0x0000000080e00000, 0x0000000080f00000, 0x0000000080f00000|100%| O|  |TAMS 0x0000000080f00000, 0x0000000080e00000| Updating 
|  15|0x0000000080f00000, 0x0000000081000000, 0x0000000081000000|100%| O|  |TAMS 0x0000000081000000, 0x0000000080f00000| Updating 
|  16|0x0000000081000000, 0x0000000081100000, 0x0000000081100000|100%| O|  |TAMS 0x0000000081100000, 0x0000000081000000| Updating 
|  17|0x0000000081100000, 0x0000000081200000, 0x0000000081200000|100%|HS|  |TAMS 0x0000000081200000, 0x0000000081100000| Complete 
|  18|0x0000000081200000, 0x0000000081300000, 0x0000000081300000|100%| O|  |TAMS 0x0000000081300000, 0x0000000081200000| Updating 
|  19|0x0000000081300000, 0x0000000081400000, 0x0000000081400000|100%| O|  |TAMS 0x0000000081400000, 0x0000000081300000| Updating 
|  20|0x0000000081400000, 0x0000000081500000, 0x0000000081500000|100%| O|  |TAMS 0x0000000081500000, 0x0000000081400000| Updating 
|  21|0x0000000081500000, 0x0000000081600000, 0x0000000081600000|100%| O|  |TAMS 0x0000000081600000, 0x0000000081500000| Updating 
|  22|0x0000000081600000, 0x0000000081700000, 0x0000000081700000|100%| O|  |TAMS 0x0000000081700000, 0x0000000081600000| Updating 
|  23|0x0000000081700000, 0x0000000081800000, 0x0000000081800000|100%| O|  |TAMS 0x0000000081800000, 0x0000000081700000| Updating 
|  24|0x0000000081800000, 0x0000000081900000, 0x0000000081900000|100%|HS|  |TAMS 0x0000000081900000, 0x0000000081800000| Complete 
|  25|0x0000000081900000, 0x0000000081a00000, 0x0000000081a00000|100%|HC|  |TAMS 0x0000000081a00000, 0x0000000081900000| Complete 
|  26|0x0000000081a00000, 0x0000000081b00000, 0x0000000081b00000|100%|HC|  |TAMS 0x0000000081b00000, 0x0000000081a00000| Complete 
|  27|0x0000000081b00000, 0x0000000081c00000, 0x0000000081c00000|100%| O|  |TAMS 0x0000000081c00000, 0x0000000081b00000| Updating 
|  28|0x0000000081c00000, 0x0000000081d00000, 0x0000000081d00000|100%| O|  |TAMS 0x0000000081d00000, 0x0000000081c00000| Updating 
|  29|0x0000000081d00000, 0x0000000081e00000, 0x0000000081e00000|100%| O|  |TAMS 0x0000000081e00000, 0x0000000081d00000| Updating 
|  30|0x0000000081e00000, 0x0000000081f00000, 0x0000000081f00000|100%| O|  |TAMS 0x0000000081f00000, 0x0000000081e00000| Updating 
|  31|0x0000000081f00000, 0x0000000082000000, 0x0000000082000000|100%| O|  |TAMS 0x0000000082000000, 0x0000000081f00000| Updating 
|  32|0x0000000082000000, 0x0000000082100000, 0x0000000082100000|100%| O|  |TAMS 0x0000000082100000, 0x0000000082000000| Updating 
|  33|0x0000000082100000, 0x0000000082200000, 0x0000000082200000|100%| O|  |TAMS 0x0000000082200000, 0x0000000082100000| Updating 
|  34|0x0000000082200000, 0x0000000082300000, 0x0000000082300000|100%| O|  |TAMS 0x0000000082300000, 0x0000000082200000| Updating 
|  35|0x0000000082300000, 0x0000000082400000, 0x0000000082400000|100%| O|  |TAMS 0x0000000082400000, 0x0000000082300000| Updating 
|  36|0x0000000082400000, 0x0000000082500000, 0x0000000082500000|100%| O|  |TAMS 0x0000000082500000, 0x0000000082400000| Updating 
|  37|0x0000000082500000, 0x0000000082600000, 0x0000000082600000|100%| O|  |TAMS 0x0000000082600000, 0x0000000082500000| Updating 
|  38|0x0000000082600000, 0x0000000082700000, 0x0000000082700000|100%| O|  |TAMS 0x0000000082700000, 0x0000000082600000| Updating 
|  39|0x0000000082700000, 0x0000000082800000, 0x0000000082800000|100%| O|  |TAMS 0x0000000082800000, 0x0000000082700000| Updating 
|  40|0x0000000082800000, 0x0000000082900000, 0x0000000082900000|100%| O|  |TAMS 0x0000000082900000, 0x0000000082800000| Updating 
|  41|0x0000000082900000, 0x0000000082a00000, 0x0000000082a00000|100%|HS|  |TAMS 0x0000000082a00000, 0x0000000082900000| Complete 
|  42|0x0000000082a00000, 0x0000000082b00000, 0x0000000082b00000|100%|HS|  |TAMS 0x0000000082b00000, 0x0000000082a00000| Complete 
|  43|0x0000000082b00000, 0x0000000082c00000, 0x0000000082c00000|100%|HS|  |TAMS 0x0000000082c00000, 0x0000000082b00000| Complete 
|  44|0x0000000082c00000, 0x0000000082d00000, 0x0000000082d00000|100%|HC|  |TAMS 0x0000000082d00000, 0x0000000082c00000| Complete 
|  45|0x0000000082d00000, 0x0000000082e00000, 0x0000000082e00000|100%| O|  |TAMS 0x0000000082e00000, 0x0000000082d00000| Updating 
|  46|0x0000000082e00000, 0x0000000082f00000, 0x0000000082f00000|100%| O|  |TAMS 0x0000000082f00000, 0x0000000082e00000| Updating 
|  47|0x0000000082f00000, 0x0000000083000000, 0x0000000083000000|100%| O|  |TAMS 0x0000000083000000, 0x0000000082f00000| Updating 
|  48|0x0000000083000000, 0x0000000083100000, 0x0000000083100000|100%| O|  |TAMS 0x0000000083100000, 0x0000000083000000| Updating 
|  49|0x0000000083100000, 0x0000000083200000, 0x0000000083200000|100%| O|  |TAMS 0x0000000083200000, 0x0000000083100000| Updating 
|  50|0x0000000083200000, 0x0000000083300000, 0x0000000083300000|100%| O|  |TAMS 0x0000000083300000, 0x0000000083200000| Updating 
|  51|0x0000000083300000, 0x0000000083400000, 0x0000000083400000|100%| O|  |TAMS 0x0000000083400000, 0x0000000083300000| Updating 
|  52|0x0000000083400000, 0x0000000083500000, 0x0000000083500000|100%| O|  |TAMS 0x0000000083500000, 0x0000000083400000| Updating 
|  53|0x0000000083500000, 0x0000000083600000, 0x0000000083600000|100%| O|  |TAMS 0x0000000083600000, 0x0000000083500000| Updating 
|  54|0x0000000083600000, 0x0000000083700000, 0x0000000083700000|100%| O|  |TAMS 0x0000000083700000, 0x0000000083600000| Updating 
|  55|0x0000000083700000, 0x0000000083800000, 0x0000000083800000|100%| O|  |TAMS 0x0000000083800000, 0x0000000083700000| Updating 
|  56|0x0000000083800000, 0x0000000083900000, 0x0000000083900000|100%| O|  |TAMS 0x0000000083900000, 0x0000000083800000| Updating 
|  57|0x0000000083900000, 0x0000000083a00000, 0x0000000083a00000|100%| O|  |TAMS 0x0000000083a00000, 0x0000000083900000| Updating 
|  58|0x0000000083a00000, 0x0000000083b00000, 0x0000000083b00000|100%| O|  |TAMS 0x0000000083b00000, 0x0000000083a00000| Updating 
|  59|0x0000000083b00000, 0x0000000083c00000, 0x0000000083c00000|100%| O|  |TAMS 0x0000000083c00000, 0x0000000083b00000| Updating 
|  60|0x0000000083c00000, 0x0000000083d00000, 0x0000000083d00000|100%| O|  |TAMS 0x0000000083d00000, 0x0000000083c00000| Updating 
|  61|0x0000000083d00000, 0x0000000083e00000, 0x0000000083e00000|100%| O|  |TAMS 0x0000000083e00000, 0x0000000083d00000| Updating 
|  62|0x0000000083e00000, 0x0000000083f00000, 0x0000000083f00000|100%| O|  |TAMS 0x0000000083f00000, 0x0000000083e00000| Updating 
|  63|0x0000000083f00000, 0x0000000084000000, 0x0000000084000000|100%| O|  |TAMS 0x0000000084000000, 0x0000000083f00000| Updating 
|  64|0x0000000084000000, 0x0000000084100000, 0x0000000084100000|100%| O|  |TAMS 0x0000000084100000, 0x0000000084000000| Updating 
|  65|0x0000000084100000, 0x0000000084200000, 0x0000000084200000|100%| O|  |TAMS 0x0000000084200000, 0x0000000084100000| Updating 
|  66|0x0000000084200000, 0x0000000084300000, 0x0000000084300000|100%| O|  |TAMS 0x0000000084300000, 0x0000000084200000| Updating 
|  67|0x0000000084300000, 0x0000000084400000, 0x0000000084400000|100%| O|  |TAMS 0x0000000084400000, 0x0000000084300000| Updating 
|  68|0x0000000084400000, 0x0000000084500000, 0x0000000084500000|100%| O|  |TAMS 0x0000000084500000, 0x0000000084400000| Updating 
|  69|0x0000000084500000, 0x0000000084600000, 0x0000000084600000|100%| O|  |TAMS 0x0000000084600000, 0x0000000084500000| Updating 
|  70|0x0000000084600000, 0x0000000084700000, 0x0000000084700000|100%| O|  |TAMS 0x0000000084700000, 0x0000000084600000| Updating 
|  71|0x0000000084700000, 0x0000000084800000, 0x0000000084800000|100%| O|  |TAMS 0x0000000084800000, 0x0000000084700000| Updating 
|  72|0x0000000084800000, 0x0000000084900000, 0x0000000084900000|100%| O|  |TAMS 0x0000000084900000, 0x0000000084800000| Updating 
|  73|0x0000000084900000, 0x0000000084a00000, 0x0000000084a00000|100%| O|  |TAMS 0x0000000084a00000, 0x0000000084900000| Updating 
|  74|0x0000000084a00000, 0x0000000084b00000, 0x0000000084b00000|100%| O|  |TAMS 0x0000000084b00000, 0x0000000084a00000| Updating 
|  75|0x0000000084b00000, 0x0000000084c00000, 0x0000000084c00000|100%| O|  |TAMS 0x0000000084c00000, 0x0000000084b00000| Updating 
|  76|0x0000000084c00000, 0x0000000084d00000, 0x0000000084d00000|100%| O|  |TAMS 0x0000000084d00000, 0x0000000084c00000| Updating 
|  77|0x0000000084d00000, 0x0000000084e00000, 0x0000000084e00000|100%| O|  |TAMS 0x0000000084e00000, 0x0000000084d00000| Updating 
|  78|0x0000000084e00000, 0x0000000084f00000, 0x0000000084f00000|100%| O|  |TAMS 0x0000000084f00000, 0x0000000084e00000| Updating 
|  79|0x0000000084f00000, 0x0000000085000000, 0x0000000085000000|100%| O|  |TAMS 0x0000000085000000, 0x0000000084f00000| Updating 
|  80|0x0000000085000000, 0x0000000085100000, 0x0000000085100000|100%| O|  |TAMS 0x0000000085100000, 0x0000000085000000| Updating 
|  81|0x0000000085100000, 0x0000000085200000, 0x0000000085200000|100%| O|  |TAMS 0x0000000085200000, 0x0000000085100000| Updating 
|  82|0x0000000085200000, 0x0000000085300000, 0x0000000085300000|100%| O|  |TAMS 0x0000000085300000, 0x0000000085200000| Updating 
|  83|0x0000000085300000, 0x0000000085400000, 0x0000000085400000|100%| O|  |TAMS 0x0000000085400000, 0x0000000085300000| Updating 
|  84|0x0000000085400000, 0x0000000085500000, 0x0000000085500000|100%| O|  |TAMS 0x0000000085500000, 0x0000000085400000| Updating 
|  85|0x0000000085500000, 0x0000000085600000, 0x0000000085600000|100%| O|  |TAMS 0x0000000085600000, 0x0000000085500000| Updating 
|  86|0x0000000085600000, 0x0000000085700000, 0x0000000085700000|100%| O|  |TAMS 0x0000000085700000, 0x0000000085600000| Updating 
|  87|0x0000000085700000, 0x0000000085800000, 0x0000000085800000|100%| O|  |TAMS 0x0000000085800000, 0x0000000085700000| Updating 
|  88|0x0000000085800000, 0x0000000085900000, 0x0000000085900000|100%| O|  |TAMS 0x0000000085900000, 0x0000000085800000| Updating 
|  89|0x0000000085900000, 0x0000000085a00000, 0x0000000085a00000|100%| O|  |TAMS 0x0000000085a00000, 0x0000000085900000| Updating 
|  90|0x0000000085a00000, 0x0000000085b00000, 0x0000000085b00000|100%| O|  |TAMS 0x0000000085b00000, 0x0000000085a00000| Updating 
|  91|0x0000000085b00000, 0x0000000085c00000, 0x0000000085c00000|100%| O|  |TAMS 0x0000000085c00000, 0x0000000085b00000| Updating 
|  92|0x0000000085c00000, 0x0000000085d00000, 0x0000000085d00000|100%| O|  |TAMS 0x0000000085d00000, 0x0000000085c00000| Updating 
|  93|0x0000000085d00000, 0x0000000085e00000, 0x0000000085e00000|100%| O|  |TAMS 0x0000000085e00000, 0x0000000085d00000| Updating 
|  94|0x0000000085e00000, 0x0000000085f00000, 0x0000000085f00000|100%| O|  |TAMS 0x0000000085f00000, 0x0000000085e00000| Updating 
|  95|0x0000000085f00000, 0x0000000086000000, 0x0000000086000000|100%| O|  |TAMS 0x0000000086000000, 0x0000000085f00000| Updating 
|  96|0x0000000086000000, 0x0000000086100000, 0x0000000086100000|100%|HS|  |TAMS 0x0000000086100000, 0x0000000086000000| Complete 
|  97|0x0000000086100000, 0x0000000086200000, 0x0000000086200000|100%|HC|  |TAMS 0x0000000086200000, 0x0000000086100000| Complete 
|  98|0x0000000086200000, 0x0000000086300000, 0x0000000086300000|100%| O|  |TAMS 0x0000000086300000, 0x0000000086200000| Updating 
|  99|0x0000000086300000, 0x0000000086400000, 0x0000000086400000|100%| O|  |TAMS 0x0000000086400000, 0x0000000086300000| Updating 
| 100|0x0000000086400000, 0x0000000086500000, 0x0000000086500000|100%| O|  |TAMS 0x0000000086500000, 0x0000000086400000| Updating 
| 101|0x0000000086500000, 0x0000000086600000, 0x0000000086600000|100%| O|  |TAMS 0x0000000086600000, 0x0000000086500000| Updating 
| 102|0x0000000086600000, 0x0000000086700000, 0x0000000086700000|100%| O|  |TAMS 0x0000000086700000, 0x0000000086600000| Updating 
| 103|0x0000000086700000, 0x0000000086800000, 0x0000000086800000|100%| O|  |TAMS 0x0000000086800000, 0x0000000086700000| Updating 
| 104|0x0000000086800000, 0x0000000086900000, 0x0000000086900000|100%| O|  |TAMS 0x0000000086900000, 0x0000000086800000| Updating 
| 105|0x0000000086900000, 0x0000000086a00000, 0x0000000086a00000|100%| O|  |TAMS 0x0000000086a00000, 0x0000000086900000| Updating 
| 106|0x0000000086a00000, 0x0000000086b00000, 0x0000000086b00000|100%| O|  |TAMS 0x0000000086b00000, 0x0000000086a00000| Updating 
| 107|0x0000000086b00000, 0x0000000086c00000, 0x0000000086c00000|100%| O|  |TAMS 0x0000000086c00000, 0x0000000086b00000| Updating 
| 108|0x0000000086c00000, 0x0000000086d00000, 0x0000000086d00000|100%| O|  |TAMS 0x0000000086d00000, 0x0000000086c00000| Updating 
| 109|0x0000000086d00000, 0x0000000086e00000, 0x0000000086e00000|100%| O|  |TAMS 0x0000000086e00000, 0x0000000086d00000| Updating 
| 110|0x0000000086e00000, 0x0000000086f00000, 0x0000000086f00000|100%| O|  |TAMS 0x0000000086f00000, 0x0000000086e00000| Updating 
| 111|0x0000000086f00000, 0x0000000087000000, 0x0000000087000000|100%| O|  |TAMS 0x0000000087000000, 0x0000000086f00000| Updating 
| 112|0x0000000087000000, 0x0000000087100000, 0x0000000087100000|100%| O|  |TAMS 0x0000000087100000, 0x0000000087000000| Updating 
| 113|0x0000000087100000, 0x0000000087200000, 0x0000000087200000|100%| O|  |TAMS 0x0000000087200000, 0x0000000087100000| Updating 
| 114|0x0000000087200000, 0x0000000087300000, 0x0000000087300000|100%| O|  |TAMS 0x0000000087300000, 0x0000000087200000| Updating 
| 115|0x0000000087300000, 0x0000000087400000, 0x0000000087400000|100%| O|  |TAMS 0x0000000087400000, 0x0000000087300000| Updating 
| 116|0x0000000087400000, 0x0000000087500000, 0x0000000087500000|100%| O|  |TAMS 0x0000000087500000, 0x0000000087400000| Updating 
| 117|0x0000000087500000, 0x0000000087600000, 0x0000000087600000|100%| O|  |TAMS 0x0000000087600000, 0x0000000087500000| Updating 
| 118|0x0000000087600000, 0x0000000087700000, 0x0000000087700000|100%| O|  |TAMS 0x0000000087700000, 0x0000000087600000| Updating 
| 119|0x0000000087700000, 0x0000000087800000, 0x0000000087800000|100%| O|  |TAMS 0x0000000087800000, 0x0000000087700000| Updating 
| 120|0x0000000087800000, 0x0000000087900000, 0x0000000087900000|100%| O|  |TAMS 0x0000000087900000, 0x0000000087800000| Updating 
| 121|0x0000000087900000, 0x0000000087a00000, 0x0000000087a00000|100%| O|  |TAMS 0x0000000087a00000, 0x0000000087900000| Updating 
| 122|0x0000000087a00000, 0x0000000087b00000, 0x0000000087b00000|100%| O|  |TAMS 0x0000000087b00000, 0x0000000087a00000| Updating 
| 123|0x0000000087b00000, 0x0000000087c00000, 0x0000000087c00000|100%| O|  |TAMS 0x0000000087c00000, 0x0000000087b00000| Updating 
| 124|0x0000000087c00000, 0x0000000087d00000, 0x0000000087d00000|100%| O|  |TAMS 0x0000000087d00000, 0x0000000087c00000| Updating 
| 125|0x0000000087d00000, 0x0000000087e00000, 0x0000000087e00000|100%| O|  |TAMS 0x0000000087e00000, 0x0000000087d00000| Updating 
| 126|0x0000000087e00000, 0x0000000087f00000, 0x0000000087f00000|100%| O|  |TAMS 0x0000000087f00000, 0x0000000087e00000| Updating 
| 127|0x0000000087f00000, 0x0000000088000000, 0x0000000088000000|100%| O|  |TAMS 0x0000000088000000, 0x0000000087f00000| Updating 
| 128|0x0000000088000000, 0x0000000088100000, 0x0000000088100000|100%| O|  |TAMS 0x0000000088100000, 0x0000000088000000| Updating 
| 129|0x0000000088100000, 0x0000000088200000, 0x0000000088200000|100%| O|  |TAMS 0x0000000088200000, 0x0000000088100000| Updating 
| 130|0x0000000088200000, 0x0000000088300000, 0x0000000088300000|100%| O|  |TAMS 0x0000000088300000, 0x0000000088200000| Updating 
| 131|0x0000000088300000, 0x0000000088400000, 0x0000000088400000|100%| O|  |TAMS 0x0000000088400000, 0x0000000088300000| Updating 
| 132|0x0000000088400000, 0x0000000088500000, 0x0000000088500000|100%| O|  |TAMS 0x0000000088500000, 0x0000000088400000| Updating 
| 133|0x0000000088500000, 0x0000000088600000, 0x0000000088600000|100%| O|  |TAMS 0x0000000088600000, 0x0000000088500000| Updating 
| 134|0x0000000088600000, 0x0000000088700000, 0x0000000088700000|100%| O|  |TAMS 0x0000000088700000, 0x0000000088600000| Updating 
| 135|0x0000000088700000, 0x0000000088800000, 0x0000000088800000|100%| O|  |TAMS 0x0000000088800000, 0x0000000088700000| Updating 
| 136|0x0000000088800000, 0x0000000088900000, 0x0000000088900000|100%| O|  |TAMS 0x0000000088900000, 0x0000000088800000| Updating 
| 137|0x0000000088900000, 0x0000000088a00000, 0x0000000088a00000|100%| O|  |TAMS 0x0000000088a00000, 0x0000000088900000| Updating 
| 138|0x0000000088a00000, 0x0000000088aa8e00, 0x0000000088b00000| 65%| O|  |TAMS 0x0000000088aa8e00, 0x0000000088a00000| Updating 
| 139|0x0000000088b00000, 0x0000000088b00000, 0x0000000088c00000|  0%| F|  |TAMS 0x0000000088b00000, 0x0000000088b00000| Untracked 
| 140|0x0000000088c00000, 0x0000000088c00000, 0x0000000088d00000|  0%| F|  |TAMS 0x0000000088c00000, 0x0000000088c00000| Untracked 
| 141|0x0000000088d00000, 0x0000000088d00000, 0x0000000088e00000|  0%| F|  |TAMS 0x0000000088d00000, 0x0000000088d00000| Untracked 
| 142|0x0000000088e00000, 0x0000000088e00000, 0x0000000088f00000|  0%| F|  |TAMS 0x0000000088e00000, 0x0000000088e00000| Untracked 
| 143|0x0000000088f00000, 0x0000000088f00000, 0x0000000089000000|  0%| F|  |TAMS 0x0000000088f00000, 0x0000000088f00000| Untracked 
| 144|0x0000000089000000, 0x0000000089000000, 0x0000000089100000|  0%| F|  |TAMS 0x0000000089000000, 0x0000000089000000| Untracked 
| 145|0x0000000089100000, 0x0000000089100000, 0x0000000089200000|  0%| F|  |TAMS 0x0000000089100000, 0x0000000089100000| Untracked 
| 146|0x0000000089200000, 0x0000000089200000, 0x0000000089300000|  0%| F|  |TAMS 0x0000000089200000, 0x0000000089200000| Untracked 
| 147|0x0000000089300000, 0x0000000089300000, 0x0000000089400000|  0%| F|  |TAMS 0x0000000089300000, 0x0000000089300000| Untracked 
| 148|0x0000000089400000, 0x0000000089400000, 0x0000000089500000|  0%| F|  |TAMS 0x0000000089400000, 0x0000000089400000| Untracked 
| 149|0x0000000089500000, 0x0000000089500000, 0x0000000089600000|  0%| F|  |TAMS 0x0000000089500000, 0x0000000089500000| Untracked 
| 150|0x0000000089600000, 0x0000000089600000, 0x0000000089700000|  0%| F|  |TAMS 0x0000000089600000, 0x0000000089600000| Untracked 
| 151|0x0000000089700000, 0x0000000089700000, 0x0000000089800000|  0%| F|  |TAMS 0x0000000089700000, 0x0000000089700000| Untracked 
| 152|0x0000000089800000, 0x0000000089800000, 0x0000000089900000|  0%| F|  |TAMS 0x0000000089800000, 0x0000000089800000| Untracked 
| 153|0x0000000089900000, 0x0000000089900000, 0x0000000089a00000|  0%| F|  |TAMS 0x0000000089900000, 0x0000000089900000| Untracked 
| 154|0x0000000089a00000, 0x0000000089a00000, 0x0000000089b00000|  0%| F|  |TAMS 0x0000000089a00000, 0x0000000089a00000| Untracked 
| 155|0x0000000089b00000, 0x0000000089b00000, 0x0000000089c00000|  0%| F|  |TAMS 0x0000000089b00000, 0x0000000089b00000| Untracked 
| 156|0x0000000089c00000, 0x0000000089c00000, 0x0000000089d00000|  0%| F|  |TAMS 0x0000000089c00000, 0x0000000089c00000| Untracked 
| 157|0x0000000089d00000, 0x0000000089d00000, 0x0000000089e00000|  0%| F|  |TAMS 0x0000000089d00000, 0x0000000089d00000| Untracked 
| 158|0x0000000089e00000, 0x0000000089e00000, 0x0000000089f00000|  0%| F|  |TAMS 0x0000000089e00000, 0x0000000089e00000| Untracked 
| 159|0x0000000089f00000, 0x0000000089f00000, 0x000000008a000000|  0%| F|  |TAMS 0x0000000089f00000, 0x0000000089f00000| Untracked 
| 160|0x000000008a000000, 0x000000008a000000, 0x000000008a100000|  0%| F|  |TAMS 0x000000008a000000, 0x000000008a000000| Untracked 
| 161|0x000000008a100000, 0x000000008a100000, 0x000000008a200000|  0%| F|  |TAMS 0x000000008a100000, 0x000000008a100000| Untracked 
| 162|0x000000008a200000, 0x000000008a200000, 0x000000008a300000|  0%| F|  |TAMS 0x000000008a200000, 0x000000008a200000| Untracked 
| 163|0x000000008a300000, 0x000000008a300000, 0x000000008a400000|  0%| F|  |TAMS 0x000000008a300000, 0x000000008a300000| Untracked 
| 164|0x000000008a400000, 0x000000008a400000, 0x000000008a500000|  0%| F|  |TAMS 0x000000008a400000, 0x000000008a400000| Untracked 
| 165|0x000000008a500000, 0x000000008a500000, 0x000000008a600000|  0%| F|  |TAMS 0x000000008a500000, 0x000000008a500000| Untracked 
| 166|0x000000008a600000, 0x000000008a600000, 0x000000008a700000|  0%| F|  |TAMS 0x000000008a600000, 0x000000008a600000| Untracked 
| 167|0x000000008a700000, 0x000000008a700000, 0x000000008a800000|  0%| F|  |TAMS 0x000000008a700000, 0x000000008a700000| Untracked 
| 168|0x000000008a800000, 0x000000008a800000, 0x000000008a900000|  0%| F|  |TAMS 0x000000008a800000, 0x000000008a800000| Untracked 
| 169|0x000000008a900000, 0x000000008a900000, 0x000000008aa00000|  0%| F|  |TAMS 0x000000008a900000, 0x000000008a900000| Untracked 
| 170|0x000000008aa00000, 0x000000008aa00000, 0x000000008ab00000|  0%| F|  |TAMS 0x000000008aa00000, 0x000000008aa00000| Untracked 
| 171|0x000000008ab00000, 0x000000008ab00000, 0x000000008ac00000|  0%| F|  |TAMS 0x000000008ab00000, 0x000000008ab00000| Untracked 
| 172|0x000000008ac00000, 0x000000008ac00000, 0x000000008ad00000|  0%| F|  |TAMS 0x000000008ac00000, 0x000000008ac00000| Untracked 
| 173|0x000000008ad00000, 0x000000008ad00000, 0x000000008ae00000|  0%| F|  |TAMS 0x000000008ad00000, 0x000000008ad00000| Untracked 
| 174|0x000000008ae00000, 0x000000008ae00000, 0x000000008af00000|  0%| F|  |TAMS 0x000000008ae00000, 0x000000008ae00000| Untracked 
| 175|0x000000008af00000, 0x000000008af00000, 0x000000008b000000|  0%| F|  |TAMS 0x000000008af00000, 0x000000008af00000| Untracked 
| 176|0x000000008b000000, 0x000000008b000000, 0x000000008b100000|  0%| F|  |TAMS 0x000000008b000000, 0x000000008b000000| Untracked 
| 177|0x000000008b100000, 0x000000008b100000, 0x000000008b200000|  0%| F|  |TAMS 0x000000008b100000, 0x000000008b100000| Untracked 
| 178|0x000000008b200000, 0x000000008b200000, 0x000000008b300000|  0%| F|  |TAMS 0x000000008b200000, 0x000000008b200000| Untracked 
| 179|0x000000008b300000, 0x000000008b300000, 0x000000008b400000|  0%| F|  |TAMS 0x000000008b300000, 0x000000008b300000| Untracked 
| 180|0x000000008b400000, 0x000000008b400000, 0x000000008b500000|  0%| F|  |TAMS 0x000000008b400000, 0x000000008b400000| Untracked 
| 181|0x000000008b500000, 0x000000008b500000, 0x000000008b600000|  0%| F|  |TAMS 0x000000008b500000, 0x000000008b500000| Untracked 
| 182|0x000000008b600000, 0x000000008b600000, 0x000000008b700000|  0%| F|  |TAMS 0x000000008b600000, 0x000000008b600000| Untracked 
| 183|0x000000008b700000, 0x000000008b700000, 0x000000008b800000|  0%| F|  |TAMS 0x000000008b700000, 0x000000008b700000| Untracked 
| 184|0x000000008b800000, 0x000000008b800000, 0x000000008b900000|  0%| F|  |TAMS 0x000000008b800000, 0x000000008b800000| Untracked 
| 185|0x000000008b900000, 0x000000008b900000, 0x000000008ba00000|  0%| F|  |TAMS 0x000000008b900000, 0x000000008b900000| Untracked 
| 186|0x000000008ba00000, 0x000000008ba00000, 0x000000008bb00000|  0%| F|  |TAMS 0x000000008ba00000, 0x000000008ba00000| Untracked 
| 187|0x000000008bb00000, 0x000000008bb00000, 0x000000008bc00000|  0%| F|  |TAMS 0x000000008bb00000, 0x000000008bb00000| Untracked 
| 188|0x000000008bc00000, 0x000000008bc00000, 0x000000008bd00000|  0%| F|  |TAMS 0x000000008bc00000, 0x000000008bc00000| Untracked 
| 189|0x000000008bd00000, 0x000000008bd00000, 0x000000008be00000|  0%| F|  |TAMS 0x000000008bd00000, 0x000000008bd00000| Untracked 
| 190|0x000000008be00000, 0x000000008be00000, 0x000000008bf00000|  0%| F|  |TAMS 0x000000008be00000, 0x000000008be00000| Untracked 
| 191|0x000000008bf00000, 0x000000008bf00000, 0x000000008c000000|  0%| F|  |TAMS 0x000000008bf00000, 0x000000008bf00000| Untracked 
| 192|0x000000008c000000, 0x000000008c000000, 0x000000008c100000|  0%| F|  |TAMS 0x000000008c000000, 0x000000008c000000| Untracked 
| 193|0x000000008c100000, 0x000000008c100000, 0x000000008c200000|  0%| F|  |TAMS 0x000000008c100000, 0x000000008c100000| Untracked 
| 194|0x000000008c200000, 0x000000008c200000, 0x000000008c300000|  0%| F|  |TAMS 0x000000008c200000, 0x000000008c200000| Untracked 
| 195|0x000000008c300000, 0x000000008c3da200, 0x000000008c400000| 85%| S|CS|TAMS 0x000000008c300000, 0x000000008c300000| Complete 
| 196|0x000000008c400000, 0x000000008c400000, 0x000000008c500000|  0%| F|  |TAMS 0x000000008c400000, 0x000000008c400000| Untracked 
| 197|0x000000008c500000, 0x000000008c500000, 0x000000008c600000|  0%| F|  |TAMS 0x000000008c500000, 0x000000008c500000| Untracked 
| 198|0x000000008c600000, 0x000000008c600000, 0x000000008c700000|  0%| F|  |TAMS 0x000000008c600000, 0x000000008c600000| Untracked 
| 199|0x000000008c700000, 0x000000008c800000, 0x000000008c800000|100%| S|CS|TAMS 0x000000008c700000, 0x000000008c700000| Complete 
| 200|0x000000008c800000, 0x000000008c900000, 0x000000008c900000|100%| S|CS|TAMS 0x000000008c800000, 0x000000008c800000| Complete 
| 201|0x000000008c900000, 0x000000008ca00000, 0x000000008ca00000|100%| S|CS|TAMS 0x000000008c900000, 0x000000008c900000| Complete 
| 202|0x000000008ca00000, 0x000000008ca00000, 0x000000008cb00000|  0%| F|  |TAMS 0x000000008ca00000, 0x000000008ca00000| Untracked 
| 203|0x000000008cb00000, 0x000000008cb00000, 0x000000008cc00000|  0%| F|  |TAMS 0x000000008cb00000, 0x000000008cb00000| Untracked 
| 204|0x000000008cc00000, 0x000000008cc00000, 0x000000008cd00000|  0%| F|  |TAMS 0x000000008cc00000, 0x000000008cc00000| Untracked 
| 205|0x000000008cd00000, 0x000000008cd00000, 0x000000008ce00000|  0%| F|  |TAMS 0x000000008cd00000, 0x000000008cd00000| Untracked 
| 206|0x000000008ce00000, 0x000000008ce00000, 0x000000008cf00000|  0%| F|  |TAMS 0x000000008ce00000, 0x000000008ce00000| Untracked 
| 207|0x000000008cf00000, 0x000000008cf00000, 0x000000008d000000|  0%| F|  |TAMS 0x000000008cf00000, 0x000000008cf00000| Untracked 
| 208|0x000000008d000000, 0x000000008d000000, 0x000000008d100000|  0%| F|  |TAMS 0x000000008d000000, 0x000000008d000000| Untracked 
| 209|0x000000008d100000, 0x000000008d100000, 0x000000008d200000|  0%| F|  |TAMS 0x000000008d100000, 0x000000008d100000| Untracked 
| 210|0x000000008d200000, 0x000000008d200000, 0x000000008d300000|  0%| F|  |TAMS 0x000000008d200000, 0x000000008d200000| Untracked 
| 211|0x000000008d300000, 0x000000008d300000, 0x000000008d400000|  0%| F|  |TAMS 0x000000008d300000, 0x000000008d300000| Untracked 
| 212|0x000000008d400000, 0x000000008d46dbf0, 0x000000008d500000| 42%| E|  |TAMS 0x000000008d400000, 0x000000008d400000| Complete 
| 213|0x000000008d500000, 0x000000008d600000, 0x000000008d600000|100%| E|CS|TAMS 0x000000008d500000, 0x000000008d500000| Complete 
| 214|0x000000008d600000, 0x000000008d700000, 0x000000008d700000|100%| E|CS|TAMS 0x000000008d600000, 0x000000008d600000| Complete 
| 215|0x000000008d700000, 0x000000008d800000, 0x000000008d800000|100%| E|CS|TAMS 0x000000008d700000, 0x000000008d700000| Complete 
| 216|0x000000008d800000, 0x000000008d900000, 0x000000008d900000|100%| E|CS|TAMS 0x000000008d800000, 0x000000008d800000| Complete 
| 217|0x000000008d900000, 0x000000008da00000, 0x000000008da00000|100%| E|CS|TAMS 0x000000008d900000, 0x000000008d900000| Complete 
| 218|0x000000008da00000, 0x000000008db00000, 0x000000008db00000|100%| E|CS|TAMS 0x000000008da00000, 0x000000008da00000| Complete 
| 219|0x000000008db00000, 0x000000008dc00000, 0x000000008dc00000|100%| E|CS|TAMS 0x000000008db00000, 0x000000008db00000| Complete 
| 220|0x000000008dc00000, 0x000000008dd00000, 0x000000008dd00000|100%| E|CS|TAMS 0x000000008dc00000, 0x000000008dc00000| Complete 
| 221|0x000000008dd00000, 0x000000008de00000, 0x000000008de00000|100%| E|CS|TAMS 0x000000008dd00000, 0x000000008dd00000| Complete 
| 222|0x000000008de00000, 0x000000008df00000, 0x000000008df00000|100%| E|CS|TAMS 0x000000008de00000, 0x000000008de00000| Complete 
| 223|0x000000008df00000, 0x000000008e000000, 0x000000008e000000|100%| E|CS|TAMS 0x000000008df00000, 0x000000008df00000| Complete 
| 224|0x000000008e000000, 0x000000008e100000, 0x000000008e100000|100%| E|CS|TAMS 0x000000008e000000, 0x000000008e000000| Complete 
| 225|0x000000008e100000, 0x000000008e200000, 0x000000008e200000|100%| E|CS|TAMS 0x000000008e100000, 0x000000008e100000| Complete 
| 226|0x000000008e200000, 0x000000008e300000, 0x000000008e300000|100%| E|CS|TAMS 0x000000008e200000, 0x000000008e200000| Complete 
| 227|0x000000008e300000, 0x000000008e400000, 0x000000008e400000|100%| E|CS|TAMS 0x000000008e300000, 0x000000008e300000| Complete 
| 228|0x000000008e400000, 0x000000008e500000, 0x000000008e500000|100%| E|CS|TAMS 0x000000008e400000, 0x000000008e400000| Complete 
| 229|0x000000008e500000, 0x000000008e600000, 0x000000008e600000|100%| E|CS|TAMS 0x000000008e500000, 0x000000008e500000| Complete 
| 230|0x000000008e600000, 0x000000008e700000, 0x000000008e700000|100%| E|CS|TAMS 0x000000008e600000, 0x000000008e600000| Complete 
| 231|0x000000008e700000, 0x000000008e800000, 0x000000008e800000|100%| E|CS|TAMS 0x000000008e700000, 0x000000008e700000| Complete 
| 232|0x000000008e800000, 0x000000008e900000, 0x000000008e900000|100%| E|CS|TAMS 0x000000008e800000, 0x000000008e800000| Complete 
| 233|0x000000008e900000, 0x000000008ea00000, 0x000000008ea00000|100%| E|CS|TAMS 0x000000008e900000, 0x000000008e900000| Complete 
| 234|0x000000008ea00000, 0x000000008eb00000, 0x000000008eb00000|100%| E|CS|TAMS 0x000000008ea00000, 0x000000008ea00000| Complete 
| 235|0x000000008eb00000, 0x000000008ec00000, 0x000000008ec00000|100%| E|CS|TAMS 0x000000008eb00000, 0x000000008eb00000| Complete 
| 236|0x000000008ec00000, 0x000000008ed00000, 0x000000008ed00000|100%| E|CS|TAMS 0x000000008ec00000, 0x000000008ec00000| Complete 
| 237|0x000000008ed00000, 0x000000008ee00000, 0x000000008ee00000|100%| E|CS|TAMS 0x000000008ed00000, 0x000000008ed00000| Complete 
| 238|0x000000008ee00000, 0x000000008ef00000, 0x000000008ef00000|100%| E|CS|TAMS 0x000000008ee00000, 0x000000008ee00000| Complete 
| 239|0x000000008ef00000, 0x000000008f000000, 0x000000008f000000|100%| E|CS|TAMS 0x000000008ef00000, 0x000000008ef00000| Complete 
| 240|0x000000008f000000, 0x000000008f100000, 0x000000008f100000|100%| E|CS|TAMS 0x000000008f000000, 0x000000008f000000| Complete 
| 241|0x000000008f100000, 0x000000008f200000, 0x000000008f200000|100%| E|CS|TAMS 0x000000008f100000, 0x000000008f100000| Complete 
| 242|0x000000008f200000, 0x000000008f300000, 0x000000008f300000|100%| E|CS|TAMS 0x000000008f200000, 0x000000008f200000| Complete 

Card table byte_map: [0x000001c5e5690000,0x000001c5e5a90000] _byte_map_base: 0x000001c5e5290000

Marking Bits (Prev, Next): (CMBitMap*) 0x000001c5cdb74958, (CMBitMap*) 0x000001c5cdb74990
 Prev Bits: [0x000001c5e5e90000, 0x000001c5e7e90000)
 Next Bits: [0x000001c5e7e90000, 0x000001c5e9e90000)

Polling page: 0x000001c5cba10000

Metaspace:

Usage:
  Non-class:     95.10 MB capacity,    93.26 MB ( 98%) used,     1.51 MB (  2%) free+waste,   341.50 KB ( <1%) overhead. 
      Class:     15.05 MB capacity,    13.83 MB ( 92%) used,     1.07 MB (  7%) free+waste,   156.00 KB (  1%) overhead. 
       Both:    110.15 MB capacity,   107.09 MB ( 97%) used,     2.58 MB (  2%) free+waste,   497.50 KB ( <1%) overhead. 

Virtual space:
  Non-class space:       96.00 MB reserved,      95.33 MB (>99%) committed 
      Class space:      504.00 MB reserved,      15.13 MB (  3%) committed 
             Both:      600.00 MB reserved,     110.45 MB ( 18%) committed 

Chunk freelists:
   Non-Class:  40.00 KB
       Class:  75.00 KB
        Both:  115.00 KB

MaxMetaspaceSize: 512.00 MB
CompressedClassSpaceSize: 504.00 MB
Initial GC threshold: 20.80 MB
Current GC threshold: 183.67 MB
CDS: off

CodeHeap 'non-profiled nmethods': size=120064Kb used=9469Kb max_used=9469Kb free=110594Kb
 bounds [0x000001c5ddd50000, 0x000001c5de690000, 0x000001c5e5290000]
CodeHeap 'profiled nmethods': size=120000Kb used=35591Kb max_used=35591Kb free=84409Kb
 bounds [0x000001c5d6820000, 0x000001c5d8af0000, 0x000001c5ddd50000]
CodeHeap 'non-nmethods': size=5696Kb used=2415Kb max_used=2480Kb free=3280Kb
 bounds [0x000001c5d6290000, 0x000001c5d6510000, 0x000001c5d6820000]
 total_blobs=15959 nmethods=15017 adapters=853
 compilation: enabled
              stopped_count=0, restarted_count=0
 full_count=0

Compilation events (20 events):
Event: 59.083 Thread 0x000001c5eccc3000 15051       2       com.android.tools.r8.internal.X4::a (284 bytes)
Event: 59.085 Thread 0x000001c5eccc3000 nmethod 15051 0x000001c5d8a9f990 code [0x000001c5d8a9fcc0, 0x000001c5d8aa0ab8]
Event: 59.085 Thread 0x000001c5eccc3000 15052       2       com.android.tools.r8.internal.S4::a (12 bytes)
Event: 59.086 Thread 0x000001c5eccc3000 nmethod 15052 0x000001c5d8aa1190 code [0x000001c5d8aa13a0, 0x000001c5d8aa1908]
Event: 59.086 Thread 0x000001c5eccc3000 15053       2       com.android.tools.r8.graph.P::Y0 (14 bytes)
Event: 59.087 Thread 0x000001c5eccc3000 nmethod 15053 0x000001c5d8aa1b90 code [0x000001c5d8aa1d40, 0x000001c5d8aa1e78]
Event: 59.087 Thread 0x000001c5eccc3000 15054       2       com.android.tools.r8.graph.X0::d (13 bytes)
Event: 59.087 Thread 0x000001c5eccc3000 nmethod 15054 0x000001c5d8aa1f90 code [0x000001c5d8aa2140, 0x000001c5d8aa2258]
Event: 59.087 Thread 0x000001c5eccc3000 15055       2       com.android.tools.r8.internal.FB::<init> (6 bytes)
Event: 59.087 Thread 0x000001c5eccc3000 nmethod 15055 0x000001c5d8aa2310 code [0x000001c5d8aa24c0, 0x000001c5d8aa25e8]
Event: 59.092 Thread 0x000001c5eccc3000 15056       2       com.android.tools.r8.internal.Gg::a (41 bytes)
Event: 59.092 Thread 0x000001c5eccc3000 nmethod 15056 0x000001c5d8aa2690 code [0x000001c5d8aa2880, 0x000001c5d8aa2af8]
Event: 59.094 Thread 0x000001c5eccc3000 15057       2       com.android.tools.r8.internal.pa::a (8 bytes)
Event: 59.094 Thread 0x000001c5eccc3000 nmethod 15057 0x000001c5d8aa2c10 code [0x000001c5d8aa2dc0, 0x000001c5d8aa2ee8]
Event: 59.095 Thread 0x000001c5eccc3000 15058       2       com.android.tools.r8.internal.C8::a (38 bytes)
Event: 59.095 Thread 0x000001c5eccc3000 nmethod 15058 0x000001c5d8aa2f90 code [0x000001c5d8aa3140, 0x000001c5d8aa3308]
Event: 59.095 Thread 0x000001c5eccc3000 15059       2       java.util.IdentityHashMap::capacity (29 bytes)
Event: 59.095 Thread 0x000001c5eccc3000 nmethod 15059 0x000001c5d8aa3410 code [0x000001c5d8aa35c0, 0x000001c5d8aa3708]
Event: 59.095 Thread 0x000001c5eccc3000 15060       2       com.android.tools.r8.internal.t2$$Lambda$1569/0x0000000100eb6040::test (6 bytes)
Event: 59.095 Thread 0x000001c5eccc3000 nmethod 15060 0x000001c5d8aa3810 code [0x000001c5d8aa39c0, 0x000001c5d8aa3ab8]

GC Heap History (20 events):
Event: 52.600 GC heap before
{Heap before GC invocations=33 (full 0):
 garbage-first heap   total 157696K, used 129413K [0x0000000080000000, 0x0000000100000000)
  region size 1024K, 24 young (24576K), 4 survivors (4096K)
 Metaspace       used 100198K, capacity 103015K, committed 103248K, reserved 606208K
  class space    used 12881K, capacity 13989K, committed 14080K, reserved 516096K
}
Event: 52.605 GC heap after
{Heap after GC invocations=34 (full 0):
 garbage-first heap   total 157696K, used 112362K [0x0000000080000000, 0x0000000100000000)
  region size 1024K, 3 young (3072K), 3 survivors (3072K)
 Metaspace       used 100198K, capacity 103015K, committed 103248K, reserved 606208K
  class space    used 12881K, capacity 13989K, committed 14080K, reserved 516096K
}
Event: 53.271 GC heap before
{Heap before GC invocations=35 (full 0):
 garbage-first heap   total 157696K, used 131818K [0x0000000080000000, 0x0000000100000000)
  region size 1024K, 22 young (22528K), 3 survivors (3072K)
 Metaspace       used 101938K, capacity 104756K, committed 105040K, reserved 608256K
  class space    used 13110K, capacity 14231K, committed 14336K, reserved 516096K
}
Event: 53.281 GC heap after
{Heap after GC invocations=36 (full 0):
 garbage-first heap   total 157696K, used 113593K [0x0000000080000000, 0x0000000100000000)
  region size 1024K, 3 young (3072K), 3 survivors (3072K)
 Metaspace       used 101938K, capacity 104756K, committed 105040K, reserved 608256K
  class space    used 13110K, capacity 14231K, committed 14336K, reserved 516096K
}
Event: 53.488 GC heap before
{Heap before GC invocations=36 (full 0):
 garbage-first heap   total 157696K, used 131001K [0x0000000080000000, 0x0000000100000000)
  region size 1024K, 21 young (21504K), 3 survivors (3072K)
 Metaspace       used 102270K, capacity 105178K, committed 105296K, reserved 608256K
  class space    used 13169K, capacity 14331K, committed 14336K, reserved 516096K
}
Event: 53.508 GC heap after
{Heap after GC invocations=37 (full 0):
 garbage-first heap   total 189440K, used 118402K [0x0000000080000000, 0x0000000100000000)
  region size 1024K, 3 young (3072K), 3 survivors (3072K)
 Metaspace       used 102270K, capacity 105178K, committed 105296K, reserved 608256K
  class space    used 13169K, capacity 14331K, committed 14336K, reserved 516096K
}
Event: 54.202 GC heap before
{Heap before GC invocations=38 (full 0):
 garbage-first heap   total 189440K, used 144002K [0x0000000080000000, 0x0000000100000000)
  region size 1024K, 29 young (29696K), 3 survivors (3072K)
 Metaspace       used 103133K, capacity 106076K, committed 106192K, reserved 608256K
  class space    used 13287K, capacity 14436K, committed 14464K, reserved 516096K
}
Event: 54.227 GC heap after
{Heap after GC invocations=39 (full 0):
 garbage-first heap   total 189440K, used 123904K [0x0000000080000000, 0x0000000100000000)
  region size 1024K, 4 young (4096K), 4 survivors (4096K)
 Metaspace       used 103133K, capacity 106076K, committed 106192K, reserved 608256K
  class space    used 13287K, capacity 14436K, committed 14464K, reserved 516096K
}
Event: 54.573 GC heap before
{Heap before GC invocations=39 (full 0):
 garbage-first heap   total 189440K, used 149504K [0x0000000080000000, 0x0000000100000000)
  region size 1024K, 29 young (29696K), 4 survivors (4096K)
 Metaspace       used 104533K, capacity 107598K, committed 107856K, reserved 610304K
  class space    used 13496K, capacity 14733K, committed 14848K, reserved 516096K
}
Event: 54.592 GC heap after
{Heap after GC invocations=40 (full 0):
 garbage-first heap   total 189440K, used 128815K [0x0000000080000000, 0x0000000100000000)
  region size 1024K, 4 young (4096K), 4 survivors (4096K)
 Metaspace       used 104533K, capacity 107598K, committed 107856K, reserved 610304K
  class space    used 13496K, capacity 14733K, committed 14848K, reserved 516096K
}
Event: 54.932 GC heap before
{Heap before GC invocations=40 (full 0):
 garbage-first heap   total 189440K, used 153391K [0x0000000080000000, 0x0000000100000000)
  region size 1024K, 28 young (28672K), 4 survivors (4096K)
 Metaspace       used 104788K, capacity 107876K, committed 108112K, reserved 610304K
  class space    used 13538K, capacity 14781K, committed 14848K, reserved 516096K
}
Event: 54.950 GC heap after
{Heap after GC invocations=41 (full 0):
 garbage-first heap   total 189440K, used 133336K [0x0000000080000000, 0x0000000100000000)
  region size 1024K, 4 young (4096K), 4 survivors (4096K)
 Metaspace       used 104788K, capacity 107876K, committed 108112K, reserved 610304K
  class space    used 13538K, capacity 14781K, committed 14848K, reserved 516096K
}
Event: 55.327 GC heap before
{Heap before GC invocations=42 (full 0):
 garbage-first heap   total 189440K, used 154840K [0x0000000080000000, 0x0000000100000000)
  region size 1024K, 26 young (26624K), 4 survivors (4096K)
 Metaspace       used 105670K, capacity 108767K, committed 109008K, reserved 610304K
  class space    used 13711K, capacity 14946K, committed 14976K, reserved 516096K
}
Event: 55.351 GC heap after
{Heap after GC invocations=43 (full 0):
 garbage-first heap   total 248832K, used 137198K [0x0000000080000000, 0x0000000100000000)
  region size 1024K, 4 young (4096K), 4 survivors (4096K)
 Metaspace       used 105670K, capacity 108767K, committed 109008K, reserved 610304K
  class space    used 13711K, capacity 14946K, committed 14976K, reserved 516096K
}
Event: 56.532 GC heap before
{Heap before GC invocations=43 (full 0):
 garbage-first heap   total 248832K, used 176110K [0x0000000080000000, 0x0000000100000000)
  region size 1024K, 42 young (43008K), 4 survivors (4096K)
 Metaspace       used 107852K, capacity 110950K, committed 111184K, reserved 612352K
  class space    used 14066K, capacity 15328K, committed 15360K, reserved 516096K
}
Event: 56.551 GC heap after
{Heap after GC invocations=44 (full 0):
 garbage-first heap   total 248832K, used 142309K [0x0000000080000000, 0x0000000100000000)
  region size 1024K, 5 young (5120K), 5 survivors (5120K)
 Metaspace       used 107852K, capacity 110950K, committed 111184K, reserved 612352K
  class space    used 14066K, capacity 15328K, committed 15360K, reserved 516096K
}
Event: 57.939 GC heap before
{Heap before GC invocations=45 (full 0):
 garbage-first heap   total 248832K, used 181221K [0x0000000080000000, 0x0000000100000000)
  region size 1024K, 44 young (45056K), 5 survivors (5120K)
 Metaspace       used 108931K, capacity 112096K, committed 112336K, reserved 614400K
  class space    used 14140K, capacity 15403K, committed 15488K, reserved 516096K
}
Event: 57.961 GC heap after
{Heap after GC invocations=46 (full 0):
 garbage-first heap   total 248832K, used 144750K [0x0000000080000000, 0x0000000100000000)
  region size 1024K, 3 young (3072K), 3 survivors (3072K)
 Metaspace       used 108931K, capacity 112096K, committed 112336K, reserved 614400K
  class space    used 14140K, capacity 15403K, committed 15488K, reserved 516096K
}
Event: 58.686 GC heap before
{Heap before GC invocations=46 (full 0):
 garbage-first heap   total 248832K, used 186734K [0x0000000080000000, 0x0000000100000000)
  region size 1024K, 44 young (45056K), 3 survivors (3072K)
 Metaspace       used 109416K, capacity 112587K, committed 112848K, reserved 614400K
  class space    used 14157K, capacity 15414K, committed 15488K, reserved 516096K
}
Event: 58.696 GC heap after
{Heap after GC invocations=47 (full 0):
 garbage-first heap   total 248832K, used 145932K [0x0000000080000000, 0x0000000100000000)
  region size 1024K, 4 young (4096K), 4 survivors (4096K)
 Metaspace       used 109416K, capacity 112587K, committed 112848K, reserved 614400K
  class space    used 14157K, capacity 15414K, committed 15488K, reserved 516096K
}

Deoptimization events (20 events):
Event: 58.520 Thread 0x000001c5f24db000 DEOPT PACKING pc=0x000001c5de60c5a0 sp=0x00000045460f9a60
Event: 58.520 Thread 0x000001c5f24db000 DEOPT UNPACKING pc=0x000001c5d62da1af sp=0x00000045460f9930 mode 2
Event: 58.709 Thread 0x000001c5f24dd000 DEOPT PACKING pc=0x000001c5d8555e33 sp=0x0000004545bf9b70
Event: 58.709 Thread 0x000001c5f24dd000 DEOPT UNPACKING pc=0x000001c5d62da95e sp=0x0000004545bf9188 mode 0
Event: 58.712 Thread 0x000001c5f24e0800 Uncommon trap: trap_request=0xffffffde fr.pc=0x000001c5de668144 relative=0x00000000000005e4
Event: 58.717 Thread 0x000001c5f24e0800 Uncommon trap: reason=class_check action=maybe_recompile pc=0x000001c5de668144 method=com.android.tools.r8.internal.Mg.f()Lcom/android/tools/r8/internal/Gg; @ 3 c2
Event: 58.717 Thread 0x000001c5f24e0800 DEOPT PACKING pc=0x000001c5de668144 sp=0x00000045467f9f80
Event: 58.718 Thread 0x000001c5f24e0800 DEOPT UNPACKING pc=0x000001c5d62da1af sp=0x00000045467f9f48 mode 2
Event: 58.718 Thread 0x000001c5f24e0800 Uncommon trap: trap_request=0xffffffde fr.pc=0x000001c5de668144 relative=0x00000000000005e4
Event: 58.718 Thread 0x000001c5f24e0800 Uncommon trap: reason=class_check action=maybe_recompile pc=0x000001c5de668144 method=com.android.tools.r8.internal.Mg.f()Lcom/android/tools/r8/internal/Gg; @ 3 c2
Event: 58.733 Thread 0x000001c5f24e0800 DEOPT PACKING pc=0x000001c5de668144 sp=0x00000045467f9f80
Event: 58.733 Thread 0x000001c5f24e0800 DEOPT UNPACKING pc=0x000001c5d62da1af sp=0x00000045467f9f48 mode 2
Event: 58.733 Thread 0x000001c5f24e0800 Uncommon trap: trap_request=0xffffffde fr.pc=0x000001c5de668144 relative=0x00000000000005e4
Event: 58.733 Thread 0x000001c5f24e0800 Uncommon trap: reason=class_check action=maybe_recompile pc=0x000001c5de668144 method=com.android.tools.r8.internal.Mg.f()Lcom/android/tools/r8/internal/Gg; @ 3 c2
Event: 58.733 Thread 0x000001c5f24e0800 DEOPT PACKING pc=0x000001c5de668144 sp=0x00000045467f9f80
Event: 58.736 Thread 0x000001c5f24e0800 DEOPT UNPACKING pc=0x000001c5d62da1af sp=0x00000045467f9f48 mode 2
Event: 58.736 Thread 0x000001c5f24e0800 Uncommon trap: trap_request=0xffffffde fr.pc=0x000001c5de668144 relative=0x00000000000005e4
Event: 58.736 Thread 0x000001c5f24e0800 Uncommon trap: reason=class_check action=maybe_recompile pc=0x000001c5de668144 method=com.android.tools.r8.internal.Mg.f()Lcom/android/tools/r8/internal/Gg; @ 3 c2
Event: 58.736 Thread 0x000001c5f24e0800 DEOPT PACKING pc=0x000001c5de668144 sp=0x00000045467f9f80
Event: 58.736 Thread 0x000001c5f24e0800 DEOPT UNPACKING pc=0x000001c5d62da1af sp=0x00000045467f9f48 mode 2

Classes redefined (0 events):
No events

Internal exceptions (20 events):
Event: 52.598 Thread 0x000001c5f24dd000 Exception <a 'sun/nio/fs/WindowsException'{0x00000000886e0d20}> (0x00000000886e0d20) thrown at [./src/hotspot/share/prims/jni.cpp, line 617]
Event: 52.675 Thread 0x000001c5f24e0800 Exception <a 'java/lang/NoSuchMethodError'{0x00000000899f7210}: 'java.lang.Object java.lang.invoke.DirectMethodHandle$Holder.invokeStatic(java.lang.Object, java.lang.Object, java.lang.Object, java.lang.Object, java.lang.Object, java.lang.Object, java.lang.Object, java.lang.Object, java.lang.Object, java.lang.Object, java.lang.Object, java.lang.Object, java.lang.Object, java.lang.Object, java.lang.Object, java.lang.Object, java.lang.Object, java.lang.Object, int, java.lang.Object)'> (0x00000000899f7210) thr
Event: 52.675 Thread 0x000001c5f24e0800 Exception <a 'java/lang/NoSuchMethodError'{0x00000000899fd298}: 'java.lang.Object java.lang.invoke.DirectMethodHandle$Holder.invokeStaticInit(java.lang.Object, java.lang.Object, java.lang.Object, java.lang.Object, java.lang.Object, java.lang.Object, java.lang.Object, java.lang.Object, java.lang.Object, java.lang.Object, java.lang.Object, java.lang.Object, java.lang.Object, java.lang.Object, java.lang.Object, java.lang.Object, java.lang.Object, java.lang.Object, int, java.lang.Object)'> (0x00000000899fd298)
Event: 52.718 Thread 0x000001c5f24e0800 Exception <a 'java/lang/IncompatibleClassChangeError'{0x0000000089708ae8}: Found class java.lang.Object, but interface was expected> (0x0000000089708ae8) thrown at [./src/hotspot/share/interpreter/linkResolver.cpp, line 839]
Event: 52.718 Thread 0x000001c5f24db000 Exception <a 'java/lang/IncompatibleClassChangeError'{0x00000000898b5fb0}: Found class java.lang.Object, but interface was expected> (0x00000000898b5fb0) thrown at [./src/hotspot/share/interpreter/linkResolver.cpp, line 839]
Event: 52.718 Thread 0x000001c5f24dd000 Exception <a 'java/lang/IncompatibleClassChangeError'{0x000000008993d6e8}: Found class java.lang.Object, but interface was expected> (0x000000008993d6e8) thrown at [./src/hotspot/share/interpreter/linkResolver.cpp, line 839]
Event: 52.792 Thread 0x000001c5f24e0800 Exception <a 'java/lang/NoSuchMethodError'{0x00000000895356f8}: 'long java.lang.invoke.DirectMethodHandle$Holder.invokeStatic(java.lang.Object, long, java.lang.Object)'> (0x00000000895356f8) thrown at [./src/hotspot/share/interpreter/linkResolver.cpp, line 773]
Event: 53.269 Thread 0x000001c5f24e0800 Exception <a 'java/lang/NoSuchMethodError'{0x00000000888ab3b0}: 'int java.lang.invoke.DirectMethodHandle$Holder.invokeVirtual(java.lang.Object, java.lang.Object, java.lang.Object, java.lang.Object)'> (0x00000000888ab3b0) thrown at [./src/hotspot/share/interpreter/linkResolver.cpp, line 773]
Event: 53.270 Thread 0x000001c5f24db000 Exception <a 'java/lang/NoSuchMethodError'{0x0000000088794500}: 'int java.lang.invoke.DirectMethodHandle$Holder.invokeVirtual(java.lang.Object, java.lang.Object, java.lang.Object, java.lang.Object)'> (0x0000000088794500) thrown at [./src/hotspot/share/interpreter/linkResolver.cpp, line 773]
Event: 53.351 Thread 0x000001c5f24db000 Exception <a 'java/lang/NoSuchMethodError'{0x000000008955a5e8}: 'long java.lang.invoke.DirectMethodHandle$Holder.invokeStatic(java.lang.Object, java.lang.Object)'> (0x000000008955a5e8) thrown at [./src/hotspot/share/interpreter/linkResolver.cpp, line 773]
Event: 53.471 Thread 0x000001c5f24e0800 Exception <a 'java/lang/IncompatibleClassChangeError'{0x0000000088913460}: Found class java.lang.Object, but interface was expected> (0x0000000088913460) thrown at [./src/hotspot/share/interpreter/linkResolver.cpp, line 839]
Event: 53.473 Thread 0x000001c5f24e0800 Exception <a 'java/lang/NoSuchMethodError'{0x0000000088977788}: 'java.lang.Object java.lang.invoke.DirectMethodHandle$Holder.newInvokeSpecial(java.lang.Object, int)'> (0x0000000088977788) thrown at [./src/hotspot/share/interpreter/linkResolver.cpp, line 773]
Event: 53.481 Thread 0x000001c5f24e0800 Exception <a 'java/lang/IncompatibleClassChangeError'{0x00000000889839a8}: Found class java.lang.Object, but interface was expected> (0x00000000889839a8) thrown at [./src/hotspot/share/interpreter/linkResolver.cpp, line 839]
Event: 53.481 Thread 0x000001c5f24db000 Exception <a 'java/lang/IncompatibleClassChangeError'{0x00000000889488f8}: Found class java.lang.Object, but interface was expected> (0x00000000889488f8) thrown at [./src/hotspot/share/interpreter/linkResolver.cpp, line 839]
Event: 53.483 Thread 0x000001c5f24db000 Exception <a 'java/lang/IncompatibleClassChangeError'{0x00000000889df888}: Found class java.lang.Object, but interface was expected> (0x00000000889df888) thrown at [./src/hotspot/share/interpreter/linkResolver.cpp, line 839]
Event: 53.618 Thread 0x000001c5f24e0800 Exception <a 'java/lang/IncompatibleClassChangeError'{0x000000008b591d28}: Found class java.lang.Object, but interface was expected> (0x000000008b591d28) thrown at [./src/hotspot/share/interpreter/linkResolver.cpp, line 839]
Event: 54.470 Thread 0x000001c5f24e0800 Exception <a 'java/lang/NoSuchMethodError'{0x000000008a731588}: 'java.lang.Object java.lang.invoke.DirectMethodHandle$Holder.invokeStatic(java.lang.Object, int, java.lang.Object, java.lang.Object)'> (0x000000008a731588) thrown at [./src/hotspot/share/interpreter/linkResolver.cpp, line 773]
Event: 54.470 Thread 0x000001c5f24db000 Exception <a 'java/lang/NoSuchMethodError'{0x000000008a7154e0}: 'java.lang.Object java.lang.invoke.DirectMethodHandle$Holder.invokeStatic(java.lang.Object, int, java.lang.Object, java.lang.Object)'> (0x000000008a7154e0) thrown at [./src/hotspot/share/interpreter/linkResolver.cpp, line 773]
Event: 55.225 Thread 0x000001c5f24db000 Exception <a 'java/lang/NoSuchMethodError'{0x000000008b6eb340}: 'java.lang.Object java.lang.invoke.DirectMethodHandle$Holder.invokeVirtual(java.lang.Object, java.lang.Object, int, java.lang.Object)'> (0x000000008b6eb340) thrown at [./src/hotspot/share/interpreter/linkResolver.cpp, line 773]
Event: 55.317 Thread 0x000001c5f24db000 Exception <a 'java/lang/NoSuchMethodError'{0x000000008a5fa998}: 'void java.lang.invoke.DirectMethodHandle$Holder.invokeVirtual(java.lang.Object, java.lang.Object, int, java.lang.Object)'> (0x000000008a5fa998) thrown at [./src/hotspot/share/interpreter/linkResolver.cpp, line 773]

Events (20 events):
Event: 58.391 loading class com/android/tools/r8/internal/tA
Event: 58.391 loading class com/android/tools/r8/internal/tA done
Event: 58.391 loading class com/android/tools/r8/internal/QG
Event: 58.391 loading class com/android/tools/r8/internal/QG done
Event: 58.391 loading class com/android/tools/r8/internal/tA
Event: 58.391 loading class com/android/tools/r8/internal/tA done
Event: 58.521 Executing VM operation: ICBufferFull
Event: 58.540 Executing VM operation: ICBufferFull done
Event: 58.564 loading class com/android/tools/r8/code/y0
Event: 58.564 loading class com/android/tools/r8/code/y0 done
Event: 58.564 loading class com/android/tools/r8/code/x0
Event: 58.564 loading class com/android/tools/r8/code/x0 done
Event: 58.582 loading class com/android/tools/r8/code/K2
Event: 58.582 loading class com/android/tools/r8/code/K2 done
Event: 58.582 loading class com/android/tools/r8/code/J2
Event: 58.582 loading class com/android/tools/r8/code/J2 done
Event: 58.584 loading class com/android/tools/r8/internal/ut
Event: 58.584 loading class com/android/tools/r8/internal/ut done
Event: 58.684 Executing VM operation: G1CollectForAllocation
Event: 58.696 Executing VM operation: G1CollectForAllocation done


Dynamic libraries:
0x00007ff70e300000 - 0x00007ff70e30d000 	C:\Program Files\OpenJDK\openjdk-11.0.15_10\bin\java.exe
0x00007ff9caeb0000 - 0x00007ff9cb0a7000 	C:\WINDOWS\SYSTEM32\ntdll.dll
0x00007ff9cac10000 - 0x00007ff9caccd000 	C:\WINDOWS\System32\KERNEL32.DLL
0x00007ff9c8810000 - 0x00007ff9c8add000 	C:\WINDOWS\System32\KERNELBASE.dll
0x00007ff9c8c80000 - 0x00007ff9c8d80000 	C:\WINDOWS\System32\ucrtbase.dll
0x00007ff9a56f0000 - 0x00007ff9a5706000 	C:\Program Files\OpenJDK\openjdk-11.0.15_10\bin\VCRUNTIME140.dll
0x00007ff9a5610000 - 0x00007ff9a5628000 	C:\Program Files\OpenJDK\openjdk-11.0.15_10\bin\jli.dll
0x00007ff9c9d10000 - 0x00007ff9c9eb0000 	C:\WINDOWS\System32\USER32.dll
0x00007ff9b8a90000 - 0x00007ff9b8d2a000 	C:\WINDOWS\WinSxS\amd64_microsoft.windows.common-controls_6595b64144ccf1df_6.0.19041.1110_none_60b5254171f9507e\COMCTL32.dll
0x00007ff9ca2f0000 - 0x00007ff9ca38e000 	C:\WINDOWS\System32\msvcrt.dll
0x00007ff9c8680000 - 0x00007ff9c86a2000 	C:\WINDOWS\System32\win32u.dll
0x00007ff9ca2c0000 - 0x00007ff9ca2ea000 	C:\WINDOWS\System32\GDI32.dll
0x00007ff9c8ae0000 - 0x00007ff9c8beb000 	C:\WINDOWS\System32\gdi32full.dll
0x00007ff9c8720000 - 0x00007ff9c87bd000 	C:\WINDOWS\System32\msvcp_win.dll
0x00007ff9c8f10000 - 0x00007ff9c8f40000 	C:\WINDOWS\System32\IMM32.DLL
0x00007ff989b40000 - 0x00007ff989bea000 	C:\Program Files\OpenJDK\openjdk-11.0.15_10\bin\msvcp140.dll
0x00007ff978240000 - 0x00007ff978d91000 	C:\Program Files\OpenJDK\openjdk-11.0.15_10\bin\server\jvm.dll
0x00007ff9c9560000 - 0x00007ff9c960e000 	C:\WINDOWS\System32\ADVAPI32.dll
0x00007ff9ca080000 - 0x00007ff9ca11c000 	C:\WINDOWS\System32\sechost.dll
0x00007ff9c9b30000 - 0x00007ff9c9c55000 	C:\WINDOWS\System32\RPCRT4.dll
0x00007ff9c9f10000 - 0x00007ff9c9f18000 	C:\WINDOWS\System32\PSAPI.DLL
0x00007ff9c02a0000 - 0x00007ff9c02a9000 	C:\WINDOWS\SYSTEM32\WSOCK32.dll
0x00007ff9bb4b0000 - 0x00007ff9bb4d7000 	C:\WINDOWS\SYSTEM32\WINMM.dll
0x00007ff9cacd0000 - 0x00007ff9cad3b000 	C:\WINDOWS\System32\WS2_32.dll
0x00007ff9bf190000 - 0x00007ff9bf19a000 	C:\WINDOWS\SYSTEM32\VERSION.dll
0x00007ff9c6eb0000 - 0x00007ff9c6ec2000 	C:\WINDOWS\SYSTEM32\kernel.appcore.dll
0x00007ff9a51a0000 - 0x00007ff9a51b1000 	C:\Program Files\OpenJDK\openjdk-11.0.15_10\bin\verify.dll
0x00007ff9c6b70000 - 0x00007ff9c6d54000 	C:\WINDOWS\SYSTEM32\DBGHELP.DLL
0x00007ff9c25c0000 - 0x00007ff9c25ec000 	C:\WINDOWS\SYSTEM32\dbgcore.DLL
0x00007ff9c8bf0000 - 0x00007ff9c8c72000 	C:\WINDOWS\System32\bcryptPrimitives.dll
0x00007ff9a5170000 - 0x00007ff9a5199000 	C:\Program Files\OpenJDK\openjdk-11.0.15_10\bin\java.dll
0x00007ff9a9a10000 - 0x00007ff9a9a1a000 	C:\Program Files\OpenJDK\openjdk-11.0.15_10\bin\jimage.dll
0x00007ff9a3bf0000 - 0x00007ff9a3c08000 	C:\Program Files\OpenJDK\openjdk-11.0.15_10\bin\zip.dll
0x00007ff9ca440000 - 0x00007ff9cab84000 	C:\WINDOWS\System32\SHELL32.dll
0x00007ff9c63d0000 - 0x00007ff9c6b64000 	C:\WINDOWS\SYSTEM32\windows.storage.dll
0x00007ff9c9690000 - 0x00007ff9c99e4000 	C:\WINDOWS\System32\combase.dll
0x00007ff9c8030000 - 0x00007ff9c805c000 	C:\WINDOWS\SYSTEM32\Wldp.dll
0x00007ff9ca390000 - 0x00007ff9ca43d000 	C:\WINDOWS\System32\SHCORE.dll
0x00007ff9c9eb0000 - 0x00007ff9c9f05000 	C:\WINDOWS\System32\shlwapi.dll
0x00007ff9c8510000 - 0x00007ff9c852f000 	C:\WINDOWS\SYSTEM32\profapi.dll
0x00007ff9a3bd0000 - 0x00007ff9a3be9000 	C:\Program Files\OpenJDK\openjdk-11.0.15_10\bin\net.dll
0x00007ff9c00d0000 - 0x00007ff9c01da000 	C:\WINDOWS\SYSTEM32\WINHTTP.dll
0x00007ff9c7d90000 - 0x00007ff9c7dfa000 	C:\WINDOWS\system32\mswsock.dll
0x00007ff9a31a0000 - 0x00007ff9a31b3000 	C:\Program Files\OpenJDK\openjdk-11.0.15_10\bin\nio.dll
0x00007ff9c3dc0000 - 0x00007ff9c3de7000 	C:\Users\Tom\.gradle\native\e1d6ef7f7dcc3fd88c89a11ec53ec762bb8ba0a96d01ffa2cd45eb1d1d8dd5c5\windows-amd64\native-platform.dll
0x00007ff998e90000 - 0x00007ff998fd4000 	C:\Users\Tom\.gradle\native\5664cfc778a61ccfe75a443a1ab52a65af34e5dc3c78e0209fed803814484fcb\windows-amd64\native-platform-file-events.dll
0x00007ff9a9a20000 - 0x00007ff9a9a29000 	C:\Program Files\OpenJDK\openjdk-11.0.15_10\bin\management.dll
0x00007ff9a6560000 - 0x00007ff9a656c000 	C:\Program Files\OpenJDK\openjdk-11.0.15_10\bin\management_ext.dll
0x00007ff9c7f80000 - 0x00007ff9c7f98000 	C:\WINDOWS\SYSTEM32\CRYPTSP.dll
0x00007ff9c7640000 - 0x00007ff9c7674000 	C:\WINDOWS\system32\rsaenh.dll
0x00007ff9c8d80000 - 0x00007ff9c8da7000 	C:\WINDOWS\System32\bcrypt.dll
0x00007ff9c8490000 - 0x00007ff9c84be000 	C:\WINDOWS\SYSTEM32\USERENV.dll
0x00007ff9c7fa0000 - 0x00007ff9c7fac000 	C:\WINDOWS\SYSTEM32\CRYPTBASE.dll
0x00007ff9c7a30000 - 0x00007ff9c7a6b000 	C:\WINDOWS\SYSTEM32\IPHLPAPI.DLL
0x00007ff9cad40000 - 0x00007ff9cad48000 	C:\WINDOWS\System32\NSI.dll
0x00007ff9c0490000 - 0x00007ff9c04a7000 	C:\WINDOWS\SYSTEM32\dhcpcsvc6.DLL
0x00007ff9c0eb0000 - 0x00007ff9c0ecd000 	C:\WINDOWS\SYSTEM32\dhcpcsvc.DLL
0x00007ff9c7ac0000 - 0x00007ff9c7b8b000 	C:\WINDOWS\SYSTEM32\DNSAPI.dll

dbghelp: loaded successfully - version: 4.0.5 - missing functions: none
symbol engine: initialized successfully - sym options: 0x614 - pdb path: .;C:\Program Files\OpenJDK\openjdk-11.0.15_10\bin;C:\WINDOWS\SYSTEM32;C:\WINDOWS\WinSxS\amd64_microsoft.windows.common-controls_6595b64144ccf1df_6.0.19041.1110_none_60b5254171f9507e;C:\Program Files\OpenJDK\openjdk-11.0.15_10\bin\server;C:\Users\Tom\.gradle\native\e1d6ef7f7dcc3fd88c89a11ec53ec762bb8ba0a96d01ffa2cd45eb1d1d8dd5c5\windows-amd64;C:\Users\Tom\.gradle\native\5664cfc778a61ccfe75a443a1ab52a65af34e5dc3c78e0209fed803814484fcb\windows-amd64

VM Arguments:
jvm_args: -XX:MaxMetaspaceSize=512m --add-opens=java.base/java.util=ALL-UNNAMED --add-opens=java.base/java.lang=ALL-UNNAMED --add-opens=java.base/java.lang.invoke=ALL-UNNAMED --add-opens=java.base/java.util=ALL-UNNAMED --add-opens=java.prefs/java.util.prefs=ALL-UNNAMED --add-opens=java.prefs/java.util.prefs=ALL-UNNAMED --add-opens=java.base/java.nio.charset=ALL-UNNAMED --add-opens=java.base/java.net=ALL-UNNAMED --add-opens=java.base/java.util.concurrent.atomic=ALL-UNNAMED -Xmx2048m -Dfile.encoding=windows-1252 -Duser.country=GB -Duser.language=en -Duser.variant 
java_command: org.gradle.launcher.daemon.bootstrap.GradleDaemon 7.3.3
java_class_path (initial): C:\Users\Tom\.gradle\wrapper\dists\gradle-7.3.3-all\4295vidhdd9hd3gbjyw1xqxpo\gradle-7.3.3\lib\gradle-launcher-7.3.3.jar
Launcher Type: SUN_STANDARD

[Global flags]
     intx CICompilerCount                          = 3                                         {product} {ergonomic}
   size_t CompressedClassSpaceSize                 = 528482304                                 {product} {ergonomic}
     uint ConcGCThreads                            = 1                                         {product} {ergonomic}
     uint G1ConcRefinementThreads                  = 4                                         {product} {ergonomic}
   size_t G1HeapRegionSize                         = 1048576                                   {product} {ergonomic}
    uintx GCDrainStackTargetSize                   = 64                                        {product} {ergonomic}
   size_t InitialHeapSize                          = 134217728                                 {product} {ergonomic}
   size_t MarkStackSize                            = 4194304                                   {product} {ergonomic}
   size_t MaxHeapSize                              = 2147483648                                {product} {command line}
   size_t MaxMetaspaceSize                         = 536870912                                 {product} {command line}
   size_t MaxNewSize                               = 1287651328                                {product} {ergonomic}
   size_t MinHeapDeltaBytes                        = 1048576                                   {product} {ergonomic}
    uintx NonNMethodCodeHeapSize                   = 5830732                                {pd product} {ergonomic}
    uintx NonProfiledCodeHeapSize                  = 122913754                              {pd product} {ergonomic}
    uintx ProfiledCodeHeapSize                     = 122913754                              {pd product} {ergonomic}
    uintx ReservedCodeCacheSize                    = 251658240                              {pd product} {ergonomic}
     bool SegmentedCodeCache                       = true                                      {product} {ergonomic}
     bool UseCompressedClassPointers               = true                                 {lp64_product} {ergonomic}
     bool UseCompressedOops                        = true                                 {lp64_product} {ergonomic}
     bool UseG1GC                                  = true                                      {product} {ergonomic}
     bool UseLargePagesIndividualAllocation        = false                                  {pd product} {ergonomic}

Logging:
Log output configuration:
 #0: stdout all=warning uptime,level,tags
 #1: stderr all=off uptime,level,tags

Environment Variables:
JAVA_HOME=C:\Program Files\OpenJDK\openjdk-11.0.15_10
CLASSPATH=C:\Users\Tom\Documents\Programmation\React Native\projectRNcli\android\\gradle\wrapper\gradle-wrapper.jar
PATH=C:\Users\Tom\Documents\Programmation\React Native\projectRNcli\android\node_modules\.bin;C:\Users\Tom\Documents\Programmation\React Native\projectRNcli\node_modules\.bin;C:\Users\Tom\Documents\Programmation\React Native\node_modules\.bin;C:\Users\Tom\Documents\Programmation\node_modules\.bin;C:\Users\Tom\Documents\node_modules\.bin;C:\Users\Tom\node_modules\.bin;C:\Users\node_modules\.bin;C:\node_modules\.bin;C:\Program Files\nodejs;C:\Users\Tom\Documents\Programmation\React Native\projectRNcli\node_modules\.bin;C:\Users\Tom\Documents\Programmation\React Native\node_modules\.bin;C:\Users\Tom\Documents\Programmation\node_modules\.bin;C:\Users\Tom\Documents\node_modules\.bin;C:\Users\Tom\node_modules\.bin;C:\Users\node_modules\.bin;C:\node_modules\.bin;C:\Program Files\nodejs\node_modules\npm\node_modules\@npmcli\run-script\lib\node-gyp-bin;C:\Python310\Scripts\;C:\Python310\;C:\Program Files\Common Files\Oracle\Java\javapath;C:\Program Files (x86)\Intel\Intel(R) Management Engine Components\iCLS\;C:\Program Files\Intel\Intel(R) Management Engine Components\iCLS\;C:\windows\system32;C:\windows;C:\windows\System32\Wbem;C:\windows\System32\WindowsPowerShell\v1.0\;C:\Program Files (x86)\Intel\Intel(R) Management Engine Components\DAL;C:\Program Files\Intel\Intel(R) Management Engine Components\DAL;C:\Program Files (x86)\Intel\Intel(R) Management Engine Components\IPT;C:\Program Files\Intel\Intel(R) Management Engine Components\IPT;C:\Program Files (x86)\NVIDIA Corporation\PhysX\Common;C:\WINDOWS\system32;C:\WINDOWS;C:\WINDOWS\System32\Wbem;C:\WINDOWS\System32\WindowsPowerShell\v1.0\;C:\WINDOWS\System32\OpenSSH\;C:\Program Files\Microchip\xc8\v2.36\bin;C:\ProgramData\chocolatey\bin;C:\Program Files\OpenJDK\openjdk-11.0.15_10\bin;C:\Program Files\nodejs\;C:\Users\Tom\AppData\Local\Microsoft\WindowsApps;C:\Users\Tom\AppData\Local\Programs\Microsoft VS Code\bin;C:\Users\Tom\AppData\Local\Android\Sdk\platform-tools;C:\Users\Tom\AppData\Roaming\npm;C:\Users\Tom\Documents\Pro
USERNAME=Tom
LANG=en_GB.UTF-8
OS=Windows_NT
PROCESSOR_IDENTIFIER=Intel64 Family 6 Model 142 Stepping 10, GenuineIntel



---------------  S Y S T E M  ---------------

OS: Windows 10 , 64 bit Build 19041 (10.0.19041.1741)
OS uptime: 0 days 5:09 hours

CPU:total 4 (initial active 4) (2 cores per cpu, 2 threads per core) family 6 model 142 stepping 10 microcode 0xb4, cmov, cx8, fxsr, mmx, sse, sse2, sse3, ssse3, sse4.1, sse4.2, popcnt, avx, avx2, aes, clmul, erms, 3dnowpref, lzcnt, ht, tsc, tscinvbit, bmi1, bmi2, adx, fma

Memory: 4k page, system-wide physical 8107M (511M free)
TotalPageFile size 8107M (AvailPageFile size 6M)
current process WorkingSet (physical memory assigned to process): 566M, peak: 568M
current process commit charge ("private bytes"): 628M, peak: 630M

vm_info: OpenJDK 64-Bit Server VM (11.0.15+10) for windows-amd64 JRE (11.0.15+10), built on Apr 21 2022 21:29:46 by "tester" with MS VC++ 15.5 (VS2017)

END.
