#
# There is insufficient memory for the Java Runtime Environment to continue.
# Native memory allocation (mmap) failed to map 47185920 bytes for Failed to commit area from 0x000000008de00000 to 0x0000000090b00000 of length 47185920.
# Possible reasons:
#   The system is out of physical RAM or swap space
#   The process is running with CompressedOops enabled, and the Java Heap may be blocking the growth of the native heap
# Possible solutions:
#   Reduce memory load on the system
#   Increase physical memory or swap space
#   Check if swap backing store is full
#   Decrease Java heap size (-Xmx/-Xms)
#   Decrease number of Java threads
#   Decrease Java thread stack sizes (-Xss)
#   Set larger code cache with -XX:ReservedCodeCacheSize=
#   JVM is running with Unscaled Compressed Oops mode in which the Java heap is
#     placed in the first 4GB address space. The Java Heap base address is the
#     maximum limit for the native heap growth. Please use -XX:HeapBaseMinAddress
#     to set the Java Heap base and to place the Java Heap above 4GB virtual address.
# This output file may be truncated or incomplete.
#
#  Out of Memory Error (./src/hotspot/os/windows/os_windows.cpp:3390), pid=6416, tid=14736
#
# JRE version: OpenJDK Runtime Environment 18.9 (11.0.15+10) (build 11.0.15+10)
# Java VM: OpenJDK 64-Bit Server VM 18.9 (11.0.15+10, mixed mode, tiered, compressed oops, g1 gc, windows-amd64)
# No core dump will be written. Minidumps are not enabled by default on client versions of Windows
#

---------------  S U M M A R Y ------------

Command Line: -XX:MaxMetaspaceSize=512m --add-opens=java.base/java.util=ALL-UNNAMED --add-opens=java.base/java.lang=ALL-UNNAMED --add-opens=java.base/java.lang.invoke=ALL-UNNAMED --add-opens=java.base/java.util=ALL-UNNAMED --add-opens=java.prefs/java.util.prefs=ALL-UNNAMED --add-opens=java.prefs/java.util.prefs=ALL-UNNAMED --add-opens=java.base/java.nio.charset=ALL-UNNAMED --add-opens=java.base/java.net=ALL-UNNAMED --add-opens=java.base/java.util.concurrent.atomic=ALL-UNNAMED -Xmx2048m -Dfile.encoding=windows-1252 -Duser.country=GB -Duser.language=en -Duser.variant org.gradle.launcher.daemon.bootstrap.GradleDaemon 7.3.3

Host: Intel(R) Core(TM) i3-7020U CPU @ 2.30GHz, 4 cores, 7G,  Windows 10 , 64 bit Build 19041 (10.0.19041.1741)
Time: Sun Jul  3 16:54:59 2022 Romance Summer Time elapsed time: 94.653116 seconds (0d 0h 1m 34s)

---------------  T H R E A D  ---------------

Current thread (0x0000013451af3800):  VMThread "VM Thread" [stack: 0x0000000100c00000,0x0000000100d00000] [id=14736]

Stack: [0x0000000100c00000,0x0000000100d00000]
[error occurred during error reporting (printing stack bounds), id 0xc0000005, EXCEPTION_ACCESS_VIOLATION (0xc0000005) at pc=0x000001343b2a112d]

Native frames: (J=compiled Java code, j=interpreted, Vv=VM code, C=native code)
V  [jvm.dll+0x64dd3a]
V  [jvm.dll+0x7906c9]
V  [jvm.dll+0x791d9c]
V  [jvm.dll+0x7923c5]
V  [jvm.dll+0x79237b]
V  [jvm.dll+0x64cdd0]
V  [jvm.dll+0x64d4e8]
C  [ntdll.dll+0xa209f]
C  [ntdll.dll+0x51454]
C  [ntdll.dll+0xa0bce]
C  0x000001343b2a112d

VM_Operation (0x0000000103cf9ad0): G1CollectForAllocation, mode: safepoint, requested by thread 0x0000013475085800


---------------  P R O C E S S  ---------------

Threads class SMR info:
_java_thread_list=0x0000013478f2efb0, length=94, elements={
0x0000013431353000, 0x0000013451af7800, 0x0000013451b00000, 0x0000013451b57000,
0x0000013451b5b000, 0x0000013451b5c000, 0x0000013471c61800, 0x0000013471c66000,
0x0000013471c67800, 0x0000013471dd5800, 0x000001347354c800, 0x0000013474021800,
0x00000134749bf800, 0x00000134734cf800, 0x000001347457e800, 0x0000013473f8a800,
0x000001347526f800, 0x000001347419f800, 0x0000013472118000, 0x00000134735a0800,
0x0000013472f6e000, 0x0000013472f68000, 0x0000013472f69800, 0x0000013472f69000,
0x0000013472f6e800, 0x0000013472f6a800, 0x0000013472f6b800, 0x0000013472f6c000,
0x0000013472f6d000, 0x000001347507b800, 0x000001347507e000, 0x000001347507a800,
0x000001347507c800, 0x0000013475078800, 0x000001347507f000, 0x0000013475079000,
0x000001347507f800, 0x000001347507a000, 0x0000013475086000, 0x0000013475083800,
0x0000013475084800, 0x0000013475082000, 0x0000013475081800, 0x0000013475080800,
0x0000013475085800, 0x0000013475087000, 0x0000013475083000, 0x0000013477cd5000,
0x0000013477cd2000, 0x0000013477cd3800, 0x0000013477cd4800, 0x0000013477cd2800,
0x0000013477ccf800, 0x0000013477cd1000, 0x0000013477cd6000, 0x0000013477cd0000,
0x0000013477cdb000, 0x0000013477cda000, 0x0000013477cdb800, 0x0000013477cd9000,
0x0000013477cdc800, 0x0000013477cd6800, 0x0000013477cd7800, 0x0000013477cdd000,
0x0000013477cd8800, 0x0000013477cde000, 0x0000013472d87000, 0x0000013472d88000,
0x0000013472d83000, 0x0000013472d82800, 0x0000013472d86800, 0x0000013472d89000,
0x0000013472d89800, 0x0000013472d84000, 0x0000013472d85800, 0x0000013472d91000,
0x0000013472d8e800, 0x0000013472d8b000, 0x0000013472d8c000, 0x0000013472d8f800,
0x0000013472d8d000, 0x0000013472d90000, 0x00000134742bb000, 0x00000134742be000,
0x00000134742bf000, 0x00000134742c0000, 0x00000134742bd800, 0x00000134742c0800,
0x00000134742c1800, 0x00000134742bc800, 0x00000134742c8000, 0x00000134742c9000,
0x00000134742c3000, 0x000001347c0e7800
}

Java Threads: ( => current thread )
  0x0000013431353000 JavaThread "main" [_thread_blocked, id=8148, stack(0x0000000100600000,0x0000000100700000)]
  0x0000013451af7800 JavaThread "Reference Handler" daemon [_thread_blocked, id=16904, stack(0x0000000100d00000,0x0000000100e00000)]
  0x0000013451b00000 JavaThread "Finalizer" daemon [_thread_blocked, id=10732, stack(0x0000000100e00000,0x0000000100f00000)]
  0x0000013451b57000 JavaThread "Signal Dispatcher" daemon [_thread_blocked, id=14504, stack(0x0000000100f00000,0x0000000101000000)]
  0x0000013451b5b000 JavaThread "Attach Listener" daemon [_thread_blocked, id=3912, stack(0x0000000101000000,0x0000000101100000)]
  0x0000013451b5c000 JavaThread "Service Thread" daemon [_thread_blocked, id=14716, stack(0x0000000101100000,0x0000000101200000)]
  0x0000013471c61800 JavaThread "C2 CompilerThread0" daemon [_thread_blocked, id=3036, stack(0x0000000101200000,0x0000000101300000)]
  0x0000013471c66000 JavaThread "C1 CompilerThread0" daemon [_thread_blocked, id=4208, stack(0x0000000101300000,0x0000000101400000)]
  0x0000013471c67800 JavaThread "Sweeper thread" daemon [_thread_blocked, id=1852, stack(0x0000000101400000,0x0000000101500000)]
  0x0000013471dd5800 JavaThread "Common-Cleaner" daemon [_thread_blocked, id=264, stack(0x0000000101500000,0x0000000101600000)]
  0x000001347354c800 JavaThread "Daemon health stats" [_thread_blocked, id=276, stack(0x0000000101a00000,0x0000000101b00000)]
  0x0000013474021800 JavaThread "Incoming local TCP Connector on port 50358" [_thread_in_native, id=10976, stack(0x0000000101900000,0x0000000101a00000)]
  0x00000134749bf800 JavaThread "Daemon periodic checks" [_thread_blocked, id=17048, stack(0x0000000101b00000,0x0000000101c00000)]
  0x00000134734cf800 JavaThread "Daemon" [_thread_blocked, id=13592, stack(0x0000000101c00000,0x0000000101d00000)]
  0x000001347457e800 JavaThread "Handler for socket connection from /127.0.0.1:50358 to /127.0.0.1:50359" [_thread_in_native, id=12564, stack(0x0000000101d00000,0x0000000101e00000)]
  0x0000013473f8a800 JavaThread "Cancel handler" [_thread_blocked, id=7052, stack(0x0000000101e00000,0x0000000101f00000)]
  0x000001347526f800 JavaThread "Daemon worker" [_thread_blocked, id=13208, stack(0x0000000101f00000,0x0000000102000000)]
  0x000001347419f800 JavaThread "Asynchronous log dispatcher for DefaultDaemonConnection: socket connection from /127.0.0.1:50358 to /127.0.0.1:50359" [_thread_blocked, id=11204, stack(0x0000000102100000,0x0000000102200000)]
  0x0000013472118000 JavaThread "Stdin handler" [_thread_blocked, id=17316, stack(0x0000000102200000,0x0000000102300000)]
  0x00000134735a0800 JavaThread "Daemon client event forwarder" [_thread_blocked, id=12864, stack(0x0000000102300000,0x0000000102400000)]
  0x0000013472f6e000 JavaThread "Cache worker for journal cache (C:\Users\Tom\.gradle\caches\journal-1)" [_thread_blocked, id=13980, stack(0x0000000102000000,0x0000000102100000)]
  0x0000013472f68000 JavaThread "File lock request listener" [_thread_in_native, id=13384, stack(0x0000000102500000,0x0000000102600000)]
  0x0000013472f69800 JavaThread "Cache worker for file hash cache (C:\Users\Tom\.gradle\caches\7.3.3\fileHashes)" [_thread_blocked, id=9712, stack(0x0000000102600000,0x0000000102700000)]
  0x0000013472f69000 JavaThread "Cache worker for file hash cache (C:\Users\Tom\Documents\Programmation\React Native\projectRNcli\android\.gradle\7.3.3\fileHashes)" [_thread_blocked, id=8276, stack(0x0000000102700000,0x0000000102800000)]
  0x0000013472f6e800 JavaThread "File watcher server" daemon [_thread_blocked, id=15928, stack(0x0000000102800000,0x0000000102900000)]
  0x0000013472f6a800 JavaThread "File watcher consumer" daemon [_thread_blocked, id=17400, stack(0x0000000102900000,0x0000000102a00000)]
  0x0000013472f6b800 JavaThread "Cache worker for checksums cache (C:\Users\Tom\Documents\Programmation\React Native\projectRNcli\android\.gradle\7.3.3\checksums)" [_thread_blocked, id=13256, stack(0x0000000102a00000,0x0000000102b00000)]
  0x0000013472f6c000 JavaThread "Cache worker for cache directory md-supplier (C:\Users\Tom\.gradle\caches\7.3.3\md-supplier)" [_thread_blocked, id=7324, stack(0x0000000102b00000,0x0000000102c00000)]
  0x0000013472f6d000 JavaThread "Cache worker for cache directory md-rule (C:\Users\Tom\.gradle\caches\7.3.3\md-rule)" [_thread_blocked, id=17088, stack(0x0000000102d00000,0x0000000102e00000)]
  0x000001347507b800 JavaThread "Cache worker for execution history cache (C:\Users\Tom\.gradle\caches\7.3.3\executionHistory)" [_thread_blocked, id=16680, stack(0x0000000102e00000,0x0000000102f00000)]
  0x000001347507e000 JavaThread "jar transforms" [_thread_blocked, id=18060, stack(0x0000000102f00000,0x0000000103000000)]
  0x000001347507a800 JavaThread "jar transforms Thread 2" [_thread_blocked, id=1448, stack(0x0000000103000000,0x0000000103100000)]
  0x000001347507c800 JavaThread "Cache worker for file content cache (C:\Users\Tom\.gradle\caches\7.3.3\fileContent)" [_thread_blocked, id=6860, stack(0x0000000103100000,0x0000000103200000)]
  0x0000013475078800 JavaThread "jar transforms Thread 3" [_thread_blocked, id=14952, stack(0x0000000103200000,0x0000000103300000)]
  0x000001347507f000 JavaThread "jar transforms Thread 4" [_thread_blocked, id=17288, stack(0x0000000103300000,0x0000000103400000)]
  0x0000013475079000 JavaThread "Cache worker for kotlin-dsl (C:\Users\Tom\.gradle\caches\7.3.3\kotlin-dsl)" [_thread_blocked, id=16408, stack(0x0000000103400000,0x0000000103500000)]
  0x000001347507f800 JavaThread "Cache worker for dependencies-accessors (C:\Users\Tom\Documents\Programmation\React Native\projectRNcli\android\.gradle\7.3.3\dependencies-accessors)" [_thread_blocked, id=2200, stack(0x0000000103500000,0x0000000103600000)]
  0x000001347507a000 JavaThread "Cache worker for Build Output Cleanup Cache (C:\Users\Tom\Documents\Programmation\React Native\projectRNcli\node_modules\react-native-gradle-plugin\.gradle\buildOutputCleanup)" [_thread_blocked, id=13332, stack(0x0000000102c00000,0x0000000102d00000)]
  0x0000013475086000 JavaThread "Unconstrained build operations" [_thread_blocked, id=11928, stack(0x0000000103600000,0x0000000103700000)]
  0x0000013475083800 JavaThread "Unconstrained build operations Thread 2" [_thread_blocked, id=12504, stack(0x0000000103700000,0x0000000103800000)]
  0x0000013475084800 JavaThread "Unconstrained build operations Thread 3" [_thread_blocked, id=8952, stack(0x0000000103800000,0x0000000103900000)]
  0x0000013475082000 JavaThread "Unconstrained build operations Thread 4" [_thread_blocked, id=13560, stack(0x0000000103900000,0x0000000103a00000)]
  0x0000013475081800 JavaThread "Unconstrained build operations Thread 5" [_thread_blocked, id=3956, stack(0x0000000103a00000,0x0000000103b00000)]
  0x0000013475080800 JavaThread "Unconstrained build operations Thread 6" [_thread_blocked, id=16536, stack(0x0000000103b00000,0x0000000103c00000)]
  0x0000013475085800 JavaThread "Unconstrained build operations Thread 7" [_thread_blocked, id=11036, stack(0x0000000103c00000,0x0000000103d00000)]
  0x0000013475087000 JavaThread "Unconstrained build operations Thread 8" [_thread_blocked, id=8284, stack(0x0000000103d00000,0x0000000103e00000)]
  0x0000013475083000 JavaThread "Unconstrained build operations Thread 9" [_thread_blocked, id=17680, stack(0x0000000103e00000,0x0000000103f00000)]
  0x0000013477cd5000 JavaThread "Unconstrained build operations Thread 10" [_thread_blocked, id=5724, stack(0x0000000103f00000,0x0000000104000000)]
  0x0000013477cd2000 JavaThread "Unconstrained build operations Thread 11" [_thread_blocked, id=9820, stack(0x0000000104000000,0x0000000104100000)]
  0x0000013477cd3800 JavaThread "Unconstrained build operations Thread 12" [_thread_blocked, id=17020, stack(0x0000000104100000,0x0000000104200000)]
  0x0000013477cd4800 JavaThread "Unconstrained build operations Thread 13" [_thread_blocked, id=2068, stack(0x0000000104200000,0x0000000104300000)]
  0x0000013477cd2800 JavaThread "Unconstrained build operations Thread 14" [_thread_blocked, id=14996, stack(0x0000000104300000,0x0000000104400000)]
  0x0000013477ccf800 JavaThread "Unconstrained build operations Thread 15" [_thread_blocked, id=14476, stack(0x0000000104400000,0x0000000104500000)]
  0x0000013477cd1000 JavaThread "Unconstrained build operations Thread 16" [_thread_blocked, id=3100, stack(0x0000000104500000,0x0000000104600000)]
  0x0000013477cd6000 JavaThread "Unconstrained build operations Thread 17" [_thread_blocked, id=18004, stack(0x0000000104600000,0x0000000104700000)]
  0x0000013477cd0000 JavaThread "Unconstrained build operations Thread 18" [_thread_blocked, id=6092, stack(0x0000000104700000,0x0000000104800000)]
  0x0000013477cdb000 JavaThread "Unconstrained build operations Thread 19" [_thread_blocked, id=500, stack(0x0000000104800000,0x0000000104900000)]
  0x0000013477cda000 JavaThread "Unconstrained build operations Thread 20" [_thread_blocked, id=7732, stack(0x0000000104900000,0x0000000104a00000)]
  0x0000013477cdb800 JavaThread "Unconstrained build operations Thread 21" [_thread_blocked, id=9240, stack(0x0000000104a00000,0x0000000104b00000)]
  0x0000013477cd9000 JavaThread "Unconstrained build operations Thread 22" [_thread_blocked, id=2348, stack(0x0000000104b00000,0x0000000104c00000)]
  0x0000013477cdc800 JavaThread "Unconstrained build operations Thread 23" [_thread_blocked, id=16828, stack(0x0000000104c00000,0x0000000104d00000)]
  0x0000013477cd6800 JavaThread "Unconstrained build operations Thread 24" [_thread_blocked, id=6360, stack(0x0000000104d00000,0x0000000104e00000)]
  0x0000013477cd7800 JavaThread "Unconstrained build operations Thread 25" [_thread_blocked, id=12480, stack(0x0000000104e00000,0x0000000104f00000)]
  0x0000013477cdd000 JavaThread "Unconstrained build operations Thread 26" [_thread_blocked, id=9884, stack(0x0000000104f00000,0x0000000105000000)]
  0x0000013477cd8800 JavaThread "Unconstrained build operations Thread 27" [_thread_blocked, id=15932, stack(0x0000000105000000,0x0000000105100000)]
  0x0000013477cde000 JavaThread "Unconstrained build operations Thread 28" [_thread_blocked, id=13460, stack(0x0000000105100000,0x0000000105200000)]
  0x0000013472d87000 JavaThread "Unconstrained build operations Thread 29" [_thread_blocked, id=4412, stack(0x0000000105200000,0x0000000105300000)]
  0x0000013472d88000 JavaThread "Unconstrained build operations Thread 30" [_thread_blocked, id=7080, stack(0x0000000105300000,0x0000000105400000)]
  0x0000013472d83000 JavaThread "Unconstrained build operations Thread 31" [_thread_blocked, id=12444, stack(0x0000000105400000,0x0000000105500000)]
  0x0000013472d82800 JavaThread "Unconstrained build operations Thread 32" [_thread_blocked, id=3368, stack(0x0000000105500000,0x0000000105600000)]
  0x0000013472d86800 JavaThread "Unconstrained build operations Thread 33" [_thread_blocked, id=16404, stack(0x0000000105600000,0x0000000105700000)]
  0x0000013472d89000 JavaThread "build event listener" [_thread_blocked, id=13196, stack(0x0000000105700000,0x0000000105800000)]
  0x0000013472d89800 JavaThread "Memory manager" [_thread_blocked, id=18300, stack(0x0000000105900000,0x0000000105a00000)]
  0x0000013472d84000 JavaThread "Cache worker for Build Output Cleanup Cache (C:\Users\Tom\Documents\Programmation\React Native\projectRNcli\android\.gradle\buildOutputCleanup)" [_thread_blocked, id=7568, stack(0x0000000105800000,0x0000000105900000)]
  0x0000013472d85800 JavaThread "included builds" [_thread_blocked, id=9740, stack(0x0000000105a00000,0x0000000105b00000)]
  0x0000013472d91000 JavaThread "Cache worker for execution history cache (C:\Users\Tom\Documents\Programmation\React Native\projectRNcli\node_modules\react-native-gradle-plugin\.gradle\7.3.3\executionHistory)" [_thread_blocked, id=14824, stack(0x0000000105e00000,0x0000000105f00000)]
  0x0000013472d8e800 JavaThread "Unconstrained build operations Thread 34" [_thread_blocked, id=10412, stack(0x0000000105f00000,0x0000000106000000)]
  0x0000013472d8b000 JavaThread "Unconstrained build operations Thread 35" [_thread_blocked, id=6380, stack(0x0000000106000000,0x0000000106100000)]
  0x0000013472d8c000 JavaThread "Unconstrained build operations Thread 36" [_thread_blocked, id=18164, stack(0x0000000106100000,0x0000000106200000)]
  0x0000013472d8f800 JavaThread "Unconstrained build operations Thread 37" [_thread_blocked, id=8492, stack(0x0000000106200000,0x0000000106300000)]
  0x0000013472d8d000 JavaThread "Unconstrained build operations Thread 38" [_thread_blocked, id=4860, stack(0x0000000106300000,0x0000000106400000)]
  0x0000013472d90000 JavaThread "Unconstrained build operations Thread 39" [_thread_blocked, id=13920, stack(0x0000000106400000,0x0000000106500000)]
  0x00000134742bb000 JavaThread "Unconstrained build operations Thread 40" [_thread_blocked, id=16208, stack(0x0000000106500000,0x0000000106600000)]
  0x00000134742be000 JavaThread "Execution worker for ':'" [_thread_blocked, id=1112, stack(0x0000000100400000,0x0000000100500000)]
  0x00000134742bf000 JavaThread "Execution worker for ':' Thread 2" [_thread_blocked, id=2484, stack(0x0000000100500000,0x0000000100600000)]
  0x00000134742c0000 JavaThread "Execution worker for ':' Thread 3" [_thread_blocked, id=18124, stack(0x0000000105b00000,0x0000000105c00000)]
  0x00000134742bd800 JavaThread "Cache worker for execution history cache (C:\Users\Tom\Documents\Programmation\React Native\projectRNcli\android\.gradle\7.3.3\executionHistory)" [_thread_blocked, id=5740, stack(0x0000000105c00000,0x0000000105d00000)]
  0x00000134742c0800 JavaThread "WorkerExecutor Queue" [_thread_blocked, id=10764, stack(0x0000000105d00000,0x0000000105e00000)]
  0x00000134742c1800 JavaThread "WorkerExecutor Queue Thread 2" [_thread_blocked, id=4060, stack(0x0000000106800000,0x0000000106900000)]
  0x00000134742bc800 JavaThread "pool-3-thread-1" [_thread_blocked, id=14920, stack(0x0000000106b00000,0x0000000106c00000)]
  0x00000134742c8000 JavaThread "stderr" [_thread_in_native, id=16096, stack(0x0000000106c00000,0x0000000106d00000)]
  0x00000134742c9000 JavaThread "stdout" [_thread_in_native, id=16244, stack(0x0000000106d00000,0x0000000106e00000)]
  0x00000134742c3000 JavaThread "WorkerExecutor Queue Thread 3" [_thread_blocked, id=6604, stack(0x0000000106f00000,0x0000000107000000)]
  0x000001347c0e7800 JavaThread "C2 CompilerThread1" daemon [_thread_blocked, id=3904, stack(0x0000000106e00000,0x0000000106f00000)]

Other Threads:
=>0x0000013451af3800 VMThread "VM Thread" [stack: 0x0000000100c00000,0x0000000100d00000] [id=14736]
  0x0000013471e4c800 WatcherThread [stack: 0x0000000101600000,0x0000000101700000] [id=18428]
  0x000001343136b800 GCTaskThread "GC Thread#0" [stack: 0x0000000100700000,0x0000000100800000] [id=7972]
  0x0000013472200800 GCTaskThread "GC Thread#1" [stack: 0x0000000101700000,0x0000000101800000] [id=17788]
  0x0000013471ecc800 GCTaskThread "GC Thread#2" [stack: 0x0000000101800000,0x0000000101900000] [id=15112]
  0x00000134735a1800 GCTaskThread "GC Thread#3" [stack: 0x0000000102400000,0x0000000102500000] [id=7660]
  0x000001343139b800 ConcurrentGCThread "G1 Main Marker" [stack: 0x0000000100800000,0x0000000100900000] [id=16916]
  0x000001343139d000 ConcurrentGCThread "G1 Conc#0" [stack: 0x0000000100900000,0x0000000100a00000] [id=18372]
  0x000001343142c800 ConcurrentGCThread "G1 Refine#0" [stack: 0x0000000100a00000,0x0000000100b00000] [id=17312]
  0x000001343142d800 ConcurrentGCThread "G1 Young RemSet Sampling" [stack: 0x0000000100b00000,0x0000000100c00000] [id=8448]

Threads with active compile tasks:
C2 CompilerThread0    94806 16734       4       com.android.tools.r8.internal.Nv::a (455 bytes)
C1 CompilerThread0    94806 17133   !   3       com.android.tools.r8.internal.Ue::a (828 bytes)
C2 CompilerThread1    94806 17095       4       com.android.tools.r8.internal.XC::b (682 bytes)

VM state:at safepoint (normal execution)

VM Mutex/Monitor currently owned by a thread:  ([mutex/lock_event])
[0x000001343134f200] Threads_lock - owner thread: 0x0000013451af3800
[0x0000013431351690] Heap_lock - owner thread: 0x0000013475085800

Heap address: 0x0000000080000000, size: 2048 MB, Compressed Oops mode: 32-bit
Narrow klass base: 0x0000013451b60000, Narrow klass shift: 0
Compressed class space size: 528482304 Address: 0x0000013451b60000

Heap:
 garbage-first heap   total 273408K, used 141490K [0x0000000080000000, 0x0000000100000000)
  region size 1024K, 6 young (6144K), 6 survivors (6144K)
 Metaspace       used 120058K, capacity 123462K, committed 123848K, reserved 624640K
  class space    used 15295K, capacity 16660K, committed 16768K, reserved 516096K
Heap Regions: E=young(eden), S=young(survivor), O=old, HS=humongous(starts), HC=humongous(continues), CS=collection set, F=free, A=archive, TAMS=top-at-mark-start (previous, next)
|   0|0x0000000080000000, 0x0000000080100000, 0x0000000080100000|100%| O|  |TAMS 0x0000000080100000, 0x0000000080000000| Complete 
|   1|0x0000000080100000, 0x0000000080200000, 0x0000000080200000|100%| O|  |TAMS 0x0000000080200000, 0x0000000080100000| Untracked 
|   2|0x0000000080200000, 0x0000000080300000, 0x0000000080300000|100%| O|  |TAMS 0x0000000080300000, 0x0000000080200000| Untracked 
|   3|0x0000000080300000, 0x0000000080400000, 0x0000000080400000|100%|HS|  |TAMS 0x0000000080400000, 0x0000000080300000| Complete 
|   4|0x0000000080400000, 0x0000000080500000, 0x0000000080500000|100%|HC|  |TAMS 0x0000000080500000, 0x0000000080400000| Complete 
|   5|0x0000000080500000, 0x0000000080600000, 0x0000000080600000|100%|HC|  |TAMS 0x0000000080600000, 0x0000000080500000| Complete 
|   6|0x0000000080600000, 0x0000000080700000, 0x0000000080700000|100%| O|  |TAMS 0x0000000080700000, 0x0000000080600000| Complete 
|   7|0x0000000080700000, 0x0000000080800000, 0x0000000080800000|100%| O|  |TAMS 0x0000000080800000, 0x0000000080700000| Untracked 
|   8|0x0000000080800000, 0x0000000080900000, 0x0000000080900000|100%| O|  |TAMS 0x0000000080900000, 0x0000000080800000| Untracked 
|   9|0x0000000080900000, 0x0000000080a00000, 0x0000000080a00000|100%| O|  |TAMS 0x0000000080a00000, 0x0000000080900000| Untracked 
|  10|0x0000000080a00000, 0x0000000080b00000, 0x0000000080b00000|100%| O|  |TAMS 0x0000000080b00000, 0x0000000080a00000| Untracked 
|  11|0x0000000080b00000, 0x0000000080c00000, 0x0000000080c00000|100%| O|  |TAMS 0x0000000080c00000, 0x0000000080b00000| Untracked 
|  12|0x0000000080c00000, 0x0000000080d00000, 0x0000000080d00000|100%| O|  |TAMS 0x0000000080d00000, 0x0000000080c00000| Untracked 
|  13|0x0000000080d00000, 0x0000000080e00000, 0x0000000080e00000|100%| O|  |TAMS 0x0000000080e00000, 0x0000000080d00000| Untracked 
|  14|0x0000000080e00000, 0x0000000080f00000, 0x0000000080f00000|100%| O|  |TAMS 0x0000000080f00000, 0x0000000080e00000| Untracked 
|  15|0x0000000080f00000, 0x0000000081000000, 0x0000000081000000|100%| O|  |TAMS 0x0000000081000000, 0x0000000080f00000| Untracked 
|  16|0x0000000081000000, 0x0000000081100000, 0x0000000081100000|100%| O|  |TAMS 0x0000000081100000, 0x0000000081000000| Untracked 
|  17|0x0000000081100000, 0x0000000081200000, 0x0000000081200000|100%|HS|  |TAMS 0x0000000081200000, 0x0000000081100000| Complete 
|  18|0x0000000081200000, 0x0000000081300000, 0x0000000081300000|100%| O|  |TAMS 0x0000000081300000, 0x0000000081200000| Untracked 
|  19|0x0000000081300000, 0x0000000081400000, 0x0000000081400000|100%| O|  |TAMS 0x0000000081400000, 0x0000000081300000| Untracked 
|  20|0x0000000081400000, 0x0000000081500000, 0x0000000081500000|100%| O|  |TAMS 0x0000000081500000, 0x0000000081400000| Untracked 
|  21|0x0000000081500000, 0x0000000081600000, 0x0000000081600000|100%| O|  |TAMS 0x0000000081600000, 0x0000000081500000| Untracked 
|  22|0x0000000081600000, 0x0000000081700000, 0x0000000081700000|100%| O|  |TAMS 0x0000000081700000, 0x0000000081600000| Untracked 
|  23|0x0000000081700000, 0x0000000081800000, 0x0000000081800000|100%| O|  |TAMS 0x0000000081800000, 0x0000000081700000| Untracked 
|  24|0x0000000081800000, 0x0000000081900000, 0x0000000081900000|100%| O|  |TAMS 0x0000000081900000, 0x0000000081800000| Untracked 
|  25|0x0000000081900000, 0x0000000081a00000, 0x0000000081a00000|100%| O|  |TAMS 0x0000000081a00000, 0x0000000081900000| Untracked 
|  26|0x0000000081a00000, 0x0000000081b00000, 0x0000000081b00000|100%| O|  |TAMS 0x0000000081b00000, 0x0000000081a00000| Untracked 
|  27|0x0000000081b00000, 0x0000000081c00000, 0x0000000081c00000|100%| O|  |TAMS 0x0000000081c00000, 0x0000000081b00000| Complete 
|  28|0x0000000081c00000, 0x0000000081d00000, 0x0000000081d00000|100%|HS|  |TAMS 0x0000000081d00000, 0x0000000081c00000| Complete 
|  29|0x0000000081d00000, 0x0000000081e00000, 0x0000000081e00000|100%|HC|  |TAMS 0x0000000081e00000, 0x0000000081d00000| Complete 
|  30|0x0000000081e00000, 0x0000000081f00000, 0x0000000081f00000|100%|HC|  |TAMS 0x0000000081f00000, 0x0000000081e00000| Complete 
|  31|0x0000000081f00000, 0x0000000082000000, 0x0000000082000000|100%| O|  |TAMS 0x0000000082000000, 0x0000000081f00000| Untracked 
|  32|0x0000000082000000, 0x0000000082100000, 0x0000000082100000|100%| O|  |TAMS 0x0000000082100000, 0x0000000082000000| Untracked 
|  33|0x0000000082100000, 0x0000000082200000, 0x0000000082200000|100%| O|  |TAMS 0x0000000082200000, 0x0000000082100000| Untracked 
|  34|0x0000000082200000, 0x0000000082300000, 0x0000000082300000|100%| O|  |TAMS 0x0000000082300000, 0x0000000082200000| Untracked 
|  35|0x0000000082300000, 0x0000000082400000, 0x0000000082400000|100%| O|  |TAMS 0x0000000082400000, 0x0000000082300000| Untracked 
|  36|0x0000000082400000, 0x0000000082500000, 0x0000000082500000|100%| O|  |TAMS 0x0000000082500000, 0x0000000082400000| Untracked 
|  37|0x0000000082500000, 0x0000000082600000, 0x0000000082600000|100%| O|  |TAMS 0x0000000082600000, 0x0000000082500000| Complete 
|  38|0x0000000082600000, 0x0000000082700000, 0x0000000082700000|100%| O|  |TAMS 0x0000000082700000, 0x0000000082600000| Untracked 
|  39|0x0000000082700000, 0x0000000082800000, 0x0000000082800000|100%| O|  |TAMS 0x0000000082800000, 0x0000000082700000| Untracked 
|  40|0x0000000082800000, 0x0000000082900000, 0x0000000082900000|100%| O|  |TAMS 0x0000000082900000, 0x0000000082800000| Untracked 
|  41|0x0000000082900000, 0x0000000082a00000, 0x0000000082a00000|100%| O|  |TAMS 0x0000000082a00000, 0x0000000082900000| Untracked 
|  42|0x0000000082a00000, 0x0000000082b00000, 0x0000000082b00000|100%|HS|  |TAMS 0x0000000082b00000, 0x0000000082a00000| Complete 
|  43|0x0000000082b00000, 0x0000000082c00000, 0x0000000082c00000|100%|HS|  |TAMS 0x0000000082c00000, 0x0000000082b00000| Complete 
|  44|0x0000000082c00000, 0x0000000082d00000, 0x0000000082d00000|100%|HS|  |TAMS 0x0000000082d00000, 0x0000000082c00000| Complete 
|  45|0x0000000082d00000, 0x0000000082e00000, 0x0000000082e00000|100%|HC|  |TAMS 0x0000000082e00000, 0x0000000082d00000| Complete 
|  46|0x0000000082e00000, 0x0000000082f00000, 0x0000000082f00000|100%| O|  |TAMS 0x0000000082f00000, 0x0000000082e00000| Untracked 
|  47|0x0000000082f00000, 0x0000000083000000, 0x0000000083000000|100%| O|  |TAMS 0x0000000083000000, 0x0000000082f00000| Untracked 
|  48|0x0000000083000000, 0x0000000083100000, 0x0000000083100000|100%| O|  |TAMS 0x0000000083100000, 0x0000000083000000| Untracked 
|  49|0x0000000083100000, 0x0000000083200000, 0x0000000083200000|100%| O|  |TAMS 0x0000000083200000, 0x0000000083100000| Untracked 
|  50|0x0000000083200000, 0x0000000083300000, 0x0000000083300000|100%| O|  |TAMS 0x0000000083300000, 0x0000000083200000| Untracked 
|  51|0x0000000083300000, 0x0000000083400000, 0x0000000083400000|100%| O|  |TAMS 0x0000000083400000, 0x0000000083300000| Complete 
|  52|0x0000000083400000, 0x0000000083500000, 0x0000000083500000|100%| O|  |TAMS 0x0000000083500000, 0x0000000083400000| Untracked 
|  53|0x0000000083500000, 0x0000000083600000, 0x0000000083600000|100%| O|  |TAMS 0x0000000083600000, 0x0000000083500000| Untracked 
|  54|0x0000000083600000, 0x0000000083700000, 0x0000000083700000|100%| O|  |TAMS 0x0000000083700000, 0x0000000083600000| Untracked 
|  55|0x0000000083700000, 0x0000000083800000, 0x0000000083800000|100%| O|  |TAMS 0x0000000083800000, 0x0000000083700000| Untracked 
|  56|0x0000000083800000, 0x0000000083900000, 0x0000000083900000|100%| O|  |TAMS 0x0000000083900000, 0x0000000083800000| Complete 
|  57|0x0000000083900000, 0x0000000083a00000, 0x0000000083a00000|100%| O|  |TAMS 0x0000000083a00000, 0x0000000083900000| Untracked 
|  58|0x0000000083a00000, 0x0000000083b00000, 0x0000000083b00000|100%| O|  |TAMS 0x0000000083b00000, 0x0000000083a00000| Untracked 
|  59|0x0000000083b00000, 0x0000000083c00000, 0x0000000083c00000|100%| O|  |TAMS 0x0000000083c00000, 0x0000000083b00000| Complete 
|  60|0x0000000083c00000, 0x0000000083d00000, 0x0000000083d00000|100%| O|  |TAMS 0x0000000083d00000, 0x0000000083c00000| Complete 
|  61|0x0000000083d00000, 0x0000000083e00000, 0x0000000083e00000|100%| O|  |TAMS 0x0000000083e00000, 0x0000000083d00000| Untracked 
|  62|0x0000000083e00000, 0x0000000083f00000, 0x0000000083f00000|100%| O|  |TAMS 0x0000000083f00000, 0x0000000083e00000| Untracked 
|  63|0x0000000083f00000, 0x0000000084000000, 0x0000000084000000|100%| O|  |TAMS 0x0000000084000000, 0x0000000083f00000| Untracked 
|  64|0x0000000084000000, 0x0000000084100000, 0x0000000084100000|100%| O|  |TAMS 0x0000000084100000, 0x0000000084000000| Complete 
|  65|0x0000000084100000, 0x0000000084200000, 0x0000000084200000|100%| O|  |TAMS 0x0000000084200000, 0x0000000084100000| Untracked 
|  66|0x0000000084200000, 0x0000000084300000, 0x0000000084300000|100%| O|  |TAMS 0x0000000084300000, 0x0000000084200000| Untracked 
|  67|0x0000000084300000, 0x0000000084400000, 0x0000000084400000|100%| O|  |TAMS 0x0000000084400000, 0x0000000084300000| Untracked 
|  68|0x0000000084400000, 0x0000000084500000, 0x0000000084500000|100%| O|  |TAMS 0x0000000084500000, 0x0000000084400000| Untracked 
|  69|0x0000000084500000, 0x0000000084600000, 0x0000000084600000|100%| O|  |TAMS 0x0000000084600000, 0x0000000084500000| Untracked 
|  70|0x0000000084600000, 0x0000000084700000, 0x0000000084700000|100%| O|  |TAMS 0x0000000084700000, 0x0000000084600000| Untracked 
|  71|0x0000000084700000, 0x0000000084800000, 0x0000000084800000|100%| O|  |TAMS 0x0000000084800000, 0x0000000084700000| Untracked 
|  72|0x0000000084800000, 0x0000000084900000, 0x0000000084900000|100%| O|  |TAMS 0x0000000084900000, 0x0000000084800000| Complete 
|  73|0x0000000084900000, 0x0000000084a00000, 0x0000000084a00000|100%| O|  |TAMS 0x0000000084a00000, 0x0000000084900000| Complete 
|  74|0x0000000084a00000, 0x0000000084b00000, 0x0000000084b00000|100%| O|  |TAMS 0x0000000084b00000, 0x0000000084a00000| Untracked 
|  75|0x0000000084b00000, 0x0000000084c00000, 0x0000000084c00000|100%| O|  |TAMS 0x0000000084c00000, 0x0000000084b00000| Untracked 
|  76|0x0000000084c00000, 0x0000000084d00000, 0x0000000084d00000|100%| O|  |TAMS 0x0000000084d00000, 0x0000000084c00000| Untracked 
|  77|0x0000000084d00000, 0x0000000084e00000, 0x0000000084e00000|100%| O|  |TAMS 0x0000000084e00000, 0x0000000084d00000| Untracked 
|  78|0x0000000084e00000, 0x0000000084f00000, 0x0000000084f00000|100%| O|  |TAMS 0x0000000084f00000, 0x0000000084e00000| Untracked 
|  79|0x0000000084f00000, 0x0000000085000000, 0x0000000085000000|100%| O|  |TAMS 0x0000000085000000, 0x0000000084f00000| Untracked 
|  80|0x0000000085000000, 0x0000000085100000, 0x0000000085100000|100%| O|  |TAMS 0x0000000085100000, 0x0000000085000000| Complete 
|  81|0x0000000085100000, 0x0000000085200000, 0x0000000085200000|100%| O|  |TAMS 0x0000000085200000, 0x0000000085100000| Untracked 
|  82|0x0000000085200000, 0x0000000085300000, 0x0000000085300000|100%| O|  |TAMS 0x0000000085300000, 0x0000000085200000| Untracked 
|  83|0x0000000085300000, 0x0000000085400000, 0x0000000085400000|100%| O|  |TAMS 0x0000000085400000, 0x0000000085300000| Complete 
|  84|0x0000000085400000, 0x0000000085500000, 0x0000000085500000|100%| O|  |TAMS 0x0000000085500000, 0x0000000085400000| Untracked 
|  85|0x0000000085500000, 0x0000000085600000, 0x0000000085600000|100%| O|  |TAMS 0x0000000085600000, 0x0000000085500000| Untracked 
|  86|0x0000000085600000, 0x0000000085700000, 0x0000000085700000|100%| O|  |TAMS 0x0000000085700000, 0x0000000085600000| Untracked 
|  87|0x0000000085700000, 0x0000000085800000, 0x0000000085800000|100%| O|  |TAMS 0x0000000085800000, 0x0000000085700000| Untracked 
|  88|0x0000000085800000, 0x0000000085900000, 0x0000000085900000|100%| O|  |TAMS 0x0000000085900000, 0x0000000085800000| Untracked 
|  89|0x0000000085900000, 0x0000000085a00000, 0x0000000085a00000|100%| O|  |TAMS 0x0000000085a00000, 0x0000000085900000| Untracked 
|  90|0x0000000085a00000, 0x0000000085b00000, 0x0000000085b00000|100%| O|  |TAMS 0x0000000085b00000, 0x0000000085a00000| Untracked 
|  91|0x0000000085b00000, 0x0000000085c00000, 0x0000000085c00000|100%| O|  |TAMS 0x0000000085c00000, 0x0000000085b00000| Untracked 
|  92|0x0000000085c00000, 0x0000000085d00000, 0x0000000085d00000|100%| O|  |TAMS 0x0000000085d00000, 0x0000000085c00000| Untracked 
|  93|0x0000000085d00000, 0x0000000085e00000, 0x0000000085e00000|100%| O|  |TAMS 0x0000000085e00000, 0x0000000085d00000| Untracked 
|  94|0x0000000085e00000, 0x0000000085f00000, 0x0000000085f00000|100%| O|  |TAMS 0x0000000085f00000, 0x0000000085e00000| Untracked 
|  95|0x0000000085f00000, 0x0000000086000000, 0x0000000086000000|100%| O|  |TAMS 0x0000000086000000, 0x0000000085f00000| Complete 
|  96|0x0000000086000000, 0x0000000086100000, 0x0000000086100000|100%| O|  |TAMS 0x0000000086100000, 0x0000000086000000| Untracked 
|  97|0x0000000086100000, 0x0000000086200000, 0x0000000086200000|100%| O|  |TAMS 0x0000000086200000, 0x0000000086100000| Untracked 
|  98|0x0000000086200000, 0x0000000086300000, 0x0000000086300000|100%| O|  |TAMS 0x0000000086300000, 0x0000000086200000| Complete 
|  99|0x0000000086300000, 0x0000000086400000, 0x0000000086400000|100%| O|  |TAMS 0x0000000086400000, 0x0000000086300000| Complete 
| 100|0x0000000086400000, 0x0000000086500000, 0x0000000086500000|100%| O|  |TAMS 0x0000000086500000, 0x0000000086400000| Complete 
| 101|0x0000000086500000, 0x0000000086600000, 0x0000000086600000|100%| O|  |TAMS 0x0000000086600000, 0x0000000086500000| Complete 
| 102|0x0000000086600000, 0x0000000086700000, 0x0000000086700000|100%| O|  |TAMS 0x0000000086700000, 0x0000000086600000| Complete 
| 103|0x0000000086700000, 0x0000000086800000, 0x0000000086800000|100%|HS|  |TAMS 0x0000000086800000, 0x0000000086700000| Complete 
| 104|0x0000000086800000, 0x0000000086900000, 0x0000000086900000|100%|HC|  |TAMS 0x0000000086900000, 0x0000000086800000| Complete 
| 105|0x0000000086900000, 0x0000000086a00000, 0x0000000086a00000|100%| O|  |TAMS 0x0000000086a00000, 0x0000000086900000| Untracked 
| 106|0x0000000086a00000, 0x0000000086b00000, 0x0000000086b00000|100%| O|  |TAMS 0x0000000086b00000, 0x0000000086a00000| Complete 
| 107|0x0000000086b00000, 0x0000000086c00000, 0x0000000086c00000|100%| O|  |TAMS 0x0000000086c00000, 0x0000000086b00000| Complete 
| 108|0x0000000086c00000, 0x0000000086d00000, 0x0000000086d00000|100%| O|  |TAMS 0x0000000086d00000, 0x0000000086c00000| Complete 
| 109|0x0000000086d00000, 0x0000000086e00000, 0x0000000086e00000|100%| O|  |TAMS 0x0000000086e00000, 0x0000000086d00000| Complete 
| 110|0x0000000086e00000, 0x0000000086f00000, 0x0000000086f00000|100%| O|  |TAMS 0x0000000086f00000, 0x0000000086e00000| Complete 
| 111|0x0000000086f00000, 0x0000000087000000, 0x0000000087000000|100%| O|  |TAMS 0x0000000087000000, 0x0000000086f00000| Complete 
| 112|0x0000000087000000, 0x0000000087100000, 0x0000000087100000|100%| O|  |TAMS 0x0000000087100000, 0x0000000087000000| Complete 
| 113|0x0000000087100000, 0x0000000087200000, 0x0000000087200000|100%| O|  |TAMS 0x0000000087200000, 0x0000000087100000| Complete 
| 114|0x0000000087200000, 0x0000000087300000, 0x0000000087300000|100%| O|  |TAMS 0x0000000087300000, 0x0000000087200000| Complete 
| 115|0x0000000087300000, 0x0000000087400000, 0x0000000087400000|100%| O|  |TAMS 0x0000000087400000, 0x0000000087300000| Complete 
| 116|0x0000000087400000, 0x0000000087500000, 0x0000000087500000|100%| O|  |TAMS 0x0000000087500000, 0x0000000087400000| Complete 
| 117|0x0000000087500000, 0x0000000087600000, 0x0000000087600000|100%| O|  |TAMS 0x0000000087600000, 0x0000000087500000| Complete 
| 118|0x0000000087600000, 0x0000000087700000, 0x0000000087700000|100%| O|  |TAMS 0x0000000087700000, 0x0000000087600000| Complete 
| 119|0x0000000087700000, 0x0000000087800000, 0x0000000087800000|100%| O|  |TAMS 0x0000000087800000, 0x0000000087700000| Untracked 
| 120|0x0000000087800000, 0x0000000087900000, 0x0000000087900000|100%| O|  |TAMS 0x0000000087900000, 0x0000000087800000| Untracked 
| 121|0x0000000087900000, 0x0000000087a00000, 0x0000000087a00000|100%| O|  |TAMS 0x0000000087a00000, 0x0000000087900000| Complete 
| 122|0x0000000087a00000, 0x0000000087b00000, 0x0000000087b00000|100%| O|  |TAMS 0x0000000087b00000, 0x0000000087a00000| Untracked 
| 123|0x0000000087b00000, 0x0000000087c00000, 0x0000000087c00000|100%| O|  |TAMS 0x0000000087c00000, 0x0000000087b00000| Untracked 
| 124|0x0000000087c00000, 0x0000000087d00000, 0x0000000087d00000|100%| O|  |TAMS 0x0000000087d00000, 0x0000000087c00000| Untracked 
| 125|0x0000000087d00000, 0x0000000087e00000, 0x0000000087e00000|100%| O|  |TAMS 0x0000000087e00000, 0x0000000087d00000| Complete 
| 126|0x0000000087e00000, 0x0000000087f00000, 0x0000000087f00000|100%| O|  |TAMS 0x0000000087f00000, 0x0000000087e00000| Untracked 
| 127|0x0000000087f00000, 0x0000000088000000, 0x0000000088000000|100%| O|  |TAMS 0x0000000088000000, 0x0000000087f00000| Untracked 
| 128|0x0000000088000000, 0x0000000088100000, 0x0000000088100000|100%| O|  |TAMS 0x0000000088100000, 0x0000000088000000| Untracked 
| 129|0x0000000088100000, 0x0000000088200000, 0x0000000088200000|100%| O|  |TAMS 0x00000000881c9800, 0x0000000088100000| Untracked 
| 130|0x0000000088200000, 0x0000000088300000, 0x0000000088300000|100%| O|  |TAMS 0x0000000088200000, 0x0000000088200000| Untracked 
| 131|0x0000000088300000, 0x0000000088400000, 0x0000000088400000|100%| O|  |TAMS 0x0000000088300000, 0x0000000088300000| Untracked 
| 132|0x0000000088400000, 0x000000008842ca00, 0x0000000088500000| 17%| O|  |TAMS 0x0000000088400000, 0x0000000088400000| Untracked 
| 133|0x0000000088500000, 0x0000000088500000, 0x0000000088600000|  0%| F|  |TAMS 0x0000000088500000, 0x0000000088500000| Untracked 
| 134|0x0000000088600000, 0x0000000088600000, 0x0000000088700000|  0%| F|  |TAMS 0x0000000088600000, 0x0000000088600000| Untracked 
| 135|0x0000000088700000, 0x0000000088700000, 0x0000000088800000|  0%| F|  |TAMS 0x0000000088700000, 0x0000000088700000| Untracked 
| 136|0x0000000088800000, 0x0000000088800000, 0x0000000088900000|  0%| F|  |TAMS 0x0000000088800000, 0x0000000088800000| Untracked 
| 137|0x0000000088900000, 0x0000000088900000, 0x0000000088a00000|  0%| F|  |TAMS 0x0000000088900000, 0x0000000088900000| Untracked 
| 138|0x0000000088a00000, 0x0000000088a00000, 0x0000000088b00000|  0%| F|  |TAMS 0x0000000088a00000, 0x0000000088a00000| Untracked 
| 139|0x0000000088b00000, 0x0000000088b00000, 0x0000000088c00000|  0%| F|  |TAMS 0x0000000088b00000, 0x0000000088b00000| Untracked 
| 140|0x0000000088c00000, 0x0000000088c00000, 0x0000000088d00000|  0%| F|  |TAMS 0x0000000088c00000, 0x0000000088c00000| Untracked 
| 141|0x0000000088d00000, 0x0000000088d00000, 0x0000000088e00000|  0%| F|  |TAMS 0x0000000088d00000, 0x0000000088d00000| Untracked 
| 142|0x0000000088e00000, 0x0000000088e00000, 0x0000000088f00000|  0%| F|  |TAMS 0x0000000088e00000, 0x0000000088e00000| Untracked 
| 143|0x0000000088f00000, 0x0000000088f00000, 0x0000000089000000|  0%| F|  |TAMS 0x0000000088f00000, 0x0000000088f00000| Untracked 
| 144|0x0000000089000000, 0x0000000089000000, 0x0000000089100000|  0%| F|  |TAMS 0x0000000089000000, 0x0000000089000000| Untracked 
| 145|0x0000000089100000, 0x0000000089100000, 0x0000000089200000|  0%| F|  |TAMS 0x0000000089100000, 0x0000000089100000| Untracked 
| 146|0x0000000089200000, 0x0000000089200000, 0x0000000089300000|  0%| F|  |TAMS 0x0000000089200000, 0x0000000089200000| Untracked 
| 147|0x0000000089300000, 0x0000000089300000, 0x0000000089400000|  0%| F|  |TAMS 0x0000000089300000, 0x0000000089300000| Untracked 
| 148|0x0000000089400000, 0x0000000089400000, 0x0000000089500000|  0%| F|  |TAMS 0x0000000089400000, 0x0000000089400000| Untracked 
| 149|0x0000000089500000, 0x0000000089500000, 0x0000000089600000|  0%| F|  |TAMS 0x0000000089500000, 0x0000000089500000| Untracked 
| 150|0x0000000089600000, 0x0000000089600000, 0x0000000089700000|  0%| F|  |TAMS 0x0000000089600000, 0x0000000089600000| Untracked 
| 151|0x0000000089700000, 0x0000000089700000, 0x0000000089800000|  0%| F|  |TAMS 0x0000000089700000, 0x0000000089700000| Untracked 
| 152|0x0000000089800000, 0x0000000089800000, 0x0000000089900000|  0%| F|  |TAMS 0x0000000089800000, 0x0000000089800000| Untracked 
| 153|0x0000000089900000, 0x0000000089900000, 0x0000000089a00000|  0%| F|  |TAMS 0x0000000089900000, 0x0000000089900000| Untracked 
| 154|0x0000000089a00000, 0x0000000089a00000, 0x0000000089b00000|  0%| F|  |TAMS 0x0000000089a00000, 0x0000000089a00000| Untracked 
| 155|0x0000000089b00000, 0x0000000089b00000, 0x0000000089c00000|  0%| F|  |TAMS 0x0000000089b00000, 0x0000000089b00000| Untracked 
| 156|0x0000000089c00000, 0x0000000089c00000, 0x0000000089d00000|  0%| F|  |TAMS 0x0000000089c00000, 0x0000000089c00000| Untracked 
| 157|0x0000000089d00000, 0x0000000089d00000, 0x0000000089e00000|  0%| F|  |TAMS 0x0000000089d00000, 0x0000000089d00000| Untracked 
| 158|0x0000000089e00000, 0x0000000089e00000, 0x0000000089f00000|  0%| F|  |TAMS 0x0000000089e00000, 0x0000000089e00000| Untracked 
| 159|0x0000000089f00000, 0x0000000089f00000, 0x000000008a000000|  0%| F|  |TAMS 0x0000000089f00000, 0x0000000089f00000| Untracked 
| 160|0x000000008a000000, 0x000000008a000000, 0x000000008a100000|  0%| F|  |TAMS 0x000000008a000000, 0x000000008a000000| Untracked 
| 161|0x000000008a100000, 0x000000008a100000, 0x000000008a200000|  0%| F|  |TAMS 0x000000008a100000, 0x000000008a100000| Untracked 
| 162|0x000000008a200000, 0x000000008a200000, 0x000000008a300000|  0%| F|  |TAMS 0x000000008a200000, 0x000000008a200000| Untracked 
| 163|0x000000008a300000, 0x000000008a300000, 0x000000008a400000|  0%| F|  |TAMS 0x000000008a300000, 0x000000008a300000| Untracked 
| 164|0x000000008a400000, 0x000000008a400000, 0x000000008a500000|  0%| F|  |TAMS 0x000000008a400000, 0x000000008a400000| Untracked 
| 165|0x000000008a500000, 0x000000008a500000, 0x000000008a600000|  0%| F|  |TAMS 0x000000008a500000, 0x000000008a500000| Untracked 
| 166|0x000000008a600000, 0x000000008a600000, 0x000000008a700000|  0%| F|  |TAMS 0x000000008a600000, 0x000000008a600000| Untracked 
| 167|0x000000008a700000, 0x000000008a700000, 0x000000008a800000|  0%| F|  |TAMS 0x000000008a700000, 0x000000008a700000| Untracked 
| 168|0x000000008a800000, 0x000000008a900000, 0x000000008a900000|100%| S|CS|TAMS 0x000000008a800000, 0x000000008a800000| Complete 
| 169|0x000000008a900000, 0x000000008aa00000, 0x000000008aa00000|100%| S|CS|TAMS 0x000000008a900000, 0x000000008a900000| Complete 
| 170|0x000000008aa00000, 0x000000008ab00000, 0x000000008ab00000|100%| S|CS|TAMS 0x000000008aa00000, 0x000000008aa00000| Complete 
| 171|0x000000008ab00000, 0x000000008ac00000, 0x000000008ac00000|100%| S|CS|TAMS 0x000000008ab00000, 0x000000008ab00000| Complete 
| 172|0x000000008ac00000, 0x000000008ad00000, 0x000000008ad00000|100%| S|CS|TAMS 0x000000008ac00000, 0x000000008ac00000| Complete 
| 173|0x000000008ad00000, 0x000000008ae00000, 0x000000008ae00000|100%| S|CS|TAMS 0x000000008ad00000, 0x000000008ad00000| Complete 
| 174|0x000000008ae00000, 0x000000008ae00000, 0x000000008af00000|  0%| F|  |TAMS 0x000000008ae00000, 0x000000008ae00000| Untracked 
| 175|0x000000008af00000, 0x000000008af00000, 0x000000008b000000|  0%| F|  |TAMS 0x000000008af00000, 0x000000008af00000| Untracked 
| 176|0x000000008b000000, 0x000000008b000000, 0x000000008b100000|  0%| F|  |TAMS 0x000000008b000000, 0x000000008b000000| Untracked 
| 177|0x000000008b100000, 0x000000008b100000, 0x000000008b200000|  0%| F|  |TAMS 0x000000008b100000, 0x000000008b100000| Untracked 
| 178|0x000000008b200000, 0x000000008b200000, 0x000000008b300000|  0%| F|  |TAMS 0x000000008b200000, 0x000000008b200000| Untracked 
| 179|0x000000008b300000, 0x000000008b300000, 0x000000008b400000|  0%| F|  |TAMS 0x000000008b300000, 0x000000008b300000| Untracked 
| 180|0x000000008b400000, 0x000000008b400000, 0x000000008b500000|  0%| F|  |TAMS 0x000000008b400000, 0x000000008b400000| Untracked 
| 181|0x000000008b500000, 0x000000008b500000, 0x000000008b600000|  0%| F|  |TAMS 0x000000008b500000, 0x000000008b500000| Untracked 
| 182|0x000000008b600000, 0x000000008b600000, 0x000000008b700000|  0%| F|  |TAMS 0x000000008b600000, 0x000000008b600000| Untracked 
| 183|0x000000008b700000, 0x000000008b700000, 0x000000008b800000|  0%| F|  |TAMS 0x000000008b700000, 0x000000008b700000| Untracked 
| 184|0x000000008b800000, 0x000000008b800000, 0x000000008b900000|  0%| F|  |TAMS 0x000000008b800000, 0x000000008b800000| Untracked 
| 185|0x000000008b900000, 0x000000008b900000, 0x000000008ba00000|  0%| F|  |TAMS 0x000000008b900000, 0x000000008b900000| Untracked 
| 186|0x000000008ba00000, 0x000000008ba00000, 0x000000008bb00000|  0%| F|  |TAMS 0x000000008ba00000, 0x000000008ba00000| Untracked 
| 187|0x000000008bb00000, 0x000000008bb00000, 0x000000008bc00000|  0%| F|  |TAMS 0x000000008bb00000, 0x000000008bb00000| Untracked 
| 188|0x000000008bc00000, 0x000000008bc00000, 0x000000008bd00000|  0%| F|  |TAMS 0x000000008bc00000, 0x000000008bc00000| Untracked 
| 189|0x000000008bd00000, 0x000000008bd00000, 0x000000008be00000|  0%| F|  |TAMS 0x000000008bd00000, 0x000000008bd00000| Untracked 
| 190|0x000000008be00000, 0x000000008be00000, 0x000000008bf00000|  0%| F|  |TAMS 0x000000008be00000, 0x000000008be00000| Untracked 
| 191|0x000000008bf00000, 0x000000008bf00000, 0x000000008c000000|  0%| F|  |TAMS 0x000000008bf00000, 0x000000008bf00000| Untracked 
| 192|0x000000008c000000, 0x000000008c000000, 0x000000008c100000|  0%| F|  |TAMS 0x000000008c000000, 0x000000008c000000| Untracked 
| 193|0x000000008c100000, 0x000000008c100000, 0x000000008c200000|  0%| F|  |TAMS 0x000000008c100000, 0x000000008c100000| Untracked 
| 194|0x000000008c200000, 0x000000008c200000, 0x000000008c300000|  0%| F|  |TAMS 0x000000008c200000, 0x000000008c200000| Untracked 
| 195|0x000000008c300000, 0x000000008c300000, 0x000000008c400000|  0%| F|  |TAMS 0x000000008c300000, 0x000000008c300000| Untracked 
| 196|0x000000008c400000, 0x000000008c400000, 0x000000008c500000|  0%| F|  |TAMS 0x000000008c400000, 0x000000008c400000| Untracked 
| 197|0x000000008c500000, 0x000000008c500000, 0x000000008c600000|  0%| F|  |TAMS 0x000000008c500000, 0x000000008c500000| Untracked 
| 198|0x000000008c600000, 0x000000008c600000, 0x000000008c700000|  0%| F|  |TAMS 0x000000008c600000, 0x000000008c600000| Untracked 
| 199|0x000000008c700000, 0x000000008c700000, 0x000000008c800000|  0%| F|  |TAMS 0x000000008c700000, 0x000000008c700000| Untracked 
| 200|0x000000008c800000, 0x000000008c800000, 0x000000008c900000|  0%| F|  |TAMS 0x000000008c800000, 0x000000008c800000| Untracked 
| 201|0x000000008c900000, 0x000000008c900000, 0x000000008ca00000|  0%| F|  |TAMS 0x000000008c900000, 0x000000008c900000| Untracked 
| 202|0x000000008ca00000, 0x000000008ca00000, 0x000000008cb00000|  0%| F|  |TAMS 0x000000008ca00000, 0x000000008ca00000| Untracked 
| 203|0x000000008cb00000, 0x000000008cb00000, 0x000000008cc00000|  0%| F|  |TAMS 0x000000008cb00000, 0x000000008cb00000| Untracked 
| 204|0x000000008cc00000, 0x000000008cc00000, 0x000000008cd00000|  0%| F|  |TAMS 0x000000008cc00000, 0x000000008cc00000| Untracked 
| 205|0x000000008cd00000, 0x000000008cd00000, 0x000000008ce00000|  0%| F|  |TAMS 0x000000008cd00000, 0x000000008cd00000| Untracked 
| 206|0x000000008ce00000, 0x000000008ce00000, 0x000000008cf00000|  0%| F|  |TAMS 0x000000008ce00000, 0x000000008ce00000| Untracked 
| 207|0x000000008cf00000, 0x000000008cf00000, 0x000000008d000000|  0%| F|  |TAMS 0x000000008cf00000, 0x000000008cf00000| Untracked 
| 208|0x000000008d000000, 0x000000008d000000, 0x000000008d100000|  0%| F|  |TAMS 0x000000008d000000, 0x000000008d000000| Untracked 
| 209|0x000000008d100000, 0x000000008d100000, 0x000000008d200000|  0%| F|  |TAMS 0x000000008d100000, 0x000000008d100000| Untracked 
| 210|0x000000008d200000, 0x000000008d200000, 0x000000008d300000|  0%| F|  |TAMS 0x000000008d200000, 0x000000008d200000| Untracked 
| 211|0x000000008d300000, 0x000000008d300000, 0x000000008d400000|  0%| F|  |TAMS 0x000000008d300000, 0x000000008d300000| Untracked 
| 212|0x000000008d400000, 0x000000008d400000, 0x000000008d500000|  0%| F|  |TAMS 0x000000008d400000, 0x000000008d400000| Untracked 
| 213|0x000000008d500000, 0x000000008d500000, 0x000000008d600000|  0%| F|  |TAMS 0x000000008d500000, 0x000000008d500000| Untracked 
| 214|0x000000008d600000, 0x000000008d600000, 0x000000008d700000|  0%| F|  |TAMS 0x000000008d600000, 0x000000008d600000| Untracked 
| 215|0x000000008d700000, 0x000000008d700000, 0x000000008d800000|  0%| F|  |TAMS 0x000000008d700000, 0x000000008d700000| Untracked 
| 216|0x000000008d800000, 0x000000008d800000, 0x000000008d900000|  0%| F|  |TAMS 0x000000008d800000, 0x000000008d800000| Untracked 
| 217|0x000000008d900000, 0x000000008d900000, 0x000000008da00000|  0%| F|  |TAMS 0x000000008d900000, 0x000000008d900000| Untracked 
| 218|0x000000008da00000, 0x000000008da00000, 0x000000008db00000|  0%| F|  |TAMS 0x000000008da00000, 0x000000008da00000| Untracked 
| 219|0x000000008db00000, 0x000000008db00000, 0x000000008dc00000|  0%| F|  |TAMS 0x000000008db00000, 0x000000008db00000| Untracked 
| 220|0x000000008dc00000, 0x000000008dc00000, 0x000000008dd00000|  0%| F|  |TAMS 0x000000008dc00000, 0x000000008dc00000| Untracked 
| 221|0x000000008dd00000, 0x000000008dd00000, 0x000000008de00000|  0%| F|  |TAMS 0x000000008dd00000, 0x000000008dd00000| Untracked 

Card table byte_map: [0x000001344acd0000,0x000001344b0d0000] _byte_map_base: 0x000001344a8d0000

Marking Bits (Prev, Next): (CMBitMap*) 0x0000013431392a28, (CMBitMap*) 0x0000013431392a60
 Prev Bits: [0x000001344b4d0000, 0x000001344d4d0000)
 Next Bits: [0x000001344d4d0000, 0x000001344f4d0000)

Polling page: 0x0000013431430000

Metaspace:

Usage:
  Non-class:    104.30 MB capacity,   102.31 MB ( 98%) used,     1.62 MB (  2%) free+waste,   381.94 KB ( <1%) overhead. 
      Class:     16.27 MB capacity,    14.94 MB ( 92%) used,     1.16 MB (  7%) free+waste,   171.94 KB (  1%) overhead. 
       Both:    120.57 MB capacity,   117.24 MB ( 97%) used,     2.78 MB (  2%) free+waste,   553.88 KB ( <1%) overhead. 

Virtual space:
  Non-class space:      106.00 MB reserved,     104.57 MB ( 99%) committed 
      Class space:      504.00 MB reserved,      16.38 MB (  3%) committed 
             Both:      610.00 MB reserved,     120.95 MB ( 20%) committed 

Chunk freelists:
   Non-Class:  86.00 KB
       Class:  76.00 KB
        Both:  162.00 KB

MaxMetaspaceSize: 512.00 MB
CompressedClassSpaceSize: 504.00 MB
Initial GC threshold: 20.80 MB
Current GC threshold: 201.16 MB
CDS: off

CodeHeap 'non-profiled nmethods': size=120064Kb used=11395Kb max_used=11395Kb free=108668Kb
 bounds [0x0000013442d60000, 0x0000013443890000, 0x000001344a2a0000]
CodeHeap 'profiled nmethods': size=120000Kb used=41051Kb max_used=41051Kb free=78948Kb
 bounds [0x000001343b830000, 0x000001343e050000, 0x0000013442d60000]
CodeHeap 'non-nmethods': size=5696Kb used=2452Kb max_used=2542Kb free=3243Kb
 bounds [0x000001343b2a0000, 0x000001343b530000, 0x000001343b830000]
 total_blobs=17962 nmethods=16976 adapters=896
 compilation: enabled
              stopped_count=0, restarted_count=0
 full_count=0

Compilation events (20 events):
Event: 94.434 Thread 0x0000013471c66000 nmethod 17120 0x000001343e043490 code [0x000001343e043640, 0x000001343e043748]
Event: 94.436 Thread 0x0000013471c66000 17121       2       com.android.tools.r8.internal.b2$c::<init> (15 bytes)
Event: 94.437 Thread 0x0000013471c66000 nmethod 17121 0x000001343e043810 code [0x000001343e043a00, 0x000001343e043e78]
Event: 94.440 Thread 0x0000013471c66000 17122   !   2       com.android.tools.r8.graph.j0$m::b (49 bytes)
Event: 94.441 Thread 0x0000013471c66000 nmethod 17122 0x000001343e044110 code [0x000001343e044380, 0x000001343e044b18]
Event: 94.442 Thread 0x0000013471c66000 17123       2       com.android.tools.r8.internal.Xo::a (97 bytes)
Event: 94.443 Thread 0x0000013471c66000 nmethod 17123 0x000001343e045010 code [0x000001343e045200, 0x000001343e045438]
Event: 94.443 Thread 0x0000013471c66000 17124       2       com.android.tools.r8.internal.Br::a (16 bytes)
Event: 94.443 Thread 0x0000013471c66000 nmethod 17124 0x000001343e045610 code [0x000001343e0457c0, 0x000001343e0458e8]
Event: 94.454 Thread 0x0000013471c66000 17125       2       com.android.tools.r8.graph.z$$Lambda$1517/0x0000013452aab040::apply (14 bytes)
Event: 94.455 Thread 0x0000013471c66000 nmethod 17125 0x000001343e045990 code [0x000001343e045b40, 0x000001343e045ca8]
Event: 94.465 Thread 0x0000013471c66000 17127       2       com.android.tools.r8.internal.qr::a (41 bytes)
Event: 94.465 Thread 0x0000013471c66000 nmethod 17127 0x000001343e045d90 code [0x000001343e045f80, 0x000001343e0462d8]
Event: 94.465 Thread 0x0000013471c66000 17129       2       com.android.tools.r8.internal.aj::a (9 bytes)
Event: 94.466 Thread 0x0000013471c66000 nmethod 17129 0x000001343e046490 code [0x000001343e046640, 0x000001343e046778]
Event: 94.466 Thread 0x0000013471c66000 17128       1       com.android.tools.r8.internal.Dt::a2 (3 bytes)
Event: 94.466 Thread 0x0000013471c66000 nmethod 17128 0x0000013443880b90 code [0x0000013443880d40, 0x0000013443880df8]
Event: 94.505 Thread 0x0000013471c66000 17131       2       com.android.tools.r8.graph.U::a (74 bytes)
Event: 94.506 Thread 0x0000013471c66000 nmethod 17131 0x000001343e046890 code [0x000001343e046a80, 0x000001343e046d08]
Event: 94.507 Thread 0x0000013471c66000 17133   !   3       com.android.tools.r8.internal.Ue::a (828 bytes)

GC Heap History (20 events):
Event: 87.794 GC heap after
{Heap after GC invocations=73 (full 0):
 garbage-first heap   total 157696K, used 119264K [0x0000000080000000, 0x0000000100000000)
  region size 1024K, 2 young (2048K), 2 survivors (2048K)
 Metaspace       used 113313K, capacity 116471K, committed 116808K, reserved 618496K
  class space    used 14466K, capacity 15746K, committed 15872K, reserved 516096K
}
Event: 88.707 GC heap before
{Heap before GC invocations=74 (full 0):
 garbage-first heap   total 157696K, used 129504K [0x0000000080000000, 0x0000000100000000)
  region size 1024K, 13 young (13312K), 2 survivors (2048K)
 Metaspace       used 115545K, capacity 118822K, committed 118984K, reserved 620544K
  class space    used 14864K, capacity 16178K, committed 16256K, reserved 516096K
}
Event: 88.713 GC heap after
{Heap after GC invocations=75 (full 0):
 garbage-first heap   total 157696K, used 119908K [0x0000000080000000, 0x0000000100000000)
  region size 1024K, 1 young (1024K), 1 survivors (1024K)
 Metaspace       used 115545K, capacity 118822K, committed 118984K, reserved 620544K
  class space    used 14864K, capacity 16178K, committed 16256K, reserved 516096K
}
Event: 89.157 GC heap before
{Heap before GC invocations=75 (full 0):
 garbage-first heap   total 157696K, used 131172K [0x0000000080000000, 0x0000000100000000)
  region size 1024K, 12 young (12288K), 1 survivors (1024K)
 Metaspace       used 116375K, capacity 119624K, committed 119880K, reserved 620544K
  class space    used 15004K, capacity 16333K, committed 16384K, reserved 516096K
}
Event: 89.165 GC heap after
{Heap after GC invocations=76 (full 0):
 garbage-first heap   total 189440K, used 120508K [0x0000000080000000, 0x0000000100000000)
  region size 1024K, 2 young (2048K), 2 survivors (2048K)
 Metaspace       used 116375K, capacity 119624K, committed 119880K, reserved 620544K
  class space    used 15004K, capacity 16333K, committed 16384K, reserved 516096K
}
Event: 90.071 GC heap before
{Heap before GC invocations=77 (full 0):
 garbage-first heap   total 189440K, used 145084K [0x0000000080000000, 0x0000000100000000)
  region size 1024K, 26 young (26624K), 2 survivors (2048K)
 Metaspace       used 117279K, capacity 120537K, committed 120776K, reserved 620544K
  class space    used 15066K, capacity 16387K, committed 16512K, reserved 516096K
}
Event: 90.080 GC heap after
{Heap after GC invocations=78 (full 0):
 garbage-first heap   total 189440K, used 121751K [0x0000000080000000, 0x0000000100000000)
  region size 1024K, 3 young (3072K), 3 survivors (3072K)
 Metaspace       used 117279K, capacity 120537K, committed 120776K, reserved 620544K
  class space    used 15066K, capacity 16387K, committed 16512K, reserved 516096K
}
Event: 90.649 GC heap before
{Heap before GC invocations=78 (full 0):
 garbage-first heap   total 189440K, used 147351K [0x0000000080000000, 0x0000000100000000)
  region size 1024K, 29 young (29696K), 3 survivors (3072K)
 Metaspace       used 118490K, capacity 121884K, committed 122184K, reserved 622592K
  class space    used 15191K, capacity 16534K, committed 16640K, reserved 516096K
}
Event: 90.660 GC heap after
{Heap after GC invocations=79 (full 0):
 garbage-first heap   total 189440K, used 122906K [0x0000000080000000, 0x0000000100000000)
  region size 1024K, 4 young (4096K), 4 survivors (4096K)
 Metaspace       used 118490K, capacity 121884K, committed 122184K, reserved 622592K
  class space    used 15191K, capacity 16534K, committed 16640K, reserved 516096K
}
Event: 91.637 GC heap before
{Heap before GC invocations=80 (full 0):
 garbage-first heap   total 189440K, used 149530K [0x0000000080000000, 0x0000000100000000)
  region size 1024K, 31 young (31744K), 4 survivors (4096K)
 Metaspace       used 119331K, capacity 122764K, committed 123080K, reserved 622592K
  class space    used 15290K, capacity 16692K, committed 16768K, reserved 516096K
}
Event: 91.650 GC heap after
{Heap after GC invocations=81 (full 0):
 garbage-first heap   total 189440K, used 123537K [0x0000000080000000, 0x0000000100000000)
  region size 1024K, 2 young (2048K), 2 survivors (2048K)
 Metaspace       used 119331K, capacity 122764K, committed 123080K, reserved 622592K
  class space    used 15290K, capacity 16692K, committed 16768K, reserved 516096K
}
Event: 92.087 GC heap before
{Heap before GC invocations=81 (full 0):
 garbage-first heap   total 189440K, used 152209K [0x0000000080000000, 0x0000000100000000)
  region size 1024K, 31 young (31744K), 2 survivors (2048K)
 Metaspace       used 119458K, capacity 122900K, committed 123080K, reserved 622592K
  class space    used 15295K, capacity 16692K, committed 16768K, reserved 516096K
}
Event: 92.109 GC heap after
{Heap after GC invocations=82 (full 0):
 garbage-first heap   total 227328K, used 128887K [0x0000000080000000, 0x0000000100000000)
  region size 1024K, 4 young (4096K), 4 survivors (4096K)
 Metaspace       used 119458K, capacity 122900K, committed 123080K, reserved 622592K
  class space    used 15295K, capacity 16692K, committed 16768K, reserved 516096K
}
Event: 92.942 GC heap before
{Heap before GC invocations=83 (full 0):
 garbage-first heap   total 227328K, used 172919K [0x0000000080000000, 0x0000000100000000)
  region size 1024K, 47 young (48128K), 4 survivors (4096K)
 Metaspace       used 119677K, capacity 123111K, committed 123336K, reserved 624640K
  class space    used 15265K, capacity 16638K, committed 16768K, reserved 516096K
}
Event: 92.960 GC heap after
{Heap after GC invocations=84 (full 0):
 garbage-first heap   total 227328K, used 132663K [0x0000000080000000, 0x0000000100000000)
  region size 1024K, 4 young (4096K), 4 survivors (4096K)
 Metaspace       used 119677K, capacity 123111K, committed 123336K, reserved 624640K
  class space    used 15265K, capacity 16638K, committed 16768K, reserved 516096K
}
Event: 93.344 GC heap before
{Heap before GC invocations=84 (full 0):
 garbage-first heap   total 227328K, used 176695K [0x0000000080000000, 0x0000000100000000)
  region size 1024K, 47 young (48128K), 4 survivors (4096K)
 Metaspace       used 119804K, capacity 123252K, committed 123592K, reserved 624640K
  class space    used 15269K, capacity 16641K, committed 16768K, reserved 516096K
}
Event: 93.356 GC heap after
{Heap after GC invocations=85 (full 0):
 garbage-first heap   total 227328K, used 134650K [0x0000000080000000, 0x0000000100000000)
  region size 1024K, 2 young (2048K), 2 survivors (2048K)
 Metaspace       used 119804K, capacity 123252K, committed 123592K, reserved 624640K
  class space    used 15269K, capacity 16641K, committed 16768K, reserved 516096K
}
Event: 93.985 GC heap before
{Heap before GC invocations=85 (full 0):
 garbage-first heap   total 227328K, used 179706K [0x0000000080000000, 0x0000000100000000)
  region size 1024K, 46 young (47104K), 2 survivors (2048K)
 Metaspace       used 119900K, capacity 123268K, committed 123592K, reserved 624640K
  class space    used 15278K, capacity 16623K, committed 16768K, reserved 516096K
}
Event: 94.003 GC heap after
{Heap after GC invocations=86 (full 0):
 garbage-first heap   total 227328K, used 134950K [0x0000000080000000, 0x0000000100000000)
  region size 1024K, 2 young (2048K), 2 survivors (2048K)
 Metaspace       used 119900K, capacity 123268K, committed 123592K, reserved 624640K
  class space    used 15278K, capacity 16623K, committed 16768K, reserved 516096K
}
Event: 94.512 GC heap before
{Heap before GC invocations=87 (full 0):
 garbage-first heap   total 227328K, used 181030K [0x0000000080000000, 0x0000000100000000)
  region size 1024K, 48 young (49152K), 2 survivors (2048K)
 Metaspace       used 120058K, capacity 123462K, committed 123848K, reserved 624640K
  class space    used 15295K, capacity 16660K, committed 16768K, reserved 516096K
}

Deoptimization events (20 events):
Event: 94.076 Thread 0x0000013475085800 Uncommon trap: trap_request=0xffffffde fr.pc=0x000001344385895c relative=0x0000000000002f7c
Event: 94.076 Thread 0x0000013475085800 Uncommon trap: reason=class_check action=maybe_recompile pc=0x000001344385895c method=com.android.tools.r8.internal.XC.b(Lcom/android/tools/r8/internal/Gg;)V @ 233 c2
Event: 94.076 Thread 0x0000013475085800 DEOPT PACKING pc=0x000001344385895c sp=0x0000000103cf96f0
Event: 94.076 Thread 0x0000013475085800 DEOPT UNPACKING pc=0x000001343b2ea1af sp=0x0000000103cf96c8 mode 2
Event: 94.076 Thread 0x0000013475085800 Uncommon trap: trap_request=0xffffffde fr.pc=0x000001344385895c relative=0x0000000000002f7c
Event: 94.076 Thread 0x0000013475085800 Uncommon trap: reason=class_check action=maybe_recompile pc=0x000001344385895c method=com.android.tools.r8.internal.XC.b(Lcom/android/tools/r8/internal/Gg;)V @ 233 c2
Event: 94.076 Thread 0x0000013475085800 DEOPT PACKING pc=0x000001344385895c sp=0x0000000103cf97e0
Event: 94.076 Thread 0x0000013475085800 DEOPT UNPACKING pc=0x000001343b2ea1af sp=0x0000000103cf97b8 mode 2
Event: 94.076 Thread 0x0000013475085800 Uncommon trap: trap_request=0xffffffde fr.pc=0x000001344385895c relative=0x0000000000002f7c
Event: 94.076 Thread 0x0000013475085800 Uncommon trap: reason=class_check action=maybe_recompile pc=0x000001344385895c method=com.android.tools.r8.internal.XC.b(Lcom/android/tools/r8/internal/Gg;)V @ 233 c2
Event: 94.076 Thread 0x0000013475085800 DEOPT PACKING pc=0x000001344385895c sp=0x0000000103cf97e0
Event: 94.076 Thread 0x0000013475085800 DEOPT UNPACKING pc=0x000001343b2ea1af sp=0x0000000103cf97b8 mode 2
Event: 94.119 Thread 0x0000013475082000 DEOPT PACKING pc=0x000001343dc4ed2f sp=0x00000001039f9a80
Event: 94.119 Thread 0x0000013475082000 DEOPT UNPACKING pc=0x000001343b2ea95e sp=0x00000001039f9090 mode 0
Event: 94.252 Thread 0x0000013475082000 Uncommon trap: trap_request=0xffffff76 fr.pc=0x00000134438754f4 relative=0x0000000000004214
Event: 94.252 Thread 0x0000013475082000 Uncommon trap: reason=loop_limit_check action=maybe_recompile pc=0x00000134438754f4 method=com.android.tools.r8.internal.Ph.a(I)Z @ 44 c2
Event: 94.252 Thread 0x0000013475082000 DEOPT PACKING pc=0x00000134438754f4 sp=0x00000001039f9730
Event: 94.252 Thread 0x0000013475082000 DEOPT UNPACKING pc=0x000001343b2ea1af sp=0x00000001039f95d0 mode 2
Event: 94.419 Thread 0x0000013475082000 DEOPT PACKING pc=0x000001343dc4601b sp=0x00000001039f9ac0
Event: 94.419 Thread 0x0000013475082000 DEOPT UNPACKING pc=0x000001343b2ea95e sp=0x00000001039f9090 mode 0

Classes redefined (0 events):
No events

Internal exceptions (20 events):
Event: 88.459 Thread 0x0000013472d8b000 Exception <a 'java/lang/NoSuchMethodError'{0x00000000894e5c10}: 'int java.lang.invoke.DirectMethodHandle$Holder.invokeSpecial(java.lang.Object, java.lang.Object, java.lang.Object, int, java.lang.Object)'> (0x00000000894e5c10) thrown at [./src/hotspot/share/interpreter/linkResolver.cpp, line 773]
Event: 89.897 Thread 0x0000013472d8b000 Implicit null exception at 0x0000013443784e90 to 0x0000013443784f9c
Event: 90.265 Thread 0x0000013475085800 Exception <a 'java/lang/IncompatibleClassChangeError'{0x000000008b68e978}: Found class java.lang.Object, but interface was expected> (0x000000008b68e978) thrown at [./src/hotspot/share/interpreter/linkResolver.cpp, line 839]
Event: 90.324 Thread 0x0000013475085800 Exception <a 'java/lang/NoSuchMethodError'{0x000000008b0d1c68}: 'void java.lang.invoke.DirectMethodHandle$Holder.invokeSpecial(java.lang.Object, java.lang.Object, int, java.lang.Object, java.lang.Object, java.lang.Object, java.lang.Object)'> (0x000000008b0d1c68) thrown at [./src/hotspot/share/interpreter/linkResolver.cpp, line 773]
Event: 90.325 Thread 0x0000013475085800 Exception <a 'java/lang/NoSuchMethodError'{0x000000008b0dd6b8}: 'java.lang.Object java.lang.invoke.Invokers$Holder.linkToTargetMethod(java.lang.Object, int, java.lang.Object, java.lang.Object, java.lang.Object, java.lang.Object)'> (0x000000008b0dd6b8) thrown at [./src/hotspot/share/interpreter/linkResolver.cpp, line 773]
Event: 90.326 Thread 0x0000013475085800 Exception <a 'java/lang/NoSuchMethodError'{0x000000008af03d70}: 'void java.lang.invoke.DirectMethodHandle$Holder.invokeSpecial(java.lang.Object, java.lang.Object, java.lang.Object, java.lang.Object, java.lang.Object, java.lang.Object, java.lang.Object, java.lang.Object, java.lang.Object)'> (0x000000008af03d70) thrown at [./src/hotspot/share/interpreter/linkResolver.cpp, line 773]
Event: 90.408 Thread 0x0000013475085800 Exception <a 'java/lang/NoSuchMethodError'{0x000000008af1e9d0}: 'void java.lang.invoke.DirectMethodHandle$Holder.invokeStatic(java.lang.Object, java.lang.Object, java.lang.Object, java.lang.Object, java.lang.Object, java.lang.Object, java.lang.Object, java.lang.Object)'> (0x000000008af1e9d0) thrown at [./src/hotspot/share/interpreter/linkResolver.cpp, line 773]
Event: 90.717 Thread 0x0000013472d8b000 Exception <a 'java/lang/IncompatibleClassChangeError'{0x000000008b8a06c0}: Found class java.lang.Object, but interface was expected> (0x000000008b8a06c0) thrown at [./src/hotspot/share/interpreter/linkResolver.cpp, line 839]
Event: 91.085 Thread 0x0000013472d8b000 Exception <a 'java/lang/NoSuchMethodError'{0x000000008b2f3dd8}: 'void java.lang.invoke.DirectMethodHandle$Holder.invokeVirtual(java.lang.Object, java.lang.Object, int)'> (0x000000008b2f3dd8) thrown at [./src/hotspot/share/interpreter/linkResolver.cpp, line 773]
Event: 91.249 Thread 0x0000013472d8b000 Exception <a 'sun/nio/fs/WindowsException'{0x000000008aead1a8}> (0x000000008aead1a8) thrown at [./src/hotspot/share/prims/jni.cpp, line 617]
Event: 91.333 Thread 0x0000013475085800 Exception <a 'sun/nio/fs/WindowsException'{0x000000008ae54518}> (0x000000008ae54518) thrown at [./src/hotspot/share/prims/jni.cpp, line 617]
Event: 91.539 Thread 0x0000013475082000 Implicit null exception at 0x00000134437e7f5c to 0x00000134437eda2c
Event: 91.973 Thread 0x0000013475085800 Exception <a 'sun/nio/fs/WindowsException'{0x000000008a7909a0}> (0x000000008a7909a0) thrown at [./src/hotspot/share/prims/jni.cpp, line 617]
Event: 92.004 Thread 0x0000013472d8b000 Exception <a 'sun/nio/fs/WindowsException'{0x000000008a2a73a0}> (0x000000008a2a73a0) thrown at [./src/hotspot/share/prims/jni.cpp, line 617]
Event: 93.133 Thread 0x0000013475082000 Implicit null exception at 0x00000134437f5a8c to 0x00000134437f6efc
Event: 93.172 Thread 0x0000013475085800 Exception <a 'java/lang/NoSuchMethodError'{0x000000008c30c780}: 'int java.lang.invoke.DirectMethodHandle$Holder.invokeInterface(java.lang.Object, java.lang.Object, int)'> (0x000000008c30c780) thrown at [./src/hotspot/share/interpreter/linkResolver.cpp, line 773]
Event: 94.199 Thread 0x0000013472d8b000 Exception <a 'sun/nio/fs/WindowsException'{0x000000008d5c5e80}> (0x000000008d5c5e80) thrown at [./src/hotspot/share/prims/jni.cpp, line 617]
Event: 94.238 Thread 0x0000013475085800 Exception <a 'sun/nio/fs/WindowsException'{0x000000008d230a60}> (0x000000008d230a60) thrown at [./src/hotspot/share/prims/jni.cpp, line 617]
Event: 94.305 Thread 0x0000013472d8b000 Exception <a 'sun/nio/fs/WindowsException'{0x000000008cb42b50}> (0x000000008cb42b50) thrown at [./src/hotspot/share/prims/jni.cpp, line 617]
Event: 94.430 Thread 0x0000013475085800 Exception <a 'sun/nio/fs/WindowsException'{0x000000008b9b6e90}> (0x000000008b9b6e90) thrown at [./src/hotspot/share/prims/jni.cpp, line 617]

Events (20 events):
Event: 94.294 Executing VM operation: RevokeBias done
Event: 94.295 Executing VM operation: BulkRevokeBias
Event: 94.299 Executing VM operation: BulkRevokeBias done
Event: 94.327 loading class com/android/tools/r8/internal/a5
Event: 94.327 loading class com/android/tools/r8/internal/a5 done
Event: 94.336 loading class com/android/tools/r8/code/Z3
Event: 94.336 loading class com/android/tools/r8/code/Z3 done
Event: 94.337 loading class com/android/tools/r8/code/b4
Event: 94.337 loading class com/android/tools/r8/code/b4 done
Event: 94.338 loading class com/android/tools/r8/code/d4
Event: 94.338 loading class com/android/tools/r8/code/d4 done
Event: 94.377 loading class com/android/tools/r8/code/c4
Event: 94.377 loading class com/android/tools/r8/code/c4 done
Event: 94.377 loading class com/android/tools/r8/code/e4
Event: 94.377 loading class com/android/tools/r8/code/e4 done
Event: 94.378 loading class com/android/tools/r8/code/a4
Event: 94.378 loading class com/android/tools/r8/code/a4 done
Event: 94.402 Executing VM operation: RevokeBias
Event: 94.403 Executing VM operation: RevokeBias done
Event: 94.510 Executing VM operation: G1CollectForAllocation


Dynamic libraries:
0x00007ff70e300000 - 0x00007ff70e30d000 	C:\Program Files\OpenJDK\openjdk-11.0.15_10\bin\java.exe
0x00007ff9caeb0000 - 0x00007ff9cb0a7000 	C:\WINDOWS\SYSTEM32\ntdll.dll
0x00007ff9cac10000 - 0x00007ff9caccd000 	C:\WINDOWS\System32\KERNEL32.DLL
0x00007ff9c8810000 - 0x00007ff9c8add000 	C:\WINDOWS\System32\KERNELBASE.dll
0x00007ff9c8c80000 - 0x00007ff9c8d80000 	C:\WINDOWS\System32\ucrtbase.dll
0x00007ff9a5610000 - 0x00007ff9a5628000 	C:\Program Files\OpenJDK\openjdk-11.0.15_10\bin\jli.dll
0x00007ff9a56f0000 - 0x00007ff9a5706000 	C:\Program Files\OpenJDK\openjdk-11.0.15_10\bin\VCRUNTIME140.dll
0x00007ff9c9d10000 - 0x00007ff9c9eb0000 	C:\WINDOWS\System32\USER32.dll
0x00007ff9c8680000 - 0x00007ff9c86a2000 	C:\WINDOWS\System32\win32u.dll
0x00007ff9b8a90000 - 0x00007ff9b8d2a000 	C:\WINDOWS\WinSxS\amd64_microsoft.windows.common-controls_6595b64144ccf1df_6.0.19041.1110_none_60b5254171f9507e\COMCTL32.dll
0x00007ff9ca2c0000 - 0x00007ff9ca2ea000 	C:\WINDOWS\System32\GDI32.dll
0x00007ff9ca2f0000 - 0x00007ff9ca38e000 	C:\WINDOWS\System32\msvcrt.dll
0x00007ff9c8ae0000 - 0x00007ff9c8beb000 	C:\WINDOWS\System32\gdi32full.dll
0x00007ff9c8720000 - 0x00007ff9c87bd000 	C:\WINDOWS\System32\msvcp_win.dll
0x00007ff9c8f10000 - 0x00007ff9c8f40000 	C:\WINDOWS\System32\IMM32.DLL
0x00007ff989b40000 - 0x00007ff989bea000 	C:\Program Files\OpenJDK\openjdk-11.0.15_10\bin\msvcp140.dll
0x00007ff978240000 - 0x00007ff978d91000 	C:\Program Files\OpenJDK\openjdk-11.0.15_10\bin\server\jvm.dll
0x00007ff9c9560000 - 0x00007ff9c960e000 	C:\WINDOWS\System32\ADVAPI32.dll
0x00007ff9ca080000 - 0x00007ff9ca11c000 	C:\WINDOWS\System32\sechost.dll
0x00007ff9c9b30000 - 0x00007ff9c9c55000 	C:\WINDOWS\System32\RPCRT4.dll
0x00007ff9c9f10000 - 0x00007ff9c9f18000 	C:\WINDOWS\System32\PSAPI.DLL
0x00007ff9c02a0000 - 0x00007ff9c02a9000 	C:\WINDOWS\SYSTEM32\WSOCK32.dll
0x00007ff9cacd0000 - 0x00007ff9cad3b000 	C:\WINDOWS\System32\WS2_32.dll
0x00007ff9bb4b0000 - 0x00007ff9bb4d7000 	C:\WINDOWS\SYSTEM32\WINMM.dll
0x00007ff9bf190000 - 0x00007ff9bf19a000 	C:\WINDOWS\SYSTEM32\VERSION.dll
0x00007ff9c6eb0000 - 0x00007ff9c6ec2000 	C:\WINDOWS\SYSTEM32\kernel.appcore.dll
0x00007ff9a51a0000 - 0x00007ff9a51b1000 	C:\Program Files\OpenJDK\openjdk-11.0.15_10\bin\verify.dll
0x00007ff9c6b70000 - 0x00007ff9c6d54000 	C:\WINDOWS\SYSTEM32\DBGHELP.DLL
0x00007ff9c25c0000 - 0x00007ff9c25ec000 	C:\WINDOWS\SYSTEM32\dbgcore.DLL
0x00007ff9c8bf0000 - 0x00007ff9c8c72000 	C:\WINDOWS\System32\bcryptPrimitives.dll
0x00007ff9a5170000 - 0x00007ff9a5199000 	C:\Program Files\OpenJDK\openjdk-11.0.15_10\bin\java.dll
0x00007ff9a9a10000 - 0x00007ff9a9a1a000 	C:\Program Files\OpenJDK\openjdk-11.0.15_10\bin\jimage.dll
0x00007ff9a3bf0000 - 0x00007ff9a3c08000 	C:\Program Files\OpenJDK\openjdk-11.0.15_10\bin\zip.dll
0x00007ff9ca440000 - 0x00007ff9cab84000 	C:\WINDOWS\System32\SHELL32.dll
0x00007ff9c63d0000 - 0x00007ff9c6b64000 	C:\WINDOWS\SYSTEM32\windows.storage.dll
0x00007ff9c9690000 - 0x00007ff9c99e4000 	C:\WINDOWS\System32\combase.dll
0x00007ff9c8030000 - 0x00007ff9c805c000 	C:\WINDOWS\SYSTEM32\Wldp.dll
0x00007ff9ca390000 - 0x00007ff9ca43d000 	C:\WINDOWS\System32\SHCORE.dll
0x00007ff9c9eb0000 - 0x00007ff9c9f05000 	C:\WINDOWS\System32\shlwapi.dll
0x00007ff9c8510000 - 0x00007ff9c852f000 	C:\WINDOWS\SYSTEM32\profapi.dll
0x00007ff9a3bd0000 - 0x00007ff9a3be9000 	C:\Program Files\OpenJDK\openjdk-11.0.15_10\bin\net.dll
0x00007ff9c00d0000 - 0x00007ff9c01da000 	C:\WINDOWS\SYSTEM32\WINHTTP.dll
0x00007ff9c7d90000 - 0x00007ff9c7dfa000 	C:\WINDOWS\system32\mswsock.dll
0x00007ff9a31a0000 - 0x00007ff9a31b3000 	C:\Program Files\OpenJDK\openjdk-11.0.15_10\bin\nio.dll
0x00007ff9a3c10000 - 0x00007ff9a3c37000 	C:\Users\Tom\.gradle\native\e1d6ef7f7dcc3fd88c89a11ec53ec762bb8ba0a96d01ffa2cd45eb1d1d8dd5c5\windows-amd64\native-platform.dll
0x00007ff97da60000 - 0x00007ff97dba4000 	C:\Users\Tom\.gradle\native\5664cfc778a61ccfe75a443a1ab52a65af34e5dc3c78e0209fed803814484fcb\windows-amd64\native-platform-file-events.dll
0x00007ff9a9a20000 - 0x00007ff9a9a29000 	C:\Program Files\OpenJDK\openjdk-11.0.15_10\bin\management.dll
0x00007ff9a6560000 - 0x00007ff9a656c000 	C:\Program Files\OpenJDK\openjdk-11.0.15_10\bin\management_ext.dll
0x00007ff9c7f80000 - 0x00007ff9c7f98000 	C:\WINDOWS\SYSTEM32\CRYPTSP.dll
0x00007ff9c7640000 - 0x00007ff9c7674000 	C:\WINDOWS\system32\rsaenh.dll
0x00007ff9c8d80000 - 0x00007ff9c8da7000 	C:\WINDOWS\System32\bcrypt.dll
0x00007ff9c8490000 - 0x00007ff9c84be000 	C:\WINDOWS\SYSTEM32\USERENV.dll
0x00007ff9c7fa0000 - 0x00007ff9c7fac000 	C:\WINDOWS\SYSTEM32\CRYPTBASE.dll
0x00007ff9c7a30000 - 0x00007ff9c7a6b000 	C:\WINDOWS\SYSTEM32\IPHLPAPI.DLL
0x00007ff9cad40000 - 0x00007ff9cad48000 	C:\WINDOWS\System32\NSI.dll
0x00007ff9c0490000 - 0x00007ff9c04a7000 	C:\WINDOWS\SYSTEM32\dhcpcsvc6.DLL
0x00007ff9c0eb0000 - 0x00007ff9c0ecd000 	C:\WINDOWS\SYSTEM32\dhcpcsvc.DLL
0x00007ff9c7ac0000 - 0x00007ff9c7b8b000 	C:\WINDOWS\SYSTEM32\DNSAPI.dll
0x00007ff9c3de0000 - 0x00007ff9c3dee000 	C:\Program Files\OpenJDK\openjdk-11.0.15_10\bin\sunmscapi.dll
0x00007ff9c8db0000 - 0x00007ff9c8f06000 	C:\WINDOWS\System32\CRYPT32.dll
0x00007ff9c80a0000 - 0x00007ff9c80c7000 	C:\WINDOWS\SYSTEM32\ncrypt.dll
0x00007ff9c8060000 - 0x00007ff9c809b000 	C:\WINDOWS\SYSTEM32\NTASN1.dll
0x00007ff9c3db0000 - 0x00007ff9c3dd6000 	C:\Program Files\OpenJDK\openjdk-11.0.15_10\bin\sunec.dll
0x00007ff9b7d60000 - 0x00007ff9b7d6a000 	C:\Windows\System32\rasadhlp.dll
0x00007ff9b9690000 - 0x00007ff9b9710000 	C:\WINDOWS\System32\fwpuclnt.dll
0x00007ff9c5b80000 - 0x00007ff9c5c10000 	C:\WINDOWS\system32\apphelp.dll

dbghelp: loaded successfully - version: 4.0.5 - missing functions: none
symbol engine: initialized successfully - sym options: 0x614 - pdb path: .;C:\Program Files\OpenJDK\openjdk-11.0.15_10\bin;C:\WINDOWS\SYSTEM32;C:\WINDOWS\WinSxS\amd64_microsoft.windows.common-controls_6595b64144ccf1df_6.0.19041.1110_none_60b5254171f9507e;C:\Program Files\OpenJDK\openjdk-11.0.15_10\bin\server;C:\Users\Tom\.gradle\native\e1d6ef7f7dcc3fd88c89a11ec53ec762bb8ba0a96d01ffa2cd45eb1d1d8dd5c5\windows-amd64;C:\Users\Tom\.gradle\native\5664cfc778a61ccfe75a443a1ab52a65af34e5dc3c78e0209fed803814484fcb\windows-amd64

VM Arguments:
jvm_args: -XX:MaxMetaspaceSize=512m --add-opens=java.base/java.util=ALL-UNNAMED --add-opens=java.base/java.lang=ALL-UNNAMED --add-opens=java.base/java.lang.invoke=ALL-UNNAMED --add-opens=java.base/java.util=ALL-UNNAMED --add-opens=java.prefs/java.util.prefs=ALL-UNNAMED --add-opens=java.prefs/java.util.prefs=ALL-UNNAMED --add-opens=java.base/java.nio.charset=ALL-UNNAMED --add-opens=java.base/java.net=ALL-UNNAMED --add-opens=java.base/java.util.concurrent.atomic=ALL-UNNAMED -Xmx2048m -Dfile.encoding=windows-1252 -Duser.country=GB -Duser.language=en -Duser.variant 
java_command: org.gradle.launcher.daemon.bootstrap.GradleDaemon 7.3.3
java_class_path (initial): C:\Users\Tom\.gradle\wrapper\dists\gradle-7.3.3-all\4295vidhdd9hd3gbjyw1xqxpo\gradle-7.3.3\lib\gradle-launcher-7.3.3.jar
Launcher Type: SUN_STANDARD

[Global flags]
     intx CICompilerCount                          = 3                                         {product} {ergonomic}
   size_t CompressedClassSpaceSize                 = 528482304                                 {product} {ergonomic}
     uint ConcGCThreads                            = 1                                         {product} {ergonomic}
     uint G1ConcRefinementThreads                  = 4                                         {product} {ergonomic}
   size_t G1HeapRegionSize                         = 1048576                                   {product} {ergonomic}
    uintx GCDrainStackTargetSize                   = 64                                        {product} {ergonomic}
   size_t InitialHeapSize                          = 134217728                                 {product} {ergonomic}
   size_t MarkStackSize                            = 4194304                                   {product} {ergonomic}
   size_t MaxHeapSize                              = 2147483648                                {product} {command line}
   size_t MaxMetaspaceSize                         = 536870912                                 {product} {command line}
   size_t MaxNewSize                               = 1287651328                                {product} {ergonomic}
   size_t MinHeapDeltaBytes                        = 1048576                                   {product} {ergonomic}
    uintx NonNMethodCodeHeapSize                   = 5830732                                {pd product} {ergonomic}
    uintx NonProfiledCodeHeapSize                  = 122913754                              {pd product} {ergonomic}
    uintx ProfiledCodeHeapSize                     = 122913754                              {pd product} {ergonomic}
    uintx ReservedCodeCacheSize                    = 251658240                              {pd product} {ergonomic}
     bool SegmentedCodeCache                       = true                                      {product} {ergonomic}
     bool UseCompressedClassPointers               = true                                 {lp64_product} {ergonomic}
     bool UseCompressedOops                        = true                                 {lp64_product} {ergonomic}
     bool UseG1GC                                  = true                                      {product} {ergonomic}
     bool UseLargePagesIndividualAllocation        = false                                  {pd product} {ergonomic}

Logging:
Log output configuration:
 #0: stdout all=warning uptime,level,tags
 #1: stderr all=off uptime,level,tags

Environment Variables:
JAVA_HOME=C:\Program Files\OpenJDK\openjdk-11.0.15_10
CLASSPATH=C:\Users\Tom\Documents\Programmation\React Native\projectRNcli\android\\gradle\wrapper\gradle-wrapper.jar
PATH=C:\Users\Tom\Documents\Programmation\React Native\projectRNcli\android\node_modules\.bin;C:\Users\Tom\Documents\Programmation\React Native\projectRNcli\node_modules\.bin;C:\Users\Tom\Documents\Programmation\React Native\node_modules\.bin;C:\Users\Tom\Documents\Programmation\node_modules\.bin;C:\Users\Tom\Documents\node_modules\.bin;C:\Users\Tom\node_modules\.bin;C:\Users\node_modules\.bin;C:\node_modules\.bin;C:\Program Files\nodejs;C:\Users\Tom\Documents\Programmation\React Native\projectRNcli\node_modules\.bin;C:\Users\Tom\Documents\Programmation\React Native\node_modules\.bin;C:\Users\Tom\Documents\Programmation\node_modules\.bin;C:\Users\Tom\Documents\node_modules\.bin;C:\Users\Tom\node_modules\.bin;C:\Users\node_modules\.bin;C:\node_modules\.bin;C:\Program Files\nodejs\node_modules\npm\node_modules\@npmcli\run-script\lib\node-gyp-bin;C:\Python310\Scripts\;C:\Python310\;C:\Program Files\Common Files\Oracle\Java\javapath;C:\Program Files (x86)\Intel\Intel(R) Management Engine Components\iCLS\;C:\Program Files\Intel\Intel(R) Management Engine Components\iCLS\;C:\windows\system32;C:\windows;C:\windows\System32\Wbem;C:\windows\System32\WindowsPowerShell\v1.0\;C:\Program Files (x86)\Intel\Intel(R) Management Engine Components\DAL;C:\Program Files\Intel\Intel(R) Management Engine Components\DAL;C:\Program Files (x86)\Intel\Intel(R) Management Engine Components\IPT;C:\Program Files\Intel\Intel(R) Management Engine Components\IPT;C:\Program Files (x86)\NVIDIA Corporation\PhysX\Common;C:\WINDOWS\system32;C:\WINDOWS;C:\WINDOWS\System32\Wbem;C:\WINDOWS\System32\WindowsPowerShell\v1.0\;C:\WINDOWS\System32\OpenSSH\;C:\Program Files\Microchip\xc8\v2.36\bin;C:\ProgramData\chocolatey\bin;C:\Program Files\OpenJDK\openjdk-11.0.15_10\bin;C:\Program Files\nodejs\;C:\Users\Tom\AppData\Local\Microsoft\WindowsApps;C:\Users\Tom\AppData\Local\Programs\Microsoft VS Code\bin;C:\Users\Tom\AppData\Local\Android\Sdk\platform-tools;C:\Users\Tom\AppData\Roaming\npm;C:\Users\Tom\Documents\Pro
USERNAME=Tom
LANG=en_GB.UTF-8
OS=Windows_NT
PROCESSOR_IDENTIFIER=Intel64 Family 6 Model 142 Stepping 10, GenuineIntel



---------------  S Y S T E M  ---------------

OS: Windows 10 , 64 bit Build 19041 (10.0.19041.1741)
OS uptime: 0 days 5:02 hours

CPU:total 4 (initial active 4) (2 cores per cpu, 2 threads per core) family 6 model 142 stepping 10 microcode 0xb4, cmov, cx8, fxsr, mmx, sse, sse2, sse3, ssse3, sse4.1, sse4.2, popcnt, avx, avx2, aes, clmul, erms, 3dnowpref, lzcnt, ht, tsc, tscinvbit, bmi1, bmi2, adx, fma

Memory: 4k page, system-wide physical 8107M (367M free)
TotalPageFile size 8107M (AvailPageFile size 16M)
current process WorkingSet (physical memory assigned to process): 545M, peak: 545M
current process commit charge ("private bytes"): 598M, peak: 643M

vm_info: OpenJDK 64-Bit Server VM (11.0.15+10) for windows-amd64 JRE (11.0.15+10), built on Apr 21 2022 21:29:46 by "tester" with MS VC++ 15.5 (VS2017)

END.
