#
# There is insufficient memory for the Java Runtime Environment to continue.
# Native memory allocation (malloc) failed to allocate 1073456 bytes for Chunk::new
# Possible reasons:
#   The system is out of physical RAM or swap space
#   The process is running with CompressedOops enabled, and the Java Heap may be blocking the growth of the native heap
# Possible solutions:
#   Reduce memory load on the system
#   Increase physical memory or swap space
#   Check if swap backing store is full
#   Decrease Java heap size (-Xmx/-Xms)
#   Decrease number of Java threads
#   Decrease Java thread stack sizes (-Xss)
#   Set larger code cache with -XX:ReservedCodeCacheSize=
#   JVM is running with Unscaled Compressed Oops mode in which the Java heap is
#     placed in the first 4GB address space. The Java Heap base address is the
#     maximum limit for the native heap growth. Please use -XX:HeapBaseMinAddress
#     to set the Java Heap base and to place the Java Heap above 4GB virtual address.
# This output file may be truncated or incomplete.
#
#  Out of Memory Error (./src/hotspot/share/memory/arena.cpp:197), pid=2808, tid=12740
#
# JRE version: OpenJDK Runtime Environment 18.9 (11.0.15+10) (build 11.0.15+10)
# Java VM: OpenJDK 64-Bit Server VM 18.9 (11.0.15+10, mixed mode, tiered, compressed oops, g1 gc, windows-amd64)
# No core dump will be written. Minidumps are not enabled by default on client versions of Windows
#

---------------  S U M M A R Y ------------

Command Line: -XX:MaxMetaspaceSize=512m --add-opens=java.base/java.util=ALL-UNNAMED --add-opens=java.base/java.lang=ALL-UNNAMED --add-opens=java.base/java.lang.invoke=ALL-UNNAMED --add-opens=java.base/java.util=ALL-UNNAMED --add-opens=java.prefs/java.util.prefs=ALL-UNNAMED --add-opens=java.prefs/java.util.prefs=ALL-UNNAMED --add-opens=java.base/java.nio.charset=ALL-UNNAMED --add-opens=java.base/java.net=ALL-UNNAMED --add-opens=java.base/java.util.concurrent.atomic=ALL-UNNAMED -Xmx2048m -Dfile.encoding=windows-1252 -Duser.country=GB -Duser.language=en -Duser.variant org.gradle.launcher.daemon.bootstrap.GradleDaemon 7.3.3

Host: Intel(R) Core(TM) i3-7020U CPU @ 2.30GHz, 4 cores, 7G,  Windows 10 , 64 bit Build 19041 (10.0.19041.1741)
Time: Sun Jul  3 22:43:22 2022 Romance Summer Time elapsed time: 51.380456 seconds (0d 0h 0m 51s)

---------------  T H R E A D  ---------------

Current thread (0x00000217fd87c000):  JavaThread "C2 CompilerThread0" daemon [_thread_in_native, id=12740, stack(0x000000878bf00000,0x000000878c000000)]


Current CompileTask:
C2:  51380 8982       4       java.lang.Class::privateGetPublicMethods (224 bytes)

Stack: [0x000000878bf00000,0x000000878c000000]
Native frames: (J=compiled Java code, j=interpreted, Vv=VM code, C=native code)
V  [jvm.dll+0x64dd3a]
V  [jvm.dll+0x7906c9]
V  [jvm.dll+0x791d9c]
V  [jvm.dll+0x792463]
V  [jvm.dll+0x265048]
V  [jvm.dll+0xc9da1]
V  [jvm.dll+0xca35c]
V  [jvm.dll+0x2d81f4]
V  [jvm.dll+0x55a6c6]
V  [jvm.dll+0x21fb75]
V  [jvm.dll+0x21d138]
V  [jvm.dll+0x19dd21]
V  [jvm.dll+0x22cc80]
V  [jvm.dll+0x22af81]
V  [jvm.dll+0x75254c]
V  [jvm.dll+0x74b12d]
V  [jvm.dll+0x64c8a6]
C  [ucrtbase.dll+0x21bb2]
C  [KERNEL32.DLL+0x17034]
C  [ntdll.dll+0x52651]


---------------  P R O C E S S  ---------------

Threads class SMR info:
_java_thread_list=0x0000021785c4d270, length=84, elements={
0x00000217deff3800, 0x00000217fd823800, 0x00000217fd82d800, 0x00000217fd872800,
0x00000217fd876800, 0x00000217fd878000, 0x00000217fd87c000, 0x00000217fd87d800,
0x00000217fe1e6000, 0x00000217fe2e6000, 0x00000217ff88b000, 0x00000217fedd4800,
0x0000021781667800, 0x00000217ff038000, 0x00000217ff777000, 0x000002178104d800,
0x00000217ff30c000, 0x0000021780c1d800, 0x00000217ffbd5800, 0x0000021780a58800,
0x00000217ff143000, 0x00000217ff145800, 0x00000217ff148000, 0x00000217ff144000,
0x00000217ff149000, 0x00000217ff14a000, 0x00000217ff146800, 0x00000217ff147800,
0x00000217ff145000, 0x0000021781bf8800, 0x0000021781bfa800, 0x0000021781bf9800,
0x0000021781bfe800, 0x0000021781bfc000, 0x0000021781c01000, 0x0000021781c00000,
0x0000021781bfb000, 0x0000021781bfd000, 0x0000021781c01800, 0x0000021781c02800,
0x0000021781c03800, 0x0000021781bfd800, 0x0000021781c05800, 0x0000021781c06800,
0x0000021781c04000, 0x0000021781c07800, 0x0000021781c05000, 0x0000021780ac7000,
0x0000021780acb000, 0x0000021780ac7800, 0x0000021780ac8800, 0x0000021780ac9800,
0x0000021780aca000, 0x0000021780ac5800, 0x0000021780acc000, 0x0000021780ac6000,
0x0000021780ad0000, 0x0000021780acf000, 0x0000021780ad2800, 0x0000021780acd800,
0x0000021780ace800, 0x0000021780ad1800, 0x0000021780ad0800, 0x0000021780acc800,
0x0000021780ad4000, 0x0000021780ad3000, 0x000002178085b800, 0x0000021780857800,
0x0000021780858800, 0x0000021780859000, 0x0000021780856000, 0x000002178085c800,
0x0000021780856800, 0x000002178085e000, 0x000002178085a000, 0x0000021780860800,
0x000002178085b000, 0x0000021780864800, 0x0000021780861800, 0x0000021780863000,
0x0000021780862000, 0x0000021780864000, 0x0000021786759800, 0x0000021781d6d800
}

Java Threads: ( => current thread )
  0x00000217deff3800 JavaThread "main" [_thread_blocked, id=6380, stack(0x000000878b300000,0x000000878b400000)]
  0x00000217fd823800 JavaThread "Reference Handler" daemon [_thread_blocked, id=13180, stack(0x000000878ba00000,0x000000878bb00000)]
  0x00000217fd82d800 JavaThread "Finalizer" daemon [_thread_blocked, id=628, stack(0x000000878bb00000,0x000000878bc00000)]
  0x00000217fd872800 JavaThread "Signal Dispatcher" daemon [_thread_blocked, id=7016, stack(0x000000878bc00000,0x000000878bd00000)]
  0x00000217fd876800 JavaThread "Attach Listener" daemon [_thread_blocked, id=3100, stack(0x000000878bd00000,0x000000878be00000)]
  0x00000217fd878000 JavaThread "Service Thread" daemon [_thread_blocked, id=12588, stack(0x000000878be00000,0x000000878bf00000)]
=>0x00000217fd87c000 JavaThread "C2 CompilerThread0" daemon [_thread_in_native, id=12740, stack(0x000000878bf00000,0x000000878c000000)]
  0x00000217fd87d800 JavaThread "C1 CompilerThread0" daemon [_thread_blocked, id=11244, stack(0x000000878c000000,0x000000878c100000)]
  0x00000217fe1e6000 JavaThread "Sweeper thread" daemon [_thread_blocked, id=10700, stack(0x000000878c100000,0x000000878c200000)]
  0x00000217fe2e6000 JavaThread "Common-Cleaner" daemon [_thread_blocked, id=5648, stack(0x000000878c200000,0x000000878c300000)]
  0x00000217ff88b000 JavaThread "Daemon health stats" [_thread_blocked, id=9108, stack(0x000000878c700000,0x000000878c800000)]
  0x00000217fedd4800 JavaThread "Incoming local TCP Connector on port 60695" [_thread_in_native, id=9116, stack(0x000000878c600000,0x000000878c700000)]
  0x0000021781667800 JavaThread "Daemon periodic checks" [_thread_blocked, id=12456, stack(0x000000878c900000,0x000000878ca00000)]
  0x00000217ff038000 JavaThread "Daemon" [_thread_blocked, id=5600, stack(0x000000878ca00000,0x000000878cb00000)]
  0x00000217ff777000 JavaThread "Handler for socket connection from /127.0.0.1:60695 to /127.0.0.1:60696" [_thread_in_native, id=12380, stack(0x000000878cb00000,0x000000878cc00000)]
  0x000002178104d800 JavaThread "Cancel handler" [_thread_blocked, id=10724, stack(0x000000878cc00000,0x000000878cd00000)]
  0x00000217ff30c000 JavaThread "Daemon worker" [_thread_in_vm, id=13092, stack(0x000000878cd00000,0x000000878ce00000)]
  0x0000021780c1d800 JavaThread "Asynchronous log dispatcher for DefaultDaemonConnection: socket connection from /127.0.0.1:60695 to /127.0.0.1:60696" [_thread_blocked, id=8072, stack(0x000000878ce00000,0x000000878cf00000)]
  0x00000217ffbd5800 JavaThread "Stdin handler" [_thread_blocked, id=11960, stack(0x000000878cf00000,0x000000878d000000)]
  0x0000021780a58800 JavaThread "Daemon client event forwarder" [_thread_blocked, id=12132, stack(0x000000878d000000,0x000000878d100000)]
  0x00000217ff143000 JavaThread "Cache worker for journal cache (C:\Users\Tom\.gradle\caches\journal-1)" [_thread_blocked, id=7080, stack(0x000000878d100000,0x000000878d200000)]
  0x00000217ff145800 JavaThread "File lock request listener" [_thread_in_native, id=2448, stack(0x000000878d200000,0x000000878d300000)]
  0x00000217ff148000 JavaThread "Cache worker for file hash cache (C:\Users\Tom\.gradle\caches\7.3.3\fileHashes)" [_thread_blocked, id=2144, stack(0x000000878d300000,0x000000878d400000)]
  0x00000217ff144000 JavaThread "Cache worker for file hash cache (C:\Users\Tom\Documents\Programmation\React Native\projectRNcli\android\.gradle\7.3.3\fileHashes)" [_thread_blocked, id=11256, stack(0x000000878d400000,0x000000878d500000)]
  0x00000217ff149000 JavaThread "File watcher server" daemon [_thread_in_native, id=744, stack(0x000000878d600000,0x000000878d700000)]
  0x00000217ff14a000 JavaThread "File watcher consumer" daemon [_thread_blocked, id=8712, stack(0x000000878d700000,0x000000878d800000)]
  0x00000217ff146800 JavaThread "Cache worker for checksums cache (C:\Users\Tom\Documents\Programmation\React Native\projectRNcli\android\.gradle\7.3.3\checksums)" [_thread_blocked, id=4964, stack(0x000000878d500000,0x000000878d600000)]
  0x00000217ff147800 JavaThread "Cache worker for cache directory md-supplier (C:\Users\Tom\.gradle\caches\7.3.3\md-supplier)" [_thread_blocked, id=7684, stack(0x000000878d800000,0x000000878d900000)]
  0x00000217ff145000 JavaThread "Cache worker for cache directory md-rule (C:\Users\Tom\.gradle\caches\7.3.3\md-rule)" [_thread_blocked, id=7592, stack(0x000000878da00000,0x000000878db00000)]
  0x0000021781bf8800 JavaThread "Cache worker for execution history cache (C:\Users\Tom\.gradle\caches\7.3.3\executionHistory)" [_thread_blocked, id=9708, stack(0x000000878db00000,0x000000878dc00000)]
  0x0000021781bfa800 JavaThread "jar transforms" [_thread_blocked, id=9376, stack(0x000000878dc00000,0x000000878dd00000)]
  0x0000021781bf9800 JavaThread "jar transforms Thread 2" [_thread_blocked, id=13216, stack(0x000000878dd00000,0x000000878de00000)]
  0x0000021781bfe800 JavaThread "Cache worker for file content cache (C:\Users\Tom\.gradle\caches\7.3.3\fileContent)" [_thread_blocked, id=9076, stack(0x000000878de00000,0x000000878df00000)]
  0x0000021781bfc000 JavaThread "jar transforms Thread 3" [_thread_blocked, id=11708, stack(0x000000878df00000,0x000000878e000000)]
  0x0000021781c01000 JavaThread "jar transforms Thread 4" [_thread_blocked, id=4724, stack(0x000000878e000000,0x000000878e100000)]
  0x0000021781c00000 JavaThread "Cache worker for kotlin-dsl (C:\Users\Tom\.gradle\caches\7.3.3\kotlin-dsl)" [_thread_blocked, id=3544, stack(0x000000878d900000,0x000000878da00000)]
  0x0000021781bfb000 JavaThread "Cache worker for dependencies-accessors (C:\Users\Tom\Documents\Programmation\React Native\projectRNcli\android\.gradle\7.3.3\dependencies-accessors)" [_thread_blocked, id=10540, stack(0x000000878e200000,0x000000878e300000)]
  0x0000021781bfd000 JavaThread "Cache worker for Build Output Cleanup Cache (C:\Users\Tom\Documents\Programmation\React Native\projectRNcli\node_modules\react-native-gradle-plugin\.gradle\buildOutputCleanup)" [_thread_blocked, id=7172, stack(0x000000878e300000,0x000000878e400000)]
  0x0000021781c01800 JavaThread "Unconstrained build operations" [_thread_blocked, id=9256, stack(0x000000878e100000,0x000000878e200000)]
  0x0000021781c02800 JavaThread "Unconstrained build operations Thread 2" [_thread_blocked, id=11652, stack(0x000000878e400000,0x000000878e500000)]
  0x0000021781c03800 JavaThread "Unconstrained build operations Thread 3" [_thread_blocked, id=11436, stack(0x000000878e500000,0x000000878e600000)]
  0x0000021781bfd800 JavaThread "Unconstrained build operations Thread 4" [_thread_blocked, id=12608, stack(0x000000878e600000,0x000000878e700000)]
  0x0000021781c05800 JavaThread "Unconstrained build operations Thread 5" [_thread_blocked, id=12124, stack(0x000000878e700000,0x000000878e800000)]
  0x0000021781c06800 JavaThread "Unconstrained build operations Thread 6" [_thread_blocked, id=7988, stack(0x000000878e800000,0x000000878e900000)]
  0x0000021781c04000 JavaThread "Unconstrained build operations Thread 7" [_thread_blocked, id=3736, stack(0x000000878e900000,0x000000878ea00000)]
  0x0000021781c07800 JavaThread "Unconstrained build operations Thread 8" [_thread_blocked, id=11748, stack(0x000000878ea00000,0x000000878eb00000)]
  0x0000021781c05000 JavaThread "Unconstrained build operations Thread 9" [_thread_blocked, id=12548, stack(0x000000878eb00000,0x000000878ec00000)]
  0x0000021780ac7000 JavaThread "Unconstrained build operations Thread 10" [_thread_blocked, id=5816, stack(0x000000878ec00000,0x000000878ed00000)]
  0x0000021780acb000 JavaThread "Unconstrained build operations Thread 11" [_thread_blocked, id=7192, stack(0x000000878ed00000,0x000000878ee00000)]
  0x0000021780ac7800 JavaThread "Unconstrained build operations Thread 12" [_thread_blocked, id=12696, stack(0x000000878ee00000,0x000000878ef00000)]
  0x0000021780ac8800 JavaThread "Unconstrained build operations Thread 13" [_thread_blocked, id=8152, stack(0x000000878ef00000,0x000000878f000000)]
  0x0000021780ac9800 JavaThread "Unconstrained build operations Thread 14" [_thread_blocked, id=12728, stack(0x000000878f000000,0x000000878f100000)]
  0x0000021780aca000 JavaThread "Unconstrained build operations Thread 15" [_thread_blocked, id=4344, stack(0x000000878f100000,0x000000878f200000)]
  0x0000021780ac5800 JavaThread "Unconstrained build operations Thread 16" [_thread_blocked, id=12800, stack(0x000000878f200000,0x000000878f300000)]
  0x0000021780acc000 JavaThread "Unconstrained build operations Thread 17" [_thread_blocked, id=2684, stack(0x000000878f300000,0x000000878f400000)]
  0x0000021780ac6000 JavaThread "Unconstrained build operations Thread 18" [_thread_blocked, id=5288, stack(0x000000878f400000,0x000000878f500000)]
  0x0000021780ad0000 JavaThread "Unconstrained build operations Thread 19" [_thread_blocked, id=12572, stack(0x000000878f500000,0x000000878f600000)]
  0x0000021780acf000 JavaThread "Unconstrained build operations Thread 20" [_thread_blocked, id=12920, stack(0x000000878f600000,0x000000878f700000)]
  0x0000021780ad2800 JavaThread "Unconstrained build operations Thread 21" [_thread_blocked, id=10472, stack(0x000000878f700000,0x000000878f800000)]
  0x0000021780acd800 JavaThread "Unconstrained build operations Thread 22" [_thread_blocked, id=5464, stack(0x000000878f800000,0x000000878f900000)]
  0x0000021780ace800 JavaThread "Unconstrained build operations Thread 23" [_thread_blocked, id=12128, stack(0x000000878f900000,0x000000878fa00000)]
  0x0000021780ad1800 JavaThread "Unconstrained build operations Thread 24" [_thread_blocked, id=7664, stack(0x000000878fa00000,0x000000878fb00000)]
  0x0000021780ad0800 JavaThread "Unconstrained build operations Thread 25" [_thread_blocked, id=11092, stack(0x000000878fb00000,0x000000878fc00000)]
  0x0000021780acc800 JavaThread "Unconstrained build operations Thread 26" [_thread_blocked, id=10664, stack(0x000000878fc00000,0x000000878fd00000)]
  0x0000021780ad4000 JavaThread "Unconstrained build operations Thread 27" [_thread_blocked, id=12856, stack(0x000000878fd00000,0x000000878fe00000)]
  0x0000021780ad3000 JavaThread "Unconstrained build operations Thread 28" [_thread_blocked, id=9964, stack(0x000000878fe00000,0x000000878ff00000)]
  0x000002178085b800 JavaThread "Unconstrained build operations Thread 29" [_thread_blocked, id=9532, stack(0x000000878ff00000,0x0000008790000000)]
  0x0000021780857800 JavaThread "Unconstrained build operations Thread 30" [_thread_blocked, id=8996, stack(0x0000008790000000,0x0000008790100000)]
  0x0000021780858800 JavaThread "Unconstrained build operations Thread 31" [_thread_blocked, id=13208, stack(0x0000008790100000,0x0000008790200000)]
  0x0000021780859000 JavaThread "Unconstrained build operations Thread 32" [_thread_blocked, id=11192, stack(0x0000008790200000,0x0000008790300000)]
  0x0000021780856000 JavaThread "Unconstrained build operations Thread 33" [_thread_blocked, id=11388, stack(0x0000008790300000,0x0000008790400000)]
  0x000002178085c800 JavaThread "build event listener" [_thread_blocked, id=12972, stack(0x0000008790500000,0x0000008790600000)]
  0x0000021780856800 JavaThread "Memory manager" [_thread_blocked, id=1976, stack(0x0000008790600000,0x0000008790700000)]
  0x000002178085e000 JavaThread "Cache worker for Build Output Cleanup Cache (C:\Users\Tom\Documents\Programmation\React Native\projectRNcli\android\.gradle\buildOutputCleanup)" [_thread_blocked, id=4656, stack(0x0000008790700000,0x0000008790800000)]
  0x000002178085a000 JavaThread "included builds" [_thread_blocked, id=368, stack(0x0000008790800000,0x0000008790900000)]
  0x0000021780860800 JavaThread "Cache worker for execution history cache (C:\Users\Tom\Documents\Programmation\React Native\projectRNcli\node_modules\react-native-gradle-plugin\.gradle\7.3.3\executionHistory)" [_thread_blocked, id=11348, stack(0x0000008790c00000,0x0000008790d00000)]
  0x000002178085b000 JavaThread "Unconstrained build operations Thread 34" [_thread_blocked, id=8400, stack(0x0000008790d00000,0x0000008790e00000)]
  0x0000021780864800 JavaThread "Unconstrained build operations Thread 35" [_thread_blocked, id=2832, stack(0x0000008790e00000,0x0000008790f00000)]
  0x0000021780861800 JavaThread "Unconstrained build operations Thread 36" [_thread_blocked, id=11352, stack(0x0000008790f00000,0x0000008791000000)]
  0x0000021780863000 JavaThread "Unconstrained build operations Thread 37" [_thread_blocked, id=8944, stack(0x0000008791000000,0x0000008791100000)]
  0x0000021780862000 JavaThread "Unconstrained build operations Thread 38" [_thread_blocked, id=9560, stack(0x0000008791100000,0x0000008791200000)]
  0x0000021780864000 JavaThread "Unconstrained build operations Thread 39" [_thread_blocked, id=2748, stack(0x0000008791200000,0x0000008791300000)]
  0x0000021786759800 JavaThread "Unconstrained build operations Thread 40" [_thread_blocked, id=12600, stack(0x0000008791300000,0x0000008791400000)]
  0x0000021781d6d800 JavaThread "C2 CompilerThread1" daemon [_thread_in_native, id=8048, stack(0x0000008790400000,0x0000008790500000)]

Other Threads:
  0x00000217fd80b800 VMThread "VM Thread" [stack: 0x000000878b900000,0x000000878ba00000] [id=12768]
  0x00000217fe31d800 WatcherThread [stack: 0x000000878c300000,0x000000878c400000] [id=11160]
  0x00000217df00c800 GCTaskThread "GC Thread#0" [stack: 0x000000878b400000,0x000000878b500000] [id=12720]
  0x00000217feda3800 GCTaskThread "GC Thread#1" [stack: 0x000000878c400000,0x000000878c500000] [id=9192]
  0x00000217fe72a000 GCTaskThread "GC Thread#2" [stack: 0x000000878c500000,0x000000878c600000] [id=12904]
  0x00000217ff0a5800 GCTaskThread "GC Thread#3" [stack: 0x000000878c800000,0x000000878c900000] [id=9612]
  0x00000217df03c800 ConcurrentGCThread "G1 Main Marker" [stack: 0x000000878b500000,0x000000878b600000] [id=11588]
  0x00000217df03d800 ConcurrentGCThread "G1 Conc#0" [stack: 0x000000878b600000,0x000000878b700000] [id=10536]
  0x00000217df0cc000 ConcurrentGCThread "G1 Refine#0" [stack: 0x000000878b700000,0x000000878b800000] [id=4136]
  0x00000217df0cd000 ConcurrentGCThread "G1 Young RemSet Sampling" [stack: 0x000000878b800000,0x000000878b900000] [id=11336]

Threads with active compile tasks:
C2 CompilerThread0    51528 8982       4       java.lang.Class::privateGetPublicMethods (224 bytes)
C2 CompilerThread1    51528 8986       4       java.lang.reflect.Method::getTypeParameters (20 bytes)

VM state:not at safepoint (normal execution)

VM Mutex/Monitor currently owned by a thread: None

Heap address: 0x0000000080000000, size: 2048 MB, Compressed Oops mode: 32-bit
Narrow klass base: 0x0000000000000000, Narrow klass shift: 3
Compressed class space size: 528482304 Address: 0x0000000100000000

Heap:
 garbage-first heap   total 157696K, used 82227K [0x0000000080000000, 0x0000000100000000)
  region size 1024K, 9 young (9216K), 5 survivors (5120K)
 Metaspace       used 86612K, capacity 89152K, committed 89168K, reserved 593920K
  class space    used 11265K, capacity 12279K, committed 12288K, reserved 516096K
Heap Regions: E=young(eden), S=young(survivor), O=old, HS=humongous(starts), HC=humongous(continues), CS=collection set, F=free, A=archive, TAMS=top-at-mark-start (previous, next)
|   0|0x0000000080000000, 0x0000000080100000, 0x0000000080100000|100%| O|  |TAMS 0x0000000080100000, 0x0000000080000000| Untracked 
|   1|0x0000000080100000, 0x0000000080200000, 0x0000000080200000|100%| O|  |TAMS 0x0000000080200000, 0x0000000080100000| Untracked 
|   2|0x0000000080200000, 0x0000000080300000, 0x0000000080300000|100%| O|  |TAMS 0x0000000080300000, 0x0000000080200000| Untracked 
|   3|0x0000000080300000, 0x0000000080400000, 0x0000000080400000|100%|HS|  |TAMS 0x0000000080400000, 0x0000000080300000| Complete 
|   4|0x0000000080400000, 0x0000000080500000, 0x0000000080500000|100%|HC|  |TAMS 0x0000000080500000, 0x0000000080400000| Complete 
|   5|0x0000000080500000, 0x0000000080600000, 0x0000000080600000|100%|HC|  |TAMS 0x0000000080600000, 0x0000000080500000| Complete 
|   6|0x0000000080600000, 0x0000000080700000, 0x0000000080700000|100%| O|  |TAMS 0x0000000080700000, 0x0000000080600000| Untracked 
|   7|0x0000000080700000, 0x0000000080800000, 0x0000000080800000|100%| O|  |TAMS 0x0000000080800000, 0x0000000080700000| Untracked 
|   8|0x0000000080800000, 0x0000000080900000, 0x0000000080900000|100%| O|  |TAMS 0x0000000080900000, 0x0000000080800000| Untracked 
|   9|0x0000000080900000, 0x0000000080a00000, 0x0000000080a00000|100%| O|  |TAMS 0x0000000080a00000, 0x0000000080900000| Untracked 
|  10|0x0000000080a00000, 0x0000000080b00000, 0x0000000080b00000|100%| O|  |TAMS 0x0000000080b00000, 0x0000000080a00000| Untracked 
|  11|0x0000000080b00000, 0x0000000080c00000, 0x0000000080c00000|100%| O|  |TAMS 0x0000000080c00000, 0x0000000080b00000| Untracked 
|  12|0x0000000080c00000, 0x0000000080d00000, 0x0000000080d00000|100%| O|  |TAMS 0x0000000080d00000, 0x0000000080c00000| Untracked 
|  13|0x0000000080d00000, 0x0000000080e00000, 0x0000000080e00000|100%| O|  |TAMS 0x0000000080e00000, 0x0000000080d00000| Untracked 
|  14|0x0000000080e00000, 0x0000000080f00000, 0x0000000080f00000|100%| O|  |TAMS 0x0000000080f00000, 0x0000000080e00000| Untracked 
|  15|0x0000000080f00000, 0x0000000081000000, 0x0000000081000000|100%| O|  |TAMS 0x0000000081000000, 0x0000000080f00000| Untracked 
|  16|0x0000000081000000, 0x0000000081100000, 0x0000000081100000|100%|HS|  |TAMS 0x0000000081100000, 0x0000000081000000| Complete 
|  17|0x0000000081100000, 0x0000000081200000, 0x0000000081200000|100%| O|  |TAMS 0x0000000081200000, 0x0000000081100000| Untracked 
|  18|0x0000000081200000, 0x0000000081300000, 0x0000000081300000|100%| O|  |TAMS 0x0000000081300000, 0x0000000081200000| Untracked 
|  19|0x0000000081300000, 0x0000000081400000, 0x0000000081400000|100%| O|  |TAMS 0x0000000081400000, 0x0000000081300000| Untracked 
|  20|0x0000000081400000, 0x0000000081500000, 0x0000000081500000|100%| O|  |TAMS 0x0000000081500000, 0x0000000081400000| Untracked 
|  21|0x0000000081500000, 0x0000000081600000, 0x0000000081600000|100%| O|  |TAMS 0x0000000081600000, 0x0000000081500000| Untracked 
|  22|0x0000000081600000, 0x0000000081700000, 0x0000000081700000|100%| O|  |TAMS 0x0000000081700000, 0x0000000081600000| Untracked 
|  23|0x0000000081700000, 0x0000000081800000, 0x0000000081800000|100%| O|  |TAMS 0x0000000081800000, 0x0000000081700000| Untracked 
|  24|0x0000000081800000, 0x0000000081900000, 0x0000000081900000|100%|HS|  |TAMS 0x0000000081900000, 0x0000000081800000| Complete 
|  25|0x0000000081900000, 0x0000000081a00000, 0x0000000081a00000|100%|HC|  |TAMS 0x0000000081a00000, 0x0000000081900000| Complete 
|  26|0x0000000081a00000, 0x0000000081b00000, 0x0000000081b00000|100%|HC|  |TAMS 0x0000000081b00000, 0x0000000081a00000| Complete 
|  27|0x0000000081b00000, 0x0000000081c00000, 0x0000000081c00000|100%| O|  |TAMS 0x0000000081c00000, 0x0000000081b00000| Untracked 
|  28|0x0000000081c00000, 0x0000000081d00000, 0x0000000081d00000|100%| O|  |TAMS 0x0000000081d00000, 0x0000000081c00000| Untracked 
|  29|0x0000000081d00000, 0x0000000081e00000, 0x0000000081e00000|100%| O|  |TAMS 0x0000000081e00000, 0x0000000081d00000| Untracked 
|  30|0x0000000081e00000, 0x0000000081f00000, 0x0000000081f00000|100%| O|  |TAMS 0x0000000081f00000, 0x0000000081e00000| Untracked 
|  31|0x0000000081f00000, 0x0000000082000000, 0x0000000082000000|100%| O|  |TAMS 0x0000000082000000, 0x0000000081f00000| Untracked 
|  32|0x0000000082000000, 0x0000000082100000, 0x0000000082100000|100%| O|  |TAMS 0x0000000082100000, 0x0000000082000000| Untracked 
|  33|0x0000000082100000, 0x0000000082200000, 0x0000000082200000|100%| O|  |TAMS 0x0000000082200000, 0x0000000082100000| Untracked 
|  34|0x0000000082200000, 0x0000000082300000, 0x0000000082300000|100%| O|  |TAMS 0x00000000822b4c00, 0x0000000082200000| Untracked 
|  35|0x0000000082300000, 0x0000000082400000, 0x0000000082400000|100%| O|  |TAMS 0x0000000082300000, 0x0000000082300000| Untracked 
|  36|0x0000000082400000, 0x0000000082500000, 0x0000000082500000|100%| O|  |TAMS 0x0000000082400000, 0x0000000082400000| Untracked 
|  37|0x0000000082500000, 0x0000000082600000, 0x0000000082600000|100%| O|  |TAMS 0x0000000082500000, 0x0000000082500000| Untracked 
|  38|0x0000000082600000, 0x0000000082700000, 0x0000000082700000|100%| O|  |TAMS 0x0000000082600000, 0x0000000082600000| Untracked 
|  39|0x0000000082700000, 0x0000000082800000, 0x0000000082800000|100%| O|  |TAMS 0x0000000082700000, 0x0000000082700000| Untracked 
|  40|0x0000000082800000, 0x0000000082900000, 0x0000000082900000|100%|HS|  |TAMS 0x0000000082800000, 0x0000000082800000| Complete 
|  41|0x0000000082900000, 0x0000000082a00000, 0x0000000082a00000|100%|HS|  |TAMS 0x0000000082900000, 0x0000000082900000| Complete 
|  42|0x0000000082a00000, 0x0000000082b00000, 0x0000000082b00000|100%|HS|  |TAMS 0x0000000082a00000, 0x0000000082a00000| Complete 
|  43|0x0000000082b00000, 0x0000000082c00000, 0x0000000082c00000|100%|HC|  |TAMS 0x0000000082b00000, 0x0000000082b00000| Complete 
|  44|0x0000000082c00000, 0x0000000082d00000, 0x0000000082d00000|100%| O|  |TAMS 0x0000000082c00000, 0x0000000082c00000| Untracked 
|  45|0x0000000082d00000, 0x0000000082e00000, 0x0000000082e00000|100%| O|  |TAMS 0x0000000082d00000, 0x0000000082d00000| Untracked 
|  46|0x0000000082e00000, 0x0000000082f00000, 0x0000000082f00000|100%| O|  |TAMS 0x0000000082e00000, 0x0000000082e00000| Untracked 
|  47|0x0000000082f00000, 0x0000000083000000, 0x0000000083000000|100%| O|  |TAMS 0x0000000082f00000, 0x0000000082f00000| Untracked 
|  48|0x0000000083000000, 0x0000000083100000, 0x0000000083100000|100%| O|  |TAMS 0x0000000083000000, 0x0000000083000000| Untracked 
|  49|0x0000000083100000, 0x0000000083200000, 0x0000000083200000|100%| O|  |TAMS 0x0000000083100000, 0x0000000083100000| Untracked 
|  50|0x0000000083200000, 0x0000000083300000, 0x0000000083300000|100%| O|  |TAMS 0x0000000083200000, 0x0000000083200000| Untracked 
|  51|0x0000000083300000, 0x0000000083400000, 0x0000000083400000|100%| O|  |TAMS 0x0000000083300000, 0x0000000083300000| Untracked 
|  52|0x0000000083400000, 0x0000000083500000, 0x0000000083500000|100%| O|  |TAMS 0x0000000083400000, 0x0000000083400000| Untracked 
|  53|0x0000000083500000, 0x0000000083600000, 0x0000000083600000|100%| O|  |TAMS 0x0000000083500000, 0x0000000083500000| Untracked 
|  54|0x0000000083600000, 0x0000000083700000, 0x0000000083700000|100%| O|  |TAMS 0x0000000083600000, 0x0000000083600000| Untracked 
|  55|0x0000000083700000, 0x0000000083800000, 0x0000000083800000|100%| O|  |TAMS 0x0000000083700000, 0x0000000083700000| Untracked 
|  56|0x0000000083800000, 0x0000000083900000, 0x0000000083900000|100%| O|  |TAMS 0x0000000083800000, 0x0000000083800000| Untracked 
|  57|0x0000000083900000, 0x0000000083a00000, 0x0000000083a00000|100%| O|  |TAMS 0x0000000083900000, 0x0000000083900000| Untracked 
|  58|0x0000000083a00000, 0x0000000083b00000, 0x0000000083b00000|100%| O|  |TAMS 0x0000000083a00000, 0x0000000083a00000| Untracked 
|  59|0x0000000083b00000, 0x0000000083c00000, 0x0000000083c00000|100%| O|  |TAMS 0x0000000083b00000, 0x0000000083b00000| Untracked 
|  60|0x0000000083c00000, 0x0000000083d00000, 0x0000000083d00000|100%| O|  |TAMS 0x0000000083c00000, 0x0000000083c00000| Untracked 
|  61|0x0000000083d00000, 0x0000000083e00000, 0x0000000083e00000|100%| O|  |TAMS 0x0000000083d00000, 0x0000000083d00000| Untracked 
|  62|0x0000000083e00000, 0x0000000083f00000, 0x0000000083f00000|100%| O|  |TAMS 0x0000000083e00000, 0x0000000083e00000| Untracked 
|  63|0x0000000083f00000, 0x0000000084000000, 0x0000000084000000|100%| O|  |TAMS 0x0000000083f00000, 0x0000000083f00000| Untracked 
|  64|0x0000000084000000, 0x0000000084100000, 0x0000000084100000|100%| O|  |TAMS 0x0000000084000000, 0x0000000084000000| Untracked 
|  65|0x0000000084100000, 0x0000000084200000, 0x0000000084200000|100%| O|  |TAMS 0x0000000084100000, 0x0000000084100000| Untracked 
|  66|0x0000000084200000, 0x0000000084300000, 0x0000000084300000|100%| O|  |TAMS 0x0000000084200000, 0x0000000084200000| Untracked 
|  67|0x0000000084300000, 0x0000000084400000, 0x0000000084400000|100%| O|  |TAMS 0x0000000084300000, 0x0000000084300000| Untracked 
|  68|0x0000000084400000, 0x0000000084500000, 0x0000000084500000|100%| O|  |TAMS 0x0000000084400000, 0x0000000084400000| Untracked 
|  69|0x0000000084500000, 0x0000000084600000, 0x0000000084600000|100%| O|  |TAMS 0x0000000084500000, 0x0000000084500000| Untracked 
|  70|0x0000000084600000, 0x0000000084700000, 0x0000000084700000|100%| O|  |TAMS 0x0000000084600000, 0x0000000084600000| Untracked 
|  71|0x0000000084700000, 0x0000000084800000, 0x0000000084800000|100%| O|  |TAMS 0x0000000084700000, 0x0000000084700000| Untracked 
|  72|0x0000000084800000, 0x00000000848c4a00, 0x0000000084900000| 76%| O|  |TAMS 0x0000000084800000, 0x0000000084800000| Untracked 
|  73|0x0000000084900000, 0x0000000084900000, 0x0000000084a00000|  0%| F|  |TAMS 0x0000000084900000, 0x0000000084900000| Untracked 
|  74|0x0000000084a00000, 0x0000000084a00000, 0x0000000084b00000|  0%| F|  |TAMS 0x0000000084a00000, 0x0000000084a00000| Untracked 
|  75|0x0000000084b00000, 0x0000000084b00000, 0x0000000084c00000|  0%| F|  |TAMS 0x0000000084b00000, 0x0000000084b00000| Untracked 
|  76|0x0000000084c00000, 0x0000000084c00000, 0x0000000084d00000|  0%| F|  |TAMS 0x0000000084c00000, 0x0000000084c00000| Untracked 
|  77|0x0000000084d00000, 0x0000000084d00000, 0x0000000084e00000|  0%| F|  |TAMS 0x0000000084d00000, 0x0000000084d00000| Untracked 
|  78|0x0000000084e00000, 0x0000000084e00000, 0x0000000084f00000|  0%| F|  |TAMS 0x0000000084e00000, 0x0000000084e00000| Untracked 
|  79|0x0000000084f00000, 0x0000000084f00000, 0x0000000085000000|  0%| F|  |TAMS 0x0000000084f00000, 0x0000000084f00000| Untracked 
|  80|0x0000000085000000, 0x0000000085000000, 0x0000000085100000|  0%| F|  |TAMS 0x0000000085000000, 0x0000000085000000| Untracked 
|  81|0x0000000085100000, 0x0000000085100000, 0x0000000085200000|  0%| F|  |TAMS 0x0000000085100000, 0x0000000085100000| Untracked 
|  82|0x0000000085200000, 0x0000000085200000, 0x0000000085300000|  0%| F|  |TAMS 0x0000000085200000, 0x0000000085200000| Untracked 
|  83|0x0000000085300000, 0x0000000085300000, 0x0000000085400000|  0%| F|  |TAMS 0x0000000085300000, 0x0000000085300000| Untracked 
|  84|0x0000000085400000, 0x0000000085400000, 0x0000000085500000|  0%| F|  |TAMS 0x0000000085400000, 0x0000000085400000| Untracked 
|  85|0x0000000085500000, 0x0000000085500000, 0x0000000085600000|  0%| F|  |TAMS 0x0000000085500000, 0x0000000085500000| Untracked 
|  86|0x0000000085600000, 0x0000000085600000, 0x0000000085700000|  0%| F|  |TAMS 0x0000000085600000, 0x0000000085600000| Untracked 
|  87|0x0000000085700000, 0x0000000085700000, 0x0000000085800000|  0%| F|  |TAMS 0x0000000085700000, 0x0000000085700000| Untracked 
|  88|0x0000000085800000, 0x0000000085800000, 0x0000000085900000|  0%| F|  |TAMS 0x0000000085800000, 0x0000000085800000| Untracked 
|  89|0x0000000085900000, 0x0000000085900000, 0x0000000085a00000|  0%| F|  |TAMS 0x0000000085900000, 0x0000000085900000| Untracked 
|  90|0x0000000085a00000, 0x0000000085a00000, 0x0000000085b00000|  0%| F|  |TAMS 0x0000000085a00000, 0x0000000085a00000| Untracked 
|  91|0x0000000085b00000, 0x0000000085b00000, 0x0000000085c00000|  0%| F|  |TAMS 0x0000000085b00000, 0x0000000085b00000| Untracked 
|  92|0x0000000085c00000, 0x0000000085c00000, 0x0000000085d00000|  0%| F|  |TAMS 0x0000000085c00000, 0x0000000085c00000| Untracked 
|  93|0x0000000085d00000, 0x0000000085d88390, 0x0000000085e00000| 53%| S|CS|TAMS 0x0000000085d00000, 0x0000000085d00000| Complete 
|  94|0x0000000085e00000, 0x0000000085e00000, 0x0000000085f00000|  0%| F|  |TAMS 0x0000000085e00000, 0x0000000085e00000| Untracked 
|  95|0x0000000085f00000, 0x0000000085f00000, 0x0000000086000000|  0%| F|  |TAMS 0x0000000085f00000, 0x0000000085f00000| Untracked 
|  96|0x0000000086000000, 0x0000000086000000, 0x0000000086100000|  0%| F|  |TAMS 0x0000000086000000, 0x0000000086000000| Untracked 
|  97|0x0000000086100000, 0x0000000086100000, 0x0000000086200000|  0%| F|  |TAMS 0x0000000086100000, 0x0000000086100000| Untracked 
|  98|0x0000000086200000, 0x0000000086200000, 0x0000000086300000|  0%| F|  |TAMS 0x0000000086200000, 0x0000000086200000| Untracked 
|  99|0x0000000086300000, 0x0000000086400000, 0x0000000086400000|100%| S|CS|TAMS 0x0000000086300000, 0x0000000086300000| Complete 
| 100|0x0000000086400000, 0x0000000086500000, 0x0000000086500000|100%| S|CS|TAMS 0x0000000086400000, 0x0000000086400000| Complete 
| 101|0x0000000086500000, 0x0000000086600000, 0x0000000086600000|100%| S|CS|TAMS 0x0000000086500000, 0x0000000086500000| Complete 
| 102|0x0000000086600000, 0x0000000086700000, 0x0000000086700000|100%| S|CS|TAMS 0x0000000086600000, 0x0000000086600000| Complete 
| 103|0x0000000086700000, 0x0000000086700000, 0x0000000086800000|  0%| F|  |TAMS 0x0000000086700000, 0x0000000086700000| Untracked 
| 104|0x0000000086800000, 0x0000000086800000, 0x0000000086900000|  0%| F|  |TAMS 0x0000000086800000, 0x0000000086800000| Untracked 
| 105|0x0000000086900000, 0x0000000086900000, 0x0000000086a00000|  0%| F|  |TAMS 0x0000000086900000, 0x0000000086900000| Untracked 
| 106|0x0000000086a00000, 0x0000000086a00000, 0x0000000086b00000|  0%| F|  |TAMS 0x0000000086a00000, 0x0000000086a00000| Untracked 
| 107|0x0000000086b00000, 0x0000000086b00000, 0x0000000086c00000|  0%| F|  |TAMS 0x0000000086b00000, 0x0000000086b00000| Untracked 
| 108|0x0000000086c00000, 0x0000000086c00000, 0x0000000086d00000|  0%| F|  |TAMS 0x0000000086c00000, 0x0000000086c00000| Untracked 
| 109|0x0000000086d00000, 0x0000000086d00000, 0x0000000086e00000|  0%| F|  |TAMS 0x0000000086d00000, 0x0000000086d00000| Untracked 
| 110|0x0000000086e00000, 0x0000000086e00000, 0x0000000086f00000|  0%| F|  |TAMS 0x0000000086e00000, 0x0000000086e00000| Untracked 
| 111|0x0000000086f00000, 0x0000000086f00000, 0x0000000087000000|  0%| F|  |TAMS 0x0000000086f00000, 0x0000000086f00000| Untracked 
| 112|0x0000000087000000, 0x0000000087000000, 0x0000000087100000|  0%| F|  |TAMS 0x0000000087000000, 0x0000000087000000| Untracked 
| 113|0x0000000087100000, 0x0000000087100000, 0x0000000087200000|  0%| F|  |TAMS 0x0000000087100000, 0x0000000087100000| Untracked 
| 114|0x0000000087200000, 0x0000000087200000, 0x0000000087300000|  0%| F|  |TAMS 0x0000000087200000, 0x0000000087200000| Untracked 
| 115|0x0000000087300000, 0x0000000087300000, 0x0000000087400000|  0%| F|  |TAMS 0x0000000087300000, 0x0000000087300000| Untracked 
| 116|0x0000000087400000, 0x0000000087400000, 0x0000000087500000|  0%| F|  |TAMS 0x0000000087400000, 0x0000000087400000| Untracked 
| 117|0x0000000087500000, 0x0000000087500000, 0x0000000087600000|  0%| F|  |TAMS 0x0000000087500000, 0x0000000087500000| Untracked 
| 118|0x0000000087600000, 0x0000000087600000, 0x0000000087700000|  0%| F|  |TAMS 0x0000000087600000, 0x0000000087600000| Untracked 
| 119|0x0000000087700000, 0x0000000087700000, 0x0000000087800000|  0%| F|  |TAMS 0x0000000087700000, 0x0000000087700000| Untracked 
| 120|0x0000000087800000, 0x0000000087800000, 0x0000000087900000|  0%| F|  |TAMS 0x0000000087800000, 0x0000000087800000| Untracked 
| 121|0x0000000087900000, 0x0000000087900000, 0x0000000087a00000|  0%| F|  |TAMS 0x0000000087900000, 0x0000000087900000| Untracked 
| 122|0x0000000087a00000, 0x0000000087a00000, 0x0000000087b00000|  0%| F|  |TAMS 0x0000000087a00000, 0x0000000087a00000| Untracked 
| 123|0x0000000087b00000, 0x0000000087b00000, 0x0000000087c00000|  0%| F|  |TAMS 0x0000000087b00000, 0x0000000087b00000| Untracked 
| 124|0x0000000087c00000, 0x0000000087c00000, 0x0000000087d00000|  0%| F|  |TAMS 0x0000000087c00000, 0x0000000087c00000| Untracked 
| 125|0x0000000087d00000, 0x0000000087d00000, 0x0000000087e00000|  0%| F|  |TAMS 0x0000000087d00000, 0x0000000087d00000| Untracked 
| 126|0x0000000087e00000, 0x0000000087e00000, 0x0000000087f00000|  0%| F|  |TAMS 0x0000000087e00000, 0x0000000087e00000| Untracked 
| 127|0x0000000087f00000, 0x0000000087f00000, 0x0000000088000000|  0%| F|  |TAMS 0x0000000087f00000, 0x0000000087f00000| Untracked 
| 128|0x0000000088000000, 0x0000000088000000, 0x0000000088100000|  0%| F|  |TAMS 0x0000000088000000, 0x0000000088000000| Untracked 
| 129|0x0000000088100000, 0x0000000088100000, 0x0000000088200000|  0%| F|  |TAMS 0x0000000088100000, 0x0000000088100000| Untracked 
| 130|0x0000000088200000, 0x0000000088200000, 0x0000000088300000|  0%| F|  |TAMS 0x0000000088200000, 0x0000000088200000| Untracked 
| 131|0x0000000088300000, 0x0000000088300000, 0x0000000088400000|  0%| F|  |TAMS 0x0000000088300000, 0x0000000088300000| Untracked 
| 132|0x0000000088400000, 0x0000000088400000, 0x0000000088500000|  0%| F|  |TAMS 0x0000000088400000, 0x0000000088400000| Untracked 
| 133|0x0000000088500000, 0x0000000088500000, 0x0000000088600000|  0%| F|  |TAMS 0x0000000088500000, 0x0000000088500000| Untracked 
| 134|0x0000000088600000, 0x0000000088600000, 0x0000000088700000|  0%| F|  |TAMS 0x0000000088600000, 0x0000000088600000| Untracked 
| 135|0x0000000088700000, 0x0000000088700000, 0x0000000088800000|  0%| F|  |TAMS 0x0000000088700000, 0x0000000088700000| Untracked 
| 136|0x0000000088800000, 0x0000000088800000, 0x0000000088900000|  0%| F|  |TAMS 0x0000000088800000, 0x0000000088800000| Untracked 
| 137|0x0000000088900000, 0x0000000088900000, 0x0000000088a00000|  0%| F|  |TAMS 0x0000000088900000, 0x0000000088900000| Untracked 
| 138|0x0000000088a00000, 0x0000000088a00000, 0x0000000088b00000|  0%| F|  |TAMS 0x0000000088a00000, 0x0000000088a00000| Untracked 
| 139|0x0000000088b00000, 0x0000000088b00000, 0x0000000088c00000|  0%| F|  |TAMS 0x0000000088b00000, 0x0000000088b00000| Untracked 
| 140|0x0000000088c00000, 0x0000000088c00000, 0x0000000088d00000|  0%| F|  |TAMS 0x0000000088c00000, 0x0000000088c00000| Untracked 
| 141|0x0000000088d00000, 0x0000000088d00000, 0x0000000088e00000|  0%| F|  |TAMS 0x0000000088d00000, 0x0000000088d00000| Untracked 
| 142|0x0000000088e00000, 0x0000000088e00000, 0x0000000088f00000|  0%| F|  |TAMS 0x0000000088e00000, 0x0000000088e00000| Untracked 
| 143|0x0000000088f00000, 0x0000000088f00000, 0x0000000089000000|  0%| F|  |TAMS 0x0000000088f00000, 0x0000000088f00000| Untracked 
| 144|0x0000000089000000, 0x0000000089000000, 0x0000000089100000|  0%| F|  |TAMS 0x0000000089000000, 0x0000000089000000| Untracked 
| 145|0x0000000089100000, 0x0000000089100000, 0x0000000089200000|  0%| F|  |TAMS 0x0000000089100000, 0x0000000089100000| Untracked 
| 146|0x0000000089200000, 0x0000000089200000, 0x0000000089300000|  0%| F|  |TAMS 0x0000000089200000, 0x0000000089200000| Untracked 
| 147|0x0000000089300000, 0x0000000089300000, 0x0000000089400000|  0%| F|  |TAMS 0x0000000089300000, 0x0000000089300000| Untracked 
| 148|0x0000000089400000, 0x0000000089400000, 0x0000000089500000|  0%| F|  |TAMS 0x0000000089400000, 0x0000000089400000| Untracked 
| 149|0x0000000089500000, 0x0000000089500000, 0x0000000089600000|  0%| F|  |TAMS 0x0000000089500000, 0x0000000089500000| Untracked 
| 150|0x0000000089600000, 0x0000000089700000, 0x0000000089700000|100%| E|  |TAMS 0x0000000089600000, 0x0000000089600000| Complete 
| 151|0x0000000089700000, 0x0000000089800000, 0x0000000089800000|100%| E|CS|TAMS 0x0000000089700000, 0x0000000089700000| Complete 
| 152|0x0000000089800000, 0x0000000089900000, 0x0000000089900000|100%| E|CS|TAMS 0x0000000089800000, 0x0000000089800000| Complete 
| 153|0x0000000089900000, 0x0000000089a00000, 0x0000000089a00000|100%| E|CS|TAMS 0x0000000089900000, 0x0000000089900000| Complete 

Card table byte_map: [0x00000217f6b50000,0x00000217f6f50000] _byte_map_base: 0x00000217f6750000

Marking Bits (Prev, Next): (CMBitMap*) 0x00000217df033760, (CMBitMap*) 0x00000217df033728
 Prev Bits: [0x00000217f9350000, 0x00000217fb350000)
 Next Bits: [0x00000217f7350000, 0x00000217f9350000)

Polling page: 0x00000217dce40000

Metaspace:

Usage:
  Non-class:     75.07 MB capacity,    73.58 MB ( 98%) used,     1.26 MB (  2%) free+waste,   239.88 KB ( <1%) overhead. 
      Class:     11.99 MB capacity,    11.00 MB ( 92%) used,   899.41 KB (  7%) free+waste,   113.63 KB ( <1%) overhead. 
       Both:     87.06 MB capacity,    84.58 MB ( 97%) used,     2.14 MB (  2%) free+waste,   353.50 KB ( <1%) overhead. 

Virtual space:
  Non-class space:       76.00 MB reserved,      75.08 MB ( 99%) committed 
      Class space:      504.00 MB reserved,      12.00 MB (  2%) committed 
             Both:      580.00 MB reserved,      87.08 MB ( 15%) committed 

Chunk freelists:
   Non-Class:  7.00 KB
       Class:  9.00 KB
        Both:  16.00 KB

MaxMetaspaceSize: 512.00 MB
CompressedClassSpaceSize: 504.00 MB
Initial GC threshold: 20.80 MB
Current GC threshold: 98.67 MB
CDS: off

CodeHeap 'non-profiled nmethods': size=120064Kb used=5984Kb max_used=5984Kb free=114079Kb
 bounds [0x00000217ef210000, 0x00000217ef7f0000, 0x00000217f6750000]
CodeHeap 'profiled nmethods': size=120000Kb used=20043Kb max_used=20043Kb free=99956Kb
 bounds [0x00000217e7ce0000, 0x00000217e9080000, 0x00000217ef210000]
CodeHeap 'non-nmethods': size=5696Kb used=2375Kb max_used=2434Kb free=3320Kb
 bounds [0x00000217e7750000, 0x00000217e79d0000, 0x00000217e7ce0000]
 total_blobs=9858 nmethods=8959 adapters=811
 compilation: enabled
              stopped_count=0, restarted_count=0
 full_count=0

Compilation events (20 events):
Event: 51.266 Thread 0x0000021781d6d800 nmethod 8985 0x00000217ef7e5010 code [0x00000217ef7e5280, 0x00000217ef7e5cc0]
Event: 51.266 Thread 0x0000021781d6d800 8977  s!   4       java.beans.PropertyDescriptor::getReadMethod (149 bytes)
Event: 51.275 Thread 0x0000021781d6d800 nmethod 8977 0x00000217ef7e6490 code [0x00000217ef7e6640, 0x00000217ef7e6b38]
Event: 51.275 Thread 0x0000021781d6d800 8988       4       java.util.StringJoiner::add (104 bytes)
Event: 51.276 Thread 0x00000217fd87d800 8990       3       groovyjarjarasm.asm.ByteVector::<init> (13 bytes)
Event: 51.276 Thread 0x00000217fd87d800 nmethod 8990 0x00000217e9066710 code [0x00000217e90668c0, 0x00000217e9066b18]
Event: 51.288 Thread 0x0000021781d6d800 nmethod 8988 0x00000217ef7e6e10 code [0x00000217ef7e6fc0, 0x00000217ef7e75f8]
Event: 51.288 Thread 0x0000021781d6d800 8986       4       java.lang.reflect.Method::getTypeParameters (20 bytes)
Event: 51.312 Thread 0x00000217fd87d800 8991       3       groovyjarjarasm.asm.Handler::getExceptionTableSize (10 bytes)
Event: 51.312 Thread 0x00000217fd87d800 nmethod 8991 0x00000217e9066c10 code [0x00000217e9066dc0, 0x00000217e9066fb8]
Event: 51.312 Thread 0x00000217fd87d800 8992       1       groovyjarjarasm.asm.MethodWriter::hasAsmInstructions (5 bytes)
Event: 51.312 Thread 0x00000217fd87d800 nmethod 8992 0x00000217ef7e7890 code [0x00000217ef7e7a40, 0x00000217ef7e7af8]
Event: 51.312 Thread 0x00000217fd87d800 8993       3       groovyjarjarasm.asm.ByteVector::putByteArray (49 bytes)
Event: 51.313 Thread 0x00000217fd87d800 nmethod 8993 0x00000217e9067110 code [0x00000217e90672e0, 0x00000217e9067598]
Event: 51.327 Thread 0x00000217fd87d800 8994       3       java.lang.invoke.MethodHandles$Lookup::checkUnprivilegedlookupClass (38 bytes)
Event: 51.328 Thread 0x00000217fd87d800 nmethod 8994 0x00000217e9067690 code [0x00000217e9067960, 0x00000217e90684e8]
Event: 51.356 Thread 0x00000217fd87d800 8996       3       java.util.stream.SpinedBuffer::increaseCapacity (11 bytes)
Event: 51.357 Thread 0x00000217fd87d800 nmethod 8996 0x00000217e9068910 code [0x00000217e9068ae0, 0x00000217e9068cd8]
Event: 51.370 Thread 0x00000217fd87d800 8997       3       java.beans.Introspector::addPropertyDescriptors (37 bytes)
Event: 51.371 Thread 0x00000217fd87d800 nmethod 8997 0x00000217e9068d90 code [0x00000217e9068f60, 0x00000217e90691a8]

GC Heap History (20 events):
Event: 10.612 GC heap before
{Heap before GC invocations=7 (full 0):
 garbage-first heap   total 131072K, used 78111K [0x0000000080000000, 0x0000000100000000)
  region size 1024K, 63 young (64512K), 5 survivors (5120K)
 Metaspace       used 34932K, capacity 35720K, committed 35920K, reserved 548864K
  class space    used 4423K, capacity 4750K, committed 4864K, reserved 516096K
}
Event: 10.633 GC heap after
{Heap after GC invocations=8 (full 0):
 garbage-first heap   total 131072K, used 23344K [0x0000000080000000, 0x0000000100000000)
  region size 1024K, 8 young (8192K), 8 survivors (8192K)
 Metaspace       used 34932K, capacity 35720K, committed 35920K, reserved 548864K
  class space    used 4423K, capacity 4750K, committed 4864K, reserved 516096K
}
Event: 20.111 GC heap before
{Heap before GC invocations=9 (full 0):
 garbage-first heap   total 131072K, used 95024K [0x0000000080000000, 0x0000000100000000)
  region size 1024K, 76 young (77824K), 8 survivors (8192K)
 Metaspace       used 40408K, capacity 41370K, committed 41680K, reserved 552960K
  class space    used 5034K, capacity 5391K, committed 5504K, reserved 516096K
}
Event: 20.134 GC heap after
{Heap after GC invocations=10 (full 0):
 garbage-first heap   total 157696K, used 29276K [0x0000000080000000, 0x0000000100000000)
  region size 1024K, 10 young (10240K), 10 survivors (10240K)
 Metaspace       used 40408K, capacity 41370K, committed 41680K, reserved 552960K
  class space    used 5034K, capacity 5391K, committed 5504K, reserved 516096K
}
Event: 22.580 GC heap before
{Heap before GC invocations=10 (full 0):
 garbage-first heap   total 157696K, used 110172K [0x0000000080000000, 0x0000000100000000)
  region size 1024K, 89 young (91136K), 10 survivors (10240K)
 Metaspace       used 47095K, capacity 48353K, committed 48592K, reserved 559104K
  class space    used 5969K, capacity 6448K, committed 6528K, reserved 516096K
}
Event: 22.598 GC heap after
{Heap after GC invocations=11 (full 0):
 garbage-first heap   total 157696K, used 31787K [0x0000000080000000, 0x0000000100000000)
  region size 1024K, 9 young (9216K), 9 survivors (9216K)
 Metaspace       used 47095K, capacity 48353K, committed 48592K, reserved 559104K
  class space    used 5969K, capacity 6448K, committed 6528K, reserved 516096K
}
Event: 25.407 GC heap before
{Heap before GC invocations=11 (full 0):
 garbage-first heap   total 157696K, used 120875K [0x0000000080000000, 0x0000000100000000)
  region size 1024K, 92 young (94208K), 9 survivors (9216K)
 Metaspace       used 54205K, capacity 55696K, committed 55760K, reserved 565248K
  class space    used 6945K, capacity 7552K, committed 7552K, reserved 516096K
}
Event: 25.425 GC heap after
{Heap after GC invocations=12 (full 0):
 garbage-first heap   total 157696K, used 40565K [0x0000000080000000, 0x0000000100000000)
  region size 1024K, 8 young (8192K), 8 survivors (8192K)
 Metaspace       used 54205K, capacity 55696K, committed 55760K, reserved 565248K
  class space    used 6945K, capacity 7552K, committed 7552K, reserved 516096K
}
Event: 26.828 GC heap before
{Heap before GC invocations=12 (full 0):
 garbage-first heap   total 157696K, used 95861K [0x0000000080000000, 0x0000000100000000)
  region size 1024K, 63 young (64512K), 8 survivors (8192K)
 Metaspace       used 58509K, capacity 60105K, committed 60240K, reserved 569344K
  class space    used 7548K, capacity 8189K, committed 8192K, reserved 516096K
}
Event: 26.852 GC heap after
{Heap after GC invocations=13 (full 0):
 garbage-first heap   total 157696K, used 42368K [0x0000000080000000, 0x0000000100000000)
  region size 1024K, 7 young (7168K), 7 survivors (7168K)
 Metaspace       used 58509K, capacity 60105K, committed 60240K, reserved 569344K
  class space    used 7548K, capacity 8189K, committed 8192K, reserved 516096K
}
Event: 28.795 GC heap before
{Heap before GC invocations=14 (full 0):
 garbage-first heap   total 157696K, used 116096K [0x0000000080000000, 0x0000000100000000)
  region size 1024K, 79 young (80896K), 7 survivors (7168K)
 Metaspace       used 63116K, capacity 64945K, committed 65104K, reserved 573440K
  class space    used 8136K, capacity 8850K, committed 8960K, reserved 516096K
}
Event: 28.818 GC heap after
{Heap after GC invocations=15 (full 0):
 garbage-first heap   total 157696K, used 45846K [0x0000000080000000, 0x0000000100000000)
  region size 1024K, 6 young (6144K), 6 survivors (6144K)
 Metaspace       used 63116K, capacity 64945K, committed 65104K, reserved 573440K
  class space    used 8136K, capacity 8850K, committed 8960K, reserved 516096K
}
Event: 32.502 GC heap before
{Heap before GC invocations=15 (full 0):
 garbage-first heap   total 157696K, used 119574K [0x0000000080000000, 0x0000000100000000)
  region size 1024K, 78 young (79872K), 6 survivors (6144K)
 Metaspace       used 68360K, capacity 70335K, committed 70480K, reserved 577536K
  class space    used 8829K, capacity 9608K, committed 9728K, reserved 516096K
}
Event: 32.527 GC heap after
{Heap after GC invocations=16 (full 0):
 garbage-first heap   total 157696K, used 51190K [0x0000000080000000, 0x0000000100000000)
  region size 1024K, 10 young (10240K), 10 survivors (10240K)
 Metaspace       used 68360K, capacity 70335K, committed 70480K, reserved 577536K
  class space    used 8829K, capacity 9608K, committed 9728K, reserved 516096K
}
Event: 35.240 GC heap before
{Heap before GC invocations=16 (full 0):
 garbage-first heap   total 157696K, used 124918K [0x0000000080000000, 0x0000000100000000)
  region size 1024K, 79 young (80896K), 10 survivors (10240K)
 Metaspace       used 74484K, capacity 76721K, committed 76880K, reserved 583680K
  class space    used 9557K, capacity 10427K, committed 10496K, reserved 516096K
}
Event: 35.262 GC heap after
{Heap after GC invocations=17 (full 0):
 garbage-first heap   total 157696K, used 63407K [0x0000000080000000, 0x0000000100000000)
  region size 1024K, 8 young (8192K), 8 survivors (8192K)
 Metaspace       used 74484K, capacity 76721K, committed 76880K, reserved 583680K
  class space    used 9557K, capacity 10427K, committed 10496K, reserved 516096K
}
Event: 38.156 GC heap before
{Heap before GC invocations=17 (full 0):
 garbage-first heap   total 157696K, used 124847K [0x0000000080000000, 0x0000000100000000)
  region size 1024K, 68 young (69632K), 8 survivors (8192K)
 Metaspace       used 80765K, capacity 83089K, committed 83280K, reserved 589824K
  class space    used 10329K, capacity 11244K, committed 11264K, reserved 516096K
}
Event: 38.175 GC heap after
{Heap after GC invocations=18 (full 0):
 garbage-first heap   total 157696K, used 68292K [0x0000000080000000, 0x0000000100000000)
  region size 1024K, 6 young (6144K), 6 survivors (6144K)
 Metaspace       used 80765K, capacity 83089K, committed 83280K, reserved 589824K
  class space    used 10329K, capacity 11244K, committed 11264K, reserved 516096K
}
Event: 48.201 GC heap before
{Heap before GC invocations=18 (full 0):
 garbage-first heap   total 157696K, used 124612K [0x0000000080000000, 0x0000000100000000)
  region size 1024K, 61 young (62464K), 6 survivors (6144K)
 Metaspace       used 82011K, capacity 84444K, committed 84816K, reserved 589824K
  class space    used 10498K, capacity 11399K, committed 11520K, reserved 516096K
}
Event: 48.220 GC heap after
{Heap after GC invocations=19 (full 0):
 garbage-first heap   total 157696K, used 74621K [0x0000000080000000, 0x0000000100000000)
  region size 1024K, 6 young (6144K), 6 survivors (6144K)
 Metaspace       used 82011K, capacity 84444K, committed 84816K, reserved 589824K
  class space    used 10498K, capacity 11399K, committed 11520K, reserved 516096K
}

Deoptimization events (20 events):
Event: 47.960 Thread 0x00000217ff30c000 DEOPT PACKING pc=0x00000217e88d7bf0 sp=0x000000878cdf1c00
Event: 47.960 Thread 0x00000217ff30c000 DEOPT UNPACKING pc=0x00000217e779a95e sp=0x000000878cdf10e0 mode 0
Event: 48.083 Thread 0x00000217ff30c000 Uncommon trap: trap_request=0xffffff4d fr.pc=0x00000217ef71980c relative=0x000000000000156c
Event: 48.083 Thread 0x00000217ff30c000 Uncommon trap: reason=unstable_if action=reinterpret pc=0x00000217ef71980c method=java.util.TreeMap.put(Ljava/lang/Object;Ljava/lang/Object;)Ljava/lang/Object; @ 163 c2
Event: 48.083 Thread 0x00000217ff30c000 DEOPT PACKING pc=0x00000217ef71980c sp=0x000000878cdf92c0
Event: 48.083 Thread 0x00000217ff30c000 DEOPT UNPACKING pc=0x00000217e779a1af sp=0x000000878cdf92a8 mode 2
Event: 49.660 Thread 0x00000217ff30c000 Uncommon trap: trap_request=0xffffffde fr.pc=0x00000217ef6c416c relative=0x0000000000000f4c
Event: 49.660 Thread 0x00000217ff30c000 Uncommon trap: reason=class_check action=maybe_recompile pc=0x00000217ef6c416c method=org.gradle.internal.instantiation.generator.AbstractClassGenerator$InjectionAnnotationValidator.validateMethod(Ljava/lang/reflect/Method;Lorg/gradle/internal/reflect/Pro
Event: 49.660 Thread 0x00000217ff30c000 DEOPT PACKING pc=0x00000217ef6c416c sp=0x000000878cdf8f10
Event: 49.660 Thread 0x00000217ff30c000 DEOPT UNPACKING pc=0x00000217e779a1af sp=0x000000878cdf8ec8 mode 2
Event: 49.726 Thread 0x00000217ff30c000 Uncommon trap: trap_request=0xffffffde fr.pc=0x00000217ef6c416c relative=0x0000000000000f4c
Event: 49.726 Thread 0x00000217ff30c000 Uncommon trap: reason=class_check action=maybe_recompile pc=0x00000217ef6c416c method=org.gradle.internal.instantiation.generator.AbstractClassGenerator$InjectionAnnotationValidator.validateMethod(Ljava/lang/reflect/Method;Lorg/gradle/internal/reflect/Pro
Event: 49.726 Thread 0x00000217ff30c000 DEOPT PACKING pc=0x00000217ef6c416c sp=0x000000878cdf9070
Event: 49.727 Thread 0x00000217ff30c000 DEOPT UNPACKING pc=0x00000217e779a1af sp=0x000000878cdf9028 mode 2
Event: 51.157 Thread 0x00000217ff30c000 Uncommon trap: trap_request=0xfffffff4 fr.pc=0x00000217ef3c0b38 relative=0x00000000000009b8
Event: 51.157 Thread 0x00000217ff30c000 Uncommon trap: reason=null_check action=make_not_entrant pc=0x00000217ef3c0b38 method=jdk.internal.loader.URLClassPath$JarLoader.getResource(Ljava/lang/String;ZLjava/util/Set;)Ljdk/internal/loader/Resource; @ 92 c2
Event: 51.157 Thread 0x00000217ff30c000 DEOPT PACKING pc=0x00000217ef3c0b38 sp=0x000000878cdf2550
Event: 51.157 Thread 0x00000217ff30c000 DEOPT UNPACKING pc=0x00000217e779a1af sp=0x000000878cdf24d8 mode 2
Event: 51.327 Thread 0x00000217ff30c000 DEOPT PACKING pc=0x00000217e87a3c27 sp=0x000000878cdf4ba0
Event: 51.327 Thread 0x00000217ff30c000 DEOPT UNPACKING pc=0x00000217e779a95e sp=0x000000878cdf4050 mode 0

Classes redefined (0 events):
No events

Internal exceptions (20 events):
Event: 51.160 Thread 0x00000217ff30c000 Exception <a 'java/security/PrivilegedActionException'{0x0000000086fdc390}> (0x0000000086fdc390) thrown at [./src/hotspot/share/prims/jvm.cpp, line 1306]
Event: 51.160 Thread 0x00000217ff30c000 Exception <a 'java/lang/ClassNotFoundException'{0x0000000086fe5690}: org/apache/tools/ant/taskdefs/condition/OsBeanInfo> (0x0000000086fe5690) thrown at [./src/hotspot/share/classfile/systemDictionary.cpp, line 230]
Event: 51.161 Thread 0x00000217ff30c000 Exception <a 'java/security/PrivilegedActionException'{0x0000000086fea640}> (0x0000000086fea640) thrown at [./src/hotspot/share/prims/jvm.cpp, line 1306]
Event: 51.161 Thread 0x00000217ff30c000 Exception <a 'java/security/PrivilegedActionException'{0x0000000086febba8}> (0x0000000086febba8) thrown at [./src/hotspot/share/prims/jvm.cpp, line 1306]
Event: 51.161 Thread 0x00000217ff30c000 Exception <a 'java/security/PrivilegedActionException'{0x0000000086ff2470}> (0x0000000086ff2470) thrown at [./src/hotspot/share/prims/jvm.cpp, line 1306]
Event: 51.161 Thread 0x00000217ff30c000 Exception <a 'java/security/PrivilegedActionException'{0x0000000086ff39d8}> (0x0000000086ff39d8) thrown at [./src/hotspot/share/prims/jvm.cpp, line 1306]
Event: 51.162 Thread 0x00000217ff30c000 Exception <a 'java/security/PrivilegedActionException'{0x0000000086ff8c30}> (0x0000000086ff8c30) thrown at [./src/hotspot/share/prims/jvm.cpp, line 1306]
Event: 51.162 Thread 0x00000217ff30c000 Exception <a 'java/security/PrivilegedActionException'{0x0000000086ffa198}> (0x0000000086ffa198) thrown at [./src/hotspot/share/prims/jvm.cpp, line 1306]
Event: 51.162 Thread 0x00000217ff30c000 Exception <a 'java/lang/ClassNotFoundException'{0x0000000086e0b248}: org/apache/tools/ant/taskdefs/condition/OsCustomizer> (0x0000000086e0b248) thrown at [./src/hotspot/share/classfile/systemDictionary.cpp, line 230]
Event: 51.234 Thread 0x00000217ff30c000 Exception <a 'java/lang/ClassNotFoundException'{0x0000000086bb2c30}: org/gradle/api/internal/tasks/DefaultTaskContainer_DecoratedBeanInfo> (0x0000000086bb2c30) thrown at [./src/hotspot/share/classfile/systemDictionary.cpp, line 230]
Event: 51.234 Thread 0x00000217ff30c000 Exception <a 'java/lang/ClassNotFoundException'{0x0000000086bcbb88}: org/gradle/api/internal/tasks/DefaultTaskContainerBeanInfo> (0x0000000086bcbb88) thrown at [./src/hotspot/share/classfile/systemDictionary.cpp, line 230]
Event: 51.235 Thread 0x00000217ff30c000 Exception <a 'java/lang/ClassNotFoundException'{0x0000000086be52e8}: org/gradle/api/internal/tasks/DefaultTaskCollectionBeanInfo> (0x0000000086be52e8) thrown at [./src/hotspot/share/classfile/systemDictionary.cpp, line 230]
Event: 51.236 Thread 0x00000217ff30c000 Exception <a 'java/lang/ClassNotFoundException'{0x0000000086bfea98}: org/gradle/api/internal/tasks/DefaultTaskCollectionCustomizer> (0x0000000086bfea98) thrown at [./src/hotspot/share/classfile/systemDictionary.cpp, line 230]
Event: 51.239 Thread 0x00000217ff30c000 Exception <a 'java/lang/ClassNotFoundException'{0x0000000086a42110}: org/gradle/api/internal/tasks/DefaultTaskContainerCustomizer> (0x0000000086a42110) thrown at [./src/hotspot/share/classfile/systemDictionary.cpp, line 230]
Event: 51.271 Thread 0x00000217ff30c000 Exception <a 'java/lang/ClassNotFoundException'{0x0000000086aa68d0}: org/gradle/api/internal/tasks/DefaultTaskContainer_DecoratedCustomizer> (0x0000000086aa68d0) thrown at [./src/hotspot/share/classfile/systemDictionary.cpp, line 230]
Event: 51.361 Thread 0x00000217ff30c000 Exception <a 'java/lang/ClassNotFoundException'{0x00000000868a1c70}: org/gradle/api/tasks/Exec_DecoratedBeanInfo> (0x00000000868a1c70) thrown at [./src/hotspot/share/classfile/systemDictionary.cpp, line 230]
Event: 51.363 Thread 0x00000217ff30c000 Exception <a 'java/lang/ClassNotFoundException'{0x00000000868b7cb0}: org/gradle/api/tasks/ExecBeanInfo> (0x00000000868b7cb0) thrown at [./src/hotspot/share/classfile/systemDictionary.cpp, line 230]
Event: 51.364 Thread 0x00000217ff30c000 Exception <a 'java/lang/ClassNotFoundException'{0x00000000868d1018}: org/gradle/api/tasks/AbstractExecTaskBeanInfo> (0x00000000868d1018) thrown at [./src/hotspot/share/classfile/systemDictionary.cpp, line 230]
Event: 51.365 Thread 0x00000217ff30c000 Exception <a 'java/lang/ClassNotFoundException'{0x00000000868e9a78}: org/gradle/api/tasks/AbstractExecTaskCustomizer> (0x00000000868e9a78) thrown at [./src/hotspot/share/classfile/systemDictionary.cpp, line 230]
Event: 51.369 Thread 0x00000217ff30c000 Exception <a 'java/lang/ClassNotFoundException'{0x0000000086738c40}: org/gradle/api/tasks/ExecCustomizer> (0x0000000086738c40) thrown at [./src/hotspot/share/classfile/systemDictionary.cpp, line 230]

Events (20 events):
Event: 51.363 loading class org/gradle/api/tasks/AbstractExecTaskBeanInfo
Event: 51.363 loading class org/gradle/api/tasks/AbstractExecTaskBeanInfo done
Event: 51.363 loading class org/gradle/api/tasks/AbstractExecTaskBeanInfo
Event: 51.363 loading class org/gradle/api/tasks/AbstractExecTaskBeanInfo done
Event: 51.364 loading class org/gradle/api/tasks/AbstractExecTaskBeanInfo
Event: 51.364 loading class org/gradle/api/tasks/AbstractExecTaskBeanInfo done
Event: 51.364 loading class org/gradle/api/tasks/AbstractExecTaskCustomizer
Event: 51.364 loading class org/gradle/api/tasks/AbstractExecTaskCustomizer done
Event: 51.365 loading class org/gradle/api/tasks/AbstractExecTaskCustomizer
Event: 51.365 loading class org/gradle/api/tasks/AbstractExecTaskCustomizer done
Event: 51.365 loading class org/gradle/api/tasks/AbstractExecTaskCustomizer
Event: 51.365 loading class org/gradle/api/tasks/AbstractExecTaskCustomizer done
Event: 51.368 loading class org/gradle/api/tasks/ExecCustomizer
Event: 51.368 loading class org/gradle/api/tasks/ExecCustomizer done
Event: 51.368 loading class org/gradle/api/tasks/ExecCustomizer
Event: 51.368 loading class org/gradle/api/tasks/ExecCustomizer done
Event: 51.369 loading class org/gradle/api/tasks/ExecCustomizer
Event: 51.369 loading class org/gradle/api/tasks/ExecCustomizer done
Event: 51.371 loading class org/gradle/api/tasks/Exec_DecoratedCustomizer
Event: 51.371 loading class org/gradle/api/tasks/Exec_DecoratedCustomizer done


Dynamic libraries:
0x00007ff74a750000 - 0x00007ff74a75d000 	C:\Program Files\OpenJDK\openjdk-11.0.15_10\bin\java.exe
0x00007ffa81210000 - 0x00007ffa81407000 	C:\WINDOWS\SYSTEM32\ntdll.dll
0x00007ffa7f420000 - 0x00007ffa7f4dd000 	C:\WINDOWS\System32\KERNEL32.DLL
0x00007ffa7ee60000 - 0x00007ffa7f12d000 	C:\WINDOWS\System32\KERNELBASE.dll
0x00007ffa7ea90000 - 0x00007ffa7eb90000 	C:\WINDOWS\System32\ucrtbase.dll
0x00007ffa5fa10000 - 0x00007ffa5fa26000 	C:\Program Files\OpenJDK\openjdk-11.0.15_10\bin\VCRUNTIME140.dll
0x00007ffa5c470000 - 0x00007ffa5c488000 	C:\Program Files\OpenJDK\openjdk-11.0.15_10\bin\jli.dll
0x00007ffa800f0000 - 0x00007ffa80290000 	C:\WINDOWS\System32\USER32.dll
0x00007ffa7eb90000 - 0x00007ffa7ebb2000 	C:\WINDOWS\System32\win32u.dll
0x00007ffa71e90000 - 0x00007ffa7212a000 	C:\WINDOWS\WinSxS\amd64_microsoft.windows.common-controls_6595b64144ccf1df_6.0.19041.1110_none_60b5254171f9507e\COMCTL32.dll
0x00007ffa80290000 - 0x00007ffa802ba000 	C:\WINDOWS\System32\GDI32.dll
0x00007ffa802c0000 - 0x00007ffa8035e000 	C:\WINDOWS\System32\msvcrt.dll
0x00007ffa7f160000 - 0x00007ffa7f26b000 	C:\WINDOWS\System32\gdi32full.dll
0x00007ffa7e980000 - 0x00007ffa7ea1d000 	C:\WINDOWS\System32\msvcp_win.dll
0x00007ffa80d80000 - 0x00007ffa80db0000 	C:\WINDOWS\System32\IMM32.DLL
0x00007ffa327b0000 - 0x00007ffa3285a000 	C:\Program Files\OpenJDK\openjdk-11.0.15_10\bin\msvcp140.dll
0x00007ffa2ff00000 - 0x00007ffa30a51000 	C:\Program Files\OpenJDK\openjdk-11.0.15_10\bin\server\jvm.dll
0x00007ffa81120000 - 0x00007ffa811ce000 	C:\WINDOWS\System32\ADVAPI32.dll
0x00007ffa806a0000 - 0x00007ffa8073c000 	C:\WINDOWS\System32\sechost.dll
0x00007ffa7fe30000 - 0x00007ffa7ff55000 	C:\WINDOWS\System32\RPCRT4.dll
0x00007ffa7f6b0000 - 0x00007ffa7f6b8000 	C:\WINDOWS\System32\PSAPI.DLL
0x00007ffa5c960000 - 0x00007ffa5c969000 	C:\WINDOWS\SYSTEM32\WSOCK32.dll
0x00007ffa80430000 - 0x00007ffa8049b000 	C:\WINDOWS\System32\WS2_32.dll
0x00007ffa73ef0000 - 0x00007ffa73f17000 	C:\WINDOWS\SYSTEM32\WINMM.dll
0x00007ffa797d0000 - 0x00007ffa797da000 	C:\WINDOWS\SYSTEM32\VERSION.dll
0x00007ffa7d500000 - 0x00007ffa7d512000 	C:\WINDOWS\SYSTEM32\kernel.appcore.dll
0x00007ffa5c200000 - 0x00007ffa5c211000 	C:\Program Files\OpenJDK\openjdk-11.0.15_10\bin\verify.dll
0x00007ffa7cee0000 - 0x00007ffa7d0c4000 	C:\WINDOWS\SYSTEM32\DBGHELP.DLL
0x00007ffa6d0c0000 - 0x00007ffa6d0ec000 	C:\WINDOWS\SYSTEM32\dbgcore.DLL
0x00007ffa7ebc0000 - 0x00007ffa7ec42000 	C:\WINDOWS\System32\bcryptPrimitives.dll
0x00007ffa5bd40000 - 0x00007ffa5bd69000 	C:\Program Files\OpenJDK\openjdk-11.0.15_10\bin\java.dll
0x00007ffa5c0f0000 - 0x00007ffa5c0fa000 	C:\Program Files\OpenJDK\openjdk-11.0.15_10\bin\jimage.dll
0x00007ffa5bf60000 - 0x00007ffa5bf78000 	C:\Program Files\OpenJDK\openjdk-11.0.15_10\bin\zip.dll
0x00007ffa7f6e0000 - 0x00007ffa7fe24000 	C:\WINDOWS\System32\SHELL32.dll
0x00007ffa7c670000 - 0x00007ffa7ce04000 	C:\WINDOWS\SYSTEM32\windows.storage.dll
0x00007ffa80dc0000 - 0x00007ffa81114000 	C:\WINDOWS\System32\combase.dll
0x00007ffa7e2c0000 - 0x00007ffa7e2ec000 	C:\WINDOWS\SYSTEM32\Wldp.dll
0x00007ffa80580000 - 0x00007ffa8062d000 	C:\WINDOWS\System32\SHCORE.dll
0x00007ffa7f5c0000 - 0x00007ffa7f615000 	C:\WINDOWS\System32\shlwapi.dll
0x00007ffa7e870000 - 0x00007ffa7e88f000 	C:\WINDOWS\SYSTEM32\profapi.dll
0x00007ffa5af70000 - 0x00007ffa5af89000 	C:\Program Files\OpenJDK\openjdk-11.0.15_10\bin\net.dll
0x00007ffa74120000 - 0x00007ffa7422a000 	C:\WINDOWS\SYSTEM32\WINHTTP.dll
0x00007ffa7e020000 - 0x00007ffa7e08a000 	C:\WINDOWS\system32\mswsock.dll
0x00007ffa58af0000 - 0x00007ffa58b03000 	C:\Program Files\OpenJDK\openjdk-11.0.15_10\bin\nio.dll
0x00007ffa583d0000 - 0x00007ffa583f7000 	C:\Users\Tom\.gradle\native\e1d6ef7f7dcc3fd88c89a11ec53ec762bb8ba0a96d01ffa2cd45eb1d1d8dd5c5\windows-amd64\native-platform.dll
0x00007ffa31480000 - 0x00007ffa315c4000 	C:\Users\Tom\.gradle\native\5664cfc778a61ccfe75a443a1ab52a65af34e5dc3c78e0209fed803814484fcb\windows-amd64\native-platform-file-events.dll
0x00007ffa5bd30000 - 0x00007ffa5bd39000 	C:\Program Files\OpenJDK\openjdk-11.0.15_10\bin\management.dll
0x00007ffa5af60000 - 0x00007ffa5af6c000 	C:\Program Files\OpenJDK\openjdk-11.0.15_10\bin\management_ext.dll
0x00007ffa7e220000 - 0x00007ffa7e238000 	C:\WINDOWS\SYSTEM32\CRYPTSP.dll
0x00007ffa7d9a0000 - 0x00007ffa7d9d4000 	C:\WINDOWS\system32\rsaenh.dll
0x00007ffa7f130000 - 0x00007ffa7f157000 	C:\WINDOWS\System32\bcrypt.dll
0x00007ffa7e7f0000 - 0x00007ffa7e81e000 	C:\WINDOWS\SYSTEM32\USERENV.dll
0x00007ffa7e210000 - 0x00007ffa7e21c000 	C:\WINDOWS\SYSTEM32\CRYPTBASE.dll
0x00007ffa7dd10000 - 0x00007ffa7dd4b000 	C:\WINDOWS\SYSTEM32\IPHLPAPI.DLL
0x00007ffa80db0000 - 0x00007ffa80db8000 	C:\WINDOWS\System32\NSI.dll
0x00007ffa76a20000 - 0x00007ffa76a37000 	C:\WINDOWS\SYSTEM32\dhcpcsvc6.DLL
0x00007ffa796e0000 - 0x00007ffa796fd000 	C:\WINDOWS\SYSTEM32\dhcpcsvc.DLL
0x00007ffa7dd50000 - 0x00007ffa7de1b000 	C:\WINDOWS\SYSTEM32\DNSAPI.dll

dbghelp: loaded successfully - version: 4.0.5 - missing functions: none
symbol engine: initialized successfully - sym options: 0x614 - pdb path: .;C:\Program Files\OpenJDK\openjdk-11.0.15_10\bin;C:\WINDOWS\SYSTEM32;C:\WINDOWS\WinSxS\amd64_microsoft.windows.common-controls_6595b64144ccf1df_6.0.19041.1110_none_60b5254171f9507e;C:\Program Files\OpenJDK\openjdk-11.0.15_10\bin\server;C:\Users\Tom\.gradle\native\e1d6ef7f7dcc3fd88c89a11ec53ec762bb8ba0a96d01ffa2cd45eb1d1d8dd5c5\windows-amd64;C:\Users\Tom\.gradle\native\5664cfc778a61ccfe75a443a1ab52a65af34e5dc3c78e0209fed803814484fcb\windows-amd64

VM Arguments:
jvm_args: -XX:MaxMetaspaceSize=512m --add-opens=java.base/java.util=ALL-UNNAMED --add-opens=java.base/java.lang=ALL-UNNAMED --add-opens=java.base/java.lang.invoke=ALL-UNNAMED --add-opens=java.base/java.util=ALL-UNNAMED --add-opens=java.prefs/java.util.prefs=ALL-UNNAMED --add-opens=java.prefs/java.util.prefs=ALL-UNNAMED --add-opens=java.base/java.nio.charset=ALL-UNNAMED --add-opens=java.base/java.net=ALL-UNNAMED --add-opens=java.base/java.util.concurrent.atomic=ALL-UNNAMED -Xmx2048m -Dfile.encoding=windows-1252 -Duser.country=GB -Duser.language=en -Duser.variant 
java_command: org.gradle.launcher.daemon.bootstrap.GradleDaemon 7.3.3
java_class_path (initial): C:\Users\Tom\.gradle\wrapper\dists\gradle-7.3.3-all\4295vidhdd9hd3gbjyw1xqxpo\gradle-7.3.3\lib\gradle-launcher-7.3.3.jar
Launcher Type: SUN_STANDARD

[Global flags]
     intx CICompilerCount                          = 3                                         {product} {ergonomic}
   size_t CompressedClassSpaceSize                 = 528482304                                 {product} {ergonomic}
     uint ConcGCThreads                            = 1                                         {product} {ergonomic}
     uint G1ConcRefinementThreads                  = 4                                         {product} {ergonomic}
   size_t G1HeapRegionSize                         = 1048576                                   {product} {ergonomic}
    uintx GCDrainStackTargetSize                   = 64                                        {product} {ergonomic}
   size_t InitialHeapSize                          = 134217728                                 {product} {ergonomic}
   size_t MarkStackSize                            = 4194304                                   {product} {ergonomic}
   size_t MaxHeapSize                              = 2147483648                                {product} {command line}
   size_t MaxMetaspaceSize                         = 536870912                                 {product} {command line}
   size_t MaxNewSize                               = 1287651328                                {product} {ergonomic}
   size_t MinHeapDeltaBytes                        = 1048576                                   {product} {ergonomic}
    uintx NonNMethodCodeHeapSize                   = 5830732                                {pd product} {ergonomic}
    uintx NonProfiledCodeHeapSize                  = 122913754                              {pd product} {ergonomic}
    uintx ProfiledCodeHeapSize                     = 122913754                              {pd product} {ergonomic}
    uintx ReservedCodeCacheSize                    = 251658240                              {pd product} {ergonomic}
     bool SegmentedCodeCache                       = true                                      {product} {ergonomic}
     bool UseCompressedClassPointers               = true                                 {lp64_product} {ergonomic}
     bool UseCompressedOops                        = true                                 {lp64_product} {ergonomic}
     bool UseG1GC                                  = true                                      {product} {ergonomic}
     bool UseLargePagesIndividualAllocation        = false                                  {pd product} {ergonomic}

Logging:
Log output configuration:
 #0: stdout all=warning uptime,level,tags
 #1: stderr all=off uptime,level,tags

Environment Variables:
JAVA_HOME=C:\Program Files\OpenJDK\openjdk-11.0.15_10
CLASSPATH=C:\Users\Tom\Documents\Programmation\React Native\projectRNcli\android\\gradle\wrapper\gradle-wrapper.jar
PATH=C:\Users\Tom\Documents\Programmation\React Native\projectRNcli\android\node_modules\.bin;C:\Users\Tom\Documents\Programmation\React Native\projectRNcli\node_modules\.bin;C:\Users\Tom\Documents\Programmation\React Native\node_modules\.bin;C:\Users\Tom\Documents\Programmation\node_modules\.bin;C:\Users\Tom\Documents\node_modules\.bin;C:\Users\Tom\node_modules\.bin;C:\Users\node_modules\.bin;C:\node_modules\.bin;C:\Program Files\nodejs;C:\Users\Tom\Documents\Programmation\React Native\projectRNcli\node_modules\.bin;C:\Users\Tom\Documents\Programmation\React Native\node_modules\.bin;C:\Users\Tom\Documents\Programmation\node_modules\.bin;C:\Users\Tom\Documents\node_modules\.bin;C:\Users\Tom\node_modules\.bin;C:\Users\node_modules\.bin;C:\node_modules\.bin;C:\Program Files\nodejs\node_modules\npm\node_modules\@npmcli\run-script\lib\node-gyp-bin;C:\Python310\Scripts\;C:\Python310\;C:\Program Files\Common Files\Oracle\Java\javapath;C:\Program Files (x86)\Intel\Intel(R) Management Engine Components\iCLS\;C:\Program Files\Intel\Intel(R) Management Engine Components\iCLS\;C:\windows\system32;C:\windows;C:\windows\System32\Wbem;C:\windows\System32\WindowsPowerShell\v1.0\;C:\Program Files (x86)\Intel\Intel(R) Management Engine Components\DAL;C:\Program Files\Intel\Intel(R) Management Engine Components\DAL;C:\Program Files (x86)\Intel\Intel(R) Management Engine Components\IPT;C:\Program Files\Intel\Intel(R) Management Engine Components\IPT;C:\Program Files (x86)\NVIDIA Corporation\PhysX\Common;C:\WINDOWS\system32;C:\WINDOWS;C:\WINDOWS\System32\Wbem;C:\WINDOWS\System32\WindowsPowerShell\v1.0\;C:\WINDOWS\System32\OpenSSH\;C:\Program Files\Microchip\xc8\v2.36\bin;C:\ProgramData\chocolatey\bin;C:\Program Files\OpenJDK\openjdk-11.0.15_10\bin;C:\Program Files\nodejs\;C:\Users\Tom\AppData\Local\Microsoft\WindowsApps;C:\Users\Tom\AppData\Local\Programs\Microsoft VS Code\bin;C:\Users\Tom\AppData\Local\Android\Sdk\platform-tools;C:\Users\Tom\AppData\Roaming\npm;;C:\Users\Tom\Documents\Pr
USERNAME=Tom
LANG=en_GB.UTF-8
OS=Windows_NT
PROCESSOR_IDENTIFIER=Intel64 Family 6 Model 142 Stepping 10, GenuineIntel



---------------  S Y S T E M  ---------------

OS: Windows 10 , 64 bit Build 19041 (10.0.19041.1741)
OS uptime: 0 days 0:57 hours

CPU:total 4 (initial active 4) (2 cores per cpu, 2 threads per core) family 6 model 142 stepping 10 microcode 0xb4, cmov, cx8, fxsr, mmx, sse, sse2, sse3, ssse3, sse4.1, sse4.2, popcnt, avx, avx2, aes, clmul, erms, 3dnowpref, lzcnt, ht, tsc, tscinvbit, bmi1, bmi2, adx, fma

Memory: 4k page, system-wide physical 8107M (1027M free)
TotalPageFile size 8107M (AvailPageFile size 0M)
current process WorkingSet (physical memory assigned to process): 375M, peak: 419M
current process commit charge ("private bytes"): 415M, peak: 458M

vm_info: OpenJDK 64-Bit Server VM (11.0.15+10) for windows-amd64 JRE (11.0.15+10), built on Apr 21 2022 21:29:46 by "tester" with MS VC++ 15.5 (VS2017)

END.
