#
# There is insufficient memory for the Java Runtime Environment to continue.
# Native memory allocation (mmap) failed to map 90177536 bytes for Failed to commit area from 0x0000000090900000 to 0x0000000095f00000 of length 90177536.
# Possible reasons:
#   The system is out of physical RAM or swap space
#   The process is running with CompressedOops enabled, and the Java Heap may be blocking the growth of the native heap
# Possible solutions:
#   Reduce memory load on the system
#   Increase physical memory or swap space
#   Check if swap backing store is full
#   Decrease Java heap size (-Xmx/-Xms)
#   Decrease number of Java threads
#   Decrease Java thread stack sizes (-Xss)
#   Set larger code cache with -XX:ReservedCodeCacheSize=
#   JVM is running with Unscaled Compressed Oops mode in which the Java heap is
#     placed in the first 4GB address space. The Java Heap base address is the
#     maximum limit for the native heap growth. Please use -XX:HeapBaseMinAddress
#     to set the Java Heap base and to place the Java Heap above 4GB virtual address.
# This output file may be truncated or incomplete.
#
#  Out of Memory Error (./src/hotspot/os/windows/os_windows.cpp:3390), pid=14856, tid=14504
#
# JRE version: OpenJDK Runtime Environment 18.9 (11.0.15+10) (build 11.0.15+10)
# Java VM: OpenJDK 64-Bit Server VM 18.9 (11.0.15+10, mixed mode, tiered, compressed oops, g1 gc, windows-amd64)
# No core dump will be written. Minidumps are not enabled by default on client versions of Windows
#

---------------  S U M M A R Y ------------

Command Line: -XX:MaxMetaspaceSize=512m --add-opens=java.base/java.util=ALL-UNNAMED --add-opens=java.base/java.lang=ALL-UNNAMED --add-opens=java.base/java.lang.invoke=ALL-UNNAMED --add-opens=java.base/java.util=ALL-UNNAMED --add-opens=java.prefs/java.util.prefs=ALL-UNNAMED --add-opens=java.prefs/java.util.prefs=ALL-UNNAMED --add-opens=java.base/java.nio.charset=ALL-UNNAMED --add-opens=java.base/java.net=ALL-UNNAMED --add-opens=java.base/java.util.concurrent.atomic=ALL-UNNAMED -Xmx2048m -Dfile.encoding=windows-1252 -Duser.country=GB -Duser.language=en -Duser.variant org.gradle.launcher.daemon.bootstrap.GradleDaemon 7.3.3

Host: Intel(R) Core(TM) i3-7020U CPU @ 2.30GHz, 4 cores, 7G,  Windows 10 , 64 bit Build 19041 (10.0.19041.1741)
Time: Sun Jul  3 17:31:39 2022 Romance Summer Time elapsed time: 60.030577 seconds (0d 0h 1m 0s)

---------------  T H R E A D  ---------------

Current thread (0x00000231c26a1000):  VMThread "VM Thread" [stack: 0x000000ce86200000,0x000000ce86300000] [id=14504]

Stack: [0x000000ce86200000,0x000000ce86300000]
[error occurred during error reporting (printing stack bounds), id 0xc0000005, EXCEPTION_ACCESS_VIOLATION (0xc0000005) at pc=0x00000231ac5e112d]

Native frames: (J=compiled Java code, j=interpreted, Vv=VM code, C=native code)
V  [jvm.dll+0x64dd3a]
V  [jvm.dll+0x7906c9]
V  [jvm.dll+0x791d9c]
V  [jvm.dll+0x7923c5]
V  [jvm.dll+0x79237b]
V  [jvm.dll+0x64cdd0]
V  [jvm.dll+0x64d4e8]
C  [ntdll.dll+0xa209f]
C  [ntdll.dll+0x51454]
C  [ntdll.dll+0xa0bce]
C  0x00000231ac5e112d

VM_Operation (0x000000ce89df9450): G1CollectForAllocation, mode: safepoint, requested by thread 0x00000231c491d000


---------------  P R O C E S S  ---------------

Threads class SMR info:
_java_thread_list=0x00000231c95d4970, length=88, elements={
0x00000231a3e82800, 0x00000231c26b4000, 0x00000231c26ae800, 0x00000231c270a000,
0x00000231c270e000, 0x00000231c3010800, 0x00000231c3011800, 0x00000231c3012800,
0x00000231c3015800, 0x00000231c318c800, 0x00000231c4280800, 0x00000231c54f5000,
0x00000231c3674800, 0x00000231c5c2c800, 0x00000231c54a0800, 0x00000231c42c5800,
0x00000231c6537800, 0x00000231c42ab800, 0x00000231c46d8800, 0x00000231c5b34000,
0x00000231c62cc000, 0x00000231c62d0000, 0x00000231c62d1000, 0x00000231c62cd000,
0x00000231c62d2000, 0x00000231c62d2800, 0x00000231c62ce000, 0x00000231c62ce800,
0x00000231c62cf800, 0x00000231c4840000, 0x00000231c4843800, 0x00000231c4842000,
0x00000231c4842800, 0x00000231c4845000, 0x00000231c483f800, 0x00000231c484b800,
0x00000231c484b000, 0x00000231c484a000, 0x00000231c4846000, 0x00000231c484c800,
0x00000231c4846800, 0x00000231c484d800, 0x00000231c4847800, 0x00000231c4848800,
0x00000231c4849000, 0x00000231c491c000, 0x00000231c491d800, 0x00000231c491e800,
0x00000231c4921000, 0x00000231c491f800, 0x00000231c4920000, 0x00000231c491b000,
0x00000231c4921800, 0x00000231c4922800, 0x00000231c491d000, 0x00000231c4926800,
0x00000231c4924000, 0x00000231c4925000, 0x00000231c4926000, 0x00000231c4927800,
0x00000231c4928000, 0x00000231c4929000, 0x00000231c4923800, 0x00000231c492a000,
0x00000231c503a800, 0x00000231c503d000, 0x00000231c503d800, 0x00000231c503b800,
0x00000231c5041000, 0x00000231c503c000, 0x00000231c5042000, 0x00000231c5043800,
0x00000231c5042800, 0x00000231c5044000, 0x00000231c503e800, 0x00000231c5040000,
0x00000231c5048800, 0x00000231c5049000, 0x00000231c5046800, 0x00000231c5047800,
0x00000231c90ec000, 0x00000231c90eb000, 0x00000231c90e7000, 0x00000231c90ed800,
0x00000231c90ee800, 0x00000231c90e8800, 0x00000231c90ef000, 0x00000231cc83b000
}

Java Threads: ( => current thread )
  0x00000231a3e82800 JavaThread "main" [_thread_blocked, id=9492, stack(0x000000ce85c00000,0x000000ce85d00000)]
  0x00000231c26b4000 JavaThread "Reference Handler" daemon [_thread_blocked, id=2200, stack(0x000000ce86300000,0x000000ce86400000)]
  0x00000231c26ae800 JavaThread "Finalizer" daemon [_thread_blocked, id=17560, stack(0x000000ce86400000,0x000000ce86500000)]
  0x00000231c270a000 JavaThread "Signal Dispatcher" daemon [_thread_blocked, id=15016, stack(0x000000ce86500000,0x000000ce86600000)]
  0x00000231c270e000 JavaThread "Attach Listener" daemon [_thread_blocked, id=15732, stack(0x000000ce86600000,0x000000ce86700000)]
  0x00000231c3010800 JavaThread "Service Thread" daemon [_thread_blocked, id=1532, stack(0x000000ce86700000,0x000000ce86800000)]
  0x00000231c3011800 JavaThread "C2 CompilerThread0" daemon [_thread_in_native, id=13632, stack(0x000000ce86800000,0x000000ce86900000)]
  0x00000231c3012800 JavaThread "C1 CompilerThread0" daemon [_thread_blocked, id=9936, stack(0x000000ce86900000,0x000000ce86a00000)]
  0x00000231c3015800 JavaThread "Sweeper thread" daemon [_thread_blocked, id=15012, stack(0x000000ce86a00000,0x000000ce86b00000)]
  0x00000231c318c800 JavaThread "Common-Cleaner" daemon [_thread_blocked, id=13208, stack(0x000000ce86b00000,0x000000ce86c00000)]
  0x00000231c4280800 JavaThread "Daemon health stats" [_thread_blocked, id=12120, stack(0x000000ce87000000,0x000000ce87100000)]
  0x00000231c54f5000 JavaThread "Incoming local TCP Connector on port 51165" [_thread_in_native, id=3116, stack(0x000000ce86d00000,0x000000ce86e00000)]
  0x00000231c3674800 JavaThread "Daemon periodic checks" [_thread_blocked, id=15224, stack(0x000000ce87100000,0x000000ce87200000)]
  0x00000231c5c2c800 JavaThread "Daemon" [_thread_blocked, id=13888, stack(0x000000ce87200000,0x000000ce87300000)]
  0x00000231c54a0800 JavaThread "Handler for socket connection from /127.0.0.1:51165 to /127.0.0.1:51166" [_thread_in_native, id=7964, stack(0x000000ce87300000,0x000000ce87400000)]
  0x00000231c42c5800 JavaThread "Cancel handler" [_thread_blocked, id=17752, stack(0x000000ce87400000,0x000000ce87500000)]
  0x00000231c6537800 JavaThread "Daemon worker" [_thread_blocked, id=9752, stack(0x000000ce87500000,0x000000ce87600000)]
  0x00000231c42ab800 JavaThread "Asynchronous log dispatcher for DefaultDaemonConnection: socket connection from /127.0.0.1:51165 to /127.0.0.1:51166" [_thread_blocked, id=5360, stack(0x000000ce87600000,0x000000ce87700000)]
  0x00000231c46d8800 JavaThread "Stdin handler" [_thread_blocked, id=15028, stack(0x000000ce87700000,0x000000ce87800000)]
  0x00000231c5b34000 JavaThread "Daemon client event forwarder" [_thread_blocked, id=11552, stack(0x000000ce87800000,0x000000ce87900000)]
  0x00000231c62cc000 JavaThread "Cache worker for journal cache (C:\Users\Tom\.gradle\caches\journal-1)" [_thread_blocked, id=6604, stack(0x000000ce87900000,0x000000ce87a00000)]
  0x00000231c62d0000 JavaThread "File lock request listener" [_thread_in_native, id=17208, stack(0x000000ce87a00000,0x000000ce87b00000)]
  0x00000231c62d1000 JavaThread "Cache worker for file hash cache (C:\Users\Tom\.gradle\caches\7.3.3\fileHashes)" [_thread_blocked, id=13400, stack(0x000000ce87c00000,0x000000ce87d00000)]
  0x00000231c62cd000 JavaThread "Cache worker for file hash cache (C:\Users\Tom\Documents\Programmation\React Native\projectRNcli\android\.gradle\7.3.3\fileHashes)" [_thread_blocked, id=15796, stack(0x000000ce87d00000,0x000000ce87e00000)]
  0x00000231c62d2000 JavaThread "File watcher server" daemon [_thread_blocked, id=14592, stack(0x000000ce87e00000,0x000000ce87f00000)]
  0x00000231c62d2800 JavaThread "File watcher consumer" daemon [_thread_blocked, id=1684, stack(0x000000ce87f00000,0x000000ce88000000)]
  0x00000231c62ce000 JavaThread "Cache worker for checksums cache (C:\Users\Tom\Documents\Programmation\React Native\projectRNcli\android\.gradle\7.3.3\checksums)" [_thread_blocked, id=10772, stack(0x000000ce88000000,0x000000ce88100000)]
  0x00000231c62ce800 JavaThread "Cache worker for cache directory md-supplier (C:\Users\Tom\.gradle\caches\7.3.3\md-supplier)" [_thread_blocked, id=5584, stack(0x000000ce88100000,0x000000ce88200000)]
  0x00000231c62cf800 JavaThread "Cache worker for cache directory md-rule (C:\Users\Tom\.gradle\caches\7.3.3\md-rule)" [_thread_blocked, id=15080, stack(0x000000ce88300000,0x000000ce88400000)]
  0x00000231c4840000 JavaThread "Cache worker for execution history cache (C:\Users\Tom\.gradle\caches\7.3.3\executionHistory)" [_thread_blocked, id=14852, stack(0x000000ce88400000,0x000000ce88500000)]
  0x00000231c4843800 JavaThread "jar transforms" [_thread_blocked, id=14508, stack(0x000000ce88500000,0x000000ce88600000)]
  0x00000231c4842000 JavaThread "jar transforms Thread 2" [_thread_blocked, id=4568, stack(0x000000ce88600000,0x000000ce88700000)]
  0x00000231c4842800 JavaThread "Cache worker for file content cache (C:\Users\Tom\.gradle\caches\7.3.3\fileContent)" [_thread_blocked, id=7112, stack(0x000000ce88700000,0x000000ce88800000)]
  0x00000231c4845000 JavaThread "jar transforms Thread 3" [_thread_blocked, id=7600, stack(0x000000ce88800000,0x000000ce88900000)]
  0x00000231c483f800 JavaThread "jar transforms Thread 4" [_thread_blocked, id=15212, stack(0x000000ce88900000,0x000000ce88a00000)]
  0x00000231c484b800 JavaThread "Cache worker for kotlin-dsl (C:\Users\Tom\.gradle\caches\7.3.3\kotlin-dsl)" [_thread_blocked, id=17120, stack(0x000000ce88a00000,0x000000ce88b00000)]
  0x00000231c484b000 JavaThread "Cache worker for dependencies-accessors (C:\Users\Tom\Documents\Programmation\React Native\projectRNcli\android\.gradle\7.3.3\dependencies-accessors)" [_thread_blocked, id=7828, stack(0x000000ce88b00000,0x000000ce88c00000)]
  0x00000231c484a000 JavaThread "Cache worker for Build Output Cleanup Cache (C:\Users\Tom\Documents\Programmation\React Native\projectRNcli\node_modules\react-native-gradle-plugin\.gradle\buildOutputCleanup)" [_thread_blocked, id=13788, stack(0x000000ce88200000,0x000000ce88300000)]
  0x00000231c4846000 JavaThread "Unconstrained build operations" [_thread_blocked, id=2660, stack(0x000000ce88d00000,0x000000ce88e00000)]
  0x00000231c484c800 JavaThread "Unconstrained build operations Thread 2" [_thread_blocked, id=13572, stack(0x000000ce88e00000,0x000000ce88f00000)]
  0x00000231c4846800 JavaThread "Unconstrained build operations Thread 3" [_thread_blocked, id=3720, stack(0x000000ce88f00000,0x000000ce89000000)]
  0x00000231c484d800 JavaThread "Unconstrained build operations Thread 4" [_thread_blocked, id=11640, stack(0x000000ce89000000,0x000000ce89100000)]
  0x00000231c4847800 JavaThread "Unconstrained build operations Thread 5" [_thread_blocked, id=3984, stack(0x000000ce89100000,0x000000ce89200000)]
  0x00000231c4848800 JavaThread "Unconstrained build operations Thread 6" [_thread_blocked, id=15132, stack(0x000000ce89200000,0x000000ce89300000)]
  0x00000231c4849000 JavaThread "Unconstrained build operations Thread 7" [_thread_blocked, id=5104, stack(0x000000ce89300000,0x000000ce89400000)]
  0x00000231c491c000 JavaThread "Unconstrained build operations Thread 8" [_thread_blocked, id=11956, stack(0x000000ce89400000,0x000000ce89500000)]
  0x00000231c491d800 JavaThread "Unconstrained build operations Thread 9" [_thread_blocked, id=13792, stack(0x000000ce89500000,0x000000ce89600000)]
  0x00000231c491e800 JavaThread "Unconstrained build operations Thread 10" [_thread_blocked, id=3916, stack(0x000000ce89600000,0x000000ce89700000)]
  0x00000231c4921000 JavaThread "Unconstrained build operations Thread 11" [_thread_blocked, id=4832, stack(0x000000ce89700000,0x000000ce89800000)]
  0x00000231c491f800 JavaThread "Unconstrained build operations Thread 12" [_thread_blocked, id=15816, stack(0x000000ce89800000,0x000000ce89900000)]
  0x00000231c4920000 JavaThread "Unconstrained build operations Thread 13" [_thread_blocked, id=17936, stack(0x000000ce89900000,0x000000ce89a00000)]
  0x00000231c491b000 JavaThread "Unconstrained build operations Thread 14" [_thread_blocked, id=10748, stack(0x000000ce89a00000,0x000000ce89b00000)]
  0x00000231c4921800 JavaThread "Unconstrained build operations Thread 15" [_thread_blocked, id=8268, stack(0x000000ce89b00000,0x000000ce89c00000)]
  0x00000231c4922800 JavaThread "Unconstrained build operations Thread 16" [_thread_blocked, id=2592, stack(0x000000ce89c00000,0x000000ce89d00000)]
  0x00000231c491d000 JavaThread "Unconstrained build operations Thread 17" [_thread_blocked, id=13164, stack(0x000000ce89d00000,0x000000ce89e00000)]
  0x00000231c4926800 JavaThread "Unconstrained build operations Thread 18" [_thread_blocked, id=17544, stack(0x000000ce89e00000,0x000000ce89f00000)]
  0x00000231c4924000 JavaThread "Unconstrained build operations Thread 19" [_thread_blocked, id=14196, stack(0x000000ce89f00000,0x000000ce8a000000)]
  0x00000231c4925000 JavaThread "Unconstrained build operations Thread 20" [_thread_blocked, id=14784, stack(0x000000ce8a000000,0x000000ce8a100000)]
  0x00000231c4926000 JavaThread "Unconstrained build operations Thread 21" [_thread_blocked, id=7044, stack(0x000000ce8a100000,0x000000ce8a200000)]
  0x00000231c4927800 JavaThread "Unconstrained build operations Thread 22" [_thread_blocked, id=7544, stack(0x000000ce8a200000,0x000000ce8a300000)]
  0x00000231c4928000 JavaThread "Unconstrained build operations Thread 23" [_thread_blocked, id=15160, stack(0x000000ce8a300000,0x000000ce8a400000)]
  0x00000231c4929000 JavaThread "Unconstrained build operations Thread 24" [_thread_blocked, id=17304, stack(0x000000ce8a400000,0x000000ce8a500000)]
  0x00000231c4923800 JavaThread "Unconstrained build operations Thread 25" [_thread_blocked, id=15584, stack(0x000000ce8a500000,0x000000ce8a600000)]
  0x00000231c492a000 JavaThread "Unconstrained build operations Thread 26" [_thread_blocked, id=15064, stack(0x000000ce8a600000,0x000000ce8a700000)]
  0x00000231c503a800 JavaThread "Unconstrained build operations Thread 27" [_thread_blocked, id=7724, stack(0x000000ce8a700000,0x000000ce8a800000)]
  0x00000231c503d000 JavaThread "Unconstrained build operations Thread 28" [_thread_blocked, id=13552, stack(0x000000ce8a800000,0x000000ce8a900000)]
  0x00000231c503d800 JavaThread "Unconstrained build operations Thread 29" [_thread_blocked, id=18068, stack(0x000000ce8a900000,0x000000ce8aa00000)]
  0x00000231c503b800 JavaThread "Unconstrained build operations Thread 30" [_thread_blocked, id=14520, stack(0x000000ce8aa00000,0x000000ce8ab00000)]
  0x00000231c5041000 JavaThread "Unconstrained build operations Thread 31" [_thread_blocked, id=15228, stack(0x000000ce8ab00000,0x000000ce8ac00000)]
  0x00000231c503c000 JavaThread "Unconstrained build operations Thread 32" [_thread_blocked, id=12372, stack(0x000000ce8ac00000,0x000000ce8ad00000)]
  0x00000231c5042000 JavaThread "Unconstrained build operations Thread 33" [_thread_blocked, id=15244, stack(0x000000ce8ad00000,0x000000ce8ae00000)]
  0x00000231c5043800 JavaThread "build event listener" [_thread_blocked, id=7620, stack(0x000000ce8ae00000,0x000000ce8af00000)]
  0x00000231c5042800 JavaThread "Memory manager" [_thread_blocked, id=656, stack(0x000000ce8af00000,0x000000ce8b000000)]
  0x00000231c5044000 JavaThread "Cache worker for Build Output Cleanup Cache (C:\Users\Tom\Documents\Programmation\React Native\projectRNcli\android\.gradle\buildOutputCleanup)" [_thread_blocked, id=17060, stack(0x000000ce8b000000,0x000000ce8b100000)]
  0x00000231c503e800 JavaThread "included builds" [_thread_blocked, id=6924, stack(0x000000ce8b100000,0x000000ce8b200000)]
  0x00000231c5040000 JavaThread "Cache worker for execution history cache (C:\Users\Tom\Documents\Programmation\React Native\projectRNcli\node_modules\react-native-gradle-plugin\.gradle\7.3.3\executionHistory)" [_thread_blocked, id=4808, stack(0x000000ce8b500000,0x000000ce8b600000)]
  0x00000231c5048800 JavaThread "Unconstrained build operations Thread 34" [_thread_blocked, id=1448, stack(0x000000ce88c00000,0x000000ce88d00000)]
  0x00000231c5049000 JavaThread "Unconstrained build operations Thread 35" [_thread_blocked, id=2016, stack(0x000000ce8b600000,0x000000ce8b700000)]
  0x00000231c5046800 JavaThread "Unconstrained build operations Thread 36" [_thread_blocked, id=2664, stack(0x000000ce8b700000,0x000000ce8b800000)]
  0x00000231c5047800 JavaThread "Unconstrained build operations Thread 37" [_thread_blocked, id=16168, stack(0x000000ce8b800000,0x000000ce8b900000)]
  0x00000231c90ec000 JavaThread "Unconstrained build operations Thread 38" [_thread_blocked, id=14156, stack(0x000000ce8b900000,0x000000ce8ba00000)]
  0x00000231c90eb000 JavaThread "Unconstrained build operations Thread 39" [_thread_blocked, id=16256, stack(0x000000ce8ba00000,0x000000ce8bb00000)]
  0x00000231c90e7000 JavaThread "Unconstrained build operations Thread 40" [_thread_blocked, id=15008, stack(0x000000ce8bb00000,0x000000ce8bc00000)]
  0x00000231c90ed800 JavaThread "Execution worker for ':'" [_thread_blocked, id=12380, stack(0x000000ce8bc00000,0x000000ce8bd00000)]
  0x00000231c90ee800 JavaThread "Execution worker for ':' Thread 2" [_thread_blocked, id=9536, stack(0x000000ce8bd00000,0x000000ce8be00000)]
  0x00000231c90e8800 JavaThread "Execution worker for ':' Thread 3" [_thread_blocked, id=8540, stack(0x000000ce8be00000,0x000000ce8bf00000)]
  0x00000231c90ef000 JavaThread "Cache worker for execution history cache (C:\Users\Tom\Documents\Programmation\React Native\projectRNcli\android\.gradle\7.3.3\executionHistory)" [_thread_blocked, id=2076, stack(0x000000ce8bf00000,0x000000ce8c000000)]
  0x00000231cc83b000 JavaThread "C2 CompilerThread1" daemon [_thread_blocked, id=120, stack(0x000000ce8b200000,0x000000ce8b300000)]

Other Threads:
=>0x00000231c26a1000 VMThread "VM Thread" [stack: 0x000000ce86200000,0x000000ce86300000] [id=14504]
  0x00000231c3186000 WatcherThread [stack: 0x000000ce86c00000,0x000000ce86d00000] [id=2816]
  0x00000231a3e9a800 GCTaskThread "GC Thread#0" [stack: 0x000000ce85d00000,0x000000ce85e00000] [id=11204]
  0x00000231c36ec000 GCTaskThread "GC Thread#1" [stack: 0x000000ce86e00000,0x000000ce86f00000] [id=14840]
  0x00000231c3bbe000 GCTaskThread "GC Thread#2" [stack: 0x000000ce86f00000,0x000000ce87000000] [id=13104]
  0x00000231c5875800 GCTaskThread "GC Thread#3" [stack: 0x000000ce87b00000,0x000000ce87c00000] [id=14552]
  0x00000231a3ece000 ConcurrentGCThread "G1 Main Marker" [stack: 0x000000ce85e00000,0x000000ce85f00000] [id=18344]
  0x00000231a3ecf000 ConcurrentGCThread "G1 Conc#0" [stack: 0x000000ce85f00000,0x000000ce86000000] [id=4384]
  0x00000231a3f5c000 ConcurrentGCThread "G1 Refine#0" [stack: 0x000000ce86000000,0x000000ce86100000] [id=9260]
  0x00000231a3f5d000 ConcurrentGCThread "G1 Young RemSet Sampling" [stack: 0x000000ce86100000,0x000000ce86200000] [id=8524]

Threads with active compile tasks:
C2 CompilerThread0    60063 14753       4       com.android.tools.r8.internal.XC::b (682 bytes)
C1 CompilerThread0    60063 14795 %     3       com.android.tools.r8.ir.regalloc.a::i @ 341 (620 bytes)
C2 CompilerThread1    60063 14756       4       com.android.tools.r8.internal.jC::c (11 bytes)

VM state:at safepoint (normal execution)

VM Mutex/Monitor currently owned by a thread:  ([mutex/lock_event])
[0x00000231a3e7f3d0] Threads_lock - owner thread: 0x00000231c26a1000
[0x00000231a3e7f8e0] Heap_lock - owner thread: 0x00000231c491d000

Heap address: 0x0000000080000000, size: 2048 MB, Compressed Oops mode: 32-bit
Narrow klass base: 0x0000000000000000, Narrow klass shift: 3
Compressed class space size: 528482304 Address: 0x0000000100000000

Heap:
 garbage-first heap   total 359424K, used 149384K [0x0000000080000000, 0x0000000100000000)
  region size 1024K, 3 young (3072K), 3 survivors (3072K)
 Metaspace       used 109190K, capacity 112476K, committed 112648K, reserved 614400K
  class space    used 14210K, capacity 15507K, committed 15616K, reserved 516096K
Heap Regions: E=young(eden), S=young(survivor), O=old, HS=humongous(starts), HC=humongous(continues), CS=collection set, F=free, A=archive, TAMS=top-at-mark-start (previous, next)
|   0|0x0000000080000000, 0x0000000080100000, 0x0000000080100000|100%| O|  |TAMS 0x0000000080100000, 0x0000000080100000| Untracked 
|   1|0x0000000080100000, 0x0000000080200000, 0x0000000080200000|100%| O|  |TAMS 0x0000000080200000, 0x0000000080200000| Untracked 
|   2|0x0000000080200000, 0x0000000080300000, 0x0000000080300000|100%| O|  |TAMS 0x0000000080300000, 0x0000000080300000| Untracked 
|   3|0x0000000080300000, 0x0000000080400000, 0x0000000080400000|100%|HS|  |TAMS 0x0000000080400000, 0x0000000080400000| Complete 
|   4|0x0000000080400000, 0x0000000080500000, 0x0000000080500000|100%|HC|  |TAMS 0x0000000080500000, 0x0000000080500000| Complete 
|   5|0x0000000080500000, 0x0000000080600000, 0x0000000080600000|100%|HC|  |TAMS 0x0000000080600000, 0x0000000080600000| Complete 
|   6|0x0000000080600000, 0x0000000080700000, 0x0000000080700000|100%| O|  |TAMS 0x0000000080700000, 0x0000000080700000| Untracked 
|   7|0x0000000080700000, 0x0000000080800000, 0x0000000080800000|100%| O|  |TAMS 0x0000000080800000, 0x0000000080800000| Untracked 
|   8|0x0000000080800000, 0x0000000080900000, 0x0000000080900000|100%| O|  |TAMS 0x0000000080900000, 0x0000000080900000| Untracked 
|   9|0x0000000080900000, 0x0000000080a00000, 0x0000000080a00000|100%| O|  |TAMS 0x0000000080a00000, 0x0000000080a00000| Untracked 
|  10|0x0000000080a00000, 0x0000000080b00000, 0x0000000080b00000|100%| O|  |TAMS 0x0000000080b00000, 0x0000000080b00000| Untracked 
|  11|0x0000000080b00000, 0x0000000080c00000, 0x0000000080c00000|100%| O|  |TAMS 0x0000000080c00000, 0x0000000080c00000| Untracked 
|  12|0x0000000080c00000, 0x0000000080d00000, 0x0000000080d00000|100%| O|  |TAMS 0x0000000080d00000, 0x0000000080d00000| Untracked 
|  13|0x0000000080d00000, 0x0000000080e00000, 0x0000000080e00000|100%| O|  |TAMS 0x0000000080e00000, 0x0000000080e00000| Untracked 
|  14|0x0000000080e00000, 0x0000000080f00000, 0x0000000080f00000|100%| O|  |TAMS 0x0000000080f00000, 0x0000000080f00000| Untracked 
|  15|0x0000000080f00000, 0x0000000081000000, 0x0000000081000000|100%| O|  |TAMS 0x0000000081000000, 0x0000000081000000| Untracked 
|  16|0x0000000081000000, 0x0000000081100000, 0x0000000081100000|100%| O|  |TAMS 0x0000000081100000, 0x0000000081100000| Untracked 
|  17|0x0000000081100000, 0x0000000081200000, 0x0000000081200000|100%| O|  |TAMS 0x0000000081200000, 0x0000000081200000| Untracked 
|  18|0x0000000081200000, 0x0000000081300000, 0x0000000081300000|100%| O|  |TAMS 0x0000000081300000, 0x0000000081300000| Untracked 
|  19|0x0000000081300000, 0x0000000081400000, 0x0000000081400000|100%|HS|  |TAMS 0x0000000081400000, 0x0000000081400000| Complete 
|  20|0x0000000081400000, 0x0000000081500000, 0x0000000081500000|100%| O|  |TAMS 0x0000000081500000, 0x0000000081500000| Untracked 
|  21|0x0000000081500000, 0x0000000081600000, 0x0000000081600000|100%| O|  |TAMS 0x0000000081600000, 0x0000000081600000| Untracked 
|  22|0x0000000081600000, 0x0000000081700000, 0x0000000081700000|100%| O|  |TAMS 0x0000000081700000, 0x0000000081700000| Untracked 
|  23|0x0000000081700000, 0x0000000081800000, 0x0000000081800000|100%| O|  |TAMS 0x0000000081800000, 0x0000000081800000| Untracked 
|  24|0x0000000081800000, 0x0000000081900000, 0x0000000081900000|100%|HS|  |TAMS 0x0000000081900000, 0x0000000081900000| Complete 
|  25|0x0000000081900000, 0x0000000081a00000, 0x0000000081a00000|100%|HC|  |TAMS 0x0000000081a00000, 0x0000000081a00000| Complete 
|  26|0x0000000081a00000, 0x0000000081b00000, 0x0000000081b00000|100%|HC|  |TAMS 0x0000000081b00000, 0x0000000081b00000| Complete 
|  27|0x0000000081b00000, 0x0000000081c00000, 0x0000000081c00000|100%| O|  |TAMS 0x0000000081c00000, 0x0000000081c00000| Untracked 
|  28|0x0000000081c00000, 0x0000000081d00000, 0x0000000081d00000|100%| O|  |TAMS 0x0000000081d00000, 0x0000000081d00000| Untracked 
|  29|0x0000000081d00000, 0x0000000081e00000, 0x0000000081e00000|100%| O|  |TAMS 0x0000000081e00000, 0x0000000081e00000| Untracked 
|  30|0x0000000081e00000, 0x0000000081f00000, 0x0000000081f00000|100%| O|  |TAMS 0x0000000081f00000, 0x0000000081f00000| Untracked 
|  31|0x0000000081f00000, 0x0000000082000000, 0x0000000082000000|100%| O|  |TAMS 0x0000000082000000, 0x0000000082000000| Untracked 
|  32|0x0000000082000000, 0x0000000082100000, 0x0000000082100000|100%| O|  |TAMS 0x0000000082100000, 0x0000000082100000| Untracked 
|  33|0x0000000082100000, 0x0000000082200000, 0x0000000082200000|100%| O|  |TAMS 0x0000000082200000, 0x0000000082200000| Untracked 
|  34|0x0000000082200000, 0x0000000082300000, 0x0000000082300000|100%| O|  |TAMS 0x0000000082300000, 0x0000000082300000| Untracked 
|  35|0x0000000082300000, 0x0000000082400000, 0x0000000082400000|100%| O|  |TAMS 0x0000000082400000, 0x0000000082400000| Untracked 
|  36|0x0000000082400000, 0x0000000082500000, 0x0000000082500000|100%| O|  |TAMS 0x0000000082500000, 0x0000000082500000| Untracked 
|  37|0x0000000082500000, 0x0000000082600000, 0x0000000082600000|100%| O|  |TAMS 0x0000000082600000, 0x0000000082600000| Untracked 
|  38|0x0000000082600000, 0x0000000082700000, 0x0000000082700000|100%| O|  |TAMS 0x0000000082700000, 0x0000000082700000| Untracked 
|  39|0x0000000082700000, 0x0000000082800000, 0x0000000082800000|100%|HS|  |TAMS 0x0000000082800000, 0x0000000082800000| Complete 
|  40|0x0000000082800000, 0x0000000082900000, 0x0000000082900000|100%|HS|  |TAMS 0x0000000082900000, 0x0000000082900000| Complete 
|  41|0x0000000082900000, 0x0000000082a00000, 0x0000000082a00000|100%|HS|  |TAMS 0x0000000082a00000, 0x0000000082a00000| Complete 
|  42|0x0000000082a00000, 0x0000000082b00000, 0x0000000082b00000|100%|HC|  |TAMS 0x0000000082b00000, 0x0000000082b00000| Complete 
|  43|0x0000000082b00000, 0x0000000082c00000, 0x0000000082c00000|100%| O|  |TAMS 0x0000000082c00000, 0x0000000082c00000| Untracked 
|  44|0x0000000082c00000, 0x0000000082d00000, 0x0000000082d00000|100%| O|  |TAMS 0x0000000082d00000, 0x0000000082d00000| Untracked 
|  45|0x0000000082d00000, 0x0000000082e00000, 0x0000000082e00000|100%| O|  |TAMS 0x0000000082e00000, 0x0000000082e00000| Untracked 
|  46|0x0000000082e00000, 0x0000000082f00000, 0x0000000082f00000|100%| O|  |TAMS 0x0000000082f00000, 0x0000000082f00000| Untracked 
|  47|0x0000000082f00000, 0x0000000083000000, 0x0000000083000000|100%| O|  |TAMS 0x0000000083000000, 0x0000000083000000| Untracked 
|  48|0x0000000083000000, 0x0000000083100000, 0x0000000083100000|100%| O|  |TAMS 0x0000000083100000, 0x0000000083100000| Untracked 
|  49|0x0000000083100000, 0x0000000083200000, 0x0000000083200000|100%| O|  |TAMS 0x0000000083200000, 0x0000000083200000| Untracked 
|  50|0x0000000083200000, 0x0000000083300000, 0x0000000083300000|100%| O|  |TAMS 0x0000000083300000, 0x0000000083300000| Untracked 
|  51|0x0000000083300000, 0x0000000083400000, 0x0000000083400000|100%| O|  |TAMS 0x0000000083400000, 0x0000000083400000| Untracked 
|  52|0x0000000083400000, 0x0000000083500000, 0x0000000083500000|100%| O|  |TAMS 0x0000000083500000, 0x0000000083500000| Untracked 
|  53|0x0000000083500000, 0x0000000083600000, 0x0000000083600000|100%| O|  |TAMS 0x0000000083600000, 0x0000000083600000| Untracked 
|  54|0x0000000083600000, 0x0000000083700000, 0x0000000083700000|100%| O|  |TAMS 0x0000000083700000, 0x0000000083700000| Untracked 
|  55|0x0000000083700000, 0x0000000083800000, 0x0000000083800000|100%| O|  |TAMS 0x0000000083800000, 0x0000000083800000| Untracked 
|  56|0x0000000083800000, 0x0000000083900000, 0x0000000083900000|100%| O|  |TAMS 0x0000000083900000, 0x0000000083900000| Untracked 
|  57|0x0000000083900000, 0x0000000083a00000, 0x0000000083a00000|100%| O|  |TAMS 0x0000000083a00000, 0x0000000083a00000| Untracked 
|  58|0x0000000083a00000, 0x0000000083b00000, 0x0000000083b00000|100%| O|  |TAMS 0x0000000083b00000, 0x0000000083b00000| Untracked 
|  59|0x0000000083b00000, 0x0000000083c00000, 0x0000000083c00000|100%| O|  |TAMS 0x0000000083c00000, 0x0000000083c00000| Untracked 
|  60|0x0000000083c00000, 0x0000000083d00000, 0x0000000083d00000|100%| O|  |TAMS 0x0000000083d00000, 0x0000000083d00000| Untracked 
|  61|0x0000000083d00000, 0x0000000083e00000, 0x0000000083e00000|100%| O|  |TAMS 0x0000000083e00000, 0x0000000083e00000| Untracked 
|  62|0x0000000083e00000, 0x0000000083f00000, 0x0000000083f00000|100%| O|  |TAMS 0x0000000083f00000, 0x0000000083f00000| Untracked 
|  63|0x0000000083f00000, 0x0000000084000000, 0x0000000084000000|100%| O|  |TAMS 0x0000000084000000, 0x0000000084000000| Untracked 
|  64|0x0000000084000000, 0x0000000084100000, 0x0000000084100000|100%| O|  |TAMS 0x0000000084100000, 0x0000000084100000| Untracked 
|  65|0x0000000084100000, 0x0000000084200000, 0x0000000084200000|100%| O|  |TAMS 0x0000000084200000, 0x0000000084200000| Untracked 
|  66|0x0000000084200000, 0x0000000084300000, 0x0000000084300000|100%| O|  |TAMS 0x0000000084300000, 0x0000000084300000| Untracked 
|  67|0x0000000084300000, 0x0000000084400000, 0x0000000084400000|100%| O|  |TAMS 0x0000000084400000, 0x0000000084400000| Untracked 
|  68|0x0000000084400000, 0x0000000084500000, 0x0000000084500000|100%| O|  |TAMS 0x0000000084500000, 0x0000000084500000| Untracked 
|  69|0x0000000084500000, 0x0000000084600000, 0x0000000084600000|100%| O|  |TAMS 0x0000000084600000, 0x0000000084600000| Untracked 
|  70|0x0000000084600000, 0x0000000084700000, 0x0000000084700000|100%| O|  |TAMS 0x0000000084700000, 0x0000000084700000| Untracked 
|  71|0x0000000084700000, 0x0000000084800000, 0x0000000084800000|100%| O|  |TAMS 0x0000000084800000, 0x0000000084800000| Untracked 
|  72|0x0000000084800000, 0x0000000084900000, 0x0000000084900000|100%| O|  |TAMS 0x0000000084900000, 0x0000000084900000| Untracked 
|  73|0x0000000084900000, 0x0000000084a00000, 0x0000000084a00000|100%| O|  |TAMS 0x0000000084a00000, 0x0000000084a00000| Untracked 
|  74|0x0000000084a00000, 0x0000000084b00000, 0x0000000084b00000|100%| O|  |TAMS 0x0000000084b00000, 0x0000000084b00000| Untracked 
|  75|0x0000000084b00000, 0x0000000084c00000, 0x0000000084c00000|100%| O|  |TAMS 0x0000000084c00000, 0x0000000084c00000| Untracked 
|  76|0x0000000084c00000, 0x0000000084d00000, 0x0000000084d00000|100%| O|  |TAMS 0x0000000084d00000, 0x0000000084d00000| Untracked 
|  77|0x0000000084d00000, 0x0000000084e00000, 0x0000000084e00000|100%| O|  |TAMS 0x0000000084e00000, 0x0000000084e00000| Untracked 
|  78|0x0000000084e00000, 0x0000000084f00000, 0x0000000084f00000|100%| O|  |TAMS 0x0000000084f00000, 0x0000000084f00000| Untracked 
|  79|0x0000000084f00000, 0x0000000085000000, 0x0000000085000000|100%| O|  |TAMS 0x0000000085000000, 0x0000000085000000| Untracked 
|  80|0x0000000085000000, 0x0000000085100000, 0x0000000085100000|100%| O|  |TAMS 0x0000000085100000, 0x0000000085100000| Untracked 
|  81|0x0000000085100000, 0x0000000085200000, 0x0000000085200000|100%| O|  |TAMS 0x0000000085200000, 0x0000000085200000| Untracked 
|  82|0x0000000085200000, 0x0000000085300000, 0x0000000085300000|100%| O|  |TAMS 0x0000000085300000, 0x0000000085300000| Untracked 
|  83|0x0000000085300000, 0x0000000085400000, 0x0000000085400000|100%| O|  |TAMS 0x0000000085400000, 0x0000000085400000| Untracked 
|  84|0x0000000085400000, 0x0000000085500000, 0x0000000085500000|100%| O|  |TAMS 0x0000000085500000, 0x0000000085500000| Untracked 
|  85|0x0000000085500000, 0x0000000085600000, 0x0000000085600000|100%| O|  |TAMS 0x0000000085600000, 0x0000000085600000| Untracked 
|  86|0x0000000085600000, 0x0000000085700000, 0x0000000085700000|100%| O|  |TAMS 0x0000000085700000, 0x0000000085700000| Untracked 
|  87|0x0000000085700000, 0x0000000085800000, 0x0000000085800000|100%| O|  |TAMS 0x0000000085800000, 0x0000000085800000| Untracked 
|  88|0x0000000085800000, 0x0000000085900000, 0x0000000085900000|100%| O|  |TAMS 0x0000000085900000, 0x0000000085900000| Untracked 
|  89|0x0000000085900000, 0x0000000085a00000, 0x0000000085a00000|100%| O|  |TAMS 0x0000000085a00000, 0x0000000085a00000| Untracked 
|  90|0x0000000085a00000, 0x0000000085b00000, 0x0000000085b00000|100%| O|  |TAMS 0x0000000085b00000, 0x0000000085b00000| Untracked 
|  91|0x0000000085b00000, 0x0000000085c00000, 0x0000000085c00000|100%|HS|  |TAMS 0x0000000085c00000, 0x0000000085c00000| Complete 
|  92|0x0000000085c00000, 0x0000000085d00000, 0x0000000085d00000|100%|HC|  |TAMS 0x0000000085d00000, 0x0000000085d00000| Complete 
|  93|0x0000000085d00000, 0x0000000085e00000, 0x0000000085e00000|100%| O|  |TAMS 0x0000000085e00000, 0x0000000085e00000| Untracked 
|  94|0x0000000085e00000, 0x0000000085f00000, 0x0000000085f00000|100%| O|  |TAMS 0x0000000085f00000, 0x0000000085f00000| Untracked 
|  95|0x0000000085f00000, 0x0000000086000000, 0x0000000086000000|100%| O|  |TAMS 0x0000000086000000, 0x0000000086000000| Untracked 
|  96|0x0000000086000000, 0x0000000086100000, 0x0000000086100000|100%| O|  |TAMS 0x0000000086100000, 0x0000000086100000| Untracked 
|  97|0x0000000086100000, 0x0000000086200000, 0x0000000086200000|100%| O|  |TAMS 0x0000000086200000, 0x0000000086200000| Untracked 
|  98|0x0000000086200000, 0x0000000086300000, 0x0000000086300000|100%| O|  |TAMS 0x0000000086300000, 0x0000000086300000| Untracked 
|  99|0x0000000086300000, 0x0000000086400000, 0x0000000086400000|100%| O|  |TAMS 0x0000000086400000, 0x0000000086400000| Untracked 
| 100|0x0000000086400000, 0x0000000086500000, 0x0000000086500000|100%| O|  |TAMS 0x0000000086500000, 0x0000000086500000| Untracked 
| 101|0x0000000086500000, 0x0000000086600000, 0x0000000086600000|100%| O|  |TAMS 0x0000000086600000, 0x0000000086600000| Untracked 
| 102|0x0000000086600000, 0x0000000086700000, 0x0000000086700000|100%| O|  |TAMS 0x0000000086700000, 0x0000000086700000| Untracked 
| 103|0x0000000086700000, 0x0000000086800000, 0x0000000086800000|100%| O|  |TAMS 0x0000000086800000, 0x0000000086800000| Untracked 
| 104|0x0000000086800000, 0x0000000086900000, 0x0000000086900000|100%| O|  |TAMS 0x0000000086900000, 0x0000000086900000| Untracked 
| 105|0x0000000086900000, 0x0000000086a00000, 0x0000000086a00000|100%| O|  |TAMS 0x0000000086a00000, 0x0000000086a00000| Untracked 
| 106|0x0000000086a00000, 0x0000000086b00000, 0x0000000086b00000|100%| O|  |TAMS 0x0000000086b00000, 0x0000000086b00000| Untracked 
| 107|0x0000000086b00000, 0x0000000086c00000, 0x0000000086c00000|100%| O|  |TAMS 0x0000000086c00000, 0x0000000086c00000| Untracked 
| 108|0x0000000086c00000, 0x0000000086d00000, 0x0000000086d00000|100%| O|  |TAMS 0x0000000086d00000, 0x0000000086d00000| Untracked 
| 109|0x0000000086d00000, 0x0000000086e00000, 0x0000000086e00000|100%| O|  |TAMS 0x0000000086e00000, 0x0000000086e00000| Untracked 
| 110|0x0000000086e00000, 0x0000000086f00000, 0x0000000086f00000|100%| O|  |TAMS 0x0000000086f00000, 0x0000000086f00000| Untracked 
| 111|0x0000000086f00000, 0x0000000087000000, 0x0000000087000000|100%| O|  |TAMS 0x0000000087000000, 0x0000000087000000| Untracked 
| 112|0x0000000087000000, 0x0000000087100000, 0x0000000087100000|100%| O|  |TAMS 0x0000000087100000, 0x0000000087100000| Untracked 
| 113|0x0000000087100000, 0x0000000087200000, 0x0000000087200000|100%| O|  |TAMS 0x0000000087200000, 0x0000000087200000| Untracked 
| 114|0x0000000087200000, 0x0000000087300000, 0x0000000087300000|100%| O|  |TAMS 0x0000000087300000, 0x0000000087300000| Untracked 
| 115|0x0000000087300000, 0x0000000087400000, 0x0000000087400000|100%| O|  |TAMS 0x0000000087400000, 0x0000000087400000| Untracked 
| 116|0x0000000087400000, 0x0000000087500000, 0x0000000087500000|100%| O|  |TAMS 0x0000000087500000, 0x0000000087500000| Untracked 
| 117|0x0000000087500000, 0x0000000087600000, 0x0000000087600000|100%| O|  |TAMS 0x0000000087600000, 0x0000000087600000| Untracked 
| 118|0x0000000087600000, 0x0000000087700000, 0x0000000087700000|100%| O|  |TAMS 0x0000000087700000, 0x0000000087700000| Untracked 
| 119|0x0000000087700000, 0x0000000087800000, 0x0000000087800000|100%| O|  |TAMS 0x0000000087800000, 0x0000000087800000| Untracked 
| 120|0x0000000087800000, 0x0000000087900000, 0x0000000087900000|100%| O|  |TAMS 0x0000000087900000, 0x0000000087900000| Untracked 
| 121|0x0000000087900000, 0x0000000087a00000, 0x0000000087a00000|100%| O|  |TAMS 0x0000000087a00000, 0x0000000087a00000| Untracked 
| 122|0x0000000087a00000, 0x0000000087b00000, 0x0000000087b00000|100%| O|  |TAMS 0x0000000087b00000, 0x0000000087b00000| Untracked 
| 123|0x0000000087b00000, 0x0000000087c00000, 0x0000000087c00000|100%| O|  |TAMS 0x0000000087c00000, 0x0000000087c00000| Untracked 
| 124|0x0000000087c00000, 0x0000000087d00000, 0x0000000087d00000|100%| O|  |TAMS 0x0000000087d00000, 0x0000000087d00000| Untracked 
| 125|0x0000000087d00000, 0x0000000087e00000, 0x0000000087e00000|100%| O|  |TAMS 0x0000000087e00000, 0x0000000087e00000| Untracked 
| 126|0x0000000087e00000, 0x0000000087f00000, 0x0000000087f00000|100%| O|  |TAMS 0x0000000087f00000, 0x0000000087f00000| Untracked 
| 127|0x0000000087f00000, 0x0000000088000000, 0x0000000088000000|100%| O|  |TAMS 0x0000000088000000, 0x0000000088000000| Untracked 
| 128|0x0000000088000000, 0x0000000088100000, 0x0000000088100000|100%| O|  |TAMS 0x0000000088100000, 0x0000000088100000| Untracked 
| 129|0x0000000088100000, 0x0000000088200000, 0x0000000088200000|100%| O|  |TAMS 0x0000000088200000, 0x0000000088200000| Untracked 
| 130|0x0000000088200000, 0x0000000088300000, 0x0000000088300000|100%| O|  |TAMS 0x0000000088300000, 0x0000000088300000| Untracked 
| 131|0x0000000088300000, 0x0000000088400000, 0x0000000088400000|100%| O|  |TAMS 0x0000000088400000, 0x0000000088400000| Untracked 
| 132|0x0000000088400000, 0x0000000088500000, 0x0000000088500000|100%| O|  |TAMS 0x0000000088500000, 0x0000000088500000| Untracked 
| 133|0x0000000088500000, 0x0000000088600000, 0x0000000088600000|100%| O|  |TAMS 0x0000000088600000, 0x0000000088600000| Untracked 
| 134|0x0000000088600000, 0x0000000088700000, 0x0000000088700000|100%| O|  |TAMS 0x0000000088700000, 0x0000000088700000| Untracked 
| 135|0x0000000088700000, 0x0000000088800000, 0x0000000088800000|100%| O|  |TAMS 0x0000000088800000, 0x0000000088800000| Untracked 
| 136|0x0000000088800000, 0x0000000088900000, 0x0000000088900000|100%| O|  |TAMS 0x0000000088900000, 0x0000000088900000| Untracked 
| 137|0x0000000088900000, 0x0000000088a00000, 0x0000000088a00000|100%| O|  |TAMS 0x00000000889d1200, 0x0000000088a00000| Untracked 
| 138|0x0000000088a00000, 0x0000000088b00000, 0x0000000088b00000|100%| O|  |TAMS 0x0000000088a00000, 0x0000000088b00000| Untracked 
| 139|0x0000000088b00000, 0x0000000088c00000, 0x0000000088c00000|100%| O|  |TAMS 0x0000000088b00000, 0x0000000088c00000| Untracked 
| 140|0x0000000088c00000, 0x0000000088d00000, 0x0000000088d00000|100%| O|  |TAMS 0x0000000088c00000, 0x0000000088d00000| Untracked 
| 141|0x0000000088d00000, 0x0000000088e00000, 0x0000000088e00000|100%| O|  |TAMS 0x0000000088d00000, 0x0000000088e00000| Untracked 
| 142|0x0000000088e00000, 0x0000000088f00000, 0x0000000088f00000|100%| O|  |TAMS 0x0000000088e00000, 0x0000000088f00000| Untracked 
| 143|0x0000000088f00000, 0x0000000088f56600, 0x0000000089000000| 33%| O|  |TAMS 0x0000000088f00000, 0x0000000088f56600| Untracked 
| 144|0x0000000089000000, 0x0000000089000000, 0x0000000089100000|  0%| F|  |TAMS 0x0000000089000000, 0x0000000089000000| Untracked 
| 145|0x0000000089100000, 0x0000000089100000, 0x0000000089200000|  0%| F|  |TAMS 0x0000000089100000, 0x0000000089100000| Untracked 
| 146|0x0000000089200000, 0x0000000089200000, 0x0000000089300000|  0%| F|  |TAMS 0x0000000089200000, 0x0000000089200000| Untracked 
| 147|0x0000000089300000, 0x0000000089300000, 0x0000000089400000|  0%| F|  |TAMS 0x0000000089300000, 0x0000000089300000| Untracked 
| 148|0x0000000089400000, 0x0000000089400000, 0x0000000089500000|  0%| F|  |TAMS 0x0000000089400000, 0x0000000089400000| Untracked 
| 149|0x0000000089500000, 0x0000000089500000, 0x0000000089600000|  0%| F|  |TAMS 0x0000000089500000, 0x0000000089500000| Untracked 
| 150|0x0000000089600000, 0x0000000089600000, 0x0000000089700000|  0%| F|  |TAMS 0x0000000089600000, 0x0000000089600000| Untracked 
| 151|0x0000000089700000, 0x0000000089700000, 0x0000000089800000|  0%| F|  |TAMS 0x0000000089700000, 0x0000000089700000| Untracked 
| 152|0x0000000089800000, 0x0000000089800000, 0x0000000089900000|  0%| F|  |TAMS 0x0000000089800000, 0x0000000089800000| Untracked 
| 153|0x0000000089900000, 0x0000000089900000, 0x0000000089a00000|  0%| F|  |TAMS 0x0000000089900000, 0x0000000089900000| Untracked 
| 154|0x0000000089a00000, 0x0000000089a00000, 0x0000000089b00000|  0%| F|  |TAMS 0x0000000089a00000, 0x0000000089a00000| Untracked 
| 155|0x0000000089b00000, 0x0000000089b00000, 0x0000000089c00000|  0%| F|  |TAMS 0x0000000089b00000, 0x0000000089b00000| Untracked 
| 156|0x0000000089c00000, 0x0000000089c00000, 0x0000000089d00000|  0%| F|  |TAMS 0x0000000089c00000, 0x0000000089c00000| Untracked 
| 157|0x0000000089d00000, 0x0000000089d00000, 0x0000000089e00000|  0%| F|  |TAMS 0x0000000089d00000, 0x0000000089d00000| Untracked 
| 158|0x0000000089e00000, 0x0000000089e00000, 0x0000000089f00000|  0%| F|  |TAMS 0x0000000089e00000, 0x0000000089e00000| Untracked 
| 159|0x0000000089f00000, 0x0000000089f00000, 0x000000008a000000|  0%| F|  |TAMS 0x0000000089f00000, 0x0000000089f00000| Untracked 
| 160|0x000000008a000000, 0x000000008a000000, 0x000000008a100000|  0%| F|  |TAMS 0x000000008a000000, 0x000000008a000000| Untracked 
| 161|0x000000008a100000, 0x000000008a100000, 0x000000008a200000|  0%| F|  |TAMS 0x000000008a100000, 0x000000008a100000| Untracked 
| 162|0x000000008a200000, 0x000000008a200000, 0x000000008a300000|  0%| F|  |TAMS 0x000000008a200000, 0x000000008a200000| Untracked 
| 163|0x000000008a300000, 0x000000008a300000, 0x000000008a400000|  0%| F|  |TAMS 0x000000008a300000, 0x000000008a300000| Untracked 
| 164|0x000000008a400000, 0x000000008a400000, 0x000000008a500000|  0%| F|  |TAMS 0x000000008a400000, 0x000000008a400000| Untracked 
| 165|0x000000008a500000, 0x000000008a500000, 0x000000008a600000|  0%| F|  |TAMS 0x000000008a500000, 0x000000008a500000| Untracked 
| 166|0x000000008a600000, 0x000000008a600000, 0x000000008a700000|  0%| F|  |TAMS 0x000000008a600000, 0x000000008a600000| Untracked 
| 167|0x000000008a700000, 0x000000008a700000, 0x000000008a800000|  0%| F|  |TAMS 0x000000008a700000, 0x000000008a700000| Untracked 
| 168|0x000000008a800000, 0x000000008a800000, 0x000000008a900000|  0%| F|  |TAMS 0x000000008a800000, 0x000000008a800000| Untracked 
| 169|0x000000008a900000, 0x000000008a900000, 0x000000008aa00000|  0%| F|  |TAMS 0x000000008a900000, 0x000000008a900000| Untracked 
| 170|0x000000008aa00000, 0x000000008aa00000, 0x000000008ab00000|  0%| F|  |TAMS 0x000000008aa00000, 0x000000008aa00000| Untracked 
| 171|0x000000008ab00000, 0x000000008ab00000, 0x000000008ac00000|  0%| F|  |TAMS 0x000000008ab00000, 0x000000008ab00000| Untracked 
| 172|0x000000008ac00000, 0x000000008ac00000, 0x000000008ad00000|  0%| F|  |TAMS 0x000000008ac00000, 0x000000008ac00000| Untracked 
| 173|0x000000008ad00000, 0x000000008ad00000, 0x000000008ae00000|  0%| F|  |TAMS 0x000000008ad00000, 0x000000008ad00000| Untracked 
| 174|0x000000008ae00000, 0x000000008ae00000, 0x000000008af00000|  0%| F|  |TAMS 0x000000008ae00000, 0x000000008ae00000| Untracked 
| 175|0x000000008af00000, 0x000000008af00000, 0x000000008b000000|  0%| F|  |TAMS 0x000000008af00000, 0x000000008af00000| Untracked 
| 176|0x000000008b000000, 0x000000008b000000, 0x000000008b100000|  0%| F|  |TAMS 0x000000008b000000, 0x000000008b000000| Untracked 
| 177|0x000000008b100000, 0x000000008b100000, 0x000000008b200000|  0%| F|  |TAMS 0x000000008b100000, 0x000000008b100000| Untracked 
| 178|0x000000008b200000, 0x000000008b200000, 0x000000008b300000|  0%| F|  |TAMS 0x000000008b200000, 0x000000008b200000| Untracked 
| 179|0x000000008b300000, 0x000000008b300000, 0x000000008b400000|  0%| F|  |TAMS 0x000000008b300000, 0x000000008b300000| Untracked 
| 180|0x000000008b400000, 0x000000008b400000, 0x000000008b500000|  0%| F|  |TAMS 0x000000008b400000, 0x000000008b400000| Untracked 
| 181|0x000000008b500000, 0x000000008b500000, 0x000000008b600000|  0%| F|  |TAMS 0x000000008b500000, 0x000000008b500000| Untracked 
| 182|0x000000008b600000, 0x000000008b600000, 0x000000008b700000|  0%| F|  |TAMS 0x000000008b600000, 0x000000008b600000| Untracked 
| 183|0x000000008b700000, 0x000000008b700000, 0x000000008b800000|  0%| F|  |TAMS 0x000000008b700000, 0x000000008b700000| Untracked 
| 184|0x000000008b800000, 0x000000008b800000, 0x000000008b900000|  0%| F|  |TAMS 0x000000008b800000, 0x000000008b800000| Untracked 
| 185|0x000000008b900000, 0x000000008b900000, 0x000000008ba00000|  0%| F|  |TAMS 0x000000008b900000, 0x000000008b900000| Untracked 
| 186|0x000000008ba00000, 0x000000008ba00000, 0x000000008bb00000|  0%| F|  |TAMS 0x000000008ba00000, 0x000000008ba00000| Untracked 
| 187|0x000000008bb00000, 0x000000008bb00000, 0x000000008bc00000|  0%| F|  |TAMS 0x000000008bb00000, 0x000000008bb00000| Untracked 
| 188|0x000000008bc00000, 0x000000008bc00000, 0x000000008bd00000|  0%| F|  |TAMS 0x000000008bc00000, 0x000000008bc00000| Untracked 
| 189|0x000000008bd00000, 0x000000008bd00000, 0x000000008be00000|  0%| F|  |TAMS 0x000000008bd00000, 0x000000008bd00000| Untracked 
| 190|0x000000008be00000, 0x000000008be00000, 0x000000008bf00000|  0%| F|  |TAMS 0x000000008be00000, 0x000000008be00000| Untracked 
| 191|0x000000008bf00000, 0x000000008bf00000, 0x000000008c000000|  0%| F|  |TAMS 0x000000008bf00000, 0x000000008bf00000| Untracked 
| 192|0x000000008c000000, 0x000000008c000000, 0x000000008c100000|  0%| F|  |TAMS 0x000000008c000000, 0x000000008c000000| Untracked 
| 193|0x000000008c100000, 0x000000008c100000, 0x000000008c200000|  0%| F|  |TAMS 0x000000008c100000, 0x000000008c100000| Untracked 
| 194|0x000000008c200000, 0x000000008c200000, 0x000000008c300000|  0%| F|  |TAMS 0x000000008c200000, 0x000000008c200000| Untracked 
| 195|0x000000008c300000, 0x000000008c300000, 0x000000008c400000|  0%| F|  |TAMS 0x000000008c300000, 0x000000008c300000| Untracked 
| 196|0x000000008c400000, 0x000000008c400000, 0x000000008c500000|  0%| F|  |TAMS 0x000000008c400000, 0x000000008c400000| Untracked 
| 197|0x000000008c500000, 0x000000008c500000, 0x000000008c600000|  0%| F|  |TAMS 0x000000008c500000, 0x000000008c500000| Untracked 
| 198|0x000000008c600000, 0x000000008c600000, 0x000000008c700000|  0%| F|  |TAMS 0x000000008c600000, 0x000000008c600000| Untracked 
| 199|0x000000008c700000, 0x000000008c700000, 0x000000008c800000|  0%| F|  |TAMS 0x000000008c700000, 0x000000008c700000| Untracked 
| 200|0x000000008c800000, 0x000000008c800000, 0x000000008c900000|  0%| F|  |TAMS 0x000000008c800000, 0x000000008c800000| Untracked 
| 201|0x000000008c900000, 0x000000008c900000, 0x000000008ca00000|  0%| F|  |TAMS 0x000000008c900000, 0x000000008c900000| Untracked 
| 202|0x000000008ca00000, 0x000000008ca00000, 0x000000008cb00000|  0%| F|  |TAMS 0x000000008ca00000, 0x000000008ca00000| Untracked 
| 203|0x000000008cb00000, 0x000000008cb00000, 0x000000008cc00000|  0%| F|  |TAMS 0x000000008cb00000, 0x000000008cb00000| Untracked 
| 204|0x000000008cc00000, 0x000000008cc00000, 0x000000008cd00000|  0%| F|  |TAMS 0x000000008cc00000, 0x000000008cc00000| Untracked 
| 205|0x000000008cd00000, 0x000000008cd00000, 0x000000008ce00000|  0%| F|  |TAMS 0x000000008cd00000, 0x000000008cd00000| Untracked 
| 206|0x000000008ce00000, 0x000000008ce00000, 0x000000008cf00000|  0%| F|  |TAMS 0x000000008ce00000, 0x000000008ce00000| Untracked 
| 207|0x000000008cf00000, 0x000000008cf00000, 0x000000008d000000|  0%| F|  |TAMS 0x000000008cf00000, 0x000000008cf00000| Untracked 
| 208|0x000000008d000000, 0x000000008d000000, 0x000000008d100000|  0%| F|  |TAMS 0x000000008d000000, 0x000000008d000000| Untracked 
| 209|0x000000008d100000, 0x000000008d100000, 0x000000008d200000|  0%| F|  |TAMS 0x000000008d100000, 0x000000008d100000| Untracked 
| 210|0x000000008d200000, 0x000000008d200000, 0x000000008d300000|  0%| F|  |TAMS 0x000000008d200000, 0x000000008d200000| Untracked 
| 211|0x000000008d300000, 0x000000008d300000, 0x000000008d400000|  0%| F|  |TAMS 0x000000008d300000, 0x000000008d300000| Untracked 
| 212|0x000000008d400000, 0x000000008d48bc68, 0x000000008d500000| 54%| S|CS|TAMS 0x000000008d400000, 0x000000008d400000| Complete 
| 213|0x000000008d500000, 0x000000008d600000, 0x000000008d600000|100%| S|CS|TAMS 0x000000008d500000, 0x000000008d500000| Complete 
| 214|0x000000008d600000, 0x000000008d700000, 0x000000008d700000|100%| S|CS|TAMS 0x000000008d600000, 0x000000008d600000| Complete 
| 215|0x000000008d700000, 0x000000008d700000, 0x000000008d800000|  0%| F|  |TAMS 0x000000008d700000, 0x000000008d700000| Untracked 
| 216|0x000000008d800000, 0x000000008d800000, 0x000000008d900000|  0%| F|  |TAMS 0x000000008d800000, 0x000000008d800000| Untracked 
| 217|0x000000008d900000, 0x000000008d900000, 0x000000008da00000|  0%| F|  |TAMS 0x000000008d900000, 0x000000008d900000| Untracked 
| 218|0x000000008da00000, 0x000000008da00000, 0x000000008db00000|  0%| F|  |TAMS 0x000000008da00000, 0x000000008da00000| Untracked 
| 219|0x000000008db00000, 0x000000008db00000, 0x000000008dc00000|  0%| F|  |TAMS 0x000000008db00000, 0x000000008db00000| Untracked 
| 220|0x000000008dc00000, 0x000000008dc00000, 0x000000008dd00000|  0%| F|  |TAMS 0x000000008dc00000, 0x000000008dc00000| Untracked 
| 221|0x000000008dd00000, 0x000000008dd00000, 0x000000008de00000|  0%| F|  |TAMS 0x000000008dd00000, 0x000000008dd00000| Untracked 
| 222|0x000000008de00000, 0x000000008de00000, 0x000000008df00000|  0%| F|  |TAMS 0x000000008de00000, 0x000000008de00000| Untracked 
| 223|0x000000008df00000, 0x000000008df00000, 0x000000008e000000|  0%| F|  |TAMS 0x000000008df00000, 0x000000008df00000| Untracked 
| 224|0x000000008e000000, 0x000000008e000000, 0x000000008e100000|  0%| F|  |TAMS 0x000000008e000000, 0x000000008e000000| Untracked 
| 225|0x000000008e100000, 0x000000008e100000, 0x000000008e200000|  0%| F|  |TAMS 0x000000008e100000, 0x000000008e100000| Untracked 
| 226|0x000000008e200000, 0x000000008e200000, 0x000000008e300000|  0%| F|  |TAMS 0x000000008e200000, 0x000000008e200000| Untracked 
| 227|0x000000008e300000, 0x000000008e300000, 0x000000008e400000|  0%| F|  |TAMS 0x000000008e300000, 0x000000008e300000| Untracked 
| 228|0x000000008e400000, 0x000000008e400000, 0x000000008e500000|  0%| F|  |TAMS 0x000000008e400000, 0x000000008e400000| Untracked 
| 229|0x000000008e500000, 0x000000008e500000, 0x000000008e600000|  0%| F|  |TAMS 0x000000008e500000, 0x000000008e500000| Untracked 
| 230|0x000000008e600000, 0x000000008e600000, 0x000000008e700000|  0%| F|  |TAMS 0x000000008e600000, 0x000000008e600000| Untracked 
| 231|0x000000008e700000, 0x000000008e700000, 0x000000008e800000|  0%| F|  |TAMS 0x000000008e700000, 0x000000008e700000| Untracked 
| 232|0x000000008e800000, 0x000000008e800000, 0x000000008e900000|  0%| F|  |TAMS 0x000000008e800000, 0x000000008e800000| Untracked 
| 233|0x000000008e900000, 0x000000008e900000, 0x000000008ea00000|  0%| F|  |TAMS 0x000000008e900000, 0x000000008e900000| Untracked 
| 234|0x000000008ea00000, 0x000000008ea00000, 0x000000008eb00000|  0%| F|  |TAMS 0x000000008ea00000, 0x000000008ea00000| Untracked 
| 235|0x000000008eb00000, 0x000000008eb00000, 0x000000008ec00000|  0%| F|  |TAMS 0x000000008eb00000, 0x000000008eb00000| Untracked 
| 236|0x000000008ec00000, 0x000000008ec00000, 0x000000008ed00000|  0%| F|  |TAMS 0x000000008ec00000, 0x000000008ec00000| Untracked 
| 237|0x000000008ed00000, 0x000000008ed00000, 0x000000008ee00000|  0%| F|  |TAMS 0x000000008ed00000, 0x000000008ed00000| Untracked 
| 238|0x000000008ee00000, 0x000000008ee00000, 0x000000008ef00000|  0%| F|  |TAMS 0x000000008ee00000, 0x000000008ee00000| Untracked 
| 239|0x000000008ef00000, 0x000000008ef00000, 0x000000008f000000|  0%| F|  |TAMS 0x000000008ef00000, 0x000000008ef00000| Untracked 
| 240|0x000000008f000000, 0x000000008f000000, 0x000000008f100000|  0%| F|  |TAMS 0x000000008f000000, 0x000000008f000000| Untracked 
| 241|0x000000008f100000, 0x000000008f100000, 0x000000008f200000|  0%| F|  |TAMS 0x000000008f100000, 0x000000008f100000| Untracked 
| 242|0x000000008f200000, 0x000000008f200000, 0x000000008f300000|  0%| F|  |TAMS 0x000000008f200000, 0x000000008f200000| Untracked 
| 243|0x000000008f300000, 0x000000008f300000, 0x000000008f400000|  0%| F|  |TAMS 0x000000008f300000, 0x000000008f300000| Untracked 
| 244|0x000000008f400000, 0x000000008f400000, 0x000000008f500000|  0%| F|  |TAMS 0x000000008f400000, 0x000000008f400000| Untracked 
| 245|0x000000008f500000, 0x000000008f500000, 0x000000008f600000|  0%| F|  |TAMS 0x000000008f500000, 0x000000008f500000| Untracked 
| 246|0x000000008f600000, 0x000000008f600000, 0x000000008f700000|  0%| F|  |TAMS 0x000000008f600000, 0x000000008f600000| Untracked 
| 247|0x000000008f700000, 0x000000008f700000, 0x000000008f800000|  0%| F|  |TAMS 0x000000008f700000, 0x000000008f700000| Untracked 
| 248|0x000000008f800000, 0x000000008f800000, 0x000000008f900000|  0%| F|  |TAMS 0x000000008f800000, 0x000000008f800000| Untracked 
| 249|0x000000008f900000, 0x000000008f900000, 0x000000008fa00000|  0%| F|  |TAMS 0x000000008f900000, 0x000000008f900000| Untracked 
| 250|0x000000008fa00000, 0x000000008fa00000, 0x000000008fb00000|  0%| F|  |TAMS 0x000000008fa00000, 0x000000008fa00000| Untracked 
| 251|0x000000008fb00000, 0x000000008fb00000, 0x000000008fc00000|  0%| F|  |TAMS 0x000000008fb00000, 0x000000008fb00000| Untracked 
| 252|0x000000008fc00000, 0x000000008fc00000, 0x000000008fd00000|  0%| F|  |TAMS 0x000000008fc00000, 0x000000008fc00000| Untracked 
| 253|0x000000008fd00000, 0x000000008fd00000, 0x000000008fe00000|  0%| F|  |TAMS 0x000000008fd00000, 0x000000008fd00000| Untracked 
| 254|0x000000008fe00000, 0x000000008fe00000, 0x000000008ff00000|  0%| F|  |TAMS 0x000000008fe00000, 0x000000008fe00000| Untracked 
| 255|0x000000008ff00000, 0x000000008ff00000, 0x0000000090000000|  0%| F|  |TAMS 0x000000008ff00000, 0x000000008ff00000| Untracked 
| 256|0x0000000090000000, 0x0000000090000000, 0x0000000090100000|  0%| F|  |TAMS 0x0000000090000000, 0x0000000090000000| Untracked 
| 257|0x0000000090100000, 0x0000000090100000, 0x0000000090200000|  0%| F|  |TAMS 0x0000000090100000, 0x0000000090100000| Untracked 
| 258|0x0000000090200000, 0x0000000090200000, 0x0000000090300000|  0%| F|  |TAMS 0x0000000090200000, 0x0000000090200000| Untracked 
| 259|0x0000000090300000, 0x0000000090300000, 0x0000000090400000|  0%| F|  |TAMS 0x0000000090300000, 0x0000000090300000| Untracked 
| 260|0x0000000090400000, 0x0000000090400000, 0x0000000090500000|  0%| F|  |TAMS 0x0000000090400000, 0x0000000090400000| Untracked 
| 261|0x0000000090500000, 0x0000000090500000, 0x0000000090600000|  0%| F|  |TAMS 0x0000000090500000, 0x0000000090500000| Untracked 
| 262|0x0000000090600000, 0x0000000090600000, 0x0000000090700000|  0%| F|  |TAMS 0x0000000090600000, 0x0000000090600000| Untracked 
| 263|0x0000000090700000, 0x0000000090700000, 0x0000000090800000|  0%| F|  |TAMS 0x0000000090700000, 0x0000000090700000| Untracked 
| 264|0x0000000090800000, 0x0000000090800000, 0x0000000090900000|  0%| F|  |TAMS 0x0000000090800000, 0x0000000090800000| Untracked 

Card table byte_map: [0x00000231bb9e0000,0x00000231bbde0000] _byte_map_base: 0x00000231bb5e0000

Marking Bits (Prev, Next): (CMBitMap*) 0x00000231a3ec52b8, (CMBitMap*) 0x00000231a3ec52f0
 Prev Bits: [0x00000231bc1e0000, 0x00000231be1e0000)
 Next Bits: [0x00000231be1e0000, 0x00000231c01e0000)

Polling page: 0x00000231a1c00000

Metaspace:

Usage:
  Non-class:     94.70 MB capacity,    92.75 MB ( 98%) used,     1.59 MB (  2%) free+waste,   357.19 KB ( <1%) overhead. 
      Class:     15.14 MB capacity,    13.88 MB ( 92%) used,     1.11 MB (  7%) free+waste,   163.81 KB (  1%) overhead. 
       Both:    109.84 MB capacity,   106.63 MB ( 97%) used,     2.70 MB (  2%) free+waste,   521.00 KB ( <1%) overhead. 

Virtual space:
  Non-class space:       96.00 MB reserved,      94.76 MB ( 99%) committed 
      Class space:      504.00 MB reserved,      15.25 MB (  3%) committed 
             Both:      600.00 MB reserved,     110.01 MB ( 18%) committed 

Chunk freelists:
   Non-Class:  0 bytes
       Class:  0 bytes
        Both:  0 bytes

MaxMetaspaceSize: 512.00 MB
CompressedClassSpaceSize: 504.00 MB
Initial GC threshold: 20.80 MB
Current GC threshold: 181.47 MB
CDS: off

CodeHeap 'non-profiled nmethods': size=120064Kb used=9397Kb max_used=9397Kb free=110666Kb
 bounds [0x00000231b40a0000, 0x00000231b49d0000, 0x00000231bb5e0000]
CodeHeap 'profiled nmethods': size=120000Kb used=34297Kb max_used=34297Kb free=85702Kb
 bounds [0x00000231acb70000, 0x00000231aecf0000, 0x00000231b40a0000]
CodeHeap 'non-nmethods': size=5696Kb used=2422Kb max_used=2475Kb free=3273Kb
 bounds [0x00000231ac5e0000, 0x00000231ac870000, 0x00000231acb70000]
 total_blobs=15521 nmethods=14580 adapters=850
 compilation: enabled
              stopped_count=0, restarted_count=0
 full_count=0

Compilation events (20 events):
Event: 59.965 Thread 0x00000231c3012800 nmethod 14784 0x00000231aeca6510 code [0x00000231aeca8640, 0x00000231aecbe2e8]
Event: 59.966 Thread 0x00000231c3012800 14797       2       com.android.tools.r8.ir.regalloc.b::g (190 bytes)
Event: 59.967 Thread 0x00000231c3012800 nmethod 14797 0x00000231aecc5510 code [0x00000231aecc5780, 0x00000231aecc5d38]
Event: 59.967 Thread 0x00000231c3012800 14788       3       com.android.tools.r8.ir.regalloc.a::a (1824 bytes)
Event: 59.972 Thread 0x00000231cc83b000 nmethod 14749 0x00000231b49cad90 code [0x00000231b49caf40, 0x00000231b49cb3d8]
Event: 59.972 Thread 0x00000231cc83b000 14727       4       com.android.tools.r8.internal.Ao::a (39 bytes)
Event: 59.973 Thread 0x00000231cc83b000 nmethod 14727 0x00000231b49cb790 code [0x00000231b49cb920, 0x00000231b49cb9b8]
Event: 59.973 Thread 0x00000231cc83b000 14726       4       com.android.tools.r8.internal.Zv::a (100 bytes)
Event: 59.974 Thread 0x00000231cc83b000 nmethod 14726 0x00000231b49cba90 code [0x00000231b49cbc20, 0x00000231b49cbcb8]
Event: 59.974 Thread 0x00000231cc83b000 14794       4       com.android.tools.r8.internal.i2::k (12 bytes)
Event: 59.977 Thread 0x00000231cc83b000 nmethod 14794 0x00000231b49cbd90 code [0x00000231b49cbf40, 0x00000231b49cc078]
Event: 59.977 Thread 0x00000231cc83b000 14748       4       com.android.tools.r8.internal.i2::n (52 bytes)
Event: 59.994 Thread 0x00000231c3012800 nmethod 14788 0x00000231aecc6090 code [0x00000231aecc7820, 0x00000231aecd85a8]
Event: 59.994 Thread 0x00000231c3012800 14798 %     3       com.android.tools.r8.internal.Mv::a @ 21 (406 bytes)
Event: 59.998 Thread 0x00000231cc83b000 nmethod 14748 0x00000231b49cc210 code [0x00000231b49cc420, 0x00000231b49cccc8]
Event: 59.998 Thread 0x00000231cc83b000 14802       4       com.android.tools.r8.internal.t4::z (5 bytes)
Event: 59.999 Thread 0x00000231cc83b000 nmethod 14802 0x00000231b49cd210 code [0x00000231b49cd3a0, 0x00000231b49cd418]
Event: 59.999 Thread 0x00000231cc83b000 14756       4       com.android.tools.r8.internal.jC::c (11 bytes)
Event: 60.002 Thread 0x00000231c3012800 nmethod 14798% 0x00000231aecddf90 code [0x00000231aecde740, 0x00000231aece3948]
Event: 60.002 Thread 0x00000231c3012800 14795 %     3       com.android.tools.r8.ir.regalloc.a::i @ 341 (620 bytes)

GC Heap History (20 events):
Event: 55.333 GC heap after
{Heap after GC invocations=41 (full 0):
 garbage-first heap   total 157696K, used 123772K [0x0000000080000000, 0x0000000100000000)
  region size 1024K, 2 young (2048K), 2 survivors (2048K)
 Metaspace       used 102175K, capacity 105112K, committed 105352K, reserved 608256K
  class space    used 13234K, capacity 14374K, committed 14464K, reserved 516096K
}
Event: 55.522 GC heap before
{Heap before GC invocations=41 (full 0):
 garbage-first heap   total 157696K, used 135036K [0x0000000080000000, 0x0000000100000000)
  region size 1024K, 13 young (13312K), 2 survivors (2048K)
 Metaspace       used 102700K, capacity 105746K, committed 105992K, reserved 608256K
  class space    used 13316K, capacity 14512K, committed 14592K, reserved 516096K
}
Event: 55.534 GC heap after
{Heap after GC invocations=42 (full 0):
 garbage-first heap   total 157696K, used 126225K [0x0000000080000000, 0x0000000100000000)
  region size 1024K, 2 young (2048K), 2 survivors (2048K)
 Metaspace       used 102700K, capacity 105746K, committed 105992K, reserved 608256K
  class space    used 13316K, capacity 14512K, committed 14592K, reserved 516096K
}
Event: 55.768 GC heap before
{Heap before GC invocations=42 (full 0):
 garbage-first heap   total 157696K, used 134417K [0x0000000080000000, 0x0000000100000000)
  region size 1024K, 11 young (11264K), 2 survivors (2048K)
 Metaspace       used 103021K, capacity 106090K, committed 106376K, reserved 608256K
  class space    used 13381K, capacity 14611K, committed 14720K, reserved 516096K
}
Event: 55.786 GC heap after
{Heap after GC invocations=43 (full 0):
 garbage-first heap   total 189440K, used 128911K [0x0000000080000000, 0x0000000100000000)
  region size 1024K, 2 young (2048K), 2 survivors (2048K)
 Metaspace       used 103021K, capacity 106090K, committed 106376K, reserved 608256K
  class space    used 13381K, capacity 14611K, committed 14720K, reserved 516096K
}
Event: 56.028 GC heap before
{Heap before GC invocations=44 (full 0):
 garbage-first heap   total 189440K, used 150415K [0x0000000080000000, 0x0000000100000000)
  region size 1024K, 23 young (23552K), 2 survivors (2048K)
 Metaspace       used 103427K, capacity 106494K, committed 106632K, reserved 608256K
  class space    used 13453K, capacity 14701K, committed 14720K, reserved 516096K
}
Event: 56.044 GC heap after
{Heap after GC invocations=45 (full 0):
 garbage-first heap   total 189440K, used 132556K [0x0000000080000000, 0x0000000100000000)
  region size 1024K, 3 young (3072K), 3 survivors (3072K)
 Metaspace       used 103427K, capacity 106494K, committed 106632K, reserved 608256K
  class space    used 13453K, capacity 14701K, committed 14720K, reserved 516096K
}
Event: 56.345 GC heap before
{Heap before GC invocations=45 (full 0):
 garbage-first heap   total 189440K, used 153036K [0x0000000080000000, 0x0000000100000000)
  region size 1024K, 23 young (23552K), 3 survivors (3072K)
 Metaspace       used 104731K, capacity 107871K, committed 107912K, reserved 610304K
  class space    used 13696K, capacity 14952K, committed 14976K, reserved 516096K
}
Event: 56.362 GC heap after
{Heap after GC invocations=46 (full 0):
 garbage-first heap   total 189440K, used 136001K [0x0000000080000000, 0x0000000100000000)
  region size 1024K, 3 young (3072K), 3 survivors (3072K)
 Metaspace       used 104731K, capacity 107871K, committed 107912K, reserved 610304K
  class space    used 13696K, capacity 14952K, committed 14976K, reserved 516096K
}
Event: 56.940 GC heap before
{Heap before GC invocations=46 (full 0):
 garbage-first heap   total 189440K, used 155457K [0x0000000080000000, 0x0000000100000000)
  region size 1024K, 22 young (22528K), 3 survivors (3072K)
 Metaspace       used 105658K, capacity 108752K, committed 109192K, reserved 610304K
  class space    used 13794K, capacity 15014K, committed 15232K, reserved 516096K
}
Event: 56.955 GC heap after
{Heap after GC invocations=47 (full 0):
 garbage-first heap   total 189440K, used 139031K [0x0000000080000000, 0x0000000100000000)
  region size 1024K, 3 young (3072K), 3 survivors (3072K)
 Metaspace       used 105658K, capacity 108752K, committed 109192K, reserved 610304K
  class space    used 13794K, capacity 15014K, committed 15232K, reserved 516096K
}
Event: 57.308 GC heap before
{Heap before GC invocations=48 (full 0):
 garbage-first heap   total 189440K, used 157463K [0x0000000080000000, 0x0000000100000000)
  region size 1024K, 21 young (21504K), 3 survivors (3072K)
 Metaspace       used 106087K, capacity 109241K, committed 109704K, reserved 612352K
  class space    used 13854K, capacity 15089K, committed 15232K, reserved 516096K
}
Event: 57.326 GC heap after
{Heap after GC invocations=49 (full 0):
 garbage-first heap   total 271360K, used 141333K [0x0000000080000000, 0x0000000100000000)
  region size 1024K, 3 young (3072K), 3 survivors (3072K)
 Metaspace       used 106087K, capacity 109241K, committed 109704K, reserved 612352K
  class space    used 13854K, capacity 15089K, committed 15232K, reserved 516096K
}
Event: 57.436 GC heap before
{Heap before GC invocations=49 (full 0):
 garbage-first heap   total 271360K, used 151573K [0x0000000080000000, 0x0000000100000000)
  region size 1024K, 13 young (13312K), 3 survivors (3072K)
 Metaspace       used 106157K, capacity 109277K, committed 109832K, reserved 612352K
  class space    used 13870K, capacity 15122K, committed 15360K, reserved 516096K
}
Event: 57.446 GC heap after
{Heap after GC invocations=50 (full 0):
 garbage-first heap   total 271360K, used 142627K [0x0000000080000000, 0x0000000100000000)
  region size 1024K, 2 young (2048K), 2 survivors (2048K)
 Metaspace       used 106157K, capacity 109277K, committed 109832K, reserved 612352K
  class space    used 13870K, capacity 15122K, committed 15360K, reserved 516096K
}
Event: 58.219 GC heap before
{Heap before GC invocations=50 (full 0):
 garbage-first heap   total 271360K, used 188707K [0x0000000080000000, 0x0000000100000000)
  region size 1024K, 47 young (48128K), 2 survivors (2048K)
 Metaspace       used 107510K, capacity 110708K, committed 110856K, reserved 612352K
  class space    used 14002K, capacity 15272K, committed 15360K, reserved 516096K
}
Event: 58.234 GC heap after
{Heap after GC invocations=51 (full 0):
 garbage-first heap   total 271360K, used 146918K [0x0000000080000000, 0x0000000100000000)
  region size 1024K, 6 young (6144K), 6 survivors (6144K)
 Metaspace       used 107510K, capacity 110708K, committed 110856K, reserved 612352K
  class space    used 14002K, capacity 15272K, committed 15360K, reserved 516096K
}
Event: 59.334 GC heap before
{Heap before GC invocations=52 (full 0):
 garbage-first heap   total 271360K, used 195046K [0x0000000080000000, 0x0000000100000000)
  region size 1024K, 53 young (54272K), 6 survivors (6144K)
 Metaspace       used 108459K, capacity 111687K, committed 112008K, reserved 614400K
  class space    used 14100K, capacity 15376K, committed 15488K, reserved 516096K
}
Event: 59.352 GC heap after
{Heap after GC invocations=53 (full 0):
 garbage-first heap   total 271360K, used 148726K [0x0000000080000000, 0x0000000100000000)
  region size 1024K, 2 young (2048K), 2 survivors (2048K)
 Metaspace       used 108459K, capacity 111687K, committed 112008K, reserved 614400K
  class space    used 14100K, capacity 15376K, committed 15488K, reserved 516096K
}
Event: 60.016 GC heap before
{Heap before GC invocations=53 (full 0):
 garbage-first heap   total 271360K, used 199926K [0x0000000080000000, 0x0000000100000000)
  region size 1024K, 52 young (53248K), 2 survivors (2048K)
 Metaspace       used 109190K, capacity 112476K, committed 112648K, reserved 614400K
  class space    used 14210K, capacity 15507K, committed 15616K, reserved 516096K
}

Deoptimization events (20 events):
Event: 59.880 Thread 0x00000231c4923800 DEOPT PACKING pc=0x00000231ae44d4e4 sp=0x000000ce8a5fd130
Event: 59.880 Thread 0x00000231c4923800 DEOPT UNPACKING pc=0x00000231ac62a95e sp=0x000000ce8a5fc6f0 mode 0
Event: 59.882 Thread 0x00000231c4840000 Uncommon trap: trap_request=0xffffff4d fr.pc=0x00000231b476390c relative=0x000000000000016c
Event: 59.882 Thread 0x00000231c4840000 Uncommon trap: reason=unstable_if action=reinterpret pc=0x00000231b476390c method=org.gradle.internal.io.StreamByteBuffer.prepareRead()I @ 30 c2
Event: 59.882 Thread 0x00000231c4840000 DEOPT PACKING pc=0x00000231b476390c sp=0x000000ce884fe510
Event: 59.882 Thread 0x00000231c4840000 DEOPT UNPACKING pc=0x00000231ac62a1af sp=0x000000ce884fe4c0 mode 2
Event: 59.883 Thread 0x00000231c491d000 DEOPT PACKING pc=0x00000231ae83ab0a sp=0x000000ce89df9a50
Event: 59.883 Thread 0x00000231c491d000 DEOPT UNPACKING pc=0x00000231ac62a95e sp=0x000000ce89df8f78 mode 0
Event: 59.900 Thread 0x00000231c491d000 DEOPT PACKING pc=0x00000231ae94f42b sp=0x000000ce89df95e0
Event: 59.900 Thread 0x00000231c491d000 DEOPT UNPACKING pc=0x00000231ac62a95e sp=0x000000ce89df8db0 mode 0
Event: 59.910 Thread 0x00000231c4929000 DEOPT PACKING pc=0x00000231ae44d4e4 sp=0x000000ce8a4fd8a0
Event: 59.910 Thread 0x00000231c4929000 DEOPT UNPACKING pc=0x00000231ac62a95e sp=0x000000ce8a4fce60 mode 0
Event: 59.938 Thread 0x00000231c503c000 DEOPT PACKING pc=0x00000231ae96c8e2 sp=0x000000ce8acf9b90
Event: 59.938 Thread 0x00000231c503c000 DEOPT UNPACKING pc=0x00000231ac62a95e sp=0x000000ce8acf9340 mode 0
Event: 59.962 Thread 0x00000231c491d000 Uncommon trap: trap_request=0xffffff4d fr.pc=0x00000231b4971a74 relative=0x0000000000000934
Event: 59.962 Thread 0x00000231c491d000 Uncommon trap: reason=unstable_if action=reinterpret pc=0x00000231b4971a74 method=com.android.tools.r8.ir.regalloc.b.g(I)Lcom/android/tools/r8/ir/regalloc/b; @ 153 c2
Event: 59.962 Thread 0x00000231c491d000 DEOPT PACKING pc=0x00000231b4971a74 sp=0x000000ce89df9920
Event: 59.962 Thread 0x00000231c491d000 DEOPT UNPACKING pc=0x00000231ac62a1af sp=0x000000ce89df98b0 mode 2
Event: 60.010 Thread 0x00000231c491d000 DEOPT PACKING pc=0x00000231ae8e8d6b sp=0x000000ce89df99c0
Event: 60.010 Thread 0x00000231c491d000 DEOPT UNPACKING pc=0x00000231ac62a95e sp=0x000000ce89df8e68 mode 0

Classes redefined (0 events):
No events

Internal exceptions (20 events):
Event: 54.842 Thread 0x00000231c491d000 Exception <a 'java/lang/IncompatibleClassChangeError'{0x00000000889d62a0}: Found class java.lang.Object, but interface was expected> (0x00000000889d62a0) thrown at [./src/hotspot/share/interpreter/linkResolver.cpp, line 839]
Event: 54.843 Thread 0x00000231c491d000 Exception <a 'java/lang/IncompatibleClassChangeError'{0x00000000889df1c0}: Found class java.lang.Object, but interface was expected> (0x00000000889df1c0) thrown at [./src/hotspot/share/interpreter/linkResolver.cpp, line 839]
Event: 55.001 Thread 0x00000231c4929000 Exception <a 'java/lang/IncompatibleClassChangeError'{0x0000000089465210}: Found class java.lang.Object, but interface was expected> (0x0000000089465210) thrown at [./src/hotspot/share/interpreter/linkResolver.cpp, line 839]
Event: 55.001 Thread 0x00000231c4923800 Exception <a 'java/lang/IncompatibleClassChangeError'{0x000000008946a790}: Found class java.lang.Object, but interface was expected> (0x000000008946a790) thrown at [./src/hotspot/share/interpreter/linkResolver.cpp, line 839]
Event: 55.556 Thread 0x00000231c4929000 Exception <a 'java/lang/NoSuchMethodError'{0x000000008989b8d8}: 'java.lang.Object java.lang.invoke.DirectMethodHandle$Holder.invokeStatic(java.lang.Object, int, java.lang.Object, java.lang.Object)'> (0x000000008989b8d8) thrown at [./src/hotspot/share/interpreter/linkResolver.cpp, line 773]
Event: 56.130 Thread 0x00000231c4923800 Exception <a 'java/lang/NoSuchMethodError'{0x000000008b29f538}: 'java.lang.Object java.lang.invoke.DirectMethodHandle$Holder.invokeVirtual(java.lang.Object, java.lang.Object, int, java.lang.Object)'> (0x000000008b29f538) thrown at [./src/hotspot/share/interpreter/linkResolver.cpp, line 773]
Event: 56.141 Thread 0x00000231c491d000 Exception <a 'java/lang/NoSuchMethodError'{0x000000008b5a22f0}: 'java.lang.Object java.lang.invoke.DirectMethodHandle$Holder.invokeVirtual(java.lang.Object, java.lang.Object, int, java.lang.Object)'> (0x000000008b5a22f0) thrown at [./src/hotspot/share/interpreter/linkResolver.cpp, line 773]
Event: 56.141 Thread 0x00000231c4929000 Exception <a 'java/lang/NoSuchMethodError'{0x000000008b3ceb60}: 'java.lang.Object java.lang.invoke.DirectMethodHandle$Holder.invokeVirtual(java.lang.Object, java.lang.Object, int, java.lang.Object)'> (0x000000008b3ceb60) thrown at [./src/hotspot/share/interpreter/linkResolver.cpp, line 773]
Event: 56.222 Thread 0x00000231c4923800 Exception <a 'java/lang/NoSuchMethodError'{0x000000008ae59698}: 'void java.lang.invoke.DirectMethodHandle$Holder.invokeVirtual(java.lang.Object, java.lang.Object, int, java.lang.Object)'> (0x000000008ae59698) thrown at [./src/hotspot/share/interpreter/linkResolver.cpp, line 773]
Event: 56.222 Thread 0x00000231c4929000 Exception <a 'java/lang/NoSuchMethodError'{0x000000008ad84268}: 'void java.lang.invoke.DirectMethodHandle$Holder.invokeVirtual(java.lang.Object, java.lang.Object, int, java.lang.Object)'> (0x000000008ad84268) thrown at [./src/hotspot/share/interpreter/linkResolver.cpp, line 773]
Event: 57.955 Thread 0x00000231c4923800 Exception <a 'java/lang/IncompatibleClassChangeError'{0x000000008e333d68}: Found class java.lang.Object, but interface was expected> (0x000000008e333d68) thrown at [./src/hotspot/share/interpreter/linkResolver.cpp, line 839]
Event: 58.171 Thread 0x00000231c4923800 Exception <a 'java/lang/NoSuchMethodError'{0x000000008daea600}: 'void java.lang.invoke.DirectMethodHandle$Holder.invokeSpecial(java.lang.Object, java.lang.Object, int, java.lang.Object, java.lang.Object, java.lang.Object, java.lang.Object)'> (0x000000008daea600) thrown at [./src/hotspot/share/interpreter/linkResolver.cpp, line 773]
Event: 58.254 Thread 0x00000231c4923800 Exception <a 'java/lang/NoSuchMethodError'{0x00000000908e98e0}: 'java.lang.Object java.lang.invoke.Invokers$Holder.linkToTargetMethod(java.lang.Object, int, java.lang.Object, java.lang.Object, java.lang.Object, java.lang.Object)'> (0x00000000908e98e0) thrown at [./src/hotspot/share/interpreter/linkResolver.cpp, line 773]
Event: 58.267 Thread 0x00000231c4923800 Exception <a 'java/lang/NoSuchMethodError'{0x00000000908edd90}: 'void java.lang.invoke.DirectMethodHandle$Holder.invokeSpecial(java.lang.Object, java.lang.Object, java.lang.Object, java.lang.Object, java.lang.Object, java.lang.Object, java.lang.Object, java.lang.Object, java.lang.Object)'> (0x00000000908edd90) thrown at [./src/hotspot/share/interpreter/linkResolver.cpp, line 773]
Event: 58.395 Thread 0x00000231c4923800 Exception <a 'java/lang/NoSuchMethodError'{0x00000000901451a0}: 'void java.lang.invoke.DirectMethodHandle$Holder.invokeStatic(java.lang.Object, java.lang.Object, java.lang.Object, java.lang.Object, java.lang.Object, java.lang.Object, java.lang.Object, java.lang.Object)'> (0x00000000901451a0) thrown at [./src/hotspot/share/interpreter/linkResolver.cpp, line 773]
Event: 59.088 Thread 0x00000231c4923800 Exception <a 'java/lang/IncompatibleClassChangeError'{0x000000008e881b00}: Found class java.lang.Object, but interface was expected> (0x000000008e881b00) thrown at [./src/hotspot/share/interpreter/linkResolver.cpp, line 839]
Event: 59.618 Thread 0x00000231c4923800 Exception <a 'java/lang/NoSuchMethodError'{0x000000008f6f6348}: 'void java.lang.invoke.DirectMethodHandle$Holder.invokeVirtual(java.lang.Object, java.lang.Object, int)'> (0x000000008f6f6348) thrown at [./src/hotspot/share/interpreter/linkResolver.cpp, line 773]
Event: 59.792 Thread 0x00000231c4923800 Exception <a 'sun/nio/fs/WindowsException'{0x000000008ec79cd0}> (0x000000008ec79cd0) thrown at [./src/hotspot/share/prims/jni.cpp, line 617]
Event: 59.862 Thread 0x00000231c4923800 Exception <a 'java/lang/NoSuchMethodError'{0x000000008e803b08}: 'java.lang.Object java.lang.invoke.DirectMethodHandle$Holder.newInvokeSpecial(java.lang.Object, java.lang.Object, java.lang.Object, java.lang.Object)'> (0x000000008e803b08) thrown at [./src/hotspot/share/interpreter/linkResolver.cpp, line 773]
Event: 59.878 Thread 0x00000231c4929000 Exception <a 'sun/nio/fs/WindowsException'{0x000000008e729208}> (0x000000008e729208) thrown at [./src/hotspot/share/prims/jni.cpp, line 617]

Events (20 events):
Event: 59.881 Executing VM operation: RevokeBias done
Event: 59.881 Executing VM operation: RevokeBias
Event: 59.881 Executing VM operation: RevokeBias done
Event: 59.890 Executing VM operation: RevokeBias
Event: 59.891 Executing VM operation: RevokeBias done
Event: 59.898 loading class com/android/tools/r8/ir/regalloc/a
Event: 59.898 loading class com/android/tools/r8/ir/regalloc/a done
Event: 59.931 loading class com/android/tools/r8/code/Z3
Event: 59.931 loading class com/android/tools/r8/code/Z3 done
Event: 59.932 loading class com/android/tools/r8/code/b4
Event: 59.932 loading class com/android/tools/r8/code/b4 done
Event: 59.933 loading class com/android/tools/r8/code/d4
Event: 59.933 loading class com/android/tools/r8/code/d4 done
Event: 59.933 loading class com/android/tools/r8/code/c4
Event: 59.933 loading class com/android/tools/r8/code/c4 done
Event: 59.934 loading class com/android/tools/r8/code/e4
Event: 59.934 loading class com/android/tools/r8/code/e4 done
Event: 59.934 loading class com/android/tools/r8/code/a4
Event: 59.934 loading class com/android/tools/r8/code/a4 done
Event: 60.012 Executing VM operation: G1CollectForAllocation


Dynamic libraries:
0x00007ff70e300000 - 0x00007ff70e30d000 	C:\Program Files\OpenJDK\openjdk-11.0.15_10\bin\java.exe
0x00007ff9caeb0000 - 0x00007ff9cb0a7000 	C:\WINDOWS\SYSTEM32\ntdll.dll
0x00007ff9cac10000 - 0x00007ff9caccd000 	C:\WINDOWS\System32\KERNEL32.DLL
0x00007ff9c8810000 - 0x00007ff9c8add000 	C:\WINDOWS\System32\KERNELBASE.dll
0x00007ff9c8c80000 - 0x00007ff9c8d80000 	C:\WINDOWS\System32\ucrtbase.dll
0x00007ff9a56f0000 - 0x00007ff9a5706000 	C:\Program Files\OpenJDK\openjdk-11.0.15_10\bin\VCRUNTIME140.dll
0x00007ff9a5610000 - 0x00007ff9a5628000 	C:\Program Files\OpenJDK\openjdk-11.0.15_10\bin\jli.dll
0x00007ff9b8a90000 - 0x00007ff9b8d2a000 	C:\WINDOWS\WinSxS\amd64_microsoft.windows.common-controls_6595b64144ccf1df_6.0.19041.1110_none_60b5254171f9507e\COMCTL32.dll
0x00007ff9c9d10000 - 0x00007ff9c9eb0000 	C:\WINDOWS\System32\USER32.dll
0x00007ff9ca2f0000 - 0x00007ff9ca38e000 	C:\WINDOWS\System32\msvcrt.dll
0x00007ff9c8680000 - 0x00007ff9c86a2000 	C:\WINDOWS\System32\win32u.dll
0x00007ff9ca2c0000 - 0x00007ff9ca2ea000 	C:\WINDOWS\System32\GDI32.dll
0x00007ff9c8ae0000 - 0x00007ff9c8beb000 	C:\WINDOWS\System32\gdi32full.dll
0x00007ff9c8720000 - 0x00007ff9c87bd000 	C:\WINDOWS\System32\msvcp_win.dll
0x00007ff9c8f10000 - 0x00007ff9c8f40000 	C:\WINDOWS\System32\IMM32.DLL
0x00007ff989b40000 - 0x00007ff989bea000 	C:\Program Files\OpenJDK\openjdk-11.0.15_10\bin\msvcp140.dll
0x00007ff978240000 - 0x00007ff978d91000 	C:\Program Files\OpenJDK\openjdk-11.0.15_10\bin\server\jvm.dll
0x00007ff9c9560000 - 0x00007ff9c960e000 	C:\WINDOWS\System32\ADVAPI32.dll
0x00007ff9ca080000 - 0x00007ff9ca11c000 	C:\WINDOWS\System32\sechost.dll
0x00007ff9c9b30000 - 0x00007ff9c9c55000 	C:\WINDOWS\System32\RPCRT4.dll
0x00007ff9c9f10000 - 0x00007ff9c9f18000 	C:\WINDOWS\System32\PSAPI.DLL
0x00007ff9c02a0000 - 0x00007ff9c02a9000 	C:\WINDOWS\SYSTEM32\WSOCK32.dll
0x00007ff9cacd0000 - 0x00007ff9cad3b000 	C:\WINDOWS\System32\WS2_32.dll
0x00007ff9bb4b0000 - 0x00007ff9bb4d7000 	C:\WINDOWS\SYSTEM32\WINMM.dll
0x00007ff9bf190000 - 0x00007ff9bf19a000 	C:\WINDOWS\SYSTEM32\VERSION.dll
0x00007ff9c6eb0000 - 0x00007ff9c6ec2000 	C:\WINDOWS\SYSTEM32\kernel.appcore.dll
0x00007ff9a51a0000 - 0x00007ff9a51b1000 	C:\Program Files\OpenJDK\openjdk-11.0.15_10\bin\verify.dll
0x00007ff9c6b70000 - 0x00007ff9c6d54000 	C:\WINDOWS\SYSTEM32\DBGHELP.DLL
0x00007ff9c25c0000 - 0x00007ff9c25ec000 	C:\WINDOWS\SYSTEM32\dbgcore.DLL
0x00007ff9c8bf0000 - 0x00007ff9c8c72000 	C:\WINDOWS\System32\bcryptPrimitives.dll
0x00007ff9a5170000 - 0x00007ff9a5199000 	C:\Program Files\OpenJDK\openjdk-11.0.15_10\bin\java.dll
0x00007ff9a9a10000 - 0x00007ff9a9a1a000 	C:\Program Files\OpenJDK\openjdk-11.0.15_10\bin\jimage.dll
0x00007ff9a3bf0000 - 0x00007ff9a3c08000 	C:\Program Files\OpenJDK\openjdk-11.0.15_10\bin\zip.dll
0x00007ff9ca440000 - 0x00007ff9cab84000 	C:\WINDOWS\System32\SHELL32.dll
0x00007ff9c63d0000 - 0x00007ff9c6b64000 	C:\WINDOWS\SYSTEM32\windows.storage.dll
0x00007ff9c9690000 - 0x00007ff9c99e4000 	C:\WINDOWS\System32\combase.dll
0x00007ff9c8030000 - 0x00007ff9c805c000 	C:\WINDOWS\SYSTEM32\Wldp.dll
0x00007ff9ca390000 - 0x00007ff9ca43d000 	C:\WINDOWS\System32\SHCORE.dll
0x00007ff9c9eb0000 - 0x00007ff9c9f05000 	C:\WINDOWS\System32\shlwapi.dll
0x00007ff9c8510000 - 0x00007ff9c852f000 	C:\WINDOWS\SYSTEM32\profapi.dll
0x00007ff9a3bd0000 - 0x00007ff9a3be9000 	C:\Program Files\OpenJDK\openjdk-11.0.15_10\bin\net.dll
0x00007ff9c00d0000 - 0x00007ff9c01da000 	C:\WINDOWS\SYSTEM32\WINHTTP.dll
0x00007ff9c7d90000 - 0x00007ff9c7dfa000 	C:\WINDOWS\system32\mswsock.dll
0x00007ff9a31a0000 - 0x00007ff9a31b3000 	C:\Program Files\OpenJDK\openjdk-11.0.15_10\bin\nio.dll
0x00007ff9b6aa0000 - 0x00007ff9b6ac7000 	C:\Users\Tom\.gradle\native\e1d6ef7f7dcc3fd88c89a11ec53ec762bb8ba0a96d01ffa2cd45eb1d1d8dd5c5\windows-amd64\native-platform.dll
0x00007ff98aa30000 - 0x00007ff98ab74000 	C:\Users\Tom\.gradle\native\5664cfc778a61ccfe75a443a1ab52a65af34e5dc3c78e0209fed803814484fcb\windows-amd64\native-platform-file-events.dll
0x00007ff9a9a20000 - 0x00007ff9a9a29000 	C:\Program Files\OpenJDK\openjdk-11.0.15_10\bin\management.dll
0x00007ff9a6560000 - 0x00007ff9a656c000 	C:\Program Files\OpenJDK\openjdk-11.0.15_10\bin\management_ext.dll
0x00007ff9c7f80000 - 0x00007ff9c7f98000 	C:\WINDOWS\SYSTEM32\CRYPTSP.dll
0x00007ff9c7640000 - 0x00007ff9c7674000 	C:\WINDOWS\system32\rsaenh.dll
0x00007ff9c8d80000 - 0x00007ff9c8da7000 	C:\WINDOWS\System32\bcrypt.dll
0x00007ff9c8490000 - 0x00007ff9c84be000 	C:\WINDOWS\SYSTEM32\USERENV.dll
0x00007ff9c7fa0000 - 0x00007ff9c7fac000 	C:\WINDOWS\SYSTEM32\CRYPTBASE.dll
0x00007ff9c7a30000 - 0x00007ff9c7a6b000 	C:\WINDOWS\SYSTEM32\IPHLPAPI.DLL
0x00007ff9cad40000 - 0x00007ff9cad48000 	C:\WINDOWS\System32\NSI.dll
0x00007ff9c0490000 - 0x00007ff9c04a7000 	C:\WINDOWS\SYSTEM32\dhcpcsvc6.DLL
0x00007ff9c0eb0000 - 0x00007ff9c0ecd000 	C:\WINDOWS\SYSTEM32\dhcpcsvc.DLL
0x00007ff9c7ac0000 - 0x00007ff9c7b8b000 	C:\WINDOWS\SYSTEM32\DNSAPI.dll

dbghelp: loaded successfully - version: 4.0.5 - missing functions: none
symbol engine: initialized successfully - sym options: 0x614 - pdb path: .;C:\Program Files\OpenJDK\openjdk-11.0.15_10\bin;C:\WINDOWS\SYSTEM32;C:\WINDOWS\WinSxS\amd64_microsoft.windows.common-controls_6595b64144ccf1df_6.0.19041.1110_none_60b5254171f9507e;C:\Program Files\OpenJDK\openjdk-11.0.15_10\bin\server;C:\Users\Tom\.gradle\native\e1d6ef7f7dcc3fd88c89a11ec53ec762bb8ba0a96d01ffa2cd45eb1d1d8dd5c5\windows-amd64;C:\Users\Tom\.gradle\native\5664cfc778a61ccfe75a443a1ab52a65af34e5dc3c78e0209fed803814484fcb\windows-amd64

VM Arguments:
jvm_args: -XX:MaxMetaspaceSize=512m --add-opens=java.base/java.util=ALL-UNNAMED --add-opens=java.base/java.lang=ALL-UNNAMED --add-opens=java.base/java.lang.invoke=ALL-UNNAMED --add-opens=java.base/java.util=ALL-UNNAMED --add-opens=java.prefs/java.util.prefs=ALL-UNNAMED --add-opens=java.prefs/java.util.prefs=ALL-UNNAMED --add-opens=java.base/java.nio.charset=ALL-UNNAMED --add-opens=java.base/java.net=ALL-UNNAMED --add-opens=java.base/java.util.concurrent.atomic=ALL-UNNAMED -Xmx2048m -Dfile.encoding=windows-1252 -Duser.country=GB -Duser.language=en -Duser.variant 
java_command: org.gradle.launcher.daemon.bootstrap.GradleDaemon 7.3.3
java_class_path (initial): C:\Users\Tom\.gradle\wrapper\dists\gradle-7.3.3-all\4295vidhdd9hd3gbjyw1xqxpo\gradle-7.3.3\lib\gradle-launcher-7.3.3.jar
Launcher Type: SUN_STANDARD

[Global flags]
     intx CICompilerCount                          = 3                                         {product} {ergonomic}
   size_t CompressedClassSpaceSize                 = 528482304                                 {product} {ergonomic}
     uint ConcGCThreads                            = 1                                         {product} {ergonomic}
     uint G1ConcRefinementThreads                  = 4                                         {product} {ergonomic}
   size_t G1HeapRegionSize                         = 1048576                                   {product} {ergonomic}
    uintx GCDrainStackTargetSize                   = 64                                        {product} {ergonomic}
   size_t InitialHeapSize                          = 134217728                                 {product} {ergonomic}
   size_t MarkStackSize                            = 4194304                                   {product} {ergonomic}
   size_t MaxHeapSize                              = 2147483648                                {product} {command line}
   size_t MaxMetaspaceSize                         = 536870912                                 {product} {command line}
   size_t MaxNewSize                               = 1287651328                                {product} {ergonomic}
   size_t MinHeapDeltaBytes                        = 1048576                                   {product} {ergonomic}
    uintx NonNMethodCodeHeapSize                   = 5830732                                {pd product} {ergonomic}
    uintx NonProfiledCodeHeapSize                  = 122913754                              {pd product} {ergonomic}
    uintx ProfiledCodeHeapSize                     = 122913754                              {pd product} {ergonomic}
    uintx ReservedCodeCacheSize                    = 251658240                              {pd product} {ergonomic}
     bool SegmentedCodeCache                       = true                                      {product} {ergonomic}
     bool UseCompressedClassPointers               = true                                 {lp64_product} {ergonomic}
     bool UseCompressedOops                        = true                                 {lp64_product} {ergonomic}
     bool UseG1GC                                  = true                                      {product} {ergonomic}
     bool UseLargePagesIndividualAllocation        = false                                  {pd product} {ergonomic}

Logging:
Log output configuration:
 #0: stdout all=warning uptime,level,tags
 #1: stderr all=off uptime,level,tags

Environment Variables:
JAVA_HOME=C:\Program Files\OpenJDK\openjdk-11.0.15_10
CLASSPATH=C:\Users\Tom\Documents\Programmation\React Native\projectRNcli\android\\gradle\wrapper\gradle-wrapper.jar
PATH=C:\Users\Tom\Documents\Programmation\React Native\projectRNcli\android\node_modules\.bin;C:\Users\Tom\Documents\Programmation\React Native\projectRNcli\node_modules\.bin;C:\Users\Tom\Documents\Programmation\React Native\node_modules\.bin;C:\Users\Tom\Documents\Programmation\node_modules\.bin;C:\Users\Tom\Documents\node_modules\.bin;C:\Users\Tom\node_modules\.bin;C:\Users\node_modules\.bin;C:\node_modules\.bin;C:\Program Files\nodejs;C:\Users\Tom\Documents\Programmation\React Native\projectRNcli\node_modules\.bin;C:\Users\Tom\Documents\Programmation\React Native\node_modules\.bin;C:\Users\Tom\Documents\Programmation\node_modules\.bin;C:\Users\Tom\Documents\node_modules\.bin;C:\Users\Tom\node_modules\.bin;C:\Users\node_modules\.bin;C:\node_modules\.bin;C:\Program Files\nodejs\node_modules\npm\node_modules\@npmcli\run-script\lib\node-gyp-bin;C:\Python310\Scripts\;C:\Python310\;C:\Program Files\Common Files\Oracle\Java\javapath;C:\Program Files (x86)\Intel\Intel(R) Management Engine Components\iCLS\;C:\Program Files\Intel\Intel(R) Management Engine Components\iCLS\;C:\windows\system32;C:\windows;C:\windows\System32\Wbem;C:\windows\System32\WindowsPowerShell\v1.0\;C:\Program Files (x86)\Intel\Intel(R) Management Engine Components\DAL;C:\Program Files\Intel\Intel(R) Management Engine Components\DAL;C:\Program Files (x86)\Intel\Intel(R) Management Engine Components\IPT;C:\Program Files\Intel\Intel(R) Management Engine Components\IPT;C:\Program Files (x86)\NVIDIA Corporation\PhysX\Common;C:\WINDOWS\system32;C:\WINDOWS;C:\WINDOWS\System32\Wbem;C:\WINDOWS\System32\WindowsPowerShell\v1.0\;C:\WINDOWS\System32\OpenSSH\;C:\Program Files\Microchip\xc8\v2.36\bin;C:\ProgramData\chocolatey\bin;C:\Program Files\OpenJDK\openjdk-11.0.15_10\bin;C:\Program Files\nodejs\;C:\Users\Tom\AppData\Local\Microsoft\WindowsApps;C:\Users\Tom\AppData\Local\Programs\Microsoft VS Code\bin;C:\Users\Tom\AppData\Local\Android\Sdk\platform-tools;C:\Users\Tom\AppData\Roaming\npm;C:\Users\Tom\Documents\Pro
USERNAME=Tom
LANG=en_GB.UTF-8
OS=Windows_NT
PROCESSOR_IDENTIFIER=Intel64 Family 6 Model 142 Stepping 10, GenuineIntel



---------------  S Y S T E M  ---------------

OS: Windows 10 , 64 bit Build 19041 (10.0.19041.1741)
OS uptime: 0 days 5:38 hours

CPU:total 4 (initial active 4) (2 cores per cpu, 2 threads per core) family 6 model 142 stepping 10 microcode 0xb4, cmov, cx8, fxsr, mmx, sse, sse2, sse3, ssse3, sse4.1, sse4.2, popcnt, avx, avx2, aes, clmul, erms, 3dnowpref, lzcnt, ht, tsc, tscinvbit, bmi1, bmi2, adx, fma

Memory: 4k page, system-wide physical 8107M (1249M free)
TotalPageFile size 8107M (AvailPageFile size 14M)
current process WorkingSet (physical memory assigned to process): 583M, peak: 584M
current process commit charge ("private bytes"): 665M, peak: 751M

vm_info: OpenJDK 64-Bit Server VM (11.0.15+10) for windows-amd64 JRE (11.0.15+10), built on Apr 21 2022 21:29:46 by "tester" with MS VC++ 15.5 (VS2017)

END.
