#
# There is insufficient memory for the Java Runtime Environment to continue.
# Native memory allocation (malloc) failed to allocate 32744 bytes for ChunkPool::allocate
# Possible reasons:
#   The system is out of physical RAM or swap space
#   The process is running with CompressedOops enabled, and the Java Heap may be blocking the growth of the native heap
# Possible solutions:
#   Reduce memory load on the system
#   Increase physical memory or swap space
#   Check if swap backing store is full
#   Decrease Java heap size (-Xmx/-Xms)
#   Decrease number of Java threads
#   Decrease Java thread stack sizes (-Xss)
#   Set larger code cache with -XX:ReservedCodeCacheSize=
#   JVM is running with Unscaled Compressed Oops mode in which the Java heap is
#     placed in the first 4GB address space. The Java Heap base address is the
#     maximum limit for the native heap growth. Please use -XX:HeapBaseMinAddress
#     to set the Java Heap base and to place the Java Heap above 4GB virtual address.
# This output file may be truncated or incomplete.
#
#  Out of Memory Error (./src/hotspot/share/memory/arena.cpp:81), pid=13700, tid=14884
#
# JRE version: OpenJDK Runtime Environment 18.9 (11.0.15+10) (build 11.0.15+10)
# Java VM: OpenJDK 64-Bit Server VM 18.9 (11.0.15+10, mixed mode, tiered, compressed oops, g1 gc, windows-amd64)
# No core dump will be written. Minidumps are not enabled by default on client versions of Windows
#

---------------  S U M M A R Y ------------

Command Line: org.jetbrains.kotlin.cli.jvm.K2JVMCompiler @C:\Users\Tom\Documents\Programmation\React Native\projectRNcli\node_modules\react-native-gradle-plugin\build\20220703_1194568444194829623.compiler.options

Host: Intel(R) Core(TM) i3-7020U CPU @ 2.30GHz, 4 cores, 7G,  Windows 10 , 64 bit Build 19041 (10.0.19041.1741)
Time: Sun Jul  3 15:54:44 2022 Romance Summer Time elapsed time: 24.761685 seconds (0d 0h 0m 24s)

---------------  T H R E A D  ---------------

Current thread (0x000001b5a9269800):  JavaThread "C2 CompilerThread1" daemon [_thread_in_native, id=14884, stack(0x000000099d100000,0x000000099d200000)]


Current CompileTask:
C2:  24761 10061       4       org.jetbrains.kotlin.resolve.calls.tower.NoExplicitReceiverScopeTowerProcessor::simpleProcess (103 bytes)

Stack: [0x000000099d100000,0x000000099d200000]
Native frames: (J=compiled Java code, j=interpreted, Vv=VM code, C=native code)
V  [jvm.dll+0x64dd3a]
V  [jvm.dll+0x7906c9]
V  [jvm.dll+0x791d9c]
V  [jvm.dll+0x792463]
V  [jvm.dll+0x265048]
V  [jvm.dll+0xc9ffb]
V  [jvm.dll+0xca35c]
V  [jvm.dll+0x380f9d]
V  [jvm.dll+0x37c19f]
V  [jvm.dll+0x347153]
V  [jvm.dll+0x34647a]
V  [jvm.dll+0x21e085]
V  [jvm.dll+0x21d25a]
V  [jvm.dll+0x19dd21]
V  [jvm.dll+0x22cc80]
V  [jvm.dll+0x22af81]
V  [jvm.dll+0x75254c]
V  [jvm.dll+0x74b12d]
V  [jvm.dll+0x64c8a6]
C  [ucrtbase.dll+0x21bb2]
C  [KERNEL32.DLL+0x17034]
C  [ntdll.dll+0x52651]


---------------  P R O C E S S  ---------------

Threads class SMR info:
_java_thread_list=0x000001b5ac834b30, length=11, elements={
0x000001b5899e3800, 0x000001b5a807c000, 0x000001b5a8085800, 0x000001b5a809b000,
0x000001b5a809d000, 0x000001b5a809e800, 0x000001b5a80a4000, 0x000001b5a80a9800,
0x000001b5a80b5800, 0x000001b5a8b54800, 0x000001b5a9269800
}

Java Threads: ( => current thread )
  0x000001b5899e3800 JavaThread "main" [_thread_in_Java, id=17304, stack(0x000000099bc00000,0x000000099bd00000)]
  0x000001b5a807c000 JavaThread "Reference Handler" daemon [_thread_blocked, id=7248, stack(0x000000099c300000,0x000000099c400000)]
  0x000001b5a8085800 JavaThread "Finalizer" daemon [_thread_blocked, id=11952, stack(0x000000099c400000,0x000000099c500000)]
  0x000001b5a809b000 JavaThread "Signal Dispatcher" daemon [_thread_blocked, id=7452, stack(0x000000099c500000,0x000000099c600000)]
  0x000001b5a809d000 JavaThread "Attach Listener" daemon [_thread_blocked, id=15728, stack(0x000000099c600000,0x000000099c700000)]
  0x000001b5a809e800 JavaThread "Service Thread" daemon [_thread_blocked, id=964, stack(0x000000099c700000,0x000000099c800000)]
  0x000001b5a80a4000 JavaThread "C2 CompilerThread0" daemon [_thread_in_native, id=13908, stack(0x000000099c800000,0x000000099c900000)]
  0x000001b5a80a9800 JavaThread "C1 CompilerThread0" daemon [_thread_in_native, id=16292, stack(0x000000099c900000,0x000000099ca00000)]
  0x000001b5a80b5800 JavaThread "Sweeper thread" daemon [_thread_blocked, id=8884, stack(0x000000099ca00000,0x000000099cb00000)]
  0x000001b5a8b54800 JavaThread "Common-Cleaner" daemon [_thread_blocked, id=15760, stack(0x000000099cc00000,0x000000099cd00000)]
=>0x000001b5a9269800 JavaThread "C2 CompilerThread1" daemon [_thread_in_native, id=14884, stack(0x000000099d100000,0x000000099d200000)]

Other Threads:
  0x000001b5a8056800 VMThread "VM Thread" [stack: 0x000000099c200000,0x000000099c300000] [id=7292]
  0x000001b5a8b46800 WatcherThread [stack: 0x000000099cb00000,0x000000099cc00000] [id=2080]
  0x000001b5899f9800 GCTaskThread "GC Thread#0" [stack: 0x000000099bd00000,0x000000099be00000] [id=1004]
  0x000001b5a900e000 GCTaskThread "GC Thread#1" [stack: 0x000000099ce00000,0x000000099cf00000] [id=13156]
  0x000001b5a900b800 GCTaskThread "GC Thread#2" [stack: 0x000000099cf00000,0x000000099d000000] [id=6316]
  0x000001b589a2b000 ConcurrentGCThread "G1 Main Marker" [stack: 0x000000099be00000,0x000000099bf00000] [id=17224]
  0x000001b589a2d000 ConcurrentGCThread "G1 Conc#0" [stack: 0x000000099bf00000,0x000000099c000000] [id=1368]
  0x000001b589abd800 ConcurrentGCThread "G1 Refine#0" [stack: 0x000000099c000000,0x000000099c100000] [id=18236]
  0x000001b5a9508800 ConcurrentGCThread "G1 Refine#1" [stack: 0x000000099cd00000,0x000000099ce00000] [id=13992]
  0x000001b5ad0fa800 ConcurrentGCThread "G1 Refine#2" [stack: 0x000000099d000000,0x000000099d100000] [id=15648]
  0x000001b5a7ec0800 ConcurrentGCThread "G1 Young RemSet Sampling" [stack: 0x000000099c100000,0x000000099c200000] [id=15620]

Threads with active compile tasks:
C2 CompilerThread0    24939 9913       4       org.jetbrains.org.objectweb.asm.ClassReader::readMethod (1061 bytes)
C1 CompilerThread0    24939 10124       3       org.jetbrains.kotlin.serialization.deserialization.MemberDeserializer::loadFunction (716 bytes)
C2 CompilerThread1    24939 10061       4       org.jetbrains.kotlin.resolve.calls.tower.NoExplicitReceiverScopeTowerProcessor::simpleProcess (103 bytes)

VM state:not at safepoint (normal execution)

VM Mutex/Monitor currently owned by a thread: None

Heap address: 0x0000000081400000, size: 2028 MB, Compressed Oops mode: 32-bit
Narrow klass base: 0x0000000000000000, Narrow klass shift: 3
Compressed class space size: 1073741824 Address: 0x0000000100000000

Heap:
 garbage-first heap   total 189440K, used 88046K [0x0000000081400000, 0x0000000100000000)
  region size 1024K, 30 young (30720K), 7 survivors (7168K)
 Metaspace       used 66384K, capacity 67345K, committed 67456K, reserved 1110016K
  class space    used 7332K, capacity 7702K, committed 7808K, reserved 1048576K
Heap Regions: E=young(eden), S=young(survivor), O=old, HS=humongous(starts), HC=humongous(continues), CS=collection set, F=free, A=archive, TAMS=top-at-mark-start (previous, next)
|   0|0x0000000081400000, 0x0000000081500000, 0x0000000081500000|100%|HS|  |TAMS 0x0000000081500000, 0x0000000081400000| Complete 
|   1|0x0000000081500000, 0x0000000081600000, 0x0000000081600000|100%|HC|  |TAMS 0x0000000081600000, 0x0000000081500000| Complete 
|   2|0x0000000081600000, 0x0000000081700000, 0x0000000081700000|100%|HC|  |TAMS 0x0000000081700000, 0x0000000081600000| Complete 
|   3|0x0000000081700000, 0x0000000081800000, 0x0000000081800000|100%| O|  |TAMS 0x0000000081800000, 0x0000000081700000| Untracked 
|   4|0x0000000081800000, 0x0000000081900000, 0x0000000081900000|100%| O|  |TAMS 0x0000000081900000, 0x0000000081800000| Untracked 
|   5|0x0000000081900000, 0x0000000081a00000, 0x0000000081a00000|100%|HS|  |TAMS 0x0000000081a00000, 0x0000000081900000| Complete 
|   6|0x0000000081a00000, 0x0000000081b00000, 0x0000000081b00000|100%|HC|  |TAMS 0x0000000081b00000, 0x0000000081a00000| Complete 
|   7|0x0000000081b00000, 0x0000000081c00000, 0x0000000081c00000|100%|HC|  |TAMS 0x0000000081c00000, 0x0000000081b00000| Complete 
|   8|0x0000000081c00000, 0x0000000081d00000, 0x0000000081d00000|100%| O|  |TAMS 0x0000000081d00000, 0x0000000081c00000| Untracked 
|   9|0x0000000081d00000, 0x0000000081e00000, 0x0000000081e00000|100%| O|  |TAMS 0x0000000081e00000, 0x0000000081d00000| Untracked 
|  10|0x0000000081e00000, 0x0000000081f00000, 0x0000000081f00000|100%| O|  |TAMS 0x0000000081f00000, 0x0000000081e00000| Untracked 
|  11|0x0000000081f00000, 0x0000000082000000, 0x0000000082000000|100%| O|  |TAMS 0x0000000082000000, 0x0000000081f00000| Untracked 
|  12|0x0000000082000000, 0x0000000082100000, 0x0000000082100000|100%| O|  |TAMS 0x0000000082100000, 0x0000000082000000| Untracked 
|  13|0x0000000082100000, 0x0000000082200000, 0x0000000082200000|100%| O|  |TAMS 0x0000000082200000, 0x0000000082100000| Untracked 
|  14|0x0000000082200000, 0x0000000082300000, 0x0000000082300000|100%| O|  |TAMS 0x0000000082300000, 0x0000000082200000| Untracked 
|  15|0x0000000082300000, 0x0000000082400000, 0x0000000082400000|100%| O|  |TAMS 0x0000000082400000, 0x0000000082300000| Untracked 
|  16|0x0000000082400000, 0x0000000082500000, 0x0000000082500000|100%| O|  |TAMS 0x0000000082500000, 0x0000000082400000| Untracked 
|  17|0x0000000082500000, 0x0000000082600000, 0x0000000082600000|100%| O|  |TAMS 0x0000000082600000, 0x0000000082500000| Untracked 
|  18|0x0000000082600000, 0x0000000082700000, 0x0000000082700000|100%| O|  |TAMS 0x0000000082700000, 0x0000000082600000| Untracked 
|  19|0x0000000082700000, 0x0000000082800000, 0x0000000082800000|100%| O|  |TAMS 0x0000000082800000, 0x0000000082700000| Untracked 
|  20|0x0000000082800000, 0x0000000082900000, 0x0000000082900000|100%| O|  |TAMS 0x0000000082900000, 0x0000000082800000| Untracked 
|  21|0x0000000082900000, 0x0000000082a00000, 0x0000000082a00000|100%| O|  |TAMS 0x00000000829cae00, 0x0000000082900000| Untracked 
|  22|0x0000000082a00000, 0x0000000082b00000, 0x0000000082b00000|100%|HS|  |TAMS 0x0000000082b00000, 0x0000000082a00000| Complete 
|  23|0x0000000082b00000, 0x0000000082c00000, 0x0000000082c00000|100%| O|  |TAMS 0x0000000082b00000, 0x0000000082b00000| Untracked 
|  24|0x0000000082c00000, 0x0000000082d00000, 0x0000000082d00000|100%| O|  |TAMS 0x0000000082d00000, 0x0000000082c00000| Untracked 
|  25|0x0000000082d00000, 0x0000000082e00000, 0x0000000082e00000|100%| O|  |TAMS 0x0000000082e00000, 0x0000000082d00000| Untracked 
|  26|0x0000000082e00000, 0x0000000082f00000, 0x0000000082f00000|100%| O|  |TAMS 0x0000000082f00000, 0x0000000082e00000| Untracked 
|  27|0x0000000082f00000, 0x0000000083000000, 0x0000000083000000|100%| O|  |TAMS 0x0000000083000000, 0x0000000082f00000| Untracked 
|  28|0x0000000083000000, 0x0000000083100000, 0x0000000083100000|100%| O|  |TAMS 0x0000000083100000, 0x0000000083000000| Untracked 
|  29|0x0000000083100000, 0x0000000083200000, 0x0000000083200000|100%|HS|  |TAMS 0x0000000083100000, 0x0000000083100000| Complete 
|  30|0x0000000083200000, 0x0000000083300000, 0x0000000083300000|100%|HC|  |TAMS 0x0000000083200000, 0x0000000083200000| Complete 
|  31|0x0000000083300000, 0x0000000083400000, 0x0000000083400000|100%|HC|  |TAMS 0x0000000083300000, 0x0000000083300000| Complete 
|  32|0x0000000083400000, 0x0000000083500000, 0x0000000083500000|100%|HC|  |TAMS 0x0000000083400000, 0x0000000083400000| Complete 
|  33|0x0000000083500000, 0x0000000083600000, 0x0000000083600000|100%|HC|  |TAMS 0x0000000083500000, 0x0000000083500000| Complete 
|  34|0x0000000083600000, 0x0000000083700000, 0x0000000083700000|100%| O|  |TAMS 0x0000000083600000, 0x0000000083600000| Untracked 
|  35|0x0000000083700000, 0x0000000083800000, 0x0000000083800000|100%| O|  |TAMS 0x0000000083700000, 0x0000000083700000| Untracked 
|  36|0x0000000083800000, 0x0000000083900000, 0x0000000083900000|100%| O|  |TAMS 0x0000000083800000, 0x0000000083800000| Untracked 
|  37|0x0000000083900000, 0x0000000083a00000, 0x0000000083a00000|100%| O|  |TAMS 0x0000000083900000, 0x0000000083900000| Untracked 
|  38|0x0000000083a00000, 0x0000000083b00000, 0x0000000083b00000|100%| O|  |TAMS 0x0000000083a00000, 0x0000000083a00000| Untracked 
|  39|0x0000000083b00000, 0x0000000083c00000, 0x0000000083c00000|100%| O|  |TAMS 0x0000000083b00000, 0x0000000083b00000| Untracked 
|  40|0x0000000083c00000, 0x0000000083d00000, 0x0000000083d00000|100%| O|  |TAMS 0x0000000083c00000, 0x0000000083c00000| Untracked 
|  41|0x0000000083d00000, 0x0000000083e00000, 0x0000000083e00000|100%| O|  |TAMS 0x0000000083d00000, 0x0000000083d00000| Untracked 
|  42|0x0000000083e00000, 0x0000000083f00000, 0x0000000083f00000|100%| O|  |TAMS 0x0000000083e00000, 0x0000000083e00000| Untracked 
|  43|0x0000000083f00000, 0x0000000084000000, 0x0000000084000000|100%| O|  |TAMS 0x0000000083f00000, 0x0000000083f00000| Untracked 
|  44|0x0000000084000000, 0x0000000084100000, 0x0000000084100000|100%| O|  |TAMS 0x0000000084000000, 0x0000000084000000| Untracked 
|  45|0x0000000084100000, 0x0000000084200000, 0x0000000084200000|100%| O|  |TAMS 0x0000000084100000, 0x0000000084100000| Untracked 
|  46|0x0000000084200000, 0x0000000084300000, 0x0000000084300000|100%| O|  |TAMS 0x0000000084200000, 0x0000000084200000| Untracked 
|  47|0x0000000084300000, 0x0000000084400000, 0x0000000084400000|100%| O|  |TAMS 0x0000000084300000, 0x0000000084300000| Untracked 
|  48|0x0000000084400000, 0x0000000084500000, 0x0000000084500000|100%| O|  |TAMS 0x0000000084400000, 0x0000000084400000| Untracked 
|  49|0x0000000084500000, 0x0000000084600000, 0x0000000084600000|100%| O|  |TAMS 0x0000000084500000, 0x0000000084500000| Untracked 
|  50|0x0000000084600000, 0x0000000084700000, 0x0000000084700000|100%| O|  |TAMS 0x0000000084600000, 0x0000000084600000| Untracked 
|  51|0x0000000084700000, 0x0000000084800000, 0x0000000084800000|100%| O|  |TAMS 0x0000000084700000, 0x0000000084700000| Untracked 
|  52|0x0000000084800000, 0x0000000084900000, 0x0000000084900000|100%| O|  |TAMS 0x0000000084800000, 0x0000000084800000| Untracked 
|  53|0x0000000084900000, 0x0000000084a00000, 0x0000000084a00000|100%| O|  |TAMS 0x0000000084900000, 0x0000000084900000| Untracked 
|  54|0x0000000084a00000, 0x0000000084b00000, 0x0000000084b00000|100%| O|  |TAMS 0x0000000084a00000, 0x0000000084a00000| Untracked 
|  55|0x0000000084b00000, 0x0000000084c00000, 0x0000000084c00000|100%| O|  |TAMS 0x0000000084b00000, 0x0000000084b00000| Untracked 
|  56|0x0000000084c00000, 0x0000000084d00000, 0x0000000084d00000|100%| O|  |TAMS 0x0000000084c00000, 0x0000000084c00000| Untracked 
|  57|0x0000000084d00000, 0x0000000084d00000, 0x0000000084e00000|  0%| F|  |TAMS 0x0000000084d00000, 0x0000000084d00000| Untracked 
|  58|0x0000000084e00000, 0x0000000084e00000, 0x0000000084f00000|  0%| F|  |TAMS 0x0000000084e00000, 0x0000000084e00000| Untracked 
|  59|0x0000000084f00000, 0x0000000084f00000, 0x0000000085000000|  0%| F|  |TAMS 0x0000000084f00000, 0x0000000084f00000| Untracked 
|  60|0x0000000085000000, 0x0000000085000000, 0x0000000085100000|  0%| F|  |TAMS 0x0000000085000000, 0x0000000085000000| Untracked 
|  61|0x0000000085100000, 0x0000000085100000, 0x0000000085200000|  0%| F|  |TAMS 0x0000000085100000, 0x0000000085100000| Untracked 
|  62|0x0000000085200000, 0x0000000085200000, 0x0000000085300000|  0%| F|  |TAMS 0x0000000085200000, 0x0000000085200000| Untracked 
|  63|0x0000000085300000, 0x0000000085300000, 0x0000000085400000|  0%| F|  |TAMS 0x0000000085300000, 0x0000000085300000| Untracked 
|  64|0x0000000085400000, 0x0000000085400000, 0x0000000085500000|  0%| F|  |TAMS 0x0000000085400000, 0x0000000085400000| Untracked 
|  65|0x0000000085500000, 0x0000000085500000, 0x0000000085600000|  0%| F|  |TAMS 0x0000000085500000, 0x0000000085500000| Untracked 
|  66|0x0000000085600000, 0x0000000085600000, 0x0000000085700000|  0%| F|  |TAMS 0x0000000085600000, 0x0000000085600000| Untracked 
|  67|0x0000000085700000, 0x0000000085700000, 0x0000000085800000|  0%| F|  |TAMS 0x0000000085700000, 0x0000000085700000| Untracked 
|  68|0x0000000085800000, 0x0000000085800000, 0x0000000085900000|  0%| F|  |TAMS 0x0000000085800000, 0x0000000085800000| Untracked 
|  69|0x0000000085900000, 0x0000000085900000, 0x0000000085a00000|  0%| F|  |TAMS 0x0000000085900000, 0x0000000085900000| Untracked 
|  70|0x0000000085a00000, 0x0000000085a00000, 0x0000000085b00000|  0%| F|  |TAMS 0x0000000085a00000, 0x0000000085a00000| Untracked 
|  71|0x0000000085b00000, 0x0000000085b00000, 0x0000000085c00000|  0%| F|  |TAMS 0x0000000085b00000, 0x0000000085b00000| Untracked 
|  72|0x0000000085c00000, 0x0000000085c00000, 0x0000000085d00000|  0%| F|  |TAMS 0x0000000085c00000, 0x0000000085c00000| Untracked 
|  73|0x0000000085d00000, 0x0000000085d00000, 0x0000000085e00000|  0%| F|  |TAMS 0x0000000085d00000, 0x0000000085d00000| Untracked 
|  74|0x0000000085e00000, 0x0000000085e00000, 0x0000000085f00000|  0%| F|  |TAMS 0x0000000085e00000, 0x0000000085e00000| Untracked 
|  75|0x0000000085f00000, 0x0000000085f00000, 0x0000000086000000|  0%| F|  |TAMS 0x0000000085f00000, 0x0000000085f00000| Untracked 
|  76|0x0000000086000000, 0x0000000086000000, 0x0000000086100000|  0%| F|  |TAMS 0x0000000086000000, 0x0000000086000000| Untracked 
|  77|0x0000000086100000, 0x0000000086100000, 0x0000000086200000|  0%| F|  |TAMS 0x0000000086100000, 0x0000000086100000| Untracked 
|  78|0x0000000086200000, 0x0000000086200000, 0x0000000086300000|  0%| F|  |TAMS 0x0000000086200000, 0x0000000086200000| Untracked 
|  79|0x0000000086300000, 0x0000000086300000, 0x0000000086400000|  0%| F|  |TAMS 0x0000000086300000, 0x0000000086300000| Untracked 
|  80|0x0000000086400000, 0x0000000086400000, 0x0000000086500000|  0%| F|  |TAMS 0x0000000086400000, 0x0000000086400000| Untracked 
|  81|0x0000000086500000, 0x0000000086500000, 0x0000000086600000|  0%| F|  |TAMS 0x0000000086500000, 0x0000000086500000| Untracked 
|  82|0x0000000086600000, 0x0000000086600000, 0x0000000086700000|  0%| F|  |TAMS 0x0000000086600000, 0x0000000086600000| Untracked 
|  83|0x0000000086700000, 0x0000000086700000, 0x0000000086800000|  0%| F|  |TAMS 0x0000000086700000, 0x0000000086700000| Untracked 
|  84|0x0000000086800000, 0x0000000086800000, 0x0000000086900000|  0%| F|  |TAMS 0x0000000086800000, 0x0000000086800000| Untracked 
|  85|0x0000000086900000, 0x0000000086900000, 0x0000000086a00000|  0%| F|  |TAMS 0x0000000086900000, 0x0000000086900000| Untracked 
|  86|0x0000000086a00000, 0x0000000086a00000, 0x0000000086b00000|  0%| F|  |TAMS 0x0000000086a00000, 0x0000000086a00000| Untracked 
|  87|0x0000000086b00000, 0x0000000086b00000, 0x0000000086c00000|  0%| F|  |TAMS 0x0000000086b00000, 0x0000000086b00000| Untracked 
|  88|0x0000000086c00000, 0x0000000086c00000, 0x0000000086d00000|  0%| F|  |TAMS 0x0000000086c00000, 0x0000000086c00000| Untracked 
|  89|0x0000000086d00000, 0x0000000086d00000, 0x0000000086e00000|  0%| F|  |TAMS 0x0000000086d00000, 0x0000000086d00000| Untracked 
|  90|0x0000000086e00000, 0x0000000086e00000, 0x0000000086f00000|  0%| F|  |TAMS 0x0000000086e00000, 0x0000000086e00000| Untracked 
|  91|0x0000000086f00000, 0x0000000086f00000, 0x0000000087000000|  0%| F|  |TAMS 0x0000000086f00000, 0x0000000086f00000| Untracked 
|  92|0x0000000087000000, 0x00000000870fb890, 0x0000000087100000| 98%| S|CS|TAMS 0x0000000087000000, 0x0000000087000000| Complete 
|  93|0x0000000087100000, 0x0000000087200000, 0x0000000087200000|100%| S|CS|TAMS 0x0000000087100000, 0x0000000087100000| Complete 
|  94|0x0000000087200000, 0x0000000087300000, 0x0000000087300000|100%| S|CS|TAMS 0x0000000087200000, 0x0000000087200000| Complete 
|  95|0x0000000087300000, 0x0000000087400000, 0x0000000087400000|100%| S|CS|TAMS 0x0000000087300000, 0x0000000087300000| Complete 
|  96|0x0000000087400000, 0x0000000087500000, 0x0000000087500000|100%| S|CS|TAMS 0x0000000087400000, 0x0000000087400000| Complete 
|  97|0x0000000087500000, 0x0000000087500000, 0x0000000087600000|  0%| F|  |TAMS 0x0000000087500000, 0x0000000087500000| Untracked 
|  98|0x0000000087600000, 0x0000000087600000, 0x0000000087700000|  0%| F|  |TAMS 0x0000000087600000, 0x0000000087600000| Untracked 
|  99|0x0000000087700000, 0x0000000087800000, 0x0000000087800000|100%| S|CS|TAMS 0x0000000087700000, 0x0000000087700000| Complete 
| 100|0x0000000087800000, 0x0000000087900000, 0x0000000087900000|100%| S|CS|TAMS 0x0000000087800000, 0x0000000087800000| Complete 
| 101|0x0000000087900000, 0x0000000087900000, 0x0000000087a00000|  0%| F|  |TAMS 0x0000000087900000, 0x0000000087900000| Untracked 
| 102|0x0000000087a00000, 0x0000000087a00000, 0x0000000087b00000|  0%| F|  |TAMS 0x0000000087a00000, 0x0000000087a00000| Untracked 
| 103|0x0000000087b00000, 0x0000000087b00000, 0x0000000087c00000|  0%| F|  |TAMS 0x0000000087b00000, 0x0000000087b00000| Untracked 
| 104|0x0000000087c00000, 0x0000000087c00000, 0x0000000087d00000|  0%| F|  |TAMS 0x0000000087c00000, 0x0000000087c00000| Untracked 
| 105|0x0000000087d00000, 0x0000000087d00000, 0x0000000087e00000|  0%| F|  |TAMS 0x0000000087d00000, 0x0000000087d00000| Untracked 
| 106|0x0000000087e00000, 0x0000000087e00000, 0x0000000087f00000|  0%| F|  |TAMS 0x0000000087e00000, 0x0000000087e00000| Untracked 
| 107|0x0000000087f00000, 0x0000000087f00000, 0x0000000088000000|  0%| F|  |TAMS 0x0000000087f00000, 0x0000000087f00000| Untracked 
| 108|0x0000000088000000, 0x0000000088000000, 0x0000000088100000|  0%| F|  |TAMS 0x0000000088000000, 0x0000000088000000| Untracked 
| 109|0x0000000088100000, 0x0000000088100000, 0x0000000088200000|  0%| F|  |TAMS 0x0000000088100000, 0x0000000088100000| Untracked 
| 110|0x0000000088200000, 0x0000000088200000, 0x0000000088300000|  0%| F|  |TAMS 0x0000000088200000, 0x0000000088200000| Untracked 
| 111|0x0000000088300000, 0x0000000088300000, 0x0000000088400000|  0%| F|  |TAMS 0x0000000088300000, 0x0000000088300000| Untracked 
| 112|0x0000000088400000, 0x0000000088400000, 0x0000000088500000|  0%| F|  |TAMS 0x0000000088400000, 0x0000000088400000| Untracked 
| 113|0x0000000088500000, 0x0000000088500000, 0x0000000088600000|  0%| F|  |TAMS 0x0000000088500000, 0x0000000088500000| Untracked 
| 114|0x0000000088600000, 0x0000000088600000, 0x0000000088700000|  0%| F|  |TAMS 0x0000000088600000, 0x0000000088600000| Untracked 
| 115|0x0000000088700000, 0x0000000088700000, 0x0000000088800000|  0%| F|  |TAMS 0x0000000088700000, 0x0000000088700000| Untracked 
| 116|0x0000000088800000, 0x0000000088800000, 0x0000000088900000|  0%| F|  |TAMS 0x0000000088800000, 0x0000000088800000| Untracked 
| 117|0x0000000088900000, 0x0000000088900000, 0x0000000088a00000|  0%| F|  |TAMS 0x0000000088900000, 0x0000000088900000| Untracked 
| 118|0x0000000088a00000, 0x0000000088a00000, 0x0000000088b00000|  0%| F|  |TAMS 0x0000000088a00000, 0x0000000088a00000| Untracked 
| 119|0x0000000088b00000, 0x0000000088b00000, 0x0000000088c00000|  0%| F|  |TAMS 0x0000000088b00000, 0x0000000088b00000| Untracked 
| 120|0x0000000088c00000, 0x0000000088c00000, 0x0000000088d00000|  0%| F|  |TAMS 0x0000000088c00000, 0x0000000088c00000| Untracked 
| 121|0x0000000088d00000, 0x0000000088d00000, 0x0000000088e00000|  0%| F|  |TAMS 0x0000000088d00000, 0x0000000088d00000| Untracked 
| 122|0x0000000088e00000, 0x0000000088e00000, 0x0000000088f00000|  0%| F|  |TAMS 0x0000000088e00000, 0x0000000088e00000| Untracked 
| 123|0x0000000088f00000, 0x0000000088f00000, 0x0000000089000000|  0%| F|  |TAMS 0x0000000088f00000, 0x0000000088f00000| Untracked 
| 124|0x0000000089000000, 0x0000000089000000, 0x0000000089100000|  0%| F|  |TAMS 0x0000000089000000, 0x0000000089000000| Untracked 
| 125|0x0000000089100000, 0x0000000089100000, 0x0000000089200000|  0%| F|  |TAMS 0x0000000089100000, 0x0000000089100000| Untracked 
| 126|0x0000000089200000, 0x0000000089200000, 0x0000000089300000|  0%| F|  |TAMS 0x0000000089200000, 0x0000000089200000| Untracked 
| 127|0x0000000089300000, 0x0000000089300000, 0x0000000089400000|  0%| F|  |TAMS 0x0000000089300000, 0x0000000089300000| Untracked 
| 128|0x0000000089400000, 0x0000000089400000, 0x0000000089500000|  0%| F|  |TAMS 0x0000000089400000, 0x0000000089400000| Untracked 
| 129|0x0000000089500000, 0x0000000089500000, 0x0000000089600000|  0%| F|  |TAMS 0x0000000089500000, 0x0000000089500000| Untracked 
| 130|0x0000000089600000, 0x0000000089600000, 0x0000000089700000|  0%| F|  |TAMS 0x0000000089600000, 0x0000000089600000| Untracked 
| 131|0x0000000089700000, 0x0000000089700000, 0x0000000089800000|  0%| F|  |TAMS 0x0000000089700000, 0x0000000089700000| Untracked 
| 132|0x0000000089800000, 0x0000000089800000, 0x0000000089900000|  0%| F|  |TAMS 0x0000000089800000, 0x0000000089800000| Untracked 
| 133|0x0000000089900000, 0x0000000089900000, 0x0000000089a00000|  0%| F|  |TAMS 0x0000000089900000, 0x0000000089900000| Untracked 
| 134|0x0000000089a00000, 0x0000000089a00000, 0x0000000089b00000|  0%| F|  |TAMS 0x0000000089a00000, 0x0000000089a00000| Untracked 
| 135|0x0000000089b00000, 0x0000000089b00000, 0x0000000089c00000|  0%| F|  |TAMS 0x0000000089b00000, 0x0000000089b00000| Untracked 
| 136|0x0000000089c00000, 0x0000000089c00000, 0x0000000089d00000|  0%| F|  |TAMS 0x0000000089c00000, 0x0000000089c00000| Untracked 
| 137|0x0000000089d00000, 0x0000000089d00000, 0x0000000089e00000|  0%| F|  |TAMS 0x0000000089d00000, 0x0000000089d00000| Untracked 
| 138|0x0000000089e00000, 0x0000000089e00000, 0x0000000089f00000|  0%| F|  |TAMS 0x0000000089e00000, 0x0000000089e00000| Untracked 
| 139|0x0000000089f00000, 0x0000000089f00000, 0x000000008a000000|  0%| F|  |TAMS 0x0000000089f00000, 0x0000000089f00000| Untracked 
| 140|0x000000008a000000, 0x000000008a000000, 0x000000008a100000|  0%| F|  |TAMS 0x000000008a000000, 0x000000008a000000| Untracked 
| 141|0x000000008a100000, 0x000000008a100000, 0x000000008a200000|  0%| F|  |TAMS 0x000000008a100000, 0x000000008a100000| Untracked 
| 142|0x000000008a200000, 0x000000008a200000, 0x000000008a300000|  0%| F|  |TAMS 0x000000008a200000, 0x000000008a200000| Untracked 
| 143|0x000000008a300000, 0x000000008a300000, 0x000000008a400000|  0%| F|  |TAMS 0x000000008a300000, 0x000000008a300000| Untracked 
| 144|0x000000008a400000, 0x000000008a400000, 0x000000008a500000|  0%| F|  |TAMS 0x000000008a400000, 0x000000008a400000| Untracked 
| 145|0x000000008a500000, 0x000000008a500000, 0x000000008a600000|  0%| F|  |TAMS 0x000000008a500000, 0x000000008a500000| Untracked 
| 146|0x000000008a600000, 0x000000008a600000, 0x000000008a700000|  0%| F|  |TAMS 0x000000008a600000, 0x000000008a600000| Untracked 
| 147|0x000000008a700000, 0x000000008a700000, 0x000000008a800000|  0%| F|  |TAMS 0x000000008a700000, 0x000000008a700000| Untracked 
| 148|0x000000008a800000, 0x000000008a800000, 0x000000008a900000|  0%| F|  |TAMS 0x000000008a800000, 0x000000008a800000| Untracked 
| 149|0x000000008a900000, 0x000000008a900000, 0x000000008aa00000|  0%| F|  |TAMS 0x000000008a900000, 0x000000008a900000| Untracked 
| 150|0x000000008aa00000, 0x000000008aa00000, 0x000000008ab00000|  0%| F|  |TAMS 0x000000008aa00000, 0x000000008aa00000| Untracked 
| 151|0x000000008ab00000, 0x000000008ab00000, 0x000000008ac00000|  0%| F|  |TAMS 0x000000008ab00000, 0x000000008ab00000| Untracked 
| 152|0x000000008ac00000, 0x000000008ac00000, 0x000000008ad00000|  0%| F|  |TAMS 0x000000008ac00000, 0x000000008ac00000| Untracked 
| 153|0x000000008ad00000, 0x000000008ad00000, 0x000000008ae00000|  0%| F|  |TAMS 0x000000008ad00000, 0x000000008ad00000| Untracked 
| 154|0x000000008ae00000, 0x000000008ae00000, 0x000000008af00000|  0%| F|  |TAMS 0x000000008ae00000, 0x000000008ae00000| Untracked 
| 155|0x000000008af00000, 0x000000008af00000, 0x000000008b000000|  0%| F|  |TAMS 0x000000008af00000, 0x000000008af00000| Untracked 
| 156|0x000000008b000000, 0x000000008b000000, 0x000000008b100000|  0%| F|  |TAMS 0x000000008b000000, 0x000000008b000000| Untracked 
| 157|0x000000008b100000, 0x000000008b100000, 0x000000008b200000|  0%| F|  |TAMS 0x000000008b100000, 0x000000008b100000| Untracked 
| 158|0x000000008b200000, 0x000000008b200000, 0x000000008b300000|  0%| F|  |TAMS 0x000000008b200000, 0x000000008b200000| Untracked 
| 159|0x000000008b300000, 0x000000008b300000, 0x000000008b400000|  0%| F|  |TAMS 0x000000008b300000, 0x000000008b300000| Untracked 
| 160|0x000000008b400000, 0x000000008b400000, 0x000000008b500000|  0%| F|  |TAMS 0x000000008b400000, 0x000000008b400000| Untracked 
| 161|0x000000008b500000, 0x000000008b500000, 0x000000008b600000|  0%| F|  |TAMS 0x000000008b500000, 0x000000008b500000| Untracked 
| 162|0x000000008b600000, 0x000000008b700000, 0x000000008b700000|100%| E|  |TAMS 0x000000008b600000, 0x000000008b600000| Complete 
| 163|0x000000008b700000, 0x000000008b800000, 0x000000008b800000|100%| E|CS|TAMS 0x000000008b700000, 0x000000008b700000| Complete 
| 164|0x000000008b800000, 0x000000008b900000, 0x000000008b900000|100%| E|CS|TAMS 0x000000008b800000, 0x000000008b800000| Complete 
| 165|0x000000008b900000, 0x000000008ba00000, 0x000000008ba00000|100%| E|CS|TAMS 0x000000008b900000, 0x000000008b900000| Complete 
| 166|0x000000008ba00000, 0x000000008bb00000, 0x000000008bb00000|100%| E|CS|TAMS 0x000000008ba00000, 0x000000008ba00000| Complete 
| 167|0x000000008bb00000, 0x000000008bc00000, 0x000000008bc00000|100%| E|CS|TAMS 0x000000008bb00000, 0x000000008bb00000| Complete 
| 168|0x000000008bc00000, 0x000000008bd00000, 0x000000008bd00000|100%| E|CS|TAMS 0x000000008bc00000, 0x000000008bc00000| Complete 
| 169|0x000000008bd00000, 0x000000008be00000, 0x000000008be00000|100%| E|CS|TAMS 0x000000008bd00000, 0x000000008bd00000| Complete 
| 170|0x000000008be00000, 0x000000008bf00000, 0x000000008bf00000|100%| E|CS|TAMS 0x000000008be00000, 0x000000008be00000| Complete 
| 171|0x000000008bf00000, 0x000000008c000000, 0x000000008c000000|100%| E|CS|TAMS 0x000000008bf00000, 0x000000008bf00000| Complete 
| 172|0x000000008c000000, 0x000000008c100000, 0x000000008c100000|100%| E|CS|TAMS 0x000000008c000000, 0x000000008c000000| Complete 
| 173|0x000000008c100000, 0x000000008c200000, 0x000000008c200000|100%| E|CS|TAMS 0x000000008c100000, 0x000000008c100000| Complete 
| 174|0x000000008c200000, 0x000000008c300000, 0x000000008c300000|100%| E|CS|TAMS 0x000000008c200000, 0x000000008c200000| Complete 
| 175|0x000000008c300000, 0x000000008c400000, 0x000000008c400000|100%| E|CS|TAMS 0x000000008c300000, 0x000000008c300000| Complete 
| 176|0x000000008c400000, 0x000000008c500000, 0x000000008c500000|100%| E|CS|TAMS 0x000000008c400000, 0x000000008c400000| Complete 
| 177|0x000000008c500000, 0x000000008c600000, 0x000000008c600000|100%| E|CS|TAMS 0x000000008c500000, 0x000000008c500000| Complete 
| 178|0x000000008c600000, 0x000000008c700000, 0x000000008c700000|100%| E|CS|TAMS 0x000000008c600000, 0x000000008c600000| Complete 
| 179|0x000000008c700000, 0x000000008c800000, 0x000000008c800000|100%| E|CS|TAMS 0x000000008c700000, 0x000000008c700000| Complete 
| 180|0x000000008c800000, 0x000000008c900000, 0x000000008c900000|100%| E|CS|TAMS 0x000000008c800000, 0x000000008c800000| Complete 
| 181|0x000000008c900000, 0x000000008ca00000, 0x000000008ca00000|100%| E|CS|TAMS 0x000000008c900000, 0x000000008c900000| Complete 
| 182|0x000000008ca00000, 0x000000008cb00000, 0x000000008cb00000|100%| E|CS|TAMS 0x000000008ca00000, 0x000000008ca00000| Complete 
| 183|0x000000008cb00000, 0x000000008cc00000, 0x000000008cc00000|100%| E|CS|TAMS 0x000000008cb00000, 0x000000008cb00000| Complete 
| 184|0x000000008cc00000, 0x000000008cd00000, 0x000000008cd00000|100%| E|CS|TAMS 0x000000008cc00000, 0x000000008cc00000| Complete 

Card table byte_map: [0x000001b5a1540000,0x000001b5a1940000] _byte_map_base: 0x000001b5a1136000

Marking Bits (Prev, Next): (CMBitMap*) 0x000001b589a22060, (CMBitMap*) 0x000001b589a22028
 Prev Bits: [0x000001b5a3cf0000, 0x000001b5a5ca0000)
 Next Bits: [0x000001b5a1d40000, 0x000001b5a3cf0000)

Polling page: 0x000001b5877d0000

Metaspace:

Usage:
  Non-class:     58.25 MB capacity,    57.67 MB (>99%) used,   472.83 KB ( <1%) free+waste,   117.63 KB ( <1%) overhead. 
      Class:      7.52 MB capacity,     7.16 MB ( 95%) used,   318.36 KB (  4%) free+waste,    51.25 KB ( <1%) overhead. 
       Both:     65.77 MB capacity,    64.83 MB ( 99%) used,   791.19 KB (  1%) free+waste,   168.88 KB ( <1%) overhead. 

Virtual space:
  Non-class space:       60.00 MB reserved,      58.25 MB ( 97%) committed 
      Class space:        1.00 GB reserved,       7.63 MB ( <1%) committed 
             Both:        1.06 GB reserved,      65.88 MB (  6%) committed 

Chunk freelists:
   Non-Class:  5.00 KB
       Class:  10.00 KB
        Both:  15.00 KB

MaxMetaspaceSize: 17179869184.00 GB
CompressedClassSpaceSize: 1.00 GB
Initial GC threshold: 20.80 MB
Current GC threshold: 76.46 MB
CDS: off

CodeHeap 'non-profiled nmethods': size=120064Kb used=5781Kb max_used=5781Kb free=114282Kb
 bounds [0x000001b599c00000, 0x000001b59a1b0000, 0x000001b5a1140000]
CodeHeap 'profiled nmethods': size=120000Kb used=30461Kb max_used=30461Kb free=89538Kb
 bounds [0x000001b5926d0000, 0x000001b594490000, 0x000001b599c00000]
CodeHeap 'non-nmethods': size=5696Kb used=1295Kb max_used=1363Kb free=4400Kb
 bounds [0x000001b592140000, 0x000001b5923b0000, 0x000001b5926d0000]
 total_blobs=10619 nmethods=10038 adapters=491
 compilation: enabled
              stopped_count=0, restarted_count=0
 full_count=0

Compilation events (20 events):
Event: 24.702 Thread 0x000001b5a80a9800 nmethod 10113 0x000001b594477810 code [0x000001b5944779e0, 0x000001b594477c18]
Event: 24.703 Thread 0x000001b5a80a9800 10114       3       org.jetbrains.kotlin.resolve.calls.checkers.DslScopeViolationCallChecker::checkCallImplicitReceiver (648 bytes)
Event: 24.714 Thread 0x000001b5a80a9800 nmethod 10114 0x000001b594477d10 code [0x000001b5944786c0, 0x000001b59447e9d8]
Event: 24.718 Thread 0x000001b5a80a9800 10115       3       kotlin.collections.MapsKt__MapsJVMKt::mapOf (26 bytes)
Event: 24.719 Thread 0x000001b5a80a9800 nmethod 10115 0x000001b594480b10 code [0x000001b594480d80, 0x000001b5944815e8]
Event: 24.721 Thread 0x000001b5a80a9800 10116       3       org.jetbrains.kotlin.resolve.calls.resolvedCallUtil.ResolvedCallUtilKt::hasSafeNullableReceiver (74 bytes)
Event: 24.723 Thread 0x000001b5a80a9800 nmethod 10116 0x000001b594481910 code [0x000001b594481bc0, 0x000001b594482518]
Event: 24.728 Thread 0x000001b5a80a9800 10117       3       org.jetbrains.kotlin.resolve.lazy.ResolveSession::getPackageFragmentOrDiagnoseFailure (58 bytes)
Event: 24.729 Thread 0x000001b5a80a9800 nmethod 10117 0x000001b594482990 code [0x000001b594482b80, 0x000001b594482ef8]
Event: 24.732 Thread 0x000001b5a80a9800 10118       3       org.jetbrains.kotlin.load.java.lazy.types.JavaTypeResolver::computeArguments (512 bytes)
Event: 24.739 Thread 0x000001b5a80a9800 nmethod 10118 0x000001b594483090 code [0x000001b594483860, 0x000001b594488008]
Event: 24.739 Thread 0x000001b5a80a9800 10121       3       org.jetbrains.kotlin.descriptors.ScopesHolderForClass$scopeForOwnerModule$2::invoke (5 bytes)
Event: 24.740 Thread 0x000001b5a80a9800 nmethod 10121 0x000001b594489b90 code [0x000001b594489d60, 0x000001b59448a0a8]
Event: 24.740 Thread 0x000001b5a80a9800 10122       3       org.jetbrains.kotlin.descriptors.ScopesHolderForClass$scopeForOwnerModule$2::invoke (23 bytes)
Event: 24.740 Thread 0x000001b5a80a9800 nmethod 10122 0x000001b59448a210 code [0x000001b59448a3e0, 0x000001b59448a6c8]
Event: 24.740 Thread 0x000001b5a80a9800 10119       3       org.jetbrains.kotlin.parsing.AbstractTokenStreamPattern::isTopLevel (23 bytes)
Event: 24.740 Thread 0x000001b5a80a9800 nmethod 10119 0x000001b59448a810 code [0x000001b59448a9c0, 0x000001b59448abd8]
Event: 24.740 Thread 0x000001b5a80a9800 10125 %     3       org.jetbrains.kotlin.load.java.lazy.descriptors.JvmPackageScope::getContributedClassifier @ 61 (142 bytes)
Event: 24.745 Thread 0x000001b5a80a9800 nmethod 10125% 0x000001b59448ac90 code [0x000001b59448b300, 0x000001b59448e608]
Event: 24.745 Thread 0x000001b5a80a9800 10124       3       org.jetbrains.kotlin.serialization.deserialization.MemberDeserializer::loadFunction (716 bytes)

GC Heap History (20 events):
Event: 2.643 GC heap before
{Heap before GC invocations=1 (full 0):
 garbage-first heap   total 131072K, used 51371K [0x0000000081400000, 0x0000000100000000)
  region size 1024K, 48 young (49152K), 2 survivors (2048K)
 Metaspace       used 20943K, capacity 21203K, committed 21248K, reserved 1069056K
  class space    used 2198K, capacity 2283K, committed 2304K, reserved 1048576K
}
Event: 2.664 GC heap after
{Heap after GC invocations=2 (full 0):
 garbage-first heap   total 131072K, used 9339K [0x0000000081400000, 0x0000000100000000)
  region size 1024K, 6 young (6144K), 6 survivors (6144K)
 Metaspace       used 20943K, capacity 21203K, committed 21248K, reserved 1069056K
  class space    used 2198K, capacity 2283K, committed 2304K, reserved 1048576K
}
Event: 4.850 GC heap before
{Heap before GC invocations=3 (full 0):
 garbage-first heap   total 131072K, used 75899K [0x0000000081400000, 0x0000000100000000)
  region size 1024K, 52 young (53248K), 6 survivors (6144K)
 Metaspace       used 31019K, capacity 31562K, committed 31872K, reserved 1077248K
  class space    used 3652K, capacity 3881K, committed 3968K, reserved 1048576K
}
Event: 4.872 GC heap after
{Heap after GC invocations=4 (full 0):
 garbage-first heap   total 131072K, used 22873K [0x0000000081400000, 0x0000000100000000)
  region size 1024K, 6 young (6144K), 6 survivors (6144K)
 Metaspace       used 31019K, capacity 31562K, committed 31872K, reserved 1077248K
  class space    used 3652K, capacity 3881K, committed 3968K, reserved 1048576K
}
Event: 6.213 GC heap before
{Heap before GC invocations=4 (full 0):
 garbage-first heap   total 131072K, used 71001K [0x0000000081400000, 0x0000000100000000)
  region size 1024K, 53 young (54272K), 6 survivors (6144K)
 Metaspace       used 33909K, capacity 34438K, committed 34688K, reserved 1079296K
  class space    used 4153K, capacity 4367K, committed 4480K, reserved 1048576K
}
Event: 6.243 GC heap after
{Heap after GC invocations=5 (full 0):
 garbage-first heap   total 131072K, used 26854K [0x0000000081400000, 0x0000000100000000)
  region size 1024K, 7 young (7168K), 7 survivors (7168K)
 Metaspace       used 33909K, capacity 34438K, committed 34688K, reserved 1079296K
  class space    used 4153K, capacity 4367K, committed 4480K, reserved 1048576K
}
Event: 6.344 GC heap before
{Heap before GC invocations=5 (full 0):
 garbage-first heap   total 131072K, used 29926K [0x0000000081400000, 0x0000000100000000)
  region size 1024K, 10 young (10240K), 7 survivors (7168K)
 Metaspace       used 34798K, capacity 35302K, committed 35456K, reserved 1081344K
  class space    used 4254K, capacity 4463K, committed 4480K, reserved 1048576K
}
Event: 6.360 GC heap after
{Heap after GC invocations=6 (full 0):
 garbage-first heap   total 131072K, used 28459K [0x0000000081400000, 0x0000000100000000)
  region size 1024K, 1 young (1024K), 1 survivors (1024K)
 Metaspace       used 34798K, capacity 35302K, committed 35456K, reserved 1081344K
  class space    used 4254K, capacity 4463K, committed 4480K, reserved 1048576K
}
Event: 6.400 GC heap before
{Heap before GC invocations=6 (full 0):
 garbage-first heap   total 131072K, used 29483K [0x0000000081400000, 0x0000000100000000)
  region size 1024K, 3 young (3072K), 1 survivors (1024K)
 Metaspace       used 35181K, capacity 35654K, committed 35840K, reserved 1081344K
  class space    used 4296K, capacity 4495K, committed 4608K, reserved 1048576K
}
Event: 6.403 GC heap after
{Heap after GC invocations=7 (full 0):
 garbage-first heap   total 157696K, used 27877K [0x0000000081400000, 0x0000000100000000)
  region size 1024K, 1 young (1024K), 1 survivors (1024K)
 Metaspace       used 35181K, capacity 35654K, committed 35840K, reserved 1081344K
  class space    used 4296K, capacity 4495K, committed 4608K, reserved 1048576K
}
Event: 8.813 GC heap before
{Heap before GC invocations=8 (full 0):
 garbage-first heap   total 157696K, used 93413K [0x0000000081400000, 0x0000000100000000)
  region size 1024K, 54 young (55296K), 1 survivors (1024K)
 Metaspace       used 45780K, capacity 46380K, committed 46592K, reserved 1089536K
  class space    used 5348K, capacity 5605K, committed 5632K, reserved 1048576K
}
Event: 8.830 GC heap after
{Heap after GC invocations=9 (full 0):
 garbage-first heap   total 157696K, used 34707K [0x0000000081400000, 0x0000000100000000)
  region size 1024K, 7 young (7168K), 7 survivors (7168K)
 Metaspace       used 45780K, capacity 46380K, committed 46592K, reserved 1089536K
  class space    used 5348K, capacity 5605K, committed 5632K, reserved 1048576K
}
Event: 11.108 GC heap before
{Heap before GC invocations=10 (full 0):
 garbage-first heap   total 157696K, used 99219K [0x0000000081400000, 0x0000000100000000)
  region size 1024K, 65 young (66560K), 7 survivors (7168K)
 Metaspace       used 54092K, capacity 54792K, committed 55040K, reserved 1097728K
  class space    used 6313K, capacity 6615K, committed 6656K, reserved 1048576K
}
Event: 11.125 GC heap after
{Heap after GC invocations=11 (full 0):
 garbage-first heap   total 157696K, used 44445K [0x0000000081400000, 0x0000000100000000)
  region size 1024K, 5 young (5120K), 5 survivors (5120K)
 Metaspace       used 54092K, capacity 54792K, committed 55040K, reserved 1097728K
  class space    used 6313K, capacity 6615K, committed 6656K, reserved 1048576K
}
Event: 14.166 GC heap before
{Heap before GC invocations=11 (full 0):
 garbage-first heap   total 157696K, used 102813K [0x0000000081400000, 0x0000000100000000)
  region size 1024K, 62 young (63488K), 5 survivors (5120K)
 Metaspace       used 57261K, capacity 58067K, committed 58368K, reserved 1101824K
  class space    used 6518K, capacity 6846K, committed 6912K, reserved 1048576K
}
Event: 14.188 GC heap after
{Heap after GC invocations=12 (full 0):
 garbage-first heap   total 157696K, used 52092K [0x0000000081400000, 0x0000000100000000)
  region size 1024K, 8 young (8192K), 8 survivors (8192K)
 Metaspace       used 57261K, capacity 58067K, committed 58368K, reserved 1101824K
  class space    used 6518K, capacity 6846K, committed 6912K, reserved 1048576K
}
Event: 18.624 GC heap before
{Heap before GC invocations=12 (full 0):
 garbage-first heap   total 157696K, used 109436K [0x0000000081400000, 0x0000000100000000)
  region size 1024K, 63 young (64512K), 8 survivors (8192K)
 Metaspace       used 61632K, capacity 62450K, committed 62464K, reserved 1103872K
  class space    used 6841K, capacity 7167K, committed 7168K, reserved 1048576K
}
Event: 18.653 GC heap after
{Heap after GC invocations=13 (full 0):
 garbage-first heap   total 157696K, used 58194K [0x0000000081400000, 0x0000000100000000)
  region size 1024K, 7 young (7168K), 7 survivors (7168K)
 Metaspace       used 61632K, capacity 62450K, committed 62464K, reserved 1103872K
  class space    used 6841K, capacity 7167K, committed 7168K, reserved 1048576K
}
Event: 23.256 GC heap before
{Heap before GC invocations=13 (full 0):
 garbage-first heap   total 157696K, used 112466K [0x0000000081400000, 0x0000000100000000)
  region size 1024K, 60 young (61440K), 7 survivors (7168K)
 Metaspace       used 63361K, capacity 64231K, committed 64384K, reserved 1105920K
  class space    used 6917K, capacity 7239K, committed 7296K, reserved 1048576K
}
Event: 23.290 GC heap after
{Heap after GC invocations=14 (full 0):
 garbage-first heap   total 189440K, used 65518K [0x0000000081400000, 0x0000000100000000)
  region size 1024K, 7 young (7168K), 7 survivors (7168K)
 Metaspace       used 63361K, capacity 64231K, committed 64384K, reserved 1105920K
  class space    used 6917K, capacity 7239K, committed 7296K, reserved 1048576K
}

Deoptimization events (20 events):
Event: 24.122 Thread 0x000001b5899e3800 Uncommon trap: trap_request=0xffffffde fr.pc=0x000001b59a09e668 relative=0x0000000000006308
Event: 24.122 Thread 0x000001b5899e3800 Uncommon trap: reason=class_check action=maybe_recompile pc=0x000001b59a09e668 method=org.jetbrains.kotlin.cli.jvm.index.JvmDependenciesIndexImpl.search(Lorg/jetbrains/kotlin/cli/jvm/index/JvmDependenciesIndexImpl$SearchRequest;Lkotlin/jvm/functions/Funct
Event: 24.122 Thread 0x000001b5899e3800 DEOPT PACKING pc=0x000001b59a09e668 sp=0x000000099bcf5bd0
Event: 24.122 Thread 0x000001b5899e3800 DEOPT UNPACKING pc=0x000001b59218a1af sp=0x000000099bcf5c50 mode 2
Event: 24.129 Thread 0x000001b5899e3800 Uncommon trap: trap_request=0xffffff4d fr.pc=0x000001b599c63aa0 relative=0x0000000000000080
Event: 24.129 Thread 0x000001b5899e3800 Uncommon trap: reason=unstable_if action=reinterpret pc=0x000001b599c63aa0 method=java.lang.CharacterDataLatin1.isWhitespace(I)Z @ 14 c2
Event: 24.129 Thread 0x000001b5899e3800 DEOPT PACKING pc=0x000001b599c63aa0 sp=0x000000099bcf5120
Event: 24.129 Thread 0x000001b5899e3800 DEOPT UNPACKING pc=0x000001b59218a1af sp=0x000000099bcf5090 mode 2
Event: 24.169 Thread 0x000001b5899e3800 Uncommon trap: trap_request=0xffffff4d fr.pc=0x000001b59a12b150 relative=0x0000000000002170
Event: 24.169 Thread 0x000001b5899e3800 Uncommon trap: reason=unstable_if action=reinterpret pc=0x000001b59a12b150 method=org.jetbrains.kotlin.resolve.calls.inference.components.NewTypeSubstitutor$DefaultImpls.substitute(Lorg/jetbrains/kotlin/resolve/calls/inference/components/NewTypeSubstituto
Event: 24.169 Thread 0x000001b5899e3800 DEOPT PACKING pc=0x000001b59a12b150 sp=0x000000099bcf5ca0
Event: 24.169 Thread 0x000001b5899e3800 DEOPT UNPACKING pc=0x000001b59218a1af sp=0x000000099bcf5bc0 mode 2
Event: 24.212 Thread 0x000001b5899e3800 Uncommon trap: trap_request=0xffffffde fr.pc=0x000001b59a19693c relative=0x000000000000023c
Event: 24.212 Thread 0x000001b5899e3800 Uncommon trap: reason=class_check action=maybe_recompile pc=0x000001b59a19693c method=java.util.stream.ReferencePipeline$3$1.accept(Ljava/lang/Object;)V @ 12 c2
Event: 24.212 Thread 0x000001b5899e3800 DEOPT PACKING pc=0x000001b59a19693c sp=0x000000099bcfaf90
Event: 24.213 Thread 0x000001b5899e3800 DEOPT UNPACKING pc=0x000001b59218a1af sp=0x000000099bcfaf50 mode 2
Event: 24.213 Thread 0x000001b5899e3800 Uncommon trap: trap_request=0xffffffde fr.pc=0x000001b59a19693c relative=0x000000000000023c
Event: 24.213 Thread 0x000001b5899e3800 Uncommon trap: reason=class_check action=maybe_recompile pc=0x000001b59a19693c method=java.util.stream.ReferencePipeline$3$1.accept(Ljava/lang/Object;)V @ 12 c2
Event: 24.213 Thread 0x000001b5899e3800 DEOPT PACKING pc=0x000001b59a19693c sp=0x000000099bcfaf20
Event: 24.213 Thread 0x000001b5899e3800 DEOPT UNPACKING pc=0x000001b59218a1af sp=0x000000099bcfaee0 mode 2

Classes redefined (0 events):
No events

Internal exceptions (20 events):
Event: 11.559 Thread 0x000001b5899e3800 Exception <a 'java/lang/NoSuchMethodError'{0x000000008a2dc570}: 'java.lang.Object java.lang.invoke.Invokers$Holder.linkToTargetMethod(java.lang.Object, java.lang.Object, java.lang.Object, java.lang.Object, java.lang.Object, java.lang.Object, java.lang.Object, java.lang.Object)'> (0x000000008a2dc570) thrown at [./src/hotspot/share/interpreter/linkResolver.cpp, line 773]
Event: 11.960 Thread 0x000001b5899e3800 Implicit null exception at 0x000001b599e60fd5 to 0x000001b599e6172c
Event: 11.960 Thread 0x000001b5899e3800 Implicit null exception at 0x000001b599e5152f to 0x000001b599e5155c
Event: 12.060 Thread 0x000001b5899e3800 Exception <a 'java/lang/NoSuchMethodError'{0x0000000089b00ac8}: 'java.lang.Object java.lang.invoke.DirectMethodHandle$Holder.invokeStaticInit(java.lang.Object, java.lang.Object, java.lang.Object)'> (0x0000000089b00ac8) thrown at [./src/hotspot/share/interpreter/linkResolver.cpp, line 773]
Event: 12.072 Thread 0x000001b5899e3800 Exception <a 'java/lang/NoSuchMethodError'{0x0000000089b35848}: 'java.lang.Object java.lang.invoke.DirectMethodHandle$Holder.invokeStatic(java.lang.Object, int, java.lang.Object, java.lang.Object)'> (0x0000000089b35848) thrown at [./src/hotspot/share/interpreter/linkResolver.cpp, line 773]
Event: 12.073 Thread 0x000001b5899e3800 Exception <a 'java/lang/NoSuchMethodError'{0x0000000089b3d660}: 'java.lang.Object java.lang.invoke.DirectMethodHandle$Holder.invokeStatic(java.lang.Object, int, java.lang.Object)'> (0x0000000089b3d660) thrown at [./src/hotspot/share/interpreter/linkResolver.cpp, line 773]
Event: 12.075 Thread 0x000001b5899e3800 Exception <a 'java/lang/NoSuchMethodError'{0x0000000089b43c40}: 'int java.lang.invoke.DirectMethodHandle$Holder.invokeInterface(java.lang.Object, java.lang.Object)'> (0x0000000089b43c40) thrown at [./src/hotspot/share/interpreter/linkResolver.cpp, line 773]
Event: 14.009 Thread 0x000001b5899e3800 Exception <a 'java/lang/NoSuchMethodError'{0x0000000087740388}: 'java.lang.Object java.lang.invoke.Invokers$Holder.linkToTargetMethod(java.lang.Object, java.lang.Object, java.lang.Object, java.lang.Object, java.lang.Object, java.lang.Object)'> (0x0000000087740388) thrown at [./src/hotspot/share/interpreter/linkResolver.cpp, line 773]
Event: 14.116 Thread 0x000001b5899e3800 Implicit null exception at 0x000001b599c5d25e to 0x000001b599c5d9ca
Event: 14.116 Thread 0x000001b5899e3800 Implicit null exception at 0x000001b599cb08af to 0x000001b599cb091d
Event: 14.205 Thread 0x000001b5899e3800 Implicit null exception at 0x000001b599ed423b to 0x000001b599ed7aec
Event: 15.916 Thread 0x000001b5899e3800 Exception <a 'java/lang/NoSuchMethodError'{0x0000000089a0f8f8}: 'java.lang.Object java.lang.invoke.Invokers$Holder.linkToTargetMethod(java.lang.Object, java.lang.Object, java.lang.Object, java.lang.Object, java.lang.Object, java.lang.Object, java.lang.Object)'> (0x0000000089a0f8f8) thrown at [./src/hotspot/share/interpreter/linkResolver.cpp, line 773]
Event: 16.118 Thread 0x000001b5899e3800 Exception <a 'java/lang/NoSuchMethodError'{0x0000000089954a98}: 'java.lang.Object java.lang.invoke.DirectMethodHandle$Holder.invokeInterface(java.lang.Object, java.lang.Object, java.lang.Object)'> (0x0000000089954a98) thrown at [./src/hotspot/share/interpreter/linkResolver.cpp, line 773]
Event: 16.119 Thread 0x000001b5899e3800 Exception <a 'java/lang/IncompatibleClassChangeError'{0x0000000089957f70}: Found class java.lang.Object, but interface was expected> (0x0000000089957f70) thrown at [./src/hotspot/share/interpreter/linkResolver.cpp, line 839]
Event: 16.916 Thread 0x000001b5899e3800 Implicit null exception at 0x000001b599f80274 to 0x000001b599f8087c
Event: 17.992 Thread 0x000001b5899e3800 Exception <a 'java/lang/NoSuchMethodError'{0x00000000883b9808}: 'java.lang.Object java.lang.invoke.Invokers$Holder.linkToTargetMethod(java.lang.Object, java.lang.Object, java.lang.Object, int, int, java.lang.Object)'> (0x00000000883b9808) thrown at [./src/hotspot/share/interpreter/linkResolver.cpp, line 773]
Event: 18.131 Thread 0x000001b5899e3800 Exception <a 'java/lang/NoSuchMethodError'{0x0000000088036700}: 'int java.lang.invoke.DirectMethodHandle$Holder.invokeStaticInit(java.lang.Object, int)'> (0x0000000088036700) thrown at [./src/hotspot/share/interpreter/linkResolver.cpp, line 773]
Event: 23.632 Thread 0x000001b5899e3800 Implicit null exception at 0x000001b599da6681 to 0x000001b599da6910
Event: 23.813 Thread 0x000001b5899e3800 Exception <a 'java/lang/NoSuchMethodError'{0x000000008c4388d8}: 'int java.lang.invoke.DirectMethodHandle$Holder.invokeVirtual(java.lang.Object, java.lang.Object, java.lang.Object)'> (0x000000008c4388d8) thrown at [./src/hotspot/share/interpreter/linkResolver.cpp, line 773]
Event: 23.996 Thread 0x000001b5899e3800 Exception <a 'java/lang/NoSuchMethodError'{0x000000008c265fe0}: 'void java.lang.invoke.DirectMethodHandle$Holder.invokeInterface(java.lang.Object, java.lang.Object)'> (0x000000008c265fe0) thrown at [./src/hotspot/share/interpreter/linkResolver.cpp, line 773]

Events (20 events):
Event: 24.212 loading class java/util/stream/ReduceOps$3ReducingSink
Event: 24.212 loading class java/util/stream/ReduceOps$AccumulatingSink
Event: 24.212 loading class java/util/stream/ReduceOps$AccumulatingSink done
Event: 24.212 loading class java/util/stream/ReduceOps$Box
Event: 24.212 loading class java/util/stream/ReduceOps$Box done
Event: 24.212 loading class java/util/stream/ReduceOps$3ReducingSink done
Event: 24.213 loading class kotlin/jvm/functions/Function1
Event: 24.213 loading class kotlin/jvm/functions/Function1 done
Event: 24.231 loading class org/jetbrains/kotlin/resolve/constants/evaluate/ConstantExpressionEvaluatorVisitor$evaluateUnaryAndCheck$1
Event: 24.231 loading class org/jetbrains/kotlin/resolve/constants/evaluate/ConstantExpressionEvaluatorVisitor$evaluateUnaryAndCheck$1 done
Event: 24.368 loading class org/jetbrains/kotlin/descriptors/annotations/BuiltInAnnotationDescriptor
Event: 24.368 loading class org/jetbrains/kotlin/descriptors/annotations/BuiltInAnnotationDescriptor done
Event: 24.369 loading class org/jetbrains/kotlin/descriptors/annotations/BuiltInAnnotationDescriptor$type$2
Event: 24.369 loading class org/jetbrains/kotlin/descriptors/annotations/BuiltInAnnotationDescriptor$type$2 done
Event: 24.375 loading class org/jetbrains/kotlin/resolve/calls/DslMarkerUtils$FunctionTypeAnnotationsKey
Event: 24.375 loading class org/jetbrains/kotlin/resolve/calls/DslMarkerUtils$FunctionTypeAnnotationsKey done
Event: 24.476 Executing VM operation: ICBufferFull
Event: 24.477 Executing VM operation: ICBufferFull done
Event: 24.736 loading class org/jetbrains/kotlin/resolve/calls/tower/HidesMembersTowerLevel$getFunctions$1
Event: 24.736 loading class org/jetbrains/kotlin/resolve/calls/tower/HidesMembersTowerLevel$getFunctions$1 done


Dynamic libraries:
0x00007ff70e300000 - 0x00007ff70e30d000 	C:\Program Files\OpenJDK\openjdk-11.0.15_10\bin\java.exe
0x00007ff9caeb0000 - 0x00007ff9cb0a7000 	C:\WINDOWS\SYSTEM32\ntdll.dll
0x00007ff9cac10000 - 0x00007ff9caccd000 	C:\WINDOWS\System32\KERNEL32.DLL
0x00007ff9c8810000 - 0x00007ff9c8add000 	C:\WINDOWS\System32\KERNELBASE.dll
0x00007ff9c8c80000 - 0x00007ff9c8d80000 	C:\WINDOWS\System32\ucrtbase.dll
0x00007ff9a56f0000 - 0x00007ff9a5706000 	C:\Program Files\OpenJDK\openjdk-11.0.15_10\bin\VCRUNTIME140.dll
0x00007ff9a5610000 - 0x00007ff9a5628000 	C:\Program Files\OpenJDK\openjdk-11.0.15_10\bin\jli.dll
0x00007ff9c9d10000 - 0x00007ff9c9eb0000 	C:\WINDOWS\System32\USER32.dll
0x00007ff9c8680000 - 0x00007ff9c86a2000 	C:\WINDOWS\System32\win32u.dll
0x00007ff9ca2c0000 - 0x00007ff9ca2ea000 	C:\WINDOWS\System32\GDI32.dll
0x00007ff9c8ae0000 - 0x00007ff9c8beb000 	C:\WINDOWS\System32\gdi32full.dll
0x00007ff9b8a90000 - 0x00007ff9b8d2a000 	C:\WINDOWS\WinSxS\amd64_microsoft.windows.common-controls_6595b64144ccf1df_6.0.19041.1110_none_60b5254171f9507e\COMCTL32.dll
0x00007ff9c8720000 - 0x00007ff9c87bd000 	C:\WINDOWS\System32\msvcp_win.dll
0x00007ff9ca2f0000 - 0x00007ff9ca38e000 	C:\WINDOWS\System32\msvcrt.dll
0x00007ff9c8f10000 - 0x00007ff9c8f40000 	C:\WINDOWS\System32\IMM32.DLL
0x00007ff989b40000 - 0x00007ff989bea000 	C:\Program Files\OpenJDK\openjdk-11.0.15_10\bin\msvcp140.dll
0x00007ff978240000 - 0x00007ff978d91000 	C:\Program Files\OpenJDK\openjdk-11.0.15_10\bin\server\jvm.dll
0x00007ff9c9560000 - 0x00007ff9c960e000 	C:\WINDOWS\System32\ADVAPI32.dll
0x00007ff9ca080000 - 0x00007ff9ca11c000 	C:\WINDOWS\System32\sechost.dll
0x00007ff9c9b30000 - 0x00007ff9c9c55000 	C:\WINDOWS\System32\RPCRT4.dll
0x00007ff9c9f10000 - 0x00007ff9c9f18000 	C:\WINDOWS\System32\PSAPI.DLL
0x00007ff9c02a0000 - 0x00007ff9c02a9000 	C:\WINDOWS\SYSTEM32\WSOCK32.dll
0x00007ff9cacd0000 - 0x00007ff9cad3b000 	C:\WINDOWS\System32\WS2_32.dll
0x00007ff9bb4b0000 - 0x00007ff9bb4d7000 	C:\WINDOWS\SYSTEM32\WINMM.dll
0x00007ff9bf190000 - 0x00007ff9bf19a000 	C:\WINDOWS\SYSTEM32\VERSION.dll
0x00007ff9c6eb0000 - 0x00007ff9c6ec2000 	C:\WINDOWS\SYSTEM32\kernel.appcore.dll
0x00007ff9a51a0000 - 0x00007ff9a51b1000 	C:\Program Files\OpenJDK\openjdk-11.0.15_10\bin\verify.dll
0x00007ff9c6b70000 - 0x00007ff9c6d54000 	C:\WINDOWS\SYSTEM32\DBGHELP.DLL
0x00007ff9c25c0000 - 0x00007ff9c25ec000 	C:\WINDOWS\SYSTEM32\dbgcore.DLL
0x00007ff9c8bf0000 - 0x00007ff9c8c72000 	C:\WINDOWS\System32\bcryptPrimitives.dll
0x00007ff9a5170000 - 0x00007ff9a5199000 	C:\Program Files\OpenJDK\openjdk-11.0.15_10\bin\java.dll
0x00007ff9a9a10000 - 0x00007ff9a9a1a000 	C:\Program Files\OpenJDK\openjdk-11.0.15_10\bin\jimage.dll
0x00007ff9a3bf0000 - 0x00007ff9a3c08000 	C:\Program Files\OpenJDK\openjdk-11.0.15_10\bin\zip.dll
0x00007ff9ca440000 - 0x00007ff9cab84000 	C:\WINDOWS\System32\SHELL32.dll
0x00007ff9c63d0000 - 0x00007ff9c6b64000 	C:\WINDOWS\SYSTEM32\windows.storage.dll
0x00007ff9c9690000 - 0x00007ff9c99e4000 	C:\WINDOWS\System32\combase.dll
0x00007ff9c8030000 - 0x00007ff9c805c000 	C:\WINDOWS\SYSTEM32\Wldp.dll
0x00007ff9ca390000 - 0x00007ff9ca43d000 	C:\WINDOWS\System32\SHCORE.dll
0x00007ff9c9eb0000 - 0x00007ff9c9f05000 	C:\WINDOWS\System32\shlwapi.dll
0x00007ff9c8510000 - 0x00007ff9c852f000 	C:\WINDOWS\SYSTEM32\profapi.dll
0x00007ff9a3bd0000 - 0x00007ff9a3be9000 	C:\Program Files\OpenJDK\openjdk-11.0.15_10\bin\net.dll
0x00007ff9c00d0000 - 0x00007ff9c01da000 	C:\WINDOWS\SYSTEM32\WINHTTP.dll
0x00007ff9c7d90000 - 0x00007ff9c7dfa000 	C:\WINDOWS\system32\mswsock.dll
0x00007ff9a31a0000 - 0x00007ff9a31b3000 	C:\Program Files\OpenJDK\openjdk-11.0.15_10\bin\nio.dll

dbghelp: loaded successfully - version: 4.0.5 - missing functions: none
symbol engine: initialized successfully - sym options: 0x614 - pdb path: .;C:\Program Files\OpenJDK\openjdk-11.0.15_10\bin;C:\WINDOWS\SYSTEM32;C:\WINDOWS\WinSxS\amd64_microsoft.windows.common-controls_6595b64144ccf1df_6.0.19041.1110_none_60b5254171f9507e;C:\Program Files\OpenJDK\openjdk-11.0.15_10\bin\server

VM Arguments:
java_command: org.jetbrains.kotlin.cli.jvm.K2JVMCompiler @C:\Users\Tom\Documents\Programmation\React Native\projectRNcli\node_modules\react-native-gradle-plugin\build\20220703_1194568444194829623.compiler.options
java_class_path (initial): C:\Users\Tom\.gradle\caches\modules-2\files-2.1\org.jetbrains.kotlin\kotlin-compiler-embeddable\1.6.10\88f2073f4020cdb83132cfe940ceb9a60aba54ea\kotlin-compiler-embeddable-1.6.10.jar;C:\Users\Tom\.gradle\caches\modules-2\files-2.1\org.jetbrains.kotlin\kotlin-reflect\1.6.10\1cbe9c92c12a94eea200d23c2bbaedaf3daf5132\kotlin-reflect-1.6.10.jar;C:\Users\Tom\.gradle\caches\modules-2\files-2.1\org.jetbrains.kotlin\kotlin-stdlib\1.6.10\b8af3fe6f1ca88526914929add63cf5e7c5049af\kotlin-stdlib-1.6.10.jar;C:\Users\Tom\.gradle\caches\modules-2\files-2.1\org.jetbrains.kotlin\kotlin-script-runtime\1.6.10\d0a7ff2e2500ef497ed0214ae40ad3c8387a6164\kotlin-script-runtime-1.6.10.jar;C:\Users\Tom\.gradle\caches\modules-2\files-2.1\org.jetbrains.kotlin\kotlin-daemon-embeddable\1.6.10\a56d79bcbea411fa6058e4ecffc2de73e742bd2a\kotlin-daemon-embeddable-1.6.10.jar;C:\Users\Tom\.gradle\caches\modules-2\files-2.1\org.jetbrains.intellij.deps\trove4j\1.0.20181211\216c2e14b070f334479d800987affe4054cd563f\trove4j-1.0.20181211.jar;C:\Users\Tom\.gradle\caches\modules-2\files-2.1\net.java.dev.jna\jna\5.6.0\330f2244e9030119ab3030fc3fededc86713d9cc\jna-5.6.0.jar;C:\Users\Tom\.gradle\caches\modules-2\files-2.1\org.jetbrains\annotations\13.0\919f0dfe192fb4e063e7dacadee7f8bb9a2672a9\annotations-13.0.jar;C:\Users\Tom\.gradle\caches\modules-2\files-2.1\org.jetbrains.kotlin\kotlin-stdlib-common\1.6.10\c118700e3a33c8a0d9adc920e9dec0831171925\kotlin-stdlib-common-1.6.10.jar
Launcher Type: SUN_STANDARD

[Global flags]
     intx CICompilerCount                          = 3                                         {product} {ergonomic}
     uint ConcGCThreads                            = 1                                         {product} {ergonomic}
     uint G1ConcRefinementThreads                  = 4                                         {product} {ergonomic}
   size_t G1HeapRegionSize                         = 1048576                                   {product} {ergonomic}
    uintx GCDrainStackTargetSize                   = 64                                        {product} {ergonomic}
   size_t InitialHeapSize                          = 134217728                                 {product} {ergonomic}
   size_t MarkStackSize                            = 4194304                                   {product} {ergonomic}
   size_t MaxHeapSize                              = 2126512128                                {product} {ergonomic}
   size_t MaxNewSize                               = 1275068416                                {product} {ergonomic}
   size_t MinHeapDeltaBytes                        = 1048576                                   {product} {ergonomic}
    uintx NonNMethodCodeHeapSize                   = 5830732                                {pd product} {ergonomic}
    uintx NonProfiledCodeHeapSize                  = 122913754                              {pd product} {ergonomic}
    uintx ProfiledCodeHeapSize                     = 122913754                              {pd product} {ergonomic}
    uintx ReservedCodeCacheSize                    = 251658240                              {pd product} {ergonomic}
     bool SegmentedCodeCache                       = true                                      {product} {ergonomic}
     bool UseCompressedClassPointers               = true                                 {lp64_product} {ergonomic}
     bool UseCompressedOops                        = true                                 {lp64_product} {ergonomic}
     bool UseG1GC                                  = true                                      {product} {ergonomic}
     bool UseLargePagesIndividualAllocation        = false                                  {pd product} {ergonomic}

Logging:
Log output configuration:
 #0: stdout all=warning uptime,level,tags
 #1: stderr all=off uptime,level,tags

Environment Variables:
JAVA_HOME=C:\Program Files\OpenJDK\openjdk-11.0.15_10
CLASSPATH=C:\Users\Tom\Documents\Programmation\React Native\projectRNcli\android\\gradle\wrapper\gradle-wrapper.jar
PATH=C:\Users\Tom\Documents\Programmation\React Native\projectRNcli\android\node_modules\.bin;C:\Users\Tom\Documents\Programmation\React Native\projectRNcli\node_modules\.bin;C:\Users\Tom\Documents\Programmation\React Native\node_modules\.bin;C:\Users\Tom\Documents\Programmation\node_modules\.bin;C:\Users\Tom\Documents\node_modules\.bin;C:\Users\Tom\node_modules\.bin;C:\Users\node_modules\.bin;C:\node_modules\.bin;C:\Program Files\nodejs;C:\Users\Tom\Documents\Programmation\React Native\projectRNcli\node_modules\.bin;C:\Users\Tom\Documents\Programmation\React Native\node_modules\.bin;C:\Users\Tom\Documents\Programmation\node_modules\.bin;C:\Users\Tom\Documents\node_modules\.bin;C:\Users\Tom\node_modules\.bin;C:\Users\node_modules\.bin;C:\node_modules\.bin;C:\Program Files\nodejs\node_modules\npm\node_modules\@npmcli\run-script\lib\node-gyp-bin;C:\Python310\Scripts\;C:\Python310\;C:\Program Files\Common Files\Oracle\Java\javapath;C:\Program Files (x86)\Intel\Intel(R) Management Engine Components\iCLS\;C:\Program Files\Intel\Intel(R) Management Engine Components\iCLS\;C:\windows\system32;C:\windows;C:\windows\System32\Wbem;C:\windows\System32\WindowsPowerShell\v1.0\;C:\Program Files (x86)\Intel\Intel(R) Management Engine Components\DAL;C:\Program Files\Intel\Intel(R) Management Engine Components\DAL;C:\Program Files (x86)\Intel\Intel(R) Management Engine Components\IPT;C:\Program Files\Intel\Intel(R) Management Engine Components\IPT;C:\Program Files (x86)\NVIDIA Corporation\PhysX\Common;C:\WINDOWS\system32;C:\WINDOWS;C:\WINDOWS\System32\Wbem;C:\WINDOWS\System32\WindowsPowerShell\v1.0\;C:\WINDOWS\System32\OpenSSH\;C:\Program Files\Microchip\xc8\v2.36\bin;C:\ProgramData\chocolatey\bin;C:\Program Files\OpenJDK\openjdk-11.0.15_10\bin;C:\Program Files\nodejs\;C:\Users\Tom\AppData\Local\Microsoft\WindowsApps;C:\Users\Tom\AppData\Local\Programs\Microsoft VS Code\bin;C:\Users\Tom\AppData\Local\Android\Sdk\platform-tools;C:\Users\Tom\AppData\Roaming\npm;C:\Users\Tom\Documents\Pro
USERNAME=Tom
LANG=en_GB.UTF-8
OS=Windows_NT
PROCESSOR_IDENTIFIER=Intel64 Family 6 Model 142 Stepping 10, GenuineIntel



---------------  S Y S T E M  ---------------

OS: Windows 10 , 64 bit Build 19041 (10.0.19041.1741)
OS uptime: 0 days 4:01 hours

CPU:total 4 (initial active 4) (2 cores per cpu, 2 threads per core) family 6 model 142 stepping 10 microcode 0xb4, cmov, cx8, fxsr, mmx, sse, sse2, sse3, ssse3, sse4.1, sse4.2, popcnt, avx, avx2, aes, clmul, erms, 3dnowpref, lzcnt, ht, tsc, tscinvbit, bmi1, bmi2, adx, fma

Memory: 4k page, system-wide physical 8107M (413M free)
TotalPageFile size 8107M (AvailPageFile size 4M)
current process WorkingSet (physical memory assigned to process): 374M, peak: 374M
current process commit charge ("private bytes"): 424M, peak: 428M

vm_info: OpenJDK 64-Bit Server VM (11.0.15+10) for windows-amd64 JRE (11.0.15+10), built on Apr 21 2022 21:29:46 by "tester" with MS VC++ 15.5 (VS2017)

END.
