#
# There is insufficient memory for the Java Runtime Environment to continue.
# Native memory allocation (malloc) failed to allocate 1994416 bytes for Chunk::new
# Possible reasons:
#   The system is out of physical RAM or swap space
#   The process is running with CompressedOops enabled, and the Java Heap may be blocking the growth of the native heap
# Possible solutions:
#   Reduce memory load on the system
#   Increase physical memory or swap space
#   Check if swap backing store is full
#   Decrease Java heap size (-Xmx/-Xms)
#   Decrease number of Java threads
#   Decrease Java thread stack sizes (-Xss)
#   Set larger code cache with -XX:ReservedCodeCacheSize=
#   JVM is running with Unscaled Compressed Oops mode in which the Java heap is
#     placed in the first 4GB address space. The Java Heap base address is the
#     maximum limit for the native heap growth. Please use -XX:HeapBaseMinAddress
#     to set the Java Heap base and to place the Java Heap above 4GB virtual address.
# This output file may be truncated or incomplete.
#
#  Out of Memory Error (./src/hotspot/share/memory/arena.cpp:197), pid=13688, tid=11052
#
# JRE version: OpenJDK Runtime Environment 18.9 (11.0.15+10) (build 11.0.15+10)
# Java VM: OpenJDK 64-Bit Server VM 18.9 (11.0.15+10, mixed mode, tiered, compressed oops, g1 gc, windows-amd64)
# No core dump will be written. Minidumps are not enabled by default on client versions of Windows
#

---------------  S U M M A R Y ------------

Command Line: -XX:MaxMetaspaceSize=512m --add-opens=java.base/java.util=ALL-UNNAMED --add-opens=java.base/java.lang=ALL-UNNAMED --add-opens=java.base/java.lang.invoke=ALL-UNNAMED --add-opens=java.base/java.util=ALL-UNNAMED --add-opens=java.prefs/java.util.prefs=ALL-UNNAMED --add-opens=java.prefs/java.util.prefs=ALL-UNNAMED --add-opens=java.base/java.nio.charset=ALL-UNNAMED --add-opens=java.base/java.net=ALL-UNNAMED --add-opens=java.base/java.util.concurrent.atomic=ALL-UNNAMED -Xmx2048m -Dfile.encoding=windows-1252 -Duser.country=GB -Duser.language=en -Duser.variant org.gradle.launcher.daemon.bootstrap.GradleDaemon 7.3.3

Host: Intel(R) Core(TM) i3-7020U CPU @ 2.30GHz, 4 cores, 7G,  Windows 10 , 64 bit Build 19041 (10.0.19041.1741)
Time: Sun Jul  3 16:45:24 2022 Romance Summer Time elapsed time: 417.546190 seconds (0d 0h 6m 57s)

---------------  T H R E A D  ---------------

Current thread (0x0000014661eb0800):  JavaThread "C2 CompilerThread1" daemon [_thread_in_native, id=11052, stack(0x0000001487900000,0x0000001487a00000)]


Current CompileTask:
C2: 417546 14353       4       com.android.tools.r8.internal.U6::a (4191 bytes)

Stack: [0x0000001487900000,0x0000001487a00000]
Native frames: (J=compiled Java code, j=interpreted, Vv=VM code, C=native code)
V  [jvm.dll+0x64dd3a]
V  [jvm.dll+0x7906c9]
V  [jvm.dll+0x791d9c]
V  [jvm.dll+0x792463]
V  [jvm.dll+0x265048]
V  [jvm.dll+0xc9da1]
V  [jvm.dll+0xca35c]
V  [jvm.dll+0x37c167]
V  [jvm.dll+0x1b3381]
V  [jvm.dll+0x21e192]
V  [jvm.dll+0x21d25a]
V  [jvm.dll+0x19dd21]
V  [jvm.dll+0x22cc80]
V  [jvm.dll+0x22af81]
V  [jvm.dll+0x75254c]
V  [jvm.dll+0x74b12d]
V  [jvm.dll+0x64c8a6]
C  [ucrtbase.dll+0x21bb2]
C  [KERNEL32.DLL+0x17034]
C  [ntdll.dll+0x52651]


---------------  P R O C E S S  ---------------

Threads class SMR info:
_java_thread_list=0x0000014663ae49b0, length=90, elements={
0x000001463a3d1800, 0x0000014658c00000, 0x0000014658c03800, 0x0000014658c57000,
0x0000014658c5a000, 0x0000014658c5b000, 0x0000014658c5e000, 0x00000146595a3800,
0x00000146595ce000, 0x00000146596bd000, 0x000001465a44a800, 0x000001465d0e7800,
0x000001465b7c9800, 0x000001465af76800, 0x000001465af78800, 0x000001465af79000,
0x000001465af7a000, 0x000001465af76000, 0x000001465d74d800, 0x000001465d74b000,
0x000001465d74f000, 0x000001465d74a000, 0x000001465d751800, 0x000001465d74c800,
0x000001465d750000, 0x000001465ed11800, 0x000001465ed12800, 0x000001465ed0e800,
0x000001465ed0d800, 0x000001465ed11000, 0x000001465ed0c800, 0x000001465ed13000,
0x000001465ed14000, 0x000001465ed15000, 0x000001465ed0f000, 0x000001465ed15800,
0x000001465ed10000, 0x000001465ed18000, 0x000001465ed17800, 0x000001465ed1a000,
0x000001465ed16800, 0x000001465ed19000, 0x000001465ed1a800, 0x000001465ed1b800,
0x000001465d74e000, 0x000001465d74b800, 0x000001465d752800, 0x000001465d754800,
0x000001465d753000, 0x000001465d757000, 0x000001465d754000, 0x000001465d755800,
0x000001465d756800, 0x000001465d758000, 0x000001465af77800, 0x000001465af7a800,
0x000001465af75000, 0x000001465af7b800, 0x000001466150e800, 0x000001466150c000,
0x000001466150e000, 0x000001466150d000, 0x000001466150f800, 0x000001466150b800,
0x0000014661510800, 0x000001466150a800, 0x0000014661517000, 0x0000014661511000,
0x0000014661512000, 0x0000014661516000, 0x0000014661517800, 0x0000014661518800,
0x0000014661514800, 0x0000014661513000, 0x0000014661515000, 0x000001465f396800,
0x000001465f395800, 0x000001465f39b800, 0x000001465f39c000, 0x000001465f398000,
0x000001465f399800, 0x000001465f399000, 0x000001465f39d000, 0x000001465f3a3800,
0x000001465f39e800, 0x000001465f39f800, 0x000001465f3a2800, 0x000001465f3a1000,
0x000001465f3a0000, 0x0000014661eb0800
}

Java Threads: ( => current thread )
  0x000001463a3d1800 JavaThread "main" [_thread_blocked, id=14260, stack(0x0000001481700000,0x0000001481800000)]
  0x0000014658c00000 JavaThread "Reference Handler" daemon [_thread_blocked, id=15800, stack(0x0000001481e00000,0x0000001481f00000)]
  0x0000014658c03800 JavaThread "Finalizer" daemon [_thread_blocked, id=15576, stack(0x0000001481f00000,0x0000001482000000)]
  0x0000014658c57000 JavaThread "Signal Dispatcher" daemon [_thread_blocked, id=7832, stack(0x0000001482000000,0x0000001482100000)]
  0x0000014658c5a000 JavaThread "Attach Listener" daemon [_thread_blocked, id=12124, stack(0x0000001482100000,0x0000001482200000)]
  0x0000014658c5b000 JavaThread "Service Thread" daemon [_thread_blocked, id=17576, stack(0x0000001482200000,0x0000001482300000)]
  0x0000014658c5e000 JavaThread "C2 CompilerThread0" daemon [_thread_in_native, id=5224, stack(0x0000001482300000,0x0000001482400000)]
  0x00000146595a3800 JavaThread "C1 CompilerThread0" daemon [_thread_blocked, id=6460, stack(0x0000001482400000,0x0000001482500000)]
  0x00000146595ce000 JavaThread "Sweeper thread" daemon [_thread_blocked, id=11484, stack(0x0000001482500000,0x0000001482600000)]
  0x00000146596bd000 JavaThread "Common-Cleaner" daemon [_thread_blocked, id=8048, stack(0x0000001482600000,0x0000001482700000)]
  0x000001465a44a800 JavaThread "Daemon health stats" [_thread_blocked, id=9388, stack(0x0000001482800000,0x0000001482900000)]
  0x000001465d0e7800 JavaThread "Incoming local TCP Connector on port 49985" [_thread_in_native, id=15144, stack(0x0000001482b00000,0x0000001482c00000)]
  0x000001465b7c9800 JavaThread "Daemon periodic checks" [_thread_blocked, id=7592, stack(0x0000001482c00000,0x0000001482d00000)]
  0x000001465af76800 JavaThread "Cache worker for journal cache (C:\Users\Tom\.gradle\caches\journal-1)" [_thread_blocked, id=6756, stack(0x0000001483500000,0x0000001483600000)]
  0x000001465af78800 JavaThread "File lock request listener" [_thread_in_native, id=15616, stack(0x0000001483600000,0x0000001483700000)]
  0x000001465af79000 JavaThread "Cache worker for file hash cache (C:\Users\Tom\.gradle\caches\7.3.3\fileHashes)" [_thread_blocked, id=17108, stack(0x0000001483700000,0x0000001483800000)]
  0x000001465af7a000 JavaThread "File watcher server" daemon [_thread_in_native, id=9724, stack(0x0000001483a00000,0x0000001483b00000)]
  0x000001465af76000 JavaThread "File watcher consumer" daemon [_thread_blocked, id=14732, stack(0x0000001483b00000,0x0000001483c00000)]
  0x000001465d74d800 JavaThread "Cache worker for execution history cache (C:\Users\Tom\.gradle\caches\7.3.3\executionHistory)" [_thread_blocked, id=17052, stack(0x0000001483f00000,0x0000001484000000)]
  0x000001465d74b000 JavaThread "jar transforms" [_thread_blocked, id=14036, stack(0x0000001484000000,0x0000001484100000)]
  0x000001465d74f000 JavaThread "jar transforms Thread 2" [_thread_blocked, id=14180, stack(0x0000001484100000,0x0000001484200000)]
  0x000001465d74a000 JavaThread "Cache worker for file content cache (C:\Users\Tom\.gradle\caches\7.3.3\fileContent)" [_thread_blocked, id=12856, stack(0x0000001484200000,0x0000001484300000)]
  0x000001465d751800 JavaThread "jar transforms Thread 3" [_thread_blocked, id=15772, stack(0x0000001484300000,0x0000001484400000)]
  0x000001465d74c800 JavaThread "jar transforms Thread 4" [_thread_blocked, id=10624, stack(0x0000001484400000,0x0000001484500000)]
  0x000001465d750000 JavaThread "Cache worker for kotlin-dsl (C:\Users\Tom\.gradle\caches\7.3.3\kotlin-dsl)" [_thread_blocked, id=16108, stack(0x0000001484500000,0x0000001484600000)]
  0x000001465ed11800 JavaThread "Memory manager" [_thread_blocked, id=6796, stack(0x0000001486900000,0x0000001486a00000)]
  0x000001465ed12800 JavaThread "Daemon Thread 3" [_thread_blocked, id=12612, stack(0x0000001481500000,0x0000001481600000)]
  0x000001465ed0e800 JavaThread "Handler for socket connection from /127.0.0.1:49985 to /127.0.0.1:50124" [_thread_in_native, id=10944, stack(0x0000001481600000,0x0000001481700000)]
  0x000001465ed0d800 JavaThread "Cancel handler" [_thread_blocked, id=17092, stack(0x0000001482d00000,0x0000001482e00000)]
  0x000001465ed11000 JavaThread "Daemon worker Thread 3" [_thread_blocked, id=8216, stack(0x0000001482e00000,0x0000001482f00000)]
  0x000001465ed0c800 JavaThread "Asynchronous log dispatcher for DefaultDaemonConnection: socket connection from /127.0.0.1:49985 to /127.0.0.1:50124" [_thread_blocked, id=14752, stack(0x0000001482f00000,0x0000001483000000)]
  0x000001465ed13000 JavaThread "Stdin handler" [_thread_blocked, id=8980, stack(0x0000001483000000,0x0000001483100000)]
  0x000001465ed14000 JavaThread "Daemon client event forwarder" [_thread_blocked, id=1436, stack(0x0000001483100000,0x0000001483200000)]
  0x000001465ed15000 JavaThread "Cache worker for file hash cache (C:\Users\Tom\Documents\Programmation\React Native\projectRNcli\android\.gradle\7.3.3\fileHashes)" [_thread_blocked, id=13936, stack(0x0000001483200000,0x0000001483300000)]
  0x000001465ed0f000 JavaThread "Cache worker for checksums cache (C:\Users\Tom\Documents\Programmation\React Native\projectRNcli\android\.gradle\7.3.3\checksums)" [_thread_blocked, id=9032, stack(0x0000001483300000,0x0000001483400000)]
  0x000001465ed15800 JavaThread "Cache worker for cache directory md-supplier (C:\Users\Tom\.gradle\caches\7.3.3\md-supplier)" [_thread_blocked, id=15640, stack(0x0000001483800000,0x0000001483900000)]
  0x000001465ed10000 JavaThread "Cache worker for cache directory md-rule (C:\Users\Tom\.gradle\caches\7.3.3\md-rule)" [_thread_blocked, id=5492, stack(0x0000001483900000,0x0000001483a00000)]
  0x000001465ed18000 JavaThread "Cache worker for dependencies-accessors (C:\Users\Tom\Documents\Programmation\React Native\projectRNcli\android\.gradle\7.3.3\dependencies-accessors)" [_thread_blocked, id=10932, stack(0x0000001483c00000,0x0000001483d00000)]
  0x000001465ed17800 JavaThread "Cache worker for Build Output Cleanup Cache (C:\Users\Tom\Documents\Programmation\React Native\projectRNcli\node_modules\react-native-gradle-plugin\.gradle\buildOutputCleanup)" [_thread_blocked, id=11256, stack(0x0000001483d00000,0x0000001483e00000)]
  0x000001465ed1a000 JavaThread "Unconstrained build operations" [_thread_blocked, id=2788, stack(0x0000001483e00000,0x0000001483f00000)]
  0x000001465ed16800 JavaThread "Unconstrained build operations Thread 2" [_thread_blocked, id=3948, stack(0x0000001484600000,0x0000001484700000)]
  0x000001465ed19000 JavaThread "Unconstrained build operations Thread 3" [_thread_blocked, id=10588, stack(0x0000001484700000,0x0000001484800000)]
  0x000001465ed1a800 JavaThread "Unconstrained build operations Thread 4" [_thread_blocked, id=652, stack(0x0000001484800000,0x0000001484900000)]
  0x000001465ed1b800 JavaThread "Unconstrained build operations Thread 5" [_thread_blocked, id=9840, stack(0x0000001484900000,0x0000001484a00000)]
  0x000001465d74e000 JavaThread "Unconstrained build operations Thread 6" [_thread_blocked, id=7200, stack(0x0000001484a00000,0x0000001484b00000)]
  0x000001465d74b800 JavaThread "Unconstrained build operations Thread 7" [_thread_blocked, id=10960, stack(0x0000001484b00000,0x0000001484c00000)]
  0x000001465d752800 JavaThread "Unconstrained build operations Thread 8" [_thread_blocked, id=1144, stack(0x0000001484c00000,0x0000001484d00000)]
  0x000001465d754800 JavaThread "Unconstrained build operations Thread 9" [_thread_blocked, id=16588, stack(0x0000001484d00000,0x0000001484e00000)]
  0x000001465d753000 JavaThread "Unconstrained build operations Thread 10" [_thread_blocked, id=15384, stack(0x0000001484e00000,0x0000001484f00000)]
  0x000001465d757000 JavaThread "Unconstrained build operations Thread 11" [_thread_blocked, id=8152, stack(0x0000001484f00000,0x0000001485000000)]
  0x000001465d754000 JavaThread "Unconstrained build operations Thread 12" [_thread_blocked, id=4832, stack(0x0000001485000000,0x0000001485100000)]
  0x000001465d755800 JavaThread "Unconstrained build operations Thread 13" [_thread_blocked, id=2628, stack(0x0000001485100000,0x0000001485200000)]
  0x000001465d756800 JavaThread "Unconstrained build operations Thread 14" [_thread_blocked, id=17844, stack(0x0000001485200000,0x0000001485300000)]
  0x000001465d758000 JavaThread "Unconstrained build operations Thread 15" [_thread_blocked, id=10184, stack(0x0000001485300000,0x0000001485400000)]
  0x000001465af77800 JavaThread "Unconstrained build operations Thread 16" [_thread_blocked, id=1588, stack(0x0000001485400000,0x0000001485500000)]
  0x000001465af7a800 JavaThread "Unconstrained build operations Thread 17" [_thread_blocked, id=14876, stack(0x0000001485500000,0x0000001485600000)]
  0x000001465af75000 JavaThread "Unconstrained build operations Thread 18" [_thread_blocked, id=5232, stack(0x0000001485600000,0x0000001485700000)]
  0x000001465af7b800 JavaThread "Unconstrained build operations Thread 19" [_thread_blocked, id=10816, stack(0x0000001485700000,0x0000001485800000)]
  0x000001466150e800 JavaThread "Unconstrained build operations Thread 20" [_thread_blocked, id=10372, stack(0x0000001485800000,0x0000001485900000)]
  0x000001466150c000 JavaThread "Unconstrained build operations Thread 21" [_thread_blocked, id=15240, stack(0x0000001485900000,0x0000001485a00000)]
  0x000001466150e000 JavaThread "Unconstrained build operations Thread 22" [_thread_blocked, id=11432, stack(0x0000001485a00000,0x0000001485b00000)]
  0x000001466150d000 JavaThread "Unconstrained build operations Thread 23" [_thread_in_vm, id=8712, stack(0x0000001485b00000,0x0000001485c00000)]
  0x000001466150f800 JavaThread "Unconstrained build operations Thread 24" [_thread_blocked, id=6772, stack(0x0000001485c00000,0x0000001485d00000)]
  0x000001466150b800 JavaThread "Unconstrained build operations Thread 25" [_thread_in_Java, id=16996, stack(0x0000001485d00000,0x0000001485e00000)]
  0x0000014661510800 JavaThread "Unconstrained build operations Thread 26" [_thread_blocked, id=11672, stack(0x0000001485e00000,0x0000001485f00000)]
  0x000001466150a800 JavaThread "Unconstrained build operations Thread 27" [_thread_blocked, id=8664, stack(0x0000001485f00000,0x0000001486000000)]
  0x0000014661517000 JavaThread "Unconstrained build operations Thread 28" [_thread_blocked, id=14008, stack(0x0000001486000000,0x0000001486100000)]
  0x0000014661511000 JavaThread "Unconstrained build operations Thread 29" [_thread_blocked, id=11144, stack(0x0000001486100000,0x0000001486200000)]
  0x0000014661512000 JavaThread "Unconstrained build operations Thread 30" [_thread_blocked, id=17932, stack(0x0000001486200000,0x0000001486300000)]
  0x0000014661516000 JavaThread "Unconstrained build operations Thread 31" [_thread_blocked, id=12116, stack(0x0000001486300000,0x0000001486400000)]
  0x0000014661517800 JavaThread "Unconstrained build operations Thread 32" [_thread_blocked, id=12232, stack(0x0000001486400000,0x0000001486500000)]
  0x0000014661518800 JavaThread "Unconstrained build operations Thread 33" [_thread_blocked, id=10724, stack(0x0000001486500000,0x0000001486600000)]
  0x0000014661514800 JavaThread "build event listener" [_thread_blocked, id=15208, stack(0x0000001486600000,0x0000001486700000)]
  0x0000014661513000 JavaThread "Cache worker for Build Output Cleanup Cache (C:\Users\Tom\Documents\Programmation\React Native\projectRNcli\android\.gradle\buildOutputCleanup)" [_thread_blocked, id=5096, stack(0x0000001486800000,0x0000001486900000)]
  0x0000014661515000 JavaThread "included builds" [_thread_blocked, id=11656, stack(0x0000001486a00000,0x0000001486b00000)]
  0x000001465f396800 JavaThread "Cache worker for execution history cache (C:\Users\Tom\Documents\Programmation\React Native\projectRNcli\node_modules\react-native-gradle-plugin\.gradle\7.3.3\executionHistory)" [_thread_blocked, id=18356, stack(0x0000001487000000,0x0000001487100000)]
  0x000001465f395800 JavaThread "Unconstrained build operations Thread 34" [_thread_blocked, id=13124, stack(0x0000001487100000,0x0000001487200000)]
  0x000001465f39b800 JavaThread "Unconstrained build operations Thread 35" [_thread_blocked, id=1828, stack(0x0000001487200000,0x0000001487300000)]
  0x000001465f39c000 JavaThread "Unconstrained build operations Thread 36" [_thread_blocked, id=6744, stack(0x0000001487300000,0x0000001487400000)]
  0x000001465f398000 JavaThread "Unconstrained build operations Thread 37" [_thread_blocked, id=14948, stack(0x0000001487400000,0x0000001487500000)]
  0x000001465f399800 JavaThread "Unconstrained build operations Thread 38" [_thread_blocked, id=2884, stack(0x0000001487500000,0x0000001487600000)]
  0x000001465f399000 JavaThread "Unconstrained build operations Thread 39" [_thread_blocked, id=15676, stack(0x0000001487600000,0x0000001487700000)]
  0x000001465f39d000 JavaThread "Unconstrained build operations Thread 40" [_thread_blocked, id=17284, stack(0x0000001487700000,0x0000001487800000)]
  0x000001465f3a3800 JavaThread "Execution worker for ':'" [_thread_blocked, id=2240, stack(0x0000001486b00000,0x0000001486c00000)]
  0x000001465f39e800 JavaThread "Execution worker for ':' Thread 2" [_thread_blocked, id=8072, stack(0x0000001486e00000,0x0000001486f00000)]
  0x000001465f39f800 JavaThread "Execution worker for ':' Thread 3" [_thread_blocked, id=7228, stack(0x0000001486f00000,0x0000001487000000)]
  0x000001465f3a2800 JavaThread "Cache worker for execution history cache (C:\Users\Tom\Documents\Programmation\React Native\projectRNcli\android\.gradle\7.3.3\executionHistory)" [_thread_blocked, id=4904, stack(0x0000001487800000,0x0000001487900000)]
  0x000001465f3a1000 JavaThread "WorkerExecutor Queue" [_thread_blocked, id=17308, stack(0x0000001486700000,0x0000001486800000)]
  0x000001465f3a0000 JavaThread "WorkerExecutor Queue Thread 2" [_thread_blocked, id=16112, stack(0x0000001487a00000,0x0000001487b00000)]
=>0x0000014661eb0800 JavaThread "C2 CompilerThread1" daemon [_thread_in_native, id=11052, stack(0x0000001487900000,0x0000001487a00000)]

Other Threads:
  0x0000014658bea800 VMThread "VM Thread" [stack: 0x0000001481d00000,0x0000001481e00000] [id=9244]
  0x00000146596f3800 WatcherThread [stack: 0x0000001482700000,0x0000001482800000] [id=15120]
  0x000001463a3ea000 GCTaskThread "GC Thread#0" [stack: 0x0000001481800000,0x0000001481900000] [id=14992]
  0x0000014659959800 GCTaskThread "GC Thread#1" [stack: 0x0000001482900000,0x0000001482a00000] [id=17556]
  0x0000014659ceb800 GCTaskThread "GC Thread#2" [stack: 0x0000001482a00000,0x0000001482b00000] [id=11676]
  0x000001465b016800 GCTaskThread "GC Thread#3" [stack: 0x0000001483400000,0x0000001483500000] [id=13036]
  0x000001463a41b000 ConcurrentGCThread "G1 Main Marker" [stack: 0x0000001481900000,0x0000001481a00000] [id=16808]
  0x000001463a41c800 ConcurrentGCThread "G1 Conc#0" [stack: 0x0000001481a00000,0x0000001481b00000] [id=11620]
  0x000001463a4aa000 ConcurrentGCThread "G1 Refine#0" [stack: 0x0000001481b00000,0x0000001481c00000] [id=11560]
  0x000001463a4ab000 ConcurrentGCThread "G1 Young RemSet Sampling" [stack: 0x0000001481c00000,0x0000001481d00000] [id=1340]

Threads with active compile tasks:
C2 CompilerThread0   417756 14536 %     4       com.android.tools.r8.internal.U6::a @ 66 (6044 bytes)
C2 CompilerThread1   417756 14353       4       com.android.tools.r8.internal.U6::a (4191 bytes)

VM state:synchronizing (normal execution)

VM Mutex/Monitor currently owned by a thread:  ([mutex/lock_event])
[0x000001463a3cd460] Threads_lock - owner thread: 0x0000014658bea800

Heap address: 0x0000000080000000, size: 2048 MB, Compressed Oops mode: 32-bit
Narrow klass base: 0x0000000000000000, Narrow klass shift: 3
Compressed class space size: 528482304 Address: 0x0000000100000000

Heap:
 garbage-first heap   total 227328K, used 150424K [0x0000000080000000, 0x0000000100000000)
  region size 1024K, 8 young (8192K), 5 survivors (5120K)
 Metaspace       used 119824K, capacity 123499K, committed 123848K, reserved 624640K
  class space    used 15429K, capacity 16901K, committed 17024K, reserved 516096K
Heap Regions: E=young(eden), S=young(survivor), O=old, HS=humongous(starts), HC=humongous(continues), CS=collection set, F=free, A=archive, TAMS=top-at-mark-start (previous, next)
|   0|0x0000000080000000, 0x0000000080100000, 0x0000000080100000|100%| O|  |TAMS 0x0000000080100000, 0x0000000080000000| Untracked 
|   1|0x0000000080100000, 0x0000000080200000, 0x0000000080200000|100%| O|  |TAMS 0x0000000080100000, 0x0000000080100000| Untracked 
|   2|0x0000000080200000, 0x0000000080300000, 0x0000000080300000|100%| O|  |TAMS 0x0000000080300000, 0x0000000080200000| Untracked 
|   3|0x0000000080300000, 0x0000000080400000, 0x0000000080400000|100%|HS|  |TAMS 0x0000000080400000, 0x0000000080300000| Complete 
|   4|0x0000000080400000, 0x0000000080500000, 0x0000000080500000|100%|HC|  |TAMS 0x0000000080500000, 0x0000000080400000| Complete 
|   5|0x0000000080500000, 0x0000000080600000, 0x0000000080600000|100%|HC|  |TAMS 0x0000000080600000, 0x0000000080500000| Complete 
|   6|0x0000000080600000, 0x0000000080700000, 0x0000000080700000|100%| O|  |TAMS 0x0000000080700000, 0x0000000080600000| Untracked 
|   7|0x0000000080700000, 0x0000000080800000, 0x0000000080800000|100%| O|  |TAMS 0x0000000080800000, 0x0000000080700000| Untracked 
|   8|0x0000000080800000, 0x0000000080900000, 0x0000000080900000|100%| O|  |TAMS 0x0000000080900000, 0x0000000080800000| Untracked 
|   9|0x0000000080900000, 0x0000000080a00000, 0x0000000080a00000|100%| O|  |TAMS 0x0000000080a00000, 0x0000000080900000| Untracked 
|  10|0x0000000080a00000, 0x0000000080b00000, 0x0000000080b00000|100%| O|  |TAMS 0x0000000080b00000, 0x0000000080a00000| Untracked 
|  11|0x0000000080b00000, 0x0000000080c00000, 0x0000000080c00000|100%| O|  |TAMS 0x0000000080c00000, 0x0000000080b00000| Untracked 
|  12|0x0000000080c00000, 0x0000000080d00000, 0x0000000080d00000|100%| O|  |TAMS 0x0000000080d00000, 0x0000000080c00000| Untracked 
|  13|0x0000000080d00000, 0x0000000080e00000, 0x0000000080e00000|100%| O|  |TAMS 0x0000000080e00000, 0x0000000080d00000| Untracked 
|  14|0x0000000080e00000, 0x0000000080f00000, 0x0000000080f00000|100%| O|  |TAMS 0x0000000080f00000, 0x0000000080e00000| Untracked 
|  15|0x0000000080f00000, 0x0000000081000000, 0x0000000081000000|100%| O|  |TAMS 0x0000000081000000, 0x0000000080f00000| Untracked 
|  16|0x0000000081000000, 0x0000000081100000, 0x0000000081100000|100%| O|  |TAMS 0x0000000081100000, 0x0000000081000000| Untracked 
|  17|0x0000000081100000, 0x0000000081200000, 0x0000000081200000|100%|HS|  |TAMS 0x0000000081200000, 0x0000000081100000| Complete 
|  18|0x0000000081200000, 0x0000000081300000, 0x0000000081300000|100%| O|  |TAMS 0x0000000081300000, 0x0000000081200000| Untracked 
|  19|0x0000000081300000, 0x0000000081400000, 0x0000000081400000|100%| O|  |TAMS 0x0000000081400000, 0x0000000081300000| Untracked 
|  20|0x0000000081400000, 0x0000000081500000, 0x0000000081500000|100%| O|  |TAMS 0x0000000081500000, 0x0000000081400000| Untracked 
|  21|0x0000000081500000, 0x0000000081600000, 0x0000000081600000|100%| O|  |TAMS 0x0000000081600000, 0x0000000081500000| Untracked 
|  22|0x0000000081600000, 0x0000000081700000, 0x0000000081700000|100%| O|  |TAMS 0x0000000081700000, 0x0000000081600000| Untracked 
|  23|0x0000000081700000, 0x0000000081800000, 0x0000000081800000|100%| O|  |TAMS 0x0000000081800000, 0x0000000081700000| Untracked 
|  24|0x0000000081800000, 0x0000000081900000, 0x0000000081900000|100%| O|  |TAMS 0x0000000081900000, 0x0000000081800000| Untracked 
|  25|0x0000000081900000, 0x0000000081a00000, 0x0000000081a00000|100%| O|  |TAMS 0x0000000081a00000, 0x0000000081900000| Untracked 
|  26|0x0000000081a00000, 0x0000000081b00000, 0x0000000081b00000|100%| O|  |TAMS 0x0000000081b00000, 0x0000000081a00000| Untracked 
|  27|0x0000000081b00000, 0x0000000081c00000, 0x0000000081c00000|100%| O|  |TAMS 0x0000000081c00000, 0x0000000081b00000| Untracked 
|  28|0x0000000081c00000, 0x0000000081d00000, 0x0000000081d00000|100%|HS|  |TAMS 0x0000000081d00000, 0x0000000081c00000| Complete 
|  29|0x0000000081d00000, 0x0000000081e00000, 0x0000000081e00000|100%|HC|  |TAMS 0x0000000081e00000, 0x0000000081d00000| Complete 
|  30|0x0000000081e00000, 0x0000000081f00000, 0x0000000081f00000|100%|HC|  |TAMS 0x0000000081f00000, 0x0000000081e00000| Complete 
|  31|0x0000000081f00000, 0x0000000082000000, 0x0000000082000000|100%| O|  |TAMS 0x0000000082000000, 0x0000000081f00000| Untracked 
|  32|0x0000000082000000, 0x0000000082100000, 0x0000000082100000|100%| O|  |TAMS 0x0000000082100000, 0x0000000082000000| Untracked 
|  33|0x0000000082100000, 0x0000000082200000, 0x0000000082200000|100%| O|  |TAMS 0x0000000082200000, 0x0000000082100000| Untracked 
|  34|0x0000000082200000, 0x0000000082300000, 0x0000000082300000|100%| O|  |TAMS 0x0000000082300000, 0x0000000082200000| Untracked 
|  35|0x0000000082300000, 0x0000000082400000, 0x0000000082400000|100%| O|  |TAMS 0x0000000082400000, 0x0000000082300000| Untracked 
|  36|0x0000000082400000, 0x0000000082500000, 0x0000000082500000|100%| O|  |TAMS 0x0000000082500000, 0x0000000082400000| Untracked 
|  37|0x0000000082500000, 0x0000000082600000, 0x0000000082600000|100%| O|  |TAMS 0x0000000082600000, 0x0000000082500000| Untracked 
|  38|0x0000000082600000, 0x0000000082700000, 0x0000000082700000|100%| O|  |TAMS 0x0000000082700000, 0x0000000082600000| Untracked 
|  39|0x0000000082700000, 0x0000000082800000, 0x0000000082800000|100%| O|  |TAMS 0x0000000082800000, 0x0000000082700000| Untracked 
|  40|0x0000000082800000, 0x0000000082900000, 0x0000000082900000|100%| O|  |TAMS 0x0000000082900000, 0x0000000082800000| Untracked 
|  41|0x0000000082900000, 0x0000000082a00000, 0x0000000082a00000|100%| O|  |TAMS 0x0000000082a00000, 0x0000000082900000| Untracked 
|  42|0x0000000082a00000, 0x0000000082b00000, 0x0000000082b00000|100%| O|  |TAMS 0x0000000082b00000, 0x0000000082a00000| Untracked 
|  43|0x0000000082b00000, 0x0000000082c00000, 0x0000000082c00000|100%|HS|  |TAMS 0x0000000082c00000, 0x0000000082b00000| Complete 
|  44|0x0000000082c00000, 0x0000000082d00000, 0x0000000082d00000|100%|HS|  |TAMS 0x0000000082d00000, 0x0000000082c00000| Complete 
|  45|0x0000000082d00000, 0x0000000082e00000, 0x0000000082e00000|100%|HS|  |TAMS 0x0000000082e00000, 0x0000000082d00000| Complete 
|  46|0x0000000082e00000, 0x0000000082f00000, 0x0000000082f00000|100%|HC|  |TAMS 0x0000000082f00000, 0x0000000082e00000| Complete 
|  47|0x0000000082f00000, 0x0000000083000000, 0x0000000083000000|100%| O|  |TAMS 0x0000000083000000, 0x0000000082f00000| Untracked 
|  48|0x0000000083000000, 0x0000000083100000, 0x0000000083100000|100%| O|  |TAMS 0x0000000083100000, 0x0000000083000000| Untracked 
|  49|0x0000000083100000, 0x0000000083200000, 0x0000000083200000|100%| O|  |TAMS 0x0000000083200000, 0x0000000083100000| Untracked 
|  50|0x0000000083200000, 0x0000000083300000, 0x0000000083300000|100%| O|  |TAMS 0x0000000083300000, 0x0000000083200000| Untracked 
|  51|0x0000000083300000, 0x0000000083400000, 0x0000000083400000|100%| O|  |TAMS 0x0000000083400000, 0x0000000083300000| Untracked 
|  52|0x0000000083400000, 0x0000000083500000, 0x0000000083500000|100%| O|  |TAMS 0x0000000083500000, 0x0000000083400000| Untracked 
|  53|0x0000000083500000, 0x0000000083600000, 0x0000000083600000|100%| O|  |TAMS 0x0000000083600000, 0x0000000083500000| Untracked 
|  54|0x0000000083600000, 0x0000000083700000, 0x0000000083700000|100%| O|  |TAMS 0x0000000083700000, 0x0000000083600000| Untracked 
|  55|0x0000000083700000, 0x0000000083800000, 0x0000000083800000|100%| O|  |TAMS 0x0000000083800000, 0x0000000083700000| Untracked 
|  56|0x0000000083800000, 0x0000000083900000, 0x0000000083900000|100%| O|  |TAMS 0x0000000083900000, 0x0000000083800000| Untracked 
|  57|0x0000000083900000, 0x0000000083a00000, 0x0000000083a00000|100%| O|  |TAMS 0x0000000083a00000, 0x0000000083900000| Untracked 
|  58|0x0000000083a00000, 0x0000000083b00000, 0x0000000083b00000|100%| O|  |TAMS 0x0000000083b00000, 0x0000000083a00000| Untracked 
|  59|0x0000000083b00000, 0x0000000083c00000, 0x0000000083c00000|100%| O|  |TAMS 0x0000000083c00000, 0x0000000083b00000| Untracked 
|  60|0x0000000083c00000, 0x0000000083d00000, 0x0000000083d00000|100%| O|  |TAMS 0x0000000083d00000, 0x0000000083c00000| Untracked 
|  61|0x0000000083d00000, 0x0000000083e00000, 0x0000000083e00000|100%| O|  |TAMS 0x0000000083e00000, 0x0000000083d00000| Untracked 
|  62|0x0000000083e00000, 0x0000000083f00000, 0x0000000083f00000|100%| O|  |TAMS 0x0000000083f00000, 0x0000000083e00000| Untracked 
|  63|0x0000000083f00000, 0x0000000084000000, 0x0000000084000000|100%| O|  |TAMS 0x0000000084000000, 0x0000000083f00000| Untracked 
|  64|0x0000000084000000, 0x0000000084100000, 0x0000000084100000|100%| O|  |TAMS 0x0000000084100000, 0x0000000084000000| Untracked 
|  65|0x0000000084100000, 0x0000000084200000, 0x0000000084200000|100%| O|  |TAMS 0x0000000084200000, 0x0000000084100000| Untracked 
|  66|0x0000000084200000, 0x0000000084300000, 0x0000000084300000|100%| O|  |TAMS 0x0000000084300000, 0x0000000084200000| Untracked 
|  67|0x0000000084300000, 0x0000000084400000, 0x0000000084400000|100%| O|  |TAMS 0x0000000084400000, 0x0000000084300000| Untracked 
|  68|0x0000000084400000, 0x0000000084500000, 0x0000000084500000|100%| O|  |TAMS 0x0000000084500000, 0x0000000084400000| Untracked 
|  69|0x0000000084500000, 0x0000000084600000, 0x0000000084600000|100%| O|  |TAMS 0x0000000084600000, 0x0000000084500000| Untracked 
|  70|0x0000000084600000, 0x0000000084700000, 0x0000000084700000|100%| O|  |TAMS 0x0000000084700000, 0x0000000084600000| Untracked 
|  71|0x0000000084700000, 0x0000000084800000, 0x0000000084800000|100%| O|  |TAMS 0x0000000084800000, 0x0000000084700000| Untracked 
|  72|0x0000000084800000, 0x0000000084900000, 0x0000000084900000|100%| O|  |TAMS 0x0000000084900000, 0x0000000084800000| Untracked 
|  73|0x0000000084900000, 0x0000000084a00000, 0x0000000084a00000|100%| O|  |TAMS 0x0000000084a00000, 0x0000000084900000| Untracked 
|  74|0x0000000084a00000, 0x0000000084b00000, 0x0000000084b00000|100%| O|  |TAMS 0x0000000084b00000, 0x0000000084a00000| Untracked 
|  75|0x0000000084b00000, 0x0000000084c00000, 0x0000000084c00000|100%| O|  |TAMS 0x0000000084c00000, 0x0000000084b00000| Untracked 
|  76|0x0000000084c00000, 0x0000000084d00000, 0x0000000084d00000|100%| O|  |TAMS 0x0000000084d00000, 0x0000000084c00000| Untracked 
|  77|0x0000000084d00000, 0x0000000084e00000, 0x0000000084e00000|100%| O|  |TAMS 0x0000000084e00000, 0x0000000084d00000| Untracked 
|  78|0x0000000084e00000, 0x0000000084f00000, 0x0000000084f00000|100%| O|  |TAMS 0x0000000084f00000, 0x0000000084e00000| Untracked 
|  79|0x0000000084f00000, 0x0000000085000000, 0x0000000085000000|100%| O|  |TAMS 0x0000000085000000, 0x0000000084f00000| Untracked 
|  80|0x0000000085000000, 0x0000000085100000, 0x0000000085100000|100%| O|  |TAMS 0x0000000085100000, 0x0000000085000000| Untracked 
|  81|0x0000000085100000, 0x0000000085200000, 0x0000000085200000|100%| O|  |TAMS 0x0000000085200000, 0x0000000085100000| Untracked 
|  82|0x0000000085200000, 0x0000000085300000, 0x0000000085300000|100%| O|  |TAMS 0x0000000085300000, 0x0000000085200000| Untracked 
|  83|0x0000000085300000, 0x0000000085400000, 0x0000000085400000|100%| O|  |TAMS 0x0000000085400000, 0x0000000085300000| Untracked 
|  84|0x0000000085400000, 0x0000000085500000, 0x0000000085500000|100%| O|  |TAMS 0x0000000085500000, 0x0000000085400000| Untracked 
|  85|0x0000000085500000, 0x0000000085600000, 0x0000000085600000|100%| O|  |TAMS 0x0000000085600000, 0x0000000085500000| Untracked 
|  86|0x0000000085600000, 0x0000000085700000, 0x0000000085700000|100%| O|  |TAMS 0x0000000085700000, 0x0000000085600000| Untracked 
|  87|0x0000000085700000, 0x0000000085800000, 0x0000000085800000|100%| O|  |TAMS 0x0000000085800000, 0x0000000085700000| Untracked 
|  88|0x0000000085800000, 0x0000000085900000, 0x0000000085900000|100%| O|  |TAMS 0x0000000085900000, 0x0000000085800000| Untracked 
|  89|0x0000000085900000, 0x0000000085a00000, 0x0000000085a00000|100%| O|  |TAMS 0x0000000085a00000, 0x0000000085900000| Untracked 
|  90|0x0000000085a00000, 0x0000000085b00000, 0x0000000085b00000|100%| O|  |TAMS 0x0000000085b00000, 0x0000000085a00000| Untracked 
|  91|0x0000000085b00000, 0x0000000085c00000, 0x0000000085c00000|100%| O|  |TAMS 0x0000000085c00000, 0x0000000085b00000| Untracked 
|  92|0x0000000085c00000, 0x0000000085d00000, 0x0000000085d00000|100%| O|  |TAMS 0x0000000085d00000, 0x0000000085c00000| Untracked 
|  93|0x0000000085d00000, 0x0000000085e00000, 0x0000000085e00000|100%| O|  |TAMS 0x0000000085e00000, 0x0000000085d00000| Untracked 
|  94|0x0000000085e00000, 0x0000000085f00000, 0x0000000085f00000|100%| O|  |TAMS 0x0000000085e00000, 0x0000000085e00000| Untracked 
|  95|0x0000000085f00000, 0x0000000086000000, 0x0000000086000000|100%| O|  |TAMS 0x0000000086000000, 0x0000000085f00000| Untracked 
|  96|0x0000000086000000, 0x0000000086100000, 0x0000000086100000|100%| O|  |TAMS 0x0000000086100000, 0x0000000086000000| Untracked 
|  97|0x0000000086100000, 0x0000000086200000, 0x0000000086200000|100%| O|  |TAMS 0x0000000086200000, 0x0000000086100000| Untracked 
|  98|0x0000000086200000, 0x0000000086300000, 0x0000000086300000|100%| O|  |TAMS 0x0000000086300000, 0x0000000086200000| Untracked 
|  99|0x0000000086300000, 0x0000000086400000, 0x0000000086400000|100%| O|  |TAMS 0x0000000086400000, 0x0000000086300000| Untracked 
| 100|0x0000000086400000, 0x0000000086500000, 0x0000000086500000|100%| O|  |TAMS 0x0000000086500000, 0x0000000086400000| Untracked 
| 101|0x0000000086500000, 0x0000000086600000, 0x0000000086600000|100%| O|  |TAMS 0x000000008657ba00, 0x0000000086500000| Untracked 
| 102|0x0000000086600000, 0x0000000086700000, 0x0000000086700000|100%| O|  |TAMS 0x0000000086600000, 0x0000000086600000| Untracked 
| 103|0x0000000086700000, 0x0000000086800000, 0x0000000086800000|100%| O|  |TAMS 0x0000000086700000, 0x0000000086700000| Untracked 
| 104|0x0000000086800000, 0x0000000086900000, 0x0000000086900000|100%| O|  |TAMS 0x0000000086800000, 0x0000000086800000| Untracked 
| 105|0x0000000086900000, 0x0000000086a00000, 0x0000000086a00000|100%| O|  |TAMS 0x0000000086900000, 0x0000000086900000| Untracked 
| 106|0x0000000086a00000, 0x0000000086b00000, 0x0000000086b00000|100%| O|  |TAMS 0x0000000086a00000, 0x0000000086a00000| Untracked 
| 107|0x0000000086b00000, 0x0000000086c00000, 0x0000000086c00000|100%| O|  |TAMS 0x0000000086b00000, 0x0000000086b00000| Untracked 
| 108|0x0000000086c00000, 0x0000000086d00000, 0x0000000086d00000|100%| O|  |TAMS 0x0000000086c00000, 0x0000000086c00000| Untracked 
| 109|0x0000000086d00000, 0x0000000086e00000, 0x0000000086e00000|100%| O|  |TAMS 0x0000000086d00000, 0x0000000086d00000| Untracked 
| 110|0x0000000086e00000, 0x0000000086f00000, 0x0000000086f00000|100%|HS|  |TAMS 0x0000000086e00000, 0x0000000086e00000| Complete 
| 111|0x0000000086f00000, 0x0000000087000000, 0x0000000087000000|100%|HC|  |TAMS 0x0000000086f00000, 0x0000000086f00000| Complete 
| 112|0x0000000087000000, 0x0000000087100000, 0x0000000087100000|100%| O|  |TAMS 0x0000000087000000, 0x0000000087000000| Untracked 
| 113|0x0000000087100000, 0x0000000087200000, 0x0000000087200000|100%| O|  |TAMS 0x0000000087100000, 0x0000000087100000| Untracked 
| 114|0x0000000087200000, 0x0000000087300000, 0x0000000087300000|100%| O|  |TAMS 0x0000000087200000, 0x0000000087200000| Untracked 
| 115|0x0000000087300000, 0x0000000087400000, 0x0000000087400000|100%| O|  |TAMS 0x0000000087300000, 0x0000000087300000| Untracked 
| 116|0x0000000087400000, 0x0000000087500000, 0x0000000087500000|100%| O|  |TAMS 0x0000000087400000, 0x0000000087400000| Untracked 
| 117|0x0000000087500000, 0x0000000087600000, 0x0000000087600000|100%| O|  |TAMS 0x0000000087500000, 0x0000000087500000| Untracked 
| 118|0x0000000087600000, 0x0000000087700000, 0x0000000087700000|100%| O|  |TAMS 0x0000000087600000, 0x0000000087600000| Untracked 
| 119|0x0000000087700000, 0x0000000087800000, 0x0000000087800000|100%| O|  |TAMS 0x0000000087700000, 0x0000000087700000| Untracked 
| 120|0x0000000087800000, 0x0000000087900000, 0x0000000087900000|100%| O|  |TAMS 0x0000000087800000, 0x0000000087800000| Untracked 
| 121|0x0000000087900000, 0x0000000087a00000, 0x0000000087a00000|100%| O|  |TAMS 0x0000000087900000, 0x0000000087900000| Untracked 
| 122|0x0000000087a00000, 0x0000000087b00000, 0x0000000087b00000|100%| O|  |TAMS 0x0000000087a00000, 0x0000000087a00000| Untracked 
| 123|0x0000000087b00000, 0x0000000087c00000, 0x0000000087c00000|100%| O|  |TAMS 0x0000000087b00000, 0x0000000087b00000| Untracked 
| 124|0x0000000087c00000, 0x0000000087d00000, 0x0000000087d00000|100%| O|  |TAMS 0x0000000087c00000, 0x0000000087c00000| Untracked 
| 125|0x0000000087d00000, 0x0000000087e00000, 0x0000000087e00000|100%| O|  |TAMS 0x0000000087d00000, 0x0000000087d00000| Untracked 
| 126|0x0000000087e00000, 0x0000000087f00000, 0x0000000087f00000|100%| O|  |TAMS 0x0000000087e00000, 0x0000000087e00000| Untracked 
| 127|0x0000000087f00000, 0x0000000088000000, 0x0000000088000000|100%| O|  |TAMS 0x0000000087f00000, 0x0000000087f00000| Untracked 
| 128|0x0000000088000000, 0x0000000088100000, 0x0000000088100000|100%| O|  |TAMS 0x0000000088000000, 0x0000000088000000| Untracked 
| 129|0x0000000088100000, 0x0000000088200000, 0x0000000088200000|100%| O|  |TAMS 0x0000000088100000, 0x0000000088100000| Untracked 
| 130|0x0000000088200000, 0x0000000088300000, 0x0000000088300000|100%| O|  |TAMS 0x0000000088200000, 0x0000000088200000| Untracked 
| 131|0x0000000088300000, 0x0000000088400000, 0x0000000088400000|100%| O|  |TAMS 0x0000000088300000, 0x0000000088300000| Untracked 
| 132|0x0000000088400000, 0x0000000088500000, 0x0000000088500000|100%| O|  |TAMS 0x0000000088400000, 0x0000000088400000| Untracked 
| 133|0x0000000088500000, 0x0000000088600000, 0x0000000088600000|100%| O|  |TAMS 0x0000000088500000, 0x0000000088500000| Untracked 
| 134|0x0000000088600000, 0x0000000088700000, 0x0000000088700000|100%| O|  |TAMS 0x0000000088600000, 0x0000000088600000| Untracked 
| 135|0x0000000088700000, 0x0000000088800000, 0x0000000088800000|100%| O|  |TAMS 0x0000000088700000, 0x0000000088700000| Untracked 
| 136|0x0000000088800000, 0x0000000088900000, 0x0000000088900000|100%| O|  |TAMS 0x0000000088800000, 0x0000000088800000| Untracked 
| 137|0x0000000088900000, 0x0000000088a00000, 0x0000000088a00000|100%| O|  |TAMS 0x0000000088900000, 0x0000000088900000| Untracked 
| 138|0x0000000088a00000, 0x0000000088b00000, 0x0000000088b00000|100%| O|  |TAMS 0x0000000088a00000, 0x0000000088a00000| Untracked 
| 139|0x0000000088b00000, 0x0000000088c00000, 0x0000000088c00000|100%| O|  |TAMS 0x0000000088b00000, 0x0000000088b00000| Untracked 
| 140|0x0000000088c00000, 0x0000000088d00000, 0x0000000088d00000|100%| O|  |TAMS 0x0000000088c00000, 0x0000000088c00000| Untracked 
| 141|0x0000000088d00000, 0x0000000088d00000, 0x0000000088e00000|  0%| F|  |TAMS 0x0000000088d00000, 0x0000000088d00000| Untracked 
| 142|0x0000000088e00000, 0x0000000088e00000, 0x0000000088f00000|  0%| F|  |TAMS 0x0000000088e00000, 0x0000000088e00000| Untracked 
| 143|0x0000000088f00000, 0x0000000088f00000, 0x0000000089000000|  0%| F|  |TAMS 0x0000000088f00000, 0x0000000088f00000| Untracked 
| 144|0x0000000089000000, 0x0000000089000000, 0x0000000089100000|  0%| F|  |TAMS 0x0000000089000000, 0x0000000089000000| Untracked 
| 145|0x0000000089100000, 0x0000000089100000, 0x0000000089200000|  0%| F|  |TAMS 0x0000000089100000, 0x0000000089100000| Untracked 
| 146|0x0000000089200000, 0x0000000089200000, 0x0000000089300000|  0%| F|  |TAMS 0x0000000089200000, 0x0000000089200000| Untracked 
| 147|0x0000000089300000, 0x0000000089300000, 0x0000000089400000|  0%| F|  |TAMS 0x0000000089300000, 0x0000000089300000| Untracked 
| 148|0x0000000089400000, 0x0000000089400000, 0x0000000089500000|  0%| F|  |TAMS 0x0000000089400000, 0x0000000089400000| Untracked 
| 149|0x0000000089500000, 0x0000000089500000, 0x0000000089600000|  0%| F|  |TAMS 0x0000000089500000, 0x0000000089500000| Untracked 
| 150|0x0000000089600000, 0x0000000089600000, 0x0000000089700000|  0%| F|  |TAMS 0x0000000089600000, 0x0000000089600000| Untracked 
| 151|0x0000000089700000, 0x0000000089700000, 0x0000000089800000|  0%| F|  |TAMS 0x0000000089700000, 0x0000000089700000| Untracked 
| 152|0x0000000089800000, 0x0000000089800000, 0x0000000089900000|  0%| F|  |TAMS 0x0000000089800000, 0x0000000089800000| Untracked 
| 153|0x0000000089900000, 0x0000000089900000, 0x0000000089a00000|  0%| F|  |TAMS 0x0000000089900000, 0x0000000089900000| Untracked 
| 154|0x0000000089a00000, 0x0000000089a00000, 0x0000000089b00000|  0%| F|  |TAMS 0x0000000089a00000, 0x0000000089a00000| Untracked 
| 155|0x0000000089b00000, 0x0000000089b00000, 0x0000000089c00000|  0%| F|  |TAMS 0x0000000089b00000, 0x0000000089b00000| Untracked 
| 156|0x0000000089c00000, 0x0000000089c00000, 0x0000000089d00000|  0%| F|  |TAMS 0x0000000089c00000, 0x0000000089c00000| Untracked 
| 157|0x0000000089d00000, 0x0000000089d00000, 0x0000000089e00000|  0%| F|  |TAMS 0x0000000089d00000, 0x0000000089d00000| Untracked 
| 158|0x0000000089e00000, 0x0000000089e00000, 0x0000000089f00000|  0%| F|  |TAMS 0x0000000089e00000, 0x0000000089e00000| Untracked 
| 159|0x0000000089f00000, 0x0000000089f00000, 0x000000008a000000|  0%| F|  |TAMS 0x0000000089f00000, 0x0000000089f00000| Untracked 
| 160|0x000000008a000000, 0x000000008a000000, 0x000000008a100000|  0%| F|  |TAMS 0x000000008a000000, 0x000000008a000000| Untracked 
| 161|0x000000008a100000, 0x000000008a100000, 0x000000008a200000|  0%| F|  |TAMS 0x000000008a100000, 0x000000008a100000| Untracked 
| 162|0x000000008a200000, 0x000000008a200000, 0x000000008a300000|  0%| F|  |TAMS 0x000000008a200000, 0x000000008a200000| Untracked 
| 163|0x000000008a300000, 0x000000008a300000, 0x000000008a400000|  0%| F|  |TAMS 0x000000008a300000, 0x000000008a300000| Untracked 
| 164|0x000000008a400000, 0x000000008a400000, 0x000000008a500000|  0%| F|  |TAMS 0x000000008a400000, 0x000000008a400000| Untracked 
| 165|0x000000008a500000, 0x000000008a500000, 0x000000008a600000|  0%| F|  |TAMS 0x000000008a500000, 0x000000008a500000| Untracked 
| 166|0x000000008a600000, 0x000000008a600000, 0x000000008a700000|  0%| F|  |TAMS 0x000000008a600000, 0x000000008a600000| Untracked 
| 167|0x000000008a700000, 0x000000008a700000, 0x000000008a800000|  0%| F|  |TAMS 0x000000008a700000, 0x000000008a700000| Untracked 
| 168|0x000000008a800000, 0x000000008a800000, 0x000000008a900000|  0%| F|  |TAMS 0x000000008a800000, 0x000000008a800000| Untracked 
| 169|0x000000008a900000, 0x000000008a900000, 0x000000008aa00000|  0%| F|  |TAMS 0x000000008a900000, 0x000000008a900000| Untracked 
| 170|0x000000008aa00000, 0x000000008aa00000, 0x000000008ab00000|  0%| F|  |TAMS 0x000000008aa00000, 0x000000008aa00000| Untracked 
| 171|0x000000008ab00000, 0x000000008ab00000, 0x000000008ac00000|  0%| F|  |TAMS 0x000000008ab00000, 0x000000008ab00000| Untracked 
| 172|0x000000008ac00000, 0x000000008ac00000, 0x000000008ad00000|  0%| F|  |TAMS 0x000000008ac00000, 0x000000008ac00000| Untracked 
| 173|0x000000008ad00000, 0x000000008ad00000, 0x000000008ae00000|  0%| F|  |TAMS 0x000000008ad00000, 0x000000008ad00000| Untracked 
| 174|0x000000008ae00000, 0x000000008ae00000, 0x000000008af00000|  0%| F|  |TAMS 0x000000008ae00000, 0x000000008ae00000| Untracked 
| 175|0x000000008af00000, 0x000000008af00000, 0x000000008b000000|  0%| F|  |TAMS 0x000000008af00000, 0x000000008af00000| Untracked 
| 176|0x000000008b000000, 0x000000008b000000, 0x000000008b100000|  0%| F|  |TAMS 0x000000008b000000, 0x000000008b000000| Untracked 
| 177|0x000000008b100000, 0x000000008b100000, 0x000000008b200000|  0%| F|  |TAMS 0x000000008b100000, 0x000000008b100000| Untracked 
| 178|0x000000008b200000, 0x000000008b200000, 0x000000008b300000|  0%| F|  |TAMS 0x000000008b200000, 0x000000008b200000| Untracked 
| 179|0x000000008b300000, 0x000000008b300000, 0x000000008b400000|  0%| F|  |TAMS 0x000000008b300000, 0x000000008b300000| Untracked 
| 180|0x000000008b400000, 0x000000008b400000, 0x000000008b500000|  0%| F|  |TAMS 0x000000008b400000, 0x000000008b400000| Untracked 
| 181|0x000000008b500000, 0x000000008b500000, 0x000000008b600000|  0%| F|  |TAMS 0x000000008b500000, 0x000000008b500000| Untracked 
| 182|0x000000008b600000, 0x000000008b6e6200, 0x000000008b700000| 89%| S|CS|TAMS 0x000000008b600000, 0x000000008b600000| Complete 
| 183|0x000000008b700000, 0x000000008b800000, 0x000000008b800000|100%| S|CS|TAMS 0x000000008b700000, 0x000000008b700000| Complete 
| 184|0x000000008b800000, 0x000000008b900000, 0x000000008b900000|100%| S|CS|TAMS 0x000000008b800000, 0x000000008b800000| Complete 
| 185|0x000000008b900000, 0x000000008ba00000, 0x000000008ba00000|100%| S|CS|TAMS 0x000000008b900000, 0x000000008b900000| Complete 
| 186|0x000000008ba00000, 0x000000008bb00000, 0x000000008bb00000|100%| S|CS|TAMS 0x000000008ba00000, 0x000000008ba00000| Complete 
| 187|0x000000008bb00000, 0x000000008bb00000, 0x000000008bc00000|  0%| F|  |TAMS 0x000000008bb00000, 0x000000008bb00000| Untracked 
| 188|0x000000008bc00000, 0x000000008bc00000, 0x000000008bd00000|  0%| F|  |TAMS 0x000000008bc00000, 0x000000008bc00000| Untracked 
| 189|0x000000008bd00000, 0x000000008bd00000, 0x000000008be00000|  0%| F|  |TAMS 0x000000008bd00000, 0x000000008bd00000| Untracked 
| 190|0x000000008be00000, 0x000000008be00000, 0x000000008bf00000|  0%| F|  |TAMS 0x000000008be00000, 0x000000008be00000| Untracked 
| 191|0x000000008bf00000, 0x000000008bf00000, 0x000000008c000000|  0%| F|  |TAMS 0x000000008bf00000, 0x000000008bf00000| Untracked 
| 192|0x000000008c000000, 0x000000008c000000, 0x000000008c100000|  0%| F|  |TAMS 0x000000008c000000, 0x000000008c000000| Untracked 
| 193|0x000000008c100000, 0x000000008c100000, 0x000000008c200000|  0%| F|  |TAMS 0x000000008c100000, 0x000000008c100000| Untracked 
| 194|0x000000008c200000, 0x000000008c200000, 0x000000008c300000|  0%| F|  |TAMS 0x000000008c200000, 0x000000008c200000| Untracked 
| 195|0x000000008c300000, 0x000000008c300000, 0x000000008c400000|  0%| F|  |TAMS 0x000000008c300000, 0x000000008c300000| Untracked 
| 196|0x000000008c400000, 0x000000008c400000, 0x000000008c500000|  0%| F|  |TAMS 0x000000008c400000, 0x000000008c400000| Untracked 
| 197|0x000000008c500000, 0x000000008c500000, 0x000000008c600000|  0%| F|  |TAMS 0x000000008c500000, 0x000000008c500000| Untracked 
| 198|0x000000008c600000, 0x000000008c600000, 0x000000008c700000|  0%| F|  |TAMS 0x000000008c600000, 0x000000008c600000| Untracked 
| 199|0x000000008c700000, 0x000000008c700000, 0x000000008c800000|  0%| F|  |TAMS 0x000000008c700000, 0x000000008c700000| Untracked 
| 200|0x000000008c800000, 0x000000008c800000, 0x000000008c900000|  0%| F|  |TAMS 0x000000008c800000, 0x000000008c800000| Untracked 
| 201|0x000000008c900000, 0x000000008c900000, 0x000000008ca00000|  0%| F|  |TAMS 0x000000008c900000, 0x000000008c900000| Untracked 
| 202|0x000000008ca00000, 0x000000008ca00000, 0x000000008cb00000|  0%| F|  |TAMS 0x000000008ca00000, 0x000000008ca00000| Untracked 
| 203|0x000000008cb00000, 0x000000008cb00000, 0x000000008cc00000|  0%| F|  |TAMS 0x000000008cb00000, 0x000000008cb00000| Untracked 
| 204|0x000000008cc00000, 0x000000008cc00000, 0x000000008cd00000|  0%| F|  |TAMS 0x000000008cc00000, 0x000000008cc00000| Untracked 
| 205|0x000000008cd00000, 0x000000008cd00000, 0x000000008ce00000|  0%| F|  |TAMS 0x000000008cd00000, 0x000000008cd00000| Untracked 
| 206|0x000000008ce00000, 0x000000008ce00000, 0x000000008cf00000|  0%| F|  |TAMS 0x000000008ce00000, 0x000000008ce00000| Untracked 
| 207|0x000000008cf00000, 0x000000008cf00000, 0x000000008d000000|  0%| F|  |TAMS 0x000000008cf00000, 0x000000008cf00000| Untracked 
| 208|0x000000008d000000, 0x000000008d000000, 0x000000008d100000|  0%| F|  |TAMS 0x000000008d000000, 0x000000008d000000| Untracked 
| 209|0x000000008d100000, 0x000000008d100000, 0x000000008d200000|  0%| F|  |TAMS 0x000000008d100000, 0x000000008d100000| Untracked 
| 210|0x000000008d200000, 0x000000008d200000, 0x000000008d300000|  0%| F|  |TAMS 0x000000008d200000, 0x000000008d200000| Untracked 
| 211|0x000000008d300000, 0x000000008d300000, 0x000000008d400000|  0%| F|  |TAMS 0x000000008d300000, 0x000000008d300000| Untracked 
| 212|0x000000008d400000, 0x000000008d400000, 0x000000008d500000|  0%| F|  |TAMS 0x000000008d400000, 0x000000008d400000| Untracked 
| 213|0x000000008d500000, 0x000000008d500000, 0x000000008d600000|  0%| F|  |TAMS 0x000000008d500000, 0x000000008d500000| Untracked 
| 214|0x000000008d600000, 0x000000008d600000, 0x000000008d700000|  0%| F|  |TAMS 0x000000008d600000, 0x000000008d600000| Untracked 
| 215|0x000000008d700000, 0x000000008d700000, 0x000000008d800000|  0%| F|  |TAMS 0x000000008d700000, 0x000000008d700000| Untracked 
| 216|0x000000008d800000, 0x000000008d800000, 0x000000008d900000|  0%| F|  |TAMS 0x000000008d800000, 0x000000008d800000| Untracked 
| 217|0x000000008d900000, 0x000000008d900000, 0x000000008da00000|  0%| F|  |TAMS 0x000000008d900000, 0x000000008d900000| Untracked 
| 218|0x000000008da00000, 0x000000008da719a0, 0x000000008db00000| 44%| E|  |TAMS 0x000000008da00000, 0x000000008da00000| Complete 
| 219|0x000000008db00000, 0x000000008dc00000, 0x000000008dc00000|100%| E|CS|TAMS 0x000000008db00000, 0x000000008db00000| Complete 
| 220|0x000000008dc00000, 0x000000008dd00000, 0x000000008dd00000|100%| E|  |TAMS 0x000000008dc00000, 0x000000008dc00000| Complete 
| 221|0x000000008dd00000, 0x000000008de00000, 0x000000008de00000|100%| E|CS|TAMS 0x000000008dd00000, 0x000000008dd00000| Complete 

Card table byte_map: [0x0000014651f30000,0x0000014652330000] _byte_map_base: 0x0000014651b30000

Marking Bits (Prev, Next): (CMBitMap*) 0x000001463a4124a8, (CMBitMap*) 0x000001463a4124e0
 Prev Bits: [0x0000014652730000, 0x0000014654730000)
 Next Bits: [0x0000014654730000, 0x0000014656730000)

Polling page: 0x0000014638270000

Metaspace:

Usage:
  Non-class:    104.17 MB capacity,   101.98 MB ( 98%) used,     1.82 MB (  2%) free+waste,   369.06 KB ( <1%) overhead. 
      Class:     16.51 MB capacity,    15.08 MB ( 91%) used,     1.26 MB (  8%) free+waste,   170.44 KB (  1%) overhead. 
       Both:    120.67 MB capacity,   117.06 MB ( 97%) used,     3.09 MB (  3%) free+waste,   539.50 KB ( <1%) overhead. 

Virtual space:
  Non-class space:      106.00 MB reserved,     104.32 MB ( 98%) committed 
      Class space:      504.00 MB reserved,      16.63 MB (  3%) committed 
             Both:      610.00 MB reserved,     120.95 MB ( 20%) committed 

Chunk freelists:
   Non-Class:  26.00 KB
       Class:  22.00 KB
        Both:  48.00 KB

MaxMetaspaceSize: 512.00 MB
CompressedClassSpaceSize: 504.00 MB
Initial GC threshold: 20.80 MB
Current GC threshold: 185.95 MB
CDS: off

CodeHeap 'non-profiled nmethods': size=120064Kb used=9531Kb max_used=9531Kb free=110532Kb
 bounds [0x000001464a5f0000, 0x000001464af40000, 0x0000014651b30000]
CodeHeap 'profiled nmethods': size=120000Kb used=33764Kb max_used=33764Kb free=86235Kb
 bounds [0x00000146430c0000, 0x00000146451c0000, 0x000001464a5f0000]
CodeHeap 'non-nmethods': size=5696Kb used=2403Kb max_used=2467Kb free=3292Kb
 bounds [0x0000014642b30000, 0x0000014642db0000, 0x00000146430c0000]
 total_blobs=15492 nmethods=14562 adapters=842
 compilation: enabled
              stopped_count=0, restarted_count=0
 full_count=0

Compilation events (20 events):
Event: 417.506 Thread 0x00000146595a3800 nmethod 14571 0x0000014645198390 code [0x0000014645198540, 0x00000146451986a8]
Event: 417.506 Thread 0x00000146595a3800 14573       1       com.android.tools.r8.graph.B::D (5 bytes)
Event: 417.506 Thread 0x00000146595a3800 nmethod 14573 0x000001464af3d810 code [0x000001464af3d9c0, 0x000001464af3da78]
Event: 417.506 Thread 0x00000146595a3800 14572       1       com.android.tools.r8.internal.y4::B (5 bytes)
Event: 417.506 Thread 0x00000146595a3800 nmethod 14572 0x000001464af3db10 code [0x000001464af3dcc0, 0x000001464af3dd78]
Event: 417.506 Thread 0x00000146595a3800 14568       1       com.android.tools.r8.graph.H0::L (2 bytes)
Event: 417.506 Thread 0x00000146595a3800 nmethod 14568 0x000001464af3de10 code [0x000001464af3dfc0, 0x000001464af3e078]
Event: 417.506 Thread 0x00000146595a3800 14569       1       com.android.tools.r8.graph.B::g (5 bytes)
Event: 417.506 Thread 0x00000146595a3800 nmethod 14569 0x000001464af3e110 code [0x000001464af3e2c0, 0x000001464af3e378]
Event: 417.507 Thread 0x00000146595a3800 14574       2       com.android.tools.r8.internal.jt$$Lambda$1508/0x0000000101050440::accept (16 bytes)
Event: 417.508 Thread 0x00000146595a3800 nmethod 14574 0x0000014645198790 code [0x0000014645198940, 0x0000014645198ac8]
Event: 417.508 Thread 0x00000146595a3800 14575       2       com.android.tools.r8.internal.jt::a (9 bytes)
Event: 417.508 Thread 0x00000146595a3800 nmethod 14575 0x0000014645198b90 code [0x0000014645198d40, 0x0000014645198e48]
Event: 417.508 Thread 0x00000146595a3800 14576       2       com.android.tools.r8.graph.V0::a (34 bytes)
Event: 417.508 Thread 0x00000146595a3800 nmethod 14576 0x0000014645198f10 code [0x00000146451990c0, 0x00000146451991e8]
Event: 417.508 Thread 0x00000146595a3800 14577       2       com.android.tools.r8.graph.z::E0 (23 bytes)
Event: 417.508 Thread 0x00000146595a3800 nmethod 14577 0x0000014645199290 code [0x0000014645199440, 0x00000146451995a8]
Event: 417.508 Thread 0x00000146595a3800 14578       2       com.android.tools.r8.graph.z::I0 (12 bytes)
Event: 417.509 Thread 0x00000146595a3800 nmethod 14578 0x0000014645199690 code [0x0000014645199840, 0x0000014645199968]
Event: 417.509 Thread 0x00000146595a3800 14580       2       com.android.tools.r8.internal.Is::a (76 bytes)

GC Heap History (20 events):
Event: 411.898 GC heap after
{Heap after GC invocations=73 (full 0):
 garbage-first heap   total 131072K, used 110019K [0x0000000080000000, 0x0000000100000000)
  region size 1024K, 1 young (1024K), 1 survivors (1024K)
 Metaspace       used 112217K, capacity 115572K, committed 115912K, reserved 616448K
  class space    used 14337K, capacity 15621K, committed 15744K, reserved 516096K
}
Event: 412.090 GC heap before
{Heap before GC invocations=73 (full 0):
 garbage-first heap   total 131072K, used 114115K [0x0000000080000000, 0x0000000100000000)
  region size 1024K, 6 young (6144K), 1 survivors (1024K)
 Metaspace       used 112223K, capacity 115572K, committed 115912K, reserved 616448K
  class space    used 14337K, capacity 15621K, committed 15744K, reserved 516096K
}
Event: 412.095 GC heap after
{Heap after GC invocations=74 (full 0):
 garbage-first heap   total 157696K, used 110232K [0x0000000080000000, 0x0000000100000000)
  region size 1024K, 1 young (1024K), 1 survivors (1024K)
 Metaspace       used 112223K, capacity 115572K, committed 115912K, reserved 616448K
  class space    used 14337K, capacity 15621K, committed 15744K, reserved 516096K
}
Event: 412.801 GC heap before
{Heap before GC invocations=74 (full 0):
 garbage-first heap   total 157696K, used 124568K [0x0000000080000000, 0x0000000100000000)
  region size 1024K, 16 young (16384K), 1 survivors (1024K)
 Metaspace       used 112362K, capacity 115696K, committed 115912K, reserved 616448K
  class space    used 14350K, capacity 15634K, committed 15744K, reserved 516096K
}
Event: 412.805 GC heap after
{Heap after GC invocations=75 (full 0):
 garbage-first heap   total 157696K, used 110973K [0x0000000080000000, 0x0000000100000000)
  region size 1024K, 2 young (2048K), 2 survivors (2048K)
 Metaspace       used 112362K, capacity 115696K, committed 115912K, reserved 616448K
  class space    used 14350K, capacity 15634K, committed 15744K, reserved 516096K
}
Event: 413.678 GC heap before
{Heap before GC invocations=75 (full 0):
 garbage-first heap   total 157696K, used 134525K [0x0000000080000000, 0x0000000100000000)
  region size 1024K, 18 young (18432K), 2 survivors (2048K)
 Metaspace       used 112678K, capacity 116043K, committed 116168K, reserved 618496K
  class space    used 14399K, capacity 15707K, committed 15744K, reserved 516096K
}
Event: 413.687 GC heap after
{Heap after GC invocations=76 (full 0):
 garbage-first heap   total 157696K, used 115083K [0x0000000080000000, 0x0000000100000000)
  region size 1024K, 3 young (3072K), 3 survivors (3072K)
 Metaspace       used 112678K, capacity 116043K, committed 116168K, reserved 618496K
  class space    used 14399K, capacity 15707K, committed 15744K, reserved 516096K
}
Event: 414.596 GC heap before
{Heap before GC invocations=76 (full 0):
 garbage-first heap   total 157696K, used 129419K [0x0000000080000000, 0x0000000100000000)
  region size 1024K, 18 young (18432K), 3 survivors (3072K)
 Metaspace       used 113169K, capacity 116529K, committed 116808K, reserved 618496K
  class space    used 14478K, capacity 15785K, committed 15872K, reserved 516096K
}
Event: 414.604 GC heap after
{Heap after GC invocations=77 (full 0):
 garbage-first heap   total 157696K, used 117279K [0x0000000080000000, 0x0000000100000000)
  region size 1024K, 3 young (3072K), 3 survivors (3072K)
 Metaspace       used 113169K, capacity 116529K, committed 116808K, reserved 618496K
  class space    used 14478K, capacity 15785K, committed 15872K, reserved 516096K
}
Event: 415.415 GC heap before
{Heap before GC invocations=77 (full 0):
 garbage-first heap   total 157696K, used 130591K [0x0000000080000000, 0x0000000100000000)
  region size 1024K, 17 young (17408K), 3 survivors (3072K)
 Metaspace       used 114153K, capacity 117523K, committed 117704K, reserved 618496K
  class space    used 14601K, capacity 15924K, committed 16000K, reserved 516096K
}
Event: 415.422 GC heap after
{Heap after GC invocations=78 (full 0):
 garbage-first heap   total 189440K, used 120343K [0x0000000080000000, 0x0000000100000000)
  region size 1024K, 3 young (3072K), 3 survivors (3072K)
 Metaspace       used 114153K, capacity 117523K, committed 117704K, reserved 618496K
  class space    used 14601K, capacity 15924K, committed 16000K, reserved 516096K
}
Event: 415.715 GC heap before
{Heap before GC invocations=78 (full 0):
 garbage-first heap   total 189440K, used 145943K [0x0000000080000000, 0x0000000100000000)
  region size 1024K, 29 young (29696K), 3 survivors (3072K)
 Metaspace       used 114535K, capacity 117901K, committed 117960K, reserved 618496K
  class space    used 14649K, capacity 15964K, committed 16000K, reserved 516096K
}
Event: 415.721 GC heap after
{Heap after GC invocations=79 (full 0):
 garbage-first heap   total 189440K, used 125246K [0x0000000080000000, 0x0000000100000000)
  region size 1024K, 4 young (4096K), 4 survivors (4096K)
 Metaspace       used 114535K, capacity 117901K, committed 117960K, reserved 618496K
  class space    used 14649K, capacity 15964K, committed 16000K, reserved 516096K
}
Event: 416.448 GC heap before
{Heap before GC invocations=79 (full 0):
 garbage-first heap   total 189440K, used 149822K [0x0000000080000000, 0x0000000100000000)
  region size 1024K, 28 young (28672K), 4 survivors (4096K)
 Metaspace       used 116352K, capacity 119872K, committed 120136K, reserved 620544K
  class space    used 14895K, capacity 16263K, committed 16384K, reserved 516096K
}
Event: 416.458 GC heap after
{Heap after GC invocations=80 (full 0):
 garbage-first heap   total 189440K, used 126843K [0x0000000080000000, 0x0000000100000000)
  region size 1024K, 4 young (4096K), 4 survivors (4096K)
 Metaspace       used 116352K, capacity 119872K, committed 120136K, reserved 620544K
  class space    used 14895K, capacity 16263K, committed 16384K, reserved 516096K
}
Event: 416.837 GC heap before
{Heap before GC invocations=80 (full 0):
 garbage-first heap   total 189440K, used 150395K [0x0000000080000000, 0x0000000100000000)
  region size 1024K, 28 young (28672K), 4 survivors (4096K)
 Metaspace       used 116525K, capacity 119977K, committed 120136K, reserved 620544K
  class space    used 14925K, capacity 16277K, committed 16384K, reserved 516096K
}
Event: 416.853 GC heap after
{Heap after GC invocations=81 (full 0):
 garbage-first heap   total 189440K, used 132779K [0x0000000080000000, 0x0000000100000000)
  region size 1024K, 4 young (4096K), 4 survivors (4096K)
 Metaspace       used 116525K, capacity 119977K, committed 120136K, reserved 620544K
  class space    used 14925K, capacity 16277K, committed 16384K, reserved 516096K
}
Event: 417.060 GC heap before
{Heap before GC invocations=81 (full 0):
 garbage-first heap   total 189440K, used 154283K [0x0000000080000000, 0x0000000100000000)
  region size 1024K, 25 young (25600K), 4 survivors (4096K)
 Metaspace       used 117095K, capacity 120641K, committed 120776K, reserved 620544K
  class space    used 15015K, capacity 16394K, committed 16512K, reserved 516096K
}
Event: 417.080 GC heap after
{Heap after GC invocations=82 (full 0):
 garbage-first heap   total 227328K, used 138945K [0x0000000080000000, 0x0000000100000000)
  region size 1024K, 4 young (4096K), 4 survivors (4096K)
 Metaspace       used 117095K, capacity 120641K, committed 120776K, reserved 620544K
  class space    used 15015K, capacity 16394K, committed 16512K, reserved 516096K
}
Event: 417.510 GC heap before
{Heap before GC invocations=82 (full 0):
 garbage-first heap   total 227328K, used 169665K [0x0000000080000000, 0x0000000100000000)
  region size 1024K, 34 young (34816K), 4 survivors (4096K)
 Metaspace       used 118942K, capacity 122603K, committed 122824K, reserved 622592K
  class space    used 15268K, capacity 16712K, committed 16768K, reserved 516096K
}

Deoptimization events (20 events):
Event: 416.461 Thread 0x000001466150b800 Uncommon trap: trap_request=0xffffff4d fr.pc=0x000001464aef1aa4 relative=0x0000000000000084
Event: 416.461 Thread 0x000001466150b800 Uncommon trap: reason=unstable_if action=reinterpret pc=0x000001464aef1aa4 method=com.android.tools.r8.graph.c0.a(C[BI)I @ 7 c2
Event: 416.461 Thread 0x000001466150b800 DEOPT PACKING pc=0x000001464aef1aa4 sp=0x0000001485df9e80
Event: 416.461 Thread 0x000001466150b800 DEOPT UNPACKING pc=0x0000014642b7a1af sp=0x0000001485df9e18 mode 2
Event: 416.466 Thread 0x000001466150b800 Uncommon trap: trap_request=0xffffff4d fr.pc=0x000001464af105e8 relative=0x0000000000001688
Event: 416.466 Thread 0x000001466150b800 Uncommon trap: reason=unstable_if action=reinterpret pc=0x000001464af105e8 method=com.android.tools.r8.internal.E9.e(Ljava/lang/String;)[Ljava/lang/String; @ 27 c2
Event: 416.466 Thread 0x000001466150b800 DEOPT PACKING pc=0x000001464af105e8 sp=0x0000001485df9c70
Event: 416.466 Thread 0x000001466150b800 DEOPT UNPACKING pc=0x0000014642b7a1af sp=0x0000001485df9c50 mode 2
Event: 416.586 Thread 0x000001466150b800 DEOPT PACKING pc=0x0000014644ffffcb sp=0x0000001485dfa4e0
Event: 416.586 Thread 0x000001466150b800 DEOPT UNPACKING pc=0x0000014642b7a95e sp=0x0000001485df9a30 mode 0
Event: 416.631 Thread 0x000001466150b800 DEOPT PACKING pc=0x0000014644ffffcb sp=0x0000001485dfa5f0
Event: 416.631 Thread 0x000001466150b800 DEOPT UNPACKING pc=0x0000014642b7a95e sp=0x0000001485df9b20 mode 0
Event: 416.798 Thread 0x000001466150b800 DEOPT PACKING pc=0x0000014645030313 sp=0x0000001485df9870
Event: 416.798 Thread 0x000001466150b800 DEOPT UNPACKING pc=0x0000014642b7a95e sp=0x0000001485df8df0 mode 0
Event: 417.228 Thread 0x000001466150b800 Uncommon trap: trap_request=0xffffff4d fr.pc=0x000001464af33a68 relative=0x0000000000001008
Event: 417.228 Thread 0x000001466150b800 Uncommon trap: reason=unstable_if action=reinterpret pc=0x000001464af33a68 method=com.android.tools.r8.internal.SF.a()Ljava/lang/String; @ 34 c2
Event: 417.228 Thread 0x000001466150b800 DEOPT PACKING pc=0x000001464af33a68 sp=0x0000001485df9980
Event: 417.228 Thread 0x000001466150b800 DEOPT UNPACKING pc=0x0000014642b7a1af sp=0x0000001485df9958 mode 2
Event: 417.491 Thread 0x000001466150b800 DEOPT PACKING pc=0x00000146451780bc sp=0x0000001485dfa6e0
Event: 417.491 Thread 0x000001466150b800 DEOPT UNPACKING pc=0x0000014642b7a95e sp=0x0000001485df9ae8 mode 0

Classes redefined (0 events):
No events

Internal exceptions (20 events):
Event: 415.854 Thread 0x000001465ed16800 Exception <a 'java/lang/IncompatibleClassChangeError'{0x000000008b21eca8}: Found class java.lang.Object, but interface was expected> (0x000000008b21eca8) thrown at [./src/hotspot/share/interpreter/linkResolver.cpp, line 839]
Event: 415.854 Thread 0x000001465d74e000 Exception <a 'java/lang/IncompatibleClassChangeError'{0x000000008b241f48}: Found class java.lang.Object, but interface was expected> (0x000000008b241f48) thrown at [./src/hotspot/share/interpreter/linkResolver.cpp, line 839]
Event: 415.854 Thread 0x000001466150d000 Exception <a 'java/lang/IncompatibleClassChangeError'{0x000000008b8f4200}: Found class java.lang.Object, but interface was expected> (0x000000008b8f4200) thrown at [./src/hotspot/share/interpreter/linkResolver.cpp, line 839]
Event: 416.402 Thread 0x000001465d74e000 Exception <a 'java/lang/NoSuchMethodError'{0x000000008a363348}: 'int java.lang.invoke.DirectMethodHandle$Holder.invokeVirtual(java.lang.Object, java.lang.Object, java.lang.Object, java.lang.Object)'> (0x000000008a363348) thrown at [./src/hotspot/share/interpreter/linkResolver.cpp, line 773]
Event: 416.402 Thread 0x000001466150d000 Exception <a 'java/lang/NoSuchMethodError'{0x000000008a4e0ab0}: 'int java.lang.invoke.DirectMethodHandle$Holder.invokeVirtual(java.lang.Object, java.lang.Object, java.lang.Object, java.lang.Object)'> (0x000000008a4e0ab0) thrown at [./src/hotspot/share/interpreter/linkResolver.cpp, line 773]
Event: 416.537 Thread 0x000001465ed16800 Exception <a 'java/lang/NoSuchMethodError'{0x000000008b5c1d78}: 'long java.lang.invoke.DirectMethodHandle$Holder.invokeStatic(java.lang.Object, java.lang.Object)'> (0x000000008b5c1d78) thrown at [./src/hotspot/share/interpreter/linkResolver.cpp, line 773]
Event: 416.537 Thread 0x000001466150d000 Exception <a 'java/lang/NoSuchMethodError'{0x000000008b67d098}: 'long java.lang.invoke.DirectMethodHandle$Holder.invokeStatic(java.lang.Object, java.lang.Object)'> (0x000000008b67d098) thrown at [./src/hotspot/share/interpreter/linkResolver.cpp, line 773]
Event: 416.537 Thread 0x000001465d74e000 Exception <a 'java/lang/NoSuchMethodError'{0x000000008b50dff0}: 'long java.lang.invoke.DirectMethodHandle$Holder.invokeStatic(java.lang.Object, java.lang.Object)'> (0x000000008b50dff0) thrown at [./src/hotspot/share/interpreter/linkResolver.cpp, line 773]
Event: 416.957 Thread 0x000001466150b800 Exception <a 'java/lang/IncompatibleClassChangeError'{0x000000008aa4c028}: Found class java.lang.Object, but interface was expected> (0x000000008aa4c028) thrown at [./src/hotspot/share/interpreter/linkResolver.cpp, line 839]
Event: 416.957 Thread 0x000001465d74e000 Exception <a 'java/lang/IncompatibleClassChangeError'{0x000000008aac1c68}: Found class java.lang.Object, but interface was expected> (0x000000008aac1c68) thrown at [./src/hotspot/share/interpreter/linkResolver.cpp, line 839]
Event: 416.959 Thread 0x000001466150b800 Exception <a 'java/lang/NoSuchMethodError'{0x000000008aa53d20}: 'java.lang.Object java.lang.invoke.DirectMethodHandle$Holder.newInvokeSpecial(java.lang.Object, int)'> (0x000000008aa53d20) thrown at [./src/hotspot/share/interpreter/linkResolver.cpp, line 773]
Event: 416.960 Thread 0x000001465ed16800 Exception <a 'java/lang/NoSuchMethodError'{0x000000008aaa95a0}: 'java.lang.Object java.lang.invoke.DirectMethodHandle$Holder.newInvokeSpecial(java.lang.Object, int)'> (0x000000008aaa95a0) thrown at [./src/hotspot/share/interpreter/linkResolver.cpp, line 773]
Event: 416.966 Thread 0x000001465ed16800 Exception <a 'java/lang/IncompatibleClassChangeError'{0x000000008aad3250}: Found class java.lang.Object, but interface was expected> (0x000000008aad3250) thrown at [./src/hotspot/share/interpreter/linkResolver.cpp, line 839]
Event: 416.966 Thread 0x000001466150b800 Exception <a 'java/lang/IncompatibleClassChangeError'{0x000000008aa5f4d8}: Found class java.lang.Object, but interface was expected> (0x000000008aa5f4d8) thrown at [./src/hotspot/share/interpreter/linkResolver.cpp, line 839]
Event: 416.966 Thread 0x000001465d74e000 Exception <a 'java/lang/IncompatibleClassChangeError'{0x000000008aad7bf8}: Found class java.lang.Object, but interface was expected> (0x000000008aad7bf8) thrown at [./src/hotspot/share/interpreter/linkResolver.cpp, line 839]
Event: 416.966 Thread 0x000001466150d000 Exception <a 'java/lang/IncompatibleClassChangeError'{0x000000008aaba8f8}: Found class java.lang.Object, but interface was expected> (0x000000008aaba8f8) thrown at [./src/hotspot/share/interpreter/linkResolver.cpp, line 839]
Event: 416.967 Thread 0x000001465ed16800 Exception <a 'java/lang/IncompatibleClassChangeError'{0x000000008aaea078}: Found class java.lang.Object, but interface was expected> (0x000000008aaea078) thrown at [./src/hotspot/share/interpreter/linkResolver.cpp, line 839]
Event: 417.035 Thread 0x000001465d74e000 Exception <a 'java/lang/IncompatibleClassChangeError'{0x000000008a5ecf28}: Found class java.lang.Object, but interface was expected> (0x000000008a5ecf28) thrown at [./src/hotspot/share/interpreter/linkResolver.cpp, line 839]
Event: 417.035 Thread 0x000001466150b800 Exception <a 'java/lang/IncompatibleClassChangeError'{0x000000008a5a9248}: Found class java.lang.Object, but interface was expected> (0x000000008a5a9248) thrown at [./src/hotspot/share/interpreter/linkResolver.cpp, line 839]
Event: 417.429 Thread 0x000001466150d000 Exception <a 'java/lang/NoSuchMethodError'{0x000000008c89da98}: 'java.lang.Object java.lang.invoke.DirectMethodHandle$Holder.invokeStatic(java.lang.Object, int, java.lang.Object, java.lang.Object)'> (0x000000008c89da98) thrown at [./src/hotspot/share/interpreter/linkResolver.cpp, line 773]

Events (20 events):
Event: 417.500 loading class com/android/tools/r8/graph/V0 done
Event: 417.500 loading class com/android/tools/r8/internal/Is
Event: 417.500 loading class com/android/tools/r8/internal/Is done
Event: 417.502 loading class com/android/tools/r8/internal/Is
Event: 417.502 loading class com/android/tools/r8/internal/Is done
Event: 417.508 loading class com/android/tools/r8/graph/Z
Event: 417.508 loading class com/android/tools/r8/graph/Z done
Event: 417.508 loading class com/android/tools/r8/graph/Z
Event: 417.508 loading class com/android/tools/r8/graph/Z done
Event: 417.508 loading class com/android/tools/r8/utils/X
Event: 417.508 loading class com/android/tools/r8/utils/X done
Event: 417.508 loading class com/android/tools/r8/utils/X
Event: 417.508 loading class com/android/tools/r8/utils/X done
Event: 417.509 loading class com/android/tools/r8/utils/X
Event: 417.509 loading class com/android/tools/r8/utils/X done
Event: 417.509 loading class com/android/tools/r8/utils/X
Event: 417.509 loading class com/android/tools/r8/utils/X done
Event: 417.509 loading class com/android/tools/r8/utils/Y
Event: 417.509 loading class com/android/tools/r8/utils/Y done
Event: 417.509 Executing VM operation: G1CollectForAllocation


Dynamic libraries:
0x00007ff70e300000 - 0x00007ff70e30d000 	C:\Program Files\OpenJDK\openjdk-11.0.15_10\bin\java.exe
0x00007ff9caeb0000 - 0x00007ff9cb0a7000 	C:\WINDOWS\SYSTEM32\ntdll.dll
0x00007ff9cac10000 - 0x00007ff9caccd000 	C:\WINDOWS\System32\KERNEL32.DLL
0x00007ff9c8810000 - 0x00007ff9c8add000 	C:\WINDOWS\System32\KERNELBASE.dll
0x00007ff9c8c80000 - 0x00007ff9c8d80000 	C:\WINDOWS\System32\ucrtbase.dll
0x00007ff9a5610000 - 0x00007ff9a5628000 	C:\Program Files\OpenJDK\openjdk-11.0.15_10\bin\jli.dll
0x00007ff9c9d10000 - 0x00007ff9c9eb0000 	C:\WINDOWS\System32\USER32.dll
0x00007ff9c8680000 - 0x00007ff9c86a2000 	C:\WINDOWS\System32\win32u.dll
0x00007ff9ca2c0000 - 0x00007ff9ca2ea000 	C:\WINDOWS\System32\GDI32.dll
0x00007ff9c8ae0000 - 0x00007ff9c8beb000 	C:\WINDOWS\System32\gdi32full.dll
0x00007ff9c8720000 - 0x00007ff9c87bd000 	C:\WINDOWS\System32\msvcp_win.dll
0x00007ff9a56f0000 - 0x00007ff9a5706000 	C:\Program Files\OpenJDK\openjdk-11.0.15_10\bin\VCRUNTIME140.dll
0x00007ff9b8a90000 - 0x00007ff9b8d2a000 	C:\WINDOWS\WinSxS\amd64_microsoft.windows.common-controls_6595b64144ccf1df_6.0.19041.1110_none_60b5254171f9507e\COMCTL32.dll
0x00007ff9ca2f0000 - 0x00007ff9ca38e000 	C:\WINDOWS\System32\msvcrt.dll
0x00007ff9c8f10000 - 0x00007ff9c8f40000 	C:\WINDOWS\System32\IMM32.DLL
0x00007ff989b40000 - 0x00007ff989bea000 	C:\Program Files\OpenJDK\openjdk-11.0.15_10\bin\msvcp140.dll
0x00007ff978240000 - 0x00007ff978d91000 	C:\Program Files\OpenJDK\openjdk-11.0.15_10\bin\server\jvm.dll
0x00007ff9c9560000 - 0x00007ff9c960e000 	C:\WINDOWS\System32\ADVAPI32.dll
0x00007ff9ca080000 - 0x00007ff9ca11c000 	C:\WINDOWS\System32\sechost.dll
0x00007ff9c9b30000 - 0x00007ff9c9c55000 	C:\WINDOWS\System32\RPCRT4.dll
0x00007ff9c9f10000 - 0x00007ff9c9f18000 	C:\WINDOWS\System32\PSAPI.DLL
0x00007ff9c02a0000 - 0x00007ff9c02a9000 	C:\WINDOWS\SYSTEM32\WSOCK32.dll
0x00007ff9cacd0000 - 0x00007ff9cad3b000 	C:\WINDOWS\System32\WS2_32.dll
0x00007ff9bb4b0000 - 0x00007ff9bb4d7000 	C:\WINDOWS\SYSTEM32\WINMM.dll
0x00007ff9bf190000 - 0x00007ff9bf19a000 	C:\WINDOWS\SYSTEM32\VERSION.dll
0x00007ff9c6eb0000 - 0x00007ff9c6ec2000 	C:\WINDOWS\SYSTEM32\kernel.appcore.dll
0x00007ff9a51a0000 - 0x00007ff9a51b1000 	C:\Program Files\OpenJDK\openjdk-11.0.15_10\bin\verify.dll
0x00007ff9c6b70000 - 0x00007ff9c6d54000 	C:\WINDOWS\SYSTEM32\DBGHELP.DLL
0x00007ff9c25c0000 - 0x00007ff9c25ec000 	C:\WINDOWS\SYSTEM32\dbgcore.DLL
0x00007ff9c8bf0000 - 0x00007ff9c8c72000 	C:\WINDOWS\System32\bcryptPrimitives.dll
0x00007ff9a5170000 - 0x00007ff9a5199000 	C:\Program Files\OpenJDK\openjdk-11.0.15_10\bin\java.dll
0x00007ff9a9a10000 - 0x00007ff9a9a1a000 	C:\Program Files\OpenJDK\openjdk-11.0.15_10\bin\jimage.dll
0x00007ff9a3bf0000 - 0x00007ff9a3c08000 	C:\Program Files\OpenJDK\openjdk-11.0.15_10\bin\zip.dll
0x00007ff9ca440000 - 0x00007ff9cab84000 	C:\WINDOWS\System32\SHELL32.dll
0x00007ff9c63d0000 - 0x00007ff9c6b64000 	C:\WINDOWS\SYSTEM32\windows.storage.dll
0x00007ff9c9690000 - 0x00007ff9c99e4000 	C:\WINDOWS\System32\combase.dll
0x00007ff9c8030000 - 0x00007ff9c805c000 	C:\WINDOWS\SYSTEM32\Wldp.dll
0x00007ff9ca390000 - 0x00007ff9ca43d000 	C:\WINDOWS\System32\SHCORE.dll
0x00007ff9c9eb0000 - 0x00007ff9c9f05000 	C:\WINDOWS\System32\shlwapi.dll
0x00007ff9c8510000 - 0x00007ff9c852f000 	C:\WINDOWS\SYSTEM32\profapi.dll
0x00007ff9a3bd0000 - 0x00007ff9a3be9000 	C:\Program Files\OpenJDK\openjdk-11.0.15_10\bin\net.dll
0x00007ff9c00d0000 - 0x00007ff9c01da000 	C:\WINDOWS\SYSTEM32\WINHTTP.dll
0x00007ff9c7d90000 - 0x00007ff9c7dfa000 	C:\WINDOWS\system32\mswsock.dll
0x00007ff9a31a0000 - 0x00007ff9a31b3000 	C:\Program Files\OpenJDK\openjdk-11.0.15_10\bin\nio.dll
0x00007ff9c3f60000 - 0x00007ff9c3f87000 	C:\Users\Tom\.gradle\native\e1d6ef7f7dcc3fd88c89a11ec53ec762bb8ba0a96d01ffa2cd45eb1d1d8dd5c5\windows-amd64\native-platform.dll
0x00007ff98ac40000 - 0x00007ff98ad84000 	C:\Users\Tom\.gradle\native\5664cfc778a61ccfe75a443a1ab52a65af34e5dc3c78e0209fed803814484fcb\windows-amd64\native-platform-file-events.dll
0x00007ff9a9a20000 - 0x00007ff9a9a29000 	C:\Program Files\OpenJDK\openjdk-11.0.15_10\bin\management.dll
0x00007ff9a6560000 - 0x00007ff9a656c000 	C:\Program Files\OpenJDK\openjdk-11.0.15_10\bin\management_ext.dll
0x00007ff9c7f80000 - 0x00007ff9c7f98000 	C:\WINDOWS\SYSTEM32\CRYPTSP.dll
0x00007ff9c7640000 - 0x00007ff9c7674000 	C:\WINDOWS\system32\rsaenh.dll
0x00007ff9c8d80000 - 0x00007ff9c8da7000 	C:\WINDOWS\System32\bcrypt.dll
0x00007ff9c8490000 - 0x00007ff9c84be000 	C:\WINDOWS\SYSTEM32\USERENV.dll
0x00007ff9c7fa0000 - 0x00007ff9c7fac000 	C:\WINDOWS\SYSTEM32\CRYPTBASE.dll
0x00007ff9c7a30000 - 0x00007ff9c7a6b000 	C:\WINDOWS\SYSTEM32\IPHLPAPI.DLL
0x00007ff9cad40000 - 0x00007ff9cad48000 	C:\WINDOWS\System32\NSI.dll
0x00007ff9c0490000 - 0x00007ff9c04a7000 	C:\WINDOWS\SYSTEM32\dhcpcsvc6.DLL
0x00007ff9c0eb0000 - 0x00007ff9c0ecd000 	C:\WINDOWS\SYSTEM32\dhcpcsvc.DLL
0x00007ff9c7ac0000 - 0x00007ff9c7b8b000 	C:\WINDOWS\SYSTEM32\DNSAPI.dll

dbghelp: loaded successfully - version: 4.0.5 - missing functions: none
symbol engine: initialized successfully - sym options: 0x614 - pdb path: .;C:\Program Files\OpenJDK\openjdk-11.0.15_10\bin;C:\WINDOWS\SYSTEM32;C:\WINDOWS\WinSxS\amd64_microsoft.windows.common-controls_6595b64144ccf1df_6.0.19041.1110_none_60b5254171f9507e;C:\Program Files\OpenJDK\openjdk-11.0.15_10\bin\server;C:\Users\Tom\.gradle\native\e1d6ef7f7dcc3fd88c89a11ec53ec762bb8ba0a96d01ffa2cd45eb1d1d8dd5c5\windows-amd64;C:\Users\Tom\.gradle\native\5664cfc778a61ccfe75a443a1ab52a65af34e5dc3c78e0209fed803814484fcb\windows-amd64

VM Arguments:
jvm_args: -XX:MaxMetaspaceSize=512m --add-opens=java.base/java.util=ALL-UNNAMED --add-opens=java.base/java.lang=ALL-UNNAMED --add-opens=java.base/java.lang.invoke=ALL-UNNAMED --add-opens=java.base/java.util=ALL-UNNAMED --add-opens=java.prefs/java.util.prefs=ALL-UNNAMED --add-opens=java.prefs/java.util.prefs=ALL-UNNAMED --add-opens=java.base/java.nio.charset=ALL-UNNAMED --add-opens=java.base/java.net=ALL-UNNAMED --add-opens=java.base/java.util.concurrent.atomic=ALL-UNNAMED -Xmx2048m -Dfile.encoding=windows-1252 -Duser.country=GB -Duser.language=en -Duser.variant 
java_command: org.gradle.launcher.daemon.bootstrap.GradleDaemon 7.3.3
java_class_path (initial): C:\Users\Tom\.gradle\wrapper\dists\gradle-7.3.3-all\4295vidhdd9hd3gbjyw1xqxpo\gradle-7.3.3\lib\gradle-launcher-7.3.3.jar
Launcher Type: SUN_STANDARD

[Global flags]
     intx CICompilerCount                          = 3                                         {product} {ergonomic}
   size_t CompressedClassSpaceSize                 = 528482304                                 {product} {ergonomic}
     uint ConcGCThreads                            = 1                                         {product} {ergonomic}
     uint G1ConcRefinementThreads                  = 4                                         {product} {ergonomic}
   size_t G1HeapRegionSize                         = 1048576                                   {product} {ergonomic}
    uintx GCDrainStackTargetSize                   = 64                                        {product} {ergonomic}
   size_t InitialHeapSize                          = 134217728                                 {product} {ergonomic}
   size_t MarkStackSize                            = 4194304                                   {product} {ergonomic}
   size_t MaxHeapSize                              = 2147483648                                {product} {command line}
   size_t MaxMetaspaceSize                         = 536870912                                 {product} {command line}
   size_t MaxNewSize                               = 1287651328                                {product} {ergonomic}
   size_t MinHeapDeltaBytes                        = 1048576                                   {product} {ergonomic}
    uintx NonNMethodCodeHeapSize                   = 5830732                                {pd product} {ergonomic}
    uintx NonProfiledCodeHeapSize                  = 122913754                              {pd product} {ergonomic}
    uintx ProfiledCodeHeapSize                     = 122913754                              {pd product} {ergonomic}
    uintx ReservedCodeCacheSize                    = 251658240                              {pd product} {ergonomic}
     bool SegmentedCodeCache                       = true                                      {product} {ergonomic}
     bool UseCompressedClassPointers               = true                                 {lp64_product} {ergonomic}
     bool UseCompressedOops                        = true                                 {lp64_product} {ergonomic}
     bool UseG1GC                                  = true                                      {product} {ergonomic}
     bool UseLargePagesIndividualAllocation        = false                                  {pd product} {ergonomic}

Logging:
Log output configuration:
 #0: stdout all=warning uptime,level,tags
 #1: stderr all=off uptime,level,tags

Environment Variables:
JAVA_HOME=C:\Program Files\OpenJDK\openjdk-11.0.15_10
CLASSPATH=C:\Users\Tom\Documents\Programmation\React Native\projectRNcli\android\\gradle\wrapper\gradle-wrapper.jar
PATH=C:\Users\Tom\Documents\Programmation\React Native\projectRNcli\android\node_modules\.bin;C:\Users\Tom\Documents\Programmation\React Native\projectRNcli\node_modules\.bin;C:\Users\Tom\Documents\Programmation\React Native\node_modules\.bin;C:\Users\Tom\Documents\Programmation\node_modules\.bin;C:\Users\Tom\Documents\node_modules\.bin;C:\Users\Tom\node_modules\.bin;C:\Users\node_modules\.bin;C:\node_modules\.bin;C:\Program Files\nodejs;C:\Users\Tom\Documents\Programmation\React Native\projectRNcli\node_modules\.bin;C:\Users\Tom\Documents\Programmation\React Native\node_modules\.bin;C:\Users\Tom\Documents\Programmation\node_modules\.bin;C:\Users\Tom\Documents\node_modules\.bin;C:\Users\Tom\node_modules\.bin;C:\Users\node_modules\.bin;C:\node_modules\.bin;C:\Program Files\nodejs\node_modules\npm\node_modules\@npmcli\run-script\lib\node-gyp-bin;C:\Python310\Scripts\;C:\Python310\;C:\Program Files\Common Files\Oracle\Java\javapath;C:\Program Files (x86)\Intel\Intel(R) Management Engine Components\iCLS\;C:\Program Files\Intel\Intel(R) Management Engine Components\iCLS\;C:\windows\system32;C:\windows;C:\windows\System32\Wbem;C:\windows\System32\WindowsPowerShell\v1.0\;C:\Program Files (x86)\Intel\Intel(R) Management Engine Components\DAL;C:\Program Files\Intel\Intel(R) Management Engine Components\DAL;C:\Program Files (x86)\Intel\Intel(R) Management Engine Components\IPT;C:\Program Files\Intel\Intel(R) Management Engine Components\IPT;C:\Program Files (x86)\NVIDIA Corporation\PhysX\Common;C:\WINDOWS\system32;C:\WINDOWS;C:\WINDOWS\System32\Wbem;C:\WINDOWS\System32\WindowsPowerShell\v1.0\;C:\WINDOWS\System32\OpenSSH\;C:\Program Files\Microchip\xc8\v2.36\bin;C:\ProgramData\chocolatey\bin;C:\Program Files\OpenJDK\openjdk-11.0.15_10\bin;C:\Program Files\nodejs\;C:\Users\Tom\AppData\Local\Microsoft\WindowsApps;C:\Users\Tom\AppData\Local\Programs\Microsoft VS Code\bin;C:\Users\Tom\AppData\Local\Android\Sdk\platform-tools;C:\Users\Tom\AppData\Roaming\npm;C:\Users\Tom\Documents\Pro
USERNAME=Tom
LANG=en_GB.UTF-8
OS=Windows_NT
PROCESSOR_IDENTIFIER=Intel64 Family 6 Model 142 Stepping 10, GenuineIntel



---------------  S Y S T E M  ---------------

OS: Windows 10 , 64 bit Build 19041 (10.0.19041.1741)
OS uptime: 0 days 4:52 hours

CPU:total 4 (initial active 4) (2 cores per cpu, 2 threads per core) family 6 model 142 stepping 10 microcode 0xb4, cmov, cx8, fxsr, mmx, sse, sse2, sse3, ssse3, sse4.1, sse4.2, popcnt, avx, avx2, aes, clmul, erms, 3dnowpref, lzcnt, ht, tsc, tscinvbit, bmi1, bmi2, adx, fma

Memory: 4k page, system-wide physical 8107M (473M free)
TotalPageFile size 8107M (AvailPageFile size 5M)
current process WorkingSet (physical memory assigned to process): 563M, peak: 563M
current process commit charge ("private bytes"): 624M, peak: 625M

vm_info: OpenJDK 64-Bit Server VM (11.0.15+10) for windows-amd64 JRE (11.0.15+10), built on Apr 21 2022 21:29:46 by "tester" with MS VC++ 15.5 (VS2017)

END.
