#
# There is insufficient memory for the Java Runtime Environment to continue.
# Native memory allocation (mmap) failed to map 76546048 bytes for Failed to commit area from 0x000000008b900000 to 0x0000000090200000 of length 76546048.
# Possible reasons:
#   The system is out of physical RAM or swap space
#   The process is running with CompressedOops enabled, and the Java Heap may be blocking the growth of the native heap
# Possible solutions:
#   Reduce memory load on the system
#   Increase physical memory or swap space
#   Check if swap backing store is full
#   Decrease Java heap size (-Xmx/-Xms)
#   Decrease number of Java threads
#   Decrease Java thread stack sizes (-Xss)
#   Set larger code cache with -XX:ReservedCodeCacheSize=
#   JVM is running with Unscaled Compressed Oops mode in which the Java heap is
#     placed in the first 4GB address space. The Java Heap base address is the
#     maximum limit for the native heap growth. Please use -XX:HeapBaseMinAddress
#     to set the Java Heap base and to place the Java Heap above 4GB virtual address.
# This output file may be truncated or incomplete.
#
#  Out of Memory Error (./src/hotspot/os/windows/os_windows.cpp:3390), pid=12848, tid=5312
#
# JRE version: OpenJDK Runtime Environment 18.9 (11.0.15+10) (build 11.0.15+10)
# Java VM: OpenJDK 64-Bit Server VM 18.9 (11.0.15+10, mixed mode, tiered, compressed oops, g1 gc, windows-amd64)
# No core dump will be written. Minidumps are not enabled by default on client versions of Windows
#

---------------  S U M M A R Y ------------

Command Line: -XX:MaxMetaspaceSize=512m --add-opens=java.base/java.util=ALL-UNNAMED --add-opens=java.base/java.lang=ALL-UNNAMED --add-opens=java.base/java.lang.invoke=ALL-UNNAMED --add-opens=java.base/java.util=ALL-UNNAMED --add-opens=java.prefs/java.util.prefs=ALL-UNNAMED --add-opens=java.prefs/java.util.prefs=ALL-UNNAMED --add-opens=java.base/java.nio.charset=ALL-UNNAMED --add-opens=java.base/java.net=ALL-UNNAMED --add-opens=java.base/java.util.concurrent.atomic=ALL-UNNAMED -Xmx2048m -Dfile.encoding=windows-1252 -Duser.country=GB -Duser.language=en -Duser.variant org.gradle.launcher.daemon.bootstrap.GradleDaemon 7.3.3

Host: Intel(R) Core(TM) i3-7020U CPU @ 2.30GHz, 4 cores, 7G,  Windows 10 , 64 bit Build 19041 (10.0.19041.1741)
Time: Sun Jul  3 16:21:10 2022 Romance Summer Time elapsed time: 55.756654 seconds (0d 0h 0m 55s)

---------------  T H R E A D  ---------------

Current thread (0x0000022e2954c000):  VMThread "VM Thread" [stack: 0x00000039fc100000,0x00000039fc200000] [id=5312]

Stack: [0x00000039fc100000,0x00000039fc200000]
[error occurred during error reporting (printing stack bounds), id 0xc0000005, EXCEPTION_ACCESS_VIOLATION (0xc0000005) at pc=0x0000022e1349112d]

Native frames: (J=compiled Java code, j=interpreted, Vv=VM code, C=native code)
V  [jvm.dll+0x64dd3a]
V  [jvm.dll+0x7906c9]
V  [jvm.dll+0x791d9c]
V  [jvm.dll+0x7923c5]
V  [jvm.dll+0x79237b]
V  [jvm.dll+0x64cdd0]
V  [jvm.dll+0x64d4e8]
C  [ntdll.dll+0xa209f]
C  [ntdll.dll+0x51454]
C  [ntdll.dll+0xa0bce]
C  0x0000022e1349112d

VM_Operation (0x00000039ff0f7fa0): G1CollectForAllocation, mode: safepoint, requested by thread 0x0000022e2c70d800


---------------  P R O C E S S  ---------------

Threads class SMR info:
_java_thread_list=0x0000022e310c6d40, length=89, elements={
0x0000022e0ad32800, 0x0000022e29562800, 0x0000022e2955d000, 0x0000022e295b8000,
0x0000022e295bc000, 0x0000022e295bd000, 0x0000022e295be000, 0x0000022e29ec6000,
0x0000022e29ec7000, 0x0000022e2a026000, 0x0000022e2c76e000, 0x0000022e2ac34000,
0x0000022e2bf38000, 0x0000022e2bf38800, 0x0000022e2bcfd000, 0x0000022e2be6f800,
0x0000022e2be70000, 0x0000022e2c2d3000, 0x0000022e2c1c9800, 0x0000022e2bd7b800,
0x0000022e2c195000, 0x0000022e2c196800, 0x0000022e2c199000, 0x0000022e2c193800,
0x0000022e2c198000, 0x0000022e2c19a000, 0x0000022e2c194000, 0x0000022e2c195800,
0x0000022e2c197800, 0x0000022e2c701000, 0x0000022e2c706000, 0x0000022e2c703800,
0x0000022e2c702800, 0x0000022e2c708800, 0x0000022e2c704800, 0x0000022e2c70a000,
0x0000022e2c70b000, 0x0000022e2c705000, 0x0000022e2c70b800, 0x0000022e2c70c800,
0x0000022e2c709000, 0x0000022e2c707000, 0x0000022e2c70d800, 0x0000022e2c707800,
0x0000022e2c70e000, 0x0000022e2c70f000, 0x0000022e2c70f800, 0x0000022e2d865800,
0x0000022e2d867000, 0x0000022e2d868000, 0x0000022e2d864800, 0x0000022e2d866800,
0x0000022e2d86b000, 0x0000022e2d86d000, 0x0000022e2d86d800, 0x0000022e2d86a800,
0x0000022e2d86c000, 0x0000022e2d86e800, 0x0000022e2d868800, 0x0000022e2d86f000,
0x0000022e2d869800, 0x0000022e2d873800, 0x0000022e2d870000, 0x0000022e2d871000,
0x0000022e2d871800, 0x0000022e2d872800, 0x0000022e30ae6000, 0x0000022e30ae7800,
0x0000022e30aea000, 0x0000022e30ae8800, 0x0000022e30ae5000, 0x0000022e30ae9000,
0x0000022e30ae4000, 0x0000022e30aea800, 0x0000022e30aeb800, 0x0000022e30af1000,
0x0000022e30af3000, 0x0000022e30af2000, 0x0000022e30aed000, 0x0000022e30aee000,
0x0000022e30aef800, 0x0000022e30af0800, 0x0000022e30131800, 0x0000022e30593000,
0x0000022e30136000, 0x0000022e30134800, 0x0000022e30138000, 0x0000022e30132000,
0x0000022e30138800
}

Java Threads: ( => current thread )
  0x0000022e0ad32800 JavaThread "main" [_thread_blocked, id=3956, stack(0x00000039fbb00000,0x00000039fbc00000)]
  0x0000022e29562800 JavaThread "Reference Handler" daemon [_thread_blocked, id=14528, stack(0x00000039fc200000,0x00000039fc300000)]
  0x0000022e2955d000 JavaThread "Finalizer" daemon [_thread_blocked, id=16852, stack(0x00000039fc300000,0x00000039fc400000)]
  0x0000022e295b8000 JavaThread "Signal Dispatcher" daemon [_thread_blocked, id=18336, stack(0x00000039fc400000,0x00000039fc500000)]
  0x0000022e295bc000 JavaThread "Attach Listener" daemon [_thread_blocked, id=15712, stack(0x00000039fc500000,0x00000039fc600000)]
  0x0000022e295bd000 JavaThread "Service Thread" daemon [_thread_blocked, id=16680, stack(0x00000039fc600000,0x00000039fc700000)]
  0x0000022e295be000 JavaThread "C2 CompilerThread0" daemon [_thread_in_native, id=1696, stack(0x00000039fc700000,0x00000039fc800000)]
  0x0000022e29ec6000 JavaThread "C1 CompilerThread0" daemon [_thread_blocked, id=10184, stack(0x00000039fc800000,0x00000039fc900000)]
  0x0000022e29ec7000 JavaThread "Sweeper thread" daemon [_thread_blocked, id=11276, stack(0x00000039fc900000,0x00000039fca00000)]
  0x0000022e2a026000 JavaThread "Common-Cleaner" daemon [_thread_blocked, id=7500, stack(0x00000039fca00000,0x00000039fcb00000)]
  0x0000022e2c76e000 JavaThread "Daemon health stats" [_thread_blocked, id=12140, stack(0x00000039fcf00000,0x00000039fd000000)]
  0x0000022e2ac34000 JavaThread "Incoming local TCP Connector on port 49589" [_thread_in_native, id=16752, stack(0x00000039fcc00000,0x00000039fcd00000)]
  0x0000022e2bf38000 JavaThread "Daemon periodic checks" [_thread_blocked, id=1444, stack(0x00000039fd100000,0x00000039fd200000)]
  0x0000022e2bf38800 JavaThread "Daemon" [_thread_blocked, id=15584, stack(0x00000039fd200000,0x00000039fd300000)]
  0x0000022e2bcfd000 JavaThread "Handler for socket connection from /127.0.0.1:49589 to /127.0.0.1:49590" [_thread_in_native, id=18252, stack(0x00000039fd300000,0x00000039fd400000)]
  0x0000022e2be6f800 JavaThread "Cancel handler" [_thread_blocked, id=4028, stack(0x00000039fd400000,0x00000039fd500000)]
  0x0000022e2be70000 JavaThread "Daemon worker" [_thread_blocked, id=7460, stack(0x00000039fd500000,0x00000039fd600000)]
  0x0000022e2c2d3000 JavaThread "Asynchronous log dispatcher for DefaultDaemonConnection: socket connection from /127.0.0.1:49589 to /127.0.0.1:49590" [_thread_blocked, id=17608, stack(0x00000039fd700000,0x00000039fd800000)]
  0x0000022e2c1c9800 JavaThread "Stdin handler" [_thread_blocked, id=16520, stack(0x00000039fd800000,0x00000039fd900000)]
  0x0000022e2bd7b800 JavaThread "Daemon client event forwarder" [_thread_blocked, id=9236, stack(0x00000039fd900000,0x00000039fda00000)]
  0x0000022e2c195000 JavaThread "Cache worker for journal cache (C:\Users\Tom\.gradle\caches\journal-1)" [_thread_blocked, id=15848, stack(0x00000039fd600000,0x00000039fd700000)]
  0x0000022e2c196800 JavaThread "File lock request listener" [_thread_in_native, id=12032, stack(0x00000039fda00000,0x00000039fdb00000)]
  0x0000022e2c199000 JavaThread "Cache worker for file hash cache (C:\Users\Tom\.gradle\caches\7.3.3\fileHashes)" [_thread_blocked, id=15408, stack(0x00000039fdb00000,0x00000039fdc00000)]
  0x0000022e2c193800 JavaThread "Cache worker for file hash cache (C:\Users\Tom\Documents\Programmation\React Native\projectRNcli\android\.gradle\7.3.3\fileHashes)" [_thread_blocked, id=5328, stack(0x00000039fdc00000,0x00000039fdd00000)]
  0x0000022e2c198000 JavaThread "File watcher server" daemon [_thread_blocked, id=9244, stack(0x00000039fde00000,0x00000039fdf00000)]
  0x0000022e2c19a000 JavaThread "File watcher consumer" daemon [_thread_blocked, id=12504, stack(0x00000039fdf00000,0x00000039fe000000)]
  0x0000022e2c194000 JavaThread "Cache worker for checksums cache (C:\Users\Tom\Documents\Programmation\React Native\projectRNcli\android\.gradle\7.3.3\checksums)" [_thread_blocked, id=15120, stack(0x00000039fe000000,0x00000039fe100000)]
  0x0000022e2c195800 JavaThread "Cache worker for cache directory md-supplier (C:\Users\Tom\.gradle\caches\7.3.3\md-supplier)" [_thread_blocked, id=12812, stack(0x00000039fe100000,0x00000039fe200000)]
  0x0000022e2c197800 JavaThread "Cache worker for cache directory md-rule (C:\Users\Tom\.gradle\caches\7.3.3\md-rule)" [_thread_blocked, id=11292, stack(0x00000039fe200000,0x00000039fe300000)]
  0x0000022e2c701000 JavaThread "Cache worker for execution history cache (C:\Users\Tom\.gradle\caches\7.3.3\executionHistory)" [_thread_blocked, id=1340, stack(0x00000039fe300000,0x00000039fe400000)]
  0x0000022e2c706000 JavaThread "jar transforms" [_thread_blocked, id=8048, stack(0x00000039fe400000,0x00000039fe500000)]
  0x0000022e2c703800 JavaThread "jar transforms Thread 2" [_thread_blocked, id=11296, stack(0x00000039fe500000,0x00000039fe600000)]
  0x0000022e2c702800 JavaThread "Cache worker for file content cache (C:\Users\Tom\.gradle\caches\7.3.3\fileContent)" [_thread_blocked, id=16964, stack(0x00000039fe600000,0x00000039fe700000)]
  0x0000022e2c708800 JavaThread "jar transforms Thread 3" [_thread_blocked, id=8284, stack(0x00000039fdd00000,0x00000039fde00000)]
  0x0000022e2c704800 JavaThread "jar transforms Thread 4" [_thread_blocked, id=9740, stack(0x00000039fe700000,0x00000039fe800000)]
  0x0000022e2c70a000 JavaThread "Cache worker for kotlin-dsl (C:\Users\Tom\.gradle\caches\7.3.3\kotlin-dsl)" [_thread_blocked, id=1432, stack(0x00000039fe900000,0x00000039fea00000)]
  0x0000022e2c70b000 JavaThread "Cache worker for dependencies-accessors (C:\Users\Tom\Documents\Programmation\React Native\projectRNcli\android\.gradle\7.3.3\dependencies-accessors)" [_thread_blocked, id=15800, stack(0x00000039fea00000,0x00000039feb00000)]
  0x0000022e2c705000 JavaThread "Cache worker for Build Output Cleanup Cache (C:\Users\Tom\Documents\Programmation\React Native\projectRNcli\node_modules\react-native-gradle-plugin\.gradle\buildOutputCleanup)" [_thread_blocked, id=14992, stack(0x00000039feb00000,0x00000039fec00000)]
  0x0000022e2c70b800 JavaThread "Unconstrained build operations" [_thread_blocked, id=15932, stack(0x00000039fec00000,0x00000039fed00000)]
  0x0000022e2c70c800 JavaThread "Unconstrained build operations Thread 2" [_thread_blocked, id=13688, stack(0x00000039fed00000,0x00000039fee00000)]
  0x0000022e2c709000 JavaThread "Unconstrained build operations Thread 3" [_thread_blocked, id=17556, stack(0x00000039fee00000,0x00000039fef00000)]
  0x0000022e2c707000 JavaThread "Unconstrained build operations Thread 4" [_thread_blocked, id=8080, stack(0x00000039fef00000,0x00000039ff000000)]
  0x0000022e2c70d800 JavaThread "Unconstrained build operations Thread 5" [_thread_blocked, id=10236, stack(0x00000039ff000000,0x00000039ff100000)]
  0x0000022e2c707800 JavaThread "Unconstrained build operations Thread 6" [_thread_blocked, id=11272, stack(0x00000039ff100000,0x00000039ff200000)]
  0x0000022e2c70e000 JavaThread "Unconstrained build operations Thread 7" [_thread_blocked, id=14260, stack(0x00000039ff200000,0x00000039ff300000)]
  0x0000022e2c70f000 JavaThread "Unconstrained build operations Thread 8" [_thread_blocked, id=10552, stack(0x00000039ff300000,0x00000039ff400000)]
  0x0000022e2c70f800 JavaThread "Unconstrained build operations Thread 9" [_thread_blocked, id=17136, stack(0x00000039ff400000,0x00000039ff500000)]
  0x0000022e2d865800 JavaThread "Unconstrained build operations Thread 10" [_thread_blocked, id=10196, stack(0x00000039ff500000,0x00000039ff600000)]
  0x0000022e2d867000 JavaThread "Unconstrained build operations Thread 11" [_thread_blocked, id=11560, stack(0x00000039ff600000,0x00000039ff700000)]
  0x0000022e2d868000 JavaThread "Unconstrained build operations Thread 12" [_thread_blocked, id=13196, stack(0x00000039ff700000,0x00000039ff800000)]
  0x0000022e2d864800 JavaThread "Unconstrained build operations Thread 13" [_thread_blocked, id=11308, stack(0x00000039ff800000,0x00000039ff900000)]
  0x0000022e2d866800 JavaThread "Unconstrained build operations Thread 14" [_thread_blocked, id=424, stack(0x00000039ff900000,0x00000039ffa00000)]
  0x0000022e2d86b000 JavaThread "Unconstrained build operations Thread 15" [_thread_blocked, id=13900, stack(0x00000039ffa00000,0x00000039ffb00000)]
  0x0000022e2d86d000 JavaThread "Unconstrained build operations Thread 16" [_thread_blocked, id=11620, stack(0x00000039ffb00000,0x00000039ffc00000)]
  0x0000022e2d86d800 JavaThread "Unconstrained build operations Thread 17" [_thread_blocked, id=13656, stack(0x00000039ffc00000,0x00000039ffd00000)]
  0x0000022e2d86a800 JavaThread "Unconstrained build operations Thread 18" [_thread_blocked, id=3364, stack(0x00000039ffd00000,0x00000039ffe00000)]
  0x0000022e2d86c000 JavaThread "Unconstrained build operations Thread 19" [_thread_blocked, id=17792, stack(0x00000039ffe00000,0x00000039fff00000)]
  0x0000022e2d86e800 JavaThread "Unconstrained build operations Thread 20" [_thread_blocked, id=8084, stack(0x00000039fff00000,0x0000003a00000000)]
  0x0000022e2d868800 JavaThread "Unconstrained build operations Thread 21" [_thread_blocked, id=13420, stack(0x0000003980000000,0x0000003980100000)]
  0x0000022e2d86f000 JavaThread "Unconstrained build operations Thread 22" [_thread_blocked, id=11484, stack(0x0000003980100000,0x0000003980200000)]
  0x0000022e2d869800 JavaThread "Unconstrained build operations Thread 23" [_thread_blocked, id=16128, stack(0x0000003980200000,0x0000003980300000)]
  0x0000022e2d873800 JavaThread "Unconstrained build operations Thread 24" [_thread_blocked, id=8492, stack(0x0000003980300000,0x0000003980400000)]
  0x0000022e2d870000 JavaThread "Unconstrained build operations Thread 25" [_thread_blocked, id=1712, stack(0x0000003980400000,0x0000003980500000)]
  0x0000022e2d871000 JavaThread "Unconstrained build operations Thread 26" [_thread_blocked, id=7812, stack(0x0000003980500000,0x0000003980600000)]
  0x0000022e2d871800 JavaThread "Unconstrained build operations Thread 27" [_thread_blocked, id=16684, stack(0x0000003980600000,0x0000003980700000)]
  0x0000022e2d872800 JavaThread "Unconstrained build operations Thread 28" [_thread_blocked, id=3384, stack(0x0000003980700000,0x0000003980800000)]
  0x0000022e30ae6000 JavaThread "Unconstrained build operations Thread 29" [_thread_blocked, id=14424, stack(0x0000003980800000,0x0000003980900000)]
  0x0000022e30ae7800 JavaThread "Unconstrained build operations Thread 30" [_thread_blocked, id=15040, stack(0x0000003980900000,0x0000003980a00000)]
  0x0000022e30aea000 JavaThread "Unconstrained build operations Thread 31" [_thread_blocked, id=16808, stack(0x0000003980a00000,0x0000003980b00000)]
  0x0000022e30ae8800 JavaThread "Unconstrained build operations Thread 32" [_thread_blocked, id=9228, stack(0x0000003980b00000,0x0000003980c00000)]
  0x0000022e30ae5000 JavaThread "Unconstrained build operations Thread 33" [_thread_blocked, id=11956, stack(0x0000003980c00000,0x0000003980d00000)]
  0x0000022e30ae9000 JavaThread "build event listener" [_thread_blocked, id=13608, stack(0x0000003980d00000,0x0000003980e00000)]
  0x0000022e30ae4000 JavaThread "Memory manager" [_thread_blocked, id=7188, stack(0x0000003980e00000,0x0000003980f00000)]
  0x0000022e30aea800 JavaThread "Cache worker for Build Output Cleanup Cache (C:\Users\Tom\Documents\Programmation\React Native\projectRNcli\android\.gradle\buildOutputCleanup)" [_thread_blocked, id=14524, stack(0x0000003980f00000,0x0000003981000000)]
  0x0000022e30aeb800 JavaThread "included builds" [_thread_blocked, id=15280, stack(0x0000003981100000,0x0000003981200000)]
  0x0000022e30af1000 JavaThread "Cache worker for execution history cache (C:\Users\Tom\Documents\Programmation\React Native\projectRNcli\node_modules\react-native-gradle-plugin\.gradle\7.3.3\executionHistory)" [_thread_blocked, id=15576, stack(0x0000003981500000,0x0000003981600000)]
  0x0000022e30af3000 JavaThread "Unconstrained build operations Thread 34" [_thread_blocked, id=11676, stack(0x0000003981600000,0x0000003981700000)]
  0x0000022e30af2000 JavaThread "Unconstrained build operations Thread 35" [_thread_blocked, id=2364, stack(0x0000003981700000,0x0000003981800000)]
  0x0000022e30aed000 JavaThread "Unconstrained build operations Thread 36" [_thread_blocked, id=17696, stack(0x0000003981800000,0x0000003981900000)]
  0x0000022e30aee000 JavaThread "Unconstrained build operations Thread 37" [_thread_blocked, id=14156, stack(0x0000003981900000,0x0000003981a00000)]
  0x0000022e30aef800 JavaThread "Unconstrained build operations Thread 38" [_thread_blocked, id=8880, stack(0x0000003981a00000,0x0000003981b00000)]
  0x0000022e30af0800 JavaThread "Unconstrained build operations Thread 39" [_thread_blocked, id=15572, stack(0x0000003981b00000,0x0000003981c00000)]
  0x0000022e30131800 JavaThread "Unconstrained build operations Thread 40" [_thread_blocked, id=7124, stack(0x0000003981c00000,0x0000003981d00000)]
  0x0000022e30593000 JavaThread "C2 CompilerThread1" daemon [_thread_in_native, id=12268, stack(0x0000003981000000,0x0000003981100000)]
  0x0000022e30136000 JavaThread "Execution worker for ':'" [_thread_blocked, id=15164, stack(0x0000003981400000,0x0000003981500000)]
  0x0000022e30134800 JavaThread "Execution worker for ':' Thread 2" [_thread_blocked, id=13436, stack(0x0000003981d00000,0x0000003981e00000)]
  0x0000022e30138000 JavaThread "Execution worker for ':' Thread 3" [_thread_blocked, id=5608, stack(0x0000003981e00000,0x0000003981f00000)]
  0x0000022e30132000 JavaThread "Cache worker for execution history cache (C:\Users\Tom\Documents\Programmation\React Native\projectRNcli\android\.gradle\7.3.3\executionHistory)" [_thread_blocked, id=9744, stack(0x0000003981f00000,0x0000003982000000)]
  0x0000022e30138800 JavaThread "WorkerExecutor Queue" [_thread_blocked, id=5876, stack(0x0000003982000000,0x0000003982100000)]

Other Threads:
=>0x0000022e2954c000 VMThread "VM Thread" [stack: 0x00000039fc100000,0x00000039fc200000] [id=5312]
  0x0000022e2a047000 WatcherThread [stack: 0x00000039fcb00000,0x00000039fcc00000] [id=12552]
  0x0000022e0ad4b000 GCTaskThread "GC Thread#0" [stack: 0x00000039fbc00000,0x00000039fbd00000] [id=18256]
  0x0000022e2ab68800 GCTaskThread "GC Thread#1" [stack: 0x00000039fcd00000,0x00000039fce00000] [id=17904]
  0x0000022e2a969800 GCTaskThread "GC Thread#2" [stack: 0x00000039fce00000,0x00000039fcf00000] [id=8948]
  0x0000022e2b6ed800 GCTaskThread "GC Thread#3" [stack: 0x00000039fd000000,0x00000039fd100000] [id=15212]
  0x0000022e0ad7d000 ConcurrentGCThread "G1 Main Marker" [stack: 0x00000039fbd00000,0x00000039fbe00000] [id=9372]
  0x0000022e0ad7f800 ConcurrentGCThread "G1 Conc#0" [stack: 0x00000039fbe00000,0x00000039fbf00000] [id=11044]
  0x0000022e0ae0c800 ConcurrentGCThread "G1 Refine#0" [stack: 0x00000039fbf00000,0x00000039fc000000] [id=9588]
  0x0000022e0ae0d800 ConcurrentGCThread "G1 Young RemSet Sampling" [stack: 0x00000039fc000000,0x00000039fc100000] [id=15876]

Threads with active compile tasks:
C2 CompilerThread0    55784 12726 %     4       com.android.tools.r8.internal.U6::a @ 3066 (4191 bytes)
C2 CompilerThread1    55785 12641 %     4       com.android.tools.r8.internal.U6::a @ 2560 (6044 bytes)

VM state:at safepoint (normal execution)

VM Mutex/Monitor currently owned by a thread:  ([mutex/lock_event])
[0x0000022e0ad30040] Threads_lock - owner thread: 0x0000022e2954c000
[0x0000022e0ad2ea50] Heap_lock - owner thread: 0x0000022e2c70d800

Heap address: 0x0000000080000000, size: 2048 MB, Compressed Oops mode: 32-bit
Narrow klass base: 0x0000000000000000, Narrow klass shift: 3
Compressed class space size: 528482304 Address: 0x0000000100000000

Heap:
 garbage-first heap   total 264192K, used 141086K [0x0000000080000000, 0x0000000100000000)
  region size 1024K, 3 young (3072K), 3 survivors (3072K)
 Metaspace       used 106800K, capacity 109892K, committed 110032K, reserved 612352K
  class space    used 13876K, capacity 15116K, committed 15232K, reserved 516096K
Heap Regions: E=young(eden), S=young(survivor), O=old, HS=humongous(starts), HC=humongous(continues), CS=collection set, F=free, A=archive, TAMS=top-at-mark-start (previous, next)
|   0|0x0000000080000000, 0x0000000080100000, 0x0000000080100000|100%| O|  |TAMS 0x0000000080100000, 0x0000000080100000| Untracked 
|   1|0x0000000080100000, 0x0000000080200000, 0x0000000080200000|100%| O|  |TAMS 0x0000000080200000, 0x0000000080200000| Untracked 
|   2|0x0000000080200000, 0x0000000080300000, 0x0000000080300000|100%| O|  |TAMS 0x0000000080300000, 0x0000000080300000| Untracked 
|   3|0x0000000080300000, 0x0000000080400000, 0x0000000080400000|100%|HS|  |TAMS 0x0000000080400000, 0x0000000080400000| Complete 
|   4|0x0000000080400000, 0x0000000080500000, 0x0000000080500000|100%|HC|  |TAMS 0x0000000080500000, 0x0000000080500000| Complete 
|   5|0x0000000080500000, 0x0000000080600000, 0x0000000080600000|100%|HC|  |TAMS 0x0000000080600000, 0x0000000080600000| Complete 
|   6|0x0000000080600000, 0x0000000080700000, 0x0000000080700000|100%| O|  |TAMS 0x0000000080700000, 0x0000000080700000| Untracked 
|   7|0x0000000080700000, 0x0000000080800000, 0x0000000080800000|100%| O|  |TAMS 0x0000000080800000, 0x0000000080800000| Untracked 
|   8|0x0000000080800000, 0x0000000080900000, 0x0000000080900000|100%| O|  |TAMS 0x0000000080900000, 0x0000000080900000| Untracked 
|   9|0x0000000080900000, 0x0000000080a00000, 0x0000000080a00000|100%| O|  |TAMS 0x0000000080a00000, 0x0000000080a00000| Untracked 
|  10|0x0000000080a00000, 0x0000000080b00000, 0x0000000080b00000|100%| O|  |TAMS 0x0000000080b00000, 0x0000000080b00000| Untracked 
|  11|0x0000000080b00000, 0x0000000080c00000, 0x0000000080c00000|100%| O|  |TAMS 0x0000000080c00000, 0x0000000080c00000| Untracked 
|  12|0x0000000080c00000, 0x0000000080d00000, 0x0000000080d00000|100%| O|  |TAMS 0x0000000080d00000, 0x0000000080d00000| Untracked 
|  13|0x0000000080d00000, 0x0000000080e00000, 0x0000000080e00000|100%| O|  |TAMS 0x0000000080e00000, 0x0000000080e00000| Untracked 
|  14|0x0000000080e00000, 0x0000000080f00000, 0x0000000080f00000|100%| O|  |TAMS 0x0000000080f00000, 0x0000000080f00000| Untracked 
|  15|0x0000000080f00000, 0x0000000081000000, 0x0000000081000000|100%| O|  |TAMS 0x0000000081000000, 0x0000000081000000| Untracked 
|  16|0x0000000081000000, 0x0000000081100000, 0x0000000081100000|100%| O|  |TAMS 0x0000000081100000, 0x0000000081100000| Untracked 
|  17|0x0000000081100000, 0x0000000081200000, 0x0000000081200000|100%| O|  |TAMS 0x0000000081200000, 0x0000000081200000| Untracked 
|  18|0x0000000081200000, 0x0000000081300000, 0x0000000081300000|100%| O|  |TAMS 0x0000000081300000, 0x0000000081300000| Untracked 
|  19|0x0000000081300000, 0x0000000081400000, 0x0000000081400000|100%|HS|  |TAMS 0x0000000081400000, 0x0000000081400000| Complete 
|  20|0x0000000081400000, 0x0000000081500000, 0x0000000081500000|100%| O|  |TAMS 0x0000000081500000, 0x0000000081500000| Untracked 
|  21|0x0000000081500000, 0x0000000081600000, 0x0000000081600000|100%| O|  |TAMS 0x0000000081600000, 0x0000000081600000| Untracked 
|  22|0x0000000081600000, 0x0000000081700000, 0x0000000081700000|100%| O|  |TAMS 0x0000000081700000, 0x0000000081700000| Untracked 
|  23|0x0000000081700000, 0x0000000081800000, 0x0000000081800000|100%| O|  |TAMS 0x0000000081800000, 0x0000000081800000| Untracked 
|  24|0x0000000081800000, 0x0000000081900000, 0x0000000081900000|100%|HS|  |TAMS 0x0000000081900000, 0x0000000081900000| Complete 
|  25|0x0000000081900000, 0x0000000081a00000, 0x0000000081a00000|100%|HC|  |TAMS 0x0000000081a00000, 0x0000000081a00000| Complete 
|  26|0x0000000081a00000, 0x0000000081b00000, 0x0000000081b00000|100%|HC|  |TAMS 0x0000000081b00000, 0x0000000081b00000| Complete 
|  27|0x0000000081b00000, 0x0000000081c00000, 0x0000000081c00000|100%| O|  |TAMS 0x0000000081c00000, 0x0000000081c00000| Untracked 
|  28|0x0000000081c00000, 0x0000000081d00000, 0x0000000081d00000|100%| O|  |TAMS 0x0000000081d00000, 0x0000000081d00000| Untracked 
|  29|0x0000000081d00000, 0x0000000081e00000, 0x0000000081e00000|100%| O|  |TAMS 0x0000000081e00000, 0x0000000081e00000| Untracked 
|  30|0x0000000081e00000, 0x0000000081f00000, 0x0000000081f00000|100%| O|  |TAMS 0x0000000081f00000, 0x0000000081f00000| Untracked 
|  31|0x0000000081f00000, 0x0000000082000000, 0x0000000082000000|100%| O|  |TAMS 0x0000000082000000, 0x0000000082000000| Untracked 
|  32|0x0000000082000000, 0x0000000082100000, 0x0000000082100000|100%| O|  |TAMS 0x0000000082100000, 0x0000000082100000| Untracked 
|  33|0x0000000082100000, 0x0000000082200000, 0x0000000082200000|100%| O|  |TAMS 0x0000000082200000, 0x0000000082200000| Untracked 
|  34|0x0000000082200000, 0x0000000082300000, 0x0000000082300000|100%| O|  |TAMS 0x0000000082300000, 0x0000000082300000| Untracked 
|  35|0x0000000082300000, 0x0000000082400000, 0x0000000082400000|100%| O|  |TAMS 0x0000000082400000, 0x0000000082400000| Untracked 
|  36|0x0000000082400000, 0x0000000082500000, 0x0000000082500000|100%| O|  |TAMS 0x0000000082500000, 0x0000000082500000| Untracked 
|  37|0x0000000082500000, 0x0000000082600000, 0x0000000082600000|100%| O|  |TAMS 0x0000000082600000, 0x0000000082600000| Untracked 
|  38|0x0000000082600000, 0x0000000082700000, 0x0000000082700000|100%| O|  |TAMS 0x0000000082700000, 0x0000000082700000| Untracked 
|  39|0x0000000082700000, 0x0000000082800000, 0x0000000082800000|100%|HS|  |TAMS 0x0000000082800000, 0x0000000082800000| Complete 
|  40|0x0000000082800000, 0x0000000082900000, 0x0000000082900000|100%|HS|  |TAMS 0x0000000082900000, 0x0000000082900000| Complete 
|  41|0x0000000082900000, 0x0000000082a00000, 0x0000000082a00000|100%|HS|  |TAMS 0x0000000082a00000, 0x0000000082a00000| Complete 
|  42|0x0000000082a00000, 0x0000000082b00000, 0x0000000082b00000|100%|HC|  |TAMS 0x0000000082b00000, 0x0000000082b00000| Complete 
|  43|0x0000000082b00000, 0x0000000082c00000, 0x0000000082c00000|100%| O|  |TAMS 0x0000000082c00000, 0x0000000082c00000| Untracked 
|  44|0x0000000082c00000, 0x0000000082d00000, 0x0000000082d00000|100%| O|  |TAMS 0x0000000082d00000, 0x0000000082d00000| Untracked 
|  45|0x0000000082d00000, 0x0000000082e00000, 0x0000000082e00000|100%| O|  |TAMS 0x0000000082e00000, 0x0000000082e00000| Untracked 
|  46|0x0000000082e00000, 0x0000000082f00000, 0x0000000082f00000|100%| O|  |TAMS 0x0000000082f00000, 0x0000000082f00000| Untracked 
|  47|0x0000000082f00000, 0x0000000083000000, 0x0000000083000000|100%| O|  |TAMS 0x0000000083000000, 0x0000000083000000| Untracked 
|  48|0x0000000083000000, 0x0000000083100000, 0x0000000083100000|100%| O|  |TAMS 0x0000000083100000, 0x0000000083100000| Untracked 
|  49|0x0000000083100000, 0x0000000083200000, 0x0000000083200000|100%| O|  |TAMS 0x0000000083200000, 0x0000000083200000| Untracked 
|  50|0x0000000083200000, 0x0000000083300000, 0x0000000083300000|100%| O|  |TAMS 0x0000000083300000, 0x0000000083300000| Untracked 
|  51|0x0000000083300000, 0x0000000083400000, 0x0000000083400000|100%| O|  |TAMS 0x0000000083400000, 0x0000000083400000| Untracked 
|  52|0x0000000083400000, 0x0000000083500000, 0x0000000083500000|100%| O|  |TAMS 0x0000000083500000, 0x0000000083500000| Untracked 
|  53|0x0000000083500000, 0x0000000083600000, 0x0000000083600000|100%| O|  |TAMS 0x0000000083600000, 0x0000000083600000| Untracked 
|  54|0x0000000083600000, 0x0000000083700000, 0x0000000083700000|100%| O|  |TAMS 0x0000000083700000, 0x0000000083700000| Untracked 
|  55|0x0000000083700000, 0x0000000083800000, 0x0000000083800000|100%| O|  |TAMS 0x0000000083800000, 0x0000000083800000| Untracked 
|  56|0x0000000083800000, 0x0000000083900000, 0x0000000083900000|100%| O|  |TAMS 0x0000000083900000, 0x0000000083900000| Untracked 
|  57|0x0000000083900000, 0x0000000083a00000, 0x0000000083a00000|100%| O|  |TAMS 0x0000000083a00000, 0x0000000083a00000| Untracked 
|  58|0x0000000083a00000, 0x0000000083b00000, 0x0000000083b00000|100%| O|  |TAMS 0x0000000083b00000, 0x0000000083b00000| Untracked 
|  59|0x0000000083b00000, 0x0000000083c00000, 0x0000000083c00000|100%| O|  |TAMS 0x0000000083c00000, 0x0000000083c00000| Untracked 
|  60|0x0000000083c00000, 0x0000000083d00000, 0x0000000083d00000|100%| O|  |TAMS 0x0000000083d00000, 0x0000000083d00000| Untracked 
|  61|0x0000000083d00000, 0x0000000083e00000, 0x0000000083e00000|100%| O|  |TAMS 0x0000000083e00000, 0x0000000083e00000| Untracked 
|  62|0x0000000083e00000, 0x0000000083f00000, 0x0000000083f00000|100%| O|  |TAMS 0x0000000083f00000, 0x0000000083f00000| Untracked 
|  63|0x0000000083f00000, 0x0000000084000000, 0x0000000084000000|100%| O|  |TAMS 0x0000000084000000, 0x0000000084000000| Untracked 
|  64|0x0000000084000000, 0x0000000084100000, 0x0000000084100000|100%| O|  |TAMS 0x0000000084100000, 0x0000000084100000| Untracked 
|  65|0x0000000084100000, 0x0000000084200000, 0x0000000084200000|100%| O|  |TAMS 0x0000000084200000, 0x0000000084200000| Untracked 
|  66|0x0000000084200000, 0x0000000084300000, 0x0000000084300000|100%| O|  |TAMS 0x0000000084300000, 0x0000000084300000| Untracked 
|  67|0x0000000084300000, 0x0000000084400000, 0x0000000084400000|100%| O|  |TAMS 0x0000000084400000, 0x0000000084400000| Untracked 
|  68|0x0000000084400000, 0x0000000084500000, 0x0000000084500000|100%| O|  |TAMS 0x0000000084500000, 0x0000000084500000| Untracked 
|  69|0x0000000084500000, 0x0000000084600000, 0x0000000084600000|100%| O|  |TAMS 0x0000000084600000, 0x0000000084600000| Untracked 
|  70|0x0000000084600000, 0x0000000084700000, 0x0000000084700000|100%| O|  |TAMS 0x0000000084700000, 0x0000000084700000| Untracked 
|  71|0x0000000084700000, 0x0000000084800000, 0x0000000084800000|100%| O|  |TAMS 0x0000000084800000, 0x0000000084800000| Untracked 
|  72|0x0000000084800000, 0x0000000084900000, 0x0000000084900000|100%| O|  |TAMS 0x0000000084900000, 0x0000000084900000| Untracked 
|  73|0x0000000084900000, 0x0000000084a00000, 0x0000000084a00000|100%| O|  |TAMS 0x0000000084a00000, 0x0000000084a00000| Untracked 
|  74|0x0000000084a00000, 0x0000000084b00000, 0x0000000084b00000|100%| O|  |TAMS 0x0000000084b00000, 0x0000000084b00000| Untracked 
|  75|0x0000000084b00000, 0x0000000084c00000, 0x0000000084c00000|100%| O|  |TAMS 0x0000000084c00000, 0x0000000084c00000| Untracked 
|  76|0x0000000084c00000, 0x0000000084d00000, 0x0000000084d00000|100%| O|  |TAMS 0x0000000084d00000, 0x0000000084d00000| Untracked 
|  77|0x0000000084d00000, 0x0000000084e00000, 0x0000000084e00000|100%| O|  |TAMS 0x0000000084e00000, 0x0000000084e00000| Untracked 
|  78|0x0000000084e00000, 0x0000000084f00000, 0x0000000084f00000|100%| O|  |TAMS 0x0000000084f00000, 0x0000000084f00000| Untracked 
|  79|0x0000000084f00000, 0x0000000085000000, 0x0000000085000000|100%| O|  |TAMS 0x0000000085000000, 0x0000000085000000| Untracked 
|  80|0x0000000085000000, 0x0000000085100000, 0x0000000085100000|100%| O|  |TAMS 0x0000000085100000, 0x0000000085100000| Untracked 
|  81|0x0000000085100000, 0x0000000085200000, 0x0000000085200000|100%| O|  |TAMS 0x0000000085200000, 0x0000000085200000| Untracked 
|  82|0x0000000085200000, 0x0000000085300000, 0x0000000085300000|100%| O|  |TAMS 0x0000000085300000, 0x0000000085300000| Untracked 
|  83|0x0000000085300000, 0x0000000085400000, 0x0000000085400000|100%| O|  |TAMS 0x0000000085400000, 0x0000000085400000| Untracked 
|  84|0x0000000085400000, 0x0000000085500000, 0x0000000085500000|100%| O|  |TAMS 0x0000000085500000, 0x0000000085500000| Untracked 
|  85|0x0000000085500000, 0x0000000085600000, 0x0000000085600000|100%| O|  |TAMS 0x0000000085600000, 0x0000000085600000| Untracked 
|  86|0x0000000085600000, 0x0000000085700000, 0x0000000085700000|100%| O|  |TAMS 0x0000000085700000, 0x0000000085700000| Untracked 
|  87|0x0000000085700000, 0x0000000085800000, 0x0000000085800000|100%| O|  |TAMS 0x0000000085800000, 0x0000000085800000| Untracked 
|  88|0x0000000085800000, 0x0000000085900000, 0x0000000085900000|100%| O|  |TAMS 0x0000000085900000, 0x0000000085900000| Untracked 
|  89|0x0000000085900000, 0x0000000085a00000, 0x0000000085a00000|100%| O|  |TAMS 0x0000000085a00000, 0x0000000085a00000| Untracked 
|  90|0x0000000085a00000, 0x0000000085b00000, 0x0000000085b00000|100%| O|  |TAMS 0x0000000085b00000, 0x0000000085b00000| Untracked 
|  91|0x0000000085b00000, 0x0000000085c00000, 0x0000000085c00000|100%| O|  |TAMS 0x0000000085c00000, 0x0000000085c00000| Untracked 
|  92|0x0000000085c00000, 0x0000000085d00000, 0x0000000085d00000|100%|HS|  |TAMS 0x0000000085d00000, 0x0000000085d00000| Complete 
|  93|0x0000000085d00000, 0x0000000085e00000, 0x0000000085e00000|100%|HC|  |TAMS 0x0000000085e00000, 0x0000000085e00000| Complete 
|  94|0x0000000085e00000, 0x0000000085f00000, 0x0000000085f00000|100%| O|  |TAMS 0x0000000085f00000, 0x0000000085f00000| Untracked 
|  95|0x0000000085f00000, 0x0000000086000000, 0x0000000086000000|100%| O|  |TAMS 0x0000000086000000, 0x0000000086000000| Untracked 
|  96|0x0000000086000000, 0x0000000086100000, 0x0000000086100000|100%| O|  |TAMS 0x0000000086100000, 0x0000000086100000| Untracked 
|  97|0x0000000086100000, 0x0000000086200000, 0x0000000086200000|100%| O|  |TAMS 0x0000000086200000, 0x0000000086200000| Untracked 
|  98|0x0000000086200000, 0x0000000086300000, 0x0000000086300000|100%| O|  |TAMS 0x0000000086300000, 0x0000000086300000| Untracked 
|  99|0x0000000086300000, 0x0000000086400000, 0x0000000086400000|100%| O|  |TAMS 0x0000000086400000, 0x0000000086400000| Untracked 
| 100|0x0000000086400000, 0x0000000086500000, 0x0000000086500000|100%| O|  |TAMS 0x0000000086500000, 0x0000000086500000| Untracked 
| 101|0x0000000086500000, 0x0000000086600000, 0x0000000086600000|100%| O|  |TAMS 0x0000000086600000, 0x0000000086600000| Untracked 
| 102|0x0000000086600000, 0x0000000086700000, 0x0000000086700000|100%| O|  |TAMS 0x0000000086700000, 0x0000000086700000| Untracked 
| 103|0x0000000086700000, 0x0000000086800000, 0x0000000086800000|100%| O|  |TAMS 0x0000000086800000, 0x0000000086800000| Untracked 
| 104|0x0000000086800000, 0x0000000086900000, 0x0000000086900000|100%| O|  |TAMS 0x0000000086900000, 0x0000000086900000| Untracked 
| 105|0x0000000086900000, 0x0000000086a00000, 0x0000000086a00000|100%| O|  |TAMS 0x0000000086a00000, 0x0000000086a00000| Untracked 
| 106|0x0000000086a00000, 0x0000000086b00000, 0x0000000086b00000|100%| O|  |TAMS 0x0000000086b00000, 0x0000000086b00000| Untracked 
| 107|0x0000000086b00000, 0x0000000086c00000, 0x0000000086c00000|100%| O|  |TAMS 0x0000000086c00000, 0x0000000086c00000| Untracked 
| 108|0x0000000086c00000, 0x0000000086d00000, 0x0000000086d00000|100%| O|  |TAMS 0x0000000086d00000, 0x0000000086d00000| Untracked 
| 109|0x0000000086d00000, 0x0000000086e00000, 0x0000000086e00000|100%| O|  |TAMS 0x0000000086e00000, 0x0000000086e00000| Untracked 
| 110|0x0000000086e00000, 0x0000000086f00000, 0x0000000086f00000|100%| O|  |TAMS 0x0000000086f00000, 0x0000000086f00000| Untracked 
| 111|0x0000000086f00000, 0x0000000087000000, 0x0000000087000000|100%| O|  |TAMS 0x0000000087000000, 0x0000000087000000| Untracked 
| 112|0x0000000087000000, 0x0000000087100000, 0x0000000087100000|100%| O|  |TAMS 0x0000000087100000, 0x0000000087100000| Untracked 
| 113|0x0000000087100000, 0x0000000087200000, 0x0000000087200000|100%| O|  |TAMS 0x0000000087200000, 0x0000000087200000| Untracked 
| 114|0x0000000087200000, 0x0000000087300000, 0x0000000087300000|100%| O|  |TAMS 0x0000000087300000, 0x0000000087300000| Untracked 
| 115|0x0000000087300000, 0x0000000087400000, 0x0000000087400000|100%| O|  |TAMS 0x0000000087400000, 0x0000000087400000| Untracked 
| 116|0x0000000087400000, 0x0000000087500000, 0x0000000087500000|100%| O|  |TAMS 0x0000000087500000, 0x0000000087500000| Untracked 
| 117|0x0000000087500000, 0x0000000087600000, 0x0000000087600000|100%| O|  |TAMS 0x0000000087600000, 0x0000000087600000| Untracked 
| 118|0x0000000087600000, 0x0000000087700000, 0x0000000087700000|100%| O|  |TAMS 0x0000000087700000, 0x0000000087700000| Untracked 
| 119|0x0000000087700000, 0x0000000087800000, 0x0000000087800000|100%| O|  |TAMS 0x0000000087800000, 0x0000000087800000| Untracked 
| 120|0x0000000087800000, 0x0000000087900000, 0x0000000087900000|100%| O|  |TAMS 0x0000000087900000, 0x0000000087900000| Untracked 
| 121|0x0000000087900000, 0x0000000087a00000, 0x0000000087a00000|100%| O|  |TAMS 0x00000000879c4400, 0x0000000087a00000| Untracked 
| 122|0x0000000087a00000, 0x0000000087b00000, 0x0000000087b00000|100%| O|  |TAMS 0x0000000087a00000, 0x0000000087b00000| Untracked 
| 123|0x0000000087b00000, 0x0000000087c00000, 0x0000000087c00000|100%| O|  |TAMS 0x0000000087b00000, 0x0000000087c00000| Untracked 
| 124|0x0000000087c00000, 0x0000000087d00000, 0x0000000087d00000|100%| O|  |TAMS 0x0000000087c00000, 0x0000000087d00000| Untracked 
| 125|0x0000000087d00000, 0x0000000087e00000, 0x0000000087e00000|100%| O|  |TAMS 0x0000000087d00000, 0x0000000087e00000| Untracked 
| 126|0x0000000087e00000, 0x0000000087f00000, 0x0000000087f00000|100%| O|  |TAMS 0x0000000087e00000, 0x0000000087f00000| Untracked 
| 127|0x0000000087f00000, 0x0000000088000000, 0x0000000088000000|100%| O|  |TAMS 0x0000000087f00000, 0x0000000088000000| Untracked 
| 128|0x0000000088000000, 0x0000000088100000, 0x0000000088100000|100%| O|  |TAMS 0x0000000088000000, 0x0000000088100000| Untracked 
| 129|0x0000000088100000, 0x0000000088200000, 0x0000000088200000|100%| O|  |TAMS 0x0000000088100000, 0x0000000088200000| Untracked 
| 130|0x0000000088200000, 0x0000000088300000, 0x0000000088300000|100%| O|  |TAMS 0x0000000088200000, 0x0000000088300000| Untracked 
| 131|0x0000000088300000, 0x0000000088400000, 0x0000000088400000|100%| O|  |TAMS 0x0000000088300000, 0x0000000088400000| Untracked 
| 132|0x0000000088400000, 0x0000000088500000, 0x0000000088500000|100%| O|  |TAMS 0x0000000088400000, 0x0000000088400000| Untracked 
| 133|0x0000000088500000, 0x0000000088600000, 0x0000000088600000|100%| O|  |TAMS 0x0000000088500000, 0x0000000088500000| Untracked 
| 134|0x0000000088600000, 0x00000000886c7800, 0x0000000088700000| 77%| O|  |TAMS 0x0000000088600000, 0x0000000088600000| Untracked 
| 135|0x0000000088700000, 0x0000000088700000, 0x0000000088800000|  0%| F|  |TAMS 0x0000000088700000, 0x0000000088700000| Untracked 
| 136|0x0000000088800000, 0x0000000088800000, 0x0000000088900000|  0%| F|  |TAMS 0x0000000088800000, 0x0000000088800000| Untracked 
| 137|0x0000000088900000, 0x0000000088900000, 0x0000000088a00000|  0%| F|  |TAMS 0x0000000088900000, 0x0000000088900000| Untracked 
| 138|0x0000000088a00000, 0x0000000088a00000, 0x0000000088b00000|  0%| F|  |TAMS 0x0000000088a00000, 0x0000000088a00000| Untracked 
| 139|0x0000000088b00000, 0x0000000088b00000, 0x0000000088c00000|  0%| F|  |TAMS 0x0000000088b00000, 0x0000000088b00000| Untracked 
| 140|0x0000000088c00000, 0x0000000088c00000, 0x0000000088d00000|  0%| F|  |TAMS 0x0000000088c00000, 0x0000000088c00000| Untracked 
| 141|0x0000000088d00000, 0x0000000088d00000, 0x0000000088e00000|  0%| F|  |TAMS 0x0000000088d00000, 0x0000000088d00000| Untracked 
| 142|0x0000000088e00000, 0x0000000088e00000, 0x0000000088f00000|  0%| F|  |TAMS 0x0000000088e00000, 0x0000000088e00000| Untracked 
| 143|0x0000000088f00000, 0x0000000088f00000, 0x0000000089000000|  0%| F|  |TAMS 0x0000000088f00000, 0x0000000088f00000| Untracked 
| 144|0x0000000089000000, 0x0000000089000000, 0x0000000089100000|  0%| F|  |TAMS 0x0000000089000000, 0x0000000089000000| Untracked 
| 145|0x0000000089100000, 0x0000000089100000, 0x0000000089200000|  0%| F|  |TAMS 0x0000000089100000, 0x0000000089100000| Untracked 
| 146|0x0000000089200000, 0x0000000089200000, 0x0000000089300000|  0%| F|  |TAMS 0x0000000089200000, 0x0000000089200000| Untracked 
| 147|0x0000000089300000, 0x0000000089300000, 0x0000000089400000|  0%| F|  |TAMS 0x0000000089300000, 0x0000000089300000| Untracked 
| 148|0x0000000089400000, 0x0000000089400000, 0x0000000089500000|  0%| F|  |TAMS 0x0000000089400000, 0x0000000089400000| Untracked 
| 149|0x0000000089500000, 0x0000000089500000, 0x0000000089600000|  0%| F|  |TAMS 0x0000000089500000, 0x0000000089500000| Untracked 
| 150|0x0000000089600000, 0x0000000089600000, 0x0000000089700000|  0%| F|  |TAMS 0x0000000089600000, 0x0000000089600000| Untracked 
| 151|0x0000000089700000, 0x0000000089700000, 0x0000000089800000|  0%| F|  |TAMS 0x0000000089700000, 0x0000000089700000| Untracked 
| 152|0x0000000089800000, 0x0000000089800000, 0x0000000089900000|  0%| F|  |TAMS 0x0000000089800000, 0x0000000089800000| Untracked 
| 153|0x0000000089900000, 0x0000000089900000, 0x0000000089a00000|  0%| F|  |TAMS 0x0000000089900000, 0x0000000089900000| Untracked 
| 154|0x0000000089a00000, 0x0000000089a00000, 0x0000000089b00000|  0%| F|  |TAMS 0x0000000089a00000, 0x0000000089a00000| Untracked 
| 155|0x0000000089b00000, 0x0000000089b00000, 0x0000000089c00000|  0%| F|  |TAMS 0x0000000089b00000, 0x0000000089b00000| Untracked 
| 156|0x0000000089c00000, 0x0000000089c00000, 0x0000000089d00000|  0%| F|  |TAMS 0x0000000089c00000, 0x0000000089c00000| Untracked 
| 157|0x0000000089d00000, 0x0000000089d00000, 0x0000000089e00000|  0%| F|  |TAMS 0x0000000089d00000, 0x0000000089d00000| Untracked 
| 158|0x0000000089e00000, 0x0000000089e00000, 0x0000000089f00000|  0%| F|  |TAMS 0x0000000089e00000, 0x0000000089e00000| Untracked 
| 159|0x0000000089f00000, 0x0000000089f00000, 0x000000008a000000|  0%| F|  |TAMS 0x0000000089f00000, 0x0000000089f00000| Untracked 
| 160|0x000000008a000000, 0x000000008a000000, 0x000000008a100000|  0%| F|  |TAMS 0x000000008a000000, 0x000000008a000000| Untracked 
| 161|0x000000008a100000, 0x000000008a200000, 0x000000008a200000|100%| S|CS|TAMS 0x000000008a100000, 0x000000008a100000| Complete 
| 162|0x000000008a200000, 0x000000008a300000, 0x000000008a300000|100%| S|CS|TAMS 0x000000008a200000, 0x000000008a200000| Complete 
| 163|0x000000008a300000, 0x000000008a400000, 0x000000008a400000|100%| S|CS|TAMS 0x000000008a300000, 0x000000008a300000| Complete 
| 164|0x000000008a400000, 0x000000008a400000, 0x000000008a500000|  0%| F|  |TAMS 0x000000008a400000, 0x000000008a400000| Untracked 
| 165|0x000000008a500000, 0x000000008a500000, 0x000000008a600000|  0%| F|  |TAMS 0x000000008a500000, 0x000000008a500000| Untracked 
| 166|0x000000008a600000, 0x000000008a600000, 0x000000008a700000|  0%| F|  |TAMS 0x000000008a600000, 0x000000008a600000| Untracked 
| 167|0x000000008a700000, 0x000000008a700000, 0x000000008a800000|  0%| F|  |TAMS 0x000000008a700000, 0x000000008a700000| Untracked 
| 168|0x000000008a800000, 0x000000008a800000, 0x000000008a900000|  0%| F|  |TAMS 0x000000008a800000, 0x000000008a800000| Untracked 
| 169|0x000000008a900000, 0x000000008a900000, 0x000000008aa00000|  0%| F|  |TAMS 0x000000008a900000, 0x000000008a900000| Untracked 
| 170|0x000000008aa00000, 0x000000008aa00000, 0x000000008ab00000|  0%| F|  |TAMS 0x000000008aa00000, 0x000000008aa00000| Untracked 
| 171|0x000000008ab00000, 0x000000008ab00000, 0x000000008ac00000|  0%| F|  |TAMS 0x000000008ab00000, 0x000000008ab00000| Untracked 
| 172|0x000000008ac00000, 0x000000008ac00000, 0x000000008ad00000|  0%| F|  |TAMS 0x000000008ac00000, 0x000000008ac00000| Untracked 
| 173|0x000000008ad00000, 0x000000008ad00000, 0x000000008ae00000|  0%| F|  |TAMS 0x000000008ad00000, 0x000000008ad00000| Untracked 
| 174|0x000000008ae00000, 0x000000008ae00000, 0x000000008af00000|  0%| F|  |TAMS 0x000000008ae00000, 0x000000008ae00000| Untracked 
| 175|0x000000008af00000, 0x000000008af00000, 0x000000008b000000|  0%| F|  |TAMS 0x000000008af00000, 0x000000008af00000| Untracked 
| 176|0x000000008b000000, 0x000000008b000000, 0x000000008b100000|  0%| F|  |TAMS 0x000000008b000000, 0x000000008b000000| Untracked 
| 177|0x000000008b100000, 0x000000008b100000, 0x000000008b200000|  0%| F|  |TAMS 0x000000008b100000, 0x000000008b100000| Untracked 
| 178|0x000000008b200000, 0x000000008b200000, 0x000000008b300000|  0%| F|  |TAMS 0x000000008b200000, 0x000000008b200000| Untracked 
| 179|0x000000008b300000, 0x000000008b300000, 0x000000008b400000|  0%| F|  |TAMS 0x000000008b300000, 0x000000008b300000| Untracked 
| 180|0x000000008b400000, 0x000000008b400000, 0x000000008b500000|  0%| F|  |TAMS 0x000000008b400000, 0x000000008b400000| Untracked 
| 181|0x000000008b500000, 0x000000008b500000, 0x000000008b600000|  0%| F|  |TAMS 0x000000008b500000, 0x000000008b500000| Untracked 
| 182|0x000000008b600000, 0x000000008b600000, 0x000000008b700000|  0%| F|  |TAMS 0x000000008b600000, 0x000000008b600000| Untracked 
| 183|0x000000008b700000, 0x000000008b700000, 0x000000008b800000|  0%| F|  |TAMS 0x000000008b700000, 0x000000008b700000| Untracked 
| 184|0x000000008b800000, 0x000000008b800000, 0x000000008b900000|  0%| F|  |TAMS 0x000000008b800000, 0x000000008b800000| Untracked 

Card table byte_map: [0x0000022e22890000,0x0000022e22c90000] _byte_map_base: 0x0000022e22490000

Marking Bits (Prev, Next): (CMBitMap*) 0x0000022e0ad743d0, (CMBitMap*) 0x0000022e0ad74398
 Prev Bits: [0x0000022e25090000, 0x0000022e27090000)
 Next Bits: [0x0000022e23090000, 0x0000022e25090000)

Polling page: 0x0000022e0a510000

Metaspace:

Usage:
  Non-class:     92.55 MB capacity,    90.75 MB ( 98%) used,     1.48 MB (  2%) free+waste,   331.31 KB ( <1%) overhead. 
      Class:     14.76 MB capacity,    13.55 MB ( 92%) used,     1.06 MB (  7%) free+waste,   154.88 KB (  1%) overhead. 
       Both:    107.32 MB capacity,   104.30 MB ( 97%) used,     2.54 MB (  2%) free+waste,   486.19 KB ( <1%) overhead. 

Virtual space:
  Non-class space:       94.00 MB reserved,      92.58 MB ( 98%) committed 
      Class space:      504.00 MB reserved,      14.88 MB (  3%) committed 
             Both:      598.00 MB reserved,     107.45 MB ( 18%) committed 

Chunk freelists:
   Non-Class:  24.00 KB
       Class:  20.00 KB
        Both:  44.00 KB

MaxMetaspaceSize: 512.00 MB
CompressedClassSpaceSize: 504.00 MB
Initial GC threshold: 20.80 MB
Current GC threshold: 174.92 MB
CDS: off

CodeHeap 'non-profiled nmethods': size=120064Kb used=8199Kb max_used=8199Kb free=111864Kb
 bounds [0x0000022e1af50000, 0x0000022e1b760000, 0x0000022e22490000]
CodeHeap 'profiled nmethods': size=120000Kb used=29267Kb max_used=29267Kb free=90732Kb
 bounds [0x0000022e13a20000, 0x0000022e156c0000, 0x0000022e1af50000]
CodeHeap 'non-nmethods': size=5696Kb used=2408Kb max_used=2461Kb free=3287Kb
 bounds [0x0000022e13490000, 0x0000022e13720000, 0x0000022e13a20000]
 total_blobs=13831 nmethods=12895 adapters=848
 compilation: enabled
              stopped_count=0, restarted_count=0
 full_count=0

Compilation events (20 events):
Event: 55.650 Thread 0x0000022e29ec6000 13007       2       com.android.tools.r8.internal.g7::a (17 bytes)
Event: 55.650 Thread 0x0000022e29ec6000 nmethod 13007 0x0000022e156a9b90 code [0x0000022e156a9d40, 0x0000022e156a9e68]
Event: 55.654 Thread 0x0000022e29ec6000 13008 %     3       com.android.tools.r8.internal.oh::a @ 377 (990 bytes)
Event: 55.658 Thread 0x0000022e29ec6000 nmethod 13008% 0x0000022e156a9f10 code [0x0000022e156aa3a0, 0x0000022e156ad688]
Event: 55.666 Thread 0x0000022e29ec6000 13009       2       com.android.tools.r8.internal.Mg::e (27 bytes)
Event: 55.666 Thread 0x0000022e29ec6000 nmethod 13009 0x0000022e156ae290 code [0x0000022e156ae460, 0x0000022e156ae608]
Event: 55.666 Thread 0x0000022e29ec6000 13010       2       com.android.tools.r8.internal.F7::b (48 bytes)
Event: 55.667 Thread 0x0000022e29ec6000 nmethod 13010 0x0000022e156ae710 code [0x0000022e156ae8e0, 0x0000022e156aeb68]
Event: 55.668 Thread 0x0000022e29ec6000 13011       2       com.android.tools.r8.internal.Gg::f (18 bytes)
Event: 55.668 Thread 0x0000022e29ec6000 nmethod 13011 0x0000022e156aed10 code [0x0000022e156aeec0, 0x0000022e156af018]
Event: 55.668 Thread 0x0000022e29ec6000 13012       2       java.nio.file.attribute.FileTime::from (18 bytes)
Event: 55.668 Thread 0x0000022e29ec6000 nmethod 13012 0x0000022e156af110 code [0x0000022e156af2e0, 0x0000022e156af548]
Event: 55.703 Thread 0x0000022e29ec6000 13013       3       com.android.tools.r8.internal.oh::a (990 bytes)
Event: 55.707 Thread 0x0000022e29ec6000 nmethod 13013 0x0000022e156af690 code [0x0000022e156afb20, 0x0000022e156b2c88]
Event: 55.722 Thread 0x0000022e29ec6000 13014       2       com.android.tools.r8.graph.f0$l::g (26 bytes)
Event: 55.723 Thread 0x0000022e29ec6000 nmethod 13014 0x0000022e156b3790 code [0x0000022e156b3940, 0x0000022e156b3ab8]
Event: 55.724 Thread 0x0000022e29ec6000 13015       2       com.android.tools.r8.internal.E4::<init> (10 bytes)
Event: 55.724 Thread 0x0000022e29ec6000 nmethod 13015 0x0000022e156b3b90 code [0x0000022e156b3d40, 0x0000022e156b3e78]
Event: 55.738 Thread 0x0000022e29ec6000 13016       2       com.android.tools.r8.graph.G0::b (207 bytes)
Event: 55.740 Thread 0x0000022e29ec6000 nmethod 13016 0x0000022e156b3f10 code [0x0000022e156b41a0, 0x0000022e156b4a18]

GC Heap History (20 events):
Event: 52.785 GC heap after
{Heap after GC invocations=32 (full 0):
 garbage-first heap   total 157696K, used 111097K [0x0000000080000000, 0x0000000100000000)
  region size 1024K, 4 young (4096K), 4 survivors (4096K)
 Metaspace       used 101003K, capacity 103825K, committed 104144K, reserved 606208K
  class space    used 12999K, capacity 14105K, committed 14208K, reserved 516096K
}
Event: 53.126 GC heap before
{Heap before GC invocations=33 (full 0):
 garbage-first heap   total 157696K, used 131577K [0x0000000080000000, 0x0000000100000000)
  region size 1024K, 25 young (25600K), 4 survivors (4096K)
 Metaspace       used 101734K, capacity 104536K, committed 104656K, reserved 608256K
  class space    used 13090K, capacity 14189K, committed 14208K, reserved 516096K
}
Event: 53.138 GC heap after
{Heap after GC invocations=34 (full 0):
 garbage-first heap   total 157696K, used 115158K [0x0000000080000000, 0x0000000100000000)
  region size 1024K, 4 young (4096K), 4 survivors (4096K)
 Metaspace       used 101734K, capacity 104536K, committed 104656K, reserved 608256K
  class space    used 13090K, capacity 14189K, committed 14208K, reserved 516096K
}
Event: 53.373 GC heap before
{Heap before GC invocations=34 (full 0):
 garbage-first heap   total 157696K, used 131542K [0x0000000080000000, 0x0000000100000000)
  region size 1024K, 20 young (20480K), 4 survivors (4096K)
 Metaspace       used 102156K, capacity 105057K, committed 105296K, reserved 608256K
  class space    used 13160K, capacity 14301K, committed 14336K, reserved 516096K
}
Event: 53.389 GC heap after
{Heap after GC invocations=35 (full 0):
 garbage-first heap   total 157696K, used 118784K [0x0000000080000000, 0x0000000100000000)
  region size 1024K, 3 young (3072K), 3 survivors (3072K)
 Metaspace       used 102156K, capacity 105057K, committed 105296K, reserved 608256K
  class space    used 13160K, capacity 14301K, committed 14336K, reserved 516096K
}
Event: 53.677 GC heap before
{Heap before GC invocations=35 (full 0):
 garbage-first heap   total 157696K, used 133120K [0x0000000080000000, 0x0000000100000000)
  region size 1024K, 17 young (17408K), 3 survivors (3072K)
 Metaspace       used 103076K, capacity 105928K, committed 106192K, reserved 608256K
  class space    used 13280K, capacity 14399K, committed 14464K, reserved 516096K
}
Event: 53.692 GC heap after
{Heap after GC invocations=36 (full 0):
 garbage-first heap   total 157696K, used 121685K [0x0000000080000000, 0x0000000100000000)
  region size 1024K, 3 young (3072K), 3 survivors (3072K)
 Metaspace       used 103076K, capacity 105928K, committed 106192K, reserved 608256K
  class space    used 13280K, capacity 14399K, committed 14464K, reserved 516096K
}
Event: 54.044 GC heap before
{Heap before GC invocations=37 (full 0):
 garbage-first heap   total 157696K, used 132949K [0x0000000080000000, 0x0000000100000000)
  region size 1024K, 15 young (15360K), 3 survivors (3072K)
 Metaspace       used 103731K, capacity 106610K, committed 106832K, reserved 610304K
  class space    used 13358K, capacity 14513K, committed 14592K, reserved 516096K
}
Event: 54.056 GC heap after
{Heap after GC invocations=38 (full 0):
 garbage-first heap   total 157696K, used 124223K [0x0000000080000000, 0x0000000100000000)
  region size 1024K, 2 young (2048K), 2 survivors (2048K)
 Metaspace       used 103731K, capacity 106610K, committed 106832K, reserved 610304K
  class space    used 13358K, capacity 14513K, committed 14592K, reserved 516096K
}
Event: 54.155 GC heap before
{Heap before GC invocations=38 (full 0):
 garbage-first heap   total 157696K, used 134463K [0x0000000080000000, 0x0000000100000000)
  region size 1024K, 12 young (12288K), 2 survivors (2048K)
 Metaspace       used 104072K, capacity 107024K, committed 107216K, reserved 610304K
  class space    used 13424K, capacity 14611K, committed 14720K, reserved 516096K
}
Event: 54.168 GC heap after
{Heap after GC invocations=39 (full 0):
 garbage-first heap   total 157696K, used 126737K [0x0000000080000000, 0x0000000100000000)
  region size 1024K, 2 young (2048K), 2 survivors (2048K)
 Metaspace       used 104072K, capacity 107024K, committed 107216K, reserved 610304K
  class space    used 13424K, capacity 14611K, committed 14720K, reserved 516096K
}
Event: 54.297 GC heap before
{Heap before GC invocations=39 (full 0):
 garbage-first heap   total 157696K, used 135953K [0x0000000080000000, 0x0000000100000000)
  region size 1024K, 11 young (11264K), 2 survivors (2048K)
 Metaspace       used 104135K, capacity 107055K, committed 107216K, reserved 610304K
  class space    used 13432K, capacity 14619K, committed 14720K, reserved 516096K
}
Event: 54.309 GC heap after
{Heap after GC invocations=40 (full 0):
 garbage-first heap   total 189440K, used 128662K [0x0000000080000000, 0x0000000100000000)
  region size 1024K, 2 young (2048K), 2 survivors (2048K)
 Metaspace       used 104135K, capacity 107055K, committed 107216K, reserved 610304K
  class space    used 13432K, capacity 14619K, committed 14720K, reserved 516096K
}
Event: 54.723 GC heap before
{Heap before GC invocations=40 (full 0):
 garbage-first heap   total 189440K, used 148118K [0x0000000080000000, 0x0000000100000000)
  region size 1024K, 21 young (21504K), 2 survivors (2048K)
 Metaspace       used 104596K, capacity 107515K, committed 107856K, reserved 610304K
  class space    used 13515K, capacity 14706K, committed 14848K, reserved 516096K
}
Event: 54.737 GC heap after
{Heap after GC invocations=41 (full 0):
 garbage-first heap   total 189440K, used 132096K [0x0000000080000000, 0x0000000100000000)
  region size 1024K, 3 young (3072K), 3 survivors (3072K)
 Metaspace       used 104596K, capacity 107515K, committed 107856K, reserved 610304K
  class space    used 13515K, capacity 14706K, committed 14848K, reserved 516096K
}
Event: 55.056 GC heap before
{Heap before GC invocations=42 (full 0):
 garbage-first heap   total 189440K, used 151552K [0x0000000080000000, 0x0000000100000000)
  region size 1024K, 22 young (22528K), 3 survivors (3072K)
 Metaspace       used 105542K, capacity 108486K, committed 108752K, reserved 610304K
  class space    used 13687K, capacity 14883K, committed 14976K, reserved 516096K
}
Event: 55.071 GC heap after
{Heap after GC invocations=43 (full 0):
 garbage-first heap   total 189440K, used 135235K [0x0000000080000000, 0x0000000100000000)
  region size 1024K, 3 young (3072K), 3 survivors (3072K)
 Metaspace       used 105542K, capacity 108486K, committed 108752K, reserved 610304K
  class space    used 13687K, capacity 14883K, committed 14976K, reserved 516096K
}
Event: 55.319 GC heap before
{Heap before GC invocations=43 (full 0):
 garbage-first heap   total 189440K, used 153667K [0x0000000080000000, 0x0000000100000000)
  region size 1024K, 21 young (21504K), 3 survivors (3072K)
 Metaspace       used 106304K, capacity 109394K, committed 109648K, reserved 612352K
  class space    used 13813K, capacity 15040K, committed 15104K, reserved 516096K
}
Event: 55.334 GC heap after
{Heap after GC invocations=44 (full 0):
 garbage-first heap   total 189440K, used 138024K [0x0000000080000000, 0x0000000100000000)
  region size 1024K, 3 young (3072K), 3 survivors (3072K)
 Metaspace       used 106304K, capacity 109394K, committed 109648K, reserved 612352K
  class space    used 13813K, capacity 15040K, committed 15104K, reserved 516096K
}
Event: 55.741 GC heap before
{Heap before GC invocations=44 (full 0):
 garbage-first heap   total 189440K, used 156456K [0x0000000080000000, 0x0000000100000000)
  region size 1024K, 21 young (21504K), 3 survivors (3072K)
 Metaspace       used 106800K, capacity 109892K, committed 110032K, reserved 612352K
  class space    used 13876K, capacity 15116K, committed 15232K, reserved 516096K
}

Deoptimization events (20 events):
Event: 55.275 Thread 0x0000022e2d866800 DEOPT PACKING pc=0x0000022e1b727df0 sp=0x00000039ff9f98e0
Event: 55.275 Thread 0x0000022e2d866800 DEOPT UNPACKING pc=0x0000022e134da1af sp=0x00000039ff9f98b8 mode 2
Event: 55.490 Thread 0x0000022e2c707800 DEOPT PACKING pc=0x0000022e1564bc47 sp=0x00000039ff1f9070
Event: 55.490 Thread 0x0000022e2c707800 DEOPT UNPACKING pc=0x0000022e134da95e sp=0x00000039ff1f84d8 mode 0
Event: 55.540 Thread 0x0000022e2d86c000 Uncommon trap: trap_request=0xffffff4d fr.pc=0x0000022e1b6df408 relative=0x0000000000000068
Event: 55.540 Thread 0x0000022e2d86c000 Uncommon trap: reason=unstable_if action=reinterpret pc=0x0000022e1b6df408 method=com.android.tools.r8.internal.DA.a(Ljava/lang/Object;[Lcom/android/tools/r8/internal/zf;I)Ljava/lang/Object; @ 5 c2
Event: 55.540 Thread 0x0000022e2d86c000 DEOPT PACKING pc=0x0000022e1b6df408 sp=0x00000039ffef9ef0
Event: 55.540 Thread 0x0000022e2d86c000 DEOPT UNPACKING pc=0x0000022e134da1af sp=0x00000039ffef9e20 mode 2
Event: 55.552 Thread 0x0000022e2d86c000 Uncommon trap: trap_request=0xffffff4d fr.pc=0x0000022e1b6df0e0 relative=0x0000000000000040
Event: 55.552 Thread 0x0000022e2d86c000 Uncommon trap: reason=unstable_if action=reinterpret pc=0x0000022e1b6df0e0 method=com.android.tools.r8.internal.DA.a(Ljava/lang/Object;[Lcom/android/tools/r8/internal/zf;I)Ljava/lang/Object; @ 5 c2
Event: 55.552 Thread 0x0000022e2d86c000 DEOPT PACKING pc=0x0000022e1b6df0e0 sp=0x00000039ffef9e70
Event: 55.552 Thread 0x0000022e2d86c000 DEOPT UNPACKING pc=0x0000022e134da1af sp=0x00000039ffef9e20 mode 2
Event: 55.650 Thread 0x0000022e2c70d800 DEOPT PACKING pc=0x0000022e155c229b sp=0x00000039ff0f99b0
Event: 55.650 Thread 0x0000022e2c70d800 DEOPT UNPACKING pc=0x0000022e134da95e sp=0x00000039ff0f9140 mode 0
Event: 55.707 Thread 0x0000022e2c70d800 DEOPT PACKING pc=0x0000022e15660ef7 sp=0x00000039ff0f97c0
Event: 55.707 Thread 0x0000022e2c70d800 DEOPT UNPACKING pc=0x0000022e134da95e sp=0x00000039ff0f8cc8 mode 0
Event: 55.737 Thread 0x0000022e2c70d800 Uncommon trap: trap_request=0xffffff4d fr.pc=0x0000022e1b73872c relative=0x00000000000007ac
Event: 55.737 Thread 0x0000022e2c70d800 Uncommon trap: reason=unstable_if action=reinterpret pc=0x0000022e1b73872c method=com.android.tools.r8.graph.G0.b(Ljava/lang/Object;)Lcom/android/tools/r8/internal/l4$b; @ 145 c2
Event: 55.737 Thread 0x0000022e2c70d800 DEOPT PACKING pc=0x0000022e1b73872c sp=0x00000039ff0f9850
Event: 55.737 Thread 0x0000022e2c70d800 DEOPT UNPACKING pc=0x0000022e134da1af sp=0x00000039ff0f9800 mode 2

Classes redefined (0 events):
No events

Internal exceptions (20 events):
Event: 52.545 Thread 0x0000022e2d86c000 Exception <a 'java/lang/IncompatibleClassChangeError'{0x0000000088a7bc30}: Found class java.lang.Object, but interface was expected> (0x0000000088a7bc30) thrown at [./src/hotspot/share/interpreter/linkResolver.cpp, line 839]
Event: 52.635 Thread 0x0000022e2c707800 Exception <a 'java/lang/NoSuchMethodError'{0x00000000889f03f8}: 'long java.lang.invoke.DirectMethodHandle$Holder.invokeStatic(java.lang.Object, long, java.lang.Object)'> (0x00000000889f03f8) thrown at [./src/hotspot/share/interpreter/linkResolver.cpp, line 773]
Event: 52.636 Thread 0x0000022e2d86c000 Exception <a 'java/lang/NoSuchMethodError'{0x0000000088ac93e8}: 'long java.lang.invoke.DirectMethodHandle$Holder.invokeStatic(java.lang.Object, long, java.lang.Object)'> (0x0000000088ac93e8) thrown at [./src/hotspot/share/interpreter/linkResolver.cpp, line 773]
Event: 52.987 Thread 0x0000022e2c707800 Exception <a 'java/lang/NoSuchMethodError'{0x0000000089606d08}: 'int java.lang.invoke.DirectMethodHandle$Holder.invokeVirtual(java.lang.Object, java.lang.Object, java.lang.Object, java.lang.Object)'> (0x0000000089606d08) thrown at [./src/hotspot/share/interpreter/linkResolver.cpp, line 773]
Event: 52.987 Thread 0x0000022e2d866800 Exception <a 'java/lang/NoSuchMethodError'{0x00000000893114e8}: 'int java.lang.invoke.DirectMethodHandle$Holder.invokeVirtual(java.lang.Object, java.lang.Object, java.lang.Object, java.lang.Object)'> (0x00000000893114e8) thrown at [./src/hotspot/share/interpreter/linkResolver.cpp, line 773]
Event: 53.016 Thread 0x0000022e2d866800 Exception <a 'java/lang/NoSuchMethodError'{0x00000000891fbae8}: 'long java.lang.invoke.DirectMethodHandle$Holder.invokeStatic(java.lang.Object, java.lang.Object)'> (0x00000000891fbae8) thrown at [./src/hotspot/share/interpreter/linkResolver.cpp, line 773]
Event: 53.183 Thread 0x0000022e2c707800 Exception <a 'java/lang/IncompatibleClassChangeError'{0x00000000895c0d28}: Found class java.lang.Object, but interface was expected> (0x00000000895c0d28) thrown at [./src/hotspot/share/interpreter/linkResolver.cpp, line 839]
Event: 53.184 Thread 0x0000022e2c707800 Exception <a 'java/lang/NoSuchMethodError'{0x00000000895c8ac0}: 'java.lang.Object java.lang.invoke.DirectMethodHandle$Holder.newInvokeSpecial(java.lang.Object, int)'> (0x00000000895c8ac0) thrown at [./src/hotspot/share/interpreter/linkResolver.cpp, line 773]
Event: 53.189 Thread 0x0000022e2d86c000 Exception <a 'java/lang/IncompatibleClassChangeError'{0x000000008957e228}: Found class java.lang.Object, but interface was expected> (0x000000008957e228) thrown at [./src/hotspot/share/interpreter/linkResolver.cpp, line 839]
Event: 53.189 Thread 0x0000022e2c707800 Exception <a 'java/lang/IncompatibleClassChangeError'{0x00000000895f0d90}: Found class java.lang.Object, but interface was expected> (0x00000000895f0d90) thrown at [./src/hotspot/share/interpreter/linkResolver.cpp, line 839]
Event: 53.192 Thread 0x0000022e2d866800 Exception <a 'java/lang/IncompatibleClassChangeError'{0x000000008941c810}: Found class java.lang.Object, but interface was expected> (0x000000008941c810) thrown at [./src/hotspot/share/interpreter/linkResolver.cpp, line 839]
Event: 53.195 Thread 0x0000022e2d86c000 Exception <a 'java/lang/IncompatibleClassChangeError'{0x0000000089581690}: Found class java.lang.Object, but interface was expected> (0x0000000089581690) thrown at [./src/hotspot/share/interpreter/linkResolver.cpp, line 839]
Event: 53.195 Thread 0x0000022e2c707800 Exception <a 'java/lang/IncompatibleClassChangeError'{0x000000008942f500}: Found class java.lang.Object, but interface was expected> (0x000000008942f500) thrown at [./src/hotspot/share/interpreter/linkResolver.cpp, line 839]
Event: 53.196 Thread 0x0000022e2d866800 Exception <a 'java/lang/IncompatibleClassChangeError'{0x000000008941da90}: Found class java.lang.Object, but interface was expected> (0x000000008941da90) thrown at [./src/hotspot/share/interpreter/linkResolver.cpp, line 839]
Event: 53.361 Thread 0x0000022e2c707800 Exception <a 'java/lang/IncompatibleClassChangeError'{0x0000000088b668b0}: Found class java.lang.Object, but interface was expected> (0x0000000088b668b0) thrown at [./src/hotspot/share/interpreter/linkResolver.cpp, line 839]
Event: 53.361 Thread 0x0000022e2d866800 Exception <a 'java/lang/IncompatibleClassChangeError'{0x0000000088bb4620}: Found class java.lang.Object, but interface was expected> (0x0000000088bb4620) thrown at [./src/hotspot/share/interpreter/linkResolver.cpp, line 839]
Event: 54.061 Thread 0x0000022e2d866800 Exception <a 'java/lang/NoSuchMethodError'{0x0000000089803b78}: 'java.lang.Object java.lang.invoke.DirectMethodHandle$Holder.invokeStatic(java.lang.Object, int, java.lang.Object, java.lang.Object)'> (0x0000000089803b78) thrown at [./src/hotspot/share/interpreter/linkResolver.cpp, line 773]
Event: 54.826 Thread 0x0000022e2d866800 Exception <a 'java/lang/NoSuchMethodError'{0x000000008b41b408}: 'java.lang.Object java.lang.invoke.DirectMethodHandle$Holder.invokeVirtual(java.lang.Object, java.lang.Object, int, java.lang.Object)'> (0x000000008b41b408) thrown at [./src/hotspot/share/interpreter/linkResolver.cpp, line 773]
Event: 54.827 Thread 0x0000022e2d86c000 Exception <a 'java/lang/NoSuchMethodError'{0x000000008b57ddf0}: 'java.lang.Object java.lang.invoke.DirectMethodHandle$Holder.invokeVirtual(java.lang.Object, java.lang.Object, int, java.lang.Object)'> (0x000000008b57ddf0) thrown at [./src/hotspot/share/interpreter/linkResolver.cpp, line 773]
Event: 54.984 Thread 0x0000022e2d866800 Exception <a 'java/lang/NoSuchMethodError'{0x000000008ae42e78}: 'void java.lang.invoke.DirectMethodHandle$Holder.invokeVirtual(java.lang.Object, java.lang.Object, int, java.lang.Object)'> (0x000000008ae42e78) thrown at [./src/hotspot/share/interpreter/linkResolver.cpp, line 773]

Events (20 events):
Event: 55.521 loading class com/android/tools/r8/internal/Mu done
Event: 55.521 loading class com/android/tools/r8/internal/Cu
Event: 55.521 loading class com/android/tools/r8/internal/Cu done
Event: 55.522 loading class com/android/tools/r8/internal/Hu
Event: 55.522 loading class com/android/tools/r8/internal/Hu done
Event: 55.523 loading class com/android/tools/r8/internal/Eu
Event: 55.523 loading class com/android/tools/r8/internal/Eu done
Event: 55.523 loading class com/android/tools/r8/internal/y0
Event: 55.523 loading class com/android/tools/r8/internal/y0 done
Event: 55.523 loading class com/android/tools/r8/internal/u0
Event: 55.523 loading class com/android/tools/r8/internal/u0 done
Event: 55.530 loading class com/android/tools/r8/internal/Gg
Event: 55.530 loading class com/android/tools/r8/internal/Gg done
Event: 55.532 loading class com/android/tools/r8/internal/yh
Event: 55.532 loading class com/android/tools/r8/internal/yh done
Event: 55.545 loading class com/android/tools/r8/graph/G$j
Event: 55.545 loading class com/android/tools/r8/graph/G$j done
Event: 55.668 Executing VM operation: RevokeBias
Event: 55.703 Executing VM operation: RevokeBias done
Event: 55.741 Executing VM operation: G1CollectForAllocation


Dynamic libraries:
0x00007ff70e300000 - 0x00007ff70e30d000 	C:\Program Files\OpenJDK\openjdk-11.0.15_10\bin\java.exe
0x00007ff9caeb0000 - 0x00007ff9cb0a7000 	C:\WINDOWS\SYSTEM32\ntdll.dll
0x00007ff9cac10000 - 0x00007ff9caccd000 	C:\WINDOWS\System32\KERNEL32.DLL
0x00007ff9c8810000 - 0x00007ff9c8add000 	C:\WINDOWS\System32\KERNELBASE.dll
0x00007ff9c8c80000 - 0x00007ff9c8d80000 	C:\WINDOWS\System32\ucrtbase.dll
0x00007ff9a5610000 - 0x00007ff9a5628000 	C:\Program Files\OpenJDK\openjdk-11.0.15_10\bin\jli.dll
0x00007ff9a56f0000 - 0x00007ff9a5706000 	C:\Program Files\OpenJDK\openjdk-11.0.15_10\bin\VCRUNTIME140.dll
0x00007ff9c9d10000 - 0x00007ff9c9eb0000 	C:\WINDOWS\System32\USER32.dll
0x00007ff9c8680000 - 0x00007ff9c86a2000 	C:\WINDOWS\System32\win32u.dll
0x00007ff9b8a90000 - 0x00007ff9b8d2a000 	C:\WINDOWS\WinSxS\amd64_microsoft.windows.common-controls_6595b64144ccf1df_6.0.19041.1110_none_60b5254171f9507e\COMCTL32.dll
0x00007ff9ca2c0000 - 0x00007ff9ca2ea000 	C:\WINDOWS\System32\GDI32.dll
0x00007ff9ca2f0000 - 0x00007ff9ca38e000 	C:\WINDOWS\System32\msvcrt.dll
0x00007ff9c8ae0000 - 0x00007ff9c8beb000 	C:\WINDOWS\System32\gdi32full.dll
0x00007ff9c8720000 - 0x00007ff9c87bd000 	C:\WINDOWS\System32\msvcp_win.dll
0x00007ff9c8f10000 - 0x00007ff9c8f40000 	C:\WINDOWS\System32\IMM32.DLL
0x00007ff989b40000 - 0x00007ff989bea000 	C:\Program Files\OpenJDK\openjdk-11.0.15_10\bin\msvcp140.dll
0x00007ff978240000 - 0x00007ff978d91000 	C:\Program Files\OpenJDK\openjdk-11.0.15_10\bin\server\jvm.dll
0x00007ff9c9560000 - 0x00007ff9c960e000 	C:\WINDOWS\System32\ADVAPI32.dll
0x00007ff9ca080000 - 0x00007ff9ca11c000 	C:\WINDOWS\System32\sechost.dll
0x00007ff9c9b30000 - 0x00007ff9c9c55000 	C:\WINDOWS\System32\RPCRT4.dll
0x00007ff9c9f10000 - 0x00007ff9c9f18000 	C:\WINDOWS\System32\PSAPI.DLL
0x00007ff9c02a0000 - 0x00007ff9c02a9000 	C:\WINDOWS\SYSTEM32\WSOCK32.dll
0x00007ff9cacd0000 - 0x00007ff9cad3b000 	C:\WINDOWS\System32\WS2_32.dll
0x00007ff9bb4b0000 - 0x00007ff9bb4d7000 	C:\WINDOWS\SYSTEM32\WINMM.dll
0x00007ff9bf190000 - 0x00007ff9bf19a000 	C:\WINDOWS\SYSTEM32\VERSION.dll
0x00007ff9c6eb0000 - 0x00007ff9c6ec2000 	C:\WINDOWS\SYSTEM32\kernel.appcore.dll
0x00007ff9a51a0000 - 0x00007ff9a51b1000 	C:\Program Files\OpenJDK\openjdk-11.0.15_10\bin\verify.dll
0x00007ff9c6b70000 - 0x00007ff9c6d54000 	C:\WINDOWS\SYSTEM32\DBGHELP.DLL
0x00007ff9c25c0000 - 0x00007ff9c25ec000 	C:\WINDOWS\SYSTEM32\dbgcore.DLL
0x00007ff9c8bf0000 - 0x00007ff9c8c72000 	C:\WINDOWS\System32\bcryptPrimitives.dll
0x00007ff9a5170000 - 0x00007ff9a5199000 	C:\Program Files\OpenJDK\openjdk-11.0.15_10\bin\java.dll
0x00007ff9a9a10000 - 0x00007ff9a9a1a000 	C:\Program Files\OpenJDK\openjdk-11.0.15_10\bin\jimage.dll
0x00007ff9a3bf0000 - 0x00007ff9a3c08000 	C:\Program Files\OpenJDK\openjdk-11.0.15_10\bin\zip.dll
0x00007ff9ca440000 - 0x00007ff9cab84000 	C:\WINDOWS\System32\SHELL32.dll
0x00007ff9c63d0000 - 0x00007ff9c6b64000 	C:\WINDOWS\SYSTEM32\windows.storage.dll
0x00007ff9c9690000 - 0x00007ff9c99e4000 	C:\WINDOWS\System32\combase.dll
0x00007ff9c8030000 - 0x00007ff9c805c000 	C:\WINDOWS\SYSTEM32\Wldp.dll
0x00007ff9ca390000 - 0x00007ff9ca43d000 	C:\WINDOWS\System32\SHCORE.dll
0x00007ff9c9eb0000 - 0x00007ff9c9f05000 	C:\WINDOWS\System32\shlwapi.dll
0x00007ff9c8510000 - 0x00007ff9c852f000 	C:\WINDOWS\SYSTEM32\profapi.dll
0x00007ff9a3bd0000 - 0x00007ff9a3be9000 	C:\Program Files\OpenJDK\openjdk-11.0.15_10\bin\net.dll
0x00007ff9c00d0000 - 0x00007ff9c01da000 	C:\WINDOWS\SYSTEM32\WINHTTP.dll
0x00007ff9c7d90000 - 0x00007ff9c7dfa000 	C:\WINDOWS\system32\mswsock.dll
0x00007ff9a31a0000 - 0x00007ff9a31b3000 	C:\Program Files\OpenJDK\openjdk-11.0.15_10\bin\nio.dll
0x00007ff9c3ea0000 - 0x00007ff9c3ec7000 	C:\Users\Tom\.gradle\native\e1d6ef7f7dcc3fd88c89a11ec53ec762bb8ba0a96d01ffa2cd45eb1d1d8dd5c5\windows-amd64\native-platform.dll
0x00007ff9a3450000 - 0x00007ff9a3594000 	C:\Users\Tom\.gradle\native\5664cfc778a61ccfe75a443a1ab52a65af34e5dc3c78e0209fed803814484fcb\windows-amd64\native-platform-file-events.dll
0x00007ff9a9a20000 - 0x00007ff9a9a29000 	C:\Program Files\OpenJDK\openjdk-11.0.15_10\bin\management.dll
0x00007ff9a6560000 - 0x00007ff9a656c000 	C:\Program Files\OpenJDK\openjdk-11.0.15_10\bin\management_ext.dll
0x00007ff9c7f80000 - 0x00007ff9c7f98000 	C:\WINDOWS\SYSTEM32\CRYPTSP.dll
0x00007ff9c7640000 - 0x00007ff9c7674000 	C:\WINDOWS\system32\rsaenh.dll
0x00007ff9c8d80000 - 0x00007ff9c8da7000 	C:\WINDOWS\System32\bcrypt.dll
0x00007ff9c8490000 - 0x00007ff9c84be000 	C:\WINDOWS\SYSTEM32\USERENV.dll
0x00007ff9c7fa0000 - 0x00007ff9c7fac000 	C:\WINDOWS\SYSTEM32\CRYPTBASE.dll
0x00007ff9c7a30000 - 0x00007ff9c7a6b000 	C:\WINDOWS\SYSTEM32\IPHLPAPI.DLL
0x00007ff9cad40000 - 0x00007ff9cad48000 	C:\WINDOWS\System32\NSI.dll
0x00007ff9c0490000 - 0x00007ff9c04a7000 	C:\WINDOWS\SYSTEM32\dhcpcsvc6.DLL
0x00007ff9c0eb0000 - 0x00007ff9c0ecd000 	C:\WINDOWS\SYSTEM32\dhcpcsvc.DLL
0x00007ff9c7ac0000 - 0x00007ff9c7b8b000 	C:\WINDOWS\SYSTEM32\DNSAPI.dll

dbghelp: loaded successfully - version: 4.0.5 - missing functions: none
symbol engine: initialized successfully - sym options: 0x614 - pdb path: .;C:\Program Files\OpenJDK\openjdk-11.0.15_10\bin;C:\WINDOWS\SYSTEM32;C:\WINDOWS\WinSxS\amd64_microsoft.windows.common-controls_6595b64144ccf1df_6.0.19041.1110_none_60b5254171f9507e;C:\Program Files\OpenJDK\openjdk-11.0.15_10\bin\server;C:\Users\Tom\.gradle\native\e1d6ef7f7dcc3fd88c89a11ec53ec762bb8ba0a96d01ffa2cd45eb1d1d8dd5c5\windows-amd64;C:\Users\Tom\.gradle\native\5664cfc778a61ccfe75a443a1ab52a65af34e5dc3c78e0209fed803814484fcb\windows-amd64

VM Arguments:
jvm_args: -XX:MaxMetaspaceSize=512m --add-opens=java.base/java.util=ALL-UNNAMED --add-opens=java.base/java.lang=ALL-UNNAMED --add-opens=java.base/java.lang.invoke=ALL-UNNAMED --add-opens=java.base/java.util=ALL-UNNAMED --add-opens=java.prefs/java.util.prefs=ALL-UNNAMED --add-opens=java.prefs/java.util.prefs=ALL-UNNAMED --add-opens=java.base/java.nio.charset=ALL-UNNAMED --add-opens=java.base/java.net=ALL-UNNAMED --add-opens=java.base/java.util.concurrent.atomic=ALL-UNNAMED -Xmx2048m -Dfile.encoding=windows-1252 -Duser.country=GB -Duser.language=en -Duser.variant 
java_command: org.gradle.launcher.daemon.bootstrap.GradleDaemon 7.3.3
java_class_path (initial): C:\Users\Tom\.gradle\wrapper\dists\gradle-7.3.3-all\4295vidhdd9hd3gbjyw1xqxpo\gradle-7.3.3\lib\gradle-launcher-7.3.3.jar
Launcher Type: SUN_STANDARD

[Global flags]
     intx CICompilerCount                          = 3                                         {product} {ergonomic}
   size_t CompressedClassSpaceSize                 = 528482304                                 {product} {ergonomic}
     uint ConcGCThreads                            = 1                                         {product} {ergonomic}
     uint G1ConcRefinementThreads                  = 4                                         {product} {ergonomic}
   size_t G1HeapRegionSize                         = 1048576                                   {product} {ergonomic}
    uintx GCDrainStackTargetSize                   = 64                                        {product} {ergonomic}
   size_t InitialHeapSize                          = 134217728                                 {product} {ergonomic}
   size_t MarkStackSize                            = 4194304                                   {product} {ergonomic}
   size_t MaxHeapSize                              = 2147483648                                {product} {command line}
   size_t MaxMetaspaceSize                         = 536870912                                 {product} {command line}
   size_t MaxNewSize                               = 1287651328                                {product} {ergonomic}
   size_t MinHeapDeltaBytes                        = 1048576                                   {product} {ergonomic}
    uintx NonNMethodCodeHeapSize                   = 5830732                                {pd product} {ergonomic}
    uintx NonProfiledCodeHeapSize                  = 122913754                              {pd product} {ergonomic}
    uintx ProfiledCodeHeapSize                     = 122913754                              {pd product} {ergonomic}
    uintx ReservedCodeCacheSize                    = 251658240                              {pd product} {ergonomic}
     bool SegmentedCodeCache                       = true                                      {product} {ergonomic}
     bool UseCompressedClassPointers               = true                                 {lp64_product} {ergonomic}
     bool UseCompressedOops                        = true                                 {lp64_product} {ergonomic}
     bool UseG1GC                                  = true                                      {product} {ergonomic}
     bool UseLargePagesIndividualAllocation        = false                                  {pd product} {ergonomic}

Logging:
Log output configuration:
 #0: stdout all=warning uptime,level,tags
 #1: stderr all=off uptime,level,tags

Environment Variables:
JAVA_HOME=C:\Program Files\OpenJDK\openjdk-11.0.15_10
CLASSPATH=C:\Users\Tom\Documents\Programmation\React Native\projectRNcli\android\\gradle\wrapper\gradle-wrapper.jar
PATH=C:\Users\Tom\Documents\Programmation\React Native\projectRNcli\android\node_modules\.bin;C:\Users\Tom\Documents\Programmation\React Native\projectRNcli\node_modules\.bin;C:\Users\Tom\Documents\Programmation\React Native\node_modules\.bin;C:\Users\Tom\Documents\Programmation\node_modules\.bin;C:\Users\Tom\Documents\node_modules\.bin;C:\Users\Tom\node_modules\.bin;C:\Users\node_modules\.bin;C:\node_modules\.bin;C:\Program Files\nodejs;C:\Users\Tom\Documents\Programmation\React Native\projectRNcli\node_modules\.bin;C:\Users\Tom\Documents\Programmation\React Native\node_modules\.bin;C:\Users\Tom\Documents\Programmation\node_modules\.bin;C:\Users\Tom\Documents\node_modules\.bin;C:\Users\Tom\node_modules\.bin;C:\Users\node_modules\.bin;C:\node_modules\.bin;C:\Program Files\nodejs\node_modules\npm\node_modules\@npmcli\run-script\lib\node-gyp-bin;C:\Python310\Scripts\;C:\Python310\;C:\Program Files\Common Files\Oracle\Java\javapath;C:\Program Files (x86)\Intel\Intel(R) Management Engine Components\iCLS\;C:\Program Files\Intel\Intel(R) Management Engine Components\iCLS\;C:\windows\system32;C:\windows;C:\windows\System32\Wbem;C:\windows\System32\WindowsPowerShell\v1.0\;C:\Program Files (x86)\Intel\Intel(R) Management Engine Components\DAL;C:\Program Files\Intel\Intel(R) Management Engine Components\DAL;C:\Program Files (x86)\Intel\Intel(R) Management Engine Components\IPT;C:\Program Files\Intel\Intel(R) Management Engine Components\IPT;C:\Program Files (x86)\NVIDIA Corporation\PhysX\Common;C:\WINDOWS\system32;C:\WINDOWS;C:\WINDOWS\System32\Wbem;C:\WINDOWS\System32\WindowsPowerShell\v1.0\;C:\WINDOWS\System32\OpenSSH\;C:\Program Files\Microchip\xc8\v2.36\bin;C:\ProgramData\chocolatey\bin;C:\Program Files\OpenJDK\openjdk-11.0.15_10\bin;C:\Program Files\nodejs\;C:\Users\Tom\AppData\Local\Microsoft\WindowsApps;C:\Users\Tom\AppData\Local\Programs\Microsoft VS Code\bin;C:\Users\Tom\AppData\Local\Android\Sdk\platform-tools;C:\Users\Tom\AppData\Roaming\npm;C:\Users\Tom\Documents\Pro
USERNAME=Tom
LANG=en_GB.UTF-8
OS=Windows_NT
PROCESSOR_IDENTIFIER=Intel64 Family 6 Model 142 Stepping 10, GenuineIntel



---------------  S Y S T E M  ---------------

OS: Windows 10 , 64 bit Build 19041 (10.0.19041.1741)
OS uptime: 0 days 4:28 hours

CPU:total 4 (initial active 4) (2 cores per cpu, 2 threads per core) family 6 model 142 stepping 10 microcode 0xb4, cmov, cx8, fxsr, mmx, sse, sse2, sse3, ssse3, sse4.1, sse4.2, popcnt, avx, avx2, aes, clmul, erms, 3dnowpref, lzcnt, ht, tsc, tscinvbit, bmi1, bmi2, adx, fma

Memory: 4k page, system-wide physical 8107M (811M free)
TotalPageFile size 8107M (AvailPageFile size 48M)
current process WorkingSet (physical memory assigned to process): 505M, peak: 505M
current process commit charge ("private bytes"): 566M, peak: 639M

vm_info: OpenJDK 64-Bit Server VM (11.0.15+10) for windows-amd64 JRE (11.0.15+10), built on Apr 21 2022 21:29:46 by "tester" with MS VC++ 15.5 (VS2017)

END.
