#
# There is insufficient memory for the Java Runtime Environment to continue.
# Native memory allocation (malloc) failed to allocate 1393776 bytes for Chunk::new
# Possible reasons:
#   The system is out of physical RAM or swap space
#   The process is running with CompressedOops enabled, and the Java Heap may be blocking the growth of the native heap
# Possible solutions:
#   Reduce memory load on the system
#   Increase physical memory or swap space
#   Check if swap backing store is full
#   Decrease Java heap size (-Xmx/-Xms)
#   Decrease number of Java threads
#   Decrease Java thread stack sizes (-Xss)
#   Set larger code cache with -XX:ReservedCodeCacheSize=
#   JVM is running with Unscaled Compressed Oops mode in which the Java heap is
#     placed in the first 4GB address space. The Java Heap base address is the
#     maximum limit for the native heap growth. Please use -XX:HeapBaseMinAddress
#     to set the Java Heap base and to place the Java Heap above 4GB virtual address.
# This output file may be truncated or incomplete.
#
#  Out of Memory Error (./src/hotspot/share/memory/arena.cpp:197), pid=13768, tid=14672
#
# JRE version: OpenJDK Runtime Environment 18.9 (11.0.15+10) (build 11.0.15+10)
# Java VM: OpenJDK 64-Bit Server VM 18.9 (11.0.15+10, mixed mode, tiered, compressed oops, g1 gc, windows-amd64)
# No core dump will be written. Minidumps are not enabled by default on client versions of Windows
#

---------------  S U M M A R Y ------------

Command Line: -XX:MaxMetaspaceSize=512m --add-opens=java.base/java.util=ALL-UNNAMED --add-opens=java.base/java.lang=ALL-UNNAMED --add-opens=java.base/java.lang.invoke=ALL-UNNAMED --add-opens=java.base/java.util=ALL-UNNAMED --add-opens=java.prefs/java.util.prefs=ALL-UNNAMED --add-opens=java.prefs/java.util.prefs=ALL-UNNAMED --add-opens=java.base/java.nio.charset=ALL-UNNAMED --add-opens=java.base/java.net=ALL-UNNAMED --add-opens=java.base/java.util.concurrent.atomic=ALL-UNNAMED -Xmx2048m -Dfile.encoding=windows-1252 -Duser.country=GB -Duser.language=en -Duser.variant org.gradle.launcher.daemon.bootstrap.GradleDaemon 7.3.3

Host: Intel(R) Core(TM) i3-7020U CPU @ 2.30GHz, 4 cores, 7G,  Windows 10 , 64 bit Build 19041 (10.0.19041.1741)
Time: Sun Jul  3 16:17:47 2022 Romance Summer Time elapsed time: 84.877202 seconds (0d 0h 1m 24s)

---------------  T H R E A D  ---------------

Current thread (0x000002603b996800):  JavaThread "C2 CompilerThread0" daemon [_thread_in_native, id=14672, stack(0x0000006090600000,0x0000006090700000)]


Current CompileTask:
C2:  84877 15355 %     4       com.android.tools.r8.internal.U6::a @ 3180 (4191 bytes)

Stack: [0x0000006090600000,0x0000006090700000]
Native frames: (J=compiled Java code, j=interpreted, Vv=VM code, C=native code)
V  [jvm.dll+0x64dd3a]
V  [jvm.dll+0x7906c9]
V  [jvm.dll+0x791d9c]
V  [jvm.dll+0x792463]
V  [jvm.dll+0x265048]
V  [jvm.dll+0xc9da1]
V  [jvm.dll+0xca35c]
V  [jvm.dll+0x37c167]
V  [jvm.dll+0x347153]
V  [jvm.dll+0x34647a]
V  [jvm.dll+0x21e085]
V  [jvm.dll+0x21d25a]
V  [jvm.dll+0x19dd21]
V  [jvm.dll+0x22cc80]
V  [jvm.dll+0x22af81]
V  [jvm.dll+0x75254c]
V  [jvm.dll+0x74b12d]
V  [jvm.dll+0x64c8a6]
C  [ucrtbase.dll+0x21bb2]
C  [KERNEL32.DLL+0x17034]
C  [ntdll.dll+0x52651]


---------------  P R O C E S S  ---------------

Threads class SMR info:
_java_thread_list=0x0000026047684b30, length=92, elements={
0x000002601a852800, 0x000002603b022800, 0x000002603b02c000, 0x000002603b086000,
0x000002603b990800, 0x000002603b991800, 0x000002603b996800, 0x000002603b99b800,
0x000002603b9a6000, 0x000002603baf0000, 0x000002603d289800, 0x000002603d501800,
0x000002603e504800, 0x000002603e833000, 0x000002603dc20800, 0x000002603cb03800,
0x000002603dc21000, 0x000002603e63a000, 0x000002603e79f000, 0x000002603e5ef000,
0x000002603e09f800, 0x000002603e0a3000, 0x000002603e09d000, 0x000002603e0a3800,
0x000002603e0a2000, 0x000002603e0a0800, 0x000002603e09e000, 0x000002603e09e800,
0x000002603e0a1000, 0x000002603f3fd800, 0x000002603f3fe800, 0x000002603f3ff000,
0x000002603f3fb000, 0x000002603f3fc000, 0x000002603f401800, 0x000002603f401000,
0x000002603f405000, 0x000002603f406000, 0x000002603f402800, 0x000002603f400000,
0x000002603f409000, 0x000002603f404000, 0x000002603f408000, 0x000002603f403800,
0x000002603f406800, 0x000002603f407800, 0x000002603f40a000, 0x000002604202a800,
0x000002604202b800, 0x0000026042029000, 0x0000026042027800, 0x0000026042028000,
0x000002604202a000, 0x000002604202c800, 0x0000026042026800, 0x0000026042033000,
0x000002604202e000, 0x0000026042030800, 0x000002604202f000, 0x000002604202f800,
0x0000026042031000, 0x0000026042032000, 0x000002604202d000, 0x0000026042034800,
0x0000026042033800, 0x0000026042035800, 0x000002603f8ec800, 0x000002603f8f1800,
0x000002603f8ef000, 0x000002603f8f0000, 0x000002603f8f0800, 0x000002603f8ec000,
0x000002603f8f2800, 0x000002603f8ee000, 0x000002603f8f3000, 0x000002603f8f8000,
0x000002603f8f9800, 0x000002603f8f5800, 0x000002603f8f9000, 0x000002603f8f4000,
0x000002603f8f5000, 0x000002603f8fa800, 0x000002603f305800, 0x000002603f307000,
0x000002603f308000, 0x000002603f302000, 0x000002603f308800, 0x000002603f304800,
0x000002603f303000, 0x000002603f309800, 0x000002603f304000, 0x000002604299e000
}

Java Threads: ( => current thread )
  0x000002601a852800 JavaThread "main" [_thread_blocked, id=6556, stack(0x000000608fa00000,0x000000608fb00000)]
  0x000002603b022800 JavaThread "Reference Handler" daemon [_thread_blocked, id=11392, stack(0x0000006090100000,0x0000006090200000)]
  0x000002603b02c000 JavaThread "Finalizer" daemon [_thread_blocked, id=13540, stack(0x0000006090200000,0x0000006090300000)]
  0x000002603b086000 JavaThread "Signal Dispatcher" daemon [_thread_blocked, id=8508, stack(0x0000006090300000,0x0000006090400000)]
  0x000002603b990800 JavaThread "Attach Listener" daemon [_thread_blocked, id=2528, stack(0x0000006090400000,0x0000006090500000)]
  0x000002603b991800 JavaThread "Service Thread" daemon [_thread_blocked, id=5992, stack(0x0000006090500000,0x0000006090600000)]
=>0x000002603b996800 JavaThread "C2 CompilerThread0" daemon [_thread_in_native, id=14672, stack(0x0000006090600000,0x0000006090700000)]
  0x000002603b99b800 JavaThread "C1 CompilerThread0" daemon [_thread_blocked, id=7800, stack(0x0000006090700000,0x0000006090800000)]
  0x000002603b9a6000 JavaThread "Sweeper thread" daemon [_thread_blocked, id=13012, stack(0x0000006090800000,0x0000006090900000)]
  0x000002603baf0000 JavaThread "Common-Cleaner" daemon [_thread_blocked, id=7616, stack(0x0000006090900000,0x0000006090a00000)]
  0x000002603d289800 JavaThread "Daemon health stats" [_thread_blocked, id=8668, stack(0x0000006090e00000,0x0000006090f00000)]
  0x000002603d501800 JavaThread "Incoming local TCP Connector on port 49520" [_thread_in_native, id=14400, stack(0x0000006090b00000,0x0000006090c00000)]
  0x000002603e504800 JavaThread "Daemon periodic checks" [_thread_blocked, id=10352, stack(0x0000006090f00000,0x0000006091000000)]
  0x000002603e833000 JavaThread "Daemon" [_thread_blocked, id=11844, stack(0x0000006091000000,0x0000006091100000)]
  0x000002603dc20800 JavaThread "Handler for socket connection from /127.0.0.1:49520 to /127.0.0.1:49521" [_thread_in_native, id=6668, stack(0x0000006091100000,0x0000006091200000)]
  0x000002603cb03800 JavaThread "Cancel handler" [_thread_blocked, id=2532, stack(0x0000006091200000,0x0000006091300000)]
  0x000002603dc21000 JavaThread "Daemon worker" [_thread_blocked, id=12512, stack(0x0000006091300000,0x0000006091400000)]
  0x000002603e63a000 JavaThread "Asynchronous log dispatcher for DefaultDaemonConnection: socket connection from /127.0.0.1:49520 to /127.0.0.1:49521" [_thread_blocked, id=16412, stack(0x0000006091400000,0x0000006091500000)]
  0x000002603e79f000 JavaThread "Stdin handler" [_thread_blocked, id=11252, stack(0x0000006091500000,0x0000006091600000)]
  0x000002603e5ef000 JavaThread "Daemon client event forwarder" [_thread_blocked, id=6980, stack(0x0000006091600000,0x0000006091700000)]
  0x000002603e09f800 JavaThread "Cache worker for journal cache (C:\Users\Tom\.gradle\caches\journal-1)" [_thread_blocked, id=18264, stack(0x0000006091800000,0x0000006091900000)]
  0x000002603e0a3000 JavaThread "File lock request listener" [_thread_in_native, id=14736, stack(0x0000006091900000,0x0000006091a00000)]
  0x000002603e09d000 JavaThread "Cache worker for file hash cache (C:\Users\Tom\.gradle\caches\7.3.3\fileHashes)" [_thread_blocked, id=16904, stack(0x0000006091a00000,0x0000006091b00000)]
  0x000002603e0a3800 JavaThread "Cache worker for file hash cache (C:\Users\Tom\Documents\Programmation\React Native\projectRNcli\android\.gradle\7.3.3\fileHashes)" [_thread_blocked, id=10732, stack(0x0000006091b00000,0x0000006091c00000)]
  0x000002603e0a2000 JavaThread "File watcher server" daemon [_thread_in_native, id=17396, stack(0x0000006091c00000,0x0000006091d00000)]
  0x000002603e0a0800 JavaThread "File watcher consumer" daemon [_thread_blocked, id=8100, stack(0x0000006091d00000,0x0000006091e00000)]
  0x000002603e09e000 JavaThread "Cache worker for checksums cache (C:\Users\Tom\Documents\Programmation\React Native\projectRNcli\android\.gradle\7.3.3\checksums)" [_thread_blocked, id=10216, stack(0x0000006091e00000,0x0000006091f00000)]
  0x000002603e09e800 JavaThread "Cache worker for cache directory md-supplier (C:\Users\Tom\.gradle\caches\7.3.3\md-supplier)" [_thread_blocked, id=2132, stack(0x0000006091f00000,0x0000006092000000)]
  0x000002603e0a1000 JavaThread "Cache worker for cache directory md-rule (C:\Users\Tom\.gradle\caches\7.3.3\md-rule)" [_thread_blocked, id=12232, stack(0x0000006092100000,0x0000006092200000)]
  0x000002603f3fd800 JavaThread "Cache worker for execution history cache (C:\Users\Tom\.gradle\caches\7.3.3\executionHistory)" [_thread_blocked, id=12748, stack(0x0000006092200000,0x0000006092300000)]
  0x000002603f3fe800 JavaThread "jar transforms" [_thread_blocked, id=9532, stack(0x0000006092300000,0x0000006092400000)]
  0x000002603f3ff000 JavaThread "jar transforms Thread 2" [_thread_blocked, id=15884, stack(0x0000006092400000,0x0000006092500000)]
  0x000002603f3fb000 JavaThread "Cache worker for file content cache (C:\Users\Tom\.gradle\caches\7.3.3\fileContent)" [_thread_blocked, id=15056, stack(0x0000006092500000,0x0000006092600000)]
  0x000002603f3fc000 JavaThread "jar transforms Thread 3" [_thread_blocked, id=11612, stack(0x0000006092600000,0x0000006092700000)]
  0x000002603f401800 JavaThread "jar transforms Thread 4" [_thread_blocked, id=15284, stack(0x0000006092700000,0x0000006092800000)]
  0x000002603f401000 JavaThread "Cache worker for kotlin-dsl (C:\Users\Tom\.gradle\caches\7.3.3\kotlin-dsl)" [_thread_blocked, id=14420, stack(0x0000006092000000,0x0000006092100000)]
  0x000002603f405000 JavaThread "Cache worker for dependencies-accessors (C:\Users\Tom\Documents\Programmation\React Native\projectRNcli\android\.gradle\7.3.3\dependencies-accessors)" [_thread_blocked, id=13480, stack(0x0000006092900000,0x0000006092a00000)]
  0x000002603f406000 JavaThread "Cache worker for Build Output Cleanup Cache (C:\Users\Tom\Documents\Programmation\React Native\projectRNcli\node_modules\react-native-gradle-plugin\.gradle\buildOutputCleanup)" [_thread_blocked, id=15940, stack(0x0000006092a00000,0x0000006092b00000)]
  0x000002603f402800 JavaThread "Unconstrained build operations" [_thread_blocked, id=3608, stack(0x0000006092800000,0x0000006092900000)]
  0x000002603f400000 JavaThread "Unconstrained build operations Thread 2" [_thread_blocked, id=2084, stack(0x0000006092b00000,0x0000006092c00000)]
  0x000002603f409000 JavaThread "Unconstrained build operations Thread 3" [_thread_blocked, id=15736, stack(0x0000006092c00000,0x0000006092d00000)]
  0x000002603f404000 JavaThread "Unconstrained build operations Thread 4" [_thread_blocked, id=18308, stack(0x0000006092d00000,0x0000006092e00000)]
  0x000002603f408000 JavaThread "Unconstrained build operations Thread 5" [_thread_blocked, id=5768, stack(0x0000006092e00000,0x0000006092f00000)]
  0x000002603f403800 JavaThread "Unconstrained build operations Thread 6" [_thread_in_native, id=7968, stack(0x0000006092f00000,0x0000006093000000)]
  0x000002603f406800 JavaThread "Unconstrained build operations Thread 7" [_thread_in_Java, id=16600, stack(0x0000006093000000,0x0000006093100000)]
  0x000002603f407800 JavaThread "Unconstrained build operations Thread 8" [_thread_blocked, id=3296, stack(0x0000006093100000,0x0000006093200000)]
  0x000002603f40a000 JavaThread "Unconstrained build operations Thread 9" [_thread_blocked, id=15392, stack(0x0000006093200000,0x0000006093300000)]
  0x000002604202a800 JavaThread "Unconstrained build operations Thread 10" [_thread_blocked, id=17128, stack(0x0000006093300000,0x0000006093400000)]
  0x000002604202b800 JavaThread "Unconstrained build operations Thread 11" [_thread_blocked, id=9280, stack(0x0000006093400000,0x0000006093500000)]
  0x0000026042029000 JavaThread "Unconstrained build operations Thread 12" [_thread_blocked, id=7236, stack(0x0000006093500000,0x0000006093600000)]
  0x0000026042027800 JavaThread "Unconstrained build operations Thread 13" [_thread_blocked, id=7704, stack(0x0000006093600000,0x0000006093700000)]
  0x0000026042028000 JavaThread "Unconstrained build operations Thread 14" [_thread_blocked, id=15296, stack(0x0000006093700000,0x0000006093800000)]
  0x000002604202a000 JavaThread "Unconstrained build operations Thread 15" [_thread_blocked, id=13568, stack(0x0000006093800000,0x0000006093900000)]
  0x000002604202c800 JavaThread "Unconstrained build operations Thread 16" [_thread_blocked, id=15968, stack(0x0000006093900000,0x0000006093a00000)]
  0x0000026042026800 JavaThread "Unconstrained build operations Thread 17" [_thread_blocked, id=9904, stack(0x0000006093a00000,0x0000006093b00000)]
  0x0000026042033000 JavaThread "Unconstrained build operations Thread 18" [_thread_blocked, id=13632, stack(0x0000006093b00000,0x0000006093c00000)]
  0x000002604202e000 JavaThread "Unconstrained build operations Thread 19" [_thread_blocked, id=6228, stack(0x0000006093c00000,0x0000006093d00000)]
  0x0000026042030800 JavaThread "Unconstrained build operations Thread 20" [_thread_blocked, id=16728, stack(0x0000006093d00000,0x0000006093e00000)]
  0x000002604202f000 JavaThread "Unconstrained build operations Thread 21" [_thread_blocked, id=7152, stack(0x0000006093e00000,0x0000006093f00000)]
  0x000002604202f800 JavaThread "Unconstrained build operations Thread 22" [_thread_blocked, id=17008, stack(0x0000006093f00000,0x0000006094000000)]
  0x0000026042031000 JavaThread "Unconstrained build operations Thread 23" [_thread_blocked, id=7440, stack(0x0000006094000000,0x0000006094100000)]
  0x0000026042032000 JavaThread "Unconstrained build operations Thread 24" [_thread_blocked, id=14684, stack(0x0000006094100000,0x0000006094200000)]
  0x000002604202d000 JavaThread "Unconstrained build operations Thread 25" [_thread_blocked, id=15300, stack(0x0000006094200000,0x0000006094300000)]
  0x0000026042034800 JavaThread "Unconstrained build operations Thread 26" [_thread_blocked, id=14064, stack(0x0000006094300000,0x0000006094400000)]
  0x0000026042033800 JavaThread "Unconstrained build operations Thread 27" [_thread_blocked, id=2788, stack(0x0000006094400000,0x0000006094500000)]
  0x0000026042035800 JavaThread "Unconstrained build operations Thread 28" [_thread_blocked, id=16212, stack(0x0000006094500000,0x0000006094600000)]
  0x000002603f8ec800 JavaThread "Unconstrained build operations Thread 29" [_thread_blocked, id=10932, stack(0x0000006094600000,0x0000006094700000)]
  0x000002603f8f1800 JavaThread "Unconstrained build operations Thread 30" [_thread_blocked, id=7024, stack(0x0000006094700000,0x0000006094800000)]
  0x000002603f8ef000 JavaThread "Unconstrained build operations Thread 31" [_thread_blocked, id=17668, stack(0x0000006094800000,0x0000006094900000)]
  0x000002603f8f0000 JavaThread "Unconstrained build operations Thread 32" [_thread_blocked, id=16748, stack(0x0000006094900000,0x0000006094a00000)]
  0x000002603f8f0800 JavaThread "Unconstrained build operations Thread 33" [_thread_blocked, id=17480, stack(0x0000006094a00000,0x0000006094b00000)]
  0x000002603f8ec000 JavaThread "build event listener" [_thread_blocked, id=8780, stack(0x0000006094c00000,0x0000006094d00000)]
  0x000002603f8f2800 JavaThread "Memory manager" [_thread_blocked, id=7424, stack(0x0000006094d00000,0x0000006094e00000)]
  0x000002603f8ee000 JavaThread "Cache worker for Build Output Cleanup Cache (C:\Users\Tom\Documents\Programmation\React Native\projectRNcli\android\.gradle\buildOutputCleanup)" [_thread_blocked, id=6440, stack(0x0000006094e00000,0x0000006094f00000)]
  0x000002603f8f3000 JavaThread "included builds" [_thread_blocked, id=16476, stack(0x0000006094f00000,0x0000006095000000)]
  0x000002603f8f8000 JavaThread "Cache worker for execution history cache (C:\Users\Tom\Documents\Programmation\React Native\projectRNcli\node_modules\react-native-gradle-plugin\.gradle\7.3.3\executionHistory)" [_thread_blocked, id=14648, stack(0x0000006095300000,0x0000006095400000)]
  0x000002603f8f9800 JavaThread "Unconstrained build operations Thread 34" [_thread_blocked, id=11712, stack(0x0000006095400000,0x0000006095500000)]
  0x000002603f8f5800 JavaThread "Unconstrained build operations Thread 35" [_thread_blocked, id=8296, stack(0x0000006095500000,0x0000006095600000)]
  0x000002603f8f9000 JavaThread "Unconstrained build operations Thread 36" [_thread_blocked, id=7872, stack(0x0000006095600000,0x0000006095700000)]
  0x000002603f8f4000 JavaThread "Unconstrained build operations Thread 37" [_thread_blocked, id=1168, stack(0x0000006095700000,0x0000006095800000)]
  0x000002603f8f5000 JavaThread "Unconstrained build operations Thread 38" [_thread_blocked, id=8132, stack(0x0000006095800000,0x0000006095900000)]
  0x000002603f8fa800 JavaThread "Unconstrained build operations Thread 39" [_thread_blocked, id=11860, stack(0x0000006095900000,0x0000006095a00000)]
  0x000002603f305800 JavaThread "Unconstrained build operations Thread 40" [_thread_blocked, id=13784, stack(0x0000006095a00000,0x0000006095b00000)]
  0x000002603f307000 JavaThread "Execution worker for ':'" [_thread_blocked, id=14760, stack(0x0000006095100000,0x0000006095200000)]
  0x000002603f308000 JavaThread "Execution worker for ':' Thread 2" [_thread_blocked, id=17468, stack(0x0000006095200000,0x0000006095300000)]
  0x000002603f302000 JavaThread "Execution worker for ':' Thread 3" [_thread_blocked, id=17272, stack(0x0000006095b00000,0x0000006095c00000)]
  0x000002603f308800 JavaThread "Cache worker for execution history cache (C:\Users\Tom\Documents\Programmation\React Native\projectRNcli\android\.gradle\7.3.3\executionHistory)" [_thread_blocked, id=10872, stack(0x0000006095c00000,0x0000006095d00000)]
  0x000002603f304800 JavaThread "WorkerExecutor Queue" [_thread_blocked, id=2840, stack(0x0000006095d00000,0x0000006095e00000)]
  0x000002603f303000 JavaThread "WorkerExecutor Queue Thread 2" [_thread_blocked, id=17552, stack(0x0000006095e00000,0x0000006095f00000)]
  0x000002603f309800 JavaThread "WorkerExecutor Queue Thread 3" [_thread_blocked, id=17720, stack(0x0000006096000000,0x0000006096100000)]
  0x000002603f304000 JavaThread "WorkerExecutor Queue Thread 4" [_thread_blocked, id=8396, stack(0x0000006095f00000,0x0000006096000000)]
  0x000002604299e000 JavaThread "C2 CompilerThread1" daemon [_thread_in_native, id=10244, stack(0x0000006096100000,0x0000006096200000)]

Other Threads:
  0x000002603b01d800 VMThread "VM Thread" [stack: 0x0000006090000000,0x0000006090100000] [id=12408]
  0x000002603bb31000 WatcherThread [stack: 0x0000006090a00000,0x0000006090b00000] [id=4728]
  0x000002601a86a000 GCTaskThread "GC Thread#0" [stack: 0x000000608fb00000,0x000000608fc00000] [id=9524]
  0x000002603bbdc000 GCTaskThread "GC Thread#1" [stack: 0x0000006090c00000,0x0000006090d00000] [id=17960]
  0x000002603bf67800 GCTaskThread "GC Thread#2" [stack: 0x0000006090d00000,0x0000006090e00000] [id=18332]
  0x000002603deeb000 GCTaskThread "GC Thread#3" [stack: 0x0000006091700000,0x0000006091800000] [id=14616]
  0x000002601a89c000 ConcurrentGCThread "G1 Main Marker" [stack: 0x000000608fc00000,0x000000608fd00000] [id=13308]
  0x000002601a89d800 ConcurrentGCThread "G1 Conc#0" [stack: 0x000000608fd00000,0x000000608fe00000] [id=6188]
  0x000002601a92c000 ConcurrentGCThread "G1 Refine#0" [stack: 0x000000608fe00000,0x000000608ff00000] [id=14116]
  0x000002601a92d000 ConcurrentGCThread "G1 Young RemSet Sampling" [stack: 0x000000608ff00000,0x0000006090000000] [id=13716]

Threads with active compile tasks:
C2 CompilerThread0    84920 15355 %     4       com.android.tools.r8.internal.U6::a @ 3180 (4191 bytes)
C2 CompilerThread1    84921 15353 %     4       com.android.tools.r8.internal.U6::a @ 66 (6044 bytes)

VM state:not at safepoint (normal execution)

VM Mutex/Monitor currently owned by a thread: None

Heap address: 0x0000000080000000, size: 2048 MB, Compressed Oops mode: 32-bit
Narrow klass base: 0x0000000000000000, Narrow klass shift: 3
Compressed class space size: 528482304 Address: 0x0000000100000000

Heap:
 garbage-first heap   total 227328K, used 174970K [0x0000000080000000, 0x0000000100000000)
  region size 1024K, 26 young (26624K), 4 survivors (4096K)
 Metaspace       used 114599K, capacity 117991K, committed 118216K, reserved 618496K
  class space    used 14796K, capacity 16166K, committed 16204K, reserved 516096K
Heap Regions: E=young(eden), S=young(survivor), O=old, HS=humongous(starts), HC=humongous(continues), CS=collection set, F=free, A=archive, TAMS=top-at-mark-start (previous, next)
|   0|0x0000000080000000, 0x0000000080100000, 0x0000000080100000|100%| O|  |TAMS 0x0000000080100000, 0x0000000080000000| Untracked 
|   1|0x0000000080100000, 0x0000000080200000, 0x0000000080200000|100%| O|  |TAMS 0x0000000080200000, 0x0000000080100000| Untracked 
|   2|0x0000000080200000, 0x0000000080300000, 0x0000000080300000|100%| O|  |TAMS 0x0000000080300000, 0x0000000080200000| Untracked 
|   3|0x0000000080300000, 0x0000000080400000, 0x0000000080400000|100%|HS|  |TAMS 0x0000000080400000, 0x0000000080300000| Complete 
|   4|0x0000000080400000, 0x0000000080500000, 0x0000000080500000|100%|HC|  |TAMS 0x0000000080500000, 0x0000000080400000| Complete 
|   5|0x0000000080500000, 0x0000000080600000, 0x0000000080600000|100%|HC|  |TAMS 0x0000000080600000, 0x0000000080500000| Complete 
|   6|0x0000000080600000, 0x0000000080700000, 0x0000000080700000|100%| O|  |TAMS 0x0000000080700000, 0x0000000080600000| Untracked 
|   7|0x0000000080700000, 0x0000000080800000, 0x0000000080800000|100%| O|  |TAMS 0x0000000080800000, 0x0000000080700000| Untracked 
|   8|0x0000000080800000, 0x0000000080900000, 0x0000000080900000|100%| O|  |TAMS 0x0000000080900000, 0x0000000080800000| Untracked 
|   9|0x0000000080900000, 0x0000000080a00000, 0x0000000080a00000|100%| O|  |TAMS 0x0000000080a00000, 0x0000000080900000| Untracked 
|  10|0x0000000080a00000, 0x0000000080b00000, 0x0000000080b00000|100%| O|  |TAMS 0x0000000080b00000, 0x0000000080a00000| Untracked 
|  11|0x0000000080b00000, 0x0000000080c00000, 0x0000000080c00000|100%| O|  |TAMS 0x0000000080c00000, 0x0000000080b00000| Untracked 
|  12|0x0000000080c00000, 0x0000000080d00000, 0x0000000080d00000|100%| O|  |TAMS 0x0000000080d00000, 0x0000000080c00000| Untracked 
|  13|0x0000000080d00000, 0x0000000080e00000, 0x0000000080e00000|100%| O|  |TAMS 0x0000000080e00000, 0x0000000080d00000| Untracked 
|  14|0x0000000080e00000, 0x0000000080f00000, 0x0000000080f00000|100%| O|  |TAMS 0x0000000080f00000, 0x0000000080e00000| Untracked 
|  15|0x0000000080f00000, 0x0000000081000000, 0x0000000081000000|100%| O|  |TAMS 0x0000000081000000, 0x0000000080f00000| Untracked 
|  16|0x0000000081000000, 0x0000000081100000, 0x0000000081100000|100%| O|  |TAMS 0x0000000081100000, 0x0000000081000000| Untracked 
|  17|0x0000000081100000, 0x0000000081200000, 0x0000000081200000|100%| O|  |TAMS 0x0000000081200000, 0x0000000081100000| Untracked 
|  18|0x0000000081200000, 0x0000000081300000, 0x0000000081300000|100%| O|  |TAMS 0x0000000081300000, 0x0000000081200000| Untracked 
|  19|0x0000000081300000, 0x0000000081400000, 0x0000000081400000|100%| O|  |TAMS 0x0000000081400000, 0x0000000081300000| Untracked 
|  20|0x0000000081400000, 0x0000000081500000, 0x0000000081500000|100%| O|  |TAMS 0x0000000081500000, 0x0000000081400000| Untracked 
|  21|0x0000000081500000, 0x0000000081600000, 0x0000000081600000|100%| O|  |TAMS 0x0000000081600000, 0x0000000081500000| Untracked 
|  22|0x0000000081600000, 0x0000000081700000, 0x0000000081700000|100%| O|  |TAMS 0x0000000081700000, 0x0000000081600000| Untracked 
|  23|0x0000000081700000, 0x0000000081800000, 0x0000000081800000|100%| O|  |TAMS 0x0000000081800000, 0x0000000081700000| Untracked 
|  24|0x0000000081800000, 0x0000000081900000, 0x0000000081900000|100%| O|  |TAMS 0x0000000081900000, 0x0000000081800000| Untracked 
|  25|0x0000000081900000, 0x0000000081a00000, 0x0000000081a00000|100%| O|  |TAMS 0x0000000081a00000, 0x0000000081900000| Untracked 
|  26|0x0000000081a00000, 0x0000000081b00000, 0x0000000081b00000|100%| O|  |TAMS 0x0000000081b00000, 0x0000000081a00000| Untracked 
|  27|0x0000000081b00000, 0x0000000081c00000, 0x0000000081c00000|100%|HS|  |TAMS 0x0000000081c00000, 0x0000000081b00000| Complete 
|  28|0x0000000081c00000, 0x0000000081d00000, 0x0000000081d00000|100%|HS|  |TAMS 0x0000000081d00000, 0x0000000081c00000| Complete 
|  29|0x0000000081d00000, 0x0000000081e00000, 0x0000000081e00000|100%|HC|  |TAMS 0x0000000081e00000, 0x0000000081d00000| Complete 
|  30|0x0000000081e00000, 0x0000000081f00000, 0x0000000081f00000|100%|HC|  |TAMS 0x0000000081f00000, 0x0000000081e00000| Complete 
|  31|0x0000000081f00000, 0x0000000082000000, 0x0000000082000000|100%| O|  |TAMS 0x0000000082000000, 0x0000000081f00000| Untracked 
|  32|0x0000000082000000, 0x0000000082100000, 0x0000000082100000|100%| O|  |TAMS 0x0000000082100000, 0x0000000082000000| Untracked 
|  33|0x0000000082100000, 0x0000000082200000, 0x0000000082200000|100%| O|  |TAMS 0x0000000082200000, 0x0000000082100000| Untracked 
|  34|0x0000000082200000, 0x0000000082300000, 0x0000000082300000|100%| O|  |TAMS 0x0000000082300000, 0x0000000082200000| Untracked 
|  35|0x0000000082300000, 0x0000000082400000, 0x0000000082400000|100%| O|  |TAMS 0x0000000082400000, 0x0000000082300000| Untracked 
|  36|0x0000000082400000, 0x0000000082500000, 0x0000000082500000|100%| O|  |TAMS 0x0000000082500000, 0x0000000082400000| Untracked 
|  37|0x0000000082500000, 0x0000000082600000, 0x0000000082600000|100%| O|  |TAMS 0x0000000082600000, 0x0000000082500000| Untracked 
|  38|0x0000000082600000, 0x0000000082700000, 0x0000000082700000|100%| O|  |TAMS 0x0000000082700000, 0x0000000082600000| Untracked 
|  39|0x0000000082700000, 0x0000000082800000, 0x0000000082800000|100%| O|  |TAMS 0x0000000082800000, 0x0000000082700000| Untracked 
|  40|0x0000000082800000, 0x0000000082900000, 0x0000000082900000|100%| O|  |TAMS 0x0000000082900000, 0x0000000082800000| Untracked 
|  41|0x0000000082900000, 0x0000000082a00000, 0x0000000082a00000|100%|HS|  |TAMS 0x0000000082a00000, 0x0000000082900000| Complete 
|  42|0x0000000082a00000, 0x0000000082b00000, 0x0000000082b00000|100%|HS|  |TAMS 0x0000000082b00000, 0x0000000082a00000| Complete 
|  43|0x0000000082b00000, 0x0000000082c00000, 0x0000000082c00000|100%|HS|  |TAMS 0x0000000082c00000, 0x0000000082b00000| Complete 
|  44|0x0000000082c00000, 0x0000000082d00000, 0x0000000082d00000|100%|HC|  |TAMS 0x0000000082d00000, 0x0000000082c00000| Complete 
|  45|0x0000000082d00000, 0x0000000082e00000, 0x0000000082e00000|100%| O|  |TAMS 0x0000000082e00000, 0x0000000082d00000| Untracked 
|  46|0x0000000082e00000, 0x0000000082f00000, 0x0000000082f00000|100%| O|  |TAMS 0x0000000082f00000, 0x0000000082e00000| Untracked 
|  47|0x0000000082f00000, 0x0000000083000000, 0x0000000083000000|100%| O|  |TAMS 0x0000000083000000, 0x0000000082f00000| Untracked 
|  48|0x0000000083000000, 0x0000000083100000, 0x0000000083100000|100%| O|  |TAMS 0x0000000083100000, 0x0000000083000000| Untracked 
|  49|0x0000000083100000, 0x0000000083200000, 0x0000000083200000|100%| O|  |TAMS 0x0000000083200000, 0x0000000083100000| Untracked 
|  50|0x0000000083200000, 0x0000000083300000, 0x0000000083300000|100%| O|  |TAMS 0x0000000083300000, 0x0000000083200000| Untracked 
|  51|0x0000000083300000, 0x0000000083400000, 0x0000000083400000|100%| O|  |TAMS 0x0000000083400000, 0x0000000083300000| Untracked 
|  52|0x0000000083400000, 0x0000000083500000, 0x0000000083500000|100%| O|  |TAMS 0x0000000083500000, 0x0000000083400000| Untracked 
|  53|0x0000000083500000, 0x0000000083600000, 0x0000000083600000|100%| O|  |TAMS 0x0000000083600000, 0x0000000083500000| Untracked 
|  54|0x0000000083600000, 0x0000000083700000, 0x0000000083700000|100%| O|  |TAMS 0x0000000083700000, 0x0000000083600000| Untracked 
|  55|0x0000000083700000, 0x0000000083800000, 0x0000000083800000|100%| O|  |TAMS 0x0000000083800000, 0x0000000083700000| Untracked 
|  56|0x0000000083800000, 0x0000000083900000, 0x0000000083900000|100%| O|  |TAMS 0x0000000083900000, 0x0000000083800000| Untracked 
|  57|0x0000000083900000, 0x0000000083a00000, 0x0000000083a00000|100%| O|  |TAMS 0x0000000083a00000, 0x0000000083900000| Untracked 
|  58|0x0000000083a00000, 0x0000000083b00000, 0x0000000083b00000|100%| O|  |TAMS 0x0000000083b00000, 0x0000000083a00000| Untracked 
|  59|0x0000000083b00000, 0x0000000083c00000, 0x0000000083c00000|100%| O|  |TAMS 0x0000000083c00000, 0x0000000083b00000| Untracked 
|  60|0x0000000083c00000, 0x0000000083d00000, 0x0000000083d00000|100%| O|  |TAMS 0x0000000083d00000, 0x0000000083c00000| Untracked 
|  61|0x0000000083d00000, 0x0000000083e00000, 0x0000000083e00000|100%| O|  |TAMS 0x0000000083e00000, 0x0000000083d00000| Untracked 
|  62|0x0000000083e00000, 0x0000000083f00000, 0x0000000083f00000|100%| O|  |TAMS 0x0000000083f00000, 0x0000000083e00000| Untracked 
|  63|0x0000000083f00000, 0x0000000084000000, 0x0000000084000000|100%| O|  |TAMS 0x0000000084000000, 0x0000000083f00000| Untracked 
|  64|0x0000000084000000, 0x0000000084100000, 0x0000000084100000|100%| O|  |TAMS 0x0000000084100000, 0x0000000084000000| Untracked 
|  65|0x0000000084100000, 0x0000000084200000, 0x0000000084200000|100%| O|  |TAMS 0x0000000084200000, 0x0000000084100000| Untracked 
|  66|0x0000000084200000, 0x0000000084300000, 0x0000000084300000|100%| O|  |TAMS 0x0000000084300000, 0x0000000084200000| Untracked 
|  67|0x0000000084300000, 0x0000000084400000, 0x0000000084400000|100%| O|  |TAMS 0x0000000084400000, 0x0000000084300000| Untracked 
|  68|0x0000000084400000, 0x0000000084500000, 0x0000000084500000|100%| O|  |TAMS 0x0000000084500000, 0x0000000084400000| Untracked 
|  69|0x0000000084500000, 0x0000000084600000, 0x0000000084600000|100%| O|  |TAMS 0x0000000084600000, 0x0000000084500000| Untracked 
|  70|0x0000000084600000, 0x0000000084700000, 0x0000000084700000|100%| O|  |TAMS 0x0000000084700000, 0x0000000084600000| Untracked 
|  71|0x0000000084700000, 0x0000000084800000, 0x0000000084800000|100%| O|  |TAMS 0x0000000084800000, 0x0000000084700000| Untracked 
|  72|0x0000000084800000, 0x0000000084900000, 0x0000000084900000|100%| O|  |TAMS 0x0000000084900000, 0x0000000084800000| Untracked 
|  73|0x0000000084900000, 0x0000000084a00000, 0x0000000084a00000|100%| O|  |TAMS 0x0000000084a00000, 0x0000000084900000| Untracked 
|  74|0x0000000084a00000, 0x0000000084b00000, 0x0000000084b00000|100%| O|  |TAMS 0x0000000084b00000, 0x0000000084a00000| Untracked 
|  75|0x0000000084b00000, 0x0000000084c00000, 0x0000000084c00000|100%| O|  |TAMS 0x0000000084c00000, 0x0000000084b00000| Untracked 
|  76|0x0000000084c00000, 0x0000000084d00000, 0x0000000084d00000|100%| O|  |TAMS 0x0000000084d00000, 0x0000000084c00000| Untracked 
|  77|0x0000000084d00000, 0x0000000084e00000, 0x0000000084e00000|100%| O|  |TAMS 0x0000000084e00000, 0x0000000084d00000| Untracked 
|  78|0x0000000084e00000, 0x0000000084f00000, 0x0000000084f00000|100%| O|  |TAMS 0x0000000084f00000, 0x0000000084e00000| Untracked 
|  79|0x0000000084f00000, 0x0000000085000000, 0x0000000085000000|100%| O|  |TAMS 0x0000000085000000, 0x0000000084f00000| Untracked 
|  80|0x0000000085000000, 0x0000000085100000, 0x0000000085100000|100%| O|  |TAMS 0x0000000085100000, 0x0000000085000000| Untracked 
|  81|0x0000000085100000, 0x0000000085200000, 0x0000000085200000|100%| O|  |TAMS 0x0000000085200000, 0x0000000085100000| Untracked 
|  82|0x0000000085200000, 0x0000000085300000, 0x0000000085300000|100%| O|  |TAMS 0x0000000085300000, 0x0000000085200000| Untracked 
|  83|0x0000000085300000, 0x0000000085400000, 0x0000000085400000|100%| O|  |TAMS 0x0000000085400000, 0x0000000085300000| Untracked 
|  84|0x0000000085400000, 0x0000000085500000, 0x0000000085500000|100%| O|  |TAMS 0x0000000085500000, 0x0000000085400000| Untracked 
|  85|0x0000000085500000, 0x0000000085600000, 0x0000000085600000|100%| O|  |TAMS 0x0000000085600000, 0x0000000085500000| Untracked 
|  86|0x0000000085600000, 0x0000000085700000, 0x0000000085700000|100%| O|  |TAMS 0x0000000085700000, 0x0000000085600000| Untracked 
|  87|0x0000000085700000, 0x0000000085800000, 0x0000000085800000|100%| O|  |TAMS 0x0000000085800000, 0x0000000085700000| Untracked 
|  88|0x0000000085800000, 0x0000000085900000, 0x0000000085900000|100%| O|  |TAMS 0x0000000085900000, 0x0000000085800000| Untracked 
|  89|0x0000000085900000, 0x0000000085a00000, 0x0000000085a00000|100%| O|  |TAMS 0x0000000085a00000, 0x0000000085900000| Untracked 
|  90|0x0000000085a00000, 0x0000000085b00000, 0x0000000085b00000|100%| O|  |TAMS 0x0000000085b00000, 0x0000000085a00000| Untracked 
|  91|0x0000000085b00000, 0x0000000085c00000, 0x0000000085c00000|100%| O|  |TAMS 0x0000000085c00000, 0x0000000085b00000| Untracked 
|  92|0x0000000085c00000, 0x0000000085d00000, 0x0000000085d00000|100%| O|  |TAMS 0x0000000085d00000, 0x0000000085c00000| Untracked 
|  93|0x0000000085d00000, 0x0000000085e00000, 0x0000000085e00000|100%| O|  |TAMS 0x0000000085e00000, 0x0000000085d00000| Untracked 
|  94|0x0000000085e00000, 0x0000000085f00000, 0x0000000085f00000|100%| O|  |TAMS 0x0000000085f00000, 0x0000000085e00000| Untracked 
|  95|0x0000000085f00000, 0x0000000086000000, 0x0000000086000000|100%| O|  |TAMS 0x0000000086000000, 0x0000000085f00000| Untracked 
|  96|0x0000000086000000, 0x0000000086100000, 0x0000000086100000|100%| O|  |TAMS 0x0000000086100000, 0x0000000086000000| Untracked 
|  97|0x0000000086100000, 0x0000000086200000, 0x0000000086200000|100%| O|  |TAMS 0x0000000086200000, 0x0000000086100000| Untracked 
|  98|0x0000000086200000, 0x0000000086300000, 0x0000000086300000|100%| O|  |TAMS 0x0000000086300000, 0x0000000086200000| Untracked 
|  99|0x0000000086300000, 0x0000000086400000, 0x0000000086400000|100%| O|  |TAMS 0x0000000086400000, 0x0000000086300000| Untracked 
| 100|0x0000000086400000, 0x0000000086500000, 0x0000000086500000|100%| O|  |TAMS 0x0000000086500000, 0x0000000086400000| Untracked 
| 101|0x0000000086500000, 0x0000000086600000, 0x0000000086600000|100%| O|  |TAMS 0x0000000086600000, 0x0000000086500000| Untracked 
| 102|0x0000000086600000, 0x0000000086700000, 0x0000000086700000|100%| O|  |TAMS 0x0000000086700000, 0x0000000086600000| Untracked 
| 103|0x0000000086700000, 0x0000000086800000, 0x0000000086800000|100%| O|  |TAMS 0x0000000086700000, 0x0000000086700000| Untracked 
| 104|0x0000000086800000, 0x0000000086900000, 0x0000000086900000|100%| O|  |TAMS 0x0000000086900000, 0x0000000086800000| Untracked 
| 105|0x0000000086900000, 0x0000000086a00000, 0x0000000086a00000|100%| O|  |TAMS 0x0000000086998800, 0x0000000086900000| Untracked 
| 106|0x0000000086a00000, 0x0000000086b00000, 0x0000000086b00000|100%| O|  |TAMS 0x0000000086a00000, 0x0000000086a00000| Untracked 
| 107|0x0000000086b00000, 0x0000000086c00000, 0x0000000086c00000|100%| O|  |TAMS 0x0000000086c00000, 0x0000000086b00000| Untracked 
| 108|0x0000000086c00000, 0x0000000086d00000, 0x0000000086d00000|100%| O|  |TAMS 0x0000000086d00000, 0x0000000086c00000| Untracked 
| 109|0x0000000086d00000, 0x0000000086e00000, 0x0000000086e00000|100%|HS|  |TAMS 0x0000000086d00000, 0x0000000086d00000| Complete 
| 110|0x0000000086e00000, 0x0000000086f00000, 0x0000000086f00000|100%|HC|  |TAMS 0x0000000086e00000, 0x0000000086e00000| Complete 
| 111|0x0000000086f00000, 0x0000000087000000, 0x0000000087000000|100%| O|  |TAMS 0x0000000086f00000, 0x0000000086f00000| Untracked 
| 112|0x0000000087000000, 0x0000000087100000, 0x0000000087100000|100%| O|  |TAMS 0x0000000087000000, 0x0000000087000000| Untracked 
| 113|0x0000000087100000, 0x0000000087200000, 0x0000000087200000|100%| O|  |TAMS 0x0000000087100000, 0x0000000087100000| Untracked 
| 114|0x0000000087200000, 0x0000000087300000, 0x0000000087300000|100%| O|  |TAMS 0x0000000087200000, 0x0000000087200000| Untracked 
| 115|0x0000000087300000, 0x0000000087400000, 0x0000000087400000|100%| O|  |TAMS 0x0000000087300000, 0x0000000087300000| Untracked 
| 116|0x0000000087400000, 0x0000000087500000, 0x0000000087500000|100%| O|  |TAMS 0x0000000087400000, 0x0000000087400000| Untracked 
| 117|0x0000000087500000, 0x0000000087600000, 0x0000000087600000|100%| O|  |TAMS 0x0000000087500000, 0x0000000087500000| Untracked 
| 118|0x0000000087600000, 0x0000000087700000, 0x0000000087700000|100%| O|  |TAMS 0x0000000087600000, 0x0000000087600000| Untracked 
| 119|0x0000000087700000, 0x0000000087800000, 0x0000000087800000|100%| O|  |TAMS 0x0000000087700000, 0x0000000087700000| Untracked 
| 120|0x0000000087800000, 0x0000000087900000, 0x0000000087900000|100%| O|  |TAMS 0x0000000087800000, 0x0000000087800000| Untracked 
| 121|0x0000000087900000, 0x0000000087a00000, 0x0000000087a00000|100%| O|  |TAMS 0x0000000087900000, 0x0000000087900000| Untracked 
| 122|0x0000000087a00000, 0x0000000087b00000, 0x0000000087b00000|100%| O|  |TAMS 0x0000000087a00000, 0x0000000087a00000| Untracked 
| 123|0x0000000087b00000, 0x0000000087c00000, 0x0000000087c00000|100%| O|  |TAMS 0x0000000087b00000, 0x0000000087b00000| Untracked 
| 124|0x0000000087c00000, 0x0000000087d00000, 0x0000000087d00000|100%| O|  |TAMS 0x0000000087c00000, 0x0000000087c00000| Untracked 
| 125|0x0000000087d00000, 0x0000000087e00000, 0x0000000087e00000|100%| O|  |TAMS 0x0000000087d00000, 0x0000000087d00000| Untracked 
| 126|0x0000000087e00000, 0x0000000087f00000, 0x0000000087f00000|100%| O|  |TAMS 0x0000000087e00000, 0x0000000087e00000| Untracked 
| 127|0x0000000087f00000, 0x0000000088000000, 0x0000000088000000|100%| O|  |TAMS 0x0000000087f00000, 0x0000000087f00000| Untracked 
| 128|0x0000000088000000, 0x0000000088100000, 0x0000000088100000|100%| O|  |TAMS 0x0000000088000000, 0x0000000088000000| Untracked 
| 129|0x0000000088100000, 0x0000000088200000, 0x0000000088200000|100%| O|  |TAMS 0x0000000088100000, 0x0000000088100000| Untracked 
| 130|0x0000000088200000, 0x0000000088300000, 0x0000000088300000|100%| O|  |TAMS 0x0000000088200000, 0x0000000088200000| Untracked 
| 131|0x0000000088300000, 0x0000000088400000, 0x0000000088400000|100%| O|  |TAMS 0x0000000088300000, 0x0000000088300000| Untracked 
| 132|0x0000000088400000, 0x0000000088500000, 0x0000000088500000|100%| O|  |TAMS 0x0000000088400000, 0x0000000088400000| Untracked 
| 133|0x0000000088500000, 0x0000000088600000, 0x0000000088600000|100%| O|  |TAMS 0x0000000088500000, 0x0000000088500000| Untracked 
| 134|0x0000000088600000, 0x0000000088700000, 0x0000000088700000|100%| O|  |TAMS 0x0000000088600000, 0x0000000088600000| Untracked 
| 135|0x0000000088700000, 0x0000000088800000, 0x0000000088800000|100%| O|  |TAMS 0x0000000088700000, 0x0000000088700000| Untracked 
| 136|0x0000000088800000, 0x0000000088900000, 0x0000000088900000|100%| O|  |TAMS 0x0000000088800000, 0x0000000088800000| Untracked 
| 137|0x0000000088900000, 0x0000000088a00000, 0x0000000088a00000|100%| O|  |TAMS 0x0000000088900000, 0x0000000088900000| Untracked 
| 138|0x0000000088a00000, 0x0000000088b00000, 0x0000000088b00000|100%| O|  |TAMS 0x0000000088a00000, 0x0000000088a00000| Untracked 
| 139|0x0000000088b00000, 0x0000000088c00000, 0x0000000088c00000|100%| O|  |TAMS 0x0000000088b00000, 0x0000000088b00000| Untracked 
| 140|0x0000000088c00000, 0x0000000088d00000, 0x0000000088d00000|100%| O|  |TAMS 0x0000000088c00000, 0x0000000088c00000| Untracked 
| 141|0x0000000088d00000, 0x0000000088e00000, 0x0000000088e00000|100%| O|  |TAMS 0x0000000088d00000, 0x0000000088d00000| Untracked 
| 142|0x0000000088e00000, 0x0000000088f00000, 0x0000000088f00000|100%| O|  |TAMS 0x0000000088e00000, 0x0000000088e00000| Untracked 
| 143|0x0000000088f00000, 0x0000000089000000, 0x0000000089000000|100%| O|  |TAMS 0x0000000088f00000, 0x0000000088f00000| Untracked 
| 144|0x0000000089000000, 0x0000000089100000, 0x0000000089100000|100%| O|  |TAMS 0x0000000089000000, 0x0000000089000000| Untracked 
| 145|0x0000000089100000, 0x00000000891e4a00, 0x0000000089200000| 89%| O|  |TAMS 0x0000000089100000, 0x0000000089100000| Untracked 
| 146|0x0000000089200000, 0x0000000089200000, 0x0000000089300000|  0%| F|  |TAMS 0x0000000089200000, 0x0000000089200000| Untracked 
| 147|0x0000000089300000, 0x0000000089300000, 0x0000000089400000|  0%| F|  |TAMS 0x0000000089300000, 0x0000000089300000| Untracked 
| 148|0x0000000089400000, 0x0000000089400000, 0x0000000089500000|  0%| F|  |TAMS 0x0000000089400000, 0x0000000089400000| Untracked 
| 149|0x0000000089500000, 0x0000000089500000, 0x0000000089600000|  0%| F|  |TAMS 0x0000000089500000, 0x0000000089500000| Untracked 
| 150|0x0000000089600000, 0x0000000089600000, 0x0000000089700000|  0%| F|  |TAMS 0x0000000089600000, 0x0000000089600000| Untracked 
| 151|0x0000000089700000, 0x0000000089700000, 0x0000000089800000|  0%| F|  |TAMS 0x0000000089700000, 0x0000000089700000| Untracked 
| 152|0x0000000089800000, 0x0000000089800000, 0x0000000089900000|  0%| F|  |TAMS 0x0000000089800000, 0x0000000089800000| Untracked 
| 153|0x0000000089900000, 0x0000000089900000, 0x0000000089a00000|  0%| F|  |TAMS 0x0000000089900000, 0x0000000089900000| Untracked 
| 154|0x0000000089a00000, 0x0000000089a00000, 0x0000000089b00000|  0%| F|  |TAMS 0x0000000089a00000, 0x0000000089a00000| Untracked 
| 155|0x0000000089b00000, 0x0000000089b00000, 0x0000000089c00000|  0%| F|  |TAMS 0x0000000089b00000, 0x0000000089b00000| Untracked 
| 156|0x0000000089c00000, 0x0000000089c00000, 0x0000000089d00000|  0%| F|  |TAMS 0x0000000089c00000, 0x0000000089c00000| Untracked 
| 157|0x0000000089d00000, 0x0000000089d00000, 0x0000000089e00000|  0%| F|  |TAMS 0x0000000089d00000, 0x0000000089d00000| Untracked 
| 158|0x0000000089e00000, 0x0000000089e00000, 0x0000000089f00000|  0%| F|  |TAMS 0x0000000089e00000, 0x0000000089e00000| Untracked 
| 159|0x0000000089f00000, 0x0000000089f00000, 0x000000008a000000|  0%| F|  |TAMS 0x0000000089f00000, 0x0000000089f00000| Untracked 
| 160|0x000000008a000000, 0x000000008a000000, 0x000000008a100000|  0%| F|  |TAMS 0x000000008a000000, 0x000000008a000000| Untracked 
| 161|0x000000008a100000, 0x000000008a100000, 0x000000008a200000|  0%| F|  |TAMS 0x000000008a100000, 0x000000008a100000| Untracked 
| 162|0x000000008a200000, 0x000000008a200000, 0x000000008a300000|  0%| F|  |TAMS 0x000000008a200000, 0x000000008a200000| Untracked 
| 163|0x000000008a300000, 0x000000008a300000, 0x000000008a400000|  0%| F|  |TAMS 0x000000008a300000, 0x000000008a300000| Untracked 
| 164|0x000000008a400000, 0x000000008a400000, 0x000000008a500000|  0%| F|  |TAMS 0x000000008a400000, 0x000000008a400000| Untracked 
| 165|0x000000008a500000, 0x000000008a500000, 0x000000008a600000|  0%| F|  |TAMS 0x000000008a500000, 0x000000008a500000| Untracked 
| 166|0x000000008a600000, 0x000000008a600000, 0x000000008a700000|  0%| F|  |TAMS 0x000000008a600000, 0x000000008a600000| Untracked 
| 167|0x000000008a700000, 0x000000008a700000, 0x000000008a800000|  0%| F|  |TAMS 0x000000008a700000, 0x000000008a700000| Untracked 
| 168|0x000000008a800000, 0x000000008a800000, 0x000000008a900000|  0%| F|  |TAMS 0x000000008a800000, 0x000000008a800000| Untracked 
| 169|0x000000008a900000, 0x000000008a900000, 0x000000008aa00000|  0%| F|  |TAMS 0x000000008a900000, 0x000000008a900000| Untracked 
| 170|0x000000008aa00000, 0x000000008aa00000, 0x000000008ab00000|  0%| F|  |TAMS 0x000000008aa00000, 0x000000008aa00000| Untracked 
| 171|0x000000008ab00000, 0x000000008ab00000, 0x000000008ac00000|  0%| F|  |TAMS 0x000000008ab00000, 0x000000008ab00000| Untracked 
| 172|0x000000008ac00000, 0x000000008ac00000, 0x000000008ad00000|  0%| F|  |TAMS 0x000000008ac00000, 0x000000008ac00000| Untracked 
| 173|0x000000008ad00000, 0x000000008ad00000, 0x000000008ae00000|  0%| F|  |TAMS 0x000000008ad00000, 0x000000008ad00000| Untracked 
| 174|0x000000008ae00000, 0x000000008ae00000, 0x000000008af00000|  0%| F|  |TAMS 0x000000008ae00000, 0x000000008ae00000| Untracked 
| 175|0x000000008af00000, 0x000000008af00000, 0x000000008b000000|  0%| F|  |TAMS 0x000000008af00000, 0x000000008af00000| Untracked 
| 176|0x000000008b000000, 0x000000008b000000, 0x000000008b100000|  0%| F|  |TAMS 0x000000008b000000, 0x000000008b000000| Untracked 
| 177|0x000000008b100000, 0x000000008b100000, 0x000000008b200000|  0%| F|  |TAMS 0x000000008b100000, 0x000000008b100000| Untracked 
| 178|0x000000008b200000, 0x000000008b200000, 0x000000008b300000|  0%| F|  |TAMS 0x000000008b200000, 0x000000008b200000| Untracked 
| 179|0x000000008b300000, 0x000000008b300000, 0x000000008b400000|  0%| F|  |TAMS 0x000000008b300000, 0x000000008b300000| Untracked 
| 180|0x000000008b400000, 0x000000008b400000, 0x000000008b500000|  0%| F|  |TAMS 0x000000008b400000, 0x000000008b400000| Untracked 
| 181|0x000000008b500000, 0x000000008b500000, 0x000000008b600000|  0%| F|  |TAMS 0x000000008b500000, 0x000000008b500000| Untracked 
| 182|0x000000008b600000, 0x000000008b600000, 0x000000008b700000|  0%| F|  |TAMS 0x000000008b600000, 0x000000008b600000| Untracked 
| 183|0x000000008b700000, 0x000000008b700000, 0x000000008b800000|  0%| F|  |TAMS 0x000000008b700000, 0x000000008b700000| Untracked 
| 184|0x000000008b800000, 0x000000008b800000, 0x000000008b900000|  0%| F|  |TAMS 0x000000008b800000, 0x000000008b800000| Untracked 
| 185|0x000000008b900000, 0x000000008b900000, 0x000000008ba00000|  0%| F|  |TAMS 0x000000008b900000, 0x000000008b900000| Untracked 
| 186|0x000000008ba00000, 0x000000008ba00000, 0x000000008bb00000|  0%| F|  |TAMS 0x000000008ba00000, 0x000000008ba00000| Untracked 
| 187|0x000000008bb00000, 0x000000008bb00000, 0x000000008bc00000|  0%| F|  |TAMS 0x000000008bb00000, 0x000000008bb00000| Untracked 
| 188|0x000000008bc00000, 0x000000008bc00000, 0x000000008bd00000|  0%| F|  |TAMS 0x000000008bc00000, 0x000000008bc00000| Untracked 
| 189|0x000000008bd00000, 0x000000008bd00000, 0x000000008be00000|  0%| F|  |TAMS 0x000000008bd00000, 0x000000008bd00000| Untracked 
| 190|0x000000008be00000, 0x000000008be00000, 0x000000008bf00000|  0%| F|  |TAMS 0x000000008be00000, 0x000000008be00000| Untracked 
| 191|0x000000008bf00000, 0x000000008bf00000, 0x000000008c000000|  0%| F|  |TAMS 0x000000008bf00000, 0x000000008bf00000| Untracked 
| 192|0x000000008c000000, 0x000000008c000000, 0x000000008c100000|  0%| F|  |TAMS 0x000000008c000000, 0x000000008c000000| Untracked 
| 193|0x000000008c100000, 0x000000008c1f9ec0, 0x000000008c200000| 97%| S|CS|TAMS 0x000000008c100000, 0x000000008c100000| Complete 
| 194|0x000000008c200000, 0x000000008c300000, 0x000000008c300000|100%| S|CS|TAMS 0x000000008c200000, 0x000000008c200000| Complete 
| 195|0x000000008c300000, 0x000000008c400000, 0x000000008c400000|100%| S|CS|TAMS 0x000000008c300000, 0x000000008c300000| Complete 
| 196|0x000000008c400000, 0x000000008c500000, 0x000000008c500000|100%| S|CS|TAMS 0x000000008c400000, 0x000000008c400000| Complete 
| 197|0x000000008c500000, 0x000000008c500000, 0x000000008c600000|  0%| F|  |TAMS 0x000000008c500000, 0x000000008c500000| Untracked 
| 198|0x000000008c600000, 0x000000008c600000, 0x000000008c700000|  0%| F|  |TAMS 0x000000008c600000, 0x000000008c600000| Untracked 
| 199|0x000000008c700000, 0x000000008c700800, 0x000000008c800000|  0%| E|  |TAMS 0x000000008c700000, 0x000000008c700000| Complete 
| 200|0x000000008c800000, 0x000000008c900000, 0x000000008c900000|100%| E|CS|TAMS 0x000000008c800000, 0x000000008c800000| Complete 
| 201|0x000000008c900000, 0x000000008ca00000, 0x000000008ca00000|100%| E|CS|TAMS 0x000000008c900000, 0x000000008c900000| Complete 
| 202|0x000000008ca00000, 0x000000008cb00000, 0x000000008cb00000|100%| E|CS|TAMS 0x000000008ca00000, 0x000000008ca00000| Complete 
| 203|0x000000008cb00000, 0x000000008cc00000, 0x000000008cc00000|100%| E|CS|TAMS 0x000000008cb00000, 0x000000008cb00000| Complete 
| 204|0x000000008cc00000, 0x000000008cd00000, 0x000000008cd00000|100%| E|CS|TAMS 0x000000008cc00000, 0x000000008cc00000| Complete 
| 205|0x000000008cd00000, 0x000000008ce00000, 0x000000008ce00000|100%| E|CS|TAMS 0x000000008cd00000, 0x000000008cd00000| Complete 
| 206|0x000000008ce00000, 0x000000008cf00000, 0x000000008cf00000|100%| E|CS|TAMS 0x000000008ce00000, 0x000000008ce00000| Complete 
| 207|0x000000008cf00000, 0x000000008d000000, 0x000000008d000000|100%| E|CS|TAMS 0x000000008cf00000, 0x000000008cf00000| Complete 
| 208|0x000000008d000000, 0x000000008d100000, 0x000000008d100000|100%| E|CS|TAMS 0x000000008d000000, 0x000000008d000000| Complete 
| 209|0x000000008d100000, 0x000000008d200000, 0x000000008d200000|100%| E|CS|TAMS 0x000000008d100000, 0x000000008d100000| Complete 
| 210|0x000000008d200000, 0x000000008d300000, 0x000000008d300000|100%| E|CS|TAMS 0x000000008d200000, 0x000000008d200000| Complete 
| 211|0x000000008d300000, 0x000000008d400000, 0x000000008d400000|100%| E|CS|TAMS 0x000000008d300000, 0x000000008d300000| Complete 
| 212|0x000000008d400000, 0x000000008d500000, 0x000000008d500000|100%| E|CS|TAMS 0x000000008d400000, 0x000000008d400000| Complete 
| 213|0x000000008d500000, 0x000000008d600000, 0x000000008d600000|100%| E|CS|TAMS 0x000000008d500000, 0x000000008d500000| Complete 
| 214|0x000000008d600000, 0x000000008d700000, 0x000000008d700000|100%| E|CS|TAMS 0x000000008d600000, 0x000000008d600000| Complete 
| 215|0x000000008d700000, 0x000000008d800000, 0x000000008d800000|100%| E|CS|TAMS 0x000000008d700000, 0x000000008d700000| Complete 
| 216|0x000000008d800000, 0x000000008d900000, 0x000000008d900000|100%| E|CS|TAMS 0x000000008d800000, 0x000000008d800000| Complete 
| 217|0x000000008d900000, 0x000000008da00000, 0x000000008da00000|100%| E|CS|TAMS 0x000000008d900000, 0x000000008d900000| Complete 
| 218|0x000000008da00000, 0x000000008db00000, 0x000000008db00000|100%| E|CS|TAMS 0x000000008da00000, 0x000000008da00000| Complete 
| 219|0x000000008db00000, 0x000000008dc00000, 0x000000008dc00000|100%| E|CS|TAMS 0x000000008db00000, 0x000000008db00000| Complete 
| 220|0x000000008dc00000, 0x000000008dd00000, 0x000000008dd00000|100%| E|CS|TAMS 0x000000008dc00000, 0x000000008dc00000| Complete 
| 221|0x000000008dd00000, 0x000000008de00000, 0x000000008de00000|100%| E|CS|TAMS 0x000000008dd00000, 0x000000008dd00000| Complete 

Card table byte_map: [0x0000026034200000,0x0000026034600000] _byte_map_base: 0x0000026033e00000

Marking Bits (Prev, Next): (CMBitMap*) 0x000002601a893350, (CMBitMap*) 0x000002601a893318
 Prev Bits: [0x0000026036a00000, 0x0000026038a00000)
 Next Bits: [0x0000026034a00000, 0x0000026036a00000)

Polling page: 0x000002601a930000

Metaspace:

Usage:
  Non-class:     99.59 MB capacity,    97.62 MB ( 98%) used,     1.61 MB (  2%) free+waste,   366.75 KB ( <1%) overhead. 
      Class:     15.83 MB capacity,    14.47 MB ( 91%) used,     1.19 MB (  8%) free+waste,   174.81 KB (  1%) overhead. 
       Both:    115.42 MB capacity,   112.09 MB ( 97%) used,     2.80 MB (  2%) free+waste,   541.56 KB ( <1%) overhead. 

Virtual space:
  Non-class space:      100.00 MB reserved,      99.62 MB (>99%) committed 
      Class space:      504.00 MB reserved,      15.95 MB (  3%) committed 
             Both:      604.00 MB reserved,     115.57 MB ( 19%) committed 

Chunk freelists:
   Non-Class:  36.00 KB
       Class:  14.00 KB
        Both:  50.00 KB

MaxMetaspaceSize: 512.00 MB
CompressedClassSpaceSize: 504.00 MB
Initial GC threshold: 20.80 MB
Current GC threshold: 177.41 MB
CDS: off

CodeHeap 'non-profiled nmethods': size=120064Kb used=11137Kb max_used=11494Kb free=108926Kb
 bounds [0x000002602c290000, 0x000002602cdd0000, 0x00000260337d0000]
CodeHeap 'profiled nmethods': size=120000Kb used=34316Kb max_used=34316Kb free=85683Kb
 bounds [0x0000026024d60000, 0x0000026026f40000, 0x000002602c290000]
CodeHeap 'non-nmethods': size=5696Kb used=2430Kb max_used=2504Kb free=3265Kb
 bounds [0x00000260247d0000, 0x0000026024a60000, 0x0000026024d60000]
 total_blobs=15453 nmethods=14487 adapters=878
 compilation: enabled
              stopped_count=0, restarted_count=0
 full_count=0

Compilation events (20 events):
Event: 84.592 Thread 0x000002603b99b800 15492       2       com.android.tools.r8.graph.c::a (16 bytes)
Event: 84.593 Thread 0x000002603b99b800 nmethod 15492 0x00000260253eee90 code [0x00000260253ef040, 0x00000260253ef138]
Event: 84.721 Thread 0x000002603b99b800 15495       2       java.util.zip.ZipFile$InflaterCleanupAction::run (12 bytes)
Event: 84.722 Thread 0x000002603b99b800 nmethod 15495 0x00000260253eeb10 code [0x00000260253eecc0, 0x00000260253eede8]
Event: 84.722 Thread 0x000002603b99b800 15496   !   2       java.util.zip.ZipFile$CleanableResource::releaseInflater (53 bytes)
Event: 84.722 Thread 0x000002603b99b800 nmethod 15496 0x00000260253ee390 code [0x00000260253ee560, 0x00000260253ee8e8]
Event: 84.723 Thread 0x000002603b99b800 15498 %     3       com.android.tools.r8.graph.G0::a @ 36 (138 bytes)
Event: 84.725 Thread 0x000002603b99b800 nmethod 15498% 0x000002602533db90 code [0x000002602533de40, 0x000002602533eda8]
Event: 84.725 Thread 0x000002603b99b800 15499       2       com.android.tools.r8.internal.g9::equals (60 bytes)
Event: 84.726 Thread 0x000002603b99b800 nmethod 15499 0x00000260253edf10 code [0x00000260253ee0c0, 0x00000260253ee2b8]
Event: 84.734 Thread 0x000002603b99b800 15501       2       com.android.tools.r8.internal.A0::iterator (5 bytes)
Event: 84.734 Thread 0x000002603b99b800 nmethod 15501 0x00000260253edb90 code [0x00000260253edd40, 0x00000260253ede68]
Event: 84.734 Thread 0x000002603b99b800 15502       2       com.android.tools.r8.internal.mu$e::iterator (12 bytes)
Event: 84.734 Thread 0x000002603b99b800 nmethod 15502 0x00000260253ed710 code [0x00000260253ed8c0, 0x00000260253edaa8]
Event: 84.758 Thread 0x000002603b99b800 15503       2       com.android.tools.r8.internal.g7::a (17 bytes)
Event: 84.759 Thread 0x000002603b99b800 nmethod 15503 0x000002602533d810 code [0x000002602533d9c0, 0x000002602533dae8]
Event: 84.804 Thread 0x000002603b99b800 15507       2       com.android.tools.r8.internal.Zv::a (29 bytes)
Event: 84.805 Thread 0x000002603b99b800 nmethod 15507 0x000002602533d090 code [0x000002602533d280, 0x000002602533d638]
Event: 84.861 Thread 0x000002603b99b800 15509       3       com.android.tools.r8.graph.G0::a (138 bytes)
Event: 84.863 Thread 0x000002603b99b800 nmethod 15509 0x00000260251eec10 code [0x00000260251eeec0, 0x00000260251efdc8]

GC Heap History (20 events):
Event: 78.909 GC heap before
{Heap before GC invocations=75 (full 0):
 garbage-first heap   total 189440K, used 164842K [0x0000000080000000, 0x0000000100000000)
  region size 1024K, 53 young (54272K), 4 survivors (4096K)
 Metaspace       used 106651K, capacity 109601K, committed 109896K, reserved 612352K
  class space    used 13555K, capacity 14694K, committed 14796K, reserved 516096K
}
Event: 78.914 GC heap after
{Heap after GC invocations=76 (full 0):
 garbage-first heap   total 189440K, used 110729K [0x0000000080000000, 0x0000000100000000)
  region size 1024K, 2 young (2048K), 2 survivors (2048K)
 Metaspace       used 106651K, capacity 109601K, committed 109896K, reserved 612352K
  class space    used 13555K, capacity 14694K, committed 14796K, reserved 516096K
}
Event: 79.403 GC heap before
{Heap before GC invocations=76 (full 0):
 garbage-first heap   total 189440K, used 163977K [0x0000000080000000, 0x0000000100000000)
  region size 1024K, 54 young (55296K), 2 survivors (2048K)
 Metaspace       used 106704K, capacity 109618K, committed 109896K, reserved 612352K
  class space    used 13563K, capacity 14700K, committed 14796K, reserved 516096K
}
Event: 79.408 GC heap after
{Heap after GC invocations=77 (full 0):
 garbage-first heap   total 189440K, used 110871K [0x0000000080000000, 0x0000000100000000)
  region size 1024K, 2 young (2048K), 2 survivors (2048K)
 Metaspace       used 106704K, capacity 109618K, committed 109896K, reserved 612352K
  class space    used 13563K, capacity 14700K, committed 14796K, reserved 516096K
}
Event: 81.037 GC heap before
{Heap before GC invocations=77 (full 0):
 garbage-first heap   total 189440K, used 165143K [0x0000000080000000, 0x0000000100000000)
  region size 1024K, 54 young (55296K), 2 survivors (2048K)
 Metaspace       used 107399K, capacity 110356K, committed 110536K, reserved 612352K
  class space    used 13675K, capacity 14817K, committed 14924K, reserved 516096K
}
Event: 81.048 GC heap after
{Heap after GC invocations=78 (full 0):
 garbage-first heap   total 189440K, used 121124K [0x0000000080000000, 0x0000000100000000)
  region size 1024K, 7 young (7168K), 7 survivors (7168K)
 Metaspace       used 107399K, capacity 110356K, committed 110536K, reserved 612352K
  class space    used 13675K, capacity 14817K, committed 14924K, reserved 516096K
}
Event: 83.060 GC heap before
{Heap before GC invocations=78 (full 0):
 garbage-first heap   total 189440K, used 160036K [0x0000000080000000, 0x0000000100000000)
  region size 1024K, 46 young (47104K), 7 survivors (7168K)
 Metaspace       used 110246K, capacity 113322K, committed 113480K, reserved 614400K
  class space    used 14051K, capacity 15258K, committed 15308K, reserved 516096K
}
Event: 83.073 GC heap after
{Heap after GC invocations=79 (full 0):
 garbage-first heap   total 189440K, used 126712K [0x0000000080000000, 0x0000000100000000)
  region size 1024K, 6 young (6144K), 6 survivors (6144K)
 Metaspace       used 110246K, capacity 113322K, committed 113480K, reserved 614400K
  class space    used 14051K, capacity 15258K, committed 15308K, reserved 516096K
}
Event: 83.434 GC heap before
{Heap before GC invocations=79 (full 0):
 garbage-first heap   total 189440K, used 159480K [0x0000000080000000, 0x0000000100000000)
  region size 1024K, 38 young (38912K), 6 survivors (6144K)
 Metaspace       used 110853K, capacity 113987K, committed 114120K, reserved 616448K
  class space    used 14149K, capacity 15374K, committed 15436K, reserved 516096K
}
Event: 83.453 GC heap after
{Heap after GC invocations=80 (full 0):
 garbage-first heap   total 189440K, used 133037K [0x0000000080000000, 0x0000000100000000)
  region size 1024K, 5 young (5120K), 5 survivors (5120K)
 Metaspace       used 110853K, capacity 113987K, committed 114120K, reserved 616448K
  class space    used 14149K, capacity 15374K, committed 15436K, reserved 516096K
}
Event: 83.714 GC heap before
{Heap before GC invocations=80 (full 0):
 garbage-first heap   total 189440K, used 156589K [0x0000000080000000, 0x0000000100000000)
  region size 1024K, 29 young (29696K), 5 survivors (5120K)
 Metaspace       used 111966K, capacity 115105K, committed 115272K, reserved 616448K
  class space    used 14297K, capacity 15531K, committed 15564K, reserved 516096K
}
Event: 83.735 GC heap after
{Heap after GC invocations=81 (full 0):
 garbage-first heap   total 189440K, used 139132K [0x0000000080000000, 0x0000000100000000)
  region size 1024K, 4 young (4096K), 4 survivors (4096K)
 Metaspace       used 111966K, capacity 115105K, committed 115272K, reserved 616448K
  class space    used 14297K, capacity 15531K, committed 15564K, reserved 516096K
}
Event: 84.015 GC heap before
{Heap before GC invocations=81 (full 0):
 garbage-first heap   total 189440K, used 159612K [0x0000000080000000, 0x0000000100000000)
  region size 1024K, 24 young (24576K), 4 survivors (4096K)
 Metaspace       used 112657K, capacity 115772K, committed 115912K, reserved 616448K
  class space    used 14386K, capacity 15604K, committed 15692K, reserved 516096K
}
Event: 84.032 GC heap after
{Heap after GC invocations=82 (full 0):
 garbage-first heap   total 189440K, used 143270K [0x0000000080000000, 0x0000000100000000)
  region size 1024K, 3 young (3072K), 3 survivors (3072K)
 Metaspace       used 112657K, capacity 115772K, committed 115912K, reserved 616448K
  class space    used 14386K, capacity 15604K, committed 15692K, reserved 516096K
}
Event: 84.226 GC heap before
{Heap before GC invocations=82 (full 0):
 garbage-first heap   total 189440K, used 160678K [0x0000000080000000, 0x0000000100000000)
  region size 1024K, 20 young (20480K), 3 survivors (3072K)
 Metaspace       used 113131K, capacity 116443K, committed 116680K, reserved 618496K
  class space    used 14508K, capacity 15854K, committed 15948K, reserved 516096K
}
Event: 84.239 GC heap after
{Heap after GC invocations=83 (full 0):
 garbage-first heap   total 189440K, used 146678K [0x0000000080000000, 0x0000000100000000)
  region size 1024K, 3 young (3072K), 3 survivors (3072K)
 Metaspace       used 113131K, capacity 116443K, committed 116680K, reserved 618496K
  class space    used 14508K, capacity 15854K, committed 15948K, reserved 516096K
}
Event: 84.393 GC heap before
{Heap before GC invocations=83 (full 0):
 garbage-first heap   total 189440K, used 162038K [0x0000000080000000, 0x0000000100000000)
  region size 1024K, 18 young (18432K), 3 survivors (3072K)
 Metaspace       used 113550K, capacity 116878K, committed 116936K, reserved 618496K
  class space    used 14573K, capacity 15932K, committed 15948K, reserved 516096K
}
Event: 84.406 GC heap after
{Heap after GC invocations=84 (full 0):
 garbage-first heap   total 227328K, used 149457K [0x0000000080000000, 0x0000000100000000)
  region size 1024K, 3 young (3072K), 3 survivors (3072K)
 Metaspace       used 113550K, capacity 116878K, committed 116936K, reserved 618496K
  class space    used 14573K, capacity 15932K, committed 15948K, reserved 516096K
}
Event: 84.700 GC heap before
{Heap before GC invocations=84 (full 0):
 garbage-first heap   total 227328K, used 174033K [0x0000000080000000, 0x0000000100000000)
  region size 1024K, 28 young (28672K), 3 survivors (3072K)
 Metaspace       used 114414K, capacity 117826K, committed 117960K, reserved 618496K
  class space    used 14755K, capacity 16132K, committed 16204K, reserved 516096K
}
Event: 84.720 GC heap after
{Heap after GC invocations=85 (full 0):
 garbage-first heap   total 227328K, used 153466K [0x0000000080000000, 0x0000000100000000)
  region size 1024K, 4 young (4096K), 4 survivors (4096K)
 Metaspace       used 114414K, capacity 117826K, committed 117960K, reserved 618496K
  class space    used 14755K, capacity 16132K, committed 16204K, reserved 516096K
}

Deoptimization events (20 events):
Event: 84.355 Thread 0x000002603f403800 DEOPT PACKING pc=0x000002602c339e60 sp=0x0000006092ffa2f0
Event: 84.355 Thread 0x000002603f403800 DEOPT UNPACKING pc=0x000002602481a1af sp=0x0000006092ffa2a8 mode 2
Event: 84.355 Thread 0x000002603f403800 Uncommon trap: trap_request=0xffffffc6 fr.pc=0x000002602c339e60 relative=0x0000000000000460
Event: 84.355 Thread 0x000002603f403800 Uncommon trap: reason=bimorphic_or_optimized_type_check action=maybe_recompile pc=0x000002602c339e60 method=com.android.tools.r8.internal.Jj.hasNext()Z @ 9 c2
Event: 84.355 Thread 0x000002603f403800 DEOPT PACKING pc=0x000002602c339e60 sp=0x0000006092ffa340
Event: 84.355 Thread 0x000002603f403800 DEOPT UNPACKING pc=0x000002602481a1af sp=0x0000006092ffa300 mode 2
Event: 84.355 Thread 0x000002603f403800 Uncommon trap: trap_request=0xffffffc6 fr.pc=0x000002602c339e60 relative=0x0000000000000460
Event: 84.355 Thread 0x000002603f403800 Uncommon trap: reason=bimorphic_or_optimized_type_check action=maybe_recompile pc=0x000002602c339e60 method=com.android.tools.r8.internal.Jj.hasNext()Z @ 9 c2
Event: 84.355 Thread 0x000002603f403800 DEOPT PACKING pc=0x000002602c339e60 sp=0x0000006092ffa2f0
Event: 84.355 Thread 0x000002603f403800 DEOPT UNPACKING pc=0x000002602481a1af sp=0x0000006092ffa2a8 mode 2
Event: 84.356 Thread 0x000002603f403800 Uncommon trap: trap_request=0xffffffc6 fr.pc=0x000002602c339e60 relative=0x0000000000000460
Event: 84.356 Thread 0x000002603f403800 Uncommon trap: reason=bimorphic_or_optimized_type_check action=maybe_recompile pc=0x000002602c339e60 method=com.android.tools.r8.internal.Jj.hasNext()Z @ 9 c2
Event: 84.356 Thread 0x000002603f403800 DEOPT PACKING pc=0x000002602c339e60 sp=0x0000006092ffa340
Event: 84.356 Thread 0x000002603f403800 DEOPT UNPACKING pc=0x000002602481a1af sp=0x0000006092ffa300 mode 2
Event: 84.391 Thread 0x000002603f8ec800 DEOPT PACKING pc=0x000002602c600de0 sp=0x00000060946f75b0
Event: 84.391 Thread 0x000002603f8ec800 DEOPT UNPACKING pc=0x000002602481a95e sp=0x00000060946f6a20 mode 0
Event: 84.451 Thread 0x000002603f403800 Uncommon trap: trap_request=0xffffff4d fr.pc=0x000002602c4e9028 relative=0x0000000000000088
Event: 84.451 Thread 0x000002603f403800 Uncommon trap: reason=unstable_if action=reinterpret pc=0x000002602c4e9028 method=java.lang.Integer.compare(II)I @ 11 c2
Event: 84.451 Thread 0x000002603f403800 DEOPT PACKING pc=0x000002602c4e9028 sp=0x0000006092ff9c20
Event: 84.451 Thread 0x000002603f403800 DEOPT UNPACKING pc=0x000002602481a1af sp=0x0000006092ff9b50 mode 2

Classes redefined (0 events):
No events

Internal exceptions (20 events):
Event: 83.191 Thread 0x000002603f8ec800 Exception <a 'java/lang/NoSuchMethodError'{0x000000008b4e9630}: 'int java.lang.invoke.DirectMethodHandle$Holder.invokeVirtual(java.lang.Object, java.lang.Object, java.lang.Object, java.lang.Object)'> (0x000000008b4e9630) thrown at [./src/hotspot/share/interpreter/linkResolver.cpp, line 773]
Event: 83.278 Thread 0x000002603f8ec800 Exception <a 'java/lang/NoSuchMethodError'{0x000000008adac868}: 'long java.lang.invoke.DirectMethodHandle$Holder.invokeStatic(java.lang.Object, java.lang.Object)'> (0x000000008adac868) thrown at [./src/hotspot/share/interpreter/linkResolver.cpp, line 773]
Event: 83.278 Thread 0x000002604202f000 Exception <a 'java/lang/NoSuchMethodError'{0x000000008adb4b50}: 'long java.lang.invoke.DirectMethodHandle$Holder.invokeStatic(java.lang.Object, java.lang.Object)'> (0x000000008adb4b50) thrown at [./src/hotspot/share/interpreter/linkResolver.cpp, line 773]
Event: 83.411 Thread 0x000002603f403800 Exception <a 'java/lang/IncompatibleClassChangeError'{0x0000000089bd58d8}: Found class java.lang.Object, but interface was expected> (0x0000000089bd58d8) thrown at [./src/hotspot/share/interpreter/linkResolver.cpp, line 839]
Event: 83.411 Thread 0x000002603f8ec800 Exception <a 'java/lang/IncompatibleClassChangeError'{0x0000000089bec358}: Found class java.lang.Object, but interface was expected> (0x0000000089bec358) thrown at [./src/hotspot/share/interpreter/linkResolver.cpp, line 839]
Event: 83.413 Thread 0x000002603f403800 Exception <a 'java/lang/NoSuchMethodError'{0x0000000089bdd670}: 'java.lang.Object java.lang.invoke.DirectMethodHandle$Holder.newInvokeSpecial(java.lang.Object, int)'> (0x0000000089bdd670) thrown at [./src/hotspot/share/interpreter/linkResolver.cpp, line 773]
Event: 83.413 Thread 0x000002603f8ec800 Exception <a 'java/lang/NoSuchMethodError'{0x0000000089bf0278}: 'java.lang.Object java.lang.invoke.DirectMethodHandle$Holder.newInvokeSpecial(java.lang.Object, int)'> (0x0000000089bf0278) thrown at [./src/hotspot/share/interpreter/linkResolver.cpp, line 773]
Event: 83.420 Thread 0x000002603f403800 Exception <a 'java/lang/IncompatibleClassChangeError'{0x0000000089a395e8}: Found class java.lang.Object, but interface was expected> (0x0000000089a395e8) thrown at [./src/hotspot/share/interpreter/linkResolver.cpp, line 839]
Event: 83.421 Thread 0x000002603f8ec800 Exception <a 'java/lang/IncompatibleClassChangeError'{0x0000000089bf5710}: Found class java.lang.Object, but interface was expected> (0x0000000089bf5710) thrown at [./src/hotspot/share/interpreter/linkResolver.cpp, line 839]
Event: 83.425 Thread 0x000002603f403800 Exception <a 'java/lang/IncompatibleClassChangeError'{0x0000000089ab2fd0}: Found class java.lang.Object, but interface was expected> (0x0000000089ab2fd0) thrown at [./src/hotspot/share/interpreter/linkResolver.cpp, line 839]
Event: 83.551 Thread 0x000002603f403800 Exception <a 'java/lang/IncompatibleClassChangeError'{0x000000008ada14c0}: Found class java.lang.Object, but interface was expected> (0x000000008ada14c0) thrown at [./src/hotspot/share/interpreter/linkResolver.cpp, line 839]
Event: 83.551 Thread 0x000002603f8ec800 Exception <a 'java/lang/IncompatibleClassChangeError'{0x000000008add4018}: Found class java.lang.Object, but interface was expected> (0x000000008add4018) thrown at [./src/hotspot/share/interpreter/linkResolver.cpp, line 839]
Event: 83.551 Thread 0x000002604202f000 Exception <a 'java/lang/IncompatibleClassChangeError'{0x000000008adde188}: Found class java.lang.Object, but interface was expected> (0x000000008adde188) thrown at [./src/hotspot/share/interpreter/linkResolver.cpp, line 839]
Event: 84.170 Thread 0x000002603f403800 Exception <a 'java/lang/NoSuchMethodError'{0x000000008b0fc7e8}: 'java.lang.Object java.lang.invoke.DirectMethodHandle$Holder.invokeStatic(java.lang.Object, int, java.lang.Object, java.lang.Object)'> (0x000000008b0fc7e8) thrown at [./src/hotspot/share/interpreter/linkResolver.cpp, line 773]
Event: 84.171 Thread 0x000002604202f000 Exception <a 'java/lang/NoSuchMethodError'{0x000000008b0e4700}: 'java.lang.Object java.lang.invoke.DirectMethodHandle$Holder.invokeStatic(java.lang.Object, int, java.lang.Object, java.lang.Object)'> (0x000000008b0e4700) thrown at [./src/hotspot/share/interpreter/linkResolver.cpp, line 773]
Event: 84.170 Thread 0x000002603f8ec800 Exception <a 'java/lang/NoSuchMethodError'{0x000000008b0ff750}: 'java.lang.Object java.lang.invoke.DirectMethodHandle$Holder.invokeStatic(java.lang.Object, int, java.lang.Object, java.lang.Object)'> (0x000000008b0ff750) thrown at [./src/hotspot/share/interpreter/linkResolver.cpp, line 773]
Event: 84.586 Thread 0x000002603f8ec800 Exception <a 'java/lang/NoSuchMethodError'{0x000000008ce50a18}: 'java.lang.Object java.lang.invoke.DirectMethodHandle$Holder.invokeVirtual(java.lang.Object, java.lang.Object, int, java.lang.Object)'> (0x000000008ce50a18) thrown at [./src/hotspot/share/interpreter/linkResolver.cpp, line 773]
Event: 84.586 Thread 0x000002604202f000 Exception <a 'java/lang/NoSuchMethodError'{0x000000008cf7f8b0}: 'java.lang.Object java.lang.invoke.DirectMethodHandle$Holder.invokeVirtual(java.lang.Object, java.lang.Object, int, java.lang.Object)'> (0x000000008cf7f8b0) thrown at [./src/hotspot/share/interpreter/linkResolver.cpp, line 773]
Event: 84.592 Thread 0x000002603f403800 Exception <a 'java/lang/NoSuchMethodError'{0x000000008cf20a68}: 'java.lang.Object java.lang.invoke.DirectMethodHandle$Holder.invokeVirtual(java.lang.Object, java.lang.Object, int, java.lang.Object)'> (0x000000008cf20a68) thrown at [./src/hotspot/share/interpreter/linkResolver.cpp, line 773]
Event: 84.776 Thread 0x000002603f403800 Exception <a 'java/lang/NoSuchMethodError'{0x000000008d50f4c8}: 'void java.lang.invoke.DirectMethodHandle$Holder.invokeVirtual(java.lang.Object, java.lang.Object, int, java.lang.Object)'> (0x000000008d50f4c8) thrown at [./src/hotspot/share/interpreter/linkResolver.cpp, line 773]

Events (20 events):
Event: 84.841 loading class com/android/tools/r8/code/H0
Event: 84.841 loading class com/android/tools/r8/code/H0 done
Event: 84.842 loading class com/android/tools/r8/code/c0
Event: 84.842 loading class com/android/tools/r8/code/c0 done
Event: 84.843 loading class com/android/tools/r8/code/S0
Event: 84.843 loading class com/android/tools/r8/code/S0 done
Event: 84.843 loading class com/android/tools/r8/code/C0
Event: 84.843 loading class com/android/tools/r8/code/C0 done
Event: 84.844 loading class com/android/tools/r8/code/e3
Event: 84.844 loading class com/android/tools/r8/code/e3 done
Event: 84.844 loading class com/android/tools/r8/code/d0
Event: 84.844 loading class com/android/tools/r8/code/d0 done
Event: 84.844 loading class com/android/tools/r8/code/d3
Event: 84.844 loading class com/android/tools/r8/code/d3 done
Event: 84.844 loading class com/android/tools/r8/code/J
Event: 84.844 loading class com/android/tools/r8/code/J done
Event: 84.845 loading class com/android/tools/r8/code/g3
Event: 84.845 loading class com/android/tools/r8/code/g3 done
Event: 84.845 loading class com/android/tools/r8/code/T
Event: 84.845 loading class com/android/tools/r8/code/T done


Dynamic libraries:
0x00007ff70e300000 - 0x00007ff70e30d000 	C:\Program Files\OpenJDK\openjdk-11.0.15_10\bin\java.exe
0x00007ff9caeb0000 - 0x00007ff9cb0a7000 	C:\WINDOWS\SYSTEM32\ntdll.dll
0x00007ff9cac10000 - 0x00007ff9caccd000 	C:\WINDOWS\System32\KERNEL32.DLL
0x00007ff9c8810000 - 0x00007ff9c8add000 	C:\WINDOWS\System32\KERNELBASE.dll
0x00007ff9c8c80000 - 0x00007ff9c8d80000 	C:\WINDOWS\System32\ucrtbase.dll
0x00007ff9a5610000 - 0x00007ff9a5628000 	C:\Program Files\OpenJDK\openjdk-11.0.15_10\bin\jli.dll
0x00007ff9a56f0000 - 0x00007ff9a5706000 	C:\Program Files\OpenJDK\openjdk-11.0.15_10\bin\VCRUNTIME140.dll
0x00007ff9c9d10000 - 0x00007ff9c9eb0000 	C:\WINDOWS\System32\USER32.dll
0x00007ff9c8680000 - 0x00007ff9c86a2000 	C:\WINDOWS\System32\win32u.dll
0x00007ff9b8a90000 - 0x00007ff9b8d2a000 	C:\WINDOWS\WinSxS\amd64_microsoft.windows.common-controls_6595b64144ccf1df_6.0.19041.1110_none_60b5254171f9507e\COMCTL32.dll
0x00007ff9ca2c0000 - 0x00007ff9ca2ea000 	C:\WINDOWS\System32\GDI32.dll
0x00007ff9ca2f0000 - 0x00007ff9ca38e000 	C:\WINDOWS\System32\msvcrt.dll
0x00007ff9c8ae0000 - 0x00007ff9c8beb000 	C:\WINDOWS\System32\gdi32full.dll
0x00007ff9c8720000 - 0x00007ff9c87bd000 	C:\WINDOWS\System32\msvcp_win.dll
0x00007ff9c8f10000 - 0x00007ff9c8f40000 	C:\WINDOWS\System32\IMM32.DLL
0x00007ff989b40000 - 0x00007ff989bea000 	C:\Program Files\OpenJDK\openjdk-11.0.15_10\bin\msvcp140.dll
0x00007ff978240000 - 0x00007ff978d91000 	C:\Program Files\OpenJDK\openjdk-11.0.15_10\bin\server\jvm.dll
0x00007ff9c9560000 - 0x00007ff9c960e000 	C:\WINDOWS\System32\ADVAPI32.dll
0x00007ff9ca080000 - 0x00007ff9ca11c000 	C:\WINDOWS\System32\sechost.dll
0x00007ff9c9b30000 - 0x00007ff9c9c55000 	C:\WINDOWS\System32\RPCRT4.dll
0x00007ff9c9f10000 - 0x00007ff9c9f18000 	C:\WINDOWS\System32\PSAPI.DLL
0x00007ff9c02a0000 - 0x00007ff9c02a9000 	C:\WINDOWS\SYSTEM32\WSOCK32.dll
0x00007ff9cacd0000 - 0x00007ff9cad3b000 	C:\WINDOWS\System32\WS2_32.dll
0x00007ff9bb4b0000 - 0x00007ff9bb4d7000 	C:\WINDOWS\SYSTEM32\WINMM.dll
0x00007ff9bf190000 - 0x00007ff9bf19a000 	C:\WINDOWS\SYSTEM32\VERSION.dll
0x00007ff9c6eb0000 - 0x00007ff9c6ec2000 	C:\WINDOWS\SYSTEM32\kernel.appcore.dll
0x00007ff9a51a0000 - 0x00007ff9a51b1000 	C:\Program Files\OpenJDK\openjdk-11.0.15_10\bin\verify.dll
0x00007ff9c6b70000 - 0x00007ff9c6d54000 	C:\WINDOWS\SYSTEM32\DBGHELP.DLL
0x00007ff9c25c0000 - 0x00007ff9c25ec000 	C:\WINDOWS\SYSTEM32\dbgcore.DLL
0x00007ff9c8bf0000 - 0x00007ff9c8c72000 	C:\WINDOWS\System32\bcryptPrimitives.dll
0x00007ff9a5170000 - 0x00007ff9a5199000 	C:\Program Files\OpenJDK\openjdk-11.0.15_10\bin\java.dll
0x00007ff9a9a10000 - 0x00007ff9a9a1a000 	C:\Program Files\OpenJDK\openjdk-11.0.15_10\bin\jimage.dll
0x00007ff9a3bf0000 - 0x00007ff9a3c08000 	C:\Program Files\OpenJDK\openjdk-11.0.15_10\bin\zip.dll
0x00007ff9ca440000 - 0x00007ff9cab84000 	C:\WINDOWS\System32\SHELL32.dll
0x00007ff9c63d0000 - 0x00007ff9c6b64000 	C:\WINDOWS\SYSTEM32\windows.storage.dll
0x00007ff9c9690000 - 0x00007ff9c99e4000 	C:\WINDOWS\System32\combase.dll
0x00007ff9c8030000 - 0x00007ff9c805c000 	C:\WINDOWS\SYSTEM32\Wldp.dll
0x00007ff9ca390000 - 0x00007ff9ca43d000 	C:\WINDOWS\System32\SHCORE.dll
0x00007ff9c9eb0000 - 0x00007ff9c9f05000 	C:\WINDOWS\System32\shlwapi.dll
0x00007ff9c8510000 - 0x00007ff9c852f000 	C:\WINDOWS\SYSTEM32\profapi.dll
0x00007ff9a3bd0000 - 0x00007ff9a3be9000 	C:\Program Files\OpenJDK\openjdk-11.0.15_10\bin\net.dll
0x00007ff9c00d0000 - 0x00007ff9c01da000 	C:\WINDOWS\SYSTEM32\WINHTTP.dll
0x00007ff9c7d90000 - 0x00007ff9c7dfa000 	C:\WINDOWS\system32\mswsock.dll
0x00007ff9a31a0000 - 0x00007ff9a31b3000 	C:\Program Files\OpenJDK\openjdk-11.0.15_10\bin\nio.dll
0x00007ff9c3f60000 - 0x00007ff9c3f87000 	C:\Users\Tom\.gradle\native\e1d6ef7f7dcc3fd88c89a11ec53ec762bb8ba0a96d01ffa2cd45eb1d1d8dd5c5\windows-amd64\native-platform.dll
0x00007ff98af10000 - 0x00007ff98b054000 	C:\Users\Tom\.gradle\native\5664cfc778a61ccfe75a443a1ab52a65af34e5dc3c78e0209fed803814484fcb\windows-amd64\native-platform-file-events.dll
0x00007ff9a9a20000 - 0x00007ff9a9a29000 	C:\Program Files\OpenJDK\openjdk-11.0.15_10\bin\management.dll
0x00007ff9a6560000 - 0x00007ff9a656c000 	C:\Program Files\OpenJDK\openjdk-11.0.15_10\bin\management_ext.dll
0x00007ff9c7f80000 - 0x00007ff9c7f98000 	C:\WINDOWS\SYSTEM32\CRYPTSP.dll
0x00007ff9c7640000 - 0x00007ff9c7674000 	C:\WINDOWS\system32\rsaenh.dll
0x00007ff9c8d80000 - 0x00007ff9c8da7000 	C:\WINDOWS\System32\bcrypt.dll
0x00007ff9c8490000 - 0x00007ff9c84be000 	C:\WINDOWS\SYSTEM32\USERENV.dll
0x00007ff9c7fa0000 - 0x00007ff9c7fac000 	C:\WINDOWS\SYSTEM32\CRYPTBASE.dll
0x00007ff9c7a30000 - 0x00007ff9c7a6b000 	C:\WINDOWS\SYSTEM32\IPHLPAPI.DLL
0x00007ff9cad40000 - 0x00007ff9cad48000 	C:\WINDOWS\System32\NSI.dll
0x00007ff9c0490000 - 0x00007ff9c04a7000 	C:\WINDOWS\SYSTEM32\dhcpcsvc6.DLL
0x00007ff9c0eb0000 - 0x00007ff9c0ecd000 	C:\WINDOWS\SYSTEM32\dhcpcsvc.DLL
0x00007ff9c7ac0000 - 0x00007ff9c7b8b000 	C:\WINDOWS\SYSTEM32\DNSAPI.dll
0x00007ff9c3ea0000 - 0x00007ff9c3ec6000 	C:\Program Files\OpenJDK\openjdk-11.0.15_10\bin\sunec.dll
0x00007ff9c72a0000 - 0x00007ff9c72d3000 	C:\WINDOWS\SYSTEM32\ntmarta.dll
0x00007ff9b7d60000 - 0x00007ff9b7d6a000 	C:\Windows\System32\rasadhlp.dll
0x00007ff9b9690000 - 0x00007ff9b9710000 	C:\WINDOWS\System32\fwpuclnt.dll
0x00007ff9c05c0000 - 0x00007ff9c05ce000 	C:\Program Files\OpenJDK\openjdk-11.0.15_10\bin\sunmscapi.dll
0x00007ff9c8db0000 - 0x00007ff9c8f06000 	C:\WINDOWS\System32\CRYPT32.dll
0x00007ff9c80a0000 - 0x00007ff9c80c7000 	C:\WINDOWS\SYSTEM32\ncrypt.dll
0x00007ff9c8060000 - 0x00007ff9c809b000 	C:\WINDOWS\SYSTEM32\NTASN1.dll

dbghelp: loaded successfully - version: 4.0.5 - missing functions: none
symbol engine: initialized successfully - sym options: 0x614 - pdb path: .;C:\Program Files\OpenJDK\openjdk-11.0.15_10\bin;C:\WINDOWS\SYSTEM32;C:\WINDOWS\WinSxS\amd64_microsoft.windows.common-controls_6595b64144ccf1df_6.0.19041.1110_none_60b5254171f9507e;C:\Program Files\OpenJDK\openjdk-11.0.15_10\bin\server;C:\Users\Tom\.gradle\native\e1d6ef7f7dcc3fd88c89a11ec53ec762bb8ba0a96d01ffa2cd45eb1d1d8dd5c5\windows-amd64;C:\Users\Tom\.gradle\native\5664cfc778a61ccfe75a443a1ab52a65af34e5dc3c78e0209fed803814484fcb\windows-amd64

VM Arguments:
jvm_args: -XX:MaxMetaspaceSize=512m --add-opens=java.base/java.util=ALL-UNNAMED --add-opens=java.base/java.lang=ALL-UNNAMED --add-opens=java.base/java.lang.invoke=ALL-UNNAMED --add-opens=java.base/java.util=ALL-UNNAMED --add-opens=java.prefs/java.util.prefs=ALL-UNNAMED --add-opens=java.prefs/java.util.prefs=ALL-UNNAMED --add-opens=java.base/java.nio.charset=ALL-UNNAMED --add-opens=java.base/java.net=ALL-UNNAMED --add-opens=java.base/java.util.concurrent.atomic=ALL-UNNAMED -Xmx2048m -Dfile.encoding=windows-1252 -Duser.country=GB -Duser.language=en -Duser.variant 
java_command: org.gradle.launcher.daemon.bootstrap.GradleDaemon 7.3.3
java_class_path (initial): C:\Users\Tom\.gradle\wrapper\dists\gradle-7.3.3-all\4295vidhdd9hd3gbjyw1xqxpo\gradle-7.3.3\lib\gradle-launcher-7.3.3.jar
Launcher Type: SUN_STANDARD

[Global flags]
     intx CICompilerCount                          = 3                                         {product} {ergonomic}
   size_t CompressedClassSpaceSize                 = 528482304                                 {product} {ergonomic}
     uint ConcGCThreads                            = 1                                         {product} {ergonomic}
     uint G1ConcRefinementThreads                  = 4                                         {product} {ergonomic}
   size_t G1HeapRegionSize                         = 1048576                                   {product} {ergonomic}
    uintx GCDrainStackTargetSize                   = 64                                        {product} {ergonomic}
   size_t InitialHeapSize                          = 134217728                                 {product} {ergonomic}
   size_t MarkStackSize                            = 4194304                                   {product} {ergonomic}
   size_t MaxHeapSize                              = 2147483648                                {product} {command line}
   size_t MaxMetaspaceSize                         = 536870912                                 {product} {command line}
   size_t MaxNewSize                               = 1287651328                                {product} {ergonomic}
   size_t MinHeapDeltaBytes                        = 1048576                                   {product} {ergonomic}
    uintx NonNMethodCodeHeapSize                   = 5830732                                {pd product} {ergonomic}
    uintx NonProfiledCodeHeapSize                  = 122913754                              {pd product} {ergonomic}
    uintx ProfiledCodeHeapSize                     = 122913754                              {pd product} {ergonomic}
    uintx ReservedCodeCacheSize                    = 251658240                              {pd product} {ergonomic}
     bool SegmentedCodeCache                       = true                                      {product} {ergonomic}
     bool UseCompressedClassPointers               = true                                 {lp64_product} {ergonomic}
     bool UseCompressedOops                        = true                                 {lp64_product} {ergonomic}
     bool UseG1GC                                  = true                                      {product} {ergonomic}
     bool UseLargePagesIndividualAllocation        = false                                  {pd product} {ergonomic}

Logging:
Log output configuration:
 #0: stdout all=warning uptime,level,tags
 #1: stderr all=off uptime,level,tags

Environment Variables:
JAVA_HOME=C:\Program Files\OpenJDK\openjdk-11.0.15_10
CLASSPATH=C:\Users\Tom\Documents\Programmation\React Native\projectRNcli\android\\gradle\wrapper\gradle-wrapper.jar
PATH=C:\Users\Tom\Documents\Programmation\React Native\projectRNcli\android\node_modules\.bin;C:\Users\Tom\Documents\Programmation\React Native\projectRNcli\node_modules\.bin;C:\Users\Tom\Documents\Programmation\React Native\node_modules\.bin;C:\Users\Tom\Documents\Programmation\node_modules\.bin;C:\Users\Tom\Documents\node_modules\.bin;C:\Users\Tom\node_modules\.bin;C:\Users\node_modules\.bin;C:\node_modules\.bin;C:\Program Files\nodejs;C:\Users\Tom\Documents\Programmation\React Native\projectRNcli\node_modules\.bin;C:\Users\Tom\Documents\Programmation\React Native\node_modules\.bin;C:\Users\Tom\Documents\Programmation\node_modules\.bin;C:\Users\Tom\Documents\node_modules\.bin;C:\Users\Tom\node_modules\.bin;C:\Users\node_modules\.bin;C:\node_modules\.bin;C:\Program Files\nodejs\node_modules\npm\node_modules\@npmcli\run-script\lib\node-gyp-bin;C:\Python310\Scripts\;C:\Python310\;C:\Program Files\Common Files\Oracle\Java\javapath;C:\Program Files (x86)\Intel\Intel(R) Management Engine Components\iCLS\;C:\Program Files\Intel\Intel(R) Management Engine Components\iCLS\;C:\windows\system32;C:\windows;C:\windows\System32\Wbem;C:\windows\System32\WindowsPowerShell\v1.0\;C:\Program Files (x86)\Intel\Intel(R) Management Engine Components\DAL;C:\Program Files\Intel\Intel(R) Management Engine Components\DAL;C:\Program Files (x86)\Intel\Intel(R) Management Engine Components\IPT;C:\Program Files\Intel\Intel(R) Management Engine Components\IPT;C:\Program Files (x86)\NVIDIA Corporation\PhysX\Common;C:\WINDOWS\system32;C:\WINDOWS;C:\WINDOWS\System32\Wbem;C:\WINDOWS\System32\WindowsPowerShell\v1.0\;C:\WINDOWS\System32\OpenSSH\;C:\Program Files\Microchip\xc8\v2.36\bin;C:\ProgramData\chocolatey\bin;C:\Program Files\OpenJDK\openjdk-11.0.15_10\bin;C:\Program Files\nodejs\;C:\Users\Tom\AppData\Local\Microsoft\WindowsApps;C:\Users\Tom\AppData\Local\Programs\Microsoft VS Code\bin;C:\Users\Tom\AppData\Local\Android\Sdk\platform-tools;C:\Users\Tom\AppData\Roaming\npm;C:\Users\Tom\Documents\Pro
USERNAME=Tom
LANG=en_GB.UTF-8
OS=Windows_NT
PROCESSOR_IDENTIFIER=Intel64 Family 6 Model 142 Stepping 10, GenuineIntel



---------------  S Y S T E M  ---------------

OS: Windows 10 , 64 bit Build 19041 (10.0.19041.1741)
OS uptime: 0 days 4:24 hours

CPU:total 4 (initial active 4) (2 cores per cpu, 2 threads per core) family 6 model 142 stepping 10 microcode 0xb4, cmov, cx8, fxsr, mmx, sse, sse2, sse3, ssse3, sse4.1, sse4.2, popcnt, avx, avx2, aes, clmul, erms, 3dnowpref, lzcnt, ht, tsc, tscinvbit, bmi1, bmi2, adx, fma

Memory: 4k page, system-wide physical 8107M (764M free)
TotalPageFile size 8107M (AvailPageFile size 5M)
current process WorkingSet (physical memory assigned to process): 557M, peak: 559M
current process commit charge ("private bytes"): 620M, peak: 621M

vm_info: OpenJDK 64-Bit Server VM (11.0.15+10) for windows-amd64 JRE (11.0.15+10), built on Apr 21 2022 21:29:46 by "tester" with MS VC++ 15.5 (VS2017)

END.
