#
# There is insufficient memory for the Java Runtime Environment to continue.
# Native memory allocation (malloc) failed to allocate 1412816 bytes for Chunk::new
# Possible reasons:
#   The system is out of physical RAM or swap space
#   The process is running with CompressedOops enabled, and the Java Heap may be blocking the growth of the native heap
# Possible solutions:
#   Reduce memory load on the system
#   Increase physical memory or swap space
#   Check if swap backing store is full
#   Decrease Java heap size (-Xmx/-Xms)
#   Decrease number of Java threads
#   Decrease Java thread stack sizes (-Xss)
#   Set larger code cache with -XX:ReservedCodeCacheSize=
#   JVM is running with Unscaled Compressed Oops mode in which the Java heap is
#     placed in the first 4GB address space. The Java Heap base address is the
#     maximum limit for the native heap growth. Please use -XX:HeapBaseMinAddress
#     to set the Java Heap base and to place the Java Heap above 4GB virtual address.
# This output file may be truncated or incomplete.
#
#  Out of Memory Error (./src/hotspot/share/memory/arena.cpp:197), pid=18176, tid=268
#
# JRE version: OpenJDK Runtime Environment 18.9 (11.0.15+10) (build 11.0.15+10)
# Java VM: OpenJDK 64-Bit Server VM 18.9 (11.0.15+10, mixed mode, tiered, compressed oops, g1 gc, windows-amd64)
# No core dump will be written. Minidumps are not enabled by default on client versions of Windows
#

---------------  S U M M A R Y ------------

Command Line: -XX:MaxMetaspaceSize=512m --add-opens=java.base/java.util=ALL-UNNAMED --add-opens=java.base/java.lang=ALL-UNNAMED --add-opens=java.base/java.lang.invoke=ALL-UNNAMED --add-opens=java.base/java.util=ALL-UNNAMED --add-opens=java.prefs/java.util.prefs=ALL-UNNAMED --add-opens=java.prefs/java.util.prefs=ALL-UNNAMED --add-opens=java.base/java.nio.charset=ALL-UNNAMED --add-opens=java.base/java.net=ALL-UNNAMED --add-opens=java.base/java.util.concurrent.atomic=ALL-UNNAMED -Xmx2048m -Dfile.encoding=windows-1252 -Duser.country=GB -Duser.language=en -Duser.variant org.gradle.launcher.daemon.bootstrap.GradleDaemon 7.3.3

Host: Intel(R) Core(TM) i3-7020U CPU @ 2.30GHz, 4 cores, 7G,  Windows 10 , 64 bit Build 19041 (10.0.19041.1741)
Time: Sun Jul  3 17:33:39 2022 Romance Summer Time elapsed time: 59.038251 seconds (0d 0h 0m 59s)

---------------  T H R E A D  ---------------

Current thread (0x000001f3b54fd800):  JavaThread "C2 CompilerThread1" daemon [_thread_in_native, id=268, stack(0x000000f03f800000,0x000000f03f900000)]


Current CompileTask:
C2:  59038 14302   !   4       com.android.tools.r8.internal.v6::b (116 bytes)

Stack: [0x000000f03f800000,0x000000f03f900000]
Native frames: (J=compiled Java code, j=interpreted, Vv=VM code, C=native code)
V  [jvm.dll+0x64dd3a]
V  [jvm.dll+0x7906c9]
V  [jvm.dll+0x791d9c]
V  [jvm.dll+0x792463]
V  [jvm.dll+0x265048]
V  [jvm.dll+0xc9da1]
V  [jvm.dll+0xca35c]
V  [jvm.dll+0x37c122]
V  [jvm.dll+0x1b318f]
V  [jvm.dll+0x21e192]
V  [jvm.dll+0x21d25a]
V  [jvm.dll+0x19dd21]
V  [jvm.dll+0x22cc80]
V  [jvm.dll+0x22af81]
V  [jvm.dll+0x75254c]
V  [jvm.dll+0x74b12d]
V  [jvm.dll+0x64c8a6]
C  [ucrtbase.dll+0x21bb2]
C  [KERNEL32.DLL+0x17034]
C  [ntdll.dll+0x52651]


---------------  P R O C E S S  ---------------

Threads class SMR info:
_java_thread_list=0x000001f3b548e6b0, length=88, elements={
0x000001f38ebd3800, 0x000001f3ad402800, 0x000001f3ad40e800, 0x000001f3ad453800,
0x000001f3ad457000, 0x000001f3ad458800, 0x000001f3add64000, 0x000001f3add65800,
0x000001f3add67000, 0x000001f3adec8800, 0x000001f3b0257000, 0x000001f3ae15e000,
0x000001f3b0114000, 0x000001f3b04bf000, 0x000001f3af86a800, 0x000001f3b04ab800,
0x000001f3b040b800, 0x000001f3b0044800, 0x000001f3afb74800, 0x000001f3afb75800,
0x000001f3b0039000, 0x000001f3b003a000, 0x000001f3b0037800, 0x000001f3b0035800,
0x000001f3b003b800, 0x000001f3b003c000, 0x000001f3b0036800, 0x000001f3b0038000,
0x000001f3b003a800, 0x000001f3b02b0800, 0x000001f3b02af000, 0x000001f3b02ac800,
0x000001f3b02ad800, 0x000001f3b02b0000, 0x000001f3b02ae000, 0x000001f3b02b1800,
0x000001f3b02ac000, 0x000001f3b02b3000, 0x000001f3b02b4000, 0x000001f3b02b7000,
0x000001f3b02b2800, 0x000001f3b02b8000, 0x000001f3b02b6800, 0x000001f3b02b9000,
0x000001f3b02b9800, 0x000001f3b02b5000, 0x000001f3b02b5800, 0x000001f3b0975000,
0x000001f3b0979000, 0x000001f3b0976000, 0x000001f3b0976800, 0x000001f3b0977800,
0x000001f3b0978800, 0x000001f3b097a000, 0x000001f3b0974000, 0x000001f3b097b800,
0x000001f3b097f800, 0x000001f3b0980800, 0x000001f3b097a800, 0x000001f3b097f000,
0x000001f3b097c800, 0x000001f3b0981800, 0x000001f3b0983000, 0x000001f3b097d000,
0x000001f3b0982000, 0x000001f3b097e000, 0x000001f3b5278800, 0x000001f3b527a000,
0x000001f3b5277800, 0x000001f3b527c800, 0x000001f3b527b000, 0x000001f3b5279800,
0x000001f3b527c000, 0x000001f3b5277000, 0x000001f3b5281800, 0x000001f3b5283000,
0x000001f3b527e800, 0x000001f3b5284000, 0x000001f3b5280000, 0x000001f3b5285000,
0x000001f3b527f000, 0x000001f3b5285800, 0x000001f3b551c000, 0x000001f3b54fd800,
0x000001f3b551a800, 0x000001f3b5521000, 0x000001f3b551f800, 0x000001f3b551b000
}

Java Threads: ( => current thread )
  0x000001f38ebd3800 JavaThread "main" [_thread_blocked, id=11848, stack(0x000000f03fb00000,0x000000f03fc00000)]
  0x000001f3ad402800 JavaThread "Reference Handler" daemon [_thread_blocked, id=9864, stack(0x000000f040200000,0x000000f040300000)]
  0x000001f3ad40e800 JavaThread "Finalizer" daemon [_thread_blocked, id=17480, stack(0x000000f040300000,0x000000f040400000)]
  0x000001f3ad453800 JavaThread "Signal Dispatcher" daemon [_thread_blocked, id=13868, stack(0x000000f040400000,0x000000f040500000)]
  0x000001f3ad457000 JavaThread "Attach Listener" daemon [_thread_blocked, id=17352, stack(0x000000f040500000,0x000000f040600000)]
  0x000001f3ad458800 JavaThread "Service Thread" daemon [_thread_blocked, id=16172, stack(0x000000f040600000,0x000000f040700000)]
  0x000001f3add64000 JavaThread "C2 CompilerThread0" daemon [_thread_in_native, id=9248, stack(0x000000f040700000,0x000000f040800000)]
  0x000001f3add65800 JavaThread "C1 CompilerThread0" daemon [_thread_in_native, id=13504, stack(0x000000f040800000,0x000000f040900000)]
  0x000001f3add67000 JavaThread "Sweeper thread" daemon [_thread_blocked, id=15660, stack(0x000000f040900000,0x000000f040a00000)]
  0x000001f3adec8800 JavaThread "Common-Cleaner" daemon [_thread_blocked, id=10908, stack(0x000000f040a00000,0x000000f040b00000)]
  0x000001f3b0257000 JavaThread "Daemon health stats" [_thread_blocked, id=17224, stack(0x000000f040f00000,0x000000f041000000)]
  0x000001f3ae15e000 JavaThread "Incoming local TCP Connector on port 51197" [_thread_in_native, id=13264, stack(0x000000f040c00000,0x000000f040d00000)]
  0x000001f3b0114000 JavaThread "Daemon periodic checks" [_thread_blocked, id=6980, stack(0x000000f041000000,0x000000f041100000)]
  0x000001f3b04bf000 JavaThread "Daemon" [_thread_blocked, id=16424, stack(0x000000f041100000,0x000000f041200000)]
  0x000001f3af86a800 JavaThread "Handler for socket connection from /127.0.0.1:51197 to /127.0.0.1:51198" [_thread_in_native, id=6348, stack(0x000000f041200000,0x000000f041300000)]
  0x000001f3b04ab800 JavaThread "Cancel handler" [_thread_blocked, id=18048, stack(0x000000f041300000,0x000000f041400000)]
  0x000001f3b040b800 JavaThread "Daemon worker" [_thread_blocked, id=4964, stack(0x000000f041400000,0x000000f041500000)]
  0x000001f3b0044800 JavaThread "Asynchronous log dispatcher for DefaultDaemonConnection: socket connection from /127.0.0.1:51197 to /127.0.0.1:51198" [_thread_blocked, id=3476, stack(0x000000f041500000,0x000000f041600000)]
  0x000001f3afb74800 JavaThread "Stdin handler" [_thread_blocked, id=9956, stack(0x000000f041600000,0x000000f041700000)]
  0x000001f3afb75800 JavaThread "Daemon client event forwarder" [_thread_blocked, id=13820, stack(0x000000f041700000,0x000000f041800000)]
  0x000001f3b0039000 JavaThread "Cache worker for journal cache (C:\Users\Tom\.gradle\caches\journal-1)" [_thread_blocked, id=4076, stack(0x000000f041900000,0x000000f041a00000)]
  0x000001f3b003a000 JavaThread "File lock request listener" [_thread_in_native, id=15256, stack(0x000000f041a00000,0x000000f041b00000)]
  0x000001f3b0037800 JavaThread "Cache worker for file hash cache (C:\Users\Tom\.gradle\caches\7.3.3\fileHashes)" [_thread_blocked, id=16412, stack(0x000000f041b00000,0x000000f041c00000)]
  0x000001f3b0035800 JavaThread "Cache worker for file hash cache (C:\Users\Tom\Documents\Programmation\React Native\projectRNcli\android\.gradle\7.3.3\fileHashes)" [_thread_blocked, id=668, stack(0x000000f041d00000,0x000000f041e00000)]
  0x000001f3b003b800 JavaThread "File watcher server" daemon [_thread_in_native, id=16468, stack(0x000000f041e00000,0x000000f041f00000)]
  0x000001f3b003c000 JavaThread "File watcher consumer" daemon [_thread_blocked, id=5716, stack(0x000000f041f00000,0x000000f042000000)]
  0x000001f3b0036800 JavaThread "Cache worker for checksums cache (C:\Users\Tom\Documents\Programmation\React Native\projectRNcli\android\.gradle\7.3.3\checksums)" [_thread_blocked, id=14556, stack(0x000000f041c00000,0x000000f041d00000)]
  0x000001f3b0038000 JavaThread "Cache worker for cache directory md-supplier (C:\Users\Tom\.gradle\caches\7.3.3\md-supplier)" [_thread_blocked, id=14400, stack(0x000000f042000000,0x000000f042100000)]
  0x000001f3b003a800 JavaThread "Cache worker for cache directory md-rule (C:\Users\Tom\.gradle\caches\7.3.3\md-rule)" [_thread_blocked, id=16912, stack(0x000000f042200000,0x000000f042300000)]
  0x000001f3b02b0800 JavaThread "Cache worker for execution history cache (C:\Users\Tom\.gradle\caches\7.3.3\executionHistory)" [_thread_blocked, id=15768, stack(0x000000f042300000,0x000000f042400000)]
  0x000001f3b02af000 JavaThread "jar transforms" [_thread_blocked, id=5748, stack(0x000000f042400000,0x000000f042500000)]
  0x000001f3b02ac800 JavaThread "jar transforms Thread 2" [_thread_blocked, id=12764, stack(0x000000f042500000,0x000000f042600000)]
  0x000001f3b02ad800 JavaThread "Cache worker for file content cache (C:\Users\Tom\.gradle\caches\7.3.3\fileContent)" [_thread_blocked, id=15304, stack(0x000000f042600000,0x000000f042700000)]
  0x000001f3b02b0000 JavaThread "jar transforms Thread 3" [_thread_blocked, id=16552, stack(0x000000f042700000,0x000000f042800000)]
  0x000001f3b02ae000 JavaThread "jar transforms Thread 4" [_thread_blocked, id=10412, stack(0x000000f042800000,0x000000f042900000)]
  0x000001f3b02b1800 JavaThread "Cache worker for kotlin-dsl (C:\Users\Tom\.gradle\caches\7.3.3\kotlin-dsl)" [_thread_blocked, id=692, stack(0x000000f042900000,0x000000f042a00000)]
  0x000001f3b02ac000 JavaThread "Cache worker for dependencies-accessors (C:\Users\Tom\Documents\Programmation\React Native\projectRNcli\android\.gradle\7.3.3\dependencies-accessors)" [_thread_blocked, id=10680, stack(0x000000f042a00000,0x000000f042b00000)]
  0x000001f3b02b3000 JavaThread "Cache worker for Build Output Cleanup Cache (C:\Users\Tom\Documents\Programmation\React Native\projectRNcli\node_modules\react-native-gradle-plugin\.gradle\buildOutputCleanup)" [_thread_blocked, id=17740, stack(0x000000f042100000,0x000000f042200000)]
  0x000001f3b02b4000 JavaThread "Unconstrained build operations" [_thread_blocked, id=3244, stack(0x000000f042c00000,0x000000f042d00000)]
  0x000001f3b02b7000 JavaThread "Unconstrained build operations Thread 2" [_thread_blocked, id=14300, stack(0x000000f042d00000,0x000000f042e00000)]
  0x000001f3b02b2800 JavaThread "Unconstrained build operations Thread 3" [_thread_blocked, id=17956, stack(0x000000f042e00000,0x000000f042f00000)]
  0x000001f3b02b8000 JavaThread "Unconstrained build operations Thread 4" [_thread_blocked, id=1944, stack(0x000000f042f00000,0x000000f043000000)]
  0x000001f3b02b6800 JavaThread "Unconstrained build operations Thread 5" [_thread_blocked, id=18092, stack(0x000000f043000000,0x000000f043100000)]
  0x000001f3b02b9000 JavaThread "Unconstrained build operations Thread 6" [_thread_blocked, id=15288, stack(0x000000f043100000,0x000000f043200000)]
  0x000001f3b02b9800 JavaThread "Unconstrained build operations Thread 7" [_thread_blocked, id=7008, stack(0x000000f043200000,0x000000f043300000)]
  0x000001f3b02b5000 JavaThread "Unconstrained build operations Thread 8" [_thread_blocked, id=5656, stack(0x000000f043300000,0x000000f043400000)]
  0x000001f3b02b5800 JavaThread "Unconstrained build operations Thread 9" [_thread_blocked, id=18016, stack(0x000000f043400000,0x000000f043500000)]
  0x000001f3b0975000 JavaThread "Unconstrained build operations Thread 10" [_thread_blocked, id=14452, stack(0x000000f043500000,0x000000f043600000)]
  0x000001f3b0979000 JavaThread "Unconstrained build operations Thread 11" [_thread_blocked, id=17668, stack(0x000000f043600000,0x000000f043700000)]
  0x000001f3b0976000 JavaThread "Unconstrained build operations Thread 12" [_thread_blocked, id=17492, stack(0x000000f043700000,0x000000f043800000)]
  0x000001f3b0976800 JavaThread "Unconstrained build operations Thread 13" [_thread_blocked, id=14792, stack(0x000000f043800000,0x000000f043900000)]
  0x000001f3b0977800 JavaThread "Unconstrained build operations Thread 14" [_thread_in_Java, id=7444, stack(0x000000f043900000,0x000000f043a00000)]
  0x000001f3b0978800 JavaThread "Unconstrained build operations Thread 15" [_thread_blocked, id=16704, stack(0x000000f043a00000,0x000000f043b00000)]
  0x000001f3b097a000 JavaThread "Unconstrained build operations Thread 16" [_thread_blocked, id=17460, stack(0x000000f043b00000,0x000000f043c00000)]
  0x000001f3b0974000 JavaThread "Unconstrained build operations Thread 17" [_thread_blocked, id=9780, stack(0x000000f043c00000,0x000000f043d00000)]
  0x000001f3b097b800 JavaThread "Unconstrained build operations Thread 18" [_thread_blocked, id=13296, stack(0x000000f043d00000,0x000000f043e00000)]
  0x000001f3b097f800 JavaThread "Unconstrained build operations Thread 19" [_thread_blocked, id=11040, stack(0x000000f043e00000,0x000000f043f00000)]
  0x000001f3b0980800 JavaThread "Unconstrained build operations Thread 20" [_thread_blocked, id=15896, stack(0x000000f043f00000,0x000000f044000000)]
  0x000001f3b097a800 JavaThread "Unconstrained build operations Thread 21" [_thread_blocked, id=14428, stack(0x000000f044000000,0x000000f044100000)]
  0x000001f3b097f000 JavaThread "Unconstrained build operations Thread 22" [_thread_blocked, id=7220, stack(0x000000f044100000,0x000000f044200000)]
  0x000001f3b097c800 JavaThread "Unconstrained build operations Thread 23" [_thread_blocked, id=12004, stack(0x000000f044200000,0x000000f044300000)]
  0x000001f3b0981800 JavaThread "Unconstrained build operations Thread 24" [_thread_blocked, id=17268, stack(0x000000f044300000,0x000000f044400000)]
  0x000001f3b0983000 JavaThread "Unconstrained build operations Thread 25" [_thread_in_Java, id=11052, stack(0x000000f044400000,0x000000f044500000)]
  0x000001f3b097d000 JavaThread "Unconstrained build operations Thread 26" [_thread_blocked, id=7516, stack(0x000000f044500000,0x000000f044600000)]
  0x000001f3b0982000 JavaThread "Unconstrained build operations Thread 27" [_thread_blocked, id=16360, stack(0x000000f044600000,0x000000f044700000)]
  0x000001f3b097e000 JavaThread "Unconstrained build operations Thread 28" [_thread_blocked, id=14544, stack(0x000000f044700000,0x000000f044800000)]
  0x000001f3b5278800 JavaThread "Unconstrained build operations Thread 29" [_thread_blocked, id=17772, stack(0x000000f044800000,0x000000f044900000)]
  0x000001f3b527a000 JavaThread "Unconstrained build operations Thread 30" [_thread_in_Java, id=7440, stack(0x000000f044900000,0x000000f044a00000)]
  0x000001f3b5277800 JavaThread "Unconstrained build operations Thread 31" [_thread_blocked, id=15052, stack(0x000000f044a00000,0x000000f044b00000)]
  0x000001f3b527c800 JavaThread "Unconstrained build operations Thread 32" [_thread_blocked, id=14764, stack(0x000000f044b00000,0x000000f044c00000)]
  0x000001f3b527b000 JavaThread "Unconstrained build operations Thread 33" [_thread_blocked, id=9108, stack(0x000000f044c00000,0x000000f044d00000)]
  0x000001f3b5279800 JavaThread "build event listener" [_thread_blocked, id=14016, stack(0x000000f042b00000,0x000000f042c00000)]
  0x000001f3b527c000 JavaThread "Memory manager" [_thread_blocked, id=11048, stack(0x000000f044e00000,0x000000f044f00000)]
  0x000001f3b5277000 JavaThread "Cache worker for Build Output Cleanup Cache (C:\Users\Tom\Documents\Programmation\React Native\projectRNcli\android\.gradle\buildOutputCleanup)" [_thread_blocked, id=18132, stack(0x000000f044f00000,0x000000f045000000)]
  0x000001f3b5281800 JavaThread "included builds" [_thread_blocked, id=18416, stack(0x000000f045000000,0x000000f045100000)]
  0x000001f3b5283000 JavaThread "Cache worker for execution history cache (C:\Users\Tom\Documents\Programmation\React Native\projectRNcli\node_modules\react-native-gradle-plugin\.gradle\7.3.3\executionHistory)" [_thread_blocked, id=10212, stack(0x000000f045400000,0x000000f045500000)]
  0x000001f3b527e800 JavaThread "Unconstrained build operations Thread 34" [_thread_blocked, id=13052, stack(0x000000f045500000,0x000000f045600000)]
  0x000001f3b5284000 JavaThread "Unconstrained build operations Thread 35" [_thread_blocked, id=6548, stack(0x000000f045600000,0x000000f045700000)]
  0x000001f3b5280000 JavaThread "Unconstrained build operations Thread 36" [_thread_blocked, id=4576, stack(0x000000f045700000,0x000000f045800000)]
  0x000001f3b5285000 JavaThread "Unconstrained build operations Thread 37" [_thread_blocked, id=12300, stack(0x000000f045800000,0x000000f045900000)]
  0x000001f3b527f000 JavaThread "Unconstrained build operations Thread 38" [_thread_blocked, id=16560, stack(0x000000f045900000,0x000000f045a00000)]
  0x000001f3b5285800 JavaThread "Unconstrained build operations Thread 39" [_thread_in_Java, id=11488, stack(0x000000f045a00000,0x000000f045b00000)]
  0x000001f3b551c000 JavaThread "Unconstrained build operations Thread 40" [_thread_blocked, id=18156, stack(0x000000f045b00000,0x000000f045c00000)]
=>0x000001f3b54fd800 JavaThread "C2 CompilerThread1" daemon [_thread_in_native, id=268, stack(0x000000f03f800000,0x000000f03f900000)]
  0x000001f3b551a800 JavaThread "Execution worker for ':'" [_thread_blocked, id=2476, stack(0x000000f045200000,0x000000f045300000)]
  0x000001f3b5521000 JavaThread "Execution worker for ':' Thread 2" [_thread_blocked, id=6796, stack(0x000000f045300000,0x000000f045400000)]
  0x000001f3b551f800 JavaThread "Execution worker for ':' Thread 3" [_thread_blocked, id=7336, stack(0x000000f045c00000,0x000000f045d00000)]
  0x000001f3b551b000 JavaThread "Cache worker for execution history cache (C:\Users\Tom\Documents\Programmation\React Native\projectRNcli\android\.gradle\7.3.3\executionHistory)" [_thread_blocked, id=17152, stack(0x000000f045d00000,0x000000f045e00000)]

Other Threads:
  0x000001f3ad3ec800 VMThread "VM Thread" [stack: 0x000000f040100000,0x000000f040200000] [id=664]
  0x000001f3aded5800 WatcherThread [stack: 0x000000f040b00000,0x000000f040c00000] [id=9716]
  0x000001f38ebec000 GCTaskThread "GC Thread#0" [stack: 0x000000f03fc00000,0x000000f03fd00000] [id=15708]
  0x000001f3ae20b000 GCTaskThread "GC Thread#1" [stack: 0x000000f040d00000,0x000000f040e00000] [id=5720]
  0x000001f3ae20c000 GCTaskThread "GC Thread#2" [stack: 0x000000f040e00000,0x000000f040f00000] [id=1280]
  0x000001f3af291000 GCTaskThread "GC Thread#3" [stack: 0x000000f041800000,0x000000f041900000] [id=14484]
  0x000001f38ec1b800 ConcurrentGCThread "G1 Main Marker" [stack: 0x000000f03fd00000,0x000000f03fe00000] [id=15484]
  0x000001f38ec1d000 ConcurrentGCThread "G1 Conc#0" [stack: 0x000000f03fe00000,0x000000f03ff00000] [id=16988]
  0x000001f38ecad000 ConcurrentGCThread "G1 Refine#0" [stack: 0x000000f03ff00000,0x000000f040000000] [id=2400]
  0x000001f38ecae000 ConcurrentGCThread "G1 Young RemSet Sampling" [stack: 0x000000f040000000,0x000000f040100000] [id=16520]

Threads with active compile tasks:
C2 CompilerThread0    59119 14607       4       com.android.tools.r8.internal.i2::a (15 bytes)
C1 CompilerThread0    59119 14655       2       com.android.tools.r8.internal.Ci::a (1687 bytes)
C2 CompilerThread1    59119 14302   !   4       com.android.tools.r8.internal.v6::b (116 bytes)

VM state:not at safepoint (normal execution)

VM Mutex/Monitor currently owned by a thread: None

Heap address: 0x0000000080000000, size: 2048 MB, Compressed Oops mode: 32-bit
Narrow klass base: 0x0000000000000000, Narrow klass shift: 3
Compressed class space size: 528482304 Address: 0x0000000100000000

Heap:
 garbage-first heap   total 258048K, used 189895K [0x0000000080000000, 0x0000000100000000)
  region size 1024K, 46 young (47104K), 6 survivors (6144K)
 Metaspace       used 108983K, capacity 112240K, committed 112264K, reserved 614400K
  class space    used 14196K, capacity 15474K, committed 15488K, reserved 516096K
Heap Regions: E=young(eden), S=young(survivor), O=old, HS=humongous(starts), HC=humongous(continues), CS=collection set, F=free, A=archive, TAMS=top-at-mark-start (previous, next)
|   0|0x0000000080000000, 0x0000000080100000, 0x0000000080100000|100%| O|  |TAMS 0x0000000080100000, 0x0000000080000000| Untracked 
|   1|0x0000000080100000, 0x0000000080200000, 0x0000000080200000|100%| O|  |TAMS 0x0000000080200000, 0x0000000080100000| Untracked 
|   2|0x0000000080200000, 0x0000000080300000, 0x0000000080300000|100%| O|  |TAMS 0x0000000080300000, 0x0000000080200000| Untracked 
|   3|0x0000000080300000, 0x0000000080400000, 0x0000000080400000|100%|HS|  |TAMS 0x0000000080400000, 0x0000000080300000| Complete 
|   4|0x0000000080400000, 0x0000000080500000, 0x0000000080500000|100%|HC|  |TAMS 0x0000000080500000, 0x0000000080400000| Complete 
|   5|0x0000000080500000, 0x0000000080600000, 0x0000000080600000|100%|HC|  |TAMS 0x0000000080600000, 0x0000000080500000| Complete 
|   6|0x0000000080600000, 0x0000000080700000, 0x0000000080700000|100%| O|  |TAMS 0x0000000080700000, 0x0000000080600000| Untracked 
|   7|0x0000000080700000, 0x0000000080800000, 0x0000000080800000|100%| O|  |TAMS 0x0000000080800000, 0x0000000080700000| Untracked 
|   8|0x0000000080800000, 0x0000000080900000, 0x0000000080900000|100%| O|  |TAMS 0x0000000080900000, 0x0000000080800000| Untracked 
|   9|0x0000000080900000, 0x0000000080a00000, 0x0000000080a00000|100%| O|  |TAMS 0x0000000080a00000, 0x0000000080900000| Untracked 
|  10|0x0000000080a00000, 0x0000000080b00000, 0x0000000080b00000|100%| O|  |TAMS 0x0000000080b00000, 0x0000000080a00000| Untracked 
|  11|0x0000000080b00000, 0x0000000080c00000, 0x0000000080c00000|100%| O|  |TAMS 0x0000000080c00000, 0x0000000080b00000| Untracked 
|  12|0x0000000080c00000, 0x0000000080d00000, 0x0000000080d00000|100%| O|  |TAMS 0x0000000080d00000, 0x0000000080c00000| Untracked 
|  13|0x0000000080d00000, 0x0000000080e00000, 0x0000000080e00000|100%| O|  |TAMS 0x0000000080e00000, 0x0000000080d00000| Untracked 
|  14|0x0000000080e00000, 0x0000000080f00000, 0x0000000080f00000|100%| O|  |TAMS 0x0000000080f00000, 0x0000000080e00000| Untracked 
|  15|0x0000000080f00000, 0x0000000081000000, 0x0000000081000000|100%| O|  |TAMS 0x0000000081000000, 0x0000000080f00000| Untracked 
|  16|0x0000000081000000, 0x0000000081100000, 0x0000000081100000|100%| O|  |TAMS 0x0000000081100000, 0x0000000081000000| Untracked 
|  17|0x0000000081100000, 0x0000000081200000, 0x0000000081200000|100%| O|  |TAMS 0x0000000081200000, 0x0000000081100000| Untracked 
|  18|0x0000000081200000, 0x0000000081300000, 0x0000000081300000|100%| O|  |TAMS 0x0000000081300000, 0x0000000081200000| Untracked 
|  19|0x0000000081300000, 0x0000000081400000, 0x0000000081400000|100%| O|  |TAMS 0x0000000081400000, 0x0000000081300000| Untracked 
|  20|0x0000000081400000, 0x0000000081500000, 0x0000000081500000|100%| O|  |TAMS 0x0000000081500000, 0x0000000081400000| Untracked 
|  21|0x0000000081500000, 0x0000000081600000, 0x0000000081600000|100%| O|  |TAMS 0x0000000081600000, 0x0000000081500000| Untracked 
|  22|0x0000000081600000, 0x0000000081700000, 0x0000000081700000|100%| O|  |TAMS 0x0000000081700000, 0x0000000081600000| Untracked 
|  23|0x0000000081700000, 0x0000000081800000, 0x0000000081800000|100%| O|  |TAMS 0x0000000081800000, 0x0000000081700000| Untracked 
|  24|0x0000000081800000, 0x0000000081900000, 0x0000000081900000|100%| O|  |TAMS 0x0000000081900000, 0x0000000081800000| Untracked 
|  25|0x0000000081900000, 0x0000000081a00000, 0x0000000081a00000|100%| O|  |TAMS 0x0000000081a00000, 0x0000000081900000| Untracked 
|  26|0x0000000081a00000, 0x0000000081b00000, 0x0000000081b00000|100%| O|  |TAMS 0x0000000081b00000, 0x0000000081a00000| Untracked 
|  27|0x0000000081b00000, 0x0000000081c00000, 0x0000000081c00000|100%|HS|  |TAMS 0x0000000081c00000, 0x0000000081b00000| Complete 
|  28|0x0000000081c00000, 0x0000000081d00000, 0x0000000081d00000|100%|HS|  |TAMS 0x0000000081d00000, 0x0000000081c00000| Complete 
|  29|0x0000000081d00000, 0x0000000081e00000, 0x0000000081e00000|100%|HC|  |TAMS 0x0000000081e00000, 0x0000000081d00000| Complete 
|  30|0x0000000081e00000, 0x0000000081f00000, 0x0000000081f00000|100%|HC|  |TAMS 0x0000000081f00000, 0x0000000081e00000| Complete 
|  31|0x0000000081f00000, 0x0000000082000000, 0x0000000082000000|100%| O|  |TAMS 0x0000000082000000, 0x0000000081f00000| Untracked 
|  32|0x0000000082000000, 0x0000000082100000, 0x0000000082100000|100%| O|  |TAMS 0x0000000082100000, 0x0000000082000000| Untracked 
|  33|0x0000000082100000, 0x0000000082200000, 0x0000000082200000|100%| O|  |TAMS 0x0000000082200000, 0x0000000082100000| Untracked 
|  34|0x0000000082200000, 0x0000000082300000, 0x0000000082300000|100%| O|  |TAMS 0x0000000082300000, 0x0000000082200000| Untracked 
|  35|0x0000000082300000, 0x0000000082400000, 0x0000000082400000|100%| O|  |TAMS 0x0000000082400000, 0x0000000082300000| Untracked 
|  36|0x0000000082400000, 0x0000000082500000, 0x0000000082500000|100%| O|  |TAMS 0x0000000082500000, 0x0000000082400000| Untracked 
|  37|0x0000000082500000, 0x0000000082600000, 0x0000000082600000|100%| O|  |TAMS 0x0000000082600000, 0x0000000082500000| Untracked 
|  38|0x0000000082600000, 0x0000000082700000, 0x0000000082700000|100%| O|  |TAMS 0x0000000082700000, 0x0000000082600000| Untracked 
|  39|0x0000000082700000, 0x0000000082800000, 0x0000000082800000|100%| O|  |TAMS 0x0000000082800000, 0x0000000082700000| Untracked 
|  40|0x0000000082800000, 0x0000000082900000, 0x0000000082900000|100%| O|  |TAMS 0x0000000082900000, 0x0000000082800000| Untracked 
|  41|0x0000000082900000, 0x0000000082a00000, 0x0000000082a00000|100%|HS|  |TAMS 0x0000000082a00000, 0x0000000082900000| Complete 
|  42|0x0000000082a00000, 0x0000000082b00000, 0x0000000082b00000|100%|HS|  |TAMS 0x0000000082b00000, 0x0000000082a00000| Complete 
|  43|0x0000000082b00000, 0x0000000082c00000, 0x0000000082c00000|100%|HS|  |TAMS 0x0000000082c00000, 0x0000000082b00000| Complete 
|  44|0x0000000082c00000, 0x0000000082d00000, 0x0000000082d00000|100%|HC|  |TAMS 0x0000000082d00000, 0x0000000082c00000| Complete 
|  45|0x0000000082d00000, 0x0000000082e00000, 0x0000000082e00000|100%| O|  |TAMS 0x0000000082e00000, 0x0000000082d00000| Untracked 
|  46|0x0000000082e00000, 0x0000000082f00000, 0x0000000082f00000|100%| O|  |TAMS 0x0000000082f00000, 0x0000000082e00000| Untracked 
|  47|0x0000000082f00000, 0x0000000083000000, 0x0000000083000000|100%| O|  |TAMS 0x0000000083000000, 0x0000000082f00000| Untracked 
|  48|0x0000000083000000, 0x0000000083100000, 0x0000000083100000|100%| O|  |TAMS 0x0000000083100000, 0x0000000083000000| Untracked 
|  49|0x0000000083100000, 0x0000000083200000, 0x0000000083200000|100%| O|  |TAMS 0x0000000083200000, 0x0000000083100000| Untracked 
|  50|0x0000000083200000, 0x0000000083300000, 0x0000000083300000|100%| O|  |TAMS 0x0000000083300000, 0x0000000083200000| Untracked 
|  51|0x0000000083300000, 0x0000000083400000, 0x0000000083400000|100%| O|  |TAMS 0x0000000083400000, 0x0000000083300000| Untracked 
|  52|0x0000000083400000, 0x0000000083500000, 0x0000000083500000|100%| O|  |TAMS 0x0000000083500000, 0x0000000083400000| Untracked 
|  53|0x0000000083500000, 0x0000000083600000, 0x0000000083600000|100%| O|  |TAMS 0x0000000083600000, 0x0000000083500000| Untracked 
|  54|0x0000000083600000, 0x0000000083700000, 0x0000000083700000|100%| O|  |TAMS 0x0000000083700000, 0x0000000083600000| Untracked 
|  55|0x0000000083700000, 0x0000000083800000, 0x0000000083800000|100%| O|  |TAMS 0x0000000083800000, 0x0000000083700000| Untracked 
|  56|0x0000000083800000, 0x0000000083900000, 0x0000000083900000|100%| O|  |TAMS 0x0000000083900000, 0x0000000083800000| Untracked 
|  57|0x0000000083900000, 0x0000000083a00000, 0x0000000083a00000|100%| O|  |TAMS 0x0000000083a00000, 0x0000000083900000| Untracked 
|  58|0x0000000083a00000, 0x0000000083b00000, 0x0000000083b00000|100%| O|  |TAMS 0x0000000083b00000, 0x0000000083a00000| Untracked 
|  59|0x0000000083b00000, 0x0000000083c00000, 0x0000000083c00000|100%| O|  |TAMS 0x0000000083c00000, 0x0000000083b00000| Untracked 
|  60|0x0000000083c00000, 0x0000000083d00000, 0x0000000083d00000|100%| O|  |TAMS 0x0000000083d00000, 0x0000000083c00000| Untracked 
|  61|0x0000000083d00000, 0x0000000083e00000, 0x0000000083e00000|100%| O|  |TAMS 0x0000000083e00000, 0x0000000083d00000| Untracked 
|  62|0x0000000083e00000, 0x0000000083f00000, 0x0000000083f00000|100%| O|  |TAMS 0x0000000083f00000, 0x0000000083e00000| Untracked 
|  63|0x0000000083f00000, 0x0000000084000000, 0x0000000084000000|100%| O|  |TAMS 0x0000000084000000, 0x0000000083f00000| Untracked 
|  64|0x0000000084000000, 0x0000000084100000, 0x0000000084100000|100%| O|  |TAMS 0x0000000084100000, 0x0000000084000000| Untracked 
|  65|0x0000000084100000, 0x0000000084200000, 0x0000000084200000|100%| O|  |TAMS 0x0000000084200000, 0x0000000084100000| Untracked 
|  66|0x0000000084200000, 0x0000000084300000, 0x0000000084300000|100%| O|  |TAMS 0x0000000084300000, 0x0000000084200000| Untracked 
|  67|0x0000000084300000, 0x0000000084400000, 0x0000000084400000|100%| O|  |TAMS 0x0000000084400000, 0x0000000084300000| Untracked 
|  68|0x0000000084400000, 0x0000000084500000, 0x0000000084500000|100%| O|  |TAMS 0x0000000084500000, 0x0000000084400000| Untracked 
|  69|0x0000000084500000, 0x0000000084600000, 0x0000000084600000|100%| O|  |TAMS 0x0000000084600000, 0x0000000084500000| Untracked 
|  70|0x0000000084600000, 0x0000000084700000, 0x0000000084700000|100%| O|  |TAMS 0x0000000084700000, 0x0000000084600000| Untracked 
|  71|0x0000000084700000, 0x0000000084800000, 0x0000000084800000|100%| O|  |TAMS 0x0000000084800000, 0x0000000084700000| Untracked 
|  72|0x0000000084800000, 0x0000000084900000, 0x0000000084900000|100%| O|  |TAMS 0x0000000084900000, 0x0000000084800000| Untracked 
|  73|0x0000000084900000, 0x0000000084a00000, 0x0000000084a00000|100%| O|  |TAMS 0x0000000084a00000, 0x0000000084900000| Untracked 
|  74|0x0000000084a00000, 0x0000000084b00000, 0x0000000084b00000|100%| O|  |TAMS 0x0000000084b00000, 0x0000000084a00000| Untracked 
|  75|0x0000000084b00000, 0x0000000084c00000, 0x0000000084c00000|100%| O|  |TAMS 0x0000000084c00000, 0x0000000084b00000| Untracked 
|  76|0x0000000084c00000, 0x0000000084d00000, 0x0000000084d00000|100%| O|  |TAMS 0x0000000084d00000, 0x0000000084c00000| Untracked 
|  77|0x0000000084d00000, 0x0000000084e00000, 0x0000000084e00000|100%| O|  |TAMS 0x0000000084e00000, 0x0000000084d00000| Untracked 
|  78|0x0000000084e00000, 0x0000000084f00000, 0x0000000084f00000|100%| O|  |TAMS 0x0000000084f00000, 0x0000000084e00000| Untracked 
|  79|0x0000000084f00000, 0x0000000085000000, 0x0000000085000000|100%| O|  |TAMS 0x0000000085000000, 0x0000000084f00000| Untracked 
|  80|0x0000000085000000, 0x0000000085100000, 0x0000000085100000|100%| O|  |TAMS 0x0000000085100000, 0x0000000085000000| Untracked 
|  81|0x0000000085100000, 0x0000000085200000, 0x0000000085200000|100%| O|  |TAMS 0x0000000085200000, 0x0000000085100000| Untracked 
|  82|0x0000000085200000, 0x0000000085300000, 0x0000000085300000|100%| O|  |TAMS 0x0000000085300000, 0x0000000085200000| Untracked 
|  83|0x0000000085300000, 0x0000000085400000, 0x0000000085400000|100%| O|  |TAMS 0x0000000085400000, 0x0000000085300000| Untracked 
|  84|0x0000000085400000, 0x0000000085500000, 0x0000000085500000|100%| O|  |TAMS 0x0000000085500000, 0x0000000085400000| Untracked 
|  85|0x0000000085500000, 0x0000000085600000, 0x0000000085600000|100%| O|  |TAMS 0x0000000085600000, 0x0000000085500000| Untracked 
|  86|0x0000000085600000, 0x0000000085700000, 0x0000000085700000|100%| O|  |TAMS 0x0000000085700000, 0x0000000085600000| Untracked 
|  87|0x0000000085700000, 0x0000000085800000, 0x0000000085800000|100%| O|  |TAMS 0x0000000085800000, 0x0000000085700000| Untracked 
|  88|0x0000000085800000, 0x0000000085900000, 0x0000000085900000|100%| O|  |TAMS 0x0000000085900000, 0x0000000085800000| Untracked 
|  89|0x0000000085900000, 0x0000000085a00000, 0x0000000085a00000|100%| O|  |TAMS 0x0000000085a00000, 0x0000000085900000| Untracked 
|  90|0x0000000085a00000, 0x0000000085b00000, 0x0000000085b00000|100%| O|  |TAMS 0x0000000085b00000, 0x0000000085a00000| Untracked 
|  91|0x0000000085b00000, 0x0000000085c00000, 0x0000000085c00000|100%| O|  |TAMS 0x0000000085c00000, 0x0000000085b00000| Untracked 
|  92|0x0000000085c00000, 0x0000000085d00000, 0x0000000085d00000|100%|HS|  |TAMS 0x0000000085d00000, 0x0000000085c00000| Complete 
|  93|0x0000000085d00000, 0x0000000085e00000, 0x0000000085e00000|100%|HC|  |TAMS 0x0000000085e00000, 0x0000000085d00000| Complete 
|  94|0x0000000085e00000, 0x0000000085f00000, 0x0000000085f00000|100%| O|  |TAMS 0x0000000085f00000, 0x0000000085e00000| Untracked 
|  95|0x0000000085f00000, 0x0000000086000000, 0x0000000086000000|100%| O|  |TAMS 0x0000000086000000, 0x0000000085f00000| Untracked 
|  96|0x0000000086000000, 0x0000000086100000, 0x0000000086100000|100%| O|  |TAMS 0x0000000086100000, 0x0000000086000000| Untracked 
|  97|0x0000000086100000, 0x0000000086200000, 0x0000000086200000|100%| O|  |TAMS 0x0000000086200000, 0x0000000086100000| Untracked 
|  98|0x0000000086200000, 0x0000000086300000, 0x0000000086300000|100%| O|  |TAMS 0x0000000086300000, 0x0000000086200000| Untracked 
|  99|0x0000000086300000, 0x0000000086400000, 0x0000000086400000|100%| O|  |TAMS 0x0000000086400000, 0x0000000086300000| Untracked 
| 100|0x0000000086400000, 0x0000000086500000, 0x0000000086500000|100%| O|  |TAMS 0x0000000086500000, 0x0000000086400000| Untracked 
| 101|0x0000000086500000, 0x0000000086600000, 0x0000000086600000|100%| O|  |TAMS 0x0000000086600000, 0x0000000086500000| Untracked 
| 102|0x0000000086600000, 0x0000000086700000, 0x0000000086700000|100%| O|  |TAMS 0x0000000086700000, 0x0000000086600000| Untracked 
| 103|0x0000000086700000, 0x0000000086800000, 0x0000000086800000|100%| O|  |TAMS 0x0000000086800000, 0x0000000086700000| Untracked 
| 104|0x0000000086800000, 0x0000000086900000, 0x0000000086900000|100%| O|  |TAMS 0x0000000086900000, 0x0000000086800000| Untracked 
| 105|0x0000000086900000, 0x0000000086a00000, 0x0000000086a00000|100%| O|  |TAMS 0x0000000086a00000, 0x0000000086900000| Untracked 
| 106|0x0000000086a00000, 0x0000000086b00000, 0x0000000086b00000|100%| O|  |TAMS 0x0000000086b00000, 0x0000000086a00000| Untracked 
| 107|0x0000000086b00000, 0x0000000086c00000, 0x0000000086c00000|100%| O|  |TAMS 0x0000000086c00000, 0x0000000086b00000| Untracked 
| 108|0x0000000086c00000, 0x0000000086d00000, 0x0000000086d00000|100%| O|  |TAMS 0x0000000086d00000, 0x0000000086c00000| Untracked 
| 109|0x0000000086d00000, 0x0000000086e00000, 0x0000000086e00000|100%| O|  |TAMS 0x0000000086e00000, 0x0000000086d00000| Untracked 
| 110|0x0000000086e00000, 0x0000000086f00000, 0x0000000086f00000|100%| O|  |TAMS 0x0000000086f00000, 0x0000000086e00000| Untracked 
| 111|0x0000000086f00000, 0x0000000087000000, 0x0000000087000000|100%| O|  |TAMS 0x0000000087000000, 0x0000000086f00000| Untracked 
| 112|0x0000000087000000, 0x0000000087100000, 0x0000000087100000|100%| O|  |TAMS 0x0000000087100000, 0x0000000087000000| Untracked 
| 113|0x0000000087100000, 0x0000000087200000, 0x0000000087200000|100%| O|  |TAMS 0x0000000087200000, 0x0000000087100000| Untracked 
| 114|0x0000000087200000, 0x0000000087300000, 0x0000000087300000|100%| O|  |TAMS 0x0000000087300000, 0x0000000087200000| Untracked 
| 115|0x0000000087300000, 0x0000000087400000, 0x0000000087400000|100%| O|  |TAMS 0x0000000087400000, 0x0000000087300000| Untracked 
| 116|0x0000000087400000, 0x0000000087500000, 0x0000000087500000|100%| O|  |TAMS 0x0000000087500000, 0x0000000087400000| Untracked 
| 117|0x0000000087500000, 0x0000000087600000, 0x0000000087600000|100%| O|  |TAMS 0x0000000087600000, 0x0000000087500000| Untracked 
| 118|0x0000000087600000, 0x0000000087700000, 0x0000000087700000|100%| O|  |TAMS 0x0000000087700000, 0x0000000087600000| Untracked 
| 119|0x0000000087700000, 0x0000000087800000, 0x0000000087800000|100%| O|  |TAMS 0x0000000087800000, 0x0000000087700000| Untracked 
| 120|0x0000000087800000, 0x0000000087900000, 0x0000000087900000|100%| O|  |TAMS 0x0000000087900000, 0x0000000087800000| Untracked 
| 121|0x0000000087900000, 0x0000000087a00000, 0x0000000087a00000|100%| O|  |TAMS 0x0000000087a00000, 0x0000000087900000| Untracked 
| 122|0x0000000087a00000, 0x0000000087b00000, 0x0000000087b00000|100%| O|  |TAMS 0x0000000087b00000, 0x0000000087a00000| Untracked 
| 123|0x0000000087b00000, 0x0000000087c00000, 0x0000000087c00000|100%| O|  |TAMS 0x0000000087c00000, 0x0000000087b00000| Untracked 
| 124|0x0000000087c00000, 0x0000000087d00000, 0x0000000087d00000|100%| O|  |TAMS 0x0000000087d00000, 0x0000000087c00000| Untracked 
| 125|0x0000000087d00000, 0x0000000087e00000, 0x0000000087e00000|100%| O|  |TAMS 0x0000000087e00000, 0x0000000087d00000| Untracked 
| 126|0x0000000087e00000, 0x0000000087f00000, 0x0000000087f00000|100%| O|  |TAMS 0x0000000087f00000, 0x0000000087e00000| Untracked 
| 127|0x0000000087f00000, 0x0000000088000000, 0x0000000088000000|100%| O|  |TAMS 0x0000000088000000, 0x0000000087f00000| Untracked 
| 128|0x0000000088000000, 0x0000000088100000, 0x0000000088100000|100%| O|  |TAMS 0x0000000088100000, 0x0000000088000000| Untracked 
| 129|0x0000000088100000, 0x0000000088200000, 0x0000000088200000|100%| O|  |TAMS 0x0000000088200000, 0x0000000088100000| Untracked 
| 130|0x0000000088200000, 0x0000000088300000, 0x0000000088300000|100%| O|  |TAMS 0x0000000088300000, 0x0000000088200000| Untracked 
| 131|0x0000000088300000, 0x0000000088400000, 0x0000000088400000|100%| O|  |TAMS 0x0000000088400000, 0x0000000088300000| Untracked 
| 132|0x0000000088400000, 0x0000000088500000, 0x0000000088500000|100%| O|  |TAMS 0x0000000088500000, 0x0000000088400000| Untracked 
| 133|0x0000000088500000, 0x0000000088600000, 0x0000000088600000|100%| O|  |TAMS 0x0000000088600000, 0x0000000088500000| Untracked 
| 134|0x0000000088600000, 0x0000000088700000, 0x0000000088700000|100%| O|  |TAMS 0x0000000088700000, 0x0000000088600000| Untracked 
| 135|0x0000000088700000, 0x0000000088800000, 0x0000000088800000|100%| O|  |TAMS 0x0000000088800000, 0x0000000088700000| Untracked 
| 136|0x0000000088800000, 0x0000000088900000, 0x0000000088900000|100%| O|  |TAMS 0x0000000088900000, 0x0000000088800000| Untracked 
| 137|0x0000000088900000, 0x0000000088a00000, 0x0000000088a00000|100%| O|  |TAMS 0x0000000088a00000, 0x0000000088900000| Untracked 
| 138|0x0000000088a00000, 0x0000000088b00000, 0x0000000088b00000|100%| O|  |TAMS 0x0000000088b00000, 0x0000000088a00000| Untracked 
| 139|0x0000000088b00000, 0x0000000088c00000, 0x0000000088c00000|100%| O|  |TAMS 0x0000000088b19600, 0x0000000088b00000| Untracked 
| 140|0x0000000088c00000, 0x0000000088d00000, 0x0000000088d00000|100%| O|  |TAMS 0x0000000088c00000, 0x0000000088c00000| Untracked 
| 141|0x0000000088d00000, 0x0000000088dfd400, 0x0000000088e00000| 98%| O|  |TAMS 0x0000000088d00000, 0x0000000088d00000| Untracked 
| 142|0x0000000088e00000, 0x0000000088e00000, 0x0000000088f00000|  0%| F|  |TAMS 0x0000000088e00000, 0x0000000088e00000| Untracked 
| 143|0x0000000088f00000, 0x0000000088f00000, 0x0000000089000000|  0%| F|  |TAMS 0x0000000088f00000, 0x0000000088f00000| Untracked 
| 144|0x0000000089000000, 0x0000000089000000, 0x0000000089100000|  0%| F|  |TAMS 0x0000000089000000, 0x0000000089000000| Untracked 
| 145|0x0000000089100000, 0x0000000089100000, 0x0000000089200000|  0%| F|  |TAMS 0x0000000089100000, 0x0000000089100000| Untracked 
| 146|0x0000000089200000, 0x0000000089200000, 0x0000000089300000|  0%| F|  |TAMS 0x0000000089200000, 0x0000000089200000| Untracked 
| 147|0x0000000089300000, 0x0000000089300000, 0x0000000089400000|  0%| F|  |TAMS 0x0000000089300000, 0x0000000089300000| Untracked 
| 148|0x0000000089400000, 0x0000000089400000, 0x0000000089500000|  0%| F|  |TAMS 0x0000000089400000, 0x0000000089400000| Untracked 
| 149|0x0000000089500000, 0x0000000089500000, 0x0000000089600000|  0%| F|  |TAMS 0x0000000089500000, 0x0000000089500000| Untracked 
| 150|0x0000000089600000, 0x0000000089600000, 0x0000000089700000|  0%| F|  |TAMS 0x0000000089600000, 0x0000000089600000| Untracked 
| 151|0x0000000089700000, 0x0000000089700000, 0x0000000089800000|  0%| F|  |TAMS 0x0000000089700000, 0x0000000089700000| Untracked 
| 152|0x0000000089800000, 0x0000000089800000, 0x0000000089900000|  0%| F|  |TAMS 0x0000000089800000, 0x0000000089800000| Untracked 
| 153|0x0000000089900000, 0x0000000089900000, 0x0000000089a00000|  0%| F|  |TAMS 0x0000000089900000, 0x0000000089900000| Untracked 
| 154|0x0000000089a00000, 0x0000000089a00000, 0x0000000089b00000|  0%| F|  |TAMS 0x0000000089a00000, 0x0000000089a00000| Untracked 
| 155|0x0000000089b00000, 0x0000000089b00000, 0x0000000089c00000|  0%| F|  |TAMS 0x0000000089b00000, 0x0000000089b00000| Untracked 
| 156|0x0000000089c00000, 0x0000000089c00000, 0x0000000089d00000|  0%| F|  |TAMS 0x0000000089c00000, 0x0000000089c00000| Untracked 
| 157|0x0000000089d00000, 0x0000000089d00000, 0x0000000089e00000|  0%| F|  |TAMS 0x0000000089d00000, 0x0000000089d00000| Untracked 
| 158|0x0000000089e00000, 0x0000000089e00000, 0x0000000089f00000|  0%| F|  |TAMS 0x0000000089e00000, 0x0000000089e00000| Untracked 
| 159|0x0000000089f00000, 0x0000000089f00000, 0x000000008a000000|  0%| F|  |TAMS 0x0000000089f00000, 0x0000000089f00000| Untracked 
| 160|0x000000008a000000, 0x000000008a000000, 0x000000008a100000|  0%| F|  |TAMS 0x000000008a000000, 0x000000008a000000| Untracked 
| 161|0x000000008a100000, 0x000000008a100000, 0x000000008a200000|  0%| F|  |TAMS 0x000000008a100000, 0x000000008a100000| Untracked 
| 162|0x000000008a200000, 0x000000008a200000, 0x000000008a300000|  0%| F|  |TAMS 0x000000008a200000, 0x000000008a200000| Untracked 
| 163|0x000000008a300000, 0x000000008a300000, 0x000000008a400000|  0%| F|  |TAMS 0x000000008a300000, 0x000000008a300000| Untracked 
| 164|0x000000008a400000, 0x000000008a400000, 0x000000008a500000|  0%| F|  |TAMS 0x000000008a400000, 0x000000008a400000| Untracked 
| 165|0x000000008a500000, 0x000000008a500000, 0x000000008a600000|  0%| F|  |TAMS 0x000000008a500000, 0x000000008a500000| Untracked 
| 166|0x000000008a600000, 0x000000008a600000, 0x000000008a700000|  0%| F|  |TAMS 0x000000008a600000, 0x000000008a600000| Untracked 
| 167|0x000000008a700000, 0x000000008a700000, 0x000000008a800000|  0%| F|  |TAMS 0x000000008a700000, 0x000000008a700000| Untracked 
| 168|0x000000008a800000, 0x000000008a800000, 0x000000008a900000|  0%| F|  |TAMS 0x000000008a800000, 0x000000008a800000| Untracked 
| 169|0x000000008a900000, 0x000000008a900000, 0x000000008aa00000|  0%| F|  |TAMS 0x000000008a900000, 0x000000008a900000| Untracked 
| 170|0x000000008aa00000, 0x000000008aa00000, 0x000000008ab00000|  0%| F|  |TAMS 0x000000008aa00000, 0x000000008aa00000| Untracked 
| 171|0x000000008ab00000, 0x000000008ab00000, 0x000000008ac00000|  0%| F|  |TAMS 0x000000008ab00000, 0x000000008ab00000| Untracked 
| 172|0x000000008ac00000, 0x000000008ac00000, 0x000000008ad00000|  0%| F|  |TAMS 0x000000008ac00000, 0x000000008ac00000| Untracked 
| 173|0x000000008ad00000, 0x000000008ad00000, 0x000000008ae00000|  0%| F|  |TAMS 0x000000008ad00000, 0x000000008ad00000| Untracked 
| 174|0x000000008ae00000, 0x000000008ae00000, 0x000000008af00000|  0%| F|  |TAMS 0x000000008ae00000, 0x000000008ae00000| Untracked 
| 175|0x000000008af00000, 0x000000008af00000, 0x000000008b000000|  0%| F|  |TAMS 0x000000008af00000, 0x000000008af00000| Untracked 
| 176|0x000000008b000000, 0x000000008b000000, 0x000000008b100000|  0%| F|  |TAMS 0x000000008b000000, 0x000000008b000000| Untracked 
| 177|0x000000008b100000, 0x000000008b100000, 0x000000008b200000|  0%| F|  |TAMS 0x000000008b100000, 0x000000008b100000| Untracked 
| 178|0x000000008b200000, 0x000000008b200000, 0x000000008b300000|  0%| F|  |TAMS 0x000000008b200000, 0x000000008b200000| Untracked 
| 179|0x000000008b300000, 0x000000008b300000, 0x000000008b400000|  0%| F|  |TAMS 0x000000008b300000, 0x000000008b300000| Untracked 
| 180|0x000000008b400000, 0x000000008b400000, 0x000000008b500000|  0%| F|  |TAMS 0x000000008b400000, 0x000000008b400000| Untracked 
| 181|0x000000008b500000, 0x000000008b500000, 0x000000008b600000|  0%| F|  |TAMS 0x000000008b500000, 0x000000008b500000| Untracked 
| 182|0x000000008b600000, 0x000000008b600000, 0x000000008b700000|  0%| F|  |TAMS 0x000000008b600000, 0x000000008b600000| Untracked 
| 183|0x000000008b700000, 0x000000008b700000, 0x000000008b800000|  0%| F|  |TAMS 0x000000008b700000, 0x000000008b700000| Untracked 
| 184|0x000000008b800000, 0x000000008b800000, 0x000000008b900000|  0%| F|  |TAMS 0x000000008b800000, 0x000000008b800000| Untracked 
| 185|0x000000008b900000, 0x000000008b900000, 0x000000008ba00000|  0%| F|  |TAMS 0x000000008b900000, 0x000000008b900000| Untracked 
| 186|0x000000008ba00000, 0x000000008ba00000, 0x000000008bb00000|  0%| F|  |TAMS 0x000000008ba00000, 0x000000008ba00000| Untracked 
| 187|0x000000008bb00000, 0x000000008bb00000, 0x000000008bc00000|  0%| F|  |TAMS 0x000000008bb00000, 0x000000008bb00000| Untracked 
| 188|0x000000008bc00000, 0x000000008bc00000, 0x000000008bd00000|  0%| F|  |TAMS 0x000000008bc00000, 0x000000008bc00000| Untracked 
| 189|0x000000008bd00000, 0x000000008bd00000, 0x000000008be00000|  0%| F|  |TAMS 0x000000008bd00000, 0x000000008bd00000| Untracked 
| 190|0x000000008be00000, 0x000000008be00000, 0x000000008bf00000|  0%| F|  |TAMS 0x000000008be00000, 0x000000008be00000| Untracked 
| 191|0x000000008bf00000, 0x000000008bf00000, 0x000000008c000000|  0%| F|  |TAMS 0x000000008bf00000, 0x000000008bf00000| Untracked 
| 192|0x000000008c000000, 0x000000008c000000, 0x000000008c100000|  0%| F|  |TAMS 0x000000008c000000, 0x000000008c000000| Untracked 
| 193|0x000000008c100000, 0x000000008c100000, 0x000000008c200000|  0%| F|  |TAMS 0x000000008c100000, 0x000000008c100000| Untracked 
| 194|0x000000008c200000, 0x000000008c200000, 0x000000008c300000|  0%| F|  |TAMS 0x000000008c200000, 0x000000008c200000| Untracked 
| 195|0x000000008c300000, 0x000000008c300000, 0x000000008c400000|  0%| F|  |TAMS 0x000000008c300000, 0x000000008c300000| Untracked 
| 196|0x000000008c400000, 0x000000008c400000, 0x000000008c500000|  0%| F|  |TAMS 0x000000008c400000, 0x000000008c400000| Untracked 
| 197|0x000000008c500000, 0x000000008c500000, 0x000000008c600000|  0%| F|  |TAMS 0x000000008c500000, 0x000000008c500000| Untracked 
| 198|0x000000008c600000, 0x000000008c600000, 0x000000008c700000|  0%| F|  |TAMS 0x000000008c600000, 0x000000008c600000| Untracked 
| 199|0x000000008c700000, 0x000000008c700000, 0x000000008c800000|  0%| F|  |TAMS 0x000000008c700000, 0x000000008c700000| Untracked 
| 200|0x000000008c800000, 0x000000008c800000, 0x000000008c900000|  0%| F|  |TAMS 0x000000008c800000, 0x000000008c800000| Untracked 
| 201|0x000000008c900000, 0x000000008c974900, 0x000000008ca00000| 45%| S|CS|TAMS 0x000000008c900000, 0x000000008c900000| Complete 
| 202|0x000000008ca00000, 0x000000008cb00000, 0x000000008cb00000|100%| S|CS|TAMS 0x000000008ca00000, 0x000000008ca00000| Complete 
| 203|0x000000008cb00000, 0x000000008cb00000, 0x000000008cc00000|  0%| F|  |TAMS 0x000000008cb00000, 0x000000008cb00000| Untracked 
| 204|0x000000008cc00000, 0x000000008cc00000, 0x000000008cd00000|  0%| F|  |TAMS 0x000000008cc00000, 0x000000008cc00000| Untracked 
| 205|0x000000008cd00000, 0x000000008cd00000, 0x000000008ce00000|  0%| F|  |TAMS 0x000000008cd00000, 0x000000008cd00000| Untracked 
| 206|0x000000008ce00000, 0x000000008ce00000, 0x000000008cf00000|  0%| F|  |TAMS 0x000000008ce00000, 0x000000008ce00000| Untracked 
| 207|0x000000008cf00000, 0x000000008d000000, 0x000000008d000000|100%| E|CS|TAMS 0x000000008cf00000, 0x000000008cf00000| Complete 
| 208|0x000000008d000000, 0x000000008d100000, 0x000000008d100000|100%| E|CS|TAMS 0x000000008d000000, 0x000000008d000000| Complete 
| 209|0x000000008d100000, 0x000000008d200000, 0x000000008d200000|100%| S|CS|TAMS 0x000000008d100000, 0x000000008d100000| Complete 
| 210|0x000000008d200000, 0x000000008d300000, 0x000000008d300000|100%| S|CS|TAMS 0x000000008d200000, 0x000000008d200000| Complete 
| 211|0x000000008d300000, 0x000000008d400000, 0x000000008d400000|100%| S|CS|TAMS 0x000000008d300000, 0x000000008d300000| Complete 
| 212|0x000000008d400000, 0x000000008d500000, 0x000000008d500000|100%| S|CS|TAMS 0x000000008d400000, 0x000000008d400000| Complete 
| 213|0x000000008d500000, 0x000000008d600000, 0x000000008d600000|100%| E|  |TAMS 0x000000008d500000, 0x000000008d500000| Complete 
| 214|0x000000008d600000, 0x000000008d700000, 0x000000008d700000|100%| E|CS|TAMS 0x000000008d600000, 0x000000008d600000| Complete 
| 215|0x000000008d700000, 0x000000008d800000, 0x000000008d800000|100%| E|CS|TAMS 0x000000008d700000, 0x000000008d700000| Complete 
| 216|0x000000008d800000, 0x000000008d900000, 0x000000008d900000|100%| E|CS|TAMS 0x000000008d800000, 0x000000008d800000| Complete 
| 217|0x000000008d900000, 0x000000008da00000, 0x000000008da00000|100%| E|CS|TAMS 0x000000008d900000, 0x000000008d900000| Complete 
| 218|0x000000008da00000, 0x000000008db00000, 0x000000008db00000|100%| E|CS|TAMS 0x000000008da00000, 0x000000008da00000| Complete 
| 219|0x000000008db00000, 0x000000008dc00000, 0x000000008dc00000|100%| E|CS|TAMS 0x000000008db00000, 0x000000008db00000| Complete 
| 220|0x000000008dc00000, 0x000000008dd00000, 0x000000008dd00000|100%| E|CS|TAMS 0x000000008dc00000, 0x000000008dc00000| Complete 
| 221|0x000000008dd00000, 0x000000008de00000, 0x000000008de00000|100%| E|CS|TAMS 0x000000008dd00000, 0x000000008dd00000| Complete 
| 222|0x000000008de00000, 0x000000008df00000, 0x000000008df00000|100%| E|CS|TAMS 0x000000008de00000, 0x000000008de00000| Complete 
| 223|0x000000008df00000, 0x000000008e000000, 0x000000008e000000|100%| E|CS|TAMS 0x000000008df00000, 0x000000008df00000| Complete 
| 224|0x000000008e000000, 0x000000008e100000, 0x000000008e100000|100%| E|CS|TAMS 0x000000008e000000, 0x000000008e000000| Complete 
| 225|0x000000008e100000, 0x000000008e200000, 0x000000008e200000|100%| E|CS|TAMS 0x000000008e100000, 0x000000008e100000| Complete 
| 226|0x000000008e200000, 0x000000008e300000, 0x000000008e300000|100%| E|CS|TAMS 0x000000008e200000, 0x000000008e200000| Complete 
| 227|0x000000008e300000, 0x000000008e400000, 0x000000008e400000|100%| E|CS|TAMS 0x000000008e300000, 0x000000008e300000| Complete 
| 228|0x000000008e400000, 0x000000008e500000, 0x000000008e500000|100%| E|CS|TAMS 0x000000008e400000, 0x000000008e400000| Complete 
| 229|0x000000008e500000, 0x000000008e600000, 0x000000008e600000|100%| E|CS|TAMS 0x000000008e500000, 0x000000008e500000| Complete 
| 230|0x000000008e600000, 0x000000008e700000, 0x000000008e700000|100%| E|CS|TAMS 0x000000008e600000, 0x000000008e600000| Complete 
| 231|0x000000008e700000, 0x000000008e800000, 0x000000008e800000|100%| E|CS|TAMS 0x000000008e700000, 0x000000008e700000| Complete 
| 232|0x000000008e800000, 0x000000008e900000, 0x000000008e900000|100%| E|CS|TAMS 0x000000008e800000, 0x000000008e800000| Complete 
| 233|0x000000008e900000, 0x000000008ea00000, 0x000000008ea00000|100%| E|CS|TAMS 0x000000008e900000, 0x000000008e900000| Complete 
| 234|0x000000008ea00000, 0x000000008eb00000, 0x000000008eb00000|100%| E|CS|TAMS 0x000000008ea00000, 0x000000008ea00000| Complete 
| 235|0x000000008eb00000, 0x000000008ec00000, 0x000000008ec00000|100%| E|CS|TAMS 0x000000008eb00000, 0x000000008eb00000| Complete 
| 236|0x000000008ec00000, 0x000000008ed00000, 0x000000008ed00000|100%| E|CS|TAMS 0x000000008ec00000, 0x000000008ec00000| Complete 
| 237|0x000000008ed00000, 0x000000008ee00000, 0x000000008ee00000|100%| E|CS|TAMS 0x000000008ed00000, 0x000000008ed00000| Complete 
| 238|0x000000008ee00000, 0x000000008ef00000, 0x000000008ef00000|100%| E|CS|TAMS 0x000000008ee00000, 0x000000008ee00000| Complete 
| 239|0x000000008ef00000, 0x000000008f000000, 0x000000008f000000|100%| E|CS|TAMS 0x000000008ef00000, 0x000000008ef00000| Complete 
| 240|0x000000008f000000, 0x000000008f100000, 0x000000008f100000|100%| E|CS|TAMS 0x000000008f000000, 0x000000008f000000| Complete 
| 241|0x000000008f100000, 0x000000008f200000, 0x000000008f200000|100%| E|CS|TAMS 0x000000008f100000, 0x000000008f100000| Complete 
| 242|0x000000008f200000, 0x000000008f300000, 0x000000008f300000|100%| E|CS|TAMS 0x000000008f200000, 0x000000008f200000| Complete 
| 243|0x000000008f300000, 0x000000008f400000, 0x000000008f400000|100%| E|CS|TAMS 0x000000008f300000, 0x000000008f300000| Complete 
| 244|0x000000008f400000, 0x000000008f500000, 0x000000008f500000|100%| E|CS|TAMS 0x000000008f400000, 0x000000008f400000| Complete 
| 245|0x000000008f500000, 0x000000008f600000, 0x000000008f600000|100%| E|CS|TAMS 0x000000008f500000, 0x000000008f500000| Complete 
| 246|0x000000008f600000, 0x000000008f700000, 0x000000008f700000|100%| E|CS|TAMS 0x000000008f600000, 0x000000008f600000| Complete 
| 247|0x000000008f700000, 0x000000008f800000, 0x000000008f800000|100%| E|CS|TAMS 0x000000008f700000, 0x000000008f700000| Complete 
| 248|0x000000008f800000, 0x000000008f900000, 0x000000008f900000|100%| E|CS|TAMS 0x000000008f800000, 0x000000008f800000| Complete 
| 249|0x000000008f900000, 0x000000008fa00000, 0x000000008fa00000|100%| E|CS|TAMS 0x000000008f900000, 0x000000008f900000| Complete 
| 250|0x000000008fa00000, 0x000000008fb00000, 0x000000008fb00000|100%| E|CS|TAMS 0x000000008fa00000, 0x000000008fa00000| Complete 
| 251|0x000000008fb00000, 0x000000008fc00000, 0x000000008fc00000|100%| E|CS|TAMS 0x000000008fb00000, 0x000000008fb00000| Complete 

Card table byte_map: [0x000001f3a6730000,0x000001f3a6b30000] _byte_map_base: 0x000001f3a6330000

Marking Bits (Prev, Next): (CMBitMap*) 0x000001f38ec12c90, (CMBitMap*) 0x000001f38ec12c58
 Prev Bits: [0x000001f3a8f30000, 0x000001f3aaf30000)
 Next Bits: [0x000001f3a6f30000, 0x000001f3a8f30000)

Polling page: 0x000001f38e3b0000

Metaspace:

Usage:
  Non-class:     94.50 MB capacity,    92.57 MB ( 98%) used,     1.58 MB (  2%) free+waste,   356.13 KB ( <1%) overhead. 
      Class:     15.11 MB capacity,    13.86 MB ( 92%) used,     1.09 MB (  7%) free+waste,   163.69 KB (  1%) overhead. 
       Both:    109.61 MB capacity,   106.43 MB ( 97%) used,     2.67 MB (  2%) free+waste,   519.81 KB ( <1%) overhead. 

Virtual space:
  Non-class space:       96.00 MB reserved,      94.51 MB ( 98%) committed 
      Class space:      504.00 MB reserved,      15.13 MB (  3%) committed 
             Both:      600.00 MB reserved,     109.63 MB ( 18%) committed 

Chunk freelists:
   Non-Class:  10.00 KB
       Class:  0 bytes
        Both:  10.00 KB

MaxMetaspaceSize: 512.00 MB
CompressedClassSpaceSize: 504.00 MB
Initial GC threshold: 20.80 MB
Current GC threshold: 182.30 MB
CDS: off

CodeHeap 'non-profiled nmethods': size=120064Kb used=9051Kb max_used=9051Kb free=111012Kb
 bounds [0x000001f39edf0000, 0x000001f39f6d0000, 0x000001f3a6330000]
CodeHeap 'profiled nmethods': size=120000Kb used=33998Kb max_used=33998Kb free=86001Kb
 bounds [0x000001f3978c0000, 0x000001f399a00000, 0x000001f39edf0000]
CodeHeap 'non-nmethods': size=5696Kb used=2410Kb max_used=2483Kb free=3285Kb
 bounds [0x000001f397330000, 0x000001f3975a0000, 0x000001f3978c0000]
 total_blobs=15416 nmethods=14477 adapters=850
 compilation: enabled
              stopped_count=0, restarted_count=0
 full_count=0

Compilation events (20 events):
Event: 59.027 Thread 0x000001f3add65800 14573       3       com.android.tools.r8.internal.m4::d (9 bytes)
Event: 59.027 Thread 0x000001f3add65800 nmethod 14573 0x000001f3999cfd10 code [0x000001f3999cfec0, 0x000001f3999d0018]
Event: 59.027 Thread 0x000001f3add65800 14572       3       com.android.tools.r8.internal.Sq::<init> (5 bytes)
Event: 59.027 Thread 0x000001f3add65800 nmethod 14572 0x000001f3999d0090 code [0x000001f3999d0240, 0x000001f3999d0398]
Event: 59.027 Thread 0x000001f3add65800 14574       3       com.android.tools.r8.graph.i0::<init> (5 bytes)
Event: 59.027 Thread 0x000001f3add65800 nmethod 14574 0x000001f3999d0490 code [0x000001f3999d0640, 0x000001f3999d07f8]
Event: 59.027 Thread 0x000001f3add65800 14575       3       com.android.tools.r8.graph.i0$b::h (2 bytes)
Event: 59.027 Thread 0x000001f3add64000 nmethod 14547 0x000001f39f6c2710 code [0x000001f39f6c2920, 0x000001f39f6c3668]
Event: 59.028 Thread 0x000001f3add65800 nmethod 14575 0x000001f3999d0910 code [0x000001f3999d0ac0, 0x000001f3999d0bb8]
Event: 59.028 Thread 0x000001f3add65800 14576       3       com.android.tools.r8.internal.Gg::R1 (5 bytes)
Event: 59.028 Thread 0x000001f3add65800 nmethod 14576 0x000001f3999d0c90 code [0x000001f3999d0e40, 0x000001f3999d1038]
Event: 59.028 Thread 0x000001f3add65800 14613       1       com.android.tools.r8.internal.zg::a2 (3 bytes)
Event: 59.028 Thread 0x000001f3add64000 14616       4       com.android.tools.r8.graph.c0::a (89 bytes)
Event: 59.028 Thread 0x000001f3add65800 nmethod 14613 0x000001f39f6c3d90 code [0x000001f39f6c3f40, 0x000001f39f6c3ff8]
Event: 59.028 Thread 0x000001f3add65800 14569       3       com.android.tools.r8.graph.J::<init> (45 bytes)
Event: 59.028 Thread 0x000001f3add65800 nmethod 14569 0x000001f3999d1110 code [0x000001f3999d12e0, 0x000001f3999d1608]
Event: 59.028 Thread 0x000001f3add65800 14570       3       com.android.tools.r8.graph.J::F (27 bytes)
Event: 59.029 Thread 0x000001f3add65800 nmethod 14570 0x000001f3999d1710 code [0x000001f3999d18e0, 0x000001f3999d1a78]
Event: 59.029 Thread 0x000001f3add65800 14612       1       com.android.tools.r8.internal.z1::V0 (2 bytes)
Event: 59.029 Thread 0x000001f3add65800 nmethod 14612 0x000001f39f6c4090 code [0x000001f39f6c4240, 0x000001f39f6c42f8]

GC Heap History (20 events):
Event: 54.694 GC heap before
{Heap before GC invocations=40 (full 0):
 garbage-first heap   total 157696K, used 132718K [0x0000000080000000, 0x0000000100000000)
  region size 1024K, 15 young (15360K), 3 survivors (3072K)
 Metaspace       used 101437K, capacity 104423K, committed 104712K, reserved 608256K
  class space    used 13143K, capacity 14299K, committed 14336K, reserved 516096K
}
Event: 54.714 GC heap after
{Heap after GC invocations=41 (full 0):
 garbage-first heap   total 157696K, used 123441K [0x0000000080000000, 0x0000000100000000)
  region size 1024K, 2 young (2048K), 2 survivors (2048K)
 Metaspace       used 101437K, capacity 104423K, committed 104712K, reserved 608256K
  class space    used 13143K, capacity 14299K, committed 14336K, reserved 516096K
}
Event: 54.914 GC heap before
{Heap before GC invocations=42 (full 0):
 garbage-first heap   total 157696K, used 134705K [0x0000000080000000, 0x0000000100000000)
  region size 1024K, 13 young (13312K), 2 survivors (2048K)
 Metaspace       used 102010K, capacity 104946K, committed 105096K, reserved 608256K
  class space    used 13212K, capacity 14366K, committed 14464K, reserved 516096K
}
Event: 54.927 GC heap after
{Heap after GC invocations=43 (full 0):
 garbage-first heap   total 157696K, used 126328K [0x0000000080000000, 0x0000000100000000)
  region size 1024K, 2 young (2048K), 2 survivors (2048K)
 Metaspace       used 102010K, capacity 104946K, committed 105096K, reserved 608256K
  class space    used 13212K, capacity 14366K, committed 14464K, reserved 516096K
}
Event: 54.996 GC heap before
{Heap before GC invocations=43 (full 0):
 garbage-first heap   total 157696K, used 135544K [0x0000000080000000, 0x0000000100000000)
  region size 1024K, 11 young (11264K), 2 survivors (2048K)
 Metaspace       used 102239K, capacity 105172K, committed 105352K, reserved 608256K
  class space    used 13252K, capacity 14398K, committed 14464K, reserved 516096K
}
Event: 55.007 GC heap after
{Heap after GC invocations=44 (full 0):
 garbage-first heap   total 189440K, used 128450K [0x0000000080000000, 0x0000000100000000)
  region size 1024K, 2 young (2048K), 2 survivors (2048K)
 Metaspace       used 102239K, capacity 105172K, committed 105352K, reserved 608256K
  class space    used 13252K, capacity 14398K, committed 14464K, reserved 516096K
}
Event: 55.537 GC heap before
{Heap before GC invocations=44 (full 0):
 garbage-first heap   total 189440K, used 146882K [0x0000000080000000, 0x0000000100000000)
  region size 1024K, 20 young (20480K), 2 survivors (2048K)
 Metaspace       used 102965K, capacity 105947K, committed 106248K, reserved 608256K
  class space    used 13349K, capacity 14542K, committed 14592K, reserved 516096K
}
Event: 55.550 GC heap after
{Heap after GC invocations=45 (full 0):
 garbage-first heap   total 189440K, used 131285K [0x0000000080000000, 0x0000000100000000)
  region size 1024K, 3 young (3072K), 3 survivors (3072K)
 Metaspace       used 102965K, capacity 105947K, committed 106248K, reserved 608256K
  class space    used 13349K, capacity 14542K, committed 14592K, reserved 516096K
}
Event: 55.753 GC heap before
{Heap before GC invocations=46 (full 0):
 garbage-first heap   total 189440K, used 149717K [0x0000000080000000, 0x0000000100000000)
  region size 1024K, 21 young (21504K), 3 survivors (3072K)
 Metaspace       used 103471K, capacity 106492K, committed 106632K, reserved 608256K
  class space    used 13437K, capacity 14658K, committed 14720K, reserved 516096K
}
Event: 55.768 GC heap after
{Heap after GC invocations=47 (full 0):
 garbage-first heap   total 189440K, used 134593K [0x0000000080000000, 0x0000000100000000)
  region size 1024K, 3 young (3072K), 3 survivors (3072K)
 Metaspace       used 103471K, capacity 106492K, committed 106632K, reserved 608256K
  class space    used 13437K, capacity 14658K, committed 14720K, reserved 516096K
}
Event: 55.954 GC heap before
{Heap before GC invocations=47 (full 0):
 garbage-first heap   total 189440K, used 153025K [0x0000000080000000, 0x0000000100000000)
  region size 1024K, 21 young (21504K), 3 survivors (3072K)
 Metaspace       used 104264K, capacity 107334K, committed 107528K, reserved 610304K
  class space    used 13599K, capacity 14812K, committed 14848K, reserved 516096K
}
Event: 55.973 GC heap after
{Heap after GC invocations=48 (full 0):
 garbage-first heap   total 189440K, used 137740K [0x0000000080000000, 0x0000000100000000)
  region size 1024K, 3 young (3072K), 3 survivors (3072K)
 Metaspace       used 104264K, capacity 107334K, committed 107528K, reserved 610304K
  class space    used 13599K, capacity 14812K, committed 14848K, reserved 516096K
}
Event: 56.269 GC heap before
{Heap before GC invocations=48 (full 0):
 garbage-first heap   total 189440K, used 155148K [0x0000000080000000, 0x0000000100000000)
  region size 1024K, 20 young (20480K), 3 survivors (3072K)
 Metaspace       used 105092K, capacity 108154K, committed 108424K, reserved 610304K
  class space    used 13736K, capacity 14959K, committed 14976K, reserved 516096K
}
Event: 56.285 GC heap after
{Heap after GC invocations=49 (full 0):
 garbage-first heap   total 258048K, used 140382K [0x0000000080000000, 0x0000000100000000)
  region size 1024K, 3 young (3072K), 3 survivors (3072K)
 Metaspace       used 105092K, capacity 108154K, committed 108424K, reserved 610304K
  class space    used 13736K, capacity 14959K, committed 14976K, reserved 516096K
}
Event: 57.087 GC heap before
{Heap before GC invocations=50 (full 0):
 garbage-first heap   total 258048K, used 178270K [0x0000000080000000, 0x0000000100000000)
  region size 1024K, 40 young (40960K), 3 survivors (3072K)
 Metaspace       used 106508K, capacity 109692K, committed 109960K, reserved 612352K
  class space    used 13917K, capacity 15167K, committed 15232K, reserved 516096K
}
Event: 57.105 GC heap after
{Heap after GC invocations=51 (full 0):
 garbage-first heap   total 258048K, used 145072K [0x0000000080000000, 0x0000000100000000)
  region size 1024K, 5 young (5120K), 5 survivors (5120K)
 Metaspace       used 106508K, capacity 109692K, committed 109960K, reserved 612352K
  class space    used 13917K, capacity 15167K, committed 15232K, reserved 516096K
}
Event: 57.803 GC heap before
{Heap before GC invocations=51 (full 0):
 garbage-first heap   total 258048K, used 182960K [0x0000000080000000, 0x0000000100000000)
  region size 1024K, 43 young (44032K), 5 survivors (5120K)
 Metaspace       used 108100K, capacity 111332K, committed 111496K, reserved 612352K
  class space    used 14122K, capacity 15413K, committed 15488K, reserved 516096K
}
Event: 57.821 GC heap after
{Heap after GC invocations=52 (full 0):
 garbage-first heap   total 258048K, used 148036K [0x0000000080000000, 0x0000000100000000)
  region size 1024K, 6 young (6144K), 6 survivors (6144K)
 Metaspace       used 108100K, capacity 111332K, committed 111496K, reserved 612352K
  class space    used 14122K, capacity 15413K, committed 15488K, reserved 516096K
}
Event: 58.734 GC heap before
{Heap before GC invocations=53 (full 0):
 garbage-first heap   total 258048K, used 186948K [0x0000000080000000, 0x0000000100000000)
  region size 1024K, 45 young (46080K), 6 survivors (6144K)
 Metaspace       used 108883K, capacity 112172K, committed 112264K, reserved 614400K
  class space    used 14196K, capacity 15474K, committed 15488K, reserved 516096K
}
Event: 58.754 GC heap after
{Heap after GC invocations=54 (full 0):
 garbage-first heap   total 258048K, used 150983K [0x0000000080000000, 0x0000000100000000)
  region size 1024K, 6 young (6144K), 6 survivors (6144K)
 Metaspace       used 108883K, capacity 112172K, committed 112264K, reserved 614400K
  class space    used 14196K, capacity 15474K, committed 15488K, reserved 516096K
}

Deoptimization events (20 events):
Event: 58.807 Thread 0x000001f3b527a000 DEOPT PACKING pc=0x000001f39f6a5ef8 sp=0x000000f0449f9c40
Event: 58.807 Thread 0x000001f3b527a000 DEOPT UNPACKING pc=0x000001f39737a1af sp=0x000000f0449f9b78 mode 2
Event: 58.951 Thread 0x000001f3b0983000 Uncommon trap: trap_request=0xffffff4d fr.pc=0x000001f39f6b91b4 relative=0x0000000000000254
Event: 58.951 Thread 0x000001f3b0983000 Uncommon trap: reason=unstable_if action=reinterpret pc=0x000001f39f6b91b4 method=com.android.tools.r8.ir.regalloc.b.compareTo(Ljava/lang/Object;)I @ 64 c2
Event: 58.951 Thread 0x000001f3b0983000 DEOPT PACKING pc=0x000001f39f6b91b4 sp=0x000000f0444f9b00
Event: 58.951 Thread 0x000001f3b0983000 DEOPT UNPACKING pc=0x000001f39737a1af sp=0x000000f0444f9a98 mode 2
Event: 58.958 Thread 0x000001f3b5285800 DEOPT PACKING pc=0x000001f3996fdd8b sp=0x000000f045af9960
Event: 58.958 Thread 0x000001f3b5285800 DEOPT UNPACKING pc=0x000001f39737a95e sp=0x000000f045af9130 mode 0
Event: 59.008 Thread 0x000001f3b0977800 DEOPT PACKING pc=0x000001f39983d631 sp=0x000000f0439f9da0
Event: 59.008 Thread 0x000001f3b0977800 DEOPT UNPACKING pc=0x000001f39737a95e sp=0x000000f0439f92c8 mode 0
Event: 59.013 Thread 0x000001f3b0977800 DEOPT PACKING pc=0x000001f39983d631 sp=0x000000f0439f9de0
Event: 59.013 Thread 0x000001f3b0977800 DEOPT UNPACKING pc=0x000001f39737a95e sp=0x000000f0439f9308 mode 0
Event: 59.019 Thread 0x000001f3b0977800 DEOPT PACKING pc=0x000001f39983d631 sp=0x000000f0439f9790
Event: 59.019 Thread 0x000001f3b0977800 DEOPT UNPACKING pc=0x000001f39737a95e sp=0x000000f0439f8cb8 mode 0
Event: 59.021 Thread 0x000001f3b0977800 DEOPT PACKING pc=0x000001f39983d631 sp=0x000000f0439f9f20
Event: 59.021 Thread 0x000001f3b0977800 DEOPT UNPACKING pc=0x000001f39737a95e sp=0x000000f0439f9448 mode 0
Event: 59.031 Thread 0x000001f3b0977800 DEOPT PACKING pc=0x000001f39983d631 sp=0x000000f0439fa6d0
Event: 59.031 Thread 0x000001f3b0977800 DEOPT UNPACKING pc=0x000001f39737a95e sp=0x000000f0439f9bf8 mode 0
Event: 59.034 Thread 0x000001f3b0977800 DEOPT PACKING pc=0x000001f39983d631 sp=0x000000f0439f9dd0
Event: 59.034 Thread 0x000001f3b0977800 DEOPT UNPACKING pc=0x000001f39737a95e sp=0x000000f0439f92f8 mode 0

Classes redefined (0 events):
No events

Internal exceptions (20 events):
Event: 54.380 Thread 0x000001f3b527a000 Exception <a 'java/lang/IncompatibleClassChangeError'{0x00000000890e87c0}: Found class java.lang.Object, but interface was expected> (0x00000000890e87c0) thrown at [./src/hotspot/share/interpreter/linkResolver.cpp, line 839]
Event: 54.380 Thread 0x000001f3b5285800 Exception <a 'java/lang/IncompatibleClassChangeError'{0x0000000088f764e0}: Found class java.lang.Object, but interface was expected> (0x0000000088f764e0) thrown at [./src/hotspot/share/interpreter/linkResolver.cpp, line 839]
Event: 54.563 Thread 0x000001f3b527a000 Exception <a 'java/lang/IncompatibleClassChangeError'{0x00000000892f3b50}: Found class java.lang.Object, but interface was expected> (0x00000000892f3b50) thrown at [./src/hotspot/share/interpreter/linkResolver.cpp, line 839]
Event: 55.276 Thread 0x000001f3b0977800 Exception <a 'java/lang/NoSuchMethodError'{0x000000008b212610}: 'java.lang.Object java.lang.invoke.DirectMethodHandle$Holder.invokeStatic(java.lang.Object, int, java.lang.Object, java.lang.Object)'> (0x000000008b212610) thrown at [./src/hotspot/share/interpreter/linkResolver.cpp, line 773]
Event: 55.829 Thread 0x000001f3b0977800 Exception <a 'java/lang/NoSuchMethodError'{0x000000008b807360}: 'java.lang.Object java.lang.invoke.DirectMethodHandle$Holder.invokeVirtual(java.lang.Object, java.lang.Object, int, java.lang.Object)'> (0x000000008b807360) thrown at [./src/hotspot/share/interpreter/linkResolver.cpp, line 773]
Event: 55.831 Thread 0x000001f3b5285800 Exception <a 'java/lang/NoSuchMethodError'{0x000000008b2d4d90}: 'java.lang.Object java.lang.invoke.DirectMethodHandle$Holder.invokeVirtual(java.lang.Object, java.lang.Object, int, java.lang.Object)'> (0x000000008b2d4d90) thrown at [./src/hotspot/share/interpreter/linkResolver.cpp, line 773]
Event: 55.890 Thread 0x000001f3b0977800 Exception <a 'java/lang/NoSuchMethodError'{0x000000008ac99578}: 'void java.lang.invoke.DirectMethodHandle$Holder.invokeVirtual(java.lang.Object, java.lang.Object, int, java.lang.Object)'> (0x000000008ac99578) thrown at [./src/hotspot/share/interpreter/linkResolver.cpp, line 773]
Event: 57.063 Thread 0x000001f3b0977800 Exception <a 'java/lang/IncompatibleClassChangeError'{0x000000008d70a160}: Found class java.lang.Object, but interface was expected> (0x000000008d70a160) thrown at [./src/hotspot/share/interpreter/linkResolver.cpp, line 839]
Event: 57.216 Thread 0x000001f3b0977800 Exception <a 'java/lang/NoSuchMethodError'{0x000000008f608448}: 'void java.lang.invoke.DirectMethodHandle$Holder.invokeSpecial(java.lang.Object, java.lang.Object, int, java.lang.Object, java.lang.Object, java.lang.Object, java.lang.Object)'> (0x000000008f608448) thrown at [./src/hotspot/share/interpreter/linkResolver.cpp, line 773]
Event: 57.224 Thread 0x000001f3b0977800 Exception <a 'java/lang/NoSuchMethodError'{0x000000008f6140e8}: 'java.lang.Object java.lang.invoke.Invokers$Holder.linkToTargetMethod(java.lang.Object, int, java.lang.Object, java.lang.Object, java.lang.Object, java.lang.Object)'> (0x000000008f6140e8) thrown at [./src/hotspot/share/interpreter/linkResolver.cpp, line 773]
Event: 57.224 Thread 0x000001f3b0977800 Exception <a 'java/lang/NoSuchMethodError'{0x000000008f618598}: 'void java.lang.invoke.DirectMethodHandle$Holder.invokeSpecial(java.lang.Object, java.lang.Object, java.lang.Object, java.lang.Object, java.lang.Object, java.lang.Object, java.lang.Object, java.lang.Object, java.lang.Object)'> (0x000000008f618598) thrown at [./src/hotspot/share/interpreter/linkResolver.cpp, line 773]
Event: 57.235 Thread 0x000001f3b0977800 Exception <a 'java/lang/NoSuchMethodError'{0x000000008f6b3450}: 'void java.lang.invoke.DirectMethodHandle$Holder.invokeStatic(java.lang.Object, java.lang.Object, java.lang.Object, java.lang.Object, java.lang.Object, java.lang.Object, java.lang.Object, java.lang.Object)'> (0x000000008f6b3450) thrown at [./src/hotspot/share/interpreter/linkResolver.cpp, line 773]
Event: 57.572 Thread 0x000001f3b0977800 Exception <a 'java/lang/IncompatibleClassChangeError'{0x000000008e393aa8}: Found class java.lang.Object, but interface was expected> (0x000000008e393aa8) thrown at [./src/hotspot/share/interpreter/linkResolver.cpp, line 839]
Event: 57.893 Thread 0x000001f3b0977800 Exception <a 'java/lang/NoSuchMethodError'{0x000000008f7249e0}: 'void java.lang.invoke.DirectMethodHandle$Holder.invokeVirtual(java.lang.Object, java.lang.Object, int)'> (0x000000008f7249e0) thrown at [./src/hotspot/share/interpreter/linkResolver.cpp, line 773]
Event: 58.099 Thread 0x000001f3b5285800 Implicit null exception at 0x000001f39f05d8eb to 0x000001f39f05d90c
Event: 58.145 Thread 0x000001f3b0977800 Exception <a 'sun/nio/fs/WindowsException'{0x000000008ef7c840}> (0x000000008ef7c840) thrown at [./src/hotspot/share/prims/jni.cpp, line 617]
Event: 58.382 Thread 0x000001f3b0977800 Exception <a 'java/lang/NoSuchMethodError'{0x000000008eaf56a8}: 'java.lang.Object java.lang.invoke.DirectMethodHandle$Holder.newInvokeSpecial(java.lang.Object, java.lang.Object, java.lang.Object, java.lang.Object)'> (0x000000008eaf56a8) thrown at [./src/hotspot/share/interpreter/linkResolver.cpp, line 773]
Event: 58.516 Thread 0x000001f3b0977800 Implicit null exception at 0x000001f39f560f4e to 0x000001f39f561744
Event: 58.890 Thread 0x000001f3b0977800 Exception <a 'sun/nio/fs/WindowsException'{0x000000008eae8e98}> (0x000000008eae8e98) thrown at [./src/hotspot/share/prims/jni.cpp, line 617]
Event: 58.951 Thread 0x000001f3b0983000 Implicit null exception at 0x000001f39f6b9090 to 0x000001f39f6b919c

Events (20 events):
Event: 58.387 loading class org/gradle/internal/snapshot/FileSystemLocationSnapshot
Event: 58.387 loading class org/gradle/internal/snapshot/FileSystemLocationSnapshot done
Event: 58.387 loading class org/gradle/internal/execution/history/impl/DefaultOutputFilesRepository
Event: 58.387 loading class org/gradle/internal/execution/history/impl/DefaultOutputFilesRepository done
Event: 58.394 loading class com/android/tools/r8/internal/m4
Event: 58.394 loading class com/android/tools/r8/internal/m4 done
Event: 58.395 loading class org/gradle/internal/execution/history/impl/DefaultOutputFilesRepository$1
Event: 58.395 loading class org/gradle/internal/execution/history/impl/DefaultOutputFilesRepository$1 done
Event: 58.398 loading class org/gradle/internal/execution/history/impl/FileSystemSnapshotSerializer$1$1
Event: 58.398 loading class org/gradle/internal/execution/history/impl/FileSystemSnapshotSerializer$1$1 done
Event: 58.512 Executing VM operation: ICBufferFull
Event: 58.516 Executing VM operation: ICBufferFull done
Event: 58.601 Executing VM operation: ICBufferFull
Event: 58.603 Executing VM operation: ICBufferFull done
Event: 58.626 Executing VM operation: CGC_Operation
Event: 58.632 Executing VM operation: CGC_Operation done
Event: 58.729 Executing VM operation: G1CollectForAllocation
Event: 58.755 Executing VM operation: G1CollectForAllocation done
Event: 58.915 Executing VM operation: ICBufferFull
Event: 58.922 Executing VM operation: ICBufferFull done


Dynamic libraries:
0x00007ff70e300000 - 0x00007ff70e30d000 	C:\Program Files\OpenJDK\openjdk-11.0.15_10\bin\java.exe
0x00007ff9caeb0000 - 0x00007ff9cb0a7000 	C:\WINDOWS\SYSTEM32\ntdll.dll
0x00007ff9cac10000 - 0x00007ff9caccd000 	C:\WINDOWS\System32\KERNEL32.DLL
0x00007ff9c8810000 - 0x00007ff9c8add000 	C:\WINDOWS\System32\KERNELBASE.dll
0x00007ff9c8c80000 - 0x00007ff9c8d80000 	C:\WINDOWS\System32\ucrtbase.dll
0x00007ff9a56f0000 - 0x00007ff9a5706000 	C:\Program Files\OpenJDK\openjdk-11.0.15_10\bin\VCRUNTIME140.dll
0x00007ff9a5610000 - 0x00007ff9a5628000 	C:\Program Files\OpenJDK\openjdk-11.0.15_10\bin\jli.dll
0x00007ff9c9d10000 - 0x00007ff9c9eb0000 	C:\WINDOWS\System32\USER32.dll
0x00007ff9b8a90000 - 0x00007ff9b8d2a000 	C:\WINDOWS\WinSxS\amd64_microsoft.windows.common-controls_6595b64144ccf1df_6.0.19041.1110_none_60b5254171f9507e\COMCTL32.dll
0x00007ff9c8680000 - 0x00007ff9c86a2000 	C:\WINDOWS\System32\win32u.dll
0x00007ff9ca2f0000 - 0x00007ff9ca38e000 	C:\WINDOWS\System32\msvcrt.dll
0x00007ff9ca2c0000 - 0x00007ff9ca2ea000 	C:\WINDOWS\System32\GDI32.dll
0x00007ff9c8ae0000 - 0x00007ff9c8beb000 	C:\WINDOWS\System32\gdi32full.dll
0x00007ff9c8720000 - 0x00007ff9c87bd000 	C:\WINDOWS\System32\msvcp_win.dll
0x00007ff9c8f10000 - 0x00007ff9c8f40000 	C:\WINDOWS\System32\IMM32.DLL
0x00007ff989b40000 - 0x00007ff989bea000 	C:\Program Files\OpenJDK\openjdk-11.0.15_10\bin\msvcp140.dll
0x00007ff978240000 - 0x00007ff978d91000 	C:\Program Files\OpenJDK\openjdk-11.0.15_10\bin\server\jvm.dll
0x00007ff9c9560000 - 0x00007ff9c960e000 	C:\WINDOWS\System32\ADVAPI32.dll
0x00007ff9ca080000 - 0x00007ff9ca11c000 	C:\WINDOWS\System32\sechost.dll
0x00007ff9c9b30000 - 0x00007ff9c9c55000 	C:\WINDOWS\System32\RPCRT4.dll
0x00007ff9c9f10000 - 0x00007ff9c9f18000 	C:\WINDOWS\System32\PSAPI.DLL
0x00007ff9c02a0000 - 0x00007ff9c02a9000 	C:\WINDOWS\SYSTEM32\WSOCK32.dll
0x00007ff9bb4b0000 - 0x00007ff9bb4d7000 	C:\WINDOWS\SYSTEM32\WINMM.dll
0x00007ff9bf190000 - 0x00007ff9bf19a000 	C:\WINDOWS\SYSTEM32\VERSION.dll
0x00007ff9cacd0000 - 0x00007ff9cad3b000 	C:\WINDOWS\System32\WS2_32.dll
0x00007ff9c6eb0000 - 0x00007ff9c6ec2000 	C:\WINDOWS\SYSTEM32\kernel.appcore.dll
0x00007ff9a51a0000 - 0x00007ff9a51b1000 	C:\Program Files\OpenJDK\openjdk-11.0.15_10\bin\verify.dll
0x00007ff9c6b70000 - 0x00007ff9c6d54000 	C:\WINDOWS\SYSTEM32\DBGHELP.DLL
0x00007ff9c25c0000 - 0x00007ff9c25ec000 	C:\WINDOWS\SYSTEM32\dbgcore.DLL
0x00007ff9c8bf0000 - 0x00007ff9c8c72000 	C:\WINDOWS\System32\bcryptPrimitives.dll
0x00007ff9a5170000 - 0x00007ff9a5199000 	C:\Program Files\OpenJDK\openjdk-11.0.15_10\bin\java.dll
0x00007ff9a9a10000 - 0x00007ff9a9a1a000 	C:\Program Files\OpenJDK\openjdk-11.0.15_10\bin\jimage.dll
0x00007ff9a3bf0000 - 0x00007ff9a3c08000 	C:\Program Files\OpenJDK\openjdk-11.0.15_10\bin\zip.dll
0x00007ff9ca440000 - 0x00007ff9cab84000 	C:\WINDOWS\System32\SHELL32.dll
0x00007ff9c63d0000 - 0x00007ff9c6b64000 	C:\WINDOWS\SYSTEM32\windows.storage.dll
0x00007ff9c9690000 - 0x00007ff9c99e4000 	C:\WINDOWS\System32\combase.dll
0x00007ff9c8030000 - 0x00007ff9c805c000 	C:\WINDOWS\SYSTEM32\Wldp.dll
0x00007ff9ca390000 - 0x00007ff9ca43d000 	C:\WINDOWS\System32\SHCORE.dll
0x00007ff9c9eb0000 - 0x00007ff9c9f05000 	C:\WINDOWS\System32\shlwapi.dll
0x00007ff9c8510000 - 0x00007ff9c852f000 	C:\WINDOWS\SYSTEM32\profapi.dll
0x00007ff9a3bd0000 - 0x00007ff9a3be9000 	C:\Program Files\OpenJDK\openjdk-11.0.15_10\bin\net.dll
0x00007ff9c00d0000 - 0x00007ff9c01da000 	C:\WINDOWS\SYSTEM32\WINHTTP.dll
0x00007ff9c7d90000 - 0x00007ff9c7dfa000 	C:\WINDOWS\system32\mswsock.dll
0x00007ff9a31a0000 - 0x00007ff9a31b3000 	C:\Program Files\OpenJDK\openjdk-11.0.15_10\bin\nio.dll
0x00007ff9bf020000 - 0x00007ff9bf047000 	C:\Users\Tom\.gradle\native\e1d6ef7f7dcc3fd88c89a11ec53ec762bb8ba0a96d01ffa2cd45eb1d1d8dd5c5\windows-amd64\native-platform.dll
0x00007ff98aa30000 - 0x00007ff98ab74000 	C:\Users\Tom\.gradle\native\5664cfc778a61ccfe75a443a1ab52a65af34e5dc3c78e0209fed803814484fcb\windows-amd64\native-platform-file-events.dll
0x00007ff9a9a20000 - 0x00007ff9a9a29000 	C:\Program Files\OpenJDK\openjdk-11.0.15_10\bin\management.dll
0x00007ff9a6560000 - 0x00007ff9a656c000 	C:\Program Files\OpenJDK\openjdk-11.0.15_10\bin\management_ext.dll
0x00007ff9c7f80000 - 0x00007ff9c7f98000 	C:\WINDOWS\SYSTEM32\CRYPTSP.dll
0x00007ff9c7640000 - 0x00007ff9c7674000 	C:\WINDOWS\system32\rsaenh.dll
0x00007ff9c8d80000 - 0x00007ff9c8da7000 	C:\WINDOWS\System32\bcrypt.dll
0x00007ff9c8490000 - 0x00007ff9c84be000 	C:\WINDOWS\SYSTEM32\USERENV.dll
0x00007ff9c7fa0000 - 0x00007ff9c7fac000 	C:\WINDOWS\SYSTEM32\CRYPTBASE.dll
0x00007ff9c7a30000 - 0x00007ff9c7a6b000 	C:\WINDOWS\SYSTEM32\IPHLPAPI.DLL
0x00007ff9cad40000 - 0x00007ff9cad48000 	C:\WINDOWS\System32\NSI.dll
0x00007ff9c0490000 - 0x00007ff9c04a7000 	C:\WINDOWS\SYSTEM32\dhcpcsvc6.DLL
0x00007ff9c0eb0000 - 0x00007ff9c0ecd000 	C:\WINDOWS\SYSTEM32\dhcpcsvc.DLL
0x00007ff9c7ac0000 - 0x00007ff9c7b8b000 	C:\WINDOWS\SYSTEM32\DNSAPI.dll

dbghelp: loaded successfully - version: 4.0.5 - missing functions: none
symbol engine: initialized successfully - sym options: 0x614 - pdb path: .;C:\Program Files\OpenJDK\openjdk-11.0.15_10\bin;C:\WINDOWS\SYSTEM32;C:\WINDOWS\WinSxS\amd64_microsoft.windows.common-controls_6595b64144ccf1df_6.0.19041.1110_none_60b5254171f9507e;C:\Program Files\OpenJDK\openjdk-11.0.15_10\bin\server;C:\Users\Tom\.gradle\native\e1d6ef7f7dcc3fd88c89a11ec53ec762bb8ba0a96d01ffa2cd45eb1d1d8dd5c5\windows-amd64;C:\Users\Tom\.gradle\native\5664cfc778a61ccfe75a443a1ab52a65af34e5dc3c78e0209fed803814484fcb\windows-amd64

VM Arguments:
jvm_args: -XX:MaxMetaspaceSize=512m --add-opens=java.base/java.util=ALL-UNNAMED --add-opens=java.base/java.lang=ALL-UNNAMED --add-opens=java.base/java.lang.invoke=ALL-UNNAMED --add-opens=java.base/java.util=ALL-UNNAMED --add-opens=java.prefs/java.util.prefs=ALL-UNNAMED --add-opens=java.prefs/java.util.prefs=ALL-UNNAMED --add-opens=java.base/java.nio.charset=ALL-UNNAMED --add-opens=java.base/java.net=ALL-UNNAMED --add-opens=java.base/java.util.concurrent.atomic=ALL-UNNAMED -Xmx2048m -Dfile.encoding=windows-1252 -Duser.country=GB -Duser.language=en -Duser.variant 
java_command: org.gradle.launcher.daemon.bootstrap.GradleDaemon 7.3.3
java_class_path (initial): C:\Users\Tom\.gradle\wrapper\dists\gradle-7.3.3-all\4295vidhdd9hd3gbjyw1xqxpo\gradle-7.3.3\lib\gradle-launcher-7.3.3.jar
Launcher Type: SUN_STANDARD

[Global flags]
     intx CICompilerCount                          = 3                                         {product} {ergonomic}
   size_t CompressedClassSpaceSize                 = 528482304                                 {product} {ergonomic}
     uint ConcGCThreads                            = 1                                         {product} {ergonomic}
     uint G1ConcRefinementThreads                  = 4                                         {product} {ergonomic}
   size_t G1HeapRegionSize                         = 1048576                                   {product} {ergonomic}
    uintx GCDrainStackTargetSize                   = 64                                        {product} {ergonomic}
   size_t InitialHeapSize                          = 134217728                                 {product} {ergonomic}
   size_t MarkStackSize                            = 4194304                                   {product} {ergonomic}
   size_t MaxHeapSize                              = 2147483648                                {product} {command line}
   size_t MaxMetaspaceSize                         = 536870912                                 {product} {command line}
   size_t MaxNewSize                               = 1287651328                                {product} {ergonomic}
   size_t MinHeapDeltaBytes                        = 1048576                                   {product} {ergonomic}
    uintx NonNMethodCodeHeapSize                   = 5830732                                {pd product} {ergonomic}
    uintx NonProfiledCodeHeapSize                  = 122913754                              {pd product} {ergonomic}
    uintx ProfiledCodeHeapSize                     = 122913754                              {pd product} {ergonomic}
    uintx ReservedCodeCacheSize                    = 251658240                              {pd product} {ergonomic}
     bool SegmentedCodeCache                       = true                                      {product} {ergonomic}
     bool UseCompressedClassPointers               = true                                 {lp64_product} {ergonomic}
     bool UseCompressedOops                        = true                                 {lp64_product} {ergonomic}
     bool UseG1GC                                  = true                                      {product} {ergonomic}
     bool UseLargePagesIndividualAllocation        = false                                  {pd product} {ergonomic}

Logging:
Log output configuration:
 #0: stdout all=warning uptime,level,tags
 #1: stderr all=off uptime,level,tags

Environment Variables:
JAVA_HOME=C:\Program Files\OpenJDK\openjdk-11.0.15_10
CLASSPATH=C:\Users\Tom\Documents\Programmation\React Native\projectRNcli\android\\gradle\wrapper\gradle-wrapper.jar
PATH=C:\Users\Tom\Documents\Programmation\React Native\projectRNcli\android\node_modules\.bin;C:\Users\Tom\Documents\Programmation\React Native\projectRNcli\node_modules\.bin;C:\Users\Tom\Documents\Programmation\React Native\node_modules\.bin;C:\Users\Tom\Documents\Programmation\node_modules\.bin;C:\Users\Tom\Documents\node_modules\.bin;C:\Users\Tom\node_modules\.bin;C:\Users\node_modules\.bin;C:\node_modules\.bin;C:\Program Files\nodejs;C:\Users\Tom\Documents\Programmation\React Native\projectRNcli\node_modules\.bin;C:\Users\Tom\Documents\Programmation\React Native\node_modules\.bin;C:\Users\Tom\Documents\Programmation\node_modules\.bin;C:\Users\Tom\Documents\node_modules\.bin;C:\Users\Tom\node_modules\.bin;C:\Users\node_modules\.bin;C:\node_modules\.bin;C:\Program Files\nodejs\node_modules\npm\node_modules\@npmcli\run-script\lib\node-gyp-bin;C:\Python310\Scripts\;C:\Python310\;C:\Program Files\Common Files\Oracle\Java\javapath;C:\Program Files (x86)\Intel\Intel(R) Management Engine Components\iCLS\;C:\Program Files\Intel\Intel(R) Management Engine Components\iCLS\;C:\windows\system32;C:\windows;C:\windows\System32\Wbem;C:\windows\System32\WindowsPowerShell\v1.0\;C:\Program Files (x86)\Intel\Intel(R) Management Engine Components\DAL;C:\Program Files\Intel\Intel(R) Management Engine Components\DAL;C:\Program Files (x86)\Intel\Intel(R) Management Engine Components\IPT;C:\Program Files\Intel\Intel(R) Management Engine Components\IPT;C:\Program Files (x86)\NVIDIA Corporation\PhysX\Common;C:\WINDOWS\system32;C:\WINDOWS;C:\WINDOWS\System32\Wbem;C:\WINDOWS\System32\WindowsPowerShell\v1.0\;C:\WINDOWS\System32\OpenSSH\;C:\Program Files\Microchip\xc8\v2.36\bin;C:\ProgramData\chocolatey\bin;C:\Program Files\OpenJDK\openjdk-11.0.15_10\bin;C:\Program Files\nodejs\;C:\Users\Tom\AppData\Local\Microsoft\WindowsApps;C:\Users\Tom\AppData\Local\Programs\Microsoft VS Code\bin;C:\Users\Tom\AppData\Local\Android\Sdk\platform-tools;C:\Users\Tom\AppData\Roaming\npm;C:\Users\Tom\Documents\Pro
USERNAME=Tom
LANG=en_GB.UTF-8
OS=Windows_NT
PROCESSOR_IDENTIFIER=Intel64 Family 6 Model 142 Stepping 10, GenuineIntel



---------------  S Y S T E M  ---------------

OS: Windows 10 , 64 bit Build 19041 (10.0.19041.1741)
OS uptime: 0 days 5:40 hours

CPU:total 4 (initial active 4) (2 cores per cpu, 2 threads per core) family 6 model 142 stepping 10 microcode 0xb4, cmov, cx8, fxsr, mmx, sse, sse2, sse3, ssse3, sse4.1, sse4.2, popcnt, avx, avx2, aes, clmul, erms, 3dnowpref, lzcnt, ht, tsc, tscinvbit, bmi1, bmi2, adx, fma

Memory: 4k page, system-wide physical 8107M (1225M free)
TotalPageFile size 8107M (AvailPageFile size 6M)
current process WorkingSet (physical memory assigned to process): 582M, peak: 582M
current process commit charge ("private bytes"): 667M, peak: 668M

vm_info: OpenJDK 64-Bit Server VM (11.0.15+10) for windows-amd64 JRE (11.0.15+10), built on Apr 21 2022 21:29:46 by "tester" with MS VC++ 15.5 (VS2017)

END.
