#
# There is insufficient memory for the Java Runtime Environment to continue.
# Native memory allocation (malloc) failed to allocate 1238256 bytes for Chunk::new
# Possible reasons:
#   The system is out of physical RAM or swap space
#   The process is running with CompressedOops enabled, and the Java Heap may be blocking the growth of the native heap
# Possible solutions:
#   Reduce memory load on the system
#   Increase physical memory or swap space
#   Check if swap backing store is full
#   Decrease Java heap size (-Xmx/-Xms)
#   Decrease number of Java threads
#   Decrease Java thread stack sizes (-Xss)
#   Set larger code cache with -XX:ReservedCodeCacheSize=
#   JVM is running with Unscaled Compressed Oops mode in which the Java heap is
#     placed in the first 4GB address space. The Java Heap base address is the
#     maximum limit for the native heap growth. Please use -XX:HeapBaseMinAddress
#     to set the Java Heap base and to place the Java Heap above 4GB virtual address.
# This output file may be truncated or incomplete.
#
#  Out of Memory Error (./src/hotspot/share/memory/arena.cpp:197), pid=14208, tid=11032
#
# JRE version: OpenJDK Runtime Environment 18.9 (11.0.15+10) (build 11.0.15+10)
# Java VM: OpenJDK 64-Bit Server VM 18.9 (11.0.15+10, mixed mode, tiered, compressed oops, g1 gc, windows-amd64)
# No core dump will be written. Minidumps are not enabled by default on client versions of Windows
#

---------------  S U M M A R Y ------------

Command Line: org.jetbrains.kotlin.cli.jvm.K2JVMCompiler @C:\Users\Tom\Documents\Programmation\React Native\projectRNcli\node_modules\react-native-gradle-plugin\build\20220703_4635838239539212378.compiler.options

Host: Intel(R) Core(TM) i3-7020U CPU @ 2.30GHz, 4 cores, 7G,  Windows 10 , 64 bit Build 19041 (10.0.19041.1741)
Time: Sun Jul  3 15:48:02 2022 Romance Summer Time elapsed time: 29.052473 seconds (0d 0h 0m 29s)

---------------  T H R E A D  ---------------

Current thread (0x000002553e1f1800):  JavaThread "C2 CompilerThread0" daemon [_thread_in_native, id=11032, stack(0x000000d5eab00000,0x000000d5eac00000)]


Current CompileTask:
C2:  29052 8921       4       org.jetbrains.kotlin.types.checker.ClassicTypeSystemContext$DefaultImpls::typeDepth (286 bytes)

Stack: [0x000000d5eab00000,0x000000d5eac00000]
Native frames: (J=compiled Java code, j=interpreted, Vv=VM code, C=native code)
V  [jvm.dll+0x64dd3a]
V  [jvm.dll+0x7906c9]
V  [jvm.dll+0x791d9c]
V  [jvm.dll+0x792463]
V  [jvm.dll+0x265048]
V  [jvm.dll+0xc9da1]
V  [jvm.dll+0xca35c]
V  [jvm.dll+0x37c167]
V  [jvm.dll+0x347153]
V  [jvm.dll+0x34647a]
V  [jvm.dll+0x21e085]
V  [jvm.dll+0x21d25a]
V  [jvm.dll+0x19dd21]
V  [jvm.dll+0x22cc80]
V  [jvm.dll+0x22af81]
V  [jvm.dll+0x75254c]
V  [jvm.dll+0x74b12d]
V  [jvm.dll+0x64c8a6]
C  [ucrtbase.dll+0x21bb2]
C  [KERNEL32.DLL+0x17034]
C  [ntdll.dll+0x52651]


---------------  P R O C E S S  ---------------

Threads class SMR info:
_java_thread_list=0x00000255439c05e0, length=11, elements={
0x000002551fa21000, 0x000002553e1de800, 0x000002553e1e8000, 0x000002553e1db000,
0x000002553e1db800, 0x000002553e1ee000, 0x000002553e1f1800, 0x000002553e206000,
0x000002553e20d800, 0x000002553ecdb800, 0x0000025543b2a800
}

Java Threads: ( => current thread )
  0x000002551fa21000 JavaThread "main" [_thread_in_Java, id=6708, stack(0x000000d5e9f00000,0x000000d5ea000000)]
  0x000002553e1de800 JavaThread "Reference Handler" daemon [_thread_blocked, id=5328, stack(0x000000d5ea600000,0x000000d5ea700000)]
  0x000002553e1e8000 JavaThread "Finalizer" daemon [_thread_blocked, id=10416, stack(0x000000d5ea700000,0x000000d5ea800000)]
  0x000002553e1db000 JavaThread "Signal Dispatcher" daemon [_thread_blocked, id=15672, stack(0x000000d5ea800000,0x000000d5ea900000)]
  0x000002553e1db800 JavaThread "Attach Listener" daemon [_thread_blocked, id=17716, stack(0x000000d5ea900000,0x000000d5eaa00000)]
  0x000002553e1ee000 JavaThread "Service Thread" daemon [_thread_blocked, id=7540, stack(0x000000d5eaa00000,0x000000d5eab00000)]
=>0x000002553e1f1800 JavaThread "C2 CompilerThread0" daemon [_thread_in_native, id=11032, stack(0x000000d5eab00000,0x000000d5eac00000)]
  0x000002553e206000 JavaThread "C1 CompilerThread0" daemon [_thread_blocked, id=18340, stack(0x000000d5eac00000,0x000000d5ead00000)]
  0x000002553e20d800 JavaThread "Sweeper thread" daemon [_thread_blocked, id=844, stack(0x000000d5ead00000,0x000000d5eae00000)]
  0x000002553ecdb800 JavaThread "Common-Cleaner" daemon [_thread_blocked, id=17600, stack(0x000000d5eaf00000,0x000000d5eb000000)]
  0x0000025543b2a800 JavaThread "C2 CompilerThread1" daemon [_thread_in_vm_trans, id=11788, stack(0x000000d5eb400000,0x000000d5eb500000)]

Other Threads:
  0x000002553e1a4000 VMThread "VM Thread" [stack: 0x000000d5ea500000,0x000000d5ea600000] [id=6256]
  0x000002553ecd1800 WatcherThread [stack: 0x000000d5eae00000,0x000000d5eaf00000] [id=15456]
  0x000002551fa38800 GCTaskThread "GC Thread#0" [stack: 0x000000d5ea000000,0x000000d5ea100000] [id=12104]
  0x000002553f0f4800 GCTaskThread "GC Thread#1" [stack: 0x000000d5eb000000,0x000000d5eb100000] [id=11944]
  0x000002553f0f6800 GCTaskThread "GC Thread#2" [stack: 0x000000d5eb100000,0x000000d5eb200000] [id=7140]
  0x000002551fa6b000 ConcurrentGCThread "G1 Main Marker" [stack: 0x000000d5ea100000,0x000000d5ea200000] [id=3824]
  0x000002551fa6d800 ConcurrentGCThread "G1 Conc#0" [stack: 0x000000d5ea200000,0x000000d5ea300000] [id=656]
  0x000002551fafe000 ConcurrentGCThread "G1 Refine#0" [stack: 0x000000d5ea300000,0x000000d5ea400000] [id=9144]
  0x000002553f65a000 ConcurrentGCThread "G1 Refine#1" [stack: 0x000000d5eb200000,0x000000d5eb300000] [id=17504]
  0x0000025541a5f800 ConcurrentGCThread "G1 Refine#2" [stack: 0x000000d5eb300000,0x000000d5eb400000] [id=13812]
  0x000002553e010800 ConcurrentGCThread "G1 Young RemSet Sampling" [stack: 0x000000d5ea400000,0x000000d5ea500000] [id=8700]

Threads with active compile tasks:
C2 CompilerThread0    29083 8921       4       org.jetbrains.kotlin.types.checker.ClassicTypeSystemContext$DefaultImpls::typeDepth (286 bytes)
C1 CompilerThread0    29083 8981       3       org.jetbrains.kotlin.resolve.OverridingUtil::isMoreSpecific (413 bytes)
C2 CompilerThread1    29083 8923       4       org.jetbrains.kotlin.types.TypeSubstitutor::unsafeSubstitute (813 bytes)

VM state:not at safepoint (normal execution)

VM Mutex/Monitor currently owned by a thread: None

Heap address: 0x0000000081400000, size: 2028 MB, Compressed Oops mode: 32-bit
Narrow klass base: 0x0000000000000000, Narrow klass shift: 3
Compressed class space size: 1073741824 Address: 0x0000000100000000

Heap:
 garbage-first heap   total 131072K, used 85700K [0x0000000081400000, 0x0000000100000000)
  region size 1024K, 33 young (33792K), 5 survivors (5120K)
 Metaspace       used 62172K, capacity 63003K, committed 63104K, reserved 1105920K
  class space    used 6858K, capacity 7200K, committed 7296K, reserved 1048576K
Heap Regions: E=young(eden), S=young(survivor), O=old, HS=humongous(starts), HC=humongous(continues), CS=collection set, F=free, A=archive, TAMS=top-at-mark-start (previous, next)
|   0|0x0000000081400000, 0x0000000081500000, 0x0000000081500000|100%|HS|  |TAMS 0x0000000081500000, 0x0000000081400000| Complete 
|   1|0x0000000081500000, 0x0000000081600000, 0x0000000081600000|100%|HC|  |TAMS 0x0000000081600000, 0x0000000081500000| Complete 
|   2|0x0000000081600000, 0x0000000081700000, 0x0000000081700000|100%|HC|  |TAMS 0x0000000081700000, 0x0000000081600000| Complete 
|   3|0x0000000081700000, 0x0000000081800000, 0x0000000081800000|100%| O|  |TAMS 0x0000000081800000, 0x0000000081700000| Untracked 
|   4|0x0000000081800000, 0x0000000081900000, 0x0000000081900000|100%| O|  |TAMS 0x0000000081900000, 0x0000000081800000| Untracked 
|   5|0x0000000081900000, 0x0000000081a00000, 0x0000000081a00000|100%|HS|  |TAMS 0x0000000081a00000, 0x0000000081900000| Complete 
|   6|0x0000000081a00000, 0x0000000081b00000, 0x0000000081b00000|100%|HC|  |TAMS 0x0000000081b00000, 0x0000000081a00000| Complete 
|   7|0x0000000081b00000, 0x0000000081c00000, 0x0000000081c00000|100%|HC|  |TAMS 0x0000000081c00000, 0x0000000081b00000| Complete 
|   8|0x0000000081c00000, 0x0000000081d00000, 0x0000000081d00000|100%| O|  |TAMS 0x0000000081d00000, 0x0000000081c00000| Untracked 
|   9|0x0000000081d00000, 0x0000000081e00000, 0x0000000081e00000|100%| O|  |TAMS 0x0000000081e00000, 0x0000000081d00000| Untracked 
|  10|0x0000000081e00000, 0x0000000081f00000, 0x0000000081f00000|100%| O|  |TAMS 0x0000000081f00000, 0x0000000081e00000| Untracked 
|  11|0x0000000081f00000, 0x0000000082000000, 0x0000000082000000|100%| O|  |TAMS 0x0000000082000000, 0x0000000081f00000| Untracked 
|  12|0x0000000082000000, 0x0000000082100000, 0x0000000082100000|100%| O|  |TAMS 0x0000000082100000, 0x0000000082000000| Untracked 
|  13|0x0000000082100000, 0x0000000082200000, 0x0000000082200000|100%| O|  |TAMS 0x0000000082200000, 0x0000000082100000| Untracked 
|  14|0x0000000082200000, 0x0000000082300000, 0x0000000082300000|100%| O|  |TAMS 0x0000000082300000, 0x0000000082200000| Untracked 
|  15|0x0000000082300000, 0x0000000082400000, 0x0000000082400000|100%| O|  |TAMS 0x0000000082400000, 0x0000000082300000| Untracked 
|  16|0x0000000082400000, 0x0000000082500000, 0x0000000082500000|100%| O|  |TAMS 0x0000000082500000, 0x0000000082400000| Untracked 
|  17|0x0000000082500000, 0x0000000082600000, 0x0000000082600000|100%| O|  |TAMS 0x0000000082600000, 0x0000000082500000| Untracked 
|  18|0x0000000082600000, 0x0000000082700000, 0x0000000082700000|100%| O|  |TAMS 0x0000000082700000, 0x0000000082600000| Untracked 
|  19|0x0000000082700000, 0x0000000082800000, 0x0000000082800000|100%| O|  |TAMS 0x0000000082800000, 0x0000000082700000| Untracked 
|  20|0x0000000082800000, 0x0000000082900000, 0x0000000082900000|100%| O|  |TAMS 0x0000000082900000, 0x0000000082800000| Untracked 
|  21|0x0000000082900000, 0x0000000082a00000, 0x0000000082a00000|100%| O|  |TAMS 0x0000000082a00000, 0x0000000082900000| Untracked 
|  22|0x0000000082a00000, 0x0000000082b00000, 0x0000000082b00000|100%|HS|  |TAMS 0x0000000082b00000, 0x0000000082a00000| Complete 
|  23|0x0000000082b00000, 0x0000000082c00000, 0x0000000082c00000|100%| O|  |TAMS 0x0000000082b00000, 0x0000000082b00000| Untracked 
|  24|0x0000000082c00000, 0x0000000082d00000, 0x0000000082d00000|100%| O|  |TAMS 0x0000000082d00000, 0x0000000082c00000| Untracked 
|  25|0x0000000082d00000, 0x0000000082e00000, 0x0000000082e00000|100%| O|  |TAMS 0x0000000082e00000, 0x0000000082d00000| Untracked 
|  26|0x0000000082e00000, 0x0000000082f00000, 0x0000000082f00000|100%| O|  |TAMS 0x0000000082f00000, 0x0000000082e00000| Untracked 
|  27|0x0000000082f00000, 0x0000000083000000, 0x0000000083000000|100%| O|  |TAMS 0x0000000083000000, 0x0000000082f00000| Untracked 
|  28|0x0000000083000000, 0x0000000083100000, 0x0000000083100000|100%| O|  |TAMS 0x0000000083100000, 0x0000000083000000| Untracked 
|  29|0x0000000083100000, 0x0000000083200000, 0x0000000083200000|100%|HS|  |TAMS 0x0000000083100000, 0x0000000083100000| Complete 
|  30|0x0000000083200000, 0x0000000083300000, 0x0000000083300000|100%|HC|  |TAMS 0x0000000083200000, 0x0000000083200000| Complete 
|  31|0x0000000083300000, 0x0000000083400000, 0x0000000083400000|100%|HC|  |TAMS 0x0000000083300000, 0x0000000083300000| Complete 
|  32|0x0000000083400000, 0x0000000083500000, 0x0000000083500000|100%|HC|  |TAMS 0x0000000083400000, 0x0000000083400000| Complete 
|  33|0x0000000083500000, 0x0000000083600000, 0x0000000083600000|100%|HC|  |TAMS 0x0000000083500000, 0x0000000083500000| Complete 
|  34|0x0000000083600000, 0x0000000083700000, 0x0000000083700000|100%| O|  |TAMS 0x0000000083600000, 0x0000000083600000| Untracked 
|  35|0x0000000083700000, 0x0000000083800000, 0x0000000083800000|100%| O|  |TAMS 0x0000000083700000, 0x0000000083700000| Untracked 
|  36|0x0000000083800000, 0x0000000083900000, 0x0000000083900000|100%| O|  |TAMS 0x0000000083800000, 0x0000000083800000| Untracked 
|  37|0x0000000083900000, 0x0000000083a00000, 0x0000000083a00000|100%| O|  |TAMS 0x0000000083900000, 0x0000000083900000| Untracked 
|  38|0x0000000083a00000, 0x0000000083b00000, 0x0000000083b00000|100%| O|  |TAMS 0x0000000083a00000, 0x0000000083a00000| Untracked 
|  39|0x0000000083b00000, 0x0000000083c00000, 0x0000000083c00000|100%| O|  |TAMS 0x0000000083b00000, 0x0000000083b00000| Untracked 
|  40|0x0000000083c00000, 0x0000000083d00000, 0x0000000083d00000|100%| O|  |TAMS 0x0000000083c00000, 0x0000000083c00000| Untracked 
|  41|0x0000000083d00000, 0x0000000083e00000, 0x0000000083e00000|100%| O|  |TAMS 0x0000000083d00000, 0x0000000083d00000| Untracked 
|  42|0x0000000083e00000, 0x0000000083f00000, 0x0000000083f00000|100%| O|  |TAMS 0x0000000083e00000, 0x0000000083e00000| Untracked 
|  43|0x0000000083f00000, 0x0000000084000000, 0x0000000084000000|100%| O|  |TAMS 0x0000000083f00000, 0x0000000083f00000| Untracked 
|  44|0x0000000084000000, 0x0000000084100000, 0x0000000084100000|100%| O|  |TAMS 0x0000000084000000, 0x0000000084000000| Untracked 
|  45|0x0000000084100000, 0x0000000084200000, 0x0000000084200000|100%| O|  |TAMS 0x0000000084100000, 0x0000000084100000| Untracked 
|  46|0x0000000084200000, 0x0000000084300000, 0x0000000084300000|100%| O|  |TAMS 0x0000000084200000, 0x0000000084200000| Untracked 
|  47|0x0000000084300000, 0x0000000084300000, 0x0000000084400000|  0%| F|  |TAMS 0x0000000084300000, 0x0000000084300000| Untracked 
|  48|0x0000000084400000, 0x0000000084500000, 0x0000000084500000|100%| O|  |TAMS 0x0000000084400000, 0x0000000084400000| Untracked 
|  49|0x0000000084500000, 0x0000000084600000, 0x0000000084600000|100%| O|  |TAMS 0x0000000084500000, 0x0000000084500000| Untracked 
|  50|0x0000000084600000, 0x0000000084700000, 0x0000000084700000|100%| O|  |TAMS 0x0000000084600000, 0x0000000084600000| Untracked 
|  51|0x0000000084700000, 0x0000000084800000, 0x0000000084800000|100%| O|  |TAMS 0x0000000084700000, 0x0000000084700000| Untracked 
|  52|0x0000000084800000, 0x00000000848e6000, 0x0000000084900000| 89%| O|  |TAMS 0x0000000084800000, 0x0000000084800000| Untracked 
|  53|0x0000000084900000, 0x0000000084900000, 0x0000000084a00000|  0%| F|  |TAMS 0x0000000084900000, 0x0000000084900000| Untracked 
|  54|0x0000000084a00000, 0x0000000084a00000, 0x0000000084b00000|  0%| F|  |TAMS 0x0000000084a00000, 0x0000000084a00000| Untracked 
|  55|0x0000000084b00000, 0x0000000084b00000, 0x0000000084c00000|  0%| F|  |TAMS 0x0000000084b00000, 0x0000000084b00000| Untracked 
|  56|0x0000000084c00000, 0x0000000084c00000, 0x0000000084d00000|  0%| F|  |TAMS 0x0000000084c00000, 0x0000000084c00000| Untracked 
|  57|0x0000000084d00000, 0x0000000084d00000, 0x0000000084e00000|  0%| F|  |TAMS 0x0000000084d00000, 0x0000000084d00000| Untracked 
|  58|0x0000000084e00000, 0x0000000084e00000, 0x0000000084f00000|  0%| F|  |TAMS 0x0000000084e00000, 0x0000000084e00000| Untracked 
|  59|0x0000000084f00000, 0x0000000084f00000, 0x0000000085000000|  0%| F|  |TAMS 0x0000000084f00000, 0x0000000084f00000| Untracked 
|  60|0x0000000085000000, 0x0000000085000000, 0x0000000085100000|  0%| F|  |TAMS 0x0000000085000000, 0x0000000085000000| Untracked 
|  61|0x0000000085100000, 0x0000000085100000, 0x0000000085200000|  0%| F|  |TAMS 0x0000000085100000, 0x0000000085100000| Untracked 
|  62|0x0000000085200000, 0x0000000085200000, 0x0000000085300000|  0%| F|  |TAMS 0x0000000085200000, 0x0000000085200000| Untracked 
|  63|0x0000000085300000, 0x0000000085300000, 0x0000000085400000|  0%| F|  |TAMS 0x0000000085300000, 0x0000000085300000| Untracked 
|  64|0x0000000085400000, 0x0000000085400000, 0x0000000085500000|  0%| F|  |TAMS 0x0000000085400000, 0x0000000085400000| Untracked 
|  65|0x0000000085500000, 0x0000000085500000, 0x0000000085600000|  0%| F|  |TAMS 0x0000000085500000, 0x0000000085500000| Untracked 
|  66|0x0000000085600000, 0x0000000085600000, 0x0000000085700000|  0%| F|  |TAMS 0x0000000085600000, 0x0000000085600000| Untracked 
|  67|0x0000000085700000, 0x0000000085700000, 0x0000000085800000|  0%| F|  |TAMS 0x0000000085700000, 0x0000000085700000| Untracked 
|  68|0x0000000085800000, 0x0000000085800000, 0x0000000085900000|  0%| F|  |TAMS 0x0000000085800000, 0x0000000085800000| Untracked 
|  69|0x0000000085900000, 0x0000000085900000, 0x0000000085a00000|  0%| F|  |TAMS 0x0000000085900000, 0x0000000085900000| Untracked 
|  70|0x0000000085a00000, 0x0000000085a00000, 0x0000000085b00000|  0%| F|  |TAMS 0x0000000085a00000, 0x0000000085a00000| Untracked 
|  71|0x0000000085b00000, 0x0000000085b00000, 0x0000000085c00000|  0%| F|  |TAMS 0x0000000085b00000, 0x0000000085b00000| Untracked 
|  72|0x0000000085c00000, 0x0000000085c00000, 0x0000000085d00000|  0%| F|  |TAMS 0x0000000085c00000, 0x0000000085c00000| Untracked 
|  73|0x0000000085d00000, 0x0000000085d00000, 0x0000000085e00000|  0%| F|  |TAMS 0x0000000085d00000, 0x0000000085d00000| Untracked 
|  74|0x0000000085e00000, 0x0000000085e00000, 0x0000000085f00000|  0%| F|  |TAMS 0x0000000085e00000, 0x0000000085e00000| Untracked 
|  75|0x0000000085f00000, 0x0000000085f00000, 0x0000000086000000|  0%| F|  |TAMS 0x0000000085f00000, 0x0000000085f00000| Untracked 
|  76|0x0000000086000000, 0x0000000086000000, 0x0000000086100000|  0%| F|  |TAMS 0x0000000086000000, 0x0000000086000000| Untracked 
|  77|0x0000000086100000, 0x0000000086100000, 0x0000000086200000|  0%| F|  |TAMS 0x0000000086100000, 0x0000000086100000| Untracked 
|  78|0x0000000086200000, 0x0000000086200000, 0x0000000086300000|  0%| F|  |TAMS 0x0000000086200000, 0x0000000086200000| Untracked 
|  79|0x0000000086300000, 0x0000000086300000, 0x0000000086400000|  0%| F|  |TAMS 0x0000000086300000, 0x0000000086300000| Untracked 
|  80|0x0000000086400000, 0x0000000086400000, 0x0000000086500000|  0%| F|  |TAMS 0x0000000086400000, 0x0000000086400000| Untracked 
|  81|0x0000000086500000, 0x0000000086500000, 0x0000000086600000|  0%| F|  |TAMS 0x0000000086500000, 0x0000000086500000| Untracked 
|  82|0x0000000086600000, 0x00000000866cb0a0, 0x0000000086700000| 79%| S|CS|TAMS 0x0000000086600000, 0x0000000086600000| Complete 
|  83|0x0000000086700000, 0x0000000086800000, 0x0000000086800000|100%| S|CS|TAMS 0x0000000086700000, 0x0000000086700000| Complete 
|  84|0x0000000086800000, 0x0000000086900000, 0x0000000086900000|100%| S|CS|TAMS 0x0000000086800000, 0x0000000086800000| Complete 
|  85|0x0000000086900000, 0x0000000086a00000, 0x0000000086a00000|100%| S|CS|TAMS 0x0000000086900000, 0x0000000086900000| Complete 
|  86|0x0000000086a00000, 0x0000000086b00000, 0x0000000086b00000|100%| S|CS|TAMS 0x0000000086a00000, 0x0000000086a00000| Complete 
|  87|0x0000000086b00000, 0x0000000086b00000, 0x0000000086c00000|  0%| F|  |TAMS 0x0000000086b00000, 0x0000000086b00000| Untracked 
|  88|0x0000000086c00000, 0x0000000086c00000, 0x0000000086d00000|  0%| F|  |TAMS 0x0000000086c00000, 0x0000000086c00000| Untracked 
|  89|0x0000000086d00000, 0x0000000086d00000, 0x0000000086e00000|  0%| F|  |TAMS 0x0000000086d00000, 0x0000000086d00000| Untracked 
|  90|0x0000000086e00000, 0x0000000086e00000, 0x0000000086f00000|  0%| F|  |TAMS 0x0000000086e00000, 0x0000000086e00000| Untracked 
|  91|0x0000000086f00000, 0x0000000086f00000, 0x0000000087000000|  0%| F|  |TAMS 0x0000000086f00000, 0x0000000086f00000| Untracked 
|  92|0x0000000087000000, 0x0000000087000000, 0x0000000087100000|  0%| F|  |TAMS 0x0000000087000000, 0x0000000087000000| Untracked 
|  93|0x0000000087100000, 0x0000000087100000, 0x0000000087200000|  0%| F|  |TAMS 0x0000000087100000, 0x0000000087100000| Untracked 
|  94|0x0000000087200000, 0x0000000087200000, 0x0000000087300000|  0%| F|  |TAMS 0x0000000087200000, 0x0000000087200000| Untracked 
|  95|0x0000000087300000, 0x0000000087300000, 0x0000000087400000|  0%| F|  |TAMS 0x0000000087300000, 0x0000000087300000| Untracked 
|  96|0x0000000087400000, 0x0000000087400000, 0x0000000087500000|  0%| F|  |TAMS 0x0000000087400000, 0x0000000087400000| Untracked 
|  97|0x0000000087500000, 0x0000000087500000, 0x0000000087600000|  0%| F|  |TAMS 0x0000000087500000, 0x0000000087500000| Untracked 
|  98|0x0000000087600000, 0x0000000087600000, 0x0000000087700000|  0%| F|  |TAMS 0x0000000087600000, 0x0000000087600000| Untracked 
|  99|0x0000000087700000, 0x0000000087780800, 0x0000000087800000| 50%| E|  |TAMS 0x0000000087700000, 0x0000000087700000| Complete 
| 100|0x0000000087800000, 0x0000000087900000, 0x0000000087900000|100%| E|CS|TAMS 0x0000000087800000, 0x0000000087800000| Complete 
| 101|0x0000000087900000, 0x0000000087a00000, 0x0000000087a00000|100%| E|CS|TAMS 0x0000000087900000, 0x0000000087900000| Complete 
| 102|0x0000000087a00000, 0x0000000087b00000, 0x0000000087b00000|100%| E|CS|TAMS 0x0000000087a00000, 0x0000000087a00000| Complete 
| 103|0x0000000087b00000, 0x0000000087c00000, 0x0000000087c00000|100%| E|CS|TAMS 0x0000000087b00000, 0x0000000087b00000| Complete 
| 104|0x0000000087c00000, 0x0000000087d00000, 0x0000000087d00000|100%| E|CS|TAMS 0x0000000087c00000, 0x0000000087c00000| Complete 
| 105|0x0000000087d00000, 0x0000000087e00000, 0x0000000087e00000|100%| E|CS|TAMS 0x0000000087d00000, 0x0000000087d00000| Complete 
| 106|0x0000000087e00000, 0x0000000087f00000, 0x0000000087f00000|100%| E|CS|TAMS 0x0000000087e00000, 0x0000000087e00000| Complete 
| 107|0x0000000087f00000, 0x0000000088000000, 0x0000000088000000|100%| E|CS|TAMS 0x0000000087f00000, 0x0000000087f00000| Complete 
| 108|0x0000000088000000, 0x0000000088100000, 0x0000000088100000|100%| E|CS|TAMS 0x0000000088000000, 0x0000000088000000| Complete 
| 109|0x0000000088100000, 0x0000000088200000, 0x0000000088200000|100%| E|CS|TAMS 0x0000000088100000, 0x0000000088100000| Complete 
| 110|0x0000000088200000, 0x0000000088300000, 0x0000000088300000|100%| E|CS|TAMS 0x0000000088200000, 0x0000000088200000| Complete 
| 111|0x0000000088300000, 0x0000000088400000, 0x0000000088400000|100%| E|CS|TAMS 0x0000000088300000, 0x0000000088300000| Complete 
| 112|0x0000000088400000, 0x0000000088500000, 0x0000000088500000|100%| E|CS|TAMS 0x0000000088400000, 0x0000000088400000| Complete 
| 113|0x0000000088500000, 0x0000000088600000, 0x0000000088600000|100%| E|CS|TAMS 0x0000000088500000, 0x0000000088500000| Complete 
| 114|0x0000000088600000, 0x0000000088700000, 0x0000000088700000|100%| E|CS|TAMS 0x0000000088600000, 0x0000000088600000| Complete 
| 115|0x0000000088700000, 0x0000000088800000, 0x0000000088800000|100%| E|CS|TAMS 0x0000000088700000, 0x0000000088700000| Complete 
| 116|0x0000000088800000, 0x0000000088900000, 0x0000000088900000|100%| E|CS|TAMS 0x0000000088800000, 0x0000000088800000| Complete 
| 117|0x0000000088900000, 0x0000000088a00000, 0x0000000088a00000|100%| E|CS|TAMS 0x0000000088900000, 0x0000000088900000| Complete 
| 118|0x0000000088a00000, 0x0000000088b00000, 0x0000000088b00000|100%| E|CS|TAMS 0x0000000088a00000, 0x0000000088a00000| Complete 
| 119|0x0000000088b00000, 0x0000000088c00000, 0x0000000088c00000|100%| E|CS|TAMS 0x0000000088b00000, 0x0000000088b00000| Complete 
| 120|0x0000000088c00000, 0x0000000088d00000, 0x0000000088d00000|100%| E|CS|TAMS 0x0000000088c00000, 0x0000000088c00000| Complete 
| 121|0x0000000088d00000, 0x0000000088e00000, 0x0000000088e00000|100%| E|CS|TAMS 0x0000000088d00000, 0x0000000088d00000| Complete 
| 122|0x0000000088e00000, 0x0000000088f00000, 0x0000000088f00000|100%| E|CS|TAMS 0x0000000088e00000, 0x0000000088e00000| Complete 
| 123|0x0000000088f00000, 0x0000000089000000, 0x0000000089000000|100%| E|CS|TAMS 0x0000000088f00000, 0x0000000088f00000| Complete 
| 124|0x0000000089000000, 0x0000000089100000, 0x0000000089100000|100%| E|CS|TAMS 0x0000000089000000, 0x0000000089000000| Complete 
| 125|0x0000000089100000, 0x0000000089200000, 0x0000000089200000|100%| E|CS|TAMS 0x0000000089100000, 0x0000000089100000| Complete 
| 126|0x0000000089200000, 0x0000000089300000, 0x0000000089300000|100%| E|CS|TAMS 0x0000000089200000, 0x0000000089200000| Complete 
| 127|0x0000000089300000, 0x0000000089400000, 0x0000000089400000|100%| E|CS|TAMS 0x0000000089300000, 0x0000000089300000| Complete 

Card table byte_map: [0x0000025537580000,0x0000025537980000] _byte_map_base: 0x0000025537176000

Marking Bits (Prev, Next): (CMBitMap*) 0x000002551fa62710, (CMBitMap*) 0x000002551fa626d8
 Prev Bits: [0x0000025539d30000, 0x000002553bce0000)
 Next Bits: [0x0000025537d80000, 0x0000025539d30000)

Polling page: 0x000002551d9a0000

Metaspace:

Usage:
  Non-class:     54.50 MB capacity,    54.02 MB (>99%) used,   384.98 KB ( <1%) free+waste,   103.19 KB ( <1%) overhead. 
      Class:      7.03 MB capacity,     6.70 MB ( 95%) used,   296.70 KB (  4%) free+waste,    45.06 KB ( <1%) overhead. 
       Both:     61.53 MB capacity,    60.72 MB ( 99%) used,   681.69 KB (  1%) free+waste,   148.25 KB ( <1%) overhead. 

Virtual space:
  Non-class space:       56.00 MB reserved,      54.50 MB ( 97%) committed 
      Class space:        1.00 GB reserved,       7.13 MB ( <1%) committed 
             Both:        1.05 GB reserved,      61.63 MB (  6%) committed 

Chunk freelists:
   Non-Class:  5.00 KB
       Class:  0 bytes
        Both:  5.00 KB

MaxMetaspaceSize: 17179869184.00 GB
CompressedClassSpaceSize: 1.00 GB
Initial GC threshold: 20.80 MB
Current GC threshold: 71.25 MB
CDS: off

CodeHeap 'non-profiled nmethods': size=120064Kb used=4553Kb max_used=4553Kb free=115510Kb
 bounds [0x000002552fc40000, 0x00000255300c0000, 0x0000025537180000]
CodeHeap 'profiled nmethods': size=120000Kb used=24822Kb max_used=24822Kb free=95177Kb
 bounds [0x0000025528710000, 0x0000025529f50000, 0x000002552fc40000]
CodeHeap 'non-nmethods': size=5696Kb used=1291Kb max_used=1373Kb free=4404Kb
 bounds [0x0000025528180000, 0x00000255283f0000, 0x0000025528710000]
 total_blobs=9452 nmethods=8875 adapters=488
 compilation: enabled
              stopped_count=0, restarted_count=0
 full_count=0

Compilation events (20 events):
Event: 29.018 Thread 0x0000025543b2a800 nmethod 8901 0x00000255300abd10 code [0x00000255300ac200, 0x00000255300af2f8]
Event: 29.018 Thread 0x000002553e206000 8964       3       org.jetbrains.kotlin.resolve.calls.inference.components.ConstraintInjector::processGivenConstraints (236 bytes)
Event: 29.018 Thread 0x0000025543b2a800 8923       4       org.jetbrains.kotlin.types.TypeSubstitutor::unsafeSubstitute (813 bytes)
Event: 29.021 Thread 0x000002553e206000 nmethod 8964 0x0000025529f3cc90 code [0x0000025529f3d0c0, 0x0000025529f3f108]
Event: 29.021 Thread 0x000002553e206000 8966       3       org.jetbrains.kotlin.descriptors.impl.AbstractReceiverParameterDescriptor::getType (18 bytes)
Event: 29.022 Thread 0x000002553e206000 nmethod 8966 0x0000025529f3fc10 code [0x0000025529f3fde0, 0x0000025529f400c8]
Event: 29.022 Thread 0x000002553e206000 8965       3       org.jetbrains.kotlin.descriptors.impl.PropertyGetterDescriptorImpl::<init> (118 bytes)
Event: 29.024 Thread 0x000002553e206000 nmethod 8965 0x0000025529f40210 code [0x0000025529f40520, 0x0000025529f41348]
Event: 29.024 Thread 0x000002553e206000 8967       3       org.jetbrains.kotlin.resolve.constants.evaluate.ConstantExpressionEvaluator::evaluateExpression$default (35 bytes)
Event: 29.024 Thread 0x000002553e206000 nmethod 8967 0x0000025529f41890 code [0x0000025529f41a40, 0x0000025529f41be8]
Event: 29.026 Thread 0x000002553e206000 8968       3       org.jetbrains.kotlin.load.java.components.LazyResolveBasedCache::recordMethod (59 bytes)
Event: 29.027 Thread 0x000002553e206000 nmethod 8968 0x0000025529f41d10 code [0x0000025529f42020, 0x0000025529f43038]
Event: 29.030 Thread 0x000002553e206000 8970       3       org.jetbrains.kotlin.load.java.typeEnhancement.SignatureEnhancementKt::isNullabilityFlexible (52 bytes)
Event: 29.031 Thread 0x000002553e206000 nmethod 8970 0x0000025529f43590 code [0x0000025529f437a0, 0x0000025529f43de8]
Event: 29.039 Thread 0x000002553e206000 8972       3       org.jetbrains.kotlin.descriptors.impl.AbstractTypeParameterDescriptor::<init> (136 bytes)
Event: 29.041 Thread 0x000002553e206000 nmethod 8972 0x0000025529f43f90 code [0x0000025529f44220, 0x0000025529f44df8]
Event: 29.047 Thread 0x000002553e206000 8973       3       org.jetbrains.kotlin.descriptors.impl.TypeParameterDescriptorImpl::resolveUpperBounds (18 bytes)
Event: 29.048 Thread 0x000002553e206000 nmethod 8973 0x0000025529f45190 code [0x0000025529f45360, 0x0000025529f45518]
Event: 29.048 Thread 0x000002553e206000 8974       3       org.jetbrains.kotlin.resolve.OverridingUtil$3::invoke (9 bytes)
Event: 29.049 Thread 0x000002553e206000 nmethod 8974 0x0000025529f45610 code [0x0000025529f45800, 0x0000025529f45c48]

GC Heap History (20 events):
Event: 5.172 GC heap before
{Heap before GC invocations=1 (full 0):
 garbage-first heap   total 131072K, used 50724K [0x0000000081400000, 0x0000000100000000)
  region size 1024K, 47 young (48128K), 2 survivors (2048K)
 Metaspace       used 20929K, capacity 21203K, committed 21248K, reserved 1069056K
  class space    used 2198K, capacity 2283K, committed 2304K, reserved 1048576K
}
Event: 5.191 GC heap after
{Heap after GC invocations=2 (full 0):
 garbage-first heap   total 131072K, used 9087K [0x0000000081400000, 0x0000000100000000)
  region size 1024K, 6 young (6144K), 6 survivors (6144K)
 Metaspace       used 20929K, capacity 21203K, committed 21248K, reserved 1069056K
  class space    used 2198K, capacity 2283K, committed 2304K, reserved 1048576K
}
Event: 10.451 GC heap before
{Heap before GC invocations=3 (full 0):
 garbage-first heap   total 131072K, used 74623K [0x0000000081400000, 0x0000000100000000)
  region size 1024K, 51 young (52224K), 6 survivors (6144K)
 Metaspace       used 31007K, capacity 31498K, committed 31616K, reserved 1077248K
  class space    used 3652K, capacity 3881K, committed 3968K, reserved 1048576K
}
Event: 10.471 GC heap after
{Heap after GC invocations=4 (full 0):
 garbage-first heap   total 131072K, used 23035K [0x0000000081400000, 0x0000000100000000)
  region size 1024K, 6 young (6144K), 6 survivors (6144K)
 Metaspace       used 31007K, capacity 31498K, committed 31616K, reserved 1077248K
  class space    used 3652K, capacity 3881K, committed 3968K, reserved 1048576K
}
Event: 12.594 GC heap before
{Heap before GC invocations=4 (full 0):
 garbage-first heap   total 131072K, used 71163K [0x0000000081400000, 0x0000000100000000)
  region size 1024K, 52 young (53248K), 6 survivors (6144K)
 Metaspace       used 33387K, capacity 33930K, committed 34048K, reserved 1079296K
  class space    used 4085K, capacity 4303K, committed 4352K, reserved 1048576K
}
Event: 12.623 GC heap after
{Heap after GC invocations=5 (full 0):
 garbage-first heap   total 131072K, used 27319K [0x0000000081400000, 0x0000000100000000)
  region size 1024K, 7 young (7168K), 7 survivors (7168K)
 Metaspace       used 33387K, capacity 33930K, committed 34048K, reserved 1079296K
  class space    used 4085K, capacity 4303K, committed 4352K, reserved 1048576K
}
Event: 12.958 GC heap before
{Heap before GC invocations=5 (full 0):
 garbage-first heap   total 131072K, used 29367K [0x0000000081400000, 0x0000000100000000)
  region size 1024K, 9 young (9216K), 7 survivors (7168K)
 Metaspace       used 33943K, capacity 34442K, committed 34688K, reserved 1079296K
  class space    used 4154K, capacity 4367K, committed 4480K, reserved 1048576K
}
Event: 12.975 GC heap after
{Heap after GC invocations=6 (full 0):
 garbage-first heap   total 131072K, used 28672K [0x0000000081400000, 0x0000000100000000)
  region size 1024K, 1 young (1024K), 1 survivors (1024K)
 Metaspace       used 33943K, capacity 34442K, committed 34688K, reserved 1079296K
  class space    used 4154K, capacity 4367K, committed 4480K, reserved 1048576K
}
Event: 13.242 GC heap before
{Heap before GC invocations=6 (full 0):
 garbage-first heap   total 131072K, used 32768K [0x0000000081400000, 0x0000000100000000)
  region size 1024K, 6 young (6144K), 1 survivors (1024K)
 Metaspace       used 35199K, capacity 35658K, committed 35840K, reserved 1081344K
  class space    used 4297K, capacity 4495K, committed 4608K, reserved 1048576K
}
Event: 13.244 GC heap after
{Heap after GC invocations=7 (full 0):
 garbage-first heap   total 131072K, used 28096K [0x0000000081400000, 0x0000000100000000)
  region size 1024K, 1 young (1024K), 1 survivors (1024K)
 Metaspace       used 35199K, capacity 35658K, committed 35840K, reserved 1081344K
  class space    used 4297K, capacity 4495K, committed 4608K, reserved 1048576K
}
Event: 16.148 GC heap before
{Heap before GC invocations=8 (full 0):
 garbage-first heap   total 131072K, used 83392K [0x0000000081400000, 0x0000000100000000)
  region size 1024K, 44 young (45056K), 1 survivors (1024K)
 Metaspace       used 42768K, capacity 43330K, committed 43520K, reserved 1087488K
  class space    used 5029K, capacity 5277K, committed 5376K, reserved 1048576K
}
Event: 16.156 GC heap after
{Heap after GC invocations=9 (full 0):
 garbage-first heap   total 131072K, used 34403K [0x0000000081400000, 0x0000000100000000)
  region size 1024K, 6 young (6144K), 6 survivors (6144K)
 Metaspace       used 42768K, capacity 43330K, committed 43520K, reserved 1087488K
  class space    used 5029K, capacity 5277K, committed 5376K, reserved 1048576K
}
Event: 19.213 GC heap before
{Heap before GC invocations=10 (full 0):
 garbage-first heap   total 131072K, used 83555K [0x0000000081400000, 0x0000000100000000)
  region size 1024K, 49 young (50176K), 6 survivors (6144K)
 Metaspace       used 53345K, capacity 54074K, committed 54272K, reserved 1097728K
  class space    used 6244K, capacity 6548K, committed 6656K, reserved 1048576K
}
Event: 19.230 GC heap after
{Heap after GC invocations=11 (full 0):
 garbage-first heap   total 131072K, used 44073K [0x0000000081400000, 0x0000000100000000)
  region size 1024K, 5 young (5120K), 5 survivors (5120K)
 Metaspace       used 53345K, capacity 54074K, committed 54272K, reserved 1097728K
  class space    used 6244K, capacity 6548K, committed 6656K, reserved 1048576K
}
Event: 20.570 GC heap before
{Heap before GC invocations=11 (full 0):
 garbage-first heap   total 131072K, used 87081K [0x0000000081400000, 0x0000000100000000)
  region size 1024K, 46 young (47104K), 5 survivors (5120K)
 Metaspace       used 55040K, capacity 55801K, committed 55936K, reserved 1097728K
  class space    used 6368K, capacity 6664K, committed 6784K, reserved 1048576K
}
Event: 20.585 GC heap after
{Heap after GC invocations=12 (full 0):
 garbage-first heap   total 131072K, used 47522K [0x0000000081400000, 0x0000000100000000)
  region size 1024K, 4 young (4096K), 4 survivors (4096K)
 Metaspace       used 55040K, capacity 55801K, committed 55936K, reserved 1097728K
  class space    used 6368K, capacity 6664K, committed 6784K, reserved 1048576K
}
Event: 23.051 GC heap before
{Heap before GC invocations=12 (full 0):
 garbage-first heap   total 131072K, used 90530K [0x0000000081400000, 0x0000000100000000)
  region size 1024K, 46 young (47104K), 4 survivors (4096K)
 Metaspace       used 57495K, capacity 58326K, committed 58624K, reserved 1101824K
  class space    used 6536K, capacity 6846K, committed 6912K, reserved 1048576K
}
Event: 23.071 GC heap after
{Heap after GC invocations=13 (full 0):
 garbage-first heap   total 131072K, used 52884K [0x0000000081400000, 0x0000000100000000)
  region size 1024K, 5 young (5120K), 5 survivors (5120K)
 Metaspace       used 57495K, capacity 58326K, committed 58624K, reserved 1101824K
  class space    used 6536K, capacity 6846K, committed 6912K, reserved 1048576K
}
Event: 26.574 GC heap before
{Heap before GC invocations=13 (full 0):
 garbage-first heap   total 131072K, used 95892K [0x0000000081400000, 0x0000000100000000)
  region size 1024K, 46 young (47104K), 5 survivors (5120K)
 Metaspace       used 60768K, capacity 61575K, committed 61696K, reserved 1103872K
  class space    used 6781K, capacity 7091K, committed 7168K, reserved 1048576K
}
Event: 26.596 GC heap after
{Heap after GC invocations=14 (full 0):
 garbage-first heap   total 131072K, used 58052K [0x0000000081400000, 0x0000000100000000)
  region size 1024K, 5 young (5120K), 5 survivors (5120K)
 Metaspace       used 60768K, capacity 61575K, committed 61696K, reserved 1103872K
  class space    used 6781K, capacity 7091K, committed 7168K, reserved 1048576K
}

Deoptimization events (20 events):
Event: 28.560 Thread 0x000002551fa21000 Uncommon trap: trap_request=0xffffff4d fr.pc=0x000002553008cf58 relative=0x00000000000003d8
Event: 28.560 Thread 0x000002551fa21000 Uncommon trap: reason=unstable_if action=reinterpret pc=0x000002553008cf58 method=org.jetbrains.kotlin.types.TypeSubstitutor.substituteCompoundType(Lorg/jetbrains/kotlin/types/TypeProjection;I)Lorg/jetbrains/kotlin/types/TypeProjection; @ 27 c2
Event: 28.560 Thread 0x000002551fa21000 DEOPT PACKING pc=0x000002553008cf58 sp=0x000000d5e9ff9190
Event: 28.560 Thread 0x000002551fa21000 DEOPT UNPACKING pc=0x00000255281ca1af sp=0x000000d5e9ff9128 mode 2
Event: 28.561 Thread 0x000002551fa21000 Uncommon trap: trap_request=0xffffff4d fr.pc=0x0000025530005d58 relative=0x0000000000000218
Event: 28.561 Thread 0x000002551fa21000 Uncommon trap: reason=unstable_if action=reinterpret pc=0x0000025530005d58 method=org.jetbrains.kotlin.types.IndexedParametersSubstitution.get(Lorg/jetbrains/kotlin/types/KotlinType;)Lorg/jetbrains/kotlin/types/TypeProjection; @ 79 c2
Event: 28.561 Thread 0x000002551fa21000 DEOPT PACKING pc=0x0000025530005d58 sp=0x000000d5e9ff8ed0
Event: 28.561 Thread 0x000002551fa21000 DEOPT UNPACKING pc=0x00000255281ca1af sp=0x000000d5e9ff8e58 mode 2
Event: 28.592 Thread 0x000002551fa21000 Uncommon trap: trap_request=0xffffff4d fr.pc=0x0000025530063710 relative=0x0000000000003a50
Event: 28.592 Thread 0x000002551fa21000 Uncommon trap: reason=unstable_if action=reinterpret pc=0x0000025530063710 method=org.jetbrains.kotlin.types.checker.ClassicTypeSystemContext$DefaultImpls.asDefinitelyNotNullType(Lorg/jetbrains/kotlin/types/checker/ClassicTypeSystemContext;Lorg/jetbrains/
Event: 28.592 Thread 0x000002551fa21000 DEOPT PACKING pc=0x0000025530063710 sp=0x000000d5e9ff9700
Event: 28.592 Thread 0x000002551fa21000 DEOPT UNPACKING pc=0x00000255281ca1af sp=0x000000d5e9ff9418 mode 2
Event: 28.592 Thread 0x000002551fa21000 Uncommon trap: trap_request=0xffffff4d fr.pc=0x000002552ffd8a1c relative=0x000000000000007c
Event: 28.592 Thread 0x000002551fa21000 Uncommon trap: reason=unstable_if action=reinterpret pc=0x000002552ffd8a1c method=org.jetbrains.kotlin.types.checker.ClassicTypeSystemContext$DefaultImpls.asDefinitelyNotNullType(Lorg/jetbrains/kotlin/types/checker/ClassicTypeSystemContext;Lorg/jetbrains/
Event: 28.592 Thread 0x000002551fa21000 DEOPT PACKING pc=0x000002552ffd8a1c sp=0x000000d5e9ff9470
Event: 28.592 Thread 0x000002551fa21000 DEOPT UNPACKING pc=0x00000255281ca1af sp=0x000000d5e9ff9378 mode 2
Event: 28.697 Thread 0x000002551fa21000 Uncommon trap: trap_request=0xffffff4d fr.pc=0x000002552ffd6e80 relative=0x0000000000000060
Event: 28.697 Thread 0x000002551fa21000 Uncommon trap: reason=unstable_if action=reinterpret pc=0x000002552ffd6e80 method=org.jetbrains.kotlin.types.checker.ClassicTypeSystemContext$DefaultImpls.asDefinitelyNotNullType(Lorg/jetbrains/kotlin/types/checker/ClassicTypeSystemContext;Lorg/jetbrains/
Event: 28.697 Thread 0x000002551fa21000 DEOPT PACKING pc=0x000002552ffd6e80 sp=0x000000d5e9ff94f0
Event: 28.697 Thread 0x000002551fa21000 DEOPT UNPACKING pc=0x00000255281ca1af sp=0x000000d5e9ff9460 mode 2

Classes redefined (0 events):
No events

Internal exceptions (20 events):
Event: 18.432 Thread 0x000002551fa21000 Exception <a 'java/lang/NoSuchMethodError'{0x00000000877afde0}: 'java.lang.Object java.lang.invoke.Invokers$Holder.linkToTargetMethod(java.lang.Object, java.lang.Object, java.lang.Object, int, java.lang.Object)'> (0x00000000877afde0) thrown at [./src/hotspot/share/interpreter/linkResolver.cpp, line 773]
Event: 20.194 Thread 0x000002551fa21000 Exception <a 'java/lang/NoSuchMethodError'{0x0000000086f47870}: 'java.lang.Object java.lang.invoke.DirectMethodHandle$Holder.invokeSpecial(java.lang.Object, java.lang.Object, java.lang.Object, java.lang.Object, java.lang.Object, java.lang.Object, java.lang.Object, java.lang.Object, java.lang.Object)'> (0x0000000086f47870) thrown at [./src/hotspot/share/interpreter/linkResolver.cpp, line 773]
Event: 20.194 Thread 0x000002551fa21000 Exception <a 'java/lang/NoSuchMethodError'{0x0000000086f4ba68}: 'java.lang.Object java.lang.invoke.Invokers$Holder.linkToTargetMethod(java.lang.Object, java.lang.Object, java.lang.Object, java.lang.Object, java.lang.Object, java.lang.Object, java.lang.Object, java.lang.Object)'> (0x0000000086f4ba68) thrown at [./src/hotspot/share/interpreter/linkResolver.cpp, line 773]
Event: 20.536 Thread 0x000002551fa21000 Implicit null exception at 0x000002552fe64cd5 to 0x000002552fe65834
Event: 20.537 Thread 0x000002551fa21000 Implicit null exception at 0x000002552fe6832f to 0x000002552fe6835c
Event: 20.700 Thread 0x000002551fa21000 Exception <a 'java/lang/NoSuchMethodError'{0x000000008926f820}: 'java.lang.Object java.lang.invoke.DirectMethodHandle$Holder.invokeStaticInit(java.lang.Object, java.lang.Object, java.lang.Object)'> (0x000000008926f820) thrown at [./src/hotspot/share/interpreter/linkResolver.cpp, line 773]
Event: 20.711 Thread 0x000002551fa21000 Exception <a 'java/lang/NoSuchMethodError'{0x00000000892a4a10}: 'java.lang.Object java.lang.invoke.DirectMethodHandle$Holder.invokeStatic(java.lang.Object, int, java.lang.Object, java.lang.Object)'> (0x00000000892a4a10) thrown at [./src/hotspot/share/interpreter/linkResolver.cpp, line 773]
Event: 20.739 Thread 0x000002551fa21000 Exception <a 'java/lang/NoSuchMethodError'{0x00000000892ac828}: 'java.lang.Object java.lang.invoke.DirectMethodHandle$Holder.invokeStatic(java.lang.Object, int, java.lang.Object)'> (0x00000000892ac828) thrown at [./src/hotspot/share/interpreter/linkResolver.cpp, line 773]
Event: 20.740 Thread 0x000002551fa21000 Exception <a 'java/lang/NoSuchMethodError'{0x00000000892b2e00}: 'int java.lang.invoke.DirectMethodHandle$Holder.invokeInterface(java.lang.Object, java.lang.Object)'> (0x00000000892b2e00) thrown at [./src/hotspot/share/interpreter/linkResolver.cpp, line 773]
Event: 22.848 Thread 0x000002551fa21000 Exception <a 'java/lang/NoSuchMethodError'{0x0000000086ec51d8}: 'java.lang.Object java.lang.invoke.Invokers$Holder.linkToTargetMethod(java.lang.Object, java.lang.Object, java.lang.Object, java.lang.Object, java.lang.Object, java.lang.Object)'> (0x0000000086ec51d8) thrown at [./src/hotspot/share/interpreter/linkResolver.cpp, line 773]
Event: 22.956 Thread 0x000002551fa21000 Implicit null exception at 0x000002552fc9dcde to 0x000002552fc9e44a
Event: 22.956 Thread 0x000002551fa21000 Implicit null exception at 0x000002552fc8f8af to 0x000002552fc8f91d
Event: 23.016 Thread 0x000002551fa21000 Implicit null exception at 0x000002552fedeedb to 0x000002552fee3950
Event: 23.425 Thread 0x000002551fa21000 Implicit null exception at 0x000002552ff3100d to 0x000002552ff38d58
Event: 24.746 Thread 0x000002551fa21000 Exception <a 'java/lang/NoSuchMethodError'{0x0000000088246eb8}: 'java.lang.Object java.lang.invoke.Invokers$Holder.linkToTargetMethod(java.lang.Object, java.lang.Object, java.lang.Object, java.lang.Object, java.lang.Object, java.lang.Object, java.lang.Object)'> (0x0000000088246eb8) thrown at [./src/hotspot/share/interpreter/linkResolver.cpp, line 773]
Event: 24.875 Thread 0x000002551fa21000 Exception <a 'java/lang/NoSuchMethodError'{0x000000008818af00}: 'java.lang.Object java.lang.invoke.DirectMethodHandle$Holder.invokeInterface(java.lang.Object, java.lang.Object, java.lang.Object)'> (0x000000008818af00) thrown at [./src/hotspot/share/interpreter/linkResolver.cpp, line 773]
Event: 24.875 Thread 0x000002551fa21000 Exception <a 'java/lang/IncompatibleClassChangeError'{0x000000008818e3d8}: Found class java.lang.Object, but interface was expected> (0x000000008818e3d8) thrown at [./src/hotspot/share/interpreter/linkResolver.cpp, line 839]
Event: 25.620 Thread 0x000002551fa21000 Implicit null exception at 0x000002552ff8cef4 to 0x000002552ff8d4fc
Event: 26.532 Thread 0x000002551fa21000 Exception <a 'java/lang/NoSuchMethodError'{0x0000000086be61d0}: 'java.lang.Object java.lang.invoke.Invokers$Holder.linkToTargetMethod(java.lang.Object, java.lang.Object, java.lang.Object, int, int, java.lang.Object)'> (0x0000000086be61d0) thrown at [./src/hotspot/share/interpreter/linkResolver.cpp, line 773]
Event: 26.731 Thread 0x000002551fa21000 Exception <a 'java/lang/NoSuchMethodError'{0x0000000089167670}: 'int java.lang.invoke.DirectMethodHandle$Holder.invokeStaticInit(java.lang.Object, int)'> (0x0000000089167670) thrown at [./src/hotspot/share/interpreter/linkResolver.cpp, line 773]

Events (20 events):
Event: 28.595 loading class org/jetbrains/kotlin/resolve/calls/inference/components/TypeVariableDependencyInformationProvider$computeRelatedToAllOutputTypes$1
Event: 28.595 loading class org/jetbrains/kotlin/resolve/calls/inference/components/TypeVariableDependencyInformationProvider$computeRelatedToAllOutputTypes$1 done
Event: 28.596 loading class org/jetbrains/kotlin/resolve/calls/inference/components/KotlinConstraintSystemCompleter$runCompletion$wasFixedSomeVariable$1
Event: 28.596 loading class org/jetbrains/kotlin/resolve/calls/inference/components/KotlinConstraintSystemCompleter$runCompletion$wasFixedSomeVariable$1 done
Event: 28.597 loading class org/jetbrains/kotlin/builtins/FunctionTypesKt$isBuiltinFunctionalTypeOrSubtype$1
Event: 28.597 loading class org/jetbrains/kotlin/builtins/FunctionTypesKt$isBuiltinFunctionalTypeOrSubtype$1 done
Event: 28.793 Executing VM operation: ICBufferFull
Event: 28.793 Executing VM operation: ICBufferFull done
Event: 28.854 loading class org/jetbrains/kotlin/resolve/deprecation/DeprecatedByAnnotation$StandardDeprecated
Event: 28.854 loading class org/jetbrains/kotlin/resolve/deprecation/DeprecatedByAnnotation$StandardDeprecated done
Event: 28.855 loading class org/jetbrains/kotlin/resolve/deprecation/DeprecatedByVersionRequirement
Event: 28.855 loading class org/jetbrains/kotlin/resolve/deprecation/DeprecatedByVersionRequirement done
Event: 28.883 Executing VM operation: Deoptimize
Event: 28.884 Executing VM operation: Deoptimize done
Event: 28.884 loading class org/jetbrains/kotlin/resolve/deprecation/DeprecatedTypealiasByAnnotation
Event: 28.884 loading class org/jetbrains/kotlin/resolve/deprecation/DeprecatedTypealiasByAnnotation done
Event: 28.885 loading class org/jetbrains/kotlin/resolve/deprecation/DeprecationUtilKt$WhenMappings
Event: 28.885 loading class org/jetbrains/kotlin/resolve/deprecation/DeprecationUtilKt$WhenMappings done
Event: 29.013 loading class org/jetbrains/kotlin/load/java/sam/JavaBasedSamConversionResolver
Event: 29.013 loading class org/jetbrains/kotlin/load/java/sam/JavaBasedSamConversionResolver done


Dynamic libraries:
0x00007ff70e300000 - 0x00007ff70e30d000 	C:\Program Files\OpenJDK\openjdk-11.0.15_10\bin\java.exe
0x00007ff9caeb0000 - 0x00007ff9cb0a7000 	C:\WINDOWS\SYSTEM32\ntdll.dll
0x00007ff9cac10000 - 0x00007ff9caccd000 	C:\WINDOWS\System32\KERNEL32.DLL
0x00007ff9c8810000 - 0x00007ff9c8add000 	C:\WINDOWS\System32\KERNELBASE.dll
0x00007ff9c8c80000 - 0x00007ff9c8d80000 	C:\WINDOWS\System32\ucrtbase.dll
0x00007ff9a56f0000 - 0x00007ff9a5706000 	C:\Program Files\OpenJDK\openjdk-11.0.15_10\bin\VCRUNTIME140.dll
0x00007ff9a5610000 - 0x00007ff9a5628000 	C:\Program Files\OpenJDK\openjdk-11.0.15_10\bin\jli.dll
0x00007ff9c9d10000 - 0x00007ff9c9eb0000 	C:\WINDOWS\System32\USER32.dll
0x00007ff9c8680000 - 0x00007ff9c86a2000 	C:\WINDOWS\System32\win32u.dll
0x00007ff9ca2c0000 - 0x00007ff9ca2ea000 	C:\WINDOWS\System32\GDI32.dll
0x00007ff9c8ae0000 - 0x00007ff9c8beb000 	C:\WINDOWS\System32\gdi32full.dll
0x00007ff9b8a90000 - 0x00007ff9b8d2a000 	C:\WINDOWS\WinSxS\amd64_microsoft.windows.common-controls_6595b64144ccf1df_6.0.19041.1110_none_60b5254171f9507e\COMCTL32.dll
0x00007ff9c8720000 - 0x00007ff9c87bd000 	C:\WINDOWS\System32\msvcp_win.dll
0x00007ff9ca2f0000 - 0x00007ff9ca38e000 	C:\WINDOWS\System32\msvcrt.dll
0x00007ff9c8f10000 - 0x00007ff9c8f40000 	C:\WINDOWS\System32\IMM32.DLL
0x00007ff989b40000 - 0x00007ff989bea000 	C:\Program Files\OpenJDK\openjdk-11.0.15_10\bin\msvcp140.dll
0x00007ff978240000 - 0x00007ff978d91000 	C:\Program Files\OpenJDK\openjdk-11.0.15_10\bin\server\jvm.dll
0x00007ff9c9560000 - 0x00007ff9c960e000 	C:\WINDOWS\System32\ADVAPI32.dll
0x00007ff9ca080000 - 0x00007ff9ca11c000 	C:\WINDOWS\System32\sechost.dll
0x00007ff9c9b30000 - 0x00007ff9c9c55000 	C:\WINDOWS\System32\RPCRT4.dll
0x00007ff9c9f10000 - 0x00007ff9c9f18000 	C:\WINDOWS\System32\PSAPI.DLL
0x00007ff9c02a0000 - 0x00007ff9c02a9000 	C:\WINDOWS\SYSTEM32\WSOCK32.dll
0x00007ff9cacd0000 - 0x00007ff9cad3b000 	C:\WINDOWS\System32\WS2_32.dll
0x00007ff9bb4b0000 - 0x00007ff9bb4d7000 	C:\WINDOWS\SYSTEM32\WINMM.dll
0x00007ff9bf190000 - 0x00007ff9bf19a000 	C:\WINDOWS\SYSTEM32\VERSION.dll
0x00007ff9c6eb0000 - 0x00007ff9c6ec2000 	C:\WINDOWS\SYSTEM32\kernel.appcore.dll
0x00007ff9a51a0000 - 0x00007ff9a51b1000 	C:\Program Files\OpenJDK\openjdk-11.0.15_10\bin\verify.dll
0x00007ff9c6b70000 - 0x00007ff9c6d54000 	C:\WINDOWS\SYSTEM32\DBGHELP.DLL
0x00007ff9c25c0000 - 0x00007ff9c25ec000 	C:\WINDOWS\SYSTEM32\dbgcore.DLL
0x00007ff9c8bf0000 - 0x00007ff9c8c72000 	C:\WINDOWS\System32\bcryptPrimitives.dll
0x00007ff9a5170000 - 0x00007ff9a5199000 	C:\Program Files\OpenJDK\openjdk-11.0.15_10\bin\java.dll
0x00007ff9a9a10000 - 0x00007ff9a9a1a000 	C:\Program Files\OpenJDK\openjdk-11.0.15_10\bin\jimage.dll
0x00007ff9a3bf0000 - 0x00007ff9a3c08000 	C:\Program Files\OpenJDK\openjdk-11.0.15_10\bin\zip.dll
0x00007ff9ca440000 - 0x00007ff9cab84000 	C:\WINDOWS\System32\SHELL32.dll
0x00007ff9c63d0000 - 0x00007ff9c6b64000 	C:\WINDOWS\SYSTEM32\windows.storage.dll
0x00007ff9c9690000 - 0x00007ff9c99e4000 	C:\WINDOWS\System32\combase.dll
0x00007ff9c8030000 - 0x00007ff9c805c000 	C:\WINDOWS\SYSTEM32\Wldp.dll
0x00007ff9ca390000 - 0x00007ff9ca43d000 	C:\WINDOWS\System32\SHCORE.dll
0x00007ff9c9eb0000 - 0x00007ff9c9f05000 	C:\WINDOWS\System32\shlwapi.dll
0x00007ff9c8510000 - 0x00007ff9c852f000 	C:\WINDOWS\SYSTEM32\profapi.dll
0x00007ff9a3bd0000 - 0x00007ff9a3be9000 	C:\Program Files\OpenJDK\openjdk-11.0.15_10\bin\net.dll
0x00007ff9c00d0000 - 0x00007ff9c01da000 	C:\WINDOWS\SYSTEM32\WINHTTP.dll
0x00007ff9c7d90000 - 0x00007ff9c7dfa000 	C:\WINDOWS\system32\mswsock.dll
0x00007ff9a31a0000 - 0x00007ff9a31b3000 	C:\Program Files\OpenJDK\openjdk-11.0.15_10\bin\nio.dll

dbghelp: loaded successfully - version: 4.0.5 - missing functions: none
symbol engine: initialized successfully - sym options: 0x614 - pdb path: .;C:\Program Files\OpenJDK\openjdk-11.0.15_10\bin;C:\WINDOWS\SYSTEM32;C:\WINDOWS\WinSxS\amd64_microsoft.windows.common-controls_6595b64144ccf1df_6.0.19041.1110_none_60b5254171f9507e;C:\Program Files\OpenJDK\openjdk-11.0.15_10\bin\server

VM Arguments:
java_command: org.jetbrains.kotlin.cli.jvm.K2JVMCompiler @C:\Users\Tom\Documents\Programmation\React Native\projectRNcli\node_modules\react-native-gradle-plugin\build\20220703_4635838239539212378.compiler.options
java_class_path (initial): C:\Users\Tom\.gradle\caches\modules-2\files-2.1\org.jetbrains.kotlin\kotlin-compiler-embeddable\1.6.10\88f2073f4020cdb83132cfe940ceb9a60aba54ea\kotlin-compiler-embeddable-1.6.10.jar;C:\Users\Tom\.gradle\caches\modules-2\files-2.1\org.jetbrains.kotlin\kotlin-reflect\1.6.10\1cbe9c92c12a94eea200d23c2bbaedaf3daf5132\kotlin-reflect-1.6.10.jar;C:\Users\Tom\.gradle\caches\modules-2\files-2.1\org.jetbrains.kotlin\kotlin-stdlib\1.6.10\b8af3fe6f1ca88526914929add63cf5e7c5049af\kotlin-stdlib-1.6.10.jar;C:\Users\Tom\.gradle\caches\modules-2\files-2.1\org.jetbrains.kotlin\kotlin-script-runtime\1.6.10\d0a7ff2e2500ef497ed0214ae40ad3c8387a6164\kotlin-script-runtime-1.6.10.jar;C:\Users\Tom\.gradle\caches\modules-2\files-2.1\org.jetbrains.kotlin\kotlin-daemon-embeddable\1.6.10\a56d79bcbea411fa6058e4ecffc2de73e742bd2a\kotlin-daemon-embeddable-1.6.10.jar;C:\Users\Tom\.gradle\caches\modules-2\files-2.1\org.jetbrains.intellij.deps\trove4j\1.0.20181211\216c2e14b070f334479d800987affe4054cd563f\trove4j-1.0.20181211.jar;C:\Users\Tom\.gradle\caches\modules-2\files-2.1\net.java.dev.jna\jna\5.6.0\330f2244e9030119ab3030fc3fededc86713d9cc\jna-5.6.0.jar;C:\Users\Tom\.gradle\caches\modules-2\files-2.1\org.jetbrains\annotations\13.0\919f0dfe192fb4e063e7dacadee7f8bb9a2672a9\annotations-13.0.jar;C:\Users\Tom\.gradle\caches\modules-2\files-2.1\org.jetbrains.kotlin\kotlin-stdlib-common\1.6.10\c118700e3a33c8a0d9adc920e9dec0831171925\kotlin-stdlib-common-1.6.10.jar
Launcher Type: SUN_STANDARD

[Global flags]
     intx CICompilerCount                          = 3                                         {product} {ergonomic}
     uint ConcGCThreads                            = 1                                         {product} {ergonomic}
     uint G1ConcRefinementThreads                  = 4                                         {product} {ergonomic}
   size_t G1HeapRegionSize                         = 1048576                                   {product} {ergonomic}
    uintx GCDrainStackTargetSize                   = 64                                        {product} {ergonomic}
   size_t InitialHeapSize                          = 134217728                                 {product} {ergonomic}
   size_t MarkStackSize                            = 4194304                                   {product} {ergonomic}
   size_t MaxHeapSize                              = 2126512128                                {product} {ergonomic}
   size_t MaxNewSize                               = 1275068416                                {product} {ergonomic}
   size_t MinHeapDeltaBytes                        = 1048576                                   {product} {ergonomic}
    uintx NonNMethodCodeHeapSize                   = 5830732                                {pd product} {ergonomic}
    uintx NonProfiledCodeHeapSize                  = 122913754                              {pd product} {ergonomic}
    uintx ProfiledCodeHeapSize                     = 122913754                              {pd product} {ergonomic}
    uintx ReservedCodeCacheSize                    = 251658240                              {pd product} {ergonomic}
     bool SegmentedCodeCache                       = true                                      {product} {ergonomic}
     bool UseCompressedClassPointers               = true                                 {lp64_product} {ergonomic}
     bool UseCompressedOops                        = true                                 {lp64_product} {ergonomic}
     bool UseG1GC                                  = true                                      {product} {ergonomic}
     bool UseLargePagesIndividualAllocation        = false                                  {pd product} {ergonomic}

Logging:
Log output configuration:
 #0: stdout all=warning uptime,level,tags
 #1: stderr all=off uptime,level,tags

Environment Variables:
JAVA_HOME=C:\Program Files\OpenJDK\openjdk-11.0.15_10
CLASSPATH=C:\Users\Tom\Documents\Programmation\React Native\projectRNcli\android\\gradle\wrapper\gradle-wrapper.jar
PATH=C:\Users\Tom\Documents\Programmation\React Native\projectRNcli\android\node_modules\.bin;C:\Users\Tom\Documents\Programmation\React Native\projectRNcli\node_modules\.bin;C:\Users\Tom\Documents\Programmation\React Native\node_modules\.bin;C:\Users\Tom\Documents\Programmation\node_modules\.bin;C:\Users\Tom\Documents\node_modules\.bin;C:\Users\Tom\node_modules\.bin;C:\Users\node_modules\.bin;C:\node_modules\.bin;C:\Program Files\nodejs;C:\Users\Tom\Documents\Programmation\React Native\projectRNcli\node_modules\.bin;C:\Users\Tom\Documents\Programmation\React Native\node_modules\.bin;C:\Users\Tom\Documents\Programmation\node_modules\.bin;C:\Users\Tom\Documents\node_modules\.bin;C:\Users\Tom\node_modules\.bin;C:\Users\node_modules\.bin;C:\node_modules\.bin;C:\Program Files\nodejs\node_modules\npm\node_modules\@npmcli\run-script\lib\node-gyp-bin;C:\Python310\Scripts\;C:\Python310\;C:\Program Files\Common Files\Oracle\Java\javapath;C:\Program Files (x86)\Intel\Intel(R) Management Engine Components\iCLS\;C:\Program Files\Intel\Intel(R) Management Engine Components\iCLS\;C:\windows\system32;C:\windows;C:\windows\System32\Wbem;C:\windows\System32\WindowsPowerShell\v1.0\;C:\Program Files (x86)\Intel\Intel(R) Management Engine Components\DAL;C:\Program Files\Intel\Intel(R) Management Engine Components\DAL;C:\Program Files (x86)\Intel\Intel(R) Management Engine Components\IPT;C:\Program Files\Intel\Intel(R) Management Engine Components\IPT;C:\Program Files (x86)\NVIDIA Corporation\PhysX\Common;C:\WINDOWS\system32;C:\WINDOWS;C:\WINDOWS\System32\Wbem;C:\WINDOWS\System32\WindowsPowerShell\v1.0\;C:\WINDOWS\System32\OpenSSH\;C:\Program Files\Microchip\xc8\v2.36\bin;C:\ProgramData\chocolatey\bin;C:\Program Files\OpenJDK\openjdk-11.0.15_10\bin;C:\Program Files\nodejs\;C:\Users\Tom\AppData\Local\Microsoft\WindowsApps;C:\Users\Tom\AppData\Local\Programs\Microsoft VS Code\bin;C:\Users\Tom\AppData\Local\Android\Sdk\platform-tools;C:\Users\Tom\AppData\Roaming\npm;C:\Users\Tom\Documents\Pro
USERNAME=Tom
LANG=en_GB.UTF-8
OS=Windows_NT
PROCESSOR_IDENTIFIER=Intel64 Family 6 Model 142 Stepping 10, GenuineIntel



---------------  S Y S T E M  ---------------

OS: Windows 10 , 64 bit Build 19041 (10.0.19041.1741)
OS uptime: 0 days 3:55 hours

CPU:total 4 (initial active 4) (2 cores per cpu, 2 threads per core) family 6 model 142 stepping 10 microcode 0xb4, cmov, cx8, fxsr, mmx, sse, sse2, sse3, ssse3, sse4.1, sse4.2, popcnt, avx, avx2, aes, clmul, erms, 3dnowpref, lzcnt, ht, tsc, tscinvbit, bmi1, bmi2, adx, fma

Memory: 4k page, system-wide physical 8107M (328M free)
TotalPageFile size 8107M (AvailPageFile size 4M)
current process WorkingSet (physical memory assigned to process): 299M, peak: 299M
current process commit charge ("private bytes"): 348M, peak: 350M

vm_info: OpenJDK 64-Bit Server VM (11.0.15+10) for windows-amd64 JRE (11.0.15+10), built on Apr 21 2022 21:29:46 by "tester" with MS VC++ 15.5 (VS2017)

END.
