#
# There is insufficient memory for the Java Runtime Environment to continue.
# Native memory allocation (malloc) failed to allocate 768336 bytes for Chunk::new
# Possible reasons:
#   The system is out of physical RAM or swap space
#   The process is running with CompressedOops enabled, and the Java Heap may be blocking the growth of the native heap
# Possible solutions:
#   Reduce memory load on the system
#   Increase physical memory or swap space
#   Check if swap backing store is full
#   Decrease Java heap size (-Xmx/-Xms)
#   Decrease number of Java threads
#   Decrease Java thread stack sizes (-Xss)
#   Set larger code cache with -XX:ReservedCodeCacheSize=
#   JVM is running with Unscaled Compressed Oops mode in which the Java heap is
#     placed in the first 4GB address space. The Java Heap base address is the
#     maximum limit for the native heap growth. Please use -XX:HeapBaseMinAddress
#     to set the Java Heap base and to place the Java Heap above 4GB virtual address.
# This output file may be truncated or incomplete.
#
#  Out of Memory Error (./src/hotspot/share/memory/arena.cpp:197), pid=3148, tid=14672
#
# JRE version: OpenJDK Runtime Environment 18.9 (11.0.15+10) (build 11.0.15+10)
# Java VM: OpenJDK 64-Bit Server VM 18.9 (11.0.15+10, mixed mode, tiered, compressed oops, g1 gc, windows-amd64)
# No core dump will be written. Minidumps are not enabled by default on client versions of Windows
#

---------------  S U M M A R Y ------------

Command Line: -XX:MaxMetaspaceSize=512m --add-opens=java.base/java.util=ALL-UNNAMED --add-opens=java.base/java.lang=ALL-UNNAMED --add-opens=java.base/java.lang.invoke=ALL-UNNAMED --add-opens=java.base/java.util=ALL-UNNAMED --add-opens=java.prefs/java.util.prefs=ALL-UNNAMED --add-opens=java.prefs/java.util.prefs=ALL-UNNAMED --add-opens=java.base/java.nio.charset=ALL-UNNAMED --add-opens=java.base/java.net=ALL-UNNAMED --add-opens=java.base/java.util.concurrent.atomic=ALL-UNNAMED -Xmx2048m -Dfile.encoding=windows-1252 -Duser.country=GB -Duser.language=en -Duser.variant org.gradle.launcher.daemon.bootstrap.GradleDaemon 7.3.3

Host: Intel(R) Core(TM) i3-7020U CPU @ 2.30GHz, 4 cores, 7G,  Windows 10 , 64 bit Build 19041 (10.0.19041.1741)
Time: Sun Jul  3 21:21:21 2022 Romance Summer Time elapsed time: 27.941928 seconds (0d 0h 0m 27s)

---------------  T H R E A D  ---------------

Current thread (0x0000021031439000):  JavaThread "C2 CompilerThread0" daemon [_thread_in_native, id=14672, stack(0x000000698cb00000,0x000000698cc00000)]


Current CompileTask:
C2:  27942 2903   !   4       jdk.internal.loader.URLClassPath$JarLoader::getResource (353 bytes)

Stack: [0x000000698cb00000,0x000000698cc00000]
Native frames: (J=compiled Java code, j=interpreted, Vv=VM code, C=native code)
V  [jvm.dll+0x64dd3a]
V  [jvm.dll+0x7906c9]
V  [jvm.dll+0x791d9c]
V  [jvm.dll+0x792463]
V  [jvm.dll+0x265048]
V  [jvm.dll+0xc9da1]
V  [jvm.dll+0xca35c]
V  [jvm.dll+0x37c167]
V  [jvm.dll+0x347153]
V  [jvm.dll+0x34647a]
V  [jvm.dll+0x21e085]
V  [jvm.dll+0x21d25a]
V  [jvm.dll+0x19dd21]
V  [jvm.dll+0x22cc80]
V  [jvm.dll+0x22af81]
V  [jvm.dll+0x75254c]
V  [jvm.dll+0x74b12d]
V  [jvm.dll+0x64c8a6]
C  [ucrtbase.dll+0x21bb2]
C  [KERNEL32.DLL+0x17034]
C  [ntdll.dll+0x52651]


---------------  P R O C E S S  ---------------

Threads class SMR info:
_java_thread_list=0x0000021033d89de0, length=29, elements={
0x0000021010351000, 0x0000021030ab0800, 0x0000021030abe000, 0x0000021030b18000,
0x0000021030b1b000, 0x0000021030b1c000, 0x0000021031439000, 0x0000021031439800,
0x000002103143d000, 0x00000210315a2000, 0x0000021032697800, 0x0000021032b5d800,
0x000002103351e800, 0x000002103155b800, 0x00000210326bd000, 0x000002103223f800,
0x000002103248a800, 0x0000021032b84800, 0x0000021032b85000, 0x00000210323ff000,
0x0000021032400800, 0x0000021032401800, 0x0000021032402000, 0x0000021032403000,
0x00000210323fd800, 0x0000021032404000, 0x00000210323fe000, 0x00000210323ff800,
0x0000021033c15000
}

Java Threads: ( => current thread )
  0x0000021010351000 JavaThread "main" [_thread_blocked, id=4452, stack(0x000000698bf00000,0x000000698c000000)]
  0x0000021030ab0800 JavaThread "Reference Handler" daemon [_thread_blocked, id=10588, stack(0x000000698c600000,0x000000698c700000)]
  0x0000021030abe000 JavaThread "Finalizer" daemon [_thread_blocked, id=9920, stack(0x000000698c700000,0x000000698c800000)]
  0x0000021030b18000 JavaThread "Signal Dispatcher" daemon [_thread_blocked, id=17496, stack(0x000000698c800000,0x000000698c900000)]
  0x0000021030b1b000 JavaThread "Attach Listener" daemon [_thread_blocked, id=14884, stack(0x000000698c900000,0x000000698ca00000)]
  0x0000021030b1c000 JavaThread "Service Thread" daemon [_thread_blocked, id=13660, stack(0x000000698ca00000,0x000000698cb00000)]
=>0x0000021031439000 JavaThread "C2 CompilerThread0" daemon [_thread_in_native, id=14672, stack(0x000000698cb00000,0x000000698cc00000)]
  0x0000021031439800 JavaThread "C1 CompilerThread0" daemon [_thread_blocked, id=7056, stack(0x000000698cc00000,0x000000698cd00000)]
  0x000002103143d000 JavaThread "Sweeper thread" daemon [_thread_blocked, id=8856, stack(0x000000698cd00000,0x000000698ce00000)]
  0x00000210315a2000 JavaThread "Common-Cleaner" daemon [_thread_blocked, id=17504, stack(0x000000698ce00000,0x000000698cf00000)]
  0x0000021032697800 JavaThread "Daemon health stats" [_thread_blocked, id=4568, stack(0x000000698d200000,0x000000698d300000)]
  0x0000021032b5d800 JavaThread "Incoming local TCP Connector on port 55952" [_thread_in_native, id=18012, stack(0x000000698d300000,0x000000698d400000)]
  0x000002103351e800 JavaThread "Daemon periodic checks" [_thread_blocked, id=13652, stack(0x000000698d400000,0x000000698d500000)]
  0x000002103155b800 JavaThread "Daemon" [_thread_blocked, id=14276, stack(0x000000698d500000,0x000000698d600000)]
  0x00000210326bd000 JavaThread "Handler for socket connection from /127.0.0.1:55952 to /127.0.0.1:55953" [_thread_blocked, id=1436, stack(0x000000698d600000,0x000000698d700000)]
  0x000002103223f800 JavaThread "Cancel handler" [_thread_blocked, id=11148, stack(0x000000698d700000,0x000000698d800000)]
  0x000002103248a800 JavaThread "Daemon worker" [_thread_in_vm, id=14676, stack(0x000000698d800000,0x000000698d900000)]
  0x0000021032b84800 JavaThread "Stdin handler" [_thread_blocked, id=15712, stack(0x000000698da00000,0x000000698db00000)]
  0x0000021032b85000 JavaThread "Daemon client event forwarder" [_thread_blocked, id=5112, stack(0x000000698db00000,0x000000698dc00000)]
  0x00000210323ff000 JavaThread "Cache worker for journal cache (C:\Users\Tom\.gradle\caches\journal-1)" [_thread_blocked, id=7448, stack(0x000000698dd00000,0x000000698de00000)]
  0x0000021032400800 JavaThread "File lock request listener" [_thread_in_native, id=11400, stack(0x000000698de00000,0x000000698df00000)]
  0x0000021032401800 JavaThread "Cache worker for file hash cache (C:\Users\Tom\.gradle\caches\7.3.3\fileHashes)" [_thread_blocked, id=10956, stack(0x000000698df00000,0x000000698e000000)]
  0x0000021032402000 JavaThread "Cache worker for file hash cache (C:\Users\Tom\Documents\Programmation\React Native\projectRNcli\android\.gradle\7.3.3\fileHashes)" [_thread_blocked, id=9048, stack(0x000000698e000000,0x000000698e100000)]
  0x0000021032403000 JavaThread "File watcher server" daemon [_thread_in_native, id=10752, stack(0x000000698e100000,0x000000698e200000)]
  0x00000210323fd800 JavaThread "File watcher consumer" daemon [_thread_blocked, id=11596, stack(0x000000698e200000,0x000000698e300000)]
  0x0000021032404000 JavaThread "Cache worker for checksums cache (C:\Users\Tom\Documents\Programmation\React Native\projectRNcli\android\.gradle\7.3.3\checksums)" [_thread_blocked, id=9240, stack(0x000000698e300000,0x000000698e400000)]
  0x00000210323fe000 JavaThread "Cache worker for cache directory md-supplier (C:\Users\Tom\.gradle\caches\7.3.3\md-supplier)" [_thread_blocked, id=18360, stack(0x000000698e400000,0x000000698e500000)]
  0x00000210323ff800 JavaThread "Cache worker for cache directory md-rule (C:\Users\Tom\.gradle\caches\7.3.3\md-rule)" [_thread_blocked, id=16200, stack(0x000000698e600000,0x000000698e700000)]
  0x0000021033c15000 JavaThread "Cache worker for execution history cache (C:\Users\Tom\.gradle\caches\7.3.3\executionHistory)" [_thread_blocked, id=13488, stack(0x000000698e700000,0x000000698e800000)]

Other Threads:
  0x0000021030aae000 VMThread "VM Thread" [stack: 0x000000698c500000,0x000000698c600000] [id=13292]
  0x00000210315f4800 WatcherThread [stack: 0x000000698cf00000,0x000000698d000000] [id=16480]
  0x0000021010369000 GCTaskThread "GC Thread#0" [stack: 0x000000698c000000,0x000000698c100000] [id=10852]
  0x0000021031678800 GCTaskThread "GC Thread#1" [stack: 0x000000698d000000,0x000000698d100000] [id=15944]
  0x0000021031929000 GCTaskThread "GC Thread#2" [stack: 0x000000698d100000,0x000000698d200000] [id=6672]
  0x0000021032349800 GCTaskThread "GC Thread#3" [stack: 0x000000698dc00000,0x000000698dd00000] [id=7696]
  0x000002101039e800 ConcurrentGCThread "G1 Main Marker" [stack: 0x000000698c100000,0x000000698c200000] [id=17340]
  0x000002101039f800 ConcurrentGCThread "G1 Conc#0" [stack: 0x000000698c200000,0x000000698c300000] [id=13840]
  0x0000021030930800 ConcurrentGCThread "G1 Refine#0" [stack: 0x000000698c300000,0x000000698c400000] [id=6096]
  0x0000021030931800 ConcurrentGCThread "G1 Young RemSet Sampling" [stack: 0x000000698c400000,0x000000698c500000] [id=6772]

Threads with active compile tasks:
C2 CompilerThread0    28339 2903   !   4       jdk.internal.loader.URLClassPath$JarLoader::getResource (353 bytes)

VM state:not at safepoint (normal execution)

VM Mutex/Monitor currently owned by a thread: None

Heap address: 0x0000000080000000, size: 2048 MB, Compressed Oops mode: 32-bit
Narrow klass base: 0x0000000000000000, Narrow klass shift: 3
Compressed class space size: 528482304 Address: 0x0000000100000000

Heap:
 garbage-first heap   total 131072K, used 27896K [0x0000000080000000, 0x0000000100000000)
  region size 1024K, 13 young (13312K), 6 survivors (6144K)
 Metaspace       used 36049K, capacity 36846K, committed 37072K, reserved 548864K
  class space    used 4559K, capacity 4870K, committed 4992K, reserved 516096K
Heap Regions: E=young(eden), S=young(survivor), O=old, HS=humongous(starts), HC=humongous(continues), CS=collection set, F=free, A=archive, TAMS=top-at-mark-start (previous, next)
|   0|0x0000000080000000, 0x0000000080100000, 0x0000000080100000|100%| O|  |TAMS 0x0000000080100000, 0x0000000080000000| Untracked 
|   1|0x0000000080100000, 0x0000000080200000, 0x0000000080200000|100%| O|  |TAMS 0x0000000080200000, 0x0000000080100000| Untracked 
|   2|0x0000000080200000, 0x0000000080300000, 0x0000000080300000|100%| O|  |TAMS 0x0000000080300000, 0x0000000080200000| Untracked 
|   3|0x0000000080300000, 0x0000000080400000, 0x0000000080400000|100%|HS|  |TAMS 0x0000000080400000, 0x0000000080300000| Complete 
|   4|0x0000000080400000, 0x0000000080500000, 0x0000000080500000|100%|HC|  |TAMS 0x0000000080500000, 0x0000000080400000| Complete 
|   5|0x0000000080500000, 0x0000000080600000, 0x0000000080600000|100%|HC|  |TAMS 0x0000000080600000, 0x0000000080500000| Complete 
|   6|0x0000000080600000, 0x0000000080700000, 0x0000000080700000|100%| O|  |TAMS 0x0000000080700000, 0x0000000080600000| Untracked 
|   7|0x0000000080700000, 0x0000000080800000, 0x0000000080800000|100%| O|  |TAMS 0x0000000080800000, 0x0000000080700000| Untracked 
|   8|0x0000000080800000, 0x0000000080900000, 0x0000000080900000|100%| O|  |TAMS 0x0000000080900000, 0x0000000080800000| Untracked 
|   9|0x0000000080900000, 0x0000000080a00000, 0x0000000080a00000|100%| O|  |TAMS 0x0000000080a00000, 0x0000000080900000| Untracked 
|  10|0x0000000080a00000, 0x0000000080b00000, 0x0000000080b00000|100%| O|  |TAMS 0x0000000080b00000, 0x0000000080a00000| Untracked 
|  11|0x0000000080b00000, 0x0000000080c00000, 0x0000000080c00000|100%| O|  |TAMS 0x0000000080c00000, 0x0000000080b00000| Untracked 
|  12|0x0000000080c00000, 0x0000000080d00000, 0x0000000080d00000|100%| O|  |TAMS 0x0000000080d00000, 0x0000000080c00000| Untracked 
|  13|0x0000000080d00000, 0x0000000080e00000, 0x0000000080e00000|100%| O|  |TAMS 0x0000000080e00000, 0x0000000080d00000| Untracked 
|  14|0x0000000080e00000, 0x0000000080f00000, 0x0000000080f00000|100%| O|  |TAMS 0x0000000080f00000, 0x0000000080e00000| Untracked 
|  15|0x0000000080f00000, 0x0000000081000000, 0x0000000081000000|100%| O|  |TAMS 0x0000000081000000, 0x0000000080f00000| Untracked 
|  16|0x0000000081000000, 0x000000008103e200, 0x0000000081100000| 24%| O|  |TAMS 0x000000008103e200, 0x0000000081000000| Untracked 
|  17|0x0000000081100000, 0x0000000081100000, 0x0000000081200000|  0%| F|  |TAMS 0x0000000081100000, 0x0000000081100000| Untracked 
|  18|0x0000000081200000, 0x0000000081200000, 0x0000000081300000|  0%| F|  |TAMS 0x0000000081200000, 0x0000000081200000| Untracked 
|  19|0x0000000081300000, 0x0000000081300000, 0x0000000081400000|  0%| F|  |TAMS 0x0000000081300000, 0x0000000081300000| Untracked 
|  20|0x0000000081400000, 0x0000000081400000, 0x0000000081500000|  0%| F|  |TAMS 0x0000000081400000, 0x0000000081400000| Untracked 
|  21|0x0000000081500000, 0x0000000081500000, 0x0000000081600000|  0%| F|  |TAMS 0x0000000081500000, 0x0000000081500000| Untracked 
|  22|0x0000000081600000, 0x0000000081600000, 0x0000000081700000|  0%| F|  |TAMS 0x0000000081600000, 0x0000000081600000| Untracked 
|  23|0x0000000081700000, 0x0000000081700000, 0x0000000081800000|  0%| F|  |TAMS 0x0000000081700000, 0x0000000081700000| Untracked 
|  24|0x0000000081800000, 0x0000000081800000, 0x0000000081900000|  0%| F|  |TAMS 0x0000000081800000, 0x0000000081800000| Untracked 
|  25|0x0000000081900000, 0x0000000081900000, 0x0000000081a00000|  0%| F|  |TAMS 0x0000000081900000, 0x0000000081900000| Untracked 
|  26|0x0000000081a00000, 0x0000000081a00000, 0x0000000081b00000|  0%| F|  |TAMS 0x0000000081a00000, 0x0000000081a00000| Untracked 
|  27|0x0000000081b00000, 0x0000000081b00000, 0x0000000081c00000|  0%| F|  |TAMS 0x0000000081b00000, 0x0000000081b00000| Untracked 
|  28|0x0000000081c00000, 0x0000000081c00000, 0x0000000081d00000|  0%| F|  |TAMS 0x0000000081c00000, 0x0000000081c00000| Untracked 
|  29|0x0000000081d00000, 0x0000000081d00000, 0x0000000081e00000|  0%| F|  |TAMS 0x0000000081d00000, 0x0000000081d00000| Untracked 
|  30|0x0000000081e00000, 0x0000000081e00000, 0x0000000081f00000|  0%| F|  |TAMS 0x0000000081e00000, 0x0000000081e00000| Untracked 
|  31|0x0000000081f00000, 0x0000000081f00000, 0x0000000082000000|  0%| F|  |TAMS 0x0000000081f00000, 0x0000000081f00000| Untracked 
|  32|0x0000000082000000, 0x0000000082000000, 0x0000000082100000|  0%| F|  |TAMS 0x0000000082000000, 0x0000000082000000| Untracked 
|  33|0x0000000082100000, 0x0000000082100000, 0x0000000082200000|  0%| F|  |TAMS 0x0000000082100000, 0x0000000082100000| Untracked 
|  34|0x0000000082200000, 0x0000000082200000, 0x0000000082300000|  0%| F|  |TAMS 0x0000000082200000, 0x0000000082200000| Untracked 
|  35|0x0000000082300000, 0x0000000082300000, 0x0000000082400000|  0%| F|  |TAMS 0x0000000082300000, 0x0000000082300000| Untracked 
|  36|0x0000000082400000, 0x0000000082400000, 0x0000000082500000|  0%| F|  |TAMS 0x0000000082400000, 0x0000000082400000| Untracked 
|  37|0x0000000082500000, 0x0000000082500000, 0x0000000082600000|  0%| F|  |TAMS 0x0000000082500000, 0x0000000082500000| Untracked 
|  38|0x0000000082600000, 0x0000000082600000, 0x0000000082700000|  0%| F|  |TAMS 0x0000000082600000, 0x0000000082600000| Untracked 
|  39|0x0000000082700000, 0x0000000082700000, 0x0000000082800000|  0%| F|  |TAMS 0x0000000082700000, 0x0000000082700000| Untracked 
|  40|0x0000000082800000, 0x0000000082800000, 0x0000000082900000|  0%| F|  |TAMS 0x0000000082800000, 0x0000000082800000| Untracked 
|  41|0x0000000082900000, 0x0000000082900000, 0x0000000082a00000|  0%| F|  |TAMS 0x0000000082900000, 0x0000000082900000| Untracked 
|  42|0x0000000082a00000, 0x0000000082a00000, 0x0000000082b00000|  0%| F|  |TAMS 0x0000000082a00000, 0x0000000082a00000| Untracked 
|  43|0x0000000082b00000, 0x0000000082b00000, 0x0000000082c00000|  0%| F|  |TAMS 0x0000000082b00000, 0x0000000082b00000| Untracked 
|  44|0x0000000082c00000, 0x0000000082c00000, 0x0000000082d00000|  0%| F|  |TAMS 0x0000000082c00000, 0x0000000082c00000| Untracked 
|  45|0x0000000082d00000, 0x0000000082d00000, 0x0000000082e00000|  0%| F|  |TAMS 0x0000000082d00000, 0x0000000082d00000| Untracked 
|  46|0x0000000082e00000, 0x0000000082e00000, 0x0000000082f00000|  0%| F|  |TAMS 0x0000000082e00000, 0x0000000082e00000| Untracked 
|  47|0x0000000082f00000, 0x0000000082f00000, 0x0000000083000000|  0%| F|  |TAMS 0x0000000082f00000, 0x0000000082f00000| Untracked 
|  48|0x0000000083000000, 0x0000000083000000, 0x0000000083100000|  0%| F|  |TAMS 0x0000000083000000, 0x0000000083000000| Untracked 
|  49|0x0000000083100000, 0x0000000083100000, 0x0000000083200000|  0%| F|  |TAMS 0x0000000083100000, 0x0000000083100000| Untracked 
|  50|0x0000000083200000, 0x0000000083200000, 0x0000000083300000|  0%| F|  |TAMS 0x0000000083200000, 0x0000000083200000| Untracked 
|  51|0x0000000083300000, 0x0000000083300000, 0x0000000083400000|  0%| F|  |TAMS 0x0000000083300000, 0x0000000083300000| Untracked 
|  52|0x0000000083400000, 0x0000000083400000, 0x0000000083500000|  0%| F|  |TAMS 0x0000000083400000, 0x0000000083400000| Untracked 
|  53|0x0000000083500000, 0x0000000083500000, 0x0000000083600000|  0%| F|  |TAMS 0x0000000083500000, 0x0000000083500000| Untracked 
|  54|0x0000000083600000, 0x0000000083600000, 0x0000000083700000|  0%| F|  |TAMS 0x0000000083600000, 0x0000000083600000| Untracked 
|  55|0x0000000083700000, 0x0000000083700000, 0x0000000083800000|  0%| F|  |TAMS 0x0000000083700000, 0x0000000083700000| Untracked 
|  56|0x0000000083800000, 0x0000000083900000, 0x0000000083900000|100%| S|CS|TAMS 0x0000000083800000, 0x0000000083800000| Complete 
|  57|0x0000000083900000, 0x0000000083a00000, 0x0000000083a00000|100%| S|CS|TAMS 0x0000000083900000, 0x0000000083900000| Complete 
|  58|0x0000000083a00000, 0x0000000083b00000, 0x0000000083b00000|100%| S|CS|TAMS 0x0000000083a00000, 0x0000000083a00000| Complete 
|  59|0x0000000083b00000, 0x0000000083c00000, 0x0000000083c00000|100%| S|CS|TAMS 0x0000000083b00000, 0x0000000083b00000| Complete 
|  60|0x0000000083c00000, 0x0000000083d00000, 0x0000000083d00000|100%| S|CS|TAMS 0x0000000083c00000, 0x0000000083c00000| Complete 
|  61|0x0000000083d00000, 0x0000000083e00000, 0x0000000083e00000|100%| S|CS|TAMS 0x0000000083d00000, 0x0000000083d00000| Complete 
|  62|0x0000000083e00000, 0x0000000083e00000, 0x0000000083f00000|  0%| F|  |TAMS 0x0000000083e00000, 0x0000000083e00000| Untracked 
|  63|0x0000000083f00000, 0x0000000083f00000, 0x0000000084000000|  0%| F|  |TAMS 0x0000000083f00000, 0x0000000083f00000| Untracked 
|  64|0x0000000084000000, 0x0000000084000000, 0x0000000084100000|  0%| F|  |TAMS 0x0000000084000000, 0x0000000084000000| Untracked 
|  65|0x0000000084100000, 0x0000000084100000, 0x0000000084200000|  0%| F|  |TAMS 0x0000000084100000, 0x0000000084100000| Untracked 
|  66|0x0000000084200000, 0x0000000084200000, 0x0000000084300000|  0%| F|  |TAMS 0x0000000084200000, 0x0000000084200000| Untracked 
|  67|0x0000000084300000, 0x0000000084300000, 0x0000000084400000|  0%| F|  |TAMS 0x0000000084300000, 0x0000000084300000| Untracked 
|  68|0x0000000084400000, 0x0000000084400000, 0x0000000084500000|  0%| F|  |TAMS 0x0000000084400000, 0x0000000084400000| Untracked 
|  69|0x0000000084500000, 0x0000000084500000, 0x0000000084600000|  0%| F|  |TAMS 0x0000000084500000, 0x0000000084500000| Untracked 
|  70|0x0000000084600000, 0x0000000084600000, 0x0000000084700000|  0%| F|  |TAMS 0x0000000084600000, 0x0000000084600000| Untracked 
|  71|0x0000000084700000, 0x0000000084700000, 0x0000000084800000|  0%| F|  |TAMS 0x0000000084700000, 0x0000000084700000| Untracked 
|  72|0x0000000084800000, 0x0000000084800000, 0x0000000084900000|  0%| F|  |TAMS 0x0000000084800000, 0x0000000084800000| Untracked 
|  73|0x0000000084900000, 0x0000000084900000, 0x0000000084a00000|  0%| F|  |TAMS 0x0000000084900000, 0x0000000084900000| Untracked 
|  74|0x0000000084a00000, 0x0000000084a00000, 0x0000000084b00000|  0%| F|  |TAMS 0x0000000084a00000, 0x0000000084a00000| Untracked 
|  75|0x0000000084b00000, 0x0000000084b00000, 0x0000000084c00000|  0%| F|  |TAMS 0x0000000084b00000, 0x0000000084b00000| Untracked 
|  76|0x0000000084c00000, 0x0000000084c00000, 0x0000000084d00000|  0%| F|  |TAMS 0x0000000084c00000, 0x0000000084c00000| Untracked 
|  77|0x0000000084d00000, 0x0000000084d00000, 0x0000000084e00000|  0%| F|  |TAMS 0x0000000084d00000, 0x0000000084d00000| Untracked 
|  78|0x0000000084e00000, 0x0000000084e00000, 0x0000000084f00000|  0%| F|  |TAMS 0x0000000084e00000, 0x0000000084e00000| Untracked 
|  79|0x0000000084f00000, 0x0000000084f00000, 0x0000000085000000|  0%| F|  |TAMS 0x0000000084f00000, 0x0000000084f00000| Untracked 
|  80|0x0000000085000000, 0x0000000085000000, 0x0000000085100000|  0%| F|  |TAMS 0x0000000085000000, 0x0000000085000000| Untracked 
|  81|0x0000000085100000, 0x0000000085100000, 0x0000000085200000|  0%| F|  |TAMS 0x0000000085100000, 0x0000000085100000| Untracked 
|  82|0x0000000085200000, 0x0000000085200000, 0x0000000085300000|  0%| F|  |TAMS 0x0000000085200000, 0x0000000085200000| Untracked 
|  83|0x0000000085300000, 0x0000000085300000, 0x0000000085400000|  0%| F|  |TAMS 0x0000000085300000, 0x0000000085300000| Untracked 
|  84|0x0000000085400000, 0x0000000085400000, 0x0000000085500000|  0%| F|  |TAMS 0x0000000085400000, 0x0000000085400000| Untracked 
|  85|0x0000000085500000, 0x0000000085500000, 0x0000000085600000|  0%| F|  |TAMS 0x0000000085500000, 0x0000000085500000| Untracked 
|  86|0x0000000085600000, 0x0000000085600000, 0x0000000085700000|  0%| F|  |TAMS 0x0000000085600000, 0x0000000085600000| Untracked 
|  87|0x0000000085700000, 0x0000000085700000, 0x0000000085800000|  0%| F|  |TAMS 0x0000000085700000, 0x0000000085700000| Untracked 
|  88|0x0000000085800000, 0x0000000085800000, 0x0000000085900000|  0%| F|  |TAMS 0x0000000085800000, 0x0000000085800000| Untracked 
|  89|0x0000000085900000, 0x0000000085900000, 0x0000000085a00000|  0%| F|  |TAMS 0x0000000085900000, 0x0000000085900000| Untracked 
|  90|0x0000000085a00000, 0x0000000085a00000, 0x0000000085b00000|  0%| F|  |TAMS 0x0000000085a00000, 0x0000000085a00000| Untracked 
|  91|0x0000000085b00000, 0x0000000085b00000, 0x0000000085c00000|  0%| F|  |TAMS 0x0000000085b00000, 0x0000000085b00000| Untracked 
|  92|0x0000000085c00000, 0x0000000085c00000, 0x0000000085d00000|  0%| F|  |TAMS 0x0000000085c00000, 0x0000000085c00000| Untracked 
|  93|0x0000000085d00000, 0x0000000085d00000, 0x0000000085e00000|  0%| F|  |TAMS 0x0000000085d00000, 0x0000000085d00000| Untracked 
|  94|0x0000000085e00000, 0x0000000085e00000, 0x0000000085f00000|  0%| F|  |TAMS 0x0000000085e00000, 0x0000000085e00000| Untracked 
|  95|0x0000000085f00000, 0x0000000085f00000, 0x0000000086000000|  0%| F|  |TAMS 0x0000000085f00000, 0x0000000085f00000| Untracked 
|  96|0x0000000086000000, 0x0000000086000000, 0x0000000086100000|  0%| F|  |TAMS 0x0000000086000000, 0x0000000086000000| Untracked 
|  97|0x0000000086100000, 0x0000000086100000, 0x0000000086200000|  0%| F|  |TAMS 0x0000000086100000, 0x0000000086100000| Untracked 
|  98|0x0000000086200000, 0x0000000086200000, 0x0000000086300000|  0%| F|  |TAMS 0x0000000086200000, 0x0000000086200000| Untracked 
|  99|0x0000000086300000, 0x0000000086300000, 0x0000000086400000|  0%| F|  |TAMS 0x0000000086300000, 0x0000000086300000| Untracked 
| 100|0x0000000086400000, 0x0000000086400000, 0x0000000086500000|  0%| F|  |TAMS 0x0000000086400000, 0x0000000086400000| Untracked 
| 101|0x0000000086500000, 0x0000000086500000, 0x0000000086600000|  0%| F|  |TAMS 0x0000000086500000, 0x0000000086500000| Untracked 
| 102|0x0000000086600000, 0x0000000086600000, 0x0000000086700000|  0%| F|  |TAMS 0x0000000086600000, 0x0000000086600000| Untracked 
| 103|0x0000000086700000, 0x0000000086700000, 0x0000000086800000|  0%| F|  |TAMS 0x0000000086700000, 0x0000000086700000| Untracked 
| 104|0x0000000086800000, 0x0000000086800000, 0x0000000086900000|  0%| F|  |TAMS 0x0000000086800000, 0x0000000086800000| Untracked 
| 105|0x0000000086900000, 0x0000000086900000, 0x0000000086a00000|  0%| F|  |TAMS 0x0000000086900000, 0x0000000086900000| Untracked 
| 106|0x0000000086a00000, 0x0000000086a00000, 0x0000000086b00000|  0%| F|  |TAMS 0x0000000086a00000, 0x0000000086a00000| Untracked 
| 107|0x0000000086b00000, 0x0000000086b00000, 0x0000000086c00000|  0%| F|  |TAMS 0x0000000086b00000, 0x0000000086b00000| Untracked 
| 108|0x0000000086c00000, 0x0000000086c00000, 0x0000000086d00000|  0%| F|  |TAMS 0x0000000086c00000, 0x0000000086c00000| Untracked 
| 109|0x0000000086d00000, 0x0000000086d00000, 0x0000000086e00000|  0%| F|  |TAMS 0x0000000086d00000, 0x0000000086d00000| Untracked 
| 110|0x0000000086e00000, 0x0000000086e00000, 0x0000000086f00000|  0%| F|  |TAMS 0x0000000086e00000, 0x0000000086e00000| Untracked 
| 111|0x0000000086f00000, 0x0000000086f00000, 0x0000000087000000|  0%| F|  |TAMS 0x0000000086f00000, 0x0000000086f00000| Untracked 
| 112|0x0000000087000000, 0x0000000087000000, 0x0000000087100000|  0%| F|  |TAMS 0x0000000087000000, 0x0000000087000000| Untracked 
| 113|0x0000000087100000, 0x0000000087100000, 0x0000000087200000|  0%| F|  |TAMS 0x0000000087100000, 0x0000000087100000| Untracked 
| 114|0x0000000087200000, 0x0000000087200000, 0x0000000087300000|  0%| F|  |TAMS 0x0000000087200000, 0x0000000087200000| Untracked 
| 115|0x0000000087300000, 0x0000000087300000, 0x0000000087400000|  0%| F|  |TAMS 0x0000000087300000, 0x0000000087300000| Untracked 
| 116|0x0000000087400000, 0x0000000087400000, 0x0000000087500000|  0%| F|  |TAMS 0x0000000087400000, 0x0000000087400000| Untracked 
| 117|0x0000000087500000, 0x0000000087500000, 0x0000000087600000|  0%| F|  |TAMS 0x0000000087500000, 0x0000000087500000| Untracked 
| 118|0x0000000087600000, 0x0000000087600000, 0x0000000087700000|  0%| F|  |TAMS 0x0000000087600000, 0x0000000087600000| Untracked 
| 119|0x0000000087700000, 0x0000000087700000, 0x0000000087800000|  0%| F|  |TAMS 0x0000000087700000, 0x0000000087700000| Untracked 
| 120|0x0000000087800000, 0x0000000087800000, 0x0000000087900000|  0%| F|  |TAMS 0x0000000087800000, 0x0000000087800000| Untracked 
| 121|0x0000000087900000, 0x0000000087a00000, 0x0000000087a00000|100%| E|  |TAMS 0x0000000087900000, 0x0000000087900000| Complete 
| 122|0x0000000087a00000, 0x0000000087b00000, 0x0000000087b00000|100%| E|CS|TAMS 0x0000000087a00000, 0x0000000087a00000| Complete 
| 123|0x0000000087b00000, 0x0000000087c00000, 0x0000000087c00000|100%| E|  |TAMS 0x0000000087b00000, 0x0000000087b00000| Complete 
| 124|0x0000000087c00000, 0x0000000087d00000, 0x0000000087d00000|100%| E|CS|TAMS 0x0000000087c00000, 0x0000000087c00000| Complete 
| 125|0x0000000087d00000, 0x0000000087e00000, 0x0000000087e00000|100%| E|CS|TAMS 0x0000000087d00000, 0x0000000087d00000| Complete 
| 126|0x0000000087e00000, 0x0000000087f00000, 0x0000000087f00000|100%| E|CS|TAMS 0x0000000087e00000, 0x0000000087e00000| Complete 
| 127|0x0000000087f00000, 0x0000000088000000, 0x0000000088000000|100%| E|CS|TAMS 0x0000000087f00000, 0x0000000087f00000| Complete 

Card table byte_map: [0x0000021029ce0000,0x000002102a0e0000] _byte_map_base: 0x00000210298e0000

Marking Bits (Prev, Next): (CMBitMap*) 0x00000210103958d8, (CMBitMap*) 0x0000021010395910
 Prev Bits: [0x000002102a4e0000, 0x000002102c4e0000)
 Next Bits: [0x000002102c4e0000, 0x000002102e4e0000)

Polling page: 0x0000021010210000

Metaspace:

Usage:
  Non-class:     31.23 MB capacity,    30.75 MB ( 98%) used,   410.27 KB (  1%) free+waste,    75.88 KB ( <1%) overhead. 
      Class:      4.76 MB capacity,     4.45 MB ( 94%) used,   273.63 KB (  6%) free+waste,    36.75 KB ( <1%) overhead. 
       Both:     35.98 MB capacity,    35.20 MB ( 98%) used,   683.90 KB (  2%) free+waste,   112.63 KB ( <1%) overhead. 

Virtual space:
  Non-class space:       32.00 MB reserved,      31.33 MB ( 98%) committed 
      Class space:      504.00 MB reserved,       4.88 MB ( <1%) committed 
             Both:      536.00 MB reserved,      36.20 MB (  7%) committed 

Chunk freelists:
   Non-Class:  8.00 KB
       Class:  26.00 KB
        Both:  34.00 KB

MaxMetaspaceSize: 512.00 MB
CompressedClassSpaceSize: 504.00 MB
Initial GC threshold: 20.80 MB
Current GC threshold: 58.88 MB
CDS: off

CodeHeap 'non-profiled nmethods': size=120064Kb used=1453Kb max_used=1453Kb free=118610Kb
 bounds [0x0000021021d80000, 0x0000021021ff0000, 0x00000210292c0000]
CodeHeap 'profiled nmethods': size=120000Kb used=6282Kb max_used=6282Kb free=113717Kb
 bounds [0x000002101a850000, 0x000002101ae80000, 0x0000021021d80000]
CodeHeap 'non-nmethods': size=5696Kb used=1573Kb max_used=1573Kb free=4122Kb
 bounds [0x000002101a2c0000, 0x000002101a530000, 0x000002101a850000]
 total_blobs=3556 nmethods=2945 adapters=523
 compilation: enabled
              stopped_count=0, restarted_count=0
 full_count=0

Compilation events (20 events):
Event: 27.749 Thread 0x0000021031439800 2926       3       java.beans.FeatureDescriptor::getClass0 (22 bytes)
Event: 27.749 Thread 0x0000021031439800 nmethod 2926 0x000002101ae64f90 code [0x000002101ae65160, 0x000002101ae65468]
Event: 27.750 Thread 0x0000021031439800 2927       3       java.lang.invoke.MethodHandles$Lookup::resolveOrFail (39 bytes)
Event: 27.751 Thread 0x0000021031439800 nmethod 2927 0x000002101ae65590 code [0x000002101ae65860, 0x000002101ae66508]
Event: 27.754 Thread 0x0000021031439800 2928       3       java.lang.invoke.MethodHandles$Lookup::getDirectMethodForConstant (72 bytes)
Event: 27.757 Thread 0x0000021031439800 nmethod 2928 0x000002101ae66990 code [0x000002101ae66d20, 0x000002101ae68348]
Event: 27.760 Thread 0x0000021031439800 2929       1       java.lang.reflect.Field::getDeclaringClass (5 bytes)
Event: 27.760 Thread 0x0000021031439800 nmethod 2929 0x0000021021eea590 code [0x0000021021eea740, 0x0000021021eea7f8]
Event: 27.784 Thread 0x0000021031439800 2930       1       groovy.lang.MetaProperty::getName (5 bytes)
Event: 27.785 Thread 0x0000021031439800 nmethod 2930 0x0000021021eea890 code [0x0000021021eeaa40, 0x0000021021eeaaf8]
Event: 27.785 Thread 0x0000021031439800 2931       3       java.beans.MethodRef::get (91 bytes)
Event: 27.786 Thread 0x0000021031439800 nmethod 2931 0x000002101ae68b10 code [0x000002101ae68d80, 0x000002101ae69938]
Event: 27.787 Thread 0x0000021031439800 2932   !   3       java.lang.invoke.MethodHandles$Lookup::canBeCached (150 bytes)
Event: 27.792 Thread 0x0000021031439800 nmethod 2932 0x000002101ae69c10 code [0x000002101ae6a040, 0x000002101ae6c128]
Event: 27.792 Thread 0x0000021031439800 2933       3       org.codehaus.groovy.reflection.CachedMethod::getReturnType (8 bytes)
Event: 27.792 Thread 0x0000021031439800 nmethod 2933 0x000002101ae6cc90 code [0x000002101ae6ce40, 0x000002101ae6cf58]
Event: 27.792 Thread 0x0000021031439800 2934       3       org.codehaus.groovy.util.ComplexKeyHashMap::hash (31 bytes)
Event: 27.792 Thread 0x0000021031439800 nmethod 2934 0x000002101ae6d010 code [0x000002101ae6d1c0, 0x000002101ae6d2b8]
Event: 27.794 Thread 0x0000021031439800 2935       3       org.codehaus.groovy.util.SingleKeyHashMap::getOrPut (137 bytes)
Event: 27.795 Thread 0x0000021031439800 nmethod 2935 0x000002101ae6d390 code [0x000002101ae6d5e0, 0x000002101ae6e128]

GC Heap History (14 events):
Event: 0.997 GC heap before
{Heap before GC invocations=0 (full 0):
 garbage-first heap   total 131072K, used 20480K [0x0000000080000000, 0x0000000100000000)
  region size 1024K, 14 young (14336K), 0 survivors (0K)
 Metaspace       used 6757K, capacity 7001K, committed 7168K, reserved 524288K
  class space    used 571K, capacity 650K, committed 768K, reserved 516096K
}
Event: 1.002 GC heap after
{Heap after GC invocations=1 (full 0):
 garbage-first heap   total 131072K, used 7864K [0x0000000080000000, 0x0000000100000000)
  region size 1024K, 2 young (2048K), 2 survivors (2048K)
 Metaspace       used 6757K, capacity 7001K, committed 7168K, reserved 524288K
  class space    used 571K, capacity 650K, committed 768K, reserved 516096K
}
Event: 3.212 GC heap before
{Heap before GC invocations=1 (full 0):
 garbage-first heap   total 131072K, used 19128K [0x0000000080000000, 0x0000000100000000)
  region size 1024K, 13 young (13312K), 2 survivors (2048K)
 Metaspace       used 10254K, capacity 10500K, committed 10624K, reserved 526336K
  class space    used 1045K, capacity 1140K, committed 1152K, reserved 516096K
}
Event: 3.217 GC heap after
{Heap after GC invocations=2 (full 0):
 garbage-first heap   total 131072K, used 9437K [0x0000000080000000, 0x0000000100000000)
  region size 1024K, 2 young (2048K), 2 survivors (2048K)
 Metaspace       used 10254K, capacity 10500K, committed 10624K, reserved 526336K
  class space    used 1045K, capacity 1140K, committed 1152K, reserved 516096K
}
Event: 12.051 GC heap before
{Heap before GC invocations=2 (full 0):
 garbage-first heap   total 131072K, used 42205K [0x0000000080000000, 0x0000000100000000)
  region size 1024K, 33 young (33792K), 2 survivors (2048K)
 Metaspace       used 11275K, capacity 11519K, committed 11776K, reserved 528384K
  class space    used 1148K, capacity 1245K, committed 1280K, reserved 516096K
}
Event: 12.057 GC heap after
{Heap after GC invocations=3 (full 0):
 garbage-first heap   total 131072K, used 13734K [0x0000000080000000, 0x0000000100000000)
  region size 1024K, 5 young (5120K), 5 survivors (5120K)
 Metaspace       used 11275K, capacity 11519K, committed 11776K, reserved 528384K
  class space    used 1148K, capacity 1245K, committed 1280K, reserved 516096K
}
Event: 18.203 GC heap before
{Heap before GC invocations=3 (full 0):
 garbage-first heap   total 131072K, used 57766K [0x0000000080000000, 0x0000000100000000)
  region size 1024K, 48 young (49152K), 5 survivors (5120K)
 Metaspace       used 19160K, capacity 19573K, committed 19712K, reserved 534528K
  class space    used 2277K, capacity 2441K, committed 2560K, reserved 516096K
}
Event: 18.220 GC heap after
{Heap after GC invocations=4 (full 0):
 garbage-first heap   total 131072K, used 16982K [0x0000000080000000, 0x0000000100000000)
  region size 1024K, 3 young (3072K), 3 survivors (3072K)
 Metaspace       used 19160K, capacity 19573K, committed 19712K, reserved 534528K
  class space    used 2277K, capacity 2441K, committed 2560K, reserved 516096K
}
Event: 19.363 GC heap before
{Heap before GC invocations=4 (full 0):
 garbage-first heap   total 131072K, used 29270K [0x0000000080000000, 0x0000000100000000)
  region size 1024K, 17 young (17408K), 3 survivors (3072K)
 Metaspace       used 20752K, capacity 21173K, committed 21296K, reserved 536576K
  class space    used 2486K, capacity 2659K, committed 2688K, reserved 516096K
}
Event: 19.369 GC heap after
{Heap after GC invocations=5 (full 0):
 garbage-first heap   total 131072K, used 17422K [0x0000000080000000, 0x0000000100000000)
  region size 1024K, 4 young (4096K), 4 survivors (4096K)
 Metaspace       used 20752K, capacity 21173K, committed 21296K, reserved 536576K
  class space    used 2486K, capacity 2659K, committed 2688K, reserved 516096K
}
Event: 22.869 GC heap before
{Heap before GC invocations=6 (full 0):
 garbage-first heap   total 131072K, used 67598K [0x0000000080000000, 0x0000000100000000)
  region size 1024K, 53 young (54272K), 4 survivors (4096K)
 Metaspace       used 25960K, capacity 26477K, committed 26800K, reserved 540672K
  class space    used 3286K, capacity 3492K, committed 3584K, reserved 516096K
}
Event: 22.878 GC heap after
{Heap after GC invocations=7 (full 0):
 garbage-first heap   total 131072K, used 19227K [0x0000000080000000, 0x0000000100000000)
  region size 1024K, 5 young (5120K), 5 survivors (5120K)
 Metaspace       used 25960K, capacity 26477K, committed 26800K, reserved 540672K
  class space    used 3286K, capacity 3492K, committed 3584K, reserved 516096K
}
Event: 27.589 GC heap before
{Heap before GC invocations=7 (full 0):
 garbage-first heap   total 131072K, used 80667K [0x0000000080000000, 0x0000000100000000)
  region size 1024K, 66 young (67584K), 5 survivors (5120K)
 Metaspace       used 34920K, capacity 35720K, committed 35920K, reserved 548864K
  class space    used 4430K, capacity 4750K, committed 4864K, reserved 516096K
}
Event: 27.609 GC heap after
{Heap after GC invocations=8 (full 0):
 garbage-first heap   total 131072K, used 22776K [0x0000000080000000, 0x0000000100000000)
  region size 1024K, 6 young (6144K), 6 survivors (6144K)
 Metaspace       used 34920K, capacity 35720K, committed 35920K, reserved 548864K
  class space    used 4430K, capacity 4750K, committed 4864K, reserved 516096K
}

Deoptimization events (20 events):
Event: 26.627 Thread 0x000002103248a800 DEOPT PACKING pc=0x0000021021e7ae64 sp=0x000000698d8f4ec0
Event: 26.627 Thread 0x000002103248a800 DEOPT UNPACKING pc=0x000002101a30a1af sp=0x000000698d8f4d50 mode 2
Event: 26.885 Thread 0x0000021032697800 Uncommon trap: trap_request=0xffffffde fr.pc=0x0000021021ed4294 relative=0x0000000000000314
Event: 26.885 Thread 0x0000021032697800 Uncommon trap: reason=class_check action=maybe_recompile pc=0x0000021021ed4294 method=java.util.stream.ReferencePipeline.forEachWithCancel(Ljava/util/Spliterator;Ljava/util/stream/Sink;)Z @ 1 c2
Event: 26.885 Thread 0x0000021032697800 DEOPT PACKING pc=0x0000021021ed4294 sp=0x000000698d2fe990
Event: 26.885 Thread 0x0000021032697800 DEOPT UNPACKING pc=0x000002101a30a1af sp=0x000000698d2fe930 mode 2
Event: 27.494 Thread 0x000002103248a800 Uncommon trap: trap_request=0xffffff4d fr.pc=0x0000021021da9d68 relative=0x00000000000004a8
Event: 27.494 Thread 0x000002103248a800 Uncommon trap: reason=unstable_if action=reinterpret pc=0x0000021021da9d68 method=java.util.Properties$LineReader.readLine()I @ 249 c2
Event: 27.494 Thread 0x000002103248a800 DEOPT PACKING pc=0x0000021021da9d68 sp=0x000000698d8f9250
Event: 27.494 Thread 0x000002103248a800 DEOPT UNPACKING pc=0x000002101a30a1af sp=0x000000698d8f91e0 mode 2
Event: 27.679 Thread 0x000002103248a800 Uncommon trap: trap_request=0xffffff4d fr.pc=0x0000021021ec4c30 relative=0x0000000000000290
Event: 27.679 Thread 0x000002103248a800 Uncommon trap: reason=unstable_if action=reinterpret pc=0x0000021021ec4c30 method=jdk.internal.org.objectweb.asm.Type.getArgumentsAndReturnSizes(Ljava/lang/String;)I @ 136 c2
Event: 27.679 Thread 0x000002103248a800 DEOPT PACKING pc=0x0000021021ec4c30 sp=0x000000698d8f5e00
Event: 27.679 Thread 0x000002103248a800 DEOPT UNPACKING pc=0x000002101a30a1af sp=0x000000698d8f5d98 mode 2
Event: 27.695 Thread 0x000002103248a800 DEOPT PACKING pc=0x000002101ae51179 sp=0x000000698d8f5d60
Event: 27.695 Thread 0x000002103248a800 DEOPT UNPACKING pc=0x000002101a30a95e sp=0x000000698d8f52a8 mode 0
Event: 27.698 Thread 0x000002103248a800 Uncommon trap: trap_request=0xffffff5c fr.pc=0x0000021021e234ac relative=0x00000000000010ec
Event: 27.698 Thread 0x000002103248a800 Uncommon trap: reason=speculate_null_assert action=make_not_entrant pc=0x0000021021e234ac method=jdk.internal.loader.URLClassPath$JarLoader.getResource(Ljava/lang/String;ZLjava/util/Set;)Ljdk/internal/loader/Resource; @ 17 c2
Event: 27.698 Thread 0x000002103248a800 DEOPT PACKING pc=0x0000021021e234ac sp=0x000000698d8f4cf0
Event: 27.698 Thread 0x000002103248a800 DEOPT UNPACKING pc=0x000002101a30a1af sp=0x000000698d8f4c98 mode 2

Classes redefined (0 events):
No events

Internal exceptions (20 events):
Event: 23.746 Thread 0x000002103248a800 Exception <a 'java/lang/NoSuchMethodError'{0x00000000871f69a0}: 'java.lang.Object java.lang.invoke.Invokers$Holder.linkToTargetMethod(java.lang.Object, java.lang.Object, java.lang.Object, java.lang.Object, java.lang.Object, java.lang.Object, java.lang.Object, java.lang.Object, java.lang.Object, java.lang.Object, java.lang.Object, java.lang.Object)'> (0x00000000871f69a0) thrown at [./src/hotspot/share/interpreter/linkResolver.cpp, line 773]
Event: 23.778 Thread 0x000002103248a800 Exception <a 'java/lang/NoSuchMethodError'{0x00000000870e0538}: 'java.lang.Object java.lang.invoke.DirectMethodHandle$Holder.invokeStaticInit(java.lang.Object, java.lang.Object, java.lang.Object, java.lang.Object)'> (0x00000000870e0538) thrown at [./src/hotspot/share/interpreter/linkResolver.cpp, line 773]
Event: 24.099 Thread 0x000002103248a800 Implicit null exception at 0x0000021021e5e1f5 to 0x0000021021e5e3bc
Event: 24.567 Thread 0x000002103248a800 Exception <a 'java/lang/NoSuchMethodError'{0x0000000085f70fc0}: 'java.lang.Object java.lang.invoke.Invokers$Holder.linkToTargetMethod(java.lang.Object, java.lang.Object, java.lang.Object, java.lang.Object, java.lang.Object, java.lang.Object, java.lang.Object, java.lang.Object)'> (0x0000000085f70fc0) thrown at [./src/hotspot/share/interpreter/linkResolver.cpp, line 773]
Event: 24.574 Thread 0x000002103248a800 Exception <a 'java/lang/NoSuchMethodError'{0x0000000085fbd8b8}: 'java.lang.Object java.lang.invoke.Invokers$Holder.linkToTargetMethod(java.lang.Object, java.lang.Object, java.lang.Object, java.lang.Object, java.lang.Object, java.lang.Object, java.lang.Object)'> (0x0000000085fbd8b8) thrown at [./src/hotspot/share/interpreter/linkResolver.cpp, line 773]
Event: 24.580 Thread 0x000002103248a800 Exception <a 'java/lang/IncompatibleClassChangeError'{0x0000000085ffc198}: Found class java.lang.Object, but interface was expected> (0x0000000085ffc198) thrown at [./src/hotspot/share/interpreter/linkResolver.cpp, line 839]
Event: 26.040 Thread 0x000002103248a800 Exception <a 'java/lang/NoSuchMethodError'{0x0000000084b30b68}: 'void java.lang.invoke.DirectMethodHandle$Holder.invokeStaticInit(java.lang.Object, java.lang.Object, java.lang.Object)'> (0x0000000084b30b68) thrown at [./src/hotspot/share/interpreter/linkResolver.cpp, line 773]
Event: 26.041 Thread 0x000002103248a800 Exception <a 'java/lang/NoSuchMethodError'{0x0000000084b37d18}: 'void java.lang.invoke.DirectMethodHandle$Holder.invokeStaticInit(java.lang.Object, java.lang.Object, java.lang.Object, java.lang.Object)'> (0x0000000084b37d18) thrown at [./src/hotspot/share/interpreter/linkResolver.cpp, line 773]
Event: 26.056 Thread 0x000002103248a800 Exception <a 'java/lang/NoSuchMethodError'{0x0000000084b5a5c0}: 'void java.lang.invoke.DirectMethodHandle$Holder.invokeStaticInit(java.lang.Object, java.lang.Object, java.lang.Object, java.lang.Object, java.lang.Object)'> (0x0000000084b5a5c0) thrown at [./src/hotspot/share/interpreter/linkResolver.cpp, line 773]
Event: 26.193 Thread 0x000002103248a800 Exception <a 'java/lang/NoSuchMethodError'{0x0000000084bbb4d8}: 'int java.lang.invoke.DirectMethodHandle$Holder.invokeStaticInit(java.lang.Object, java.lang.Object, java.lang.Object, java.lang.Object)'> (0x0000000084bbb4d8) thrown at [./src/hotspot/share/interpreter/linkResolver.cpp, line 773]
Event: 27.681 Thread 0x000002103248a800 Exception <a 'java/lang/NoSuchMethodError'{0x0000000087fb9a68}: 'java.lang.Object java.lang.invoke.DirectMethodHandle$Holder.invokeStatic(java.lang.Object, java.lang.Object, java.lang.Object, java.lang.Object, java.lang.Object, java.lang.Object, java.lang.Object, java.lang.Object, java.lang.Object, java.lang.Object, java.lang.Object, int)'> (0x0000000087fb9a68) thrown at [./src/hotspot/share/interpreter/linkResolver.cpp, line 773]
Event: 27.689 Thread 0x000002103248a800 Exception <a 'java/lang/NoSuchMethodError'{0x0000000087fd84e8}: 'java.lang.Object java.lang.invoke.DirectMethodHandle$Holder.invokeStatic(java.lang.Object, java.lang.Object, java.lang.Object, java.lang.Object, java.lang.Object, java.lang.Object, java.lang.Object, java.lang.Object, java.lang.Object, java.lang.Object, java.lang.Object, int, int)'> (0x0000000087fd84e8) thrown at [./src/hotspot/share/interpreter/linkResolver.cpp, line 773]
Event: 27.693 Thread 0x000002103248a800 Exception <a 'java/lang/NoSuchMethodError'{0x0000000087ff7d18}: 'java.lang.Object java.lang.invoke.DirectMethodHandle$Holder.invokeStatic(java.lang.Object, java.lang.Object, java.lang.Object, java.lang.Object, java.lang.Object, java.lang.Object, java.lang.Object, java.lang.Object, java.lang.Object, java.lang.Object, java.lang.Object, int, int, java.lang.Object)'> (0x0000000087ff7d18) thrown at [./src/hotspot/share/interpreter/linkResolver.cpp, line 773]
Event: 27.696 Thread 0x000002103248a800 Exception <a 'java/lang/NoSuchMethodError'{0x0000000087e195a8}: 'java.lang.Object java.lang.invoke.DirectMethodHandle$Holder.invokeStatic(java.lang.Object, java.lang.Object, java.lang.Object, java.lang.Object, java.lang.Object, java.lang.Object, java.lang.Object, java.lang.Object, java.lang.Object, java.lang.Object, java.lang.Object, int, int, java.lang.Object, java.lang.Object)'> (0x0000000087e195a8) thrown at [./src/hotspot/share/interpreter/linkResolver.cpp, line 773]
Event: 27.705 Thread 0x000002103248a800 Exception <a 'java/lang/ClassNotFoundException'{0x0000000087e49080}: groovy/lang/ExpandoMetaClassBeanInfo> (0x0000000087e49080) thrown at [./src/hotspot/share/classfile/systemDictionary.cpp, line 230]
Event: 27.711 Thread 0x000002103248a800 Exception <a 'java/lang/ClassNotFoundException'{0x0000000087e69128}: groovy/lang/MetaClassImplBeanInfo> (0x0000000087e69128) thrown at [./src/hotspot/share/classfile/systemDictionary.cpp, line 230]
Event: 27.711 Thread 0x000002103248a800 Exception <a 'java/lang/ClassNotFoundException'{0x0000000087e723e0}: java/lang/ObjectBeanInfo> (0x0000000087e723e0) thrown at [./src/hotspot/share/classfile/systemDictionary.cpp, line 230]
Event: 27.714 Thread 0x000002103248a800 Exception <a 'java/lang/ClassNotFoundException'{0x0000000087e7dad8}: java/lang/ObjectCustomizer> (0x0000000087e7dad8) thrown at [./src/hotspot/share/classfile/systemDictionary.cpp, line 230]
Event: 27.730 Thread 0x000002103248a800 Exception <a 'java/lang/ClassNotFoundException'{0x0000000087ea4db0}: groovy/lang/MetaClassImplCustomizer> (0x0000000087ea4db0) thrown at [./src/hotspot/share/classfile/systemDictionary.cpp, line 230]
Event: 27.746 Thread 0x000002103248a800 Exception <a 'java/lang/ClassNotFoundException'{0x0000000087ee3738}: groovy/lang/ExpandoMetaClassCustomizer> (0x0000000087ee3738) thrown at [./src/hotspot/share/classfile/systemDictionary.cpp, line 230]

Events (20 events):
Event: 27.758 loading class org/codehaus/groovy/reflection/CachedField
Event: 27.758 loading class org/codehaus/groovy/reflection/CachedField done
Event: 27.759 loading class org/codehaus/groovy/util/ComplexKeyHashMap$1
Event: 27.759 loading class org/codehaus/groovy/util/ComplexKeyHashMap$1 done
Event: 27.761 loading class java/util/concurrent/locks/ReentrantReadWriteLock
Event: 27.780 loading class java/util/concurrent/locks/ReentrantReadWriteLock done
Event: 27.781 loading class org/codehaus/groovy/runtime/GroovyCategorySupport
Event: 27.781 loading class org/codehaus/groovy/runtime/GroovyCategorySupport done
Event: 27.782 loading class org/codehaus/groovy/runtime/GroovyCategorySupport$MyThreadLocal
Event: 27.782 loading class org/codehaus/groovy/runtime/GroovyCategorySupport$MyThreadLocal done
Event: 27.794 loading class groovy/lang/MetaClassRegistryChangeEvent
Event: 27.794 loading class groovy/lang/MetaClassRegistryChangeEvent done
Event: 27.794 loading class groovy/lang/MetaClassRegistryChangeEvent
Event: 27.794 loading class groovy/lang/MetaClassRegistryChangeEvent done
Event: 27.795 loading class groovy/lang/MetaClassRegistryChangeEvent
Event: 27.795 loading class groovy/lang/MetaClassRegistryChangeEvent done
Event: 27.795 loading class org/codehaus/groovy/runtime/metaclass/MetaClassRegistryImpl
Event: 27.795 loading class org/codehaus/groovy/runtime/metaclass/MetaClassRegistryImpl done
Event: 27.795 loading class org/apache/groovy/plugin/GroovyRunnerRegistry
Event: 27.795 loading class org/apache/groovy/plugin/GroovyRunnerRegistry done


Dynamic libraries:
0x00007ff70e300000 - 0x00007ff70e30d000 	C:\Program Files\OpenJDK\openjdk-11.0.15_10\bin\java.exe
0x00007ff9caeb0000 - 0x00007ff9cb0a7000 	C:\WINDOWS\SYSTEM32\ntdll.dll
0x00007ff9cac10000 - 0x00007ff9caccd000 	C:\WINDOWS\System32\KERNEL32.DLL
0x00007ff9c8810000 - 0x00007ff9c8add000 	C:\WINDOWS\System32\KERNELBASE.dll
0x00007ff9c8c80000 - 0x00007ff9c8d80000 	C:\WINDOWS\System32\ucrtbase.dll
0x00007ff9c3f40000 - 0x00007ff9c3f56000 	C:\Program Files\OpenJDK\openjdk-11.0.15_10\bin\VCRUNTIME140.dll
0x00007ff9c3f70000 - 0x00007ff9c3f88000 	C:\Program Files\OpenJDK\openjdk-11.0.15_10\bin\jli.dll
0x00007ff9c9d10000 - 0x00007ff9c9eb0000 	C:\WINDOWS\System32\USER32.dll
0x00007ff9b8a90000 - 0x00007ff9b8d2a000 	C:\WINDOWS\WinSxS\amd64_microsoft.windows.common-controls_6595b64144ccf1df_6.0.19041.1110_none_60b5254171f9507e\COMCTL32.dll
0x00007ff9c8680000 - 0x00007ff9c86a2000 	C:\WINDOWS\System32\win32u.dll
0x00007ff9ca2f0000 - 0x00007ff9ca38e000 	C:\WINDOWS\System32\msvcrt.dll
0x00007ff9ca2c0000 - 0x00007ff9ca2ea000 	C:\WINDOWS\System32\GDI32.dll
0x00007ff9c8ae0000 - 0x00007ff9c8beb000 	C:\WINDOWS\System32\gdi32full.dll
0x00007ff9c8720000 - 0x00007ff9c87bd000 	C:\WINDOWS\System32\msvcp_win.dll
0x00007ff9c8f10000 - 0x00007ff9c8f40000 	C:\WINDOWS\System32\IMM32.DLL
0x00007ff990920000 - 0x00007ff9909ca000 	C:\Program Files\OpenJDK\openjdk-11.0.15_10\bin\msvcp140.dll
0x00007ff97a280000 - 0x00007ff97add1000 	C:\Program Files\OpenJDK\openjdk-11.0.15_10\bin\server\jvm.dll
0x00007ff9c9560000 - 0x00007ff9c960e000 	C:\WINDOWS\System32\ADVAPI32.dll
0x00007ff9ca080000 - 0x00007ff9ca11c000 	C:\WINDOWS\System32\sechost.dll
0x00007ff9c9b30000 - 0x00007ff9c9c55000 	C:\WINDOWS\System32\RPCRT4.dll
0x00007ff9c9f10000 - 0x00007ff9c9f18000 	C:\WINDOWS\System32\PSAPI.DLL
0x00007ff9c3f30000 - 0x00007ff9c3f39000 	C:\WINDOWS\SYSTEM32\WSOCK32.dll
0x00007ff9bb4b0000 - 0x00007ff9bb4d7000 	C:\WINDOWS\SYSTEM32\WINMM.dll
0x00007ff9bf190000 - 0x00007ff9bf19a000 	C:\WINDOWS\SYSTEM32\VERSION.dll
0x00007ff9cacd0000 - 0x00007ff9cad3b000 	C:\WINDOWS\System32\WS2_32.dll
0x00007ff9c6eb0000 - 0x00007ff9c6ec2000 	C:\WINDOWS\SYSTEM32\kernel.appcore.dll
0x00007ff9bf030000 - 0x00007ff9bf041000 	C:\Program Files\OpenJDK\openjdk-11.0.15_10\bin\verify.dll
0x00007ff9c6b70000 - 0x00007ff9c6d54000 	C:\WINDOWS\SYSTEM32\DBGHELP.DLL
0x00007ff9c25c0000 - 0x00007ff9c25ec000 	C:\WINDOWS\SYSTEM32\dbgcore.DLL
0x00007ff9c8bf0000 - 0x00007ff9c8c72000 	C:\WINDOWS\System32\bcryptPrimitives.dll
0x00007ff9bf000000 - 0x00007ff9bf029000 	C:\Program Files\OpenJDK\openjdk-11.0.15_10\bin\java.dll
0x00007ff9c3f20000 - 0x00007ff9c3f2a000 	C:\Program Files\OpenJDK\openjdk-11.0.15_10\bin\jimage.dll
0x00007ff9b4170000 - 0x00007ff9b4188000 	C:\Program Files\OpenJDK\openjdk-11.0.15_10\bin\zip.dll
0x00007ff9ca440000 - 0x00007ff9cab84000 	C:\WINDOWS\System32\SHELL32.dll
0x00007ff9c63d0000 - 0x00007ff9c6b64000 	C:\WINDOWS\SYSTEM32\windows.storage.dll
0x00007ff9c9690000 - 0x00007ff9c99e4000 	C:\WINDOWS\System32\combase.dll
0x00007ff9c8030000 - 0x00007ff9c805c000 	C:\WINDOWS\SYSTEM32\Wldp.dll
0x00007ff9ca390000 - 0x00007ff9ca43d000 	C:\WINDOWS\System32\SHCORE.dll
0x00007ff9c9eb0000 - 0x00007ff9c9f05000 	C:\WINDOWS\System32\shlwapi.dll
0x00007ff9c8510000 - 0x00007ff9c852f000 	C:\WINDOWS\SYSTEM32\profapi.dll
0x00007ff9a9a20000 - 0x00007ff9a9a39000 	C:\Program Files\OpenJDK\openjdk-11.0.15_10\bin\net.dll
0x00007ff9c00d0000 - 0x00007ff9c01da000 	C:\WINDOWS\SYSTEM32\WINHTTP.dll
0x00007ff9c7d90000 - 0x00007ff9c7dfa000 	C:\WINDOWS\system32\mswsock.dll
0x00007ff9a8470000 - 0x00007ff9a8483000 	C:\Program Files\OpenJDK\openjdk-11.0.15_10\bin\nio.dll
0x00007ff9a3c70000 - 0x00007ff9a3c97000 	C:\Users\Tom\.gradle\native\e1d6ef7f7dcc3fd88c89a11ec53ec762bb8ba0a96d01ffa2cd45eb1d1d8dd5c5\windows-amd64\native-platform.dll
0x00007ff988110000 - 0x00007ff988254000 	C:\Users\Tom\.gradle\native\5664cfc778a61ccfe75a443a1ab52a65af34e5dc3c78e0209fed803814484fcb\windows-amd64\native-platform-file-events.dll
0x00007ff9b6a80000 - 0x00007ff9b6a89000 	C:\Program Files\OpenJDK\openjdk-11.0.15_10\bin\management.dll
0x00007ff9af2a0000 - 0x00007ff9af2ac000 	C:\Program Files\OpenJDK\openjdk-11.0.15_10\bin\management_ext.dll
0x00007ff9c7f80000 - 0x00007ff9c7f98000 	C:\WINDOWS\SYSTEM32\CRYPTSP.dll
0x00007ff9c7640000 - 0x00007ff9c7674000 	C:\WINDOWS\system32\rsaenh.dll
0x00007ff9c8d80000 - 0x00007ff9c8da7000 	C:\WINDOWS\System32\bcrypt.dll
0x00007ff9c8490000 - 0x00007ff9c84be000 	C:\WINDOWS\SYSTEM32\USERENV.dll
0x00007ff9c7fa0000 - 0x00007ff9c7fac000 	C:\WINDOWS\SYSTEM32\CRYPTBASE.dll
0x00007ff9c7a30000 - 0x00007ff9c7a6b000 	C:\WINDOWS\SYSTEM32\IPHLPAPI.DLL
0x00007ff9cad40000 - 0x00007ff9cad48000 	C:\WINDOWS\System32\NSI.dll
0x00007ff9c0490000 - 0x00007ff9c04a7000 	C:\WINDOWS\SYSTEM32\dhcpcsvc6.DLL
0x00007ff9c0eb0000 - 0x00007ff9c0ecd000 	C:\WINDOWS\SYSTEM32\dhcpcsvc.DLL
0x00007ff9c7ac0000 - 0x00007ff9c7b8b000 	C:\WINDOWS\SYSTEM32\DNSAPI.dll

dbghelp: loaded successfully - version: 4.0.5 - missing functions: none
symbol engine: initialized successfully - sym options: 0x614 - pdb path: .;C:\Program Files\OpenJDK\openjdk-11.0.15_10\bin;C:\WINDOWS\SYSTEM32;C:\WINDOWS\WinSxS\amd64_microsoft.windows.common-controls_6595b64144ccf1df_6.0.19041.1110_none_60b5254171f9507e;C:\Program Files\OpenJDK\openjdk-11.0.15_10\bin\server;C:\Users\Tom\.gradle\native\e1d6ef7f7dcc3fd88c89a11ec53ec762bb8ba0a96d01ffa2cd45eb1d1d8dd5c5\windows-amd64;C:\Users\Tom\.gradle\native\5664cfc778a61ccfe75a443a1ab52a65af34e5dc3c78e0209fed803814484fcb\windows-amd64

VM Arguments:
jvm_args: -XX:MaxMetaspaceSize=512m --add-opens=java.base/java.util=ALL-UNNAMED --add-opens=java.base/java.lang=ALL-UNNAMED --add-opens=java.base/java.lang.invoke=ALL-UNNAMED --add-opens=java.base/java.util=ALL-UNNAMED --add-opens=java.prefs/java.util.prefs=ALL-UNNAMED --add-opens=java.prefs/java.util.prefs=ALL-UNNAMED --add-opens=java.base/java.nio.charset=ALL-UNNAMED --add-opens=java.base/java.net=ALL-UNNAMED --add-opens=java.base/java.util.concurrent.atomic=ALL-UNNAMED -Xmx2048m -Dfile.encoding=windows-1252 -Duser.country=GB -Duser.language=en -Duser.variant 
java_command: org.gradle.launcher.daemon.bootstrap.GradleDaemon 7.3.3
java_class_path (initial): C:\Users\Tom\.gradle\wrapper\dists\gradle-7.3.3-all\4295vidhdd9hd3gbjyw1xqxpo\gradle-7.3.3\lib\gradle-launcher-7.3.3.jar
Launcher Type: SUN_STANDARD

[Global flags]
     intx CICompilerCount                          = 3                                         {product} {ergonomic}
   size_t CompressedClassSpaceSize                 = 528482304                                 {product} {ergonomic}
     uint ConcGCThreads                            = 1                                         {product} {ergonomic}
     uint G1ConcRefinementThreads                  = 4                                         {product} {ergonomic}
   size_t G1HeapRegionSize                         = 1048576                                   {product} {ergonomic}
    uintx GCDrainStackTargetSize                   = 64                                        {product} {ergonomic}
   size_t InitialHeapSize                          = 134217728                                 {product} {ergonomic}
   size_t MarkStackSize                            = 4194304                                   {product} {ergonomic}
   size_t MaxHeapSize                              = 2147483648                                {product} {command line}
   size_t MaxMetaspaceSize                         = 536870912                                 {product} {command line}
   size_t MaxNewSize                               = 1287651328                                {product} {ergonomic}
   size_t MinHeapDeltaBytes                        = 1048576                                   {product} {ergonomic}
    uintx NonNMethodCodeHeapSize                   = 5830732                                {pd product} {ergonomic}
    uintx NonProfiledCodeHeapSize                  = 122913754                              {pd product} {ergonomic}
    uintx ProfiledCodeHeapSize                     = 122913754                              {pd product} {ergonomic}
    uintx ReservedCodeCacheSize                    = 251658240                              {pd product} {ergonomic}
     bool SegmentedCodeCache                       = true                                      {product} {ergonomic}
     bool UseCompressedClassPointers               = true                                 {lp64_product} {ergonomic}
     bool UseCompressedOops                        = true                                 {lp64_product} {ergonomic}
     bool UseG1GC                                  = true                                      {product} {ergonomic}
     bool UseLargePagesIndividualAllocation        = false                                  {pd product} {ergonomic}

Logging:
Log output configuration:
 #0: stdout all=warning uptime,level,tags
 #1: stderr all=off uptime,level,tags

Environment Variables:
JAVA_HOME=C:\Program Files\OpenJDK\openjdk-11.0.15_10
CLASSPATH=C:\Users\Tom\Documents\Programmation\React Native\projectRNcli\android\\gradle\wrapper\gradle-wrapper.jar
PATH=C:\Users\Tom\Documents\Programmation\React Native\projectRNcli\android\node_modules\.bin;C:\Users\Tom\Documents\Programmation\React Native\projectRNcli\node_modules\.bin;C:\Users\Tom\Documents\Programmation\React Native\node_modules\.bin;C:\Users\Tom\Documents\Programmation\node_modules\.bin;C:\Users\Tom\Documents\node_modules\.bin;C:\Users\Tom\node_modules\.bin;C:\Users\node_modules\.bin;C:\node_modules\.bin;C:\Program Files\nodejs;C:\Users\Tom\Documents\Programmation\React Native\projectRNcli\node_modules\.bin;C:\Users\Tom\Documents\Programmation\React Native\node_modules\.bin;C:\Users\Tom\Documents\Programmation\node_modules\.bin;C:\Users\Tom\Documents\node_modules\.bin;C:\Users\Tom\node_modules\.bin;C:\Users\node_modules\.bin;C:\node_modules\.bin;C:\Program Files\nodejs\node_modules\npm\node_modules\@npmcli\run-script\lib\node-gyp-bin;C:\Python310\Scripts\;C:\Python310\;C:\Program Files\Common Files\Oracle\Java\javapath;C:\Program Files (x86)\Intel\Intel(R) Management Engine Components\iCLS\;C:\Program Files\Intel\Intel(R) Management Engine Components\iCLS\;C:\windows\system32;C:\windows;C:\windows\System32\Wbem;C:\windows\System32\WindowsPowerShell\v1.0\;C:\Program Files (x86)\Intel\Intel(R) Management Engine Components\DAL;C:\Program Files\Intel\Intel(R) Management Engine Components\DAL;C:\Program Files (x86)\Intel\Intel(R) Management Engine Components\IPT;C:\Program Files\Intel\Intel(R) Management Engine Components\IPT;C:\Program Files (x86)\NVIDIA Corporation\PhysX\Common;C:\WINDOWS\system32;C:\WINDOWS;C:\WINDOWS\System32\Wbem;C:\WINDOWS\System32\WindowsPowerShell\v1.0\;C:\WINDOWS\System32\OpenSSH\;C:\Program Files\Microchip\xc8\v2.36\bin;C:\ProgramData\chocolatey\bin;C:\Program Files\OpenJDK\openjdk-11.0.15_10\bin;C:\Program Files\nodejs\;C:\Users\Tom\AppData\Local\Microsoft\WindowsApps;C:\Users\Tom\AppData\Local\Programs\Microsoft VS Code\bin;C:\Users\Tom\AppData\Local\Android\Sdk\platform-tools;C:\Users\Tom\AppData\Roaming\npm;;C:\Users\Tom\Documents\Pr
USERNAME=Tom
LANG=en_GB.UTF-8
OS=Windows_NT
PROCESSOR_IDENTIFIER=Intel64 Family 6 Model 142 Stepping 10, GenuineIntel



---------------  S Y S T E M  ---------------

OS: Windows 10 , 64 bit Build 19041 (10.0.19041.1741)
OS uptime: 0 days 9:28 hours

CPU:total 4 (initial active 4) (2 cores per cpu, 2 threads per core) family 6 model 142 stepping 10 microcode 0xb4, cmov, cx8, fxsr, mmx, sse, sse2, sse3, ssse3, sse4.1, sse4.2, popcnt, avx, avx2, aes, clmul, erms, 3dnowpref, lzcnt, ht, tsc, tscinvbit, bmi1, bmi2, adx, fma

Memory: 4k page, system-wide physical 8107M (1296M free)
TotalPageFile size 8107M (AvailPageFile size 249M)
current process WorkingSet (physical memory assigned to process): 200M, peak: 200M
current process commit charge ("private bytes"): 277M, peak: 277M

vm_info: OpenJDK 64-Bit Server VM (11.0.15+10) for windows-amd64 JRE (11.0.15+10), built on Apr 21 2022 21:29:46 by "tester" with MS VC++ 15.5 (VS2017)

END.
