#
# There is insufficient memory for the Java Runtime Environment to continue.
# Native memory allocation (mmap) failed to map 89128960 bytes for Failed to commit area from 0x000000008b900000 to 0x0000000090e00000 of length 89128960.
# Possible reasons:
#   The system is out of physical RAM or swap space
#   The process is running with CompressedOops enabled, and the Java Heap may be blocking the growth of the native heap
# Possible solutions:
#   Reduce memory load on the system
#   Increase physical memory or swap space
#   Check if swap backing store is full
#   Decrease Java heap size (-Xmx/-Xms)
#   Decrease number of Java threads
#   Decrease Java thread stack sizes (-Xss)
#   Set larger code cache with -XX:ReservedCodeCacheSize=
#   JVM is running with Unscaled Compressed Oops mode in which the Java heap is
#     placed in the first 4GB address space. The Java Heap base address is the
#     maximum limit for the native heap growth. Please use -XX:HeapBaseMinAddress
#     to set the Java Heap base and to place the Java Heap above 4GB virtual address.
# This output file may be truncated or incomplete.
#
#  Out of Memory Error (./src/hotspot/os/windows/os_windows.cpp:3390), pid=860, tid=11884
#
# JRE version: OpenJDK Runtime Environment 18.9 (11.0.15+10) (build 11.0.15+10)
# Java VM: OpenJDK 64-Bit Server VM 18.9 (11.0.15+10, mixed mode, tiered, compressed oops, g1 gc, windows-amd64)
# No core dump will be written. Minidumps are not enabled by default on client versions of Windows
#

---------------  S U M M A R Y ------------

Command Line: -XX:MaxMetaspaceSize=512m --add-opens=java.base/java.util=ALL-UNNAMED --add-opens=java.base/java.lang=ALL-UNNAMED --add-opens=java.base/java.lang.invoke=ALL-UNNAMED --add-opens=java.base/java.util=ALL-UNNAMED --add-opens=java.prefs/java.util.prefs=ALL-UNNAMED --add-opens=java.prefs/java.util.prefs=ALL-UNNAMED --add-opens=java.base/java.nio.charset=ALL-UNNAMED --add-opens=java.base/java.net=ALL-UNNAMED --add-opens=java.base/java.util.concurrent.atomic=ALL-UNNAMED -Xmx2048m -Dfile.encoding=windows-1252 -Duser.country=GB -Duser.language=en -Duser.variant org.gradle.launcher.daemon.bootstrap.GradleDaemon 7.3.3

Host: Intel(R) Core(TM) i3-7020U CPU @ 2.30GHz, 4 cores, 7G,  Windows 10 , 64 bit Build 19041 (10.0.19041.1741)
Time: Sun Jul  3 17:40:42 2022 Romance Summer Time elapsed time: 57.036664 seconds (0d 0h 0m 57s)

---------------  T H R E A D  ---------------

Current thread (0x000001df7b821000):  VMThread "VM Thread" [stack: 0x000000a1fe200000,0x000000a1fe300000] [id=11884]

Stack: [0x000000a1fe200000,0x000000a1fe300000]
[error occurred during error reporting (printing stack bounds), id 0xc0000005, EXCEPTION_ACCESS_VIOLATION (0xc0000005) at pc=0x000001df0000112d]

Native frames: (J=compiled Java code, j=interpreted, Vv=VM code, C=native code)
V  [jvm.dll+0x64dd3a]
V  [jvm.dll+0x7906c9]
V  [jvm.dll+0x791d9c]
V  [jvm.dll+0x7923c5]
V  [jvm.dll+0x79237b]
V  [jvm.dll+0x64cdd0]
V  [jvm.dll+0x64d4e8]
C  [ntdll.dll+0xa209f]
C  [ntdll.dll+0x51454]
C  [ntdll.dll+0xa0bce]
C  0x000001df0000112d

VM_Operation (0x000000a1821f8d20): G1CollectForAllocation, mode: safepoint, requested by thread 0x000001df12577000


---------------  P R O C E S S  ---------------

Threads class SMR info:
_java_thread_list=0x000001df7d202a40, length=88, elements={
0x000001df6c001800, 0x000001df7b834000, 0x000001df7b82c000, 0x000001df7b887000,
0x000001df7b889000, 0x000001df7b88c000, 0x000001df7c191000, 0x000001df7c197000,
0x000001df7c1ae800, 0x000001df7c2ff000, 0x000001df7e121000, 0x000001df7e00e000,
0x000001df7cf78800, 0x000001df7da29800, 0x000001df7d15c000, 0x000001df7e190800,
0x000001df7e2e6800, 0x000001df7e84b800, 0x000001df7cdca800, 0x000001df7e528000,
0x000001df7ea43000, 0x000001df7ea40800, 0x000001df7ea43800, 0x000001df7ea41000,
0x000001df7ea3e000, 0x000001df7ea44800, 0x000001df7ea42000, 0x000001df7ea3e800,
0x000001df7ea3f800, 0x000001df7c533800, 0x000001df7c536000, 0x000001df7c537800,
0x000001df7c537000, 0x000001df7c53a000, 0x000001df7c534800, 0x000001df7c53b000,
0x000001df7c535000, 0x000001df7c53e000, 0x000001df7c53b800, 0x000001df7c53c800,
0x000001df7c53f000, 0x000001df7c540800, 0x000001df7c541800, 0x000001df7c53d800,
0x000001df7c53f800, 0x000001df12572000, 0x000001df1256f000, 0x000001df12573000,
0x000001df1256e000, 0x000001df1256d800, 0x000001df12574000, 0x000001df12574800,
0x000001df12575800, 0x000001df1256f800, 0x000001df12571800, 0x000001df12576800,
0x000001df12570800, 0x000001df12578800, 0x000001df12577000, 0x000001df1257b000,
0x000001df12578000, 0x000001df12579800, 0x000001df1257a800, 0x000001df1257c000,
0x000001df7e0b6800, 0x000001df7e0b3000, 0x000001df7e0b4000, 0x000001df7e0b0800,
0x000001df7e0b7000, 0x000001df7e0b1800, 0x000001df7e0b4800, 0x000001df7e0b8000,
0x000001df7e0b5800, 0x000001df7e0b2000, 0x000001df7e0b9800, 0x000001df7e0b8800,
0x000001df7e0bf800, 0x000001df7e0ba800, 0x000001df7e0bb000, 0x000001df7e0bc000,
0x000001df10d80000, 0x000001df10d7c000, 0x000001df10d7c800, 0x000001df0f060800,
0x000001df10d7f000, 0x000001df10d7b000, 0x000001df10d86800, 0x000001df10d85000
}

Java Threads: ( => current thread )
  0x000001df6c001800 JavaThread "main" [_thread_blocked, id=13976, stack(0x000000a1fdc00000,0x000000a1fdd00000)]
  0x000001df7b834000 JavaThread "Reference Handler" daemon [_thread_blocked, id=12792, stack(0x000000a1fe300000,0x000000a1fe400000)]
  0x000001df7b82c000 JavaThread "Finalizer" daemon [_thread_blocked, id=11100, stack(0x000000a1fe400000,0x000000a1fe500000)]
  0x000001df7b887000 JavaThread "Signal Dispatcher" daemon [_thread_blocked, id=12332, stack(0x000000a1fe500000,0x000000a1fe600000)]
  0x000001df7b889000 JavaThread "Attach Listener" daemon [_thread_blocked, id=9016, stack(0x000000a1fe600000,0x000000a1fe700000)]
  0x000001df7b88c000 JavaThread "Service Thread" daemon [_thread_blocked, id=6620, stack(0x000000a1fe700000,0x000000a1fe800000)]
  0x000001df7c191000 JavaThread "C2 CompilerThread0" daemon [_thread_blocked, id=12752, stack(0x000000a1fe800000,0x000000a1fe900000)]
  0x000001df7c197000 JavaThread "C1 CompilerThread0" daemon [_thread_blocked, id=3296, stack(0x000000a1fe900000,0x000000a1fea00000)]
  0x000001df7c1ae800 JavaThread "Sweeper thread" daemon [_thread_blocked, id=15496, stack(0x000000a1fea00000,0x000000a1feb00000)]
  0x000001df7c2ff000 JavaThread "Common-Cleaner" daemon [_thread_blocked, id=3848, stack(0x000000a1feb00000,0x000000a1fec00000)]
  0x000001df7e121000 JavaThread "Daemon health stats" [_thread_blocked, id=8664, stack(0x000000a1ff000000,0x000000a1ff100000)]
  0x000001df7e00e000 JavaThread "Incoming local TCP Connector on port 51367" [_thread_in_native, id=1912, stack(0x000000a1fed00000,0x000000a1fee00000)]
  0x000001df7cf78800 JavaThread "Daemon periodic checks" [_thread_blocked, id=7248, stack(0x000000a1ff100000,0x000000a1ff200000)]
  0x000001df7da29800 JavaThread "Daemon" [_thread_blocked, id=4432, stack(0x000000a1ff200000,0x000000a1ff300000)]
  0x000001df7d15c000 JavaThread "Handler for socket connection from /127.0.0.1:51367 to /127.0.0.1:51368" [_thread_in_native, id=5248, stack(0x000000a1ff300000,0x000000a1ff400000)]
  0x000001df7e190800 JavaThread "Cancel handler" [_thread_blocked, id=10296, stack(0x000000a1ff400000,0x000000a1ff500000)]
  0x000001df7e2e6800 JavaThread "Daemon worker" [_thread_blocked, id=3968, stack(0x000000a1ff500000,0x000000a1ff600000)]
  0x000001df7e84b800 JavaThread "Asynchronous log dispatcher for DefaultDaemonConnection: socket connection from /127.0.0.1:51367 to /127.0.0.1:51368" [_thread_blocked, id=13316, stack(0x000000a1ff600000,0x000000a1ff700000)]
  0x000001df7cdca800 JavaThread "Stdin handler" [_thread_blocked, id=7660, stack(0x000000a1ff700000,0x000000a1ff800000)]
  0x000001df7e528000 JavaThread "Daemon client event forwarder" [_thread_blocked, id=17332, stack(0x000000a1ff800000,0x000000a1ff900000)]
  0x000001df7ea43000 JavaThread "Cache worker for journal cache (C:\Users\Tom\.gradle\caches\journal-1)" [_thread_blocked, id=16728, stack(0x000000a1ffa00000,0x000000a1ffb00000)]
  0x000001df7ea40800 JavaThread "File lock request listener" [_thread_in_native, id=13576, stack(0x000000a1ffb00000,0x000000a1ffc00000)]
  0x000001df7ea43800 JavaThread "Cache worker for file hash cache (C:\Users\Tom\.gradle\caches\7.3.3\fileHashes)" [_thread_blocked, id=9504, stack(0x000000a1ffc00000,0x000000a1ffd00000)]
  0x000001df7ea41000 JavaThread "Cache worker for file hash cache (C:\Users\Tom\Documents\Programmation\React Native\projectRNcli\android\.gradle\7.3.3\fileHashes)" [_thread_blocked, id=14920, stack(0x000000a1ffe00000,0x000000a1fff00000)]
  0x000001df7ea3e000 JavaThread "File watcher server" daemon [_thread_blocked, id=5132, stack(0x000000a1fff00000,0x000000a200000000)]
  0x000001df7ea44800 JavaThread "File watcher consumer" daemon [_thread_blocked, id=9380, stack(0x000000a180000000,0x000000a180100000)]
  0x000001df7ea42000 JavaThread "Cache worker for checksums cache (C:\Users\Tom\Documents\Programmation\React Native\projectRNcli\android\.gradle\7.3.3\checksums)" [_thread_blocked, id=2968, stack(0x000000a180100000,0x000000a180200000)]
  0x000001df7ea3e800 JavaThread "Cache worker for cache directory md-supplier (C:\Users\Tom\.gradle\caches\7.3.3\md-supplier)" [_thread_blocked, id=17680, stack(0x000000a180200000,0x000000a180300000)]
  0x000001df7ea3f800 JavaThread "Cache worker for cache directory md-rule (C:\Users\Tom\.gradle\caches\7.3.3\md-rule)" [_thread_blocked, id=3148, stack(0x000000a180400000,0x000000a180500000)]
  0x000001df7c533800 JavaThread "Cache worker for execution history cache (C:\Users\Tom\.gradle\caches\7.3.3\executionHistory)" [_thread_blocked, id=16224, stack(0x000000a180500000,0x000000a180600000)]
  0x000001df7c536000 JavaThread "jar transforms" [_thread_blocked, id=9000, stack(0x000000a180600000,0x000000a180700000)]
  0x000001df7c537800 JavaThread "jar transforms Thread 2" [_thread_blocked, id=1736, stack(0x000000a180700000,0x000000a180800000)]
  0x000001df7c537000 JavaThread "Cache worker for file content cache (C:\Users\Tom\.gradle\caches\7.3.3\fileContent)" [_thread_blocked, id=11156, stack(0x000000a180800000,0x000000a180900000)]
  0x000001df7c53a000 JavaThread "jar transforms Thread 3" [_thread_blocked, id=12520, stack(0x000000a180900000,0x000000a180a00000)]
  0x000001df7c534800 JavaThread "jar transforms Thread 4" [_thread_blocked, id=11060, stack(0x000000a180a00000,0x000000a180b00000)]
  0x000001df7c53b000 JavaThread "Cache worker for kotlin-dsl (C:\Users\Tom\.gradle\caches\7.3.3\kotlin-dsl)" [_thread_blocked, id=18060, stack(0x000000a180b00000,0x000000a180c00000)]
  0x000001df7c535000 JavaThread "Cache worker for dependencies-accessors (C:\Users\Tom\Documents\Programmation\React Native\projectRNcli\android\.gradle\7.3.3\dependencies-accessors)" [_thread_blocked, id=2556, stack(0x000000a180c00000,0x000000a180d00000)]
  0x000001df7c53e000 JavaThread "Cache worker for Build Output Cleanup Cache (C:\Users\Tom\Documents\Programmation\React Native\projectRNcli\node_modules\react-native-gradle-plugin\.gradle\buildOutputCleanup)" [_thread_blocked, id=15216, stack(0x000000a180d00000,0x000000a180e00000)]
  0x000001df7c53b800 JavaThread "Unconstrained build operations" [_thread_blocked, id=13500, stack(0x000000a180e00000,0x000000a180f00000)]
  0x000001df7c53c800 JavaThread "Unconstrained build operations Thread 2" [_thread_blocked, id=12476, stack(0x000000a180f00000,0x000000a181000000)]
  0x000001df7c53f000 JavaThread "Unconstrained build operations Thread 3" [_thread_blocked, id=7480, stack(0x000000a181000000,0x000000a181100000)]
  0x000001df7c540800 JavaThread "Unconstrained build operations Thread 4" [_thread_blocked, id=8048, stack(0x000000a181100000,0x000000a181200000)]
  0x000001df7c541800 JavaThread "Unconstrained build operations Thread 5" [_thread_blocked, id=5244, stack(0x000000a180300000,0x000000a180400000)]
  0x000001df7c53d800 JavaThread "Unconstrained build operations Thread 6" [_thread_blocked, id=8696, stack(0x000000a181200000,0x000000a181300000)]
  0x000001df7c53f800 JavaThread "Unconstrained build operations Thread 7" [_thread_blocked, id=7012, stack(0x000000a181300000,0x000000a181400000)]
  0x000001df12572000 JavaThread "Unconstrained build operations Thread 8" [_thread_blocked, id=17340, stack(0x000000a181400000,0x000000a181500000)]
  0x000001df1256f000 JavaThread "Unconstrained build operations Thread 9" [_thread_blocked, id=17188, stack(0x000000a181500000,0x000000a181600000)]
  0x000001df12573000 JavaThread "Unconstrained build operations Thread 10" [_thread_blocked, id=10488, stack(0x000000a181600000,0x000000a181700000)]
  0x000001df1256e000 JavaThread "Unconstrained build operations Thread 11" [_thread_blocked, id=8852, stack(0x000000a181700000,0x000000a181800000)]
  0x000001df1256d800 JavaThread "Unconstrained build operations Thread 12" [_thread_blocked, id=2528, stack(0x000000a181800000,0x000000a181900000)]
  0x000001df12574000 JavaThread "Unconstrained build operations Thread 13" [_thread_blocked, id=2412, stack(0x000000a181900000,0x000000a181a00000)]
  0x000001df12574800 JavaThread "Unconstrained build operations Thread 14" [_thread_blocked, id=17440, stack(0x000000a181a00000,0x000000a181b00000)]
  0x000001df12575800 JavaThread "Unconstrained build operations Thread 15" [_thread_blocked, id=3836, stack(0x000000a181b00000,0x000000a181c00000)]
  0x000001df1256f800 JavaThread "Unconstrained build operations Thread 16" [_thread_blocked, id=8380, stack(0x000000a181c00000,0x000000a181d00000)]
  0x000001df12571800 JavaThread "Unconstrained build operations Thread 17" [_thread_blocked, id=8308, stack(0x000000a181d00000,0x000000a181e00000)]
  0x000001df12576800 JavaThread "Unconstrained build operations Thread 18" [_thread_blocked, id=6336, stack(0x000000a181e00000,0x000000a181f00000)]
  0x000001df12570800 JavaThread "Unconstrained build operations Thread 19" [_thread_blocked, id=8600, stack(0x000000a181f00000,0x000000a182000000)]
  0x000001df12578800 JavaThread "Unconstrained build operations Thread 20" [_thread_blocked, id=14208, stack(0x000000a182000000,0x000000a182100000)]
  0x000001df12577000 JavaThread "Unconstrained build operations Thread 21" [_thread_blocked, id=15736, stack(0x000000a182100000,0x000000a182200000)]
  0x000001df1257b000 JavaThread "Unconstrained build operations Thread 22" [_thread_blocked, id=7944, stack(0x000000a182200000,0x000000a182300000)]
  0x000001df12578000 JavaThread "Unconstrained build operations Thread 23" [_thread_blocked, id=17504, stack(0x000000a182300000,0x000000a182400000)]
  0x000001df12579800 JavaThread "Unconstrained build operations Thread 24" [_thread_blocked, id=8040, stack(0x000000a182400000,0x000000a182500000)]
  0x000001df1257a800 JavaThread "Unconstrained build operations Thread 25" [_thread_blocked, id=14572, stack(0x000000a182500000,0x000000a182600000)]
  0x000001df1257c000 JavaThread "Unconstrained build operations Thread 26" [_thread_blocked, id=13288, stack(0x000000a182600000,0x000000a182700000)]
  0x000001df7e0b6800 JavaThread "Unconstrained build operations Thread 27" [_thread_blocked, id=17144, stack(0x000000a182700000,0x000000a182800000)]
  0x000001df7e0b3000 JavaThread "Unconstrained build operations Thread 28" [_thread_blocked, id=17728, stack(0x000000a182800000,0x000000a182900000)]
  0x000001df7e0b4000 JavaThread "Unconstrained build operations Thread 29" [_thread_blocked, id=17760, stack(0x000000a182900000,0x000000a182a00000)]
  0x000001df7e0b0800 JavaThread "Unconstrained build operations Thread 30" [_thread_blocked, id=10376, stack(0x000000a182a00000,0x000000a182b00000)]
  0x000001df7e0b7000 JavaThread "Unconstrained build operations Thread 31" [_thread_blocked, id=9036, stack(0x000000a182b00000,0x000000a182c00000)]
  0x000001df7e0b1800 JavaThread "Unconstrained build operations Thread 32" [_thread_blocked, id=7384, stack(0x000000a182c00000,0x000000a182d00000)]
  0x000001df7e0b4800 JavaThread "Unconstrained build operations Thread 33" [_thread_blocked, id=16348, stack(0x000000a182d00000,0x000000a182e00000)]
  0x000001df7e0b8000 JavaThread "build event listener" [_thread_blocked, id=6068, stack(0x000000a182f00000,0x000000a183000000)]
  0x000001df7e0b5800 JavaThread "Memory manager" [_thread_blocked, id=11620, stack(0x000000a183000000,0x000000a183100000)]
  0x000001df7e0b2000 JavaThread "Cache worker for Build Output Cleanup Cache (C:\Users\Tom\Documents\Programmation\React Native\projectRNcli\android\.gradle\buildOutputCleanup)" [_thread_blocked, id=11660, stack(0x000000a183100000,0x000000a183200000)]
  0x000001df7e0b9800 JavaThread "included builds" [_thread_blocked, id=2220, stack(0x000000a183200000,0x000000a183300000)]
  0x000001df7e0b8800 JavaThread "Cache worker for execution history cache (C:\Users\Tom\Documents\Programmation\React Native\projectRNcli\node_modules\react-native-gradle-plugin\.gradle\7.3.3\executionHistory)" [_thread_blocked, id=652, stack(0x000000a183600000,0x000000a183700000)]
  0x000001df7e0bf800 JavaThread "Unconstrained build operations Thread 34" [_thread_blocked, id=12628, stack(0x000000a183700000,0x000000a183800000)]
  0x000001df7e0ba800 JavaThread "Unconstrained build operations Thread 35" [_thread_blocked, id=15848, stack(0x000000a183800000,0x000000a183900000)]
  0x000001df7e0bb000 JavaThread "Unconstrained build operations Thread 36" [_thread_blocked, id=15408, stack(0x000000a183900000,0x000000a183a00000)]
  0x000001df7e0bc000 JavaThread "Unconstrained build operations Thread 37" [_thread_blocked, id=7116, stack(0x000000a183a00000,0x000000a183b00000)]
  0x000001df10d80000 JavaThread "Unconstrained build operations Thread 38" [_thread_blocked, id=14012, stack(0x000000a183b00000,0x000000a183c00000)]
  0x000001df10d7c000 JavaThread "Unconstrained build operations Thread 39" [_thread_blocked, id=4004, stack(0x000000a183c00000,0x000000a183d00000)]
  0x000001df10d7c800 JavaThread "Unconstrained build operations Thread 40" [_thread_blocked, id=14716, stack(0x000000a183d00000,0x000000a183e00000)]
  0x000001df0f060800 JavaThread "C2 CompilerThread1" daemon [_thread_blocked, id=10184, stack(0x000000a182e00000,0x000000a182f00000)]
  0x000001df10d7f000 JavaThread "Execution worker for ':'" [_thread_blocked, id=11972, stack(0x000000a183500000,0x000000a183600000)]
  0x000001df10d7b000 JavaThread "Execution worker for ':' Thread 2" [_thread_blocked, id=4188, stack(0x000000a183e00000,0x000000a183f00000)]
  0x000001df10d86800 JavaThread "Execution worker for ':' Thread 3" [_thread_blocked, id=10468, stack(0x000000a183f00000,0x000000a184000000)]
  0x000001df10d85000 JavaThread "Cache worker for execution history cache (C:\Users\Tom\Documents\Programmation\React Native\projectRNcli\android\.gradle\7.3.3\executionHistory)" [_thread_blocked, id=13940, stack(0x000000a184000000,0x000000a184100000)]

Other Threads:
=>0x000001df7b821000 VMThread "VM Thread" [stack: 0x000000a1fe200000,0x000000a1fe300000] [id=11884]
  0x000001df7c308000 WatcherThread [stack: 0x000000a1fec00000,0x000000a1fed00000] [id=13984]
  0x000001df6c01a000 GCTaskThread "GC Thread#0" [stack: 0x000000a1fdd00000,0x000000a1fde00000] [id=15268]
  0x000001df7ca8e000 GCTaskThread "GC Thread#1" [stack: 0x000000a1fee00000,0x000000a1fef00000] [id=14780]
  0x000001df7ca24000 GCTaskThread "GC Thread#2" [stack: 0x000000a1fef00000,0x000000a1ff000000] [id=14040]
  0x000001df7ea57800 GCTaskThread "GC Thread#3" [stack: 0x000000a1ff900000,0x000000a1ffa00000] [id=16792]
  0x000001df6c04d800 ConcurrentGCThread "G1 Main Marker" [stack: 0x000000a1fde00000,0x000000a1fdf00000] [id=4424]
  0x000001df6c04e800 ConcurrentGCThread "G1 Conc#0" [stack: 0x000000a1fdf00000,0x000000a1fe000000] [id=7912]
  0x000001df6c0da800 ConcurrentGCThread "G1 Refine#0" [stack: 0x000000a1fe000000,0x000000a1fe100000] [id=5116]
  0x000001df6c0db800 ConcurrentGCThread "G1 Young RemSet Sampling" [stack: 0x000000a1fe100000,0x000000a1fe200000] [id=15140]

Threads with active compile tasks:
C2 CompilerThread0    57085 12641 %     4       com.android.tools.r8.internal.U6::a @ 1682 (6044 bytes)
C2 CompilerThread1    57086 12651       4       java.util.ArrayList::forEach (74 bytes)

VM state:at safepoint (normal execution)

VM Mutex/Monitor currently owned by a thread:  ([mutex/lock_event])
[0x000001df6bffdb40] Threads_lock - owner thread: 0x000001df7b821000
[0x000001df6c000570] Heap_lock - owner thread: 0x000001df12577000

Heap address: 0x0000000080000000, size: 2048 MB, Compressed Oops mode: 32-bit
Narrow klass base: 0x0000000000000000, Narrow klass shift: 3
Compressed class space size: 528482304 Address: 0x0000000100000000

Heap:
 garbage-first heap   total 276480K, used 143360K [0x0000000080000000, 0x0000000100000000)
  region size 1024K, 3 young (3072K), 3 survivors (3072K)
 Metaspace       used 103042K, capacity 106023K, committed 106192K, reserved 608256K
  class space    used 13384K, capacity 14604K, committed 14720K, reserved 516096K
Heap Regions: E=young(eden), S=young(survivor), O=old, HS=humongous(starts), HC=humongous(continues), CS=collection set, F=free, A=archive, TAMS=top-at-mark-start (previous, next)
|   0|0x0000000080000000, 0x0000000080100000, 0x0000000080100000|100%| O|  |TAMS 0x0000000080100000, 0x0000000080100000| Untracked 
|   1|0x0000000080100000, 0x0000000080200000, 0x0000000080200000|100%| O|  |TAMS 0x0000000080200000, 0x0000000080200000| Untracked 
|   2|0x0000000080200000, 0x0000000080300000, 0x0000000080300000|100%| O|  |TAMS 0x0000000080300000, 0x0000000080300000| Untracked 
|   3|0x0000000080300000, 0x0000000080400000, 0x0000000080400000|100%|HS|  |TAMS 0x0000000080400000, 0x0000000080400000| Complete 
|   4|0x0000000080400000, 0x0000000080500000, 0x0000000080500000|100%|HC|  |TAMS 0x0000000080500000, 0x0000000080500000| Complete 
|   5|0x0000000080500000, 0x0000000080600000, 0x0000000080600000|100%|HC|  |TAMS 0x0000000080600000, 0x0000000080600000| Complete 
|   6|0x0000000080600000, 0x0000000080700000, 0x0000000080700000|100%| O|  |TAMS 0x0000000080700000, 0x0000000080700000| Untracked 
|   7|0x0000000080700000, 0x0000000080800000, 0x0000000080800000|100%| O|  |TAMS 0x0000000080800000, 0x0000000080800000| Untracked 
|   8|0x0000000080800000, 0x0000000080900000, 0x0000000080900000|100%| O|  |TAMS 0x0000000080900000, 0x0000000080900000| Untracked 
|   9|0x0000000080900000, 0x0000000080a00000, 0x0000000080a00000|100%| O|  |TAMS 0x0000000080a00000, 0x0000000080a00000| Untracked 
|  10|0x0000000080a00000, 0x0000000080b00000, 0x0000000080b00000|100%| O|  |TAMS 0x0000000080b00000, 0x0000000080b00000| Untracked 
|  11|0x0000000080b00000, 0x0000000080c00000, 0x0000000080c00000|100%| O|  |TAMS 0x0000000080c00000, 0x0000000080c00000| Untracked 
|  12|0x0000000080c00000, 0x0000000080d00000, 0x0000000080d00000|100%| O|  |TAMS 0x0000000080d00000, 0x0000000080d00000| Untracked 
|  13|0x0000000080d00000, 0x0000000080e00000, 0x0000000080e00000|100%| O|  |TAMS 0x0000000080e00000, 0x0000000080e00000| Untracked 
|  14|0x0000000080e00000, 0x0000000080f00000, 0x0000000080f00000|100%| O|  |TAMS 0x0000000080f00000, 0x0000000080f00000| Untracked 
|  15|0x0000000080f00000, 0x0000000081000000, 0x0000000081000000|100%| O|  |TAMS 0x0000000081000000, 0x0000000081000000| Untracked 
|  16|0x0000000081000000, 0x0000000081100000, 0x0000000081100000|100%| O|  |TAMS 0x0000000081100000, 0x0000000081100000| Untracked 
|  17|0x0000000081100000, 0x0000000081200000, 0x0000000081200000|100%|HS|  |TAMS 0x0000000081200000, 0x0000000081200000| Complete 
|  18|0x0000000081200000, 0x0000000081300000, 0x0000000081300000|100%| O|  |TAMS 0x0000000081300000, 0x0000000081300000| Untracked 
|  19|0x0000000081300000, 0x0000000081400000, 0x0000000081400000|100%| O|  |TAMS 0x0000000081400000, 0x0000000081400000| Untracked 
|  20|0x0000000081400000, 0x0000000081500000, 0x0000000081500000|100%| O|  |TAMS 0x0000000081500000, 0x0000000081500000| Untracked 
|  21|0x0000000081500000, 0x0000000081600000, 0x0000000081600000|100%| O|  |TAMS 0x0000000081600000, 0x0000000081600000| Untracked 
|  22|0x0000000081600000, 0x0000000081700000, 0x0000000081700000|100%| O|  |TAMS 0x0000000081700000, 0x0000000081700000| Untracked 
|  23|0x0000000081700000, 0x0000000081800000, 0x0000000081800000|100%| O|  |TAMS 0x0000000081800000, 0x0000000081800000| Untracked 
|  24|0x0000000081800000, 0x0000000081900000, 0x0000000081900000|100%| O|  |TAMS 0x0000000081900000, 0x0000000081900000| Untracked 
|  25|0x0000000081900000, 0x0000000081a00000, 0x0000000081a00000|100%| O|  |TAMS 0x0000000081a00000, 0x0000000081a00000| Untracked 
|  26|0x0000000081a00000, 0x0000000081b00000, 0x0000000081b00000|100%| O|  |TAMS 0x0000000081b00000, 0x0000000081b00000| Untracked 
|  27|0x0000000081b00000, 0x0000000081c00000, 0x0000000081c00000|100%| O|  |TAMS 0x0000000081c00000, 0x0000000081c00000| Untracked 
|  28|0x0000000081c00000, 0x0000000081d00000, 0x0000000081d00000|100%|HS|  |TAMS 0x0000000081d00000, 0x0000000081d00000| Complete 
|  29|0x0000000081d00000, 0x0000000081e00000, 0x0000000081e00000|100%|HC|  |TAMS 0x0000000081e00000, 0x0000000081e00000| Complete 
|  30|0x0000000081e00000, 0x0000000081f00000, 0x0000000081f00000|100%|HC|  |TAMS 0x0000000081f00000, 0x0000000081f00000| Complete 
|  31|0x0000000081f00000, 0x0000000082000000, 0x0000000082000000|100%| O|  |TAMS 0x0000000082000000, 0x0000000082000000| Untracked 
|  32|0x0000000082000000, 0x0000000082100000, 0x0000000082100000|100%| O|  |TAMS 0x0000000082100000, 0x0000000082100000| Untracked 
|  33|0x0000000082100000, 0x0000000082200000, 0x0000000082200000|100%| O|  |TAMS 0x0000000082200000, 0x0000000082200000| Untracked 
|  34|0x0000000082200000, 0x0000000082300000, 0x0000000082300000|100%| O|  |TAMS 0x0000000082300000, 0x0000000082300000| Untracked 
|  35|0x0000000082300000, 0x0000000082400000, 0x0000000082400000|100%| O|  |TAMS 0x0000000082400000, 0x0000000082400000| Untracked 
|  36|0x0000000082400000, 0x0000000082500000, 0x0000000082500000|100%| O|  |TAMS 0x0000000082500000, 0x0000000082500000| Untracked 
|  37|0x0000000082500000, 0x0000000082600000, 0x0000000082600000|100%| O|  |TAMS 0x0000000082600000, 0x0000000082600000| Untracked 
|  38|0x0000000082600000, 0x0000000082700000, 0x0000000082700000|100%| O|  |TAMS 0x0000000082700000, 0x0000000082700000| Untracked 
|  39|0x0000000082700000, 0x0000000082800000, 0x0000000082800000|100%|HS|  |TAMS 0x0000000082800000, 0x0000000082800000| Complete 
|  40|0x0000000082800000, 0x0000000082900000, 0x0000000082900000|100%|HS|  |TAMS 0x0000000082900000, 0x0000000082900000| Complete 
|  41|0x0000000082900000, 0x0000000082a00000, 0x0000000082a00000|100%|HS|  |TAMS 0x0000000082a00000, 0x0000000082a00000| Complete 
|  42|0x0000000082a00000, 0x0000000082b00000, 0x0000000082b00000|100%|HC|  |TAMS 0x0000000082b00000, 0x0000000082b00000| Complete 
|  43|0x0000000082b00000, 0x0000000082c00000, 0x0000000082c00000|100%| O|  |TAMS 0x0000000082c00000, 0x0000000082c00000| Untracked 
|  44|0x0000000082c00000, 0x0000000082d00000, 0x0000000082d00000|100%| O|  |TAMS 0x0000000082d00000, 0x0000000082d00000| Untracked 
|  45|0x0000000082d00000, 0x0000000082e00000, 0x0000000082e00000|100%| O|  |TAMS 0x0000000082e00000, 0x0000000082e00000| Untracked 
|  46|0x0000000082e00000, 0x0000000082f00000, 0x0000000082f00000|100%| O|  |TAMS 0x0000000082f00000, 0x0000000082f00000| Untracked 
|  47|0x0000000082f00000, 0x0000000083000000, 0x0000000083000000|100%| O|  |TAMS 0x0000000083000000, 0x0000000083000000| Untracked 
|  48|0x0000000083000000, 0x0000000083100000, 0x0000000083100000|100%| O|  |TAMS 0x0000000083100000, 0x0000000083100000| Untracked 
|  49|0x0000000083100000, 0x0000000083200000, 0x0000000083200000|100%| O|  |TAMS 0x0000000083200000, 0x0000000083200000| Untracked 
|  50|0x0000000083200000, 0x0000000083300000, 0x0000000083300000|100%| O|  |TAMS 0x0000000083300000, 0x0000000083300000| Untracked 
|  51|0x0000000083300000, 0x0000000083400000, 0x0000000083400000|100%| O|  |TAMS 0x0000000083400000, 0x0000000083400000| Untracked 
|  52|0x0000000083400000, 0x0000000083500000, 0x0000000083500000|100%| O|  |TAMS 0x0000000083500000, 0x0000000083500000| Untracked 
|  53|0x0000000083500000, 0x0000000083600000, 0x0000000083600000|100%| O|  |TAMS 0x0000000083600000, 0x0000000083600000| Untracked 
|  54|0x0000000083600000, 0x0000000083700000, 0x0000000083700000|100%| O|  |TAMS 0x0000000083700000, 0x0000000083700000| Untracked 
|  55|0x0000000083700000, 0x0000000083800000, 0x0000000083800000|100%| O|  |TAMS 0x0000000083800000, 0x0000000083800000| Untracked 
|  56|0x0000000083800000, 0x0000000083900000, 0x0000000083900000|100%| O|  |TAMS 0x0000000083900000, 0x0000000083900000| Untracked 
|  57|0x0000000083900000, 0x0000000083a00000, 0x0000000083a00000|100%| O|  |TAMS 0x0000000083a00000, 0x0000000083a00000| Untracked 
|  58|0x0000000083a00000, 0x0000000083b00000, 0x0000000083b00000|100%| O|  |TAMS 0x0000000083b00000, 0x0000000083b00000| Untracked 
|  59|0x0000000083b00000, 0x0000000083c00000, 0x0000000083c00000|100%| O|  |TAMS 0x0000000083c00000, 0x0000000083c00000| Untracked 
|  60|0x0000000083c00000, 0x0000000083d00000, 0x0000000083d00000|100%| O|  |TAMS 0x0000000083d00000, 0x0000000083d00000| Untracked 
|  61|0x0000000083d00000, 0x0000000083e00000, 0x0000000083e00000|100%| O|  |TAMS 0x0000000083e00000, 0x0000000083e00000| Untracked 
|  62|0x0000000083e00000, 0x0000000083f00000, 0x0000000083f00000|100%| O|  |TAMS 0x0000000083f00000, 0x0000000083f00000| Untracked 
|  63|0x0000000083f00000, 0x0000000084000000, 0x0000000084000000|100%| O|  |TAMS 0x0000000084000000, 0x0000000084000000| Untracked 
|  64|0x0000000084000000, 0x0000000084100000, 0x0000000084100000|100%| O|  |TAMS 0x0000000084100000, 0x0000000084100000| Untracked 
|  65|0x0000000084100000, 0x0000000084200000, 0x0000000084200000|100%| O|  |TAMS 0x0000000084200000, 0x0000000084200000| Untracked 
|  66|0x0000000084200000, 0x0000000084300000, 0x0000000084300000|100%| O|  |TAMS 0x0000000084300000, 0x0000000084300000| Untracked 
|  67|0x0000000084300000, 0x0000000084400000, 0x0000000084400000|100%| O|  |TAMS 0x0000000084400000, 0x0000000084400000| Untracked 
|  68|0x0000000084400000, 0x0000000084500000, 0x0000000084500000|100%| O|  |TAMS 0x0000000084500000, 0x0000000084500000| Untracked 
|  69|0x0000000084500000, 0x0000000084600000, 0x0000000084600000|100%| O|  |TAMS 0x0000000084600000, 0x0000000084600000| Untracked 
|  70|0x0000000084600000, 0x0000000084700000, 0x0000000084700000|100%| O|  |TAMS 0x0000000084700000, 0x0000000084700000| Untracked 
|  71|0x0000000084700000, 0x0000000084800000, 0x0000000084800000|100%| O|  |TAMS 0x0000000084800000, 0x0000000084800000| Untracked 
|  72|0x0000000084800000, 0x0000000084900000, 0x0000000084900000|100%| O|  |TAMS 0x0000000084900000, 0x0000000084900000| Untracked 
|  73|0x0000000084900000, 0x0000000084a00000, 0x0000000084a00000|100%| O|  |TAMS 0x0000000084a00000, 0x0000000084a00000| Untracked 
|  74|0x0000000084a00000, 0x0000000084b00000, 0x0000000084b00000|100%| O|  |TAMS 0x0000000084b00000, 0x0000000084b00000| Untracked 
|  75|0x0000000084b00000, 0x0000000084c00000, 0x0000000084c00000|100%| O|  |TAMS 0x0000000084c00000, 0x0000000084c00000| Untracked 
|  76|0x0000000084c00000, 0x0000000084d00000, 0x0000000084d00000|100%| O|  |TAMS 0x0000000084d00000, 0x0000000084d00000| Untracked 
|  77|0x0000000084d00000, 0x0000000084e00000, 0x0000000084e00000|100%| O|  |TAMS 0x0000000084e00000, 0x0000000084e00000| Untracked 
|  78|0x0000000084e00000, 0x0000000084f00000, 0x0000000084f00000|100%| O|  |TAMS 0x0000000084f00000, 0x0000000084f00000| Untracked 
|  79|0x0000000084f00000, 0x0000000085000000, 0x0000000085000000|100%| O|  |TAMS 0x0000000085000000, 0x0000000085000000| Untracked 
|  80|0x0000000085000000, 0x0000000085100000, 0x0000000085100000|100%| O|  |TAMS 0x0000000085100000, 0x0000000085100000| Untracked 
|  81|0x0000000085100000, 0x0000000085200000, 0x0000000085200000|100%| O|  |TAMS 0x0000000085200000, 0x0000000085200000| Untracked 
|  82|0x0000000085200000, 0x0000000085300000, 0x0000000085300000|100%| O|  |TAMS 0x0000000085300000, 0x0000000085300000| Untracked 
|  83|0x0000000085300000, 0x0000000085400000, 0x0000000085400000|100%| O|  |TAMS 0x0000000085400000, 0x0000000085400000| Untracked 
|  84|0x0000000085400000, 0x0000000085500000, 0x0000000085500000|100%| O|  |TAMS 0x0000000085500000, 0x0000000085500000| Untracked 
|  85|0x0000000085500000, 0x0000000085600000, 0x0000000085600000|100%| O|  |TAMS 0x0000000085600000, 0x0000000085600000| Untracked 
|  86|0x0000000085600000, 0x0000000085700000, 0x0000000085700000|100%| O|  |TAMS 0x0000000085700000, 0x0000000085700000| Untracked 
|  87|0x0000000085700000, 0x0000000085800000, 0x0000000085800000|100%| O|  |TAMS 0x0000000085800000, 0x0000000085800000| Untracked 
|  88|0x0000000085800000, 0x0000000085900000, 0x0000000085900000|100%| O|  |TAMS 0x0000000085900000, 0x0000000085900000| Untracked 
|  89|0x0000000085900000, 0x0000000085a00000, 0x0000000085a00000|100%| O|  |TAMS 0x0000000085a00000, 0x0000000085a00000| Untracked 
|  90|0x0000000085a00000, 0x0000000085b00000, 0x0000000085b00000|100%| O|  |TAMS 0x0000000085b00000, 0x0000000085b00000| Untracked 
|  91|0x0000000085b00000, 0x0000000085c00000, 0x0000000085c00000|100%| O|  |TAMS 0x0000000085c00000, 0x0000000085c00000| Untracked 
|  92|0x0000000085c00000, 0x0000000085d00000, 0x0000000085d00000|100%| O|  |TAMS 0x0000000085d00000, 0x0000000085d00000| Untracked 
|  93|0x0000000085d00000, 0x0000000085e00000, 0x0000000085e00000|100%|HS|  |TAMS 0x0000000085e00000, 0x0000000085e00000| Complete 
|  94|0x0000000085e00000, 0x0000000085f00000, 0x0000000085f00000|100%|HC|  |TAMS 0x0000000085f00000, 0x0000000085f00000| Complete 
|  95|0x0000000085f00000, 0x0000000086000000, 0x0000000086000000|100%| O|  |TAMS 0x0000000086000000, 0x0000000086000000| Untracked 
|  96|0x0000000086000000, 0x0000000086100000, 0x0000000086100000|100%| O|  |TAMS 0x0000000086100000, 0x0000000086100000| Untracked 
|  97|0x0000000086100000, 0x0000000086200000, 0x0000000086200000|100%| O|  |TAMS 0x0000000086200000, 0x0000000086200000| Untracked 
|  98|0x0000000086200000, 0x0000000086300000, 0x0000000086300000|100%| O|  |TAMS 0x0000000086300000, 0x0000000086300000| Untracked 
|  99|0x0000000086300000, 0x0000000086400000, 0x0000000086400000|100%| O|  |TAMS 0x0000000086400000, 0x0000000086400000| Untracked 
| 100|0x0000000086400000, 0x0000000086500000, 0x0000000086500000|100%| O|  |TAMS 0x0000000086500000, 0x0000000086500000| Untracked 
| 101|0x0000000086500000, 0x0000000086600000, 0x0000000086600000|100%| O|  |TAMS 0x0000000086600000, 0x0000000086600000| Untracked 
| 102|0x0000000086600000, 0x0000000086700000, 0x0000000086700000|100%| O|  |TAMS 0x0000000086700000, 0x0000000086700000| Untracked 
| 103|0x0000000086700000, 0x0000000086800000, 0x0000000086800000|100%| O|  |TAMS 0x0000000086800000, 0x0000000086800000| Untracked 
| 104|0x0000000086800000, 0x0000000086900000, 0x0000000086900000|100%| O|  |TAMS 0x0000000086900000, 0x0000000086900000| Untracked 
| 105|0x0000000086900000, 0x0000000086a00000, 0x0000000086a00000|100%| O|  |TAMS 0x0000000086a00000, 0x0000000086a00000| Untracked 
| 106|0x0000000086a00000, 0x0000000086b00000, 0x0000000086b00000|100%| O|  |TAMS 0x0000000086b00000, 0x0000000086b00000| Untracked 
| 107|0x0000000086b00000, 0x0000000086c00000, 0x0000000086c00000|100%| O|  |TAMS 0x0000000086c00000, 0x0000000086c00000| Untracked 
| 108|0x0000000086c00000, 0x0000000086d00000, 0x0000000086d00000|100%| O|  |TAMS 0x0000000086d00000, 0x0000000086d00000| Untracked 
| 109|0x0000000086d00000, 0x0000000086e00000, 0x0000000086e00000|100%| O|  |TAMS 0x0000000086e00000, 0x0000000086e00000| Untracked 
| 110|0x0000000086e00000, 0x0000000086f00000, 0x0000000086f00000|100%| O|  |TAMS 0x0000000086f00000, 0x0000000086f00000| Untracked 
| 111|0x0000000086f00000, 0x0000000087000000, 0x0000000087000000|100%| O|  |TAMS 0x0000000087000000, 0x0000000087000000| Untracked 
| 112|0x0000000087000000, 0x0000000087100000, 0x0000000087100000|100%| O|  |TAMS 0x0000000087100000, 0x0000000087100000| Untracked 
| 113|0x0000000087100000, 0x0000000087200000, 0x0000000087200000|100%| O|  |TAMS 0x0000000087200000, 0x0000000087200000| Untracked 
| 114|0x0000000087200000, 0x0000000087300000, 0x0000000087300000|100%| O|  |TAMS 0x0000000087300000, 0x0000000087300000| Untracked 
| 115|0x0000000087300000, 0x0000000087400000, 0x0000000087400000|100%| O|  |TAMS 0x0000000087400000, 0x0000000087400000| Untracked 
| 116|0x0000000087400000, 0x0000000087500000, 0x0000000087500000|100%| O|  |TAMS 0x0000000087500000, 0x0000000087500000| Untracked 
| 117|0x0000000087500000, 0x0000000087600000, 0x0000000087600000|100%| O|  |TAMS 0x0000000087600000, 0x0000000087600000| Untracked 
| 118|0x0000000087600000, 0x0000000087700000, 0x0000000087700000|100%| O|  |TAMS 0x0000000087671a00, 0x0000000087700000| Untracked 
| 119|0x0000000087700000, 0x0000000087800000, 0x0000000087800000|100%| O|  |TAMS 0x0000000087700000, 0x0000000087800000| Untracked 
| 120|0x0000000087800000, 0x0000000087900000, 0x0000000087900000|100%| O|  |TAMS 0x0000000087800000, 0x0000000087900000| Untracked 
| 121|0x0000000087900000, 0x0000000087a00000, 0x0000000087a00000|100%| O|  |TAMS 0x0000000087900000, 0x0000000087a00000| Untracked 
| 122|0x0000000087a00000, 0x0000000087b00000, 0x0000000087b00000|100%| O|  |TAMS 0x0000000087a00000, 0x0000000087b00000| Untracked 
| 123|0x0000000087b00000, 0x0000000087c00000, 0x0000000087c00000|100%| O|  |TAMS 0x0000000087b00000, 0x0000000087c00000| Untracked 
| 124|0x0000000087c00000, 0x0000000087d00000, 0x0000000087d00000|100%| O|  |TAMS 0x0000000087c00000, 0x0000000087d00000| Untracked 
| 125|0x0000000087d00000, 0x0000000087e00000, 0x0000000087e00000|100%| O|  |TAMS 0x0000000087d00000, 0x0000000087e00000| Untracked 
| 126|0x0000000087e00000, 0x0000000087f00000, 0x0000000087f00000|100%| O|  |TAMS 0x0000000087e00000, 0x0000000087f00000| Untracked 
| 127|0x0000000087f00000, 0x0000000088000000, 0x0000000088000000|100%| O|  |TAMS 0x0000000087f00000, 0x0000000088000000| Untracked 
| 128|0x0000000088000000, 0x0000000088100000, 0x0000000088100000|100%| O|  |TAMS 0x0000000088000000, 0x0000000088100000| Untracked 
| 129|0x0000000088100000, 0x0000000088200000, 0x0000000088200000|100%| O|  |TAMS 0x0000000088100000, 0x0000000088200000| Untracked 
| 130|0x0000000088200000, 0x0000000088300000, 0x0000000088300000|100%| O|  |TAMS 0x0000000088200000, 0x0000000088200000| Untracked 
| 131|0x0000000088300000, 0x0000000088400000, 0x0000000088400000|100%| O|  |TAMS 0x0000000088300000, 0x0000000088300000| Untracked 
| 132|0x0000000088400000, 0x0000000088500000, 0x0000000088500000|100%| O|  |TAMS 0x0000000088400000, 0x0000000088400000| Untracked 
| 133|0x0000000088500000, 0x0000000088600000, 0x0000000088600000|100%| O|  |TAMS 0x0000000088500000, 0x0000000088500000| Untracked 
| 134|0x0000000088600000, 0x0000000088700000, 0x0000000088700000|100%| O|  |TAMS 0x0000000088600000, 0x0000000088600000| Untracked 
| 135|0x0000000088700000, 0x0000000088800000, 0x0000000088800000|100%| O|  |TAMS 0x0000000088700000, 0x0000000088700000| Untracked 
| 136|0x0000000088800000, 0x0000000088900000, 0x0000000088900000|100%| O|  |TAMS 0x0000000088800000, 0x0000000088800000| Untracked 
| 137|0x0000000088900000, 0x0000000088900000, 0x0000000088a00000|  0%| F|  |TAMS 0x0000000088900000, 0x0000000088900000| Untracked 
| 138|0x0000000088a00000, 0x0000000088a00000, 0x0000000088b00000|  0%| F|  |TAMS 0x0000000088a00000, 0x0000000088a00000| Untracked 
| 139|0x0000000088b00000, 0x0000000088b00000, 0x0000000088c00000|  0%| F|  |TAMS 0x0000000088b00000, 0x0000000088b00000| Untracked 
| 140|0x0000000088c00000, 0x0000000088c00000, 0x0000000088d00000|  0%| F|  |TAMS 0x0000000088c00000, 0x0000000088c00000| Untracked 
| 141|0x0000000088d00000, 0x0000000088d00000, 0x0000000088e00000|  0%| F|  |TAMS 0x0000000088d00000, 0x0000000088d00000| Untracked 
| 142|0x0000000088e00000, 0x0000000088e00000, 0x0000000088f00000|  0%| F|  |TAMS 0x0000000088e00000, 0x0000000088e00000| Untracked 
| 143|0x0000000088f00000, 0x0000000088f00000, 0x0000000089000000|  0%| F|  |TAMS 0x0000000088f00000, 0x0000000088f00000| Untracked 
| 144|0x0000000089000000, 0x0000000089000000, 0x0000000089100000|  0%| F|  |TAMS 0x0000000089000000, 0x0000000089000000| Untracked 
| 145|0x0000000089100000, 0x0000000089100000, 0x0000000089200000|  0%| F|  |TAMS 0x0000000089100000, 0x0000000089100000| Untracked 
| 146|0x0000000089200000, 0x0000000089200000, 0x0000000089300000|  0%| F|  |TAMS 0x0000000089200000, 0x0000000089200000| Untracked 
| 147|0x0000000089300000, 0x0000000089300000, 0x0000000089400000|  0%| F|  |TAMS 0x0000000089300000, 0x0000000089300000| Untracked 
| 148|0x0000000089400000, 0x0000000089400000, 0x0000000089500000|  0%| F|  |TAMS 0x0000000089400000, 0x0000000089400000| Untracked 
| 149|0x0000000089500000, 0x0000000089500000, 0x0000000089600000|  0%| F|  |TAMS 0x0000000089500000, 0x0000000089500000| Untracked 
| 150|0x0000000089600000, 0x0000000089600000, 0x0000000089700000|  0%| F|  |TAMS 0x0000000089600000, 0x0000000089600000| Untracked 
| 151|0x0000000089700000, 0x0000000089700000, 0x0000000089800000|  0%| F|  |TAMS 0x0000000089700000, 0x0000000089700000| Untracked 
| 152|0x0000000089800000, 0x0000000089800000, 0x0000000089900000|  0%| F|  |TAMS 0x0000000089800000, 0x0000000089800000| Untracked 
| 153|0x0000000089900000, 0x0000000089900000, 0x0000000089a00000|  0%| F|  |TAMS 0x0000000089900000, 0x0000000089900000| Untracked 
| 154|0x0000000089a00000, 0x0000000089a00000, 0x0000000089b00000|  0%| F|  |TAMS 0x0000000089a00000, 0x0000000089a00000| Untracked 
| 155|0x0000000089b00000, 0x0000000089b00000, 0x0000000089c00000|  0%| F|  |TAMS 0x0000000089b00000, 0x0000000089b00000| Untracked 
| 156|0x0000000089c00000, 0x0000000089c00000, 0x0000000089d00000|  0%| F|  |TAMS 0x0000000089c00000, 0x0000000089c00000| Untracked 
| 157|0x0000000089d00000, 0x0000000089d00000, 0x0000000089e00000|  0%| F|  |TAMS 0x0000000089d00000, 0x0000000089d00000| Untracked 
| 158|0x0000000089e00000, 0x0000000089e00000, 0x0000000089f00000|  0%| F|  |TAMS 0x0000000089e00000, 0x0000000089e00000| Untracked 
| 159|0x0000000089f00000, 0x0000000089f00000, 0x000000008a000000|  0%| F|  |TAMS 0x0000000089f00000, 0x0000000089f00000| Untracked 
| 160|0x000000008a000000, 0x000000008a000000, 0x000000008a100000|  0%| F|  |TAMS 0x000000008a000000, 0x000000008a000000| Untracked 
| 161|0x000000008a100000, 0x000000008a100000, 0x000000008a200000|  0%| F|  |TAMS 0x000000008a100000, 0x000000008a100000| Untracked 
| 162|0x000000008a200000, 0x000000008a300000, 0x000000008a300000|100%| S|CS|TAMS 0x000000008a200000, 0x000000008a200000| Complete 
| 163|0x000000008a300000, 0x000000008a300000, 0x000000008a400000|  0%| F|  |TAMS 0x000000008a300000, 0x000000008a300000| Untracked 
| 164|0x000000008a400000, 0x000000008a400000, 0x000000008a500000|  0%| F|  |TAMS 0x000000008a400000, 0x000000008a400000| Untracked 
| 165|0x000000008a500000, 0x000000008a600000, 0x000000008a600000|100%| S|CS|TAMS 0x000000008a500000, 0x000000008a500000| Complete 
| 166|0x000000008a600000, 0x000000008a600000, 0x000000008a700000|  0%| F|  |TAMS 0x000000008a600000, 0x000000008a600000| Untracked 
| 167|0x000000008a700000, 0x000000008a800000, 0x000000008a800000|100%| S|CS|TAMS 0x000000008a700000, 0x000000008a700000| Complete 
| 168|0x000000008a800000, 0x000000008a800000, 0x000000008a900000|  0%| F|  |TAMS 0x000000008a800000, 0x000000008a800000| Untracked 
| 169|0x000000008a900000, 0x000000008a900000, 0x000000008aa00000|  0%| F|  |TAMS 0x000000008a900000, 0x000000008a900000| Untracked 
| 170|0x000000008aa00000, 0x000000008aa00000, 0x000000008ab00000|  0%| F|  |TAMS 0x000000008aa00000, 0x000000008aa00000| Untracked 
| 171|0x000000008ab00000, 0x000000008ab00000, 0x000000008ac00000|  0%| F|  |TAMS 0x000000008ab00000, 0x000000008ab00000| Untracked 
| 172|0x000000008ac00000, 0x000000008ac00000, 0x000000008ad00000|  0%| F|  |TAMS 0x000000008ac00000, 0x000000008ac00000| Untracked 
| 173|0x000000008ad00000, 0x000000008ad00000, 0x000000008ae00000|  0%| F|  |TAMS 0x000000008ad00000, 0x000000008ad00000| Untracked 
| 174|0x000000008ae00000, 0x000000008ae00000, 0x000000008af00000|  0%| F|  |TAMS 0x000000008ae00000, 0x000000008ae00000| Untracked 
| 175|0x000000008af00000, 0x000000008af00000, 0x000000008b000000|  0%| F|  |TAMS 0x000000008af00000, 0x000000008af00000| Untracked 
| 176|0x000000008b000000, 0x000000008b000000, 0x000000008b100000|  0%| F|  |TAMS 0x000000008b000000, 0x000000008b000000| Untracked 
| 177|0x000000008b100000, 0x000000008b100000, 0x000000008b200000|  0%| F|  |TAMS 0x000000008b100000, 0x000000008b100000| Untracked 
| 178|0x000000008b200000, 0x000000008b200000, 0x000000008b300000|  0%| F|  |TAMS 0x000000008b200000, 0x000000008b200000| Untracked 
| 179|0x000000008b300000, 0x000000008b300000, 0x000000008b400000|  0%| F|  |TAMS 0x000000008b300000, 0x000000008b300000| Untracked 
| 180|0x000000008b400000, 0x000000008b400000, 0x000000008b500000|  0%| F|  |TAMS 0x000000008b400000, 0x000000008b400000| Untracked 
| 181|0x000000008b500000, 0x000000008b500000, 0x000000008b600000|  0%| F|  |TAMS 0x000000008b500000, 0x000000008b500000| Untracked 
| 182|0x000000008b600000, 0x000000008b600000, 0x000000008b700000|  0%| F|  |TAMS 0x000000008b600000, 0x000000008b600000| Untracked 
| 183|0x000000008b700000, 0x000000008b700000, 0x000000008b800000|  0%| F|  |TAMS 0x000000008b700000, 0x000000008b700000| Untracked 
| 184|0x000000008b800000, 0x000000008b800000, 0x000000008b900000|  0%| F|  |TAMS 0x000000008b800000, 0x000000008b800000| Untracked 

Card table byte_map: [0x000001df74b60000,0x000001df74f60000] _byte_map_base: 0x000001df74760000

Marking Bits (Prev, Next): (CMBitMap*) 0x000001df6c0447a8, (CMBitMap*) 0x000001df6c0447e0
 Prev Bits: [0x000001df75360000, 0x000001df77360000)
 Next Bits: [0x000001df77360000, 0x000001df79360000)

Polling page: 0x000001df69f90000

Metaspace:

Usage:
  Non-class:     89.28 MB capacity,    87.56 MB ( 98%) used,     1.41 MB (  2%) free+waste,   317.25 KB ( <1%) overhead. 
      Class:     14.26 MB capacity,    13.07 MB ( 92%) used,     1.04 MB (  7%) free+waste,   150.00 KB (  1%) overhead. 
       Both:    103.54 MB capacity,   100.63 MB ( 97%) used,     2.45 MB (  2%) free+waste,   467.25 KB ( <1%) overhead. 

Virtual space:
  Non-class space:       90.00 MB reserved,      89.33 MB (>99%) committed 
      Class space:      504.00 MB reserved,      14.38 MB (  3%) committed 
             Both:      594.00 MB reserved,     103.70 MB ( 17%) committed 

Chunk freelists:
   Non-Class:  0 bytes
       Class:  0 bytes
        Both:  0 bytes

MaxMetaspaceSize: 512.00 MB
CompressedClassSpaceSize: 504.00 MB
Initial GC threshold: 20.80 MB
Current GC threshold: 170.13 MB
CDS: off

CodeHeap 'non-profiled nmethods': size=120064Kb used=8518Kb max_used=8518Kb free=111545Kb
 bounds [0x000001df07ac0000, 0x000001df08320000, 0x000001df0f000000]
CodeHeap 'profiled nmethods': size=120000Kb used=28623Kb max_used=28623Kb free=91376Kb
 bounds [0x000001df00590000, 0x000001df02190000, 0x000001df07ac0000]
CodeHeap 'non-nmethods': size=5696Kb used=2400Kb max_used=2458Kb free=3295Kb
 bounds [0x000001df00000000, 0x000001df00280000, 0x000001df00590000]
 total_blobs=13470 nmethods=12542 adapters=840
 compilation: enabled
              stopped_count=0, restarted_count=0
 full_count=0

Compilation events (20 events):
Event: 56.969 Thread 0x000001df7c197000 12649       2       com.android.tools.r8.internal.g7::a (16 bytes)
Event: 56.970 Thread 0x000001df7c197000 nmethod 12649 0x000001df0217fc90 code [0x000001df0217fe40, 0x000001df0217ff68]
Event: 56.970 Thread 0x000001df7c197000 12650       2       com.android.tools.r8.internal.g7::a (14 bytes)
Event: 56.971 Thread 0x000001df7c197000 nmethod 12650 0x000001df02180010 code [0x000001df021801c0, 0x000001df021802e8]
Event: 56.978 Thread 0x000001df7c197000 12652       2       com.android.tools.r8.ir.conversion.k$$Lambda$1558/0x0000000100e3f440::accept (16 bytes)
Event: 56.979 Thread 0x000001df7c197000 nmethod 12652 0x000001df02180390 code [0x000001df02180580, 0x000001df02180ad8]
Event: 56.983 Thread 0x000001df7c197000 12653       2       com.android.tools.r8.internal.gr::f (97 bytes)
Event: 56.984 Thread 0x000001df7c197000 nmethod 12653 0x000001df02180e10 code [0x000001df02181000, 0x000001df02181398]
Event: 56.987 Thread 0x000001df7c197000 12654       2       com.android.tools.r8.graph.G0::a (20 bytes)
Event: 56.987 Thread 0x000001df7c197000 nmethod 12654 0x000001df02181590 code [0x000001df02181740, 0x000001df021818c8]
Event: 56.990 Thread 0x000001df7c197000 12655       2       com.android.tools.r8.graph.H0::a (232 bytes)
Event: 56.991 Thread 0x000001df7c197000 nmethod 12655 0x000001df02181990 code [0x000001df02181bc0, 0x000001df02182328]
Event: 56.997 Thread 0x000001df7c197000 12657       2       com.android.tools.r8.internal.ir$$Lambda$1302/0x0000000100d49440::<init> (15 bytes)
Event: 56.997 Thread 0x000001df7c197000 nmethod 12657 0x000001df02182810 code [0x000001df021829c0, 0x000001df02182b58]
Event: 57.000 Thread 0x000001df7c197000 12659       2       com.android.tools.r8.graph.T::a (53 bytes)
Event: 57.001 Thread 0x000001df7c197000 nmethod 12659 0x000001df02182c10 code [0x000001df02182ea0, 0x000001df021837a8]
Event: 57.012 Thread 0x000001df7c191000 nmethod 12577 0x000001df08304010 code [0x000001df083041e0, 0x000001df08305478]
Event: 57.012 Thread 0x000001df7c191000 12641 %     4       com.android.tools.r8.internal.U6::a @ 1682 (6044 bytes)
Event: 57.017 Thread 0x000001df0f060800 nmethod 12384 0x000001df08305990 code [0x000001df08306080, 0x000001df0830d738]
Event: 57.018 Thread 0x000001df0f060800 12651       4       java.util.ArrayList::forEach (74 bytes)

GC Heap History (20 events):
Event: 54.390 GC heap after
{Heap after GC invocations=34 (full 0):
 garbage-first heap   total 157696K, used 110592K [0x0000000080000000, 0x0000000100000000)
  region size 1024K, 4 young (4096K), 4 survivors (4096K)
 Metaspace       used 98098K, capacity 100896K, committed 101328K, reserved 604160K
  class space    used 12678K, capacity 13780K, committed 13952K, reserved 516096K
}
Event: 54.685 GC heap before
{Heap before GC invocations=34 (full 0):
 garbage-first heap   total 157696K, used 131072K [0x0000000080000000, 0x0000000100000000)
  region size 1024K, 25 young (25600K), 4 survivors (4096K)
 Metaspace       used 99140K, capacity 101970K, committed 102224K, reserved 606208K
  class space    used 12846K, capacity 13975K, committed 14080K, reserved 516096K
}
Event: 54.692 GC heap after
{Heap after GC invocations=35 (full 0):
 garbage-first heap   total 157696K, used 112455K [0x0000000080000000, 0x0000000100000000)
  region size 1024K, 4 young (4096K), 4 survivors (4096K)
 Metaspace       used 99140K, capacity 101970K, committed 102224K, reserved 606208K
  class space    used 12846K, capacity 13975K, committed 14080K, reserved 516096K
}
Event: 55.255 GC heap before
{Heap before GC invocations=35 (full 0):
 garbage-first heap   total 157696K, used 130887K [0x0000000080000000, 0x0000000100000000)
  region size 1024K, 23 young (23552K), 4 survivors (4096K)
 Metaspace       used 100376K, capacity 103184K, committed 103376K, reserved 606208K
  class space    used 12990K, capacity 14120K, committed 14208K, reserved 516096K
}
Event: 55.266 GC heap after
{Heap after GC invocations=36 (full 0):
 garbage-first heap   total 157696K, used 114451K [0x0000000080000000, 0x0000000100000000)
  region size 1024K, 3 young (3072K), 3 survivors (3072K)
 Metaspace       used 100376K, capacity 103184K, committed 103376K, reserved 606208K
  class space    used 12990K, capacity 14120K, committed 14208K, reserved 516096K
}
Event: 55.448 GC heap before
{Heap before GC invocations=37 (full 0):
 garbage-first heap   total 157696K, used 131859K [0x0000000080000000, 0x0000000100000000)
  region size 1024K, 21 young (21504K), 3 survivors (3072K)
 Metaspace       used 100569K, capacity 103450K, committed 103632K, reserved 606208K
  class space    used 13018K, capacity 14165K, committed 14208K, reserved 516096K
}
Event: 55.464 GC heap after
{Heap after GC invocations=38 (full 0):
 garbage-first heap   total 157696K, used 119808K [0x0000000080000000, 0x0000000100000000)
  region size 1024K, 3 young (3072K), 3 survivors (3072K)
 Metaspace       used 100569K, capacity 103450K, committed 103632K, reserved 606208K
  class space    used 13018K, capacity 14165K, committed 14208K, reserved 516096K
}
Event: 55.564 GC heap before
{Heap before GC invocations=38 (full 0):
 garbage-first heap   total 157696K, used 133120K [0x0000000080000000, 0x0000000100000000)
  region size 1024K, 16 young (16384K), 3 survivors (3072K)
 Metaspace       used 100777K, capacity 103663K, committed 103888K, reserved 606208K
  class space    used 13058K, capacity 14196K, committed 14208K, reserved 516096K
}
Event: 55.577 GC heap after
{Heap after GC invocations=39 (full 0):
 garbage-first heap   total 157696K, used 123334K [0x0000000080000000, 0x0000000100000000)
  region size 1024K, 2 young (2048K), 2 survivors (2048K)
 Metaspace       used 100777K, capacity 103663K, committed 103888K, reserved 606208K
  class space    used 13058K, capacity 14196K, committed 14208K, reserved 516096K
}
Event: 55.853 GC heap before
{Heap before GC invocations=39 (full 0):
 garbage-first heap   total 157696K, used 133574K [0x0000000080000000, 0x0000000100000000)
  region size 1024K, 12 young (12288K), 2 survivors (2048K)
 Metaspace       used 101235K, capacity 104148K, committed 104272K, reserved 606208K
  class space    used 13125K, capacity 14272K, committed 14336K, reserved 516096K
}
Event: 55.866 GC heap after
{Heap after GC invocations=40 (full 0):
 garbage-first heap   total 157696K, used 125749K [0x0000000080000000, 0x0000000100000000)
  region size 1024K, 2 young (2048K), 2 survivors (2048K)
 Metaspace       used 101235K, capacity 104148K, committed 104272K, reserved 606208K
  class space    used 13125K, capacity 14272K, committed 14336K, reserved 516096K
}
Event: 56.043 GC heap before
{Heap before GC invocations=40 (full 0):
 garbage-first heap   total 157696K, used 134965K [0x0000000080000000, 0x0000000100000000)
  region size 1024K, 11 young (11264K), 2 survivors (2048K)
 Metaspace       used 101349K, capacity 104266K, committed 104528K, reserved 608256K
  class space    used 13116K, capacity 14264K, committed 14336K, reserved 516096K
}
Event: 56.056 GC heap after
{Heap after GC invocations=41 (full 0):
 garbage-first heap   total 189440K, used 127875K [0x0000000080000000, 0x0000000100000000)
  region size 1024K, 2 young (2048K), 2 survivors (2048K)
 Metaspace       used 101349K, capacity 104266K, committed 104528K, reserved 608256K
  class space    used 13116K, capacity 14264K, committed 14336K, reserved 516096K
}
Event: 56.390 GC heap before
{Heap before GC invocations=42 (full 0):
 garbage-first heap   total 189440K, used 148355K [0x0000000080000000, 0x0000000100000000)
  region size 1024K, 22 young (22528K), 2 survivors (2048K)
 Metaspace       used 102030K, capacity 104941K, committed 105168K, reserved 608256K
  class space    used 13218K, capacity 14360K, committed 14464K, reserved 516096K
}
Event: 56.408 GC heap after
{Heap after GC invocations=43 (full 0):
 garbage-first heap   total 189440K, used 132523K [0x0000000080000000, 0x0000000100000000)
  region size 1024K, 3 young (3072K), 3 survivors (3072K)
 Metaspace       used 102030K, capacity 104941K, committed 105168K, reserved 608256K
  class space    used 13218K, capacity 14360K, committed 14464K, reserved 516096K
}
Event: 56.613 GC heap before
{Heap before GC invocations=43 (full 0):
 garbage-first heap   total 189440K, used 151979K [0x0000000080000000, 0x0000000100000000)
  region size 1024K, 22 young (22528K), 3 survivors (3072K)
 Metaspace       used 102730K, capacity 105727K, committed 105808K, reserved 608256K
  class space    used 13332K, capacity 14537K, committed 14592K, reserved 516096K
}
Event: 56.629 GC heap after
{Heap after GC invocations=44 (full 0):
 garbage-first heap   total 189440K, used 136192K [0x0000000080000000, 0x0000000100000000)
  region size 1024K, 3 young (3072K), 3 survivors (3072K)
 Metaspace       used 102730K, capacity 105727K, committed 105808K, reserved 608256K
  class space    used 13332K, capacity 14537K, committed 14592K, reserved 516096K
}
Event: 56.836 GC heap before
{Heap before GC invocations=44 (full 0):
 garbage-first heap   total 189440K, used 153600K [0x0000000080000000, 0x0000000100000000)
  region size 1024K, 21 young (21504K), 3 survivors (3072K)
 Metaspace       used 103003K, capacity 106010K, committed 106192K, reserved 608256K
  class space    used 13379K, capacity 14601K, committed 14720K, reserved 516096K
}
Event: 56.851 GC heap after
{Heap after GC invocations=45 (full 0):
 garbage-first heap   total 189440K, used 139911K [0x0000000080000000, 0x0000000100000000)
  region size 1024K, 3 young (3072K), 3 survivors (3072K)
 Metaspace       used 103003K, capacity 106010K, committed 106192K, reserved 608256K
  class space    used 13379K, capacity 14601K, committed 14720K, reserved 516096K
}
Event: 57.021 GC heap before
{Heap before GC invocations=45 (full 0):
 garbage-first heap   total 189440K, used 157319K [0x0000000080000000, 0x0000000100000000)
  region size 1024K, 20 young (20480K), 3 survivors (3072K)
 Metaspace       used 103042K, capacity 106023K, committed 106192K, reserved 608256K
  class space    used 13384K, capacity 14604K, committed 14720K, reserved 516096K
}

Deoptimization events (20 events):
Event: 56.811 Thread 0x000001df7e0b6800 DEOPT PACKING pc=0x000001df0216fd34 sp=0x000000a1827faab0
Event: 56.811 Thread 0x000001df7e0b6800 DEOPT UNPACKING pc=0x000001df0004a95e sp=0x000000a1827f9db0 mode 0
Event: 56.811 Thread 0x000001df7e0b4000 DEOPT PACKING pc=0x000001df0216fd34 sp=0x000000a1829fa730
Event: 56.811 Thread 0x000001df7e0b4000 DEOPT UNPACKING pc=0x000001df0004a95e sp=0x000000a1829f9a30 mode 0
Event: 56.811 Thread 0x000001df12577000 DEOPT PACKING pc=0x000001df0216fd34 sp=0x000000a1821fa850
Event: 56.811 Thread 0x000001df12577000 DEOPT UNPACKING pc=0x000001df0004a95e sp=0x000000a1821f9b50 mode 0
Event: 56.831 Thread 0x000001df7e0b6800 DEOPT PACKING pc=0x000001df02112677 sp=0x000000a1827f97b0
Event: 56.831 Thread 0x000001df7e0b6800 DEOPT UNPACKING pc=0x000001df0004a95e sp=0x000000a1827f8d28 mode 0
Event: 56.831 Thread 0x000001df12577000 DEOPT PACKING pc=0x000001df02112677 sp=0x000000a1821f91a0
Event: 56.831 Thread 0x000001df12577000 DEOPT UNPACKING pc=0x000001df0004a95e sp=0x000000a1821f8718 mode 0
Event: 56.888 Thread 0x000001df12577000 DEOPT PACKING pc=0x000001df02112677 sp=0x000000a1821f95c0
Event: 56.888 Thread 0x000001df12577000 DEOPT UNPACKING pc=0x000001df0004a95e sp=0x000000a1821f8b38 mode 0
Event: 56.899 Thread 0x000001df7e0b6800 DEOPT PACKING pc=0x000001df02112677 sp=0x000000a1827f97b0
Event: 56.899 Thread 0x000001df7e0b6800 DEOPT UNPACKING pc=0x000001df0004a95e sp=0x000000a1827f8d28 mode 0
Event: 56.935 Thread 0x000001df7e0b6800 DEOPT PACKING pc=0x000001df02112677 sp=0x000000a1827f9840
Event: 56.935 Thread 0x000001df7e0b6800 DEOPT UNPACKING pc=0x000001df0004a95e sp=0x000000a1827f8db8 mode 0
Event: 56.958 Thread 0x000001df12571800 Uncommon trap: trap_request=0xffffffde fr.pc=0x000001df082e2f04 relative=0x0000000000000404
Event: 56.958 Thread 0x000001df12571800 Uncommon trap: reason=class_check action=maybe_recompile pc=0x000001df082e2f04 method=com.android.tools.r8.internal.ad.a(I)Ljava/lang/Object; @ 9 c2
Event: 56.958 Thread 0x000001df12571800 DEOPT PACKING pc=0x000001df082e2f04 sp=0x000000a181dfa200
Event: 56.958 Thread 0x000001df12571800 DEOPT UNPACKING pc=0x000001df0004a1af sp=0x000000a181dfa0f0 mode 2

Classes redefined (0 events):
No events

Internal exceptions (20 events):
Event: 54.197 Thread 0x000001df12577000 Exception <a 'sun/nio/fs/WindowsException'{0x00000000898e38b0}> (0x00000000898e38b0) thrown at [./src/hotspot/share/prims/jni.cpp, line 617]
Event: 54.221 Thread 0x000001df12571800 Exception <a 'sun/nio/fs/WindowsException'{0x00000000896171f8}> (0x00000000896171f8) thrown at [./src/hotspot/share/prims/jni.cpp, line 617]
Event: 54.393 Thread 0x000001df7e0b4000 Exception <a 'sun/nio/fs/WindowsException'{0x00000000899f5558}> (0x00000000899f5558) thrown at [./src/hotspot/share/prims/jni.cpp, line 617]
Event: 54.535 Thread 0x000001df7e0b6800 Exception <a 'sun/nio/fs/WindowsException'{0x00000000888957d8}> (0x00000000888957d8) thrown at [./src/hotspot/share/prims/jni.cpp, line 617]
Event: 54.589 Thread 0x000001df7e0b6800 Exception <a 'java/lang/NoSuchMethodError'{0x000000008861bfe0}: 'java.lang.Object java.lang.invoke.DirectMethodHandle$Holder.invokeStatic(java.lang.Object, java.lang.Object, java.lang.Object, java.lang.Object, java.lang.Object, java.lang.Object, java.lang.Object, java.lang.Object, java.lang.Object, java.lang.Object, java.lang.Object, java.lang.Object, java.lang.Object, java.lang.Object, java.lang.Object, java.lang.Object, java.lang.Object, java.lang.Object, int, java.lang.Object)'> (0x000000008861bfe0) thr
Event: 54.589 Thread 0x000001df7e0b6800 Exception <a 'java/lang/NoSuchMethodError'{0x0000000088622068}: 'java.lang.Object java.lang.invoke.DirectMethodHandle$Holder.invokeStaticInit(java.lang.Object, java.lang.Object, java.lang.Object, java.lang.Object, java.lang.Object, java.lang.Object, java.lang.Object, java.lang.Object, java.lang.Object, java.lang.Object, java.lang.Object, java.lang.Object, java.lang.Object, java.lang.Object, java.lang.Object, java.lang.Object, java.lang.Object, java.lang.Object, int, java.lang.Object)'> (0x0000000088622068)
Event: 54.654 Thread 0x000001df12571800 Exception <a 'java/lang/IncompatibleClassChangeError'{0x0000000088535ba8}: Found class java.lang.Object, but interface was expected> (0x0000000088535ba8) thrown at [./src/hotspot/share/interpreter/linkResolver.cpp, line 839]
Event: 54.685 Thread 0x000001df7e0b4000 Exception <a 'java/lang/NoSuchMethodError'{0x00000000886a81c0}: 'void java.lang.invoke.DirectMethodHandle$Holder.invokeStatic(java.lang.Object, java.lang.Object, int, java.lang.Object, java.lang.Object, java.lang.Object, java.lang.Object)'> (0x00000000886a81c0) thrown at [./src/hotspot/share/interpreter/linkResolver.cpp, line 773]
Event: 55.247 Thread 0x000001df12577000 Exception <a 'java/lang/NoSuchMethodError'{0x00000000887c3430}: 'int java.lang.invoke.DirectMethodHandle$Holder.invokeVirtual(java.lang.Object, java.lang.Object, java.lang.Object, java.lang.Object)'> (0x00000000887c3430) thrown at [./src/hotspot/share/interpreter/linkResolver.cpp, line 773]
Event: 55.370 Thread 0x000001df12571800 Exception <a 'java/lang/NoSuchMethodError'{0x000000008925c478}: 'long java.lang.invoke.DirectMethodHandle$Holder.invokeStatic(java.lang.Object, java.lang.Object)'> (0x000000008925c478) thrown at [./src/hotspot/share/interpreter/linkResolver.cpp, line 773]
Event: 55.519 Thread 0x000001df12577000 Exception <a 'java/lang/IncompatibleClassChangeError'{0x0000000089125750}: Found class java.lang.Object, but interface was expected> (0x0000000089125750) thrown at [./src/hotspot/share/interpreter/linkResolver.cpp, line 839]
Event: 55.521 Thread 0x000001df12577000 Exception <a 'java/lang/NoSuchMethodError'{0x000000008912d770}: 'java.lang.Object java.lang.invoke.DirectMethodHandle$Holder.newInvokeSpecial(java.lang.Object, int)'> (0x000000008912d770) thrown at [./src/hotspot/share/interpreter/linkResolver.cpp, line 773]
Event: 55.531 Thread 0x000001df12571800 Exception <a 'java/lang/NoSuchMethodError'{0x00000000891130c0}: 'java.lang.Object java.lang.invoke.DirectMethodHandle$Holder.newInvokeSpecial(java.lang.Object, int)'> (0x00000000891130c0) thrown at [./src/hotspot/share/interpreter/linkResolver.cpp, line 773]
Event: 55.538 Thread 0x000001df7e0b4000 Exception <a 'java/lang/IncompatibleClassChangeError'{0x00000000891096c8}: Found class java.lang.Object, but interface was expected> (0x00000000891096c8) thrown at [./src/hotspot/share/interpreter/linkResolver.cpp, line 839]
Event: 55.538 Thread 0x000001df12571800 Exception <a 'java/lang/IncompatibleClassChangeError'{0x00000000891d62e8}: Found class java.lang.Object, but interface was expected> (0x00000000891d62e8) thrown at [./src/hotspot/share/interpreter/linkResolver.cpp, line 839]
Event: 55.538 Thread 0x000001df12577000 Exception <a 'java/lang/IncompatibleClassChangeError'{0x0000000089164130}: Found class java.lang.Object, but interface was expected> (0x0000000089164130) thrown at [./src/hotspot/share/interpreter/linkResolver.cpp, line 839]
Event: 55.543 Thread 0x000001df12577000 Exception <a 'java/lang/IncompatibleClassChangeError'{0x000000008901aa88}: Found class java.lang.Object, but interface was expected> (0x000000008901aa88) thrown at [./src/hotspot/share/interpreter/linkResolver.cpp, line 839]
Event: 55.683 Thread 0x000001df7e0b4000 Exception <a 'java/lang/IncompatibleClassChangeError'{0x00000000897e7730}: Found class java.lang.Object, but interface was expected> (0x00000000897e7730) thrown at [./src/hotspot/share/interpreter/linkResolver.cpp, line 839]
Event: 56.605 Thread 0x000001df7e0b4000 Exception <a 'java/lang/NoSuchMethodError'{0x000000008a6bba80}: 'java.lang.Object java.lang.invoke.DirectMethodHandle$Holder.invokeStatic(java.lang.Object, int, java.lang.Object, java.lang.Object)'> (0x000000008a6bba80) thrown at [./src/hotspot/share/interpreter/linkResolver.cpp, line 773]
Event: 56.606 Thread 0x000001df12577000 Exception <a 'java/lang/NoSuchMethodError'{0x000000008a6d9760}: 'java.lang.Object java.lang.invoke.DirectMethodHandle$Holder.invokeStatic(java.lang.Object, int, java.lang.Object, java.lang.Object)'> (0x000000008a6d9760) thrown at [./src/hotspot/share/interpreter/linkResolver.cpp, line 773]

Events (20 events):
Event: 56.886 loading class com/android/tools/r8/internal/x4$a done
Event: 56.886 loading class com/android/tools/r8/graph/Z
Event: 56.886 loading class com/android/tools/r8/graph/Z done
Event: 56.886 loading class com/android/tools/r8/ir/conversion/i
Event: 56.886 loading class com/android/tools/r8/ir/conversion/i done
Event: 56.887 loading class com/android/tools/r8/graph/O
Event: 56.887 loading class com/android/tools/r8/graph/O done
Event: 56.887 loading class com/android/tools/r8/internal/xj
Event: 56.887 loading class com/android/tools/r8/internal/xj done
Event: 56.888 loading class com/android/tools/r8/internal/tj
Event: 56.888 loading class com/android/tools/r8/internal/tj done
Event: 56.888 Executing VM operation: Deoptimize
Event: 56.894 Executing VM operation: Deoptimize done
Event: 56.969 loading class com/android/tools/r8/internal/Ej
Event: 56.969 loading class com/android/tools/r8/internal/Ej done
Event: 56.981 loading class com/android/tools/r8/internal/I
Event: 56.981 loading class com/android/tools/r8/internal/I done
Event: 56.982 loading class com/android/tools/r8/internal/H
Event: 56.982 loading class com/android/tools/r8/internal/H done
Event: 57.020 Executing VM operation: G1CollectForAllocation


Dynamic libraries:
0x00007ff70e300000 - 0x00007ff70e30d000 	C:\Program Files\OpenJDK\openjdk-11.0.15_10\bin\java.exe
0x00007ff9caeb0000 - 0x00007ff9cb0a7000 	C:\WINDOWS\SYSTEM32\ntdll.dll
0x00007ff9cac10000 - 0x00007ff9caccd000 	C:\WINDOWS\System32\KERNEL32.DLL
0x00007ff9c8810000 - 0x00007ff9c8add000 	C:\WINDOWS\System32\KERNELBASE.dll
0x00007ff9c8c80000 - 0x00007ff9c8d80000 	C:\WINDOWS\System32\ucrtbase.dll
0x00007ff9a5610000 - 0x00007ff9a5628000 	C:\Program Files\OpenJDK\openjdk-11.0.15_10\bin\jli.dll
0x00007ff9a56f0000 - 0x00007ff9a5706000 	C:\Program Files\OpenJDK\openjdk-11.0.15_10\bin\VCRUNTIME140.dll
0x00007ff9c9d10000 - 0x00007ff9c9eb0000 	C:\WINDOWS\System32\USER32.dll
0x00007ff9c8680000 - 0x00007ff9c86a2000 	C:\WINDOWS\System32\win32u.dll
0x00007ff9b8a90000 - 0x00007ff9b8d2a000 	C:\WINDOWS\WinSxS\amd64_microsoft.windows.common-controls_6595b64144ccf1df_6.0.19041.1110_none_60b5254171f9507e\COMCTL32.dll
0x00007ff9ca2f0000 - 0x00007ff9ca38e000 	C:\WINDOWS\System32\msvcrt.dll
0x00007ff9ca2c0000 - 0x00007ff9ca2ea000 	C:\WINDOWS\System32\GDI32.dll
0x00007ff9c8ae0000 - 0x00007ff9c8beb000 	C:\WINDOWS\System32\gdi32full.dll
0x00007ff9c8720000 - 0x00007ff9c87bd000 	C:\WINDOWS\System32\msvcp_win.dll
0x00007ff9c8f10000 - 0x00007ff9c8f40000 	C:\WINDOWS\System32\IMM32.DLL
0x00007ff989b40000 - 0x00007ff989bea000 	C:\Program Files\OpenJDK\openjdk-11.0.15_10\bin\msvcp140.dll
0x00007ff978240000 - 0x00007ff978d91000 	C:\Program Files\OpenJDK\openjdk-11.0.15_10\bin\server\jvm.dll
0x00007ff9c9560000 - 0x00007ff9c960e000 	C:\WINDOWS\System32\ADVAPI32.dll
0x00007ff9ca080000 - 0x00007ff9ca11c000 	C:\WINDOWS\System32\sechost.dll
0x00007ff9c9b30000 - 0x00007ff9c9c55000 	C:\WINDOWS\System32\RPCRT4.dll
0x00007ff9c9f10000 - 0x00007ff9c9f18000 	C:\WINDOWS\System32\PSAPI.DLL
0x00007ff9c02a0000 - 0x00007ff9c02a9000 	C:\WINDOWS\SYSTEM32\WSOCK32.dll
0x00007ff9cacd0000 - 0x00007ff9cad3b000 	C:\WINDOWS\System32\WS2_32.dll
0x00007ff9bb4b0000 - 0x00007ff9bb4d7000 	C:\WINDOWS\SYSTEM32\WINMM.dll
0x00007ff9bf190000 - 0x00007ff9bf19a000 	C:\WINDOWS\SYSTEM32\VERSION.dll
0x00007ff9c6eb0000 - 0x00007ff9c6ec2000 	C:\WINDOWS\SYSTEM32\kernel.appcore.dll
0x00007ff9a51a0000 - 0x00007ff9a51b1000 	C:\Program Files\OpenJDK\openjdk-11.0.15_10\bin\verify.dll
0x00007ff9c6b70000 - 0x00007ff9c6d54000 	C:\WINDOWS\SYSTEM32\DBGHELP.DLL
0x00007ff9c25c0000 - 0x00007ff9c25ec000 	C:\WINDOWS\SYSTEM32\dbgcore.DLL
0x00007ff9c8bf0000 - 0x00007ff9c8c72000 	C:\WINDOWS\System32\bcryptPrimitives.dll
0x00007ff9a5170000 - 0x00007ff9a5199000 	C:\Program Files\OpenJDK\openjdk-11.0.15_10\bin\java.dll
0x00007ff9a9a10000 - 0x00007ff9a9a1a000 	C:\Program Files\OpenJDK\openjdk-11.0.15_10\bin\jimage.dll
0x00007ff9a3bf0000 - 0x00007ff9a3c08000 	C:\Program Files\OpenJDK\openjdk-11.0.15_10\bin\zip.dll
0x00007ff9ca440000 - 0x00007ff9cab84000 	C:\WINDOWS\System32\SHELL32.dll
0x00007ff9c63d0000 - 0x00007ff9c6b64000 	C:\WINDOWS\SYSTEM32\windows.storage.dll
0x00007ff9c9690000 - 0x00007ff9c99e4000 	C:\WINDOWS\System32\combase.dll
0x00007ff9c8030000 - 0x00007ff9c805c000 	C:\WINDOWS\SYSTEM32\Wldp.dll
0x00007ff9ca390000 - 0x00007ff9ca43d000 	C:\WINDOWS\System32\SHCORE.dll
0x00007ff9c9eb0000 - 0x00007ff9c9f05000 	C:\WINDOWS\System32\shlwapi.dll
0x00007ff9c8510000 - 0x00007ff9c852f000 	C:\WINDOWS\SYSTEM32\profapi.dll
0x00007ff9a3bd0000 - 0x00007ff9a3be9000 	C:\Program Files\OpenJDK\openjdk-11.0.15_10\bin\net.dll
0x00007ff9c00d0000 - 0x00007ff9c01da000 	C:\WINDOWS\SYSTEM32\WINHTTP.dll
0x00007ff9c7d90000 - 0x00007ff9c7dfa000 	C:\WINDOWS\system32\mswsock.dll
0x00007ff9a31a0000 - 0x00007ff9a31b3000 	C:\Program Files\OpenJDK\openjdk-11.0.15_10\bin\nio.dll
0x00007ff9b3790000 - 0x00007ff9b37b7000 	C:\Users\Tom\.gradle\native\e1d6ef7f7dcc3fd88c89a11ec53ec762bb8ba0a96d01ffa2cd45eb1d1d8dd5c5\windows-amd64\native-platform.dll
0x00007ff988ab0000 - 0x00007ff988bf4000 	C:\Users\Tom\.gradle\native\5664cfc778a61ccfe75a443a1ab52a65af34e5dc3c78e0209fed803814484fcb\windows-amd64\native-platform-file-events.dll
0x00007ff9a9a20000 - 0x00007ff9a9a29000 	C:\Program Files\OpenJDK\openjdk-11.0.15_10\bin\management.dll
0x00007ff9a6560000 - 0x00007ff9a656c000 	C:\Program Files\OpenJDK\openjdk-11.0.15_10\bin\management_ext.dll
0x00007ff9c7f80000 - 0x00007ff9c7f98000 	C:\WINDOWS\SYSTEM32\CRYPTSP.dll
0x00007ff9c7640000 - 0x00007ff9c7674000 	C:\WINDOWS\system32\rsaenh.dll
0x00007ff9c8d80000 - 0x00007ff9c8da7000 	C:\WINDOWS\System32\bcrypt.dll
0x00007ff9c8490000 - 0x00007ff9c84be000 	C:\WINDOWS\SYSTEM32\USERENV.dll
0x00007ff9c7fa0000 - 0x00007ff9c7fac000 	C:\WINDOWS\SYSTEM32\CRYPTBASE.dll
0x00007ff9c7a30000 - 0x00007ff9c7a6b000 	C:\WINDOWS\SYSTEM32\IPHLPAPI.DLL
0x00007ff9cad40000 - 0x00007ff9cad48000 	C:\WINDOWS\System32\NSI.dll
0x00007ff9c0490000 - 0x00007ff9c04a7000 	C:\WINDOWS\SYSTEM32\dhcpcsvc6.DLL
0x00007ff9c0eb0000 - 0x00007ff9c0ecd000 	C:\WINDOWS\SYSTEM32\dhcpcsvc.DLL
0x00007ff9c7ac0000 - 0x00007ff9c7b8b000 	C:\WINDOWS\SYSTEM32\DNSAPI.dll

dbghelp: loaded successfully - version: 4.0.5 - missing functions: none
symbol engine: initialized successfully - sym options: 0x614 - pdb path: .;C:\Program Files\OpenJDK\openjdk-11.0.15_10\bin;C:\WINDOWS\SYSTEM32;C:\WINDOWS\WinSxS\amd64_microsoft.windows.common-controls_6595b64144ccf1df_6.0.19041.1110_none_60b5254171f9507e;C:\Program Files\OpenJDK\openjdk-11.0.15_10\bin\server;C:\Users\Tom\.gradle\native\e1d6ef7f7dcc3fd88c89a11ec53ec762bb8ba0a96d01ffa2cd45eb1d1d8dd5c5\windows-amd64;C:\Users\Tom\.gradle\native\5664cfc778a61ccfe75a443a1ab52a65af34e5dc3c78e0209fed803814484fcb\windows-amd64

VM Arguments:
jvm_args: -XX:MaxMetaspaceSize=512m --add-opens=java.base/java.util=ALL-UNNAMED --add-opens=java.base/java.lang=ALL-UNNAMED --add-opens=java.base/java.lang.invoke=ALL-UNNAMED --add-opens=java.base/java.util=ALL-UNNAMED --add-opens=java.prefs/java.util.prefs=ALL-UNNAMED --add-opens=java.prefs/java.util.prefs=ALL-UNNAMED --add-opens=java.base/java.nio.charset=ALL-UNNAMED --add-opens=java.base/java.net=ALL-UNNAMED --add-opens=java.base/java.util.concurrent.atomic=ALL-UNNAMED -Xmx2048m -Dfile.encoding=windows-1252 -Duser.country=GB -Duser.language=en -Duser.variant 
java_command: org.gradle.launcher.daemon.bootstrap.GradleDaemon 7.3.3
java_class_path (initial): C:\Users\Tom\.gradle\wrapper\dists\gradle-7.3.3-all\4295vidhdd9hd3gbjyw1xqxpo\gradle-7.3.3\lib\gradle-launcher-7.3.3.jar
Launcher Type: SUN_STANDARD

[Global flags]
     intx CICompilerCount                          = 3                                         {product} {ergonomic}
   size_t CompressedClassSpaceSize                 = 528482304                                 {product} {ergonomic}
     uint ConcGCThreads                            = 1                                         {product} {ergonomic}
     uint G1ConcRefinementThreads                  = 4                                         {product} {ergonomic}
   size_t G1HeapRegionSize                         = 1048576                                   {product} {ergonomic}
    uintx GCDrainStackTargetSize                   = 64                                        {product} {ergonomic}
   size_t InitialHeapSize                          = 134217728                                 {product} {ergonomic}
   size_t MarkStackSize                            = 4194304                                   {product} {ergonomic}
   size_t MaxHeapSize                              = 2147483648                                {product} {command line}
   size_t MaxMetaspaceSize                         = 536870912                                 {product} {command line}
   size_t MaxNewSize                               = 1287651328                                {product} {ergonomic}
   size_t MinHeapDeltaBytes                        = 1048576                                   {product} {ergonomic}
    uintx NonNMethodCodeHeapSize                   = 5830732                                {pd product} {ergonomic}
    uintx NonProfiledCodeHeapSize                  = 122913754                              {pd product} {ergonomic}
    uintx ProfiledCodeHeapSize                     = 122913754                              {pd product} {ergonomic}
    uintx ReservedCodeCacheSize                    = 251658240                              {pd product} {ergonomic}
     bool SegmentedCodeCache                       = true                                      {product} {ergonomic}
     bool UseCompressedClassPointers               = true                                 {lp64_product} {ergonomic}
     bool UseCompressedOops                        = true                                 {lp64_product} {ergonomic}
     bool UseG1GC                                  = true                                      {product} {ergonomic}
     bool UseLargePagesIndividualAllocation        = false                                  {pd product} {ergonomic}

Logging:
Log output configuration:
 #0: stdout all=warning uptime,level,tags
 #1: stderr all=off uptime,level,tags

Environment Variables:
JAVA_HOME=C:\Program Files\OpenJDK\openjdk-11.0.15_10
CLASSPATH=C:\Users\Tom\Documents\Programmation\React Native\projectRNcli\android\\gradle\wrapper\gradle-wrapper.jar
PATH=C:\Users\Tom\Documents\Programmation\React Native\projectRNcli\android\node_modules\.bin;C:\Users\Tom\Documents\Programmation\React Native\projectRNcli\node_modules\.bin;C:\Users\Tom\Documents\Programmation\React Native\node_modules\.bin;C:\Users\Tom\Documents\Programmation\node_modules\.bin;C:\Users\Tom\Documents\node_modules\.bin;C:\Users\Tom\node_modules\.bin;C:\Users\node_modules\.bin;C:\node_modules\.bin;C:\Program Files\nodejs;C:\Users\Tom\Documents\Programmation\React Native\projectRNcli\node_modules\.bin;C:\Users\Tom\Documents\Programmation\React Native\node_modules\.bin;C:\Users\Tom\Documents\Programmation\node_modules\.bin;C:\Users\Tom\Documents\node_modules\.bin;C:\Users\Tom\node_modules\.bin;C:\Users\node_modules\.bin;C:\node_modules\.bin;C:\Program Files\nodejs\node_modules\npm\node_modules\@npmcli\run-script\lib\node-gyp-bin;C:\Python310\Scripts\;C:\Python310\;C:\Program Files\Common Files\Oracle\Java\javapath;C:\Program Files (x86)\Intel\Intel(R) Management Engine Components\iCLS\;C:\Program Files\Intel\Intel(R) Management Engine Components\iCLS\;C:\windows\system32;C:\windows;C:\windows\System32\Wbem;C:\windows\System32\WindowsPowerShell\v1.0\;C:\Program Files (x86)\Intel\Intel(R) Management Engine Components\DAL;C:\Program Files\Intel\Intel(R) Management Engine Components\DAL;C:\Program Files (x86)\Intel\Intel(R) Management Engine Components\IPT;C:\Program Files\Intel\Intel(R) Management Engine Components\IPT;C:\Program Files (x86)\NVIDIA Corporation\PhysX\Common;C:\WINDOWS\system32;C:\WINDOWS;C:\WINDOWS\System32\Wbem;C:\WINDOWS\System32\WindowsPowerShell\v1.0\;C:\WINDOWS\System32\OpenSSH\;C:\Program Files\Microchip\xc8\v2.36\bin;C:\ProgramData\chocolatey\bin;C:\Program Files\OpenJDK\openjdk-11.0.15_10\bin;C:\Program Files\nodejs\;C:\Users\Tom\AppData\Local\Microsoft\WindowsApps;C:\Users\Tom\AppData\Local\Programs\Microsoft VS Code\bin;C:\Users\Tom\AppData\Local\Android\Sdk\platform-tools;C:\Users\Tom\AppData\Roaming\npm;C:\Users\Tom\Documents\Pro
USERNAME=Tom
LANG=en_GB.UTF-8
OS=Windows_NT
PROCESSOR_IDENTIFIER=Intel64 Family 6 Model 142 Stepping 10, GenuineIntel



---------------  S Y S T E M  ---------------

OS: Windows 10 , 64 bit Build 19041 (10.0.19041.1741)
OS uptime: 0 days 5:47 hours

CPU:total 4 (initial active 4) (2 cores per cpu, 2 threads per core) family 6 model 142 stepping 10 microcode 0xb4, cmov, cx8, fxsr, mmx, sse, sse2, sse3, ssse3, sse4.1, sse4.2, popcnt, avx, avx2, aes, clmul, erms, 3dnowpref, lzcnt, ht, tsc, tscinvbit, bmi1, bmi2, adx, fma

Memory: 4k page, system-wide physical 8107M (1228M free)
TotalPageFile size 8107M (AvailPageFile size 25M)
current process WorkingSet (physical memory assigned to process): 494M, peak: 497M
current process commit charge ("private bytes"): 550M, peak: 635M

vm_info: OpenJDK 64-Bit Server VM (11.0.15+10) for windows-amd64 JRE (11.0.15+10), built on Apr 21 2022 21:29:46 by "tester" with MS VC++ 15.5 (VS2017)

END.
