#
# There is insufficient memory for the Java Runtime Environment to continue.
# Native memory allocation (malloc) failed to allocate 1243536 bytes for Chunk::new
# Possible reasons:
#   The system is out of physical RAM or swap space
#   The process is running with CompressedOops enabled, and the Java Heap may be blocking the growth of the native heap
# Possible solutions:
#   Reduce memory load on the system
#   Increase physical memory or swap space
#   Check if swap backing store is full
#   Decrease Java heap size (-Xmx/-Xms)
#   Decrease number of Java threads
#   Decrease Java thread stack sizes (-Xss)
#   Set larger code cache with -XX:ReservedCodeCacheSize=
#   JVM is running with Unscaled Compressed Oops mode in which the Java heap is
#     placed in the first 4GB address space. The Java Heap base address is the
#     maximum limit for the native heap growth. Please use -XX:HeapBaseMinAddress
#     to set the Java Heap base and to place the Java Heap above 4GB virtual address.
# This output file may be truncated or incomplete.
#
#  Out of Memory Error (./src/hotspot/share/memory/arena.cpp:197), pid=6848, tid=2832
#
# JRE version: OpenJDK Runtime Environment 18.9 (11.0.15+10) (build 11.0.15+10)
# Java VM: OpenJDK 64-Bit Server VM 18.9 (11.0.15+10, mixed mode, tiered, compressed oops, g1 gc, windows-amd64)
# No core dump will be written. Minidumps are not enabled by default on client versions of Windows
#

---------------  S U M M A R Y ------------

Command Line: -XX:MaxMetaspaceSize=512m --add-opens=java.base/java.util=ALL-UNNAMED --add-opens=java.base/java.lang=ALL-UNNAMED --add-opens=java.base/java.lang.invoke=ALL-UNNAMED --add-opens=java.base/java.util=ALL-UNNAMED --add-opens=java.prefs/java.util.prefs=ALL-UNNAMED --add-opens=java.prefs/java.util.prefs=ALL-UNNAMED --add-opens=java.base/java.nio.charset=ALL-UNNAMED --add-opens=java.base/java.net=ALL-UNNAMED --add-opens=java.base/java.util.concurrent.atomic=ALL-UNNAMED -Xmx2048m -Dfile.encoding=windows-1252 -Duser.country=GB -Duser.language=en -Duser.variant org.gradle.launcher.daemon.bootstrap.GradleDaemon 7.3.3

Host: Intel(R) Core(TM) i3-7020U CPU @ 2.30GHz, 4 cores, 7G,  Windows 10 , 64 bit Build 19041 (10.0.19041.1741)
Time: Sun Jul  3 22:40:09 2022 Romance Summer Time elapsed time: 69.080901 seconds (0d 0h 1m 9s)

---------------  T H R E A D  ---------------

Current thread (0x000002bb773d0800):  JavaThread "C2 CompilerThread0" daemon [_thread_in_native, id=2832, stack(0x000000dd25900000,0x000000dd25a00000)]


Current CompileTask:
C2:  69081 12214       4       java.lang.reflect.AccessibleObject::verifyAccess (84 bytes)

Stack: [0x000000dd25900000,0x000000dd25a00000]
Native frames: (J=compiled Java code, j=interpreted, Vv=VM code, C=native code)
V  [jvm.dll+0x64dd3a]
V  [jvm.dll+0x7906c9]
V  [jvm.dll+0x791d9c]
V  [jvm.dll+0x792463]
V  [jvm.dll+0x265048]
V  [jvm.dll+0xc9da1]
V  [jvm.dll+0xca35c]
V  [jvm.dll+0x37c122]
V  [jvm.dll+0x347153]
V  [jvm.dll+0x34647a]
V  [jvm.dll+0x21e085]
V  [jvm.dll+0x21d25a]
V  [jvm.dll+0x19dd21]
V  [jvm.dll+0x22cc80]
V  [jvm.dll+0x22af81]
V  [jvm.dll+0x75254c]
V  [jvm.dll+0x74b12d]
V  [jvm.dll+0x64c8a6]
C  [ucrtbase.dll+0x21bb2]
C  [KERNEL32.DLL+0x17034]
C  [ntdll.dll+0x52651]


---------------  P R O C E S S  ---------------

Threads class SMR info:
_java_thread_list=0x000002bb0008ac30, length=90, elements={
0x000002bb562cf800, 0x000002bb76a4d800, 0x000002bb76a51000, 0x000002bb76ab7000,
0x000002bb76ab8000, 0x000002bb76abd800, 0x000002bb773d0800, 0x000002bb773d5000,
0x000002bb773d6800, 0x000002bb7752d000, 0x000002bb796cd800, 0x000002bb783b9000,
0x000002bb7a8b1000, 0x000002bb7a924000, 0x000002bb78e9b000, 0x000002bb78663800,
0x000002bb788bc000, 0x000002bb7aa0a000, 0x000002bb7aa0b000, 0x000002bb79567800,
0x000002bb79e87000, 0x000002bb79e8a800, 0x000002bb79e8d000, 0x000002bb79e8b000,
0x000002bb79e8c000, 0x000002bb79e8d800, 0x000002bb79e88800, 0x000002bb79e89800,
0x000002bb79e88000, 0x000002bb7ae99800, 0x000002bb7ae9b800, 0x000002bb7ae97800,
0x000002bb7ae9c000, 0x000002bb7ae98000, 0x000002bb7aea0000, 0x000002bb7aea4800,
0x000002bb7aea2000, 0x000002bb7aea1000, 0x000002bb7aea3800, 0x000002bb7ae9e800,
0x000002bb7aea2800, 0x000002bb7aea5000, 0x000002bb7ae9f800, 0x000002bb7aea6000,
0x000002bb002a3000, 0x000002bb002a2800, 0x000002bb002a4000, 0x000002bb002a1800,
0x000002bb002a0000, 0x000002bb002a5800, 0x000002bb002a1000, 0x000002bb002a8000,
0x000002bb002a5000, 0x000002bb002a9000, 0x000002bb002aa000, 0x000002bb002aa800,
0x000002bb002ab800, 0x000002bb002ac000, 0x000002bb002a6800, 0x000002bb002ad000,
0x000002bb002a7800, 0x000002bb002ae800, 0x000002bb002ae000, 0x000002bb0043e800,
0x000002bb0043f000, 0x000002bb0043c000, 0x000002bb0043c800, 0x000002bb00440800,
0x000002bb00440000, 0x000002bb00442800, 0x000002bb0043d800, 0x000002bb00441800,
0x000002bb7d1dd800, 0x000002bb7d1e0000, 0x000002bb7d1db000, 0x000002bb7d1e0800,
0x000002bb7d1dc800, 0x000002bb7d1df000, 0x000002bb7d253000, 0x000002bb7d257000,
0x000002bb7d254800, 0x000002bb7d253800, 0x000002bb7d255800, 0x000002bb7d258000,
0x000002bb7d252000, 0x000002bb7d25a800, 0x000002bb7d25b000, 0x000002bb7d25c000,
0x000002bb7d25c800, 0x000002bb7d25d800
}

Java Threads: ( => current thread )
  0x000002bb562cf800 JavaThread "main" [_thread_blocked, id=7620, stack(0x000000dd24c00000,0x000000dd24d00000)]
  0x000002bb76a4d800 JavaThread "Reference Handler" daemon [_thread_blocked, id=8404, stack(0x000000dd25300000,0x000000dd25400000)]
  0x000002bb76a51000 JavaThread "Finalizer" daemon [_thread_blocked, id=7972, stack(0x000000dd25400000,0x000000dd25500000)]
  0x000002bb76ab7000 JavaThread "Signal Dispatcher" daemon [_thread_blocked, id=11484, stack(0x000000dd25600000,0x000000dd25700000)]
  0x000002bb76ab8000 JavaThread "Attach Listener" daemon [_thread_blocked, id=13020, stack(0x000000dd25700000,0x000000dd25800000)]
  0x000002bb76abd800 JavaThread "Service Thread" daemon [_thread_blocked, id=13148, stack(0x000000dd25800000,0x000000dd25900000)]
=>0x000002bb773d0800 JavaThread "C2 CompilerThread0" daemon [_thread_in_native, id=2832, stack(0x000000dd25900000,0x000000dd25a00000)]
  0x000002bb773d5000 JavaThread "C1 CompilerThread0" daemon [_thread_blocked, id=12192, stack(0x000000dd25a00000,0x000000dd25b00000)]
  0x000002bb773d6800 JavaThread "Sweeper thread" daemon [_thread_blocked, id=7396, stack(0x000000dd25b00000,0x000000dd25c00000)]
  0x000002bb7752d000 JavaThread "Common-Cleaner" daemon [_thread_blocked, id=8400, stack(0x000000dd25c00000,0x000000dd25d00000)]
  0x000002bb796cd800 JavaThread "Daemon health stats" [_thread_blocked, id=9888, stack(0x000000dd26100000,0x000000dd26200000)]
  0x000002bb783b9000 JavaThread "Incoming local TCP Connector on port 60507" [_thread_in_native, id=7464, stack(0x000000dd25e00000,0x000000dd25f00000)]
  0x000002bb7a8b1000 JavaThread "Daemon periodic checks" [_thread_blocked, id=12788, stack(0x000000dd26200000,0x000000dd26300000)]
  0x000002bb7a924000 JavaThread "Daemon" [_thread_blocked, id=12828, stack(0x000000dd26300000,0x000000dd26400000)]
  0x000002bb78e9b000 JavaThread "Handler for socket connection from /127.0.0.1:60507 to /127.0.0.1:60508" [_thread_in_native, id=4716, stack(0x000000dd26400000,0x000000dd26500000)]
  0x000002bb78663800 JavaThread "Cancel handler" [_thread_blocked, id=11124, stack(0x000000dd26500000,0x000000dd26600000)]
  0x000002bb788bc000 JavaThread "Daemon worker" [_thread_blocked, id=12168, stack(0x000000dd26600000,0x000000dd26700000)]
  0x000002bb7aa0a000 JavaThread "Asynchronous log dispatcher for DefaultDaemonConnection: socket connection from /127.0.0.1:60507 to /127.0.0.1:60508" [_thread_blocked, id=940, stack(0x000000dd26700000,0x000000dd26800000)]
  0x000002bb7aa0b000 JavaThread "Stdin handler" [_thread_blocked, id=10844, stack(0x000000dd26800000,0x000000dd26900000)]
  0x000002bb79567800 JavaThread "Daemon client event forwarder" [_thread_blocked, id=5524, stack(0x000000dd26900000,0x000000dd26a00000)]
  0x000002bb79e87000 JavaThread "Cache worker for journal cache (C:\Users\Tom\.gradle\caches\journal-1)" [_thread_blocked, id=11472, stack(0x000000dd26b00000,0x000000dd26c00000)]
  0x000002bb79e8a800 JavaThread "File lock request listener" [_thread_in_native, id=12724, stack(0x000000dd26c00000,0x000000dd26d00000)]
  0x000002bb79e8d000 JavaThread "Cache worker for file hash cache (C:\Users\Tom\.gradle\caches\7.3.3\fileHashes)" [_thread_blocked, id=3512, stack(0x000000dd26d00000,0x000000dd26e00000)]
  0x000002bb79e8b000 JavaThread "Cache worker for file hash cache (C:\Users\Tom\Documents\Programmation\React Native\projectRNcli\android\.gradle\7.3.3\fileHashes)" [_thread_blocked, id=2660, stack(0x000000dd26e00000,0x000000dd26f00000)]
  0x000002bb79e8c000 JavaThread "File watcher server" daemon [_thread_in_native, id=5916, stack(0x000000dd26f00000,0x000000dd27000000)]
  0x000002bb79e8d800 JavaThread "File watcher consumer" daemon [_thread_blocked, id=11992, stack(0x000000dd27000000,0x000000dd27100000)]
  0x000002bb79e88800 JavaThread "Cache worker for checksums cache (C:\Users\Tom\Documents\Programmation\React Native\projectRNcli\android\.gradle\7.3.3\checksums)" [_thread_blocked, id=11924, stack(0x000000dd27100000,0x000000dd27200000)]
  0x000002bb79e89800 JavaThread "Cache worker for cache directory md-supplier (C:\Users\Tom\.gradle\caches\7.3.3\md-supplier)" [_thread_blocked, id=11164, stack(0x000000dd27200000,0x000000dd27300000)]
  0x000002bb79e88000 JavaThread "Cache worker for cache directory md-rule (C:\Users\Tom\.gradle\caches\7.3.3\md-rule)" [_thread_blocked, id=10768, stack(0x000000dd27400000,0x000000dd27500000)]
  0x000002bb7ae99800 JavaThread "Cache worker for execution history cache (C:\Users\Tom\.gradle\caches\7.3.3\executionHistory)" [_thread_blocked, id=11784, stack(0x000000dd27500000,0x000000dd27600000)]
  0x000002bb7ae9b800 JavaThread "jar transforms" [_thread_blocked, id=7544, stack(0x000000dd27600000,0x000000dd27700000)]
  0x000002bb7ae97800 JavaThread "jar transforms Thread 2" [_thread_blocked, id=4916, stack(0x000000dd27700000,0x000000dd27800000)]
  0x000002bb7ae9c000 JavaThread "Cache worker for file content cache (C:\Users\Tom\.gradle\caches\7.3.3\fileContent)" [_thread_blocked, id=5308, stack(0x000000dd27800000,0x000000dd27900000)]
  0x000002bb7ae98000 JavaThread "jar transforms Thread 3" [_thread_blocked, id=11780, stack(0x000000dd27900000,0x000000dd27a00000)]
  0x000002bb7aea0000 JavaThread "jar transforms Thread 4" [_thread_blocked, id=1860, stack(0x000000dd27a00000,0x000000dd27b00000)]
  0x000002bb7aea4800 JavaThread "Cache worker for kotlin-dsl (C:\Users\Tom\.gradle\caches\7.3.3\kotlin-dsl)" [_thread_blocked, id=364, stack(0x000000dd27b00000,0x000000dd27c00000)]
  0x000002bb7aea2000 JavaThread "Cache worker for dependencies-accessors (C:\Users\Tom\Documents\Programmation\React Native\projectRNcli\android\.gradle\7.3.3\dependencies-accessors)" [_thread_blocked, id=12992, stack(0x000000dd27c00000,0x000000dd27d00000)]
  0x000002bb7aea1000 JavaThread "Cache worker for Build Output Cleanup Cache (C:\Users\Tom\Documents\Programmation\React Native\projectRNcli\node_modules\react-native-gradle-plugin\.gradle\buildOutputCleanup)" [_thread_blocked, id=3316, stack(0x000000dd27d00000,0x000000dd27e00000)]
  0x000002bb7aea3800 JavaThread "Unconstrained build operations" [_thread_blocked, id=2888, stack(0x000000dd27e00000,0x000000dd27f00000)]
  0x000002bb7ae9e800 JavaThread "Unconstrained build operations Thread 2" [_thread_blocked, id=7520, stack(0x000000dd27f00000,0x000000dd28000000)]
  0x000002bb7aea2800 JavaThread "Unconstrained build operations Thread 3" [_thread_blocked, id=6752, stack(0x000000dd28000000,0x000000dd28100000)]
  0x000002bb7aea5000 JavaThread "Unconstrained build operations Thread 4" [_thread_blocked, id=5384, stack(0x000000dd28100000,0x000000dd28200000)]
  0x000002bb7ae9f800 JavaThread "Unconstrained build operations Thread 5" [_thread_blocked, id=11284, stack(0x000000dd28200000,0x000000dd28300000)]
  0x000002bb7aea6000 JavaThread "Unconstrained build operations Thread 6" [_thread_blocked, id=11600, stack(0x000000dd28300000,0x000000dd28400000)]
  0x000002bb002a3000 JavaThread "Unconstrained build operations Thread 7" [_thread_blocked, id=10168, stack(0x000000dd28400000,0x000000dd28500000)]
  0x000002bb002a2800 JavaThread "Unconstrained build operations Thread 8" [_thread_blocked, id=8708, stack(0x000000dd28500000,0x000000dd28600000)]
  0x000002bb002a4000 JavaThread "Unconstrained build operations Thread 9" [_thread_blocked, id=11700, stack(0x000000dd28600000,0x000000dd28700000)]
  0x000002bb002a1800 JavaThread "Unconstrained build operations Thread 10" [_thread_blocked, id=12276, stack(0x000000dd28700000,0x000000dd28800000)]
  0x000002bb002a0000 JavaThread "Unconstrained build operations Thread 11" [_thread_blocked, id=7028, stack(0x000000dd28800000,0x000000dd28900000)]
  0x000002bb002a5800 JavaThread "Unconstrained build operations Thread 12" [_thread_blocked, id=6140, stack(0x000000dd28900000,0x000000dd28a00000)]
  0x000002bb002a1000 JavaThread "Unconstrained build operations Thread 13" [_thread_blocked, id=8648, stack(0x000000dd28a00000,0x000000dd28b00000)]
  0x000002bb002a8000 JavaThread "Unconstrained build operations Thread 14" [_thread_blocked, id=10028, stack(0x000000dd28b00000,0x000000dd28c00000)]
  0x000002bb002a5000 JavaThread "Unconstrained build operations Thread 15" [_thread_blocked, id=9556, stack(0x000000dd28c00000,0x000000dd28d00000)]
  0x000002bb002a9000 JavaThread "Unconstrained build operations Thread 16" [_thread_blocked, id=6156, stack(0x000000dd28d00000,0x000000dd28e00000)]
  0x000002bb002aa000 JavaThread "Unconstrained build operations Thread 17" [_thread_blocked, id=10916, stack(0x000000dd28e00000,0x000000dd28f00000)]
  0x000002bb002aa800 JavaThread "Unconstrained build operations Thread 18" [_thread_blocked, id=11768, stack(0x000000dd28f00000,0x000000dd29000000)]
  0x000002bb002ab800 JavaThread "Unconstrained build operations Thread 19" [_thread_blocked, id=688, stack(0x000000dd29000000,0x000000dd29100000)]
  0x000002bb002ac000 JavaThread "Unconstrained build operations Thread 20" [_thread_blocked, id=4660, stack(0x000000dd29100000,0x000000dd29200000)]
  0x000002bb002a6800 JavaThread "Unconstrained build operations Thread 21" [_thread_blocked, id=13300, stack(0x000000dd29200000,0x000000dd29300000)]
  0x000002bb002ad000 JavaThread "Unconstrained build operations Thread 22" [_thread_blocked, id=12672, stack(0x000000dd29300000,0x000000dd29400000)]
  0x000002bb002a7800 JavaThread "Unconstrained build operations Thread 23" [_thread_blocked, id=7496, stack(0x000000dd29400000,0x000000dd29500000)]
  0x000002bb002ae800 JavaThread "Unconstrained build operations Thread 24" [_thread_blocked, id=11144, stack(0x000000dd29500000,0x000000dd29600000)]
  0x000002bb002ae000 JavaThread "Unconstrained build operations Thread 25" [_thread_blocked, id=9196, stack(0x000000dd29600000,0x000000dd29700000)]
  0x000002bb0043e800 JavaThread "Unconstrained build operations Thread 26" [_thread_blocked, id=13012, stack(0x000000dd29700000,0x000000dd29800000)]
  0x000002bb0043f000 JavaThread "Unconstrained build operations Thread 27" [_thread_blocked, id=12844, stack(0x000000dd29800000,0x000000dd29900000)]
  0x000002bb0043c000 JavaThread "Unconstrained build operations Thread 28" [_thread_blocked, id=13196, stack(0x000000dd29900000,0x000000dd29a00000)]
  0x000002bb0043c800 JavaThread "Unconstrained build operations Thread 29" [_thread_blocked, id=728, stack(0x000000dd29a00000,0x000000dd29b00000)]
  0x000002bb00440800 JavaThread "Unconstrained build operations Thread 30" [_thread_blocked, id=2860, stack(0x000000dd29b00000,0x000000dd29c00000)]
  0x000002bb00440000 JavaThread "Unconstrained build operations Thread 31" [_thread_blocked, id=12040, stack(0x000000dd29c00000,0x000000dd29d00000)]
  0x000002bb00442800 JavaThread "Unconstrained build operations Thread 32" [_thread_blocked, id=3488, stack(0x000000dd29d00000,0x000000dd29e00000)]
  0x000002bb0043d800 JavaThread "Unconstrained build operations Thread 33" [_thread_blocked, id=3476, stack(0x000000dd29e00000,0x000000dd29f00000)]
  0x000002bb00441800 JavaThread "build event listener" [_thread_blocked, id=10840, stack(0x000000dd29f00000,0x000000dd2a000000)]
  0x000002bb7d1dd800 JavaThread "Memory manager" [_thread_blocked, id=11236, stack(0x000000dd2a000000,0x000000dd2a100000)]
  0x000002bb7d1e0000 JavaThread "Cache worker for Build Output Cleanup Cache (C:\Users\Tom\Documents\Programmation\React Native\projectRNcli\android\.gradle\buildOutputCleanup)" [_thread_blocked, id=5360, stack(0x000000dd27300000,0x000000dd27400000)]
  0x000002bb7d1db000 JavaThread "included builds" [_thread_blocked, id=3768, stack(0x000000dd2a200000,0x000000dd2a300000)]
  0x000002bb7d1e0800 JavaThread "Cache worker for execution history cache (C:\Users\Tom\Documents\Programmation\React Native\projectRNcli\node_modules\react-native-gradle-plugin\.gradle\7.3.3\executionHistory)" [_thread_blocked, id=6344, stack(0x000000dd2a600000,0x000000dd2a700000)]
  0x000002bb7d1dc800 JavaThread "Unconstrained build operations Thread 34" [_thread_blocked, id=8060, stack(0x000000dd2a700000,0x000000dd2a800000)]
  0x000002bb7d1df000 JavaThread "Unconstrained build operations Thread 35" [_thread_blocked, id=2760, stack(0x000000dd2a800000,0x000000dd2a900000)]
  0x000002bb7d253000 JavaThread "Unconstrained build operations Thread 36" [_thread_blocked, id=8176, stack(0x000000dd2a900000,0x000000dd2aa00000)]
  0x000002bb7d257000 JavaThread "Unconstrained build operations Thread 37" [_thread_blocked, id=10656, stack(0x000000dd2aa00000,0x000000dd2ab00000)]
  0x000002bb7d254800 JavaThread "Unconstrained build operations Thread 38" [_thread_blocked, id=9536, stack(0x000000dd2ab00000,0x000000dd2ac00000)]
  0x000002bb7d253800 JavaThread "Unconstrained build operations Thread 39" [_thread_blocked, id=2136, stack(0x000000dd2ac00000,0x000000dd2ad00000)]
  0x000002bb7d255800 JavaThread "Unconstrained build operations Thread 40" [_thread_blocked, id=7916, stack(0x000000dd2ad00000,0x000000dd2ae00000)]
  0x000002bb7d258000 JavaThread "Execution worker for ':'" [_thread_blocked, id=8012, stack(0x000000dd2a500000,0x000000dd2a600000)]
  0x000002bb7d252000 JavaThread "Execution worker for ':' Thread 2" [_thread_blocked, id=5688, stack(0x000000dd2ae00000,0x000000dd2af00000)]
  0x000002bb7d25a800 JavaThread "Execution worker for ':' Thread 3" [_thread_in_native, id=2620, stack(0x000000dd2af00000,0x000000dd2b000000)]
  0x000002bb7d25b000 JavaThread "Cache worker for execution history cache (C:\Users\Tom\Documents\Programmation\React Native\projectRNcli\android\.gradle\7.3.3\executionHistory)" [_thread_blocked, id=7816, stack(0x000000dd2b000000,0x000000dd2b100000)]
  0x000002bb7d25c000 JavaThread "Monitor" [_thread_in_native, id=12328, stack(0x000000dd24a00000,0x000000dd24b00000)]
  0x000002bb7d25c800 JavaThread "JdwpProxyConnection" [_thread_in_native, id=8800, stack(0x000000dd24b00000,0x000000dd24c00000)]
  0x000002bb7d25d800 JavaThread "Device List Monitor" [_thread_in_native, id=8480, stack(0x000000dd25500000,0x000000dd25600000)]

Other Threads:
  0x000002bb76a49800 VMThread "VM Thread" [stack: 0x000000dd25200000,0x000000dd25300000] [id=2796]
  0x000002bb7753e000 WatcherThread [stack: 0x000000dd25d00000,0x000000dd25e00000] [id=10740]
  0x000002bb562e8000 GCTaskThread "GC Thread#0" [stack: 0x000000dd24d00000,0x000000dd24e00000] [id=12600]
  0x000002bb77878000 GCTaskThread "GC Thread#1" [stack: 0x000000dd25f00000,0x000000dd26000000] [id=5404]
  0x000002bb77e00000 GCTaskThread "GC Thread#2" [stack: 0x000000dd26000000,0x000000dd26100000] [id=4340]
  0x000002bb79568000 GCTaskThread "GC Thread#3" [stack: 0x000000dd26a00000,0x000000dd26b00000] [id=12864]
  0x000002bb56319800 ConcurrentGCThread "G1 Main Marker" [stack: 0x000000dd24e00000,0x000000dd24f00000] [id=8944]
  0x000002bb5631b000 ConcurrentGCThread "G1 Conc#0" [stack: 0x000000dd24f00000,0x000000dd25000000] [id=2748]
  0x000002bb563a9000 ConcurrentGCThread "G1 Refine#0" [stack: 0x000000dd25000000,0x000000dd25100000] [id=5572]
  0x000002bb563aa000 ConcurrentGCThread "G1 Young RemSet Sampling" [stack: 0x000000dd25100000,0x000000dd25200000] [id=3572]

Threads with active compile tasks:
C2 CompilerThread0    69216 12214       4       java.lang.reflect.AccessibleObject::verifyAccess (84 bytes)

VM state:not at safepoint (normal execution)

VM Mutex/Monitor currently owned by a thread: None

Heap address: 0x0000000080000000, size: 2048 MB, Compressed Oops mode: 32-bit
Narrow klass base: 0x0000000000000000, Narrow klass shift: 3
Compressed class space size: 528482304 Address: 0x0000000100000000

Heap:
 garbage-first heap   total 157696K, used 120278K [0x0000000080000000, 0x0000000100000000)
  region size 1024K, 29 young (29696K), 5 survivors (5120K)
 Metaspace       used 98664K, capacity 101477K, committed 101640K, reserved 604160K
  class space    used 12644K, capacity 13739K, committed 13824K, reserved 516096K
Heap Regions: E=young(eden), S=young(survivor), O=old, HS=humongous(starts), HC=humongous(continues), CS=collection set, F=free, A=archive, TAMS=top-at-mark-start (previous, next)
|   0|0x0000000080000000, 0x0000000080100000, 0x0000000080100000|100%| O|  |TAMS 0x0000000080100000, 0x0000000080000000| Untracked 
|   1|0x0000000080100000, 0x0000000080200000, 0x0000000080200000|100%| O|  |TAMS 0x0000000080200000, 0x0000000080100000| Untracked 
|   2|0x0000000080200000, 0x0000000080300000, 0x0000000080300000|100%| O|  |TAMS 0x0000000080300000, 0x0000000080200000| Untracked 
|   3|0x0000000080300000, 0x0000000080400000, 0x0000000080400000|100%|HS|  |TAMS 0x0000000080400000, 0x0000000080300000| Complete 
|   4|0x0000000080400000, 0x0000000080500000, 0x0000000080500000|100%|HC|  |TAMS 0x0000000080500000, 0x0000000080400000| Complete 
|   5|0x0000000080500000, 0x0000000080600000, 0x0000000080600000|100%|HC|  |TAMS 0x0000000080600000, 0x0000000080500000| Complete 
|   6|0x0000000080600000, 0x0000000080700000, 0x0000000080700000|100%| O|  |TAMS 0x0000000080700000, 0x0000000080600000| Untracked 
|   7|0x0000000080700000, 0x0000000080800000, 0x0000000080800000|100%| O|  |TAMS 0x0000000080800000, 0x0000000080700000| Untracked 
|   8|0x0000000080800000, 0x0000000080900000, 0x0000000080900000|100%| O|  |TAMS 0x0000000080900000, 0x0000000080800000| Untracked 
|   9|0x0000000080900000, 0x0000000080a00000, 0x0000000080a00000|100%| O|  |TAMS 0x0000000080a00000, 0x0000000080900000| Untracked 
|  10|0x0000000080a00000, 0x0000000080b00000, 0x0000000080b00000|100%| O|  |TAMS 0x0000000080b00000, 0x0000000080a00000| Untracked 
|  11|0x0000000080b00000, 0x0000000080c00000, 0x0000000080c00000|100%| O|  |TAMS 0x0000000080c00000, 0x0000000080b00000| Untracked 
|  12|0x0000000080c00000, 0x0000000080d00000, 0x0000000080d00000|100%| O|  |TAMS 0x0000000080d00000, 0x0000000080c00000| Untracked 
|  13|0x0000000080d00000, 0x0000000080e00000, 0x0000000080e00000|100%| O|  |TAMS 0x0000000080e00000, 0x0000000080d00000| Untracked 
|  14|0x0000000080e00000, 0x0000000080f00000, 0x0000000080f00000|100%| O|  |TAMS 0x0000000080f00000, 0x0000000080e00000| Untracked 
|  15|0x0000000080f00000, 0x0000000081000000, 0x0000000081000000|100%| O|  |TAMS 0x0000000081000000, 0x0000000080f00000| Untracked 
|  16|0x0000000081000000, 0x0000000081100000, 0x0000000081100000|100%|HS|  |TAMS 0x0000000081100000, 0x0000000081000000| Complete 
|  17|0x0000000081100000, 0x0000000081200000, 0x0000000081200000|100%| O|  |TAMS 0x0000000081200000, 0x0000000081100000| Untracked 
|  18|0x0000000081200000, 0x0000000081300000, 0x0000000081300000|100%| O|  |TAMS 0x0000000081300000, 0x0000000081200000| Untracked 
|  19|0x0000000081300000, 0x0000000081400000, 0x0000000081400000|100%| O|  |TAMS 0x0000000081400000, 0x0000000081300000| Untracked 
|  20|0x0000000081400000, 0x0000000081500000, 0x0000000081500000|100%| O|  |TAMS 0x0000000081500000, 0x0000000081400000| Untracked 
|  21|0x0000000081500000, 0x0000000081600000, 0x0000000081600000|100%| O|  |TAMS 0x0000000081600000, 0x0000000081500000| Untracked 
|  22|0x0000000081600000, 0x0000000081700000, 0x0000000081700000|100%| O|  |TAMS 0x0000000081700000, 0x0000000081600000| Untracked 
|  23|0x0000000081700000, 0x0000000081800000, 0x0000000081800000|100%| O|  |TAMS 0x0000000081800000, 0x0000000081700000| Untracked 
|  24|0x0000000081800000, 0x0000000081900000, 0x0000000081900000|100%| O|  |TAMS 0x0000000081900000, 0x0000000081800000| Untracked 
|  25|0x0000000081900000, 0x0000000081a00000, 0x0000000081a00000|100%| O|  |TAMS 0x0000000081a00000, 0x0000000081900000| Untracked 
|  26|0x0000000081a00000, 0x0000000081b00000, 0x0000000081b00000|100%| O|  |TAMS 0x0000000081b00000, 0x0000000081a00000| Untracked 
|  27|0x0000000081b00000, 0x0000000081c00000, 0x0000000081c00000|100%| O|  |TAMS 0x0000000081c00000, 0x0000000081b00000| Untracked 
|  28|0x0000000081c00000, 0x0000000081d00000, 0x0000000081d00000|100%|HS|  |TAMS 0x0000000081d00000, 0x0000000081c00000| Complete 
|  29|0x0000000081d00000, 0x0000000081e00000, 0x0000000081e00000|100%|HC|  |TAMS 0x0000000081e00000, 0x0000000081d00000| Complete 
|  30|0x0000000081e00000, 0x0000000081f00000, 0x0000000081f00000|100%|HC|  |TAMS 0x0000000081f00000, 0x0000000081e00000| Complete 
|  31|0x0000000081f00000, 0x0000000082000000, 0x0000000082000000|100%| O|  |TAMS 0x0000000082000000, 0x0000000081f00000| Untracked 
|  32|0x0000000082000000, 0x0000000082100000, 0x0000000082100000|100%| O|  |TAMS 0x0000000082100000, 0x0000000082000000| Untracked 
|  33|0x0000000082100000, 0x0000000082200000, 0x0000000082200000|100%| O|  |TAMS 0x0000000082200000, 0x0000000082100000| Untracked 
|  34|0x0000000082200000, 0x0000000082300000, 0x0000000082300000|100%| O|  |TAMS 0x0000000082300000, 0x0000000082200000| Untracked 
|  35|0x0000000082300000, 0x0000000082400000, 0x0000000082400000|100%| O|  |TAMS 0x0000000082400000, 0x0000000082300000| Untracked 
|  36|0x0000000082400000, 0x0000000082500000, 0x0000000082500000|100%| O|  |TAMS 0x0000000082500000, 0x0000000082400000| Untracked 
|  37|0x0000000082500000, 0x0000000082600000, 0x0000000082600000|100%| O|  |TAMS 0x0000000082600000, 0x0000000082500000| Untracked 
|  38|0x0000000082600000, 0x0000000082700000, 0x0000000082700000|100%| O|  |TAMS 0x0000000082700000, 0x0000000082600000| Untracked 
|  39|0x0000000082700000, 0x0000000082800000, 0x0000000082800000|100%| O|  |TAMS 0x0000000082800000, 0x0000000082700000| Untracked 
|  40|0x0000000082800000, 0x0000000082900000, 0x0000000082900000|100%|HS|  |TAMS 0x0000000082900000, 0x0000000082800000| Complete 
|  41|0x0000000082900000, 0x0000000082a00000, 0x0000000082a00000|100%|HS|  |TAMS 0x0000000082a00000, 0x0000000082900000| Complete 
|  42|0x0000000082a00000, 0x0000000082b00000, 0x0000000082b00000|100%|HS|  |TAMS 0x0000000082b00000, 0x0000000082a00000| Complete 
|  43|0x0000000082b00000, 0x0000000082c00000, 0x0000000082c00000|100%|HC|  |TAMS 0x0000000082c00000, 0x0000000082b00000| Complete 
|  44|0x0000000082c00000, 0x0000000082d00000, 0x0000000082d00000|100%| O|  |TAMS 0x0000000082d00000, 0x0000000082c00000| Untracked 
|  45|0x0000000082d00000, 0x0000000082e00000, 0x0000000082e00000|100%| O|  |TAMS 0x0000000082e00000, 0x0000000082d00000| Untracked 
|  46|0x0000000082e00000, 0x0000000082f00000, 0x0000000082f00000|100%| O|  |TAMS 0x0000000082f00000, 0x0000000082e00000| Untracked 
|  47|0x0000000082f00000, 0x0000000083000000, 0x0000000083000000|100%| O|  |TAMS 0x0000000083000000, 0x0000000082f00000| Untracked 
|  48|0x0000000083000000, 0x0000000083100000, 0x0000000083100000|100%| O|  |TAMS 0x0000000083100000, 0x0000000083000000| Untracked 
|  49|0x0000000083100000, 0x0000000083200000, 0x0000000083200000|100%| O|  |TAMS 0x0000000083200000, 0x0000000083100000| Untracked 
|  50|0x0000000083200000, 0x0000000083300000, 0x0000000083300000|100%| O|  |TAMS 0x0000000083300000, 0x0000000083200000| Untracked 
|  51|0x0000000083300000, 0x0000000083400000, 0x0000000083400000|100%| O|  |TAMS 0x0000000083400000, 0x0000000083300000| Untracked 
|  52|0x0000000083400000, 0x0000000083500000, 0x0000000083500000|100%| O|  |TAMS 0x0000000083500000, 0x0000000083400000| Untracked 
|  53|0x0000000083500000, 0x0000000083600000, 0x0000000083600000|100%| O|  |TAMS 0x0000000083600000, 0x0000000083500000| Untracked 
|  54|0x0000000083600000, 0x0000000083700000, 0x0000000083700000|100%| O|  |TAMS 0x0000000083700000, 0x0000000083600000| Untracked 
|  55|0x0000000083700000, 0x0000000083800000, 0x0000000083800000|100%| O|  |TAMS 0x0000000083800000, 0x0000000083700000| Untracked 
|  56|0x0000000083800000, 0x0000000083900000, 0x0000000083900000|100%| O|  |TAMS 0x0000000083900000, 0x0000000083800000| Untracked 
|  57|0x0000000083900000, 0x0000000083a00000, 0x0000000083a00000|100%| O|  |TAMS 0x0000000083a00000, 0x0000000083900000| Untracked 
|  58|0x0000000083a00000, 0x0000000083b00000, 0x0000000083b00000|100%| O|  |TAMS 0x0000000083b00000, 0x0000000083a00000| Untracked 
|  59|0x0000000083b00000, 0x0000000083c00000, 0x0000000083c00000|100%| O|  |TAMS 0x0000000083c00000, 0x0000000083b00000| Untracked 
|  60|0x0000000083c00000, 0x0000000083d00000, 0x0000000083d00000|100%| O|  |TAMS 0x0000000083d00000, 0x0000000083c00000| Untracked 
|  61|0x0000000083d00000, 0x0000000083e00000, 0x0000000083e00000|100%| O|  |TAMS 0x0000000083e00000, 0x0000000083d00000| Untracked 
|  62|0x0000000083e00000, 0x0000000083f00000, 0x0000000083f00000|100%| O|  |TAMS 0x0000000083f00000, 0x0000000083e00000| Untracked 
|  63|0x0000000083f00000, 0x0000000084000000, 0x0000000084000000|100%| O|  |TAMS 0x0000000084000000, 0x0000000083f00000| Untracked 
|  64|0x0000000084000000, 0x0000000084100000, 0x0000000084100000|100%| O|  |TAMS 0x0000000084100000, 0x0000000084000000| Untracked 
|  65|0x0000000084100000, 0x0000000084200000, 0x0000000084200000|100%| O|  |TAMS 0x0000000084200000, 0x0000000084100000| Untracked 
|  66|0x0000000084200000, 0x0000000084300000, 0x0000000084300000|100%| O|  |TAMS 0x0000000084300000, 0x0000000084200000| Untracked 
|  67|0x0000000084300000, 0x0000000084400000, 0x0000000084400000|100%| O|  |TAMS 0x0000000084400000, 0x0000000084300000| Untracked 
|  68|0x0000000084400000, 0x0000000084500000, 0x0000000084500000|100%| O|  |TAMS 0x0000000084500000, 0x0000000084400000| Untracked 
|  69|0x0000000084500000, 0x0000000084600000, 0x0000000084600000|100%| O|  |TAMS 0x0000000084600000, 0x0000000084500000| Untracked 
|  70|0x0000000084600000, 0x0000000084700000, 0x0000000084700000|100%| O|  |TAMS 0x0000000084700000, 0x0000000084600000| Untracked 
|  71|0x0000000084700000, 0x0000000084800000, 0x0000000084800000|100%| O|  |TAMS 0x0000000084800000, 0x0000000084700000| Untracked 
|  72|0x0000000084800000, 0x0000000084900000, 0x0000000084900000|100%| O|  |TAMS 0x0000000084900000, 0x0000000084800000| Untracked 
|  73|0x0000000084900000, 0x0000000084a00000, 0x0000000084a00000|100%| O|  |TAMS 0x0000000084a00000, 0x0000000084900000| Untracked 
|  74|0x0000000084a00000, 0x0000000084b00000, 0x0000000084b00000|100%| O|  |TAMS 0x0000000084b00000, 0x0000000084a00000| Untracked 
|  75|0x0000000084b00000, 0x0000000084c00000, 0x0000000084c00000|100%| O|  |TAMS 0x0000000084c00000, 0x0000000084b00000| Untracked 
|  76|0x0000000084c00000, 0x0000000084d00000, 0x0000000084d00000|100%| O|  |TAMS 0x0000000084d00000, 0x0000000084c00000| Untracked 
|  77|0x0000000084d00000, 0x0000000084e00000, 0x0000000084e00000|100%| O|  |TAMS 0x0000000084e00000, 0x0000000084d00000| Untracked 
|  78|0x0000000084e00000, 0x0000000084f00000, 0x0000000084f00000|100%| O|  |TAMS 0x0000000084f00000, 0x0000000084e00000| Untracked 
|  79|0x0000000084f00000, 0x0000000085000000, 0x0000000085000000|100%| O|  |TAMS 0x0000000085000000, 0x0000000084f00000| Untracked 
|  80|0x0000000085000000, 0x0000000085100000, 0x0000000085100000|100%| O|  |TAMS 0x0000000085100000, 0x0000000085000000| Untracked 
|  81|0x0000000085100000, 0x0000000085200000, 0x0000000085200000|100%| O|  |TAMS 0x0000000085200000, 0x0000000085100000| Untracked 
|  82|0x0000000085200000, 0x0000000085300000, 0x0000000085300000|100%| O|  |TAMS 0x0000000085300000, 0x0000000085200000| Untracked 
|  83|0x0000000085300000, 0x0000000085400000, 0x0000000085400000|100%| O|  |TAMS 0x0000000085400000, 0x0000000085300000| Untracked 
|  84|0x0000000085400000, 0x0000000085500000, 0x0000000085500000|100%| O|  |TAMS 0x0000000085500000, 0x0000000085400000| Untracked 
|  85|0x0000000085500000, 0x0000000085600000, 0x0000000085600000|100%| O|  |TAMS 0x0000000085600000, 0x0000000085500000| Untracked 
|  86|0x0000000085600000, 0x0000000085700000, 0x0000000085700000|100%| O|  |TAMS 0x0000000085700000, 0x0000000085600000| Untracked 
|  87|0x0000000085700000, 0x0000000085800000, 0x0000000085800000|100%| O|  |TAMS 0x0000000085793e00, 0x0000000085700000| Untracked 
|  88|0x0000000085800000, 0x0000000085900000, 0x0000000085900000|100%| O|  |TAMS 0x0000000085800000, 0x0000000085800000| Untracked 
|  89|0x0000000085900000, 0x0000000085a00000, 0x0000000085a00000|100%| O|  |TAMS 0x0000000085900000, 0x0000000085900000| Untracked 
|  90|0x0000000085a00000, 0x0000000085ab1a00, 0x0000000085b00000| 69%| O|  |TAMS 0x0000000085a00000, 0x0000000085a00000| Untracked 
|  91|0x0000000085b00000, 0x0000000085b00000, 0x0000000085c00000|  0%| F|  |TAMS 0x0000000085b00000, 0x0000000085b00000| Untracked 
|  92|0x0000000085c00000, 0x0000000085c00000, 0x0000000085d00000|  0%| F|  |TAMS 0x0000000085c00000, 0x0000000085c00000| Untracked 
|  93|0x0000000085d00000, 0x0000000085d00000, 0x0000000085e00000|  0%| F|  |TAMS 0x0000000085d00000, 0x0000000085d00000| Untracked 
|  94|0x0000000085e00000, 0x0000000085e00000, 0x0000000085f00000|  0%| F|  |TAMS 0x0000000085e00000, 0x0000000085e00000| Untracked 
|  95|0x0000000085f00000, 0x0000000085f00000, 0x0000000086000000|  0%| F|  |TAMS 0x0000000085f00000, 0x0000000085f00000| Untracked 
|  96|0x0000000086000000, 0x0000000086000000, 0x0000000086100000|  0%| F|  |TAMS 0x0000000086000000, 0x0000000086000000| Untracked 
|  97|0x0000000086100000, 0x0000000086100000, 0x0000000086200000|  0%| F|  |TAMS 0x0000000086100000, 0x0000000086100000| Untracked 
|  98|0x0000000086200000, 0x0000000086200000, 0x0000000086300000|  0%| F|  |TAMS 0x0000000086200000, 0x0000000086200000| Untracked 
|  99|0x0000000086300000, 0x0000000086300000, 0x0000000086400000|  0%| F|  |TAMS 0x0000000086300000, 0x0000000086300000| Untracked 
| 100|0x0000000086400000, 0x0000000086400000, 0x0000000086500000|  0%| F|  |TAMS 0x0000000086400000, 0x0000000086400000| Untracked 
| 101|0x0000000086500000, 0x0000000086500000, 0x0000000086600000|  0%| F|  |TAMS 0x0000000086500000, 0x0000000086500000| Untracked 
| 102|0x0000000086600000, 0x0000000086600000, 0x0000000086700000|  0%| F|  |TAMS 0x0000000086600000, 0x0000000086600000| Untracked 
| 103|0x0000000086700000, 0x0000000086700000, 0x0000000086800000|  0%| F|  |TAMS 0x0000000086700000, 0x0000000086700000| Untracked 
| 104|0x0000000086800000, 0x0000000086800000, 0x0000000086900000|  0%| F|  |TAMS 0x0000000086800000, 0x0000000086800000| Untracked 
| 105|0x0000000086900000, 0x0000000086900000, 0x0000000086a00000|  0%| F|  |TAMS 0x0000000086900000, 0x0000000086900000| Untracked 
| 106|0x0000000086a00000, 0x0000000086a00000, 0x0000000086b00000|  0%| F|  |TAMS 0x0000000086a00000, 0x0000000086a00000| Untracked 
| 107|0x0000000086b00000, 0x0000000086b00000, 0x0000000086c00000|  0%| F|  |TAMS 0x0000000086b00000, 0x0000000086b00000| Untracked 
| 108|0x0000000086c00000, 0x0000000086c00000, 0x0000000086d00000|  0%| F|  |TAMS 0x0000000086c00000, 0x0000000086c00000| Untracked 
| 109|0x0000000086d00000, 0x0000000086d00000, 0x0000000086e00000|  0%| F|  |TAMS 0x0000000086d00000, 0x0000000086d00000| Untracked 
| 110|0x0000000086e00000, 0x0000000086ec3f60, 0x0000000086f00000| 76%| S|CS|TAMS 0x0000000086e00000, 0x0000000086e00000| Complete 
| 111|0x0000000086f00000, 0x0000000087000000, 0x0000000087000000|100%| S|CS|TAMS 0x0000000086f00000, 0x0000000086f00000| Complete 
| 112|0x0000000087000000, 0x0000000087100000, 0x0000000087100000|100%| S|CS|TAMS 0x0000000087000000, 0x0000000087000000| Complete 
| 113|0x0000000087100000, 0x0000000087100000, 0x0000000087200000|  0%| F|  |TAMS 0x0000000087100000, 0x0000000087100000| Untracked 
| 114|0x0000000087200000, 0x0000000087200000, 0x0000000087300000|  0%| F|  |TAMS 0x0000000087200000, 0x0000000087200000| Untracked 
| 115|0x0000000087300000, 0x0000000087400000, 0x0000000087400000|100%| S|CS|TAMS 0x0000000087300000, 0x0000000087300000| Complete 
| 116|0x0000000087400000, 0x0000000087500000, 0x0000000087500000|100%| S|CS|TAMS 0x0000000087400000, 0x0000000087400000| Complete 
| 117|0x0000000087500000, 0x0000000087500000, 0x0000000087600000|  0%| F|  |TAMS 0x0000000087500000, 0x0000000087500000| Untracked 
| 118|0x0000000087600000, 0x0000000087600000, 0x0000000087700000|  0%| F|  |TAMS 0x0000000087600000, 0x0000000087600000| Untracked 
| 119|0x0000000087700000, 0x0000000087700000, 0x0000000087800000|  0%| F|  |TAMS 0x0000000087700000, 0x0000000087700000| Untracked 
| 120|0x0000000087800000, 0x0000000087800000, 0x0000000087900000|  0%| F|  |TAMS 0x0000000087800000, 0x0000000087800000| Untracked 
| 121|0x0000000087900000, 0x0000000087900000, 0x0000000087a00000|  0%| F|  |TAMS 0x0000000087900000, 0x0000000087900000| Untracked 
| 122|0x0000000087a00000, 0x0000000087a00000, 0x0000000087b00000|  0%| F|  |TAMS 0x0000000087a00000, 0x0000000087a00000| Untracked 
| 123|0x0000000087b00000, 0x0000000087b00000, 0x0000000087c00000|  0%| F|  |TAMS 0x0000000087b00000, 0x0000000087b00000| Untracked 
| 124|0x0000000087c00000, 0x0000000087c00000, 0x0000000087d00000|  0%| F|  |TAMS 0x0000000087c00000, 0x0000000087c00000| Untracked 
| 125|0x0000000087d00000, 0x0000000087d00000, 0x0000000087e00000|  0%| F|  |TAMS 0x0000000087d00000, 0x0000000087d00000| Untracked 
| 126|0x0000000087e00000, 0x0000000087e00000, 0x0000000087f00000|  0%| F|  |TAMS 0x0000000087e00000, 0x0000000087e00000| Untracked 
| 127|0x0000000087f00000, 0x0000000087f00000, 0x0000000088000000|  0%| F|  |TAMS 0x0000000087f00000, 0x0000000087f00000| Untracked 
| 128|0x0000000088000000, 0x0000000088000000, 0x0000000088100000|  0%| F|  |TAMS 0x0000000088000000, 0x0000000088000000| Untracked 
| 129|0x0000000088100000, 0x0000000088100000, 0x0000000088200000|  0%| F|  |TAMS 0x0000000088100000, 0x0000000088100000| Untracked 
| 130|0x0000000088200000, 0x00000000882d6b08, 0x0000000088300000| 83%| E|  |TAMS 0x0000000088200000, 0x0000000088200000| Complete 
| 131|0x0000000088300000, 0x0000000088400000, 0x0000000088400000|100%| E|CS|TAMS 0x0000000088300000, 0x0000000088300000| Complete 
| 132|0x0000000088400000, 0x0000000088500000, 0x0000000088500000|100%| E|CS|TAMS 0x0000000088400000, 0x0000000088400000| Complete 
| 133|0x0000000088500000, 0x0000000088600000, 0x0000000088600000|100%| E|CS|TAMS 0x0000000088500000, 0x0000000088500000| Complete 
| 134|0x0000000088600000, 0x0000000088700000, 0x0000000088700000|100%| E|CS|TAMS 0x0000000088600000, 0x0000000088600000| Complete 
| 135|0x0000000088700000, 0x0000000088800000, 0x0000000088800000|100%| E|CS|TAMS 0x0000000088700000, 0x0000000088700000| Complete 
| 136|0x0000000088800000, 0x0000000088900000, 0x0000000088900000|100%| E|CS|TAMS 0x0000000088800000, 0x0000000088800000| Complete 
| 137|0x0000000088900000, 0x0000000088a00000, 0x0000000088a00000|100%| E|CS|TAMS 0x0000000088900000, 0x0000000088900000| Complete 
| 138|0x0000000088a00000, 0x0000000088b00000, 0x0000000088b00000|100%| E|CS|TAMS 0x0000000088a00000, 0x0000000088a00000| Complete 
| 139|0x0000000088b00000, 0x0000000088c00000, 0x0000000088c00000|100%| E|  |TAMS 0x0000000088b00000, 0x0000000088b00000| Complete 
| 140|0x0000000088c00000, 0x0000000088d00000, 0x0000000088d00000|100%| E|CS|TAMS 0x0000000088c00000, 0x0000000088c00000| Complete 
| 141|0x0000000088d00000, 0x0000000088e00000, 0x0000000088e00000|100%| E|CS|TAMS 0x0000000088d00000, 0x0000000088d00000| Complete 
| 142|0x0000000088e00000, 0x0000000088f00000, 0x0000000088f00000|100%| E|CS|TAMS 0x0000000088e00000, 0x0000000088e00000| Complete 
| 143|0x0000000088f00000, 0x0000000089000000, 0x0000000089000000|100%| E|CS|TAMS 0x0000000088f00000, 0x0000000088f00000| Complete 
| 144|0x0000000089000000, 0x0000000089100000, 0x0000000089100000|100%| E|CS|TAMS 0x0000000089000000, 0x0000000089000000| Complete 
| 145|0x0000000089100000, 0x0000000089200000, 0x0000000089200000|100%| E|CS|TAMS 0x0000000089100000, 0x0000000089100000| Complete 
| 146|0x0000000089200000, 0x0000000089300000, 0x0000000089300000|100%| E|CS|TAMS 0x0000000089200000, 0x0000000089200000| Complete 
| 147|0x0000000089300000, 0x0000000089400000, 0x0000000089400000|100%| E|CS|TAMS 0x0000000089300000, 0x0000000089300000| Complete 
| 148|0x0000000089400000, 0x0000000089500000, 0x0000000089500000|100%| E|CS|TAMS 0x0000000089400000, 0x0000000089400000| Complete 
| 149|0x0000000089500000, 0x0000000089600000, 0x0000000089600000|100%| E|CS|TAMS 0x0000000089500000, 0x0000000089500000| Complete 
| 150|0x0000000089600000, 0x0000000089700000, 0x0000000089700000|100%| E|CS|TAMS 0x0000000089600000, 0x0000000089600000| Complete 
| 151|0x0000000089700000, 0x0000000089800000, 0x0000000089800000|100%| E|CS|TAMS 0x0000000089700000, 0x0000000089700000| Complete 
| 152|0x0000000089800000, 0x0000000089900000, 0x0000000089900000|100%| E|CS|TAMS 0x0000000089800000, 0x0000000089800000| Complete 
| 153|0x0000000089900000, 0x0000000089a00000, 0x0000000089a00000|100%| E|CS|TAMS 0x0000000089900000, 0x0000000089900000| Complete 

Card table byte_map: [0x000002bb6fc30000,0x000002bb70030000] _byte_map_base: 0x000002bb6f830000

Marking Bits (Prev, Next): (CMBitMap*) 0x000002bb56310e20, (CMBitMap*) 0x000002bb56310de8
 Prev Bits: [0x000002bb72430000, 0x000002bb74430000)
 Next Bits: [0x000002bb70430000, 0x000002bb72430000)

Polling page: 0x000002bb563b0000

Metaspace:

Usage:
  Non-class:     85.68 MB capacity,    84.01 MB ( 98%) used,     1.39 MB (  2%) free+waste,   287.81 KB ( <1%) overhead. 
      Class:     13.42 MB capacity,    12.35 MB ( 92%) used,   963.26 KB (  7%) free+waste,   130.81 KB ( <1%) overhead. 
       Both:     99.10 MB capacity,    96.36 MB ( 97%) used,     2.33 MB (  2%) free+waste,   418.63 KB ( <1%) overhead. 

Virtual space:
  Non-class space:       86.00 MB reserved,      85.76 MB (>99%) committed 
      Class space:      504.00 MB reserved,      13.50 MB (  3%) committed 
             Both:      590.00 MB reserved,      99.26 MB ( 17%) committed 

Chunk freelists:
   Non-Class:  14.00 KB
       Class:  21.00 KB
        Both:  35.00 KB

MaxMetaspaceSize: 512.00 MB
CompressedClassSpaceSize: 504.00 MB
Initial GC threshold: 20.80 MB
Current GC threshold: 162.10 MB
CDS: off

CodeHeap 'non-profiled nmethods': size=120064Kb used=8471Kb max_used=8471Kb free=111592Kb
 bounds [0x000002bb67cd0000, 0x000002bb68520000, 0x000002bb6f210000]
CodeHeap 'profiled nmethods': size=120000Kb used=27533Kb max_used=27533Kb free=92466Kb
 bounds [0x000002bb607a0000, 0x000002bb62290000, 0x000002bb67cd0000]
CodeHeap 'non-nmethods': size=5696Kb used=2390Kb max_used=2474Kb free=3305Kb
 bounds [0x000002bb60210000, 0x000002bb60490000, 0x000002bb607a0000]
 total_blobs=13123 nmethods=12206 adapters=829
 compilation: enabled
              stopped_count=0, restarted_count=0
 full_count=0

Compilation events (20 events):
Event: 68.705 Thread 0x000002bb773d5000 nmethod 12269 0x000002bb62272d10 code [0x000002bb62272ee0, 0x000002bb62273138]
Event: 68.705 Thread 0x000002bb773d5000 12270       3       kotlin.reflect.jvm.internal.WeakClassLoaderBox::<init> (36 bytes)
Event: 68.706 Thread 0x000002bb773d5000 nmethod 12270 0x000002bb62273290 code [0x000002bb62273500, 0x000002bb62273ec8]
Event: 68.706 Thread 0x000002bb773d5000 12271       3       kotlin.reflect.jvm.internal.impl.descriptors.runtime.components.RuntimeModuleData::getModule (8 bytes)
Event: 68.706 Thread 0x000002bb773d5000 nmethod 12271 0x000002bb62274210 code [0x000002bb622743c0, 0x000002bb622744d8]
Event: 68.707 Thread 0x000002bb773d5000 12272       3       kotlin.reflect.jvm.internal.WeakClassLoaderBox::equals (39 bytes)
Event: 68.707 Thread 0x000002bb773d5000 nmethod 12272 0x000002bb62274590 code [0x000002bb62274780, 0x000002bb62274e58]
Event: 68.710 Thread 0x000002bb773d5000 12274       3       kotlin.reflect.jvm.internal.impl.protobuf.AbstractParser::parseFrom (7 bytes)
Event: 68.711 Thread 0x000002bb773d5000 nmethod 12274 0x000002bb62275010 code [0x000002bb62275260, 0x000002bb62275d38]
Event: 68.715 Thread 0x000002bb773d5000 12275       3       jdk.internal.reflect.UnsafeFieldAccessorFactory::newFieldAccessor (676 bytes)
Event: 68.720 Thread 0x000002bb773d5000 nmethod 12275 0x000002bb62276090 code [0x000002bb622767a0, 0x000002bb62279ad8]
Event: 68.720 Thread 0x000002bb773d5000 12276       3       com.google.gson.stream.JsonReader::doPeek (744 bytes)
Event: 68.727 Thread 0x000002bb773d5000 nmethod 12276 0x000002bb6227ab10 code [0x000002bb6227b6a0, 0x000002bb62281328]
Event: 68.926 Thread 0x000002bb773d0800 nmethod 12121 0x000002bb68503090 code [0x000002bb685035e0, 0x000002bb68509b50]
Event: 68.926 Thread 0x000002bb773d0800 12230       4       java.lang.ref.WeakReference::<init> (6 bytes)
Event: 68.929 Thread 0x000002bb773d0800 nmethod 12230 0x000002bb6850d310 code [0x000002bb6850d4a0, 0x000002bb6850d698]
Event: 68.930 Thread 0x000002bb773d0800 12222       4       java.lang.reflect.Modifier::isFinal (13 bytes)
Event: 68.930 Thread 0x000002bb773d0800 nmethod 12222 0x000002bb6850d710 code [0x000002bb6850d8a0, 0x000002bb6850d8f8]
Event: 68.930 Thread 0x000002bb773d0800 12214       4       java.lang.reflect.AccessibleObject::verifyAccess (84 bytes)
Event: 68.995 Thread 0x000002bb79d96800 nmethod 12213 0x000002bb6850da10 code [0x000002bb6850df40, 0x000002bb685133d0]

GC Heap History (20 events):
Event: 32.014 GC heap before
{Heap before GC invocations=18 (full 0):
 garbage-first heap   total 157696K, used 126354K [0x0000000080000000, 0x0000000100000000)
  region size 1024K, 82 young (83968K), 11 survivors (11264K)
 Metaspace       used 75972K, capacity 78155K, committed 78472K, reserved 585728K
  class space    used 9716K, capacity 10562K, committed 10624K, reserved 516096K
}
Event: 32.038 GC heap after
{Heap after GC invocations=19 (full 0):
 garbage-first heap   total 157696K, used 63167K [0x0000000080000000, 0x0000000100000000)
  region size 1024K, 9 young (9216K), 9 survivors (9216K)
 Metaspace       used 75972K, capacity 78155K, committed 78472K, reserved 585728K
  class space    used 9716K, capacity 10562K, committed 10624K, reserved 516096K
}
Event: 34.498 GC heap before
{Heap before GC invocations=19 (full 0):
 garbage-first heap   total 157696K, used 125631K [0x0000000080000000, 0x0000000100000000)
  region size 1024K, 70 young (71680K), 9 survivors (9216K)
 Metaspace       used 80943K, capacity 83233K, committed 83592K, reserved 589824K
  class space    used 10354K, capacity 11269K, committed 11392K, reserved 516096K
}
Event: 34.511 GC heap after
{Heap after GC invocations=20 (full 0):
 garbage-first heap   total 157696K, used 68372K [0x0000000080000000, 0x0000000100000000)
  region size 1024K, 6 young (6144K), 6 survivors (6144K)
 Metaspace       used 80943K, capacity 83233K, committed 83592K, reserved 589824K
  class space    used 10354K, capacity 11269K, committed 11392K, reserved 516096K
}
Event: 43.477 GC heap before
{Heap before GC invocations=20 (full 0):
 garbage-first heap   total 157696K, used 127764K [0x0000000080000000, 0x0000000100000000)
  region size 1024K, 64 young (65536K), 6 survivors (6144K)
 Metaspace       used 83978K, capacity 86453K, committed 86536K, reserved 591872K
  class space    used 10826K, capacity 11749K, committed 11776K, reserved 516096K
}
Event: 43.497 GC heap after
{Heap after GC invocations=21 (full 0):
 garbage-first heap   total 157696K, used 74621K [0x0000000080000000, 0x0000000100000000)
  region size 1024K, 6 young (6144K), 6 survivors (6144K)
 Metaspace       used 83978K, capacity 86453K, committed 86536K, reserved 591872K
  class space    used 10826K, capacity 11749K, committed 11776K, reserved 516096K
}
Event: 45.760 GC heap before
{Heap before GC invocations=21 (full 0):
 garbage-first heap   total 157696K, used 129917K [0x0000000080000000, 0x0000000100000000)
  region size 1024K, 60 young (61440K), 6 survivors (6144K)
 Metaspace       used 87218K, capacity 89776K, committed 89992K, reserved 593920K
  class space    used 11337K, capacity 12351K, committed 12416K, reserved 516096K
}
Event: 45.775 GC heap after
{Heap after GC invocations=22 (full 0):
 garbage-first heap   total 157696K, used 79872K [0x0000000080000000, 0x0000000100000000)
  region size 1024K, 5 young (5120K), 5 survivors (5120K)
 Metaspace       used 87218K, capacity 89776K, committed 89992K, reserved 593920K
  class space    used 11337K, capacity 12351K, committed 12416K, reserved 516096K
}
Event: 50.797 GC heap before
{Heap before GC invocations=22 (full 0):
 garbage-first heap   total 157696K, used 130048K [0x0000000080000000, 0x0000000100000000)
  region size 1024K, 54 young (55296K), 5 survivors (5120K)
 Metaspace       used 92123K, capacity 94713K, committed 94984K, reserved 600064K
  class space    used 11917K, capacity 12936K, committed 13056K, reserved 516096K
}
Event: 50.827 GC heap after
{Heap after GC invocations=23 (full 0):
 garbage-first heap   total 157696K, used 83440K [0x0000000080000000, 0x0000000100000000)
  region size 1024K, 4 young (4096K), 4 survivors (4096K)
 Metaspace       used 92123K, capacity 94713K, committed 94984K, reserved 600064K
  class space    used 11917K, capacity 12936K, committed 13056K, reserved 516096K
}
Event: 53.503 GC heap before
{Heap before GC invocations=24 (full 0):
 garbage-first heap   total 157696K, used 130544K [0x0000000080000000, 0x0000000100000000)
  region size 1024K, 50 young (51200K), 4 survivors (4096K)
 Metaspace       used 95262K, capacity 97966K, committed 98184K, reserved 602112K
  class space    used 12362K, capacity 13409K, committed 13440K, reserved 516096K
}
Event: 53.518 GC heap after
{Heap after GC invocations=25 (full 0):
 garbage-first heap   total 157696K, used 86746K [0x0000000080000000, 0x0000000100000000)
  region size 1024K, 7 young (7168K), 7 survivors (7168K)
 Metaspace       used 95262K, capacity 97966K, committed 98184K, reserved 602112K
  class space    used 12362K, capacity 13409K, committed 13440K, reserved 516096K
}
Event: 59.614 GC heap before
{Heap before GC invocations=25 (full 0):
 garbage-first heap   total 157696K, used 130778K [0x0000000080000000, 0x0000000100000000)
  region size 1024K, 51 young (52224K), 7 survivors (7168K)
 Metaspace       used 95900K, capacity 98587K, committed 98824K, reserved 602112K
  class space    used 12427K, capacity 13503K, committed 13568K, reserved 516096K
}
Event: 59.632 GC heap after
{Heap after GC invocations=26 (full 0):
 garbage-first heap   total 157696K, used 89854K [0x0000000080000000, 0x0000000100000000)
  region size 1024K, 7 young (7168K), 7 survivors (7168K)
 Metaspace       used 95900K, capacity 98587K, committed 98824K, reserved 602112K
  class space    used 12427K, capacity 13503K, committed 13568K, reserved 516096K
}
Event: 61.616 GC heap before
{Heap before GC invocations=27 (full 0):
 garbage-first heap   total 157696K, used 130814K [0x0000000080000000, 0x0000000100000000)
  region size 1024K, 48 young (49152K), 7 survivors (7168K)
 Metaspace       used 96294K, capacity 98995K, committed 99080K, reserved 602112K
  class space    used 12445K, capacity 13548K, committed 13568K, reserved 516096K
}
Event: 61.644 GC heap after
{Heap after GC invocations=28 (full 0):
 garbage-first heap   total 157696K, used 92570K [0x0000000080000000, 0x0000000100000000)
  region size 1024K, 6 young (6144K), 6 survivors (6144K)
 Metaspace       used 96294K, capacity 98995K, committed 99080K, reserved 602112K
  class space    used 12445K, capacity 13548K, committed 13568K, reserved 516096K
}
Event: 63.177 GC heap before
{Heap before GC invocations=28 (full 0):
 garbage-first heap   total 157696K, used 131482K [0x0000000080000000, 0x0000000100000000)
  region size 1024K, 45 young (46080K), 6 survivors (6144K)
 Metaspace       used 96484K, capacity 99361K, committed 99592K, reserved 604160K
  class space    used 12448K, capacity 13549K, committed 13568K, reserved 516096K
}
Event: 63.189 GC heap after
{Heap after GC invocations=29 (full 0):
 garbage-first heap   total 157696K, used 95386K [0x0000000080000000, 0x0000000100000000)
  region size 1024K, 6 young (6144K), 6 survivors (6144K)
 Metaspace       used 96484K, capacity 99361K, committed 99592K, reserved 604160K
  class space    used 12448K, capacity 13549K, committed 13568K, reserved 516096K
}
Event: 65.240 GC heap before
{Heap before GC invocations=30 (full 0):
 garbage-first heap   total 157696K, used 132250K [0x0000000080000000, 0x0000000100000000)
  region size 1024K, 43 young (44032K), 6 survivors (6144K)
 Metaspace       used 96654K, capacity 99504K, committed 99592K, reserved 604160K
  class space    used 12460K, capacity 13553K, committed 13568K, reserved 516096K
}
Event: 65.261 GC heap after
{Heap after GC invocations=31 (full 0):
 garbage-first heap   total 157696K, used 97750K [0x0000000080000000, 0x0000000100000000)
  region size 1024K, 5 young (5120K), 5 survivors (5120K)
 Metaspace       used 96654K, capacity 99504K, committed 99592K, reserved 604160K
  class space    used 12460K, capacity 13553K, committed 13568K, reserved 516096K
}

Deoptimization events (20 events):
Event: 67.297 Thread 0x000002bb7d25a800 DEOPT PACKING pc=0x000002bb68153c9c sp=0x000000dd2aff9700
Event: 67.297 Thread 0x000002bb7d25a800 DEOPT UNPACKING pc=0x000002bb6025a1af sp=0x000000dd2aff9678 mode 2
Event: 67.307 Thread 0x000002bb7d25d800 Uncommon trap: trap_request=0xffffffde fr.pc=0x000002bb68239bc0 relative=0x0000000000000340
Event: 67.307 Thread 0x000002bb7d25d800 Uncommon trap: reason=class_check action=maybe_recompile pc=0x000002bb68239bc0 method=java.lang.ThreadLocal.setInitialValue()Ljava/lang/Object; @ 31 c2
Event: 67.307 Thread 0x000002bb7d25d800 DEOPT PACKING pc=0x000002bb68239bc0 sp=0x000000dd255fecb0
Event: 67.307 Thread 0x000002bb7d25d800 DEOPT UNPACKING pc=0x000002bb6025a1af sp=0x000000dd255febe0 mode 2
Event: 67.429 Thread 0x000002bb7d25d800 Uncommon trap: trap_request=0xffffffc6 fr.pc=0x000002bb6835b5e0 relative=0x00000000000008e0
Event: 67.429 Thread 0x000002bb7d25d800 Uncommon trap: reason=bimorphic_or_optimized_type_check action=maybe_recompile pc=0x000002bb6835b5e0 method=java.util.HashMap.removeNode(ILjava/lang/Object;Ljava/lang/Object;ZZ)Ljava/util/HashMap$Node; @ 68 c2
Event: 67.429 Thread 0x000002bb7d25d800 DEOPT PACKING pc=0x000002bb6835b5e0 sp=0x000000dd255fecf0
Event: 67.429 Thread 0x000002bb7d25d800 DEOPT UNPACKING pc=0x000002bb6025a1af sp=0x000000dd255fec88 mode 2
Event: 67.434 Thread 0x000002bb7d25e800 Uncommon trap: trap_request=0xffffffde fr.pc=0x000002bb68239bc0 relative=0x0000000000000340
Event: 67.434 Thread 0x000002bb7d25e800 Uncommon trap: reason=class_check action=maybe_recompile pc=0x000002bb68239bc0 method=java.lang.ThreadLocal.setInitialValue()Ljava/lang/Object; @ 31 c2
Event: 67.434 Thread 0x000002bb7d25e800 DEOPT PACKING pc=0x000002bb68239bc0 sp=0x000000dd2a1feb50
Event: 67.434 Thread 0x000002bb7d25e800 DEOPT UNPACKING pc=0x000002bb6025a1af sp=0x000000dd2a1fea80 mode 2
Event: 68.450 Thread 0x000002bb7d25a800 DEOPT PACKING pc=0x000002bb61c1eae8 sp=0x000000dd2aff89b0
Event: 68.450 Thread 0x000002bb7d25a800 DEOPT UNPACKING pc=0x000002bb6025a95e sp=0x000000dd2aff7df8 mode 0
Event: 68.489 Thread 0x000002bb7d25a800 DEOPT PACKING pc=0x000002bb61c1eae8 sp=0x000000dd2aff8f70
Event: 68.489 Thread 0x000002bb7d25a800 DEOPT UNPACKING pc=0x000002bb6025a95e sp=0x000000dd2aff83b8 mode 0
Event: 68.541 Thread 0x000002bb7d25a800 DEOPT PACKING pc=0x000002bb61c1eae8 sp=0x000000dd2aff8a50
Event: 68.541 Thread 0x000002bb7d25a800 DEOPT UNPACKING pc=0x000002bb6025a95e sp=0x000000dd2aff7e98 mode 0

Classes redefined (0 events):
No events

Internal exceptions (20 events):
Event: 53.337 Thread 0x000002bb788bc000 Exception <a 'java/lang/NoSuchMethodError'{0x0000000086e01f00}: 'void java.lang.invoke.DirectMethodHandle$Holder.invokeVirtual(java.lang.Object, java.lang.Object)'> (0x0000000086e01f00) thrown at [./src/hotspot/share/interpreter/linkResolver.cpp, line 773]
Event: 53.404 Thread 0x000002bb788bc000 Exception <a 'java/lang/ClassNotFoundException'{0x0000000086d1ddc0}: groovy/util/FileTreeBuilderBeanInfo> (0x0000000086d1ddc0) thrown at [./src/hotspot/share/classfile/systemDictionary.cpp, line 230]
Event: 53.408 Thread 0x000002bb788bc000 Exception <a 'java/lang/ClassNotFoundException'{0x0000000086d96c90}: groovy/util/FileTreeBuilderCustomizer> (0x0000000086d96c90) thrown at [./src/hotspot/share/classfile/systemDictionary.cpp, line 230]
Event: 53.465 Thread 0x000002bb788bc000 Exception <a 'java/lang/ClassNotFoundException'{0x0000000086df40a0}: java/io/BufferedWriterBeanInfo> (0x0000000086df40a0) thrown at [./src/hotspot/share/classfile/systemDictionary.cpp, line 230]
Event: 53.465 Thread 0x000002bb788bc000 Exception <a 'java/lang/ClassNotFoundException'{0x0000000086dfc5f8}: java/io/WriterBeanInfo> (0x0000000086dfc5f8) thrown at [./src/hotspot/share/classfile/systemDictionary.cpp, line 230]
Event: 53.466 Thread 0x000002bb788bc000 Exception <a 'java/lang/ClassNotFoundException'{0x0000000086c04b40}: java/io/WriterCustomizer> (0x0000000086c04b40) thrown at [./src/hotspot/share/classfile/systemDictionary.cpp, line 230]
Event: 53.466 Thread 0x000002bb788bc000 Exception <a 'java/lang/ClassNotFoundException'{0x0000000086c14558}: java/io/BufferedWriterCustomizer> (0x0000000086c14558) thrown at [./src/hotspot/share/classfile/systemDictionary.cpp, line 230]
Event: 53.787 Thread 0x000002bb788bc000 Exception <a 'java/lang/NoSuchMethodError'{0x000000008996c590}: <clinit>> (0x000000008996c590) thrown at [./src/hotspot/share/prims/jni.cpp, line 1367]
Event: 53.891 Thread 0x000002bb788bc000 Exception <a 'java/lang/NoSuchMethodError'{0x00000000898fd738}: 'void java.lang.invoke.DirectMethodHandle$Holder.invokeStatic(java.lang.Object, java.lang.Object, java.lang.Object, java.lang.Object, int, java.lang.Object, java.lang.Object)'> (0x00000000898fd738) thrown at [./src/hotspot/share/interpreter/linkResolver.cpp, line 773]
Event: 53.953 Thread 0x000002bb00440000 Exception <a 'java/lang/NoSuchMethodError'{0x00000000895a73f0}: 'java.lang.Object java.lang.invoke.DirectMethodHandle$Holder.invokeSpecialIFC(java.lang.Object, java.lang.Object, java.lang.Object)'> (0x00000000895a73f0) thrown at [./src/hotspot/share/interpreter/linkResolver.cpp, line 773]
Event: 59.763 Thread 0x000002bb788bc000 Exception <a 'java/lang/NoSuchMethodError'{0x000000008994f1c8}: <clinit>> (0x000000008994f1c8) thrown at [./src/hotspot/share/prims/jni.cpp, line 1367]
Event: 59.766 Thread 0x000002bb788bc000 Exception <a 'java/lang/NoSuchMethodError'{0x0000000089962958}: <clinit>> (0x0000000089962958) thrown at [./src/hotspot/share/prims/jni.cpp, line 1367]
Event: 60.826 Thread 0x000002bb788bc000 Exception <a 'java/lang/NoSuchMethodError'{0x000000008837f050}: <clinit>> (0x000000008837f050) thrown at [./src/hotspot/share/prims/jni.cpp, line 1367]
Event: 60.826 Thread 0x000002bb788bc000 Exception <a 'java/lang/NoSuchMethodError'{0x0000000088380e10}: <clinit>> (0x0000000088380e10) thrown at [./src/hotspot/share/prims/jni.cpp, line 1367]
Event: 60.827 Thread 0x000002bb788bc000 Exception <a 'java/lang/NoSuchMethodError'{0x0000000088386268}: <clinit>> (0x0000000088386268) thrown at [./src/hotspot/share/prims/jni.cpp, line 1367]
Event: 60.833 Thread 0x000002bb788bc000 Exception <a 'java/lang/NoSuchMethodError'{0x00000000882417f8}: <clinit>> (0x00000000882417f8) thrown at [./src/hotspot/share/prims/jni.cpp, line 1367]
Event: 60.833 Thread 0x000002bb788bc000 Exception <a 'java/lang/NoSuchMethodError'{0x00000000882434d0}: <clinit>> (0x00000000882434d0) thrown at [./src/hotspot/share/prims/jni.cpp, line 1367]
Event: 61.477 Thread 0x000002bb002a1800 Implicit null exception at 0x000002bb684404be to 0x000002bb68440cb0
Event: 67.103 Thread 0x000002bb7d25a800 Exception <a 'java/lang/NoSuchMethodError'{0x0000000088b23998}: 'java.lang.Object java.lang.invoke.DirectMethodHandle$Holder.invokeInterface(java.lang.Object, java.lang.Object, java.lang.Object, java.lang.Object)'> (0x0000000088b23998) thrown at [./src/hotspot/share/interpreter/linkResolver.cpp, line 773]
Event: 67.297 Thread 0x000002bb7d25a800 Implicit null exception at 0x000002bb68153c6b to 0x000002bb68153c8c

Events (20 events):
Event: 69.016 loading class com/android/ide/common/build/GenericArtifactType
Event: 69.016 loading class com/android/ide/common/build/GenericArtifactType done
Event: 69.054 loading class com/android/ide/common/build/GenericBuiltArtifact
Event: 69.054 loading class com/android/ide/common/build/GenericBuiltArtifact done
Event: 69.060 loading class com/android/build/api/variant/impl/BuiltArtifactsImpl$Companion$initFileType$1
Event: 69.060 loading class com/android/build/api/variant/impl/BuiltArtifactsImpl$Companion$initFileType$1 done
Event: 69.060 loading class com/android/build/api/variant/impl/BuiltArtifactsImpl$Companion$initFileType$2
Event: 69.060 loading class com/android/build/api/variant/impl/BuiltArtifactsImpl$Companion$initFileType$2 done
Event: 69.062 loading class com/android/ide/common/build/GenericBuiltArtifacts
Event: 69.062 loading class com/android/ide/common/build/GenericBuiltArtifacts done
Event: 69.063 loading class com/android/ide/common/build/GenericBuiltArtifactsSplitOutputMatcher
Event: 69.063 loading class com/android/ide/common/build/GenericBuiltArtifactsSplitOutputMatcher done
Event: 69.065 loading class com/android/ide/common/build/GenericBuiltArtifactsSplitOutputMatcher$computeBestArtifact$match$1
Event: 69.065 loading class com/android/ide/common/build/GenericBuiltArtifactsSplitOutputMatcher$computeBestArtifact$match$1 done
Event: 69.065 loading class com/google/common/base/Function
Event: 69.065 loading class com/google/common/base/Function done
Event: 69.066 loading class com/google/common/collect/Iterables$5
Event: 69.066 loading class com/google/common/collect/Iterables$5 done
Event: 69.066 loading class com/google/common/collect/FluentIterable
Event: 69.066 loading class com/google/common/collect/FluentIterable done


Dynamic libraries:
0x00007ff74a750000 - 0x00007ff74a75d000 	C:\Program Files\OpenJDK\openjdk-11.0.15_10\bin\java.exe
0x00007ffa81210000 - 0x00007ffa81407000 	C:\WINDOWS\SYSTEM32\ntdll.dll
0x00007ffa7f420000 - 0x00007ffa7f4dd000 	C:\WINDOWS\System32\KERNEL32.DLL
0x00007ffa7ee60000 - 0x00007ffa7f12d000 	C:\WINDOWS\System32\KERNELBASE.dll
0x00007ffa7ea90000 - 0x00007ffa7eb90000 	C:\WINDOWS\System32\ucrtbase.dll
0x00007ffa5fcd0000 - 0x00007ffa5fce8000 	C:\Program Files\OpenJDK\openjdk-11.0.15_10\bin\jli.dll
0x00007ffa800f0000 - 0x00007ffa80290000 	C:\WINDOWS\System32\USER32.dll
0x00007ffa7eb90000 - 0x00007ffa7ebb2000 	C:\WINDOWS\System32\win32u.dll
0x00007ffa80290000 - 0x00007ffa802ba000 	C:\WINDOWS\System32\GDI32.dll
0x00007ffa7f160000 - 0x00007ffa7f26b000 	C:\WINDOWS\System32\gdi32full.dll
0x00007ffa7e980000 - 0x00007ffa7ea1d000 	C:\WINDOWS\System32\msvcp_win.dll
0x00007ffa60b20000 - 0x00007ffa60b36000 	C:\Program Files\OpenJDK\openjdk-11.0.15_10\bin\VCRUNTIME140.dll
0x00007ffa71e90000 - 0x00007ffa7212a000 	C:\WINDOWS\WinSxS\amd64_microsoft.windows.common-controls_6595b64144ccf1df_6.0.19041.1110_none_60b5254171f9507e\COMCTL32.dll
0x00007ffa802c0000 - 0x00007ffa8035e000 	C:\WINDOWS\System32\msvcrt.dll
0x00007ffa80d80000 - 0x00007ffa80db0000 	C:\WINDOWS\System32\IMM32.DLL
0x00007ffa391e0000 - 0x00007ffa3928a000 	C:\Program Files\OpenJDK\openjdk-11.0.15_10\bin\msvcp140.dll
0x00007ffa31830000 - 0x00007ffa32381000 	C:\Program Files\OpenJDK\openjdk-11.0.15_10\bin\server\jvm.dll
0x00007ffa81120000 - 0x00007ffa811ce000 	C:\WINDOWS\System32\ADVAPI32.dll
0x00007ffa806a0000 - 0x00007ffa8073c000 	C:\WINDOWS\System32\sechost.dll
0x00007ffa7fe30000 - 0x00007ffa7ff55000 	C:\WINDOWS\System32\RPCRT4.dll
0x00007ffa7f6b0000 - 0x00007ffa7f6b8000 	C:\WINDOWS\System32\PSAPI.DLL
0x00007ffa7a460000 - 0x00007ffa7a469000 	C:\WINDOWS\SYSTEM32\WSOCK32.dll
0x00007ffa80430000 - 0x00007ffa8049b000 	C:\WINDOWS\System32\WS2_32.dll
0x00007ffa73ef0000 - 0x00007ffa73f17000 	C:\WINDOWS\SYSTEM32\WINMM.dll
0x00007ffa797d0000 - 0x00007ffa797da000 	C:\WINDOWS\SYSTEM32\VERSION.dll
0x00007ffa7d500000 - 0x00007ffa7d512000 	C:\WINDOWS\SYSTEM32\kernel.appcore.dll
0x00007ffa5fcb0000 - 0x00007ffa5fcc1000 	C:\Program Files\OpenJDK\openjdk-11.0.15_10\bin\verify.dll
0x00007ffa7cee0000 - 0x00007ffa7d0c4000 	C:\WINDOWS\SYSTEM32\DBGHELP.DLL
0x00007ffa6d0c0000 - 0x00007ffa6d0ec000 	C:\WINDOWS\SYSTEM32\dbgcore.DLL
0x00007ffa7ebc0000 - 0x00007ffa7ec42000 	C:\WINDOWS\System32\bcryptPrimitives.dll
0x00007ffa5c9f0000 - 0x00007ffa5ca19000 	C:\Program Files\OpenJDK\openjdk-11.0.15_10\bin\java.dll
0x00007ffa675c0000 - 0x00007ffa675ca000 	C:\Program Files\OpenJDK\openjdk-11.0.15_10\bin\jimage.dll
0x00007ffa5fa10000 - 0x00007ffa5fa28000 	C:\Program Files\OpenJDK\openjdk-11.0.15_10\bin\zip.dll
0x00007ffa7f6e0000 - 0x00007ffa7fe24000 	C:\WINDOWS\System32\SHELL32.dll
0x00007ffa7c670000 - 0x00007ffa7ce04000 	C:\WINDOWS\SYSTEM32\windows.storage.dll
0x00007ffa80dc0000 - 0x00007ffa81114000 	C:\WINDOWS\System32\combase.dll
0x00007ffa7e2c0000 - 0x00007ffa7e2ec000 	C:\WINDOWS\SYSTEM32\Wldp.dll
0x00007ffa80580000 - 0x00007ffa8062d000 	C:\WINDOWS\System32\SHCORE.dll
0x00007ffa7f5c0000 - 0x00007ffa7f615000 	C:\WINDOWS\System32\shlwapi.dll
0x00007ffa7e870000 - 0x00007ffa7e88f000 	C:\WINDOWS\SYSTEM32\profapi.dll
0x00007ffa5c500000 - 0x00007ffa5c519000 	C:\Program Files\OpenJDK\openjdk-11.0.15_10\bin\net.dll
0x00007ffa74120000 - 0x00007ffa7422a000 	C:\WINDOWS\SYSTEM32\WINHTTP.dll
0x00007ffa7e020000 - 0x00007ffa7e08a000 	C:\WINDOWS\system32\mswsock.dll
0x00007ffa5c4e0000 - 0x00007ffa5c4f3000 	C:\Program Files\OpenJDK\openjdk-11.0.15_10\bin\nio.dll
0x00007ffa5bd40000 - 0x00007ffa5bd67000 	C:\Users\Tom\.gradle\native\e1d6ef7f7dcc3fd88c89a11ec53ec762bb8ba0a96d01ffa2cd45eb1d1d8dd5c5\windows-amd64\native-platform.dll
0x00007ffa38c40000 - 0x00007ffa38d84000 	C:\Users\Tom\.gradle\native\5664cfc778a61ccfe75a443a1ab52a65af34e5dc3c78e0209fed803814484fcb\windows-amd64\native-platform-file-events.dll
0x00007ffa60b10000 - 0x00007ffa60b19000 	C:\Program Files\OpenJDK\openjdk-11.0.15_10\bin\management.dll
0x00007ffa5c9e0000 - 0x00007ffa5c9ec000 	C:\Program Files\OpenJDK\openjdk-11.0.15_10\bin\management_ext.dll
0x00007ffa7e220000 - 0x00007ffa7e238000 	C:\WINDOWS\SYSTEM32\CRYPTSP.dll
0x00007ffa7d9a0000 - 0x00007ffa7d9d4000 	C:\WINDOWS\system32\rsaenh.dll
0x00007ffa7f130000 - 0x00007ffa7f157000 	C:\WINDOWS\System32\bcrypt.dll
0x00007ffa7e7f0000 - 0x00007ffa7e81e000 	C:\WINDOWS\SYSTEM32\USERENV.dll
0x00007ffa7e210000 - 0x00007ffa7e21c000 	C:\WINDOWS\SYSTEM32\CRYPTBASE.dll
0x00007ffa7dd10000 - 0x00007ffa7dd4b000 	C:\WINDOWS\SYSTEM32\IPHLPAPI.DLL
0x00007ffa80db0000 - 0x00007ffa80db8000 	C:\WINDOWS\System32\NSI.dll
0x00007ffa76a20000 - 0x00007ffa76a37000 	C:\WINDOWS\SYSTEM32\dhcpcsvc6.DLL
0x00007ffa796e0000 - 0x00007ffa796fd000 	C:\WINDOWS\SYSTEM32\dhcpcsvc.DLL
0x00007ffa7dd50000 - 0x00007ffa7de1b000 	C:\WINDOWS\SYSTEM32\DNSAPI.dll
0x00007ffa71e10000 - 0x00007ffa71e1a000 	C:\Windows\System32\rasadhlp.dll
0x00007ffa72610000 - 0x00007ffa72690000 	C:\WINDOWS\System32\fwpuclnt.dll

dbghelp: loaded successfully - version: 4.0.5 - missing functions: none
symbol engine: initialized successfully - sym options: 0x614 - pdb path: .;C:\Program Files\OpenJDK\openjdk-11.0.15_10\bin;C:\WINDOWS\SYSTEM32;C:\WINDOWS\WinSxS\amd64_microsoft.windows.common-controls_6595b64144ccf1df_6.0.19041.1110_none_60b5254171f9507e;C:\Program Files\OpenJDK\openjdk-11.0.15_10\bin\server;C:\Users\Tom\.gradle\native\e1d6ef7f7dcc3fd88c89a11ec53ec762bb8ba0a96d01ffa2cd45eb1d1d8dd5c5\windows-amd64;C:\Users\Tom\.gradle\native\5664cfc778a61ccfe75a443a1ab52a65af34e5dc3c78e0209fed803814484fcb\windows-amd64

VM Arguments:
jvm_args: -XX:MaxMetaspaceSize=512m --add-opens=java.base/java.util=ALL-UNNAMED --add-opens=java.base/java.lang=ALL-UNNAMED --add-opens=java.base/java.lang.invoke=ALL-UNNAMED --add-opens=java.base/java.util=ALL-UNNAMED --add-opens=java.prefs/java.util.prefs=ALL-UNNAMED --add-opens=java.prefs/java.util.prefs=ALL-UNNAMED --add-opens=java.base/java.nio.charset=ALL-UNNAMED --add-opens=java.base/java.net=ALL-UNNAMED --add-opens=java.base/java.util.concurrent.atomic=ALL-UNNAMED -Xmx2048m -Dfile.encoding=windows-1252 -Duser.country=GB -Duser.language=en -Duser.variant 
java_command: org.gradle.launcher.daemon.bootstrap.GradleDaemon 7.3.3
java_class_path (initial): C:\Users\Tom\.gradle\wrapper\dists\gradle-7.3.3-all\4295vidhdd9hd3gbjyw1xqxpo\gradle-7.3.3\lib\gradle-launcher-7.3.3.jar
Launcher Type: SUN_STANDARD

[Global flags]
     intx CICompilerCount                          = 3                                         {product} {ergonomic}
   size_t CompressedClassSpaceSize                 = 528482304                                 {product} {ergonomic}
     uint ConcGCThreads                            = 1                                         {product} {ergonomic}
     uint G1ConcRefinementThreads                  = 4                                         {product} {ergonomic}
   size_t G1HeapRegionSize                         = 1048576                                   {product} {ergonomic}
    uintx GCDrainStackTargetSize                   = 64                                        {product} {ergonomic}
   size_t InitialHeapSize                          = 134217728                                 {product} {ergonomic}
   size_t MarkStackSize                            = 4194304                                   {product} {ergonomic}
   size_t MaxHeapSize                              = 2147483648                                {product} {command line}
   size_t MaxMetaspaceSize                         = 536870912                                 {product} {command line}
   size_t MaxNewSize                               = 1287651328                                {product} {ergonomic}
   size_t MinHeapDeltaBytes                        = 1048576                                   {product} {ergonomic}
    uintx NonNMethodCodeHeapSize                   = 5830732                                {pd product} {ergonomic}
    uintx NonProfiledCodeHeapSize                  = 122913754                              {pd product} {ergonomic}
    uintx ProfiledCodeHeapSize                     = 122913754                              {pd product} {ergonomic}
    uintx ReservedCodeCacheSize                    = 251658240                              {pd product} {ergonomic}
     bool SegmentedCodeCache                       = true                                      {product} {ergonomic}
     bool UseCompressedClassPointers               = true                                 {lp64_product} {ergonomic}
     bool UseCompressedOops                        = true                                 {lp64_product} {ergonomic}
     bool UseG1GC                                  = true                                      {product} {ergonomic}
     bool UseLargePagesIndividualAllocation        = false                                  {pd product} {ergonomic}

Logging:
Log output configuration:
 #0: stdout all=warning uptime,level,tags
 #1: stderr all=off uptime,level,tags

Environment Variables:
JAVA_HOME=C:\Program Files\OpenJDK\openjdk-11.0.15_10
CLASSPATH=C:\Users\Tom\Documents\Programmation\React Native\projectRNcli\android\\gradle\wrapper\gradle-wrapper.jar
PATH=C:\Users\Tom\Documents\Programmation\React Native\projectRNcli\android\node_modules\.bin;C:\Users\Tom\Documents\Programmation\React Native\projectRNcli\node_modules\.bin;C:\Users\Tom\Documents\Programmation\React Native\node_modules\.bin;C:\Users\Tom\Documents\Programmation\node_modules\.bin;C:\Users\Tom\Documents\node_modules\.bin;C:\Users\Tom\node_modules\.bin;C:\Users\node_modules\.bin;C:\node_modules\.bin;C:\Program Files\nodejs;C:\Users\Tom\Documents\Programmation\React Native\projectRNcli\node_modules\.bin;C:\Users\Tom\Documents\Programmation\React Native\node_modules\.bin;C:\Users\Tom\Documents\Programmation\node_modules\.bin;C:\Users\Tom\Documents\node_modules\.bin;C:\Users\Tom\node_modules\.bin;C:\Users\node_modules\.bin;C:\node_modules\.bin;C:\Program Files\nodejs\node_modules\npm\node_modules\@npmcli\run-script\lib\node-gyp-bin;C:\Python310\Scripts\;C:\Python310\;C:\Program Files\Common Files\Oracle\Java\javapath;C:\Program Files (x86)\Intel\Intel(R) Management Engine Components\iCLS\;C:\Program Files\Intel\Intel(R) Management Engine Components\iCLS\;C:\windows\system32;C:\windows;C:\windows\System32\Wbem;C:\windows\System32\WindowsPowerShell\v1.0\;C:\Program Files (x86)\Intel\Intel(R) Management Engine Components\DAL;C:\Program Files\Intel\Intel(R) Management Engine Components\DAL;C:\Program Files (x86)\Intel\Intel(R) Management Engine Components\IPT;C:\Program Files\Intel\Intel(R) Management Engine Components\IPT;C:\Program Files (x86)\NVIDIA Corporation\PhysX\Common;C:\WINDOWS\system32;C:\WINDOWS;C:\WINDOWS\System32\Wbem;C:\WINDOWS\System32\WindowsPowerShell\v1.0\;C:\WINDOWS\System32\OpenSSH\;C:\Program Files\Microchip\xc8\v2.36\bin;C:\ProgramData\chocolatey\bin;C:\Program Files\OpenJDK\openjdk-11.0.15_10\bin;C:\Program Files\nodejs\;C:\Users\Tom\AppData\Local\Microsoft\WindowsApps;C:\Users\Tom\AppData\Local\Programs\Microsoft VS Code\bin;C:\Users\Tom\AppData\Local\Android\Sdk\platform-tools;C:\Users\Tom\AppData\Roaming\npm;;C:\Users\Tom\Documents\Pr
USERNAME=Tom
LANG=en_GB.UTF-8
OS=Windows_NT
PROCESSOR_IDENTIFIER=Intel64 Family 6 Model 142 Stepping 10, GenuineIntel



---------------  S Y S T E M  ---------------

OS: Windows 10 , 64 bit Build 19041 (10.0.19041.1741)
OS uptime: 0 days 0:54 hours

CPU:total 4 (initial active 4) (2 cores per cpu, 2 threads per core) family 6 model 142 stepping 10 microcode 0xb4, cmov, cx8, fxsr, mmx, sse, sse2, sse3, ssse3, sse4.1, sse4.2, popcnt, avx, avx2, aes, clmul, erms, 3dnowpref, lzcnt, ht, tsc, tscinvbit, bmi1, bmi2, adx, fma

Memory: 4k page, system-wide physical 8107M (1015M free)
TotalPageFile size 8107M (AvailPageFile size 0M)
current process WorkingSet (physical memory assigned to process): 419M, peak: 445M
current process commit charge ("private bytes"): 459M, peak: 484M

vm_info: OpenJDK 64-Bit Server VM (11.0.15+10) for windows-amd64 JRE (11.0.15+10), built on Apr 21 2022 21:29:46 by "tester" with MS VC++ 15.5 (VS2017)

END.
