#
# There is insufficient memory for the Java Runtime Environment to continue.
# Native memory allocation (malloc) failed to allocate 97072 bytes for Chunk::new
# Possible reasons:
#   The system is out of physical RAM or swap space
#   The process is running with CompressedOops enabled, and the Java Heap may be blocking the growth of the native heap
# Possible solutions:
#   Reduce memory load on the system
#   Increase physical memory or swap space
#   Check if swap backing store is full
#   Decrease Java heap size (-Xmx/-Xms)
#   Decrease number of Java threads
#   Decrease Java thread stack sizes (-Xss)
#   Set larger code cache with -XX:ReservedCodeCacheSize=
#   JVM is running with Unscaled Compressed Oops mode in which the Java heap is
#     placed in the first 4GB address space. The Java Heap base address is the
#     maximum limit for the native heap growth. Please use -XX:HeapBaseMinAddress
#     to set the Java Heap base and to place the Java Heap above 4GB virtual address.
# This output file may be truncated or incomplete.
#
#  Out of Memory Error (./src/hotspot/share/memory/arena.cpp:197), pid=8628, tid=12100
#
# JRE version: OpenJDK Runtime Environment 18.9 (11.0.15+10) (build 11.0.15+10)
# Java VM: OpenJDK 64-Bit Server VM 18.9 (11.0.15+10, mixed mode, tiered, compressed oops, g1 gc, windows-amd64)
# No core dump will be written. Minidumps are not enabled by default on client versions of Windows
#

---------------  S U M M A R Y ------------

Command Line: -XX:MaxMetaspaceSize=512m --add-opens=java.base/java.util=ALL-UNNAMED --add-opens=java.base/java.lang=ALL-UNNAMED --add-opens=java.base/java.lang.invoke=ALL-UNNAMED --add-opens=java.base/java.util=ALL-UNNAMED --add-opens=java.prefs/java.util.prefs=ALL-UNNAMED --add-opens=java.prefs/java.util.prefs=ALL-UNNAMED --add-opens=java.base/java.nio.charset=ALL-UNNAMED --add-opens=java.base/java.net=ALL-UNNAMED --add-opens=java.base/java.util.concurrent.atomic=ALL-UNNAMED -Xmx2048m -Dfile.encoding=windows-1252 -Duser.country=GB -Duser.language=en -Duser.variant org.gradle.launcher.daemon.bootstrap.GradleDaemon 7.3.3

Host: Intel(R) Core(TM) i3-7020U CPU @ 2.30GHz, 4 cores, 7G,  Windows 10 , 64 bit Build 19041 (10.0.19041.1741)
Time: Sun Jul  3 17:59:34 2022 Romance Summer Time elapsed time: 153.148908 seconds (0d 0h 2m 33s)

---------------  T H R E A D  ---------------

Current thread (0x000001a12c745800):  JavaThread "C2 CompilerThread0" daemon [_thread_in_native, id=12100, stack(0x0000008f12d00000,0x0000008f12e00000)]


Current CompileTask:
C2: 153149 4049       4       org.gradle.internal.service.DefaultServiceRegistry$OwnServices::getService (309 bytes)

Stack: [0x0000008f12d00000,0x0000008f12e00000]
Native frames: (J=compiled Java code, j=interpreted, Vv=VM code, C=native code)
V  [jvm.dll+0x64dd3a]
V  [jvm.dll+0x7906c9]
V  [jvm.dll+0x791d9c]
V  [jvm.dll+0x792463]
V  [jvm.dll+0x265048]
V  [jvm.dll+0xc9da1]
V  [jvm.dll+0xca35c]
V  [jvm.dll+0x2d8817]
V  [jvm.dll+0x55a6c6]
V  [jvm.dll+0x226553]
V  [jvm.dll+0x22012a]
V  [jvm.dll+0x21d138]
V  [jvm.dll+0x19dd21]
V  [jvm.dll+0x22cc80]
V  [jvm.dll+0x22af81]
V  [jvm.dll+0x75254c]
V  [jvm.dll+0x74b12d]
V  [jvm.dll+0x64c8a6]
C  [ucrtbase.dll+0x21bb2]
C  [KERNEL32.DLL+0x17034]
C  [ntdll.dll+0x52651]


---------------  P R O C E S S  ---------------

Threads class SMR info:
_java_thread_list=0x000001a130026370, length=35, elements={
0x000001a10d5a2800, 0x000001a12bde1000, 0x000001a12bde2800, 0x000001a12be37000,
0x000001a12c741800, 0x000001a12c742000, 0x000001a12c745800, 0x000001a12c746800,
0x000001a12c7bf800, 0x000001a12c8a5000, 0x000001a12eafe800, 0x000001a12eacb800,
0x000001a12f190800, 0x000001a12f196800, 0x000001a12f193800, 0x000001a12f197800,
0x000001a12f195000, 0x000001a12f195800, 0x000001a12fded800, 0x000001a12fdf1800,
0x000001a12fdee800, 0x000001a12fdec800, 0x000001a12fdf3000, 0x000001a12fdf2800,
0x000001a12fdef000, 0x000001a12fdf0000, 0x000001a12f191800, 0x000001a12f198000,
0x000001a12f194000, 0x000001a12f192800, 0x000001a12fb12800, 0x000001a12fb0f000,
0x000001a12fb15800, 0x000001a12fb13000, 0x000001a12fb14000
}

Java Threads: ( => current thread )
  0x000001a10d5a2800 JavaThread "main" [_thread_blocked, id=17676, stack(0x0000008f12100000,0x0000008f12200000)]
  0x000001a12bde1000 JavaThread "Reference Handler" daemon [_thread_blocked, id=12416, stack(0x0000008f12800000,0x0000008f12900000)]
  0x000001a12bde2800 JavaThread "Finalizer" daemon [_thread_blocked, id=14172, stack(0x0000008f12900000,0x0000008f12a00000)]
  0x000001a12be37000 JavaThread "Signal Dispatcher" daemon [_thread_blocked, id=11128, stack(0x0000008f12a00000,0x0000008f12b00000)]
  0x000001a12c741800 JavaThread "Attach Listener" daemon [_thread_blocked, id=16292, stack(0x0000008f12b00000,0x0000008f12c00000)]
  0x000001a12c742000 JavaThread "Service Thread" daemon [_thread_blocked, id=15444, stack(0x0000008f12c00000,0x0000008f12d00000)]
=>0x000001a12c745800 JavaThread "C2 CompilerThread0" daemon [_thread_in_native, id=12100, stack(0x0000008f12d00000,0x0000008f12e00000)]
  0x000001a12c746800 JavaThread "C1 CompilerThread0" daemon [_thread_blocked, id=14188, stack(0x0000008f12e00000,0x0000008f12f00000)]
  0x000001a12c7bf800 JavaThread "Sweeper thread" daemon [_thread_blocked, id=17748, stack(0x0000008f12f00000,0x0000008f13000000)]
  0x000001a12c8a5000 JavaThread "Common-Cleaner" daemon [_thread_blocked, id=16824, stack(0x0000008f13000000,0x0000008f13100000)]
  0x000001a12eafe800 JavaThread "Daemon health stats" [_thread_blocked, id=936, stack(0x0000008f13500000,0x0000008f13600000)]
  0x000001a12eacb800 JavaThread "Incoming local TCP Connector on port 51673" [_thread_in_native, id=15116, stack(0x0000008f13400000,0x0000008f13500000)]
  0x000001a12f190800 JavaThread "Daemon periodic checks" [_thread_blocked, id=14748, stack(0x0000008f13600000,0x0000008f13700000)]
  0x000001a12f196800 JavaThread "Cache worker for journal cache (C:\Users\Tom\.gradle\caches\journal-1)" [_thread_blocked, id=9576, stack(0x0000008f13f00000,0x0000008f14000000)]
  0x000001a12f193800 JavaThread "File lock request listener" [_thread_in_native, id=14036, stack(0x0000008f14000000,0x0000008f14100000)]
  0x000001a12f197800 JavaThread "Cache worker for file hash cache (C:\Users\Tom\.gradle\caches\7.3.3\fileHashes)" [_thread_blocked, id=9076, stack(0x0000008f14100000,0x0000008f14200000)]
  0x000001a12f195000 JavaThread "File watcher server" daemon [_thread_in_native, id=4636, stack(0x0000008f14400000,0x0000008f14500000)]
  0x000001a12f195800 JavaThread "File watcher consumer" daemon [_thread_blocked, id=12852, stack(0x0000008f14500000,0x0000008f14600000)]
  0x000001a12fded800 JavaThread "Cache worker for execution history cache (C:\Users\Tom\.gradle\caches\7.3.3\executionHistory)" [_thread_blocked, id=16056, stack(0x0000008f14900000,0x0000008f14a00000)]
  0x000001a12fdf1800 JavaThread "jar transforms" [_thread_blocked, id=7492, stack(0x0000008f14a00000,0x0000008f14b00000)]
  0x000001a12fdee800 JavaThread "jar transforms Thread 2" [_thread_blocked, id=6572, stack(0x0000008f14b00000,0x0000008f14c00000)]
  0x000001a12fdec800 JavaThread "Cache worker for file content cache (C:\Users\Tom\.gradle\caches\7.3.3\fileContent)" [_thread_blocked, id=12348, stack(0x0000008f14c00000,0x0000008f14d00000)]
  0x000001a12fdf3000 JavaThread "jar transforms Thread 3" [_thread_blocked, id=8528, stack(0x0000008f14700000,0x0000008f14800000)]
  0x000001a12fdf2800 JavaThread "jar transforms Thread 4" [_thread_blocked, id=14444, stack(0x0000008f14e00000,0x0000008f14f00000)]
  0x000001a12fdef000 JavaThread "Daemon Thread 2" [_thread_blocked, id=8108, stack(0x0000008f11f00000,0x0000008f12000000)]
  0x000001a12fdf0000 JavaThread "Handler for socket connection from /127.0.0.1:51673 to /127.0.0.1:51754" [_thread_in_native, id=16252, stack(0x0000008f12000000,0x0000008f12100000)]
  0x000001a12f191800 JavaThread "Cancel handler" [_thread_blocked, id=13628, stack(0x0000008f13700000,0x0000008f13800000)]
  0x000001a12f198000 JavaThread "Daemon worker Thread 2" [_thread_in_native, id=9192, stack(0x0000008f13900000,0x0000008f13a00000)]
  0x000001a12f194000 JavaThread "Asynchronous log dispatcher for DefaultDaemonConnection: socket connection from /127.0.0.1:51673 to /127.0.0.1:51754" [_thread_blocked, id=8080, stack(0x0000008f13a00000,0x0000008f13b00000)]
  0x000001a12f192800 JavaThread "Stdin handler" [_thread_blocked, id=12756, stack(0x0000008f13b00000,0x0000008f13c00000)]
  0x000001a12fb12800 JavaThread "Daemon client event forwarder" [_thread_blocked, id=14196, stack(0x0000008f13c00000,0x0000008f13d00000)]
  0x000001a12fb0f000 JavaThread "Cache worker for file hash cache (C:\Users\Tom\Documents\Programmation\React Native\projectRNcli\android\.gradle\7.3.3\fileHashes)" [_thread_blocked, id=15044, stack(0x0000008f13d00000,0x0000008f13e00000)]
  0x000001a12fb15800 JavaThread "Cache worker for checksums cache (C:\Users\Tom\Documents\Programmation\React Native\projectRNcli\android\.gradle\7.3.3\checksums)" [_thread_blocked, id=8364, stack(0x0000008f14200000,0x0000008f14300000)]
  0x000001a12fb13000 JavaThread "Cache worker for cache directory md-supplier (C:\Users\Tom\.gradle\caches\7.3.3\md-supplier)" [_thread_blocked, id=17528, stack(0x0000008f14300000,0x0000008f14400000)]
  0x000001a12fb14000 JavaThread "Cache worker for cache directory md-rule (C:\Users\Tom\.gradle\caches\7.3.3\md-rule)" [_thread_blocked, id=14396, stack(0x0000008f14600000,0x0000008f14700000)]

Other Threads:
  0x000001a12bdce000 VMThread "VM Thread" [stack: 0x0000008f12700000,0x0000008f12800000] [id=12864]
  0x000001a12c8d6800 WatcherThread [stack: 0x0000008f13100000,0x0000008f13200000] [id=6128]
  0x000001a10d5bb000 GCTaskThread "GC Thread#0" [stack: 0x0000008f12200000,0x0000008f12300000] [id=14952]
  0x000001a12cb37800 GCTaskThread "GC Thread#1" [stack: 0x0000008f13200000,0x0000008f13300000] [id=9324]
  0x000001a12d33e800 GCTaskThread "GC Thread#2" [stack: 0x0000008f13300000,0x0000008f13400000] [id=14972]
  0x000001a12fcfb800 GCTaskThread "GC Thread#3" [stack: 0x0000008f13e00000,0x0000008f13f00000] [id=10960]
  0x000001a10d5ec800 ConcurrentGCThread "G1 Main Marker" [stack: 0x0000008f12300000,0x0000008f12400000] [id=4136]
  0x000001a10d5ee800 ConcurrentGCThread "G1 Conc#0" [stack: 0x0000008f12400000,0x0000008f12500000] [id=5760]
  0x000001a10d67b000 ConcurrentGCThread "G1 Refine#0" [stack: 0x0000008f12500000,0x0000008f12600000] [id=14440]
  0x000001a10d67c800 ConcurrentGCThread "G1 Young RemSet Sampling" [stack: 0x0000008f12600000,0x0000008f12700000] [id=17844]

Threads with active compile tasks:
C2 CompilerThread0   153190 4049       4       org.gradle.internal.service.DefaultServiceRegistry$OwnServices::getService (309 bytes)

VM state:not at safepoint (normal execution)

VM Mutex/Monitor currently owned by a thread: None

Heap address: 0x0000000080000000, size: 2048 MB, Compressed Oops mode: 32-bit
Narrow klass base: 0x0000000000000000, Narrow klass shift: 3
Compressed class space size: 528482304 Address: 0x0000000100000000

Heap:
 garbage-first heap   total 131072K, used 61316K [0x0000000080000000, 0x0000000100000000)
  region size 1024K, 41 young (41984K), 7 survivors (7168K)
 Metaspace       used 41254K, capacity 42374K, committed 42576K, reserved 555008K
  class space    used 5124K, capacity 5520K, committed 5632K, reserved 516096K
Heap Regions: E=young(eden), S=young(survivor), O=old, HS=humongous(starts), HC=humongous(continues), CS=collection set, F=free, A=archive, TAMS=top-at-mark-start (previous, next)
|   0|0x0000000080000000, 0x0000000080100000, 0x0000000080100000|100%| O|  |TAMS 0x0000000080100000, 0x0000000080000000| Untracked 
|   1|0x0000000080100000, 0x0000000080200000, 0x0000000080200000|100%| O|  |TAMS 0x0000000080200000, 0x0000000080100000| Untracked 
|   2|0x0000000080200000, 0x0000000080300000, 0x0000000080300000|100%| O|  |TAMS 0x0000000080300000, 0x0000000080200000| Untracked 
|   3|0x0000000080300000, 0x0000000080400000, 0x0000000080400000|100%|HS|  |TAMS 0x0000000080400000, 0x0000000080300000| Complete 
|   4|0x0000000080400000, 0x0000000080500000, 0x0000000080500000|100%|HC|  |TAMS 0x0000000080500000, 0x0000000080400000| Complete 
|   5|0x0000000080500000, 0x0000000080600000, 0x0000000080600000|100%|HC|  |TAMS 0x0000000080600000, 0x0000000080500000| Complete 
|   6|0x0000000080600000, 0x0000000080700000, 0x0000000080700000|100%| O|  |TAMS 0x0000000080700000, 0x0000000080600000| Untracked 
|   7|0x0000000080700000, 0x0000000080800000, 0x0000000080800000|100%| O|  |TAMS 0x0000000080800000, 0x0000000080700000| Untracked 
|   8|0x0000000080800000, 0x0000000080900000, 0x0000000080900000|100%| O|  |TAMS 0x0000000080900000, 0x0000000080800000| Untracked 
|   9|0x0000000080900000, 0x0000000080a00000, 0x0000000080a00000|100%| O|  |TAMS 0x0000000080a00000, 0x0000000080900000| Untracked 
|  10|0x0000000080a00000, 0x0000000080b00000, 0x0000000080b00000|100%| O|  |TAMS 0x0000000080b00000, 0x0000000080a00000| Untracked 
|  11|0x0000000080b00000, 0x0000000080c00000, 0x0000000080c00000|100%| O|  |TAMS 0x0000000080c00000, 0x0000000080b00000| Untracked 
|  12|0x0000000080c00000, 0x0000000080d00000, 0x0000000080d00000|100%| O|  |TAMS 0x0000000080d00000, 0x0000000080c00000| Untracked 
|  13|0x0000000080d00000, 0x0000000080e00000, 0x0000000080e00000|100%| O|  |TAMS 0x0000000080e00000, 0x0000000080d00000| Untracked 
|  14|0x0000000080e00000, 0x0000000080f00000, 0x0000000080f00000|100%| O|  |TAMS 0x0000000080f00000, 0x0000000080e00000| Untracked 
|  15|0x0000000080f00000, 0x0000000081000000, 0x0000000081000000|100%| O|  |TAMS 0x0000000081000000, 0x0000000080f00000| Untracked 
|  16|0x0000000081000000, 0x0000000081100000, 0x0000000081100000|100%| O|  |TAMS 0x0000000081083800, 0x0000000081000000| Untracked 
|  17|0x0000000081100000, 0x0000000081100000, 0x0000000081200000|  0%| F|  |TAMS 0x0000000081100000, 0x0000000081100000| Untracked 
|  18|0x0000000081200000, 0x0000000081200000, 0x0000000081300000|  0%| F|  |TAMS 0x0000000081200000, 0x0000000081200000| Untracked 
|  19|0x0000000081300000, 0x0000000081300000, 0x0000000081400000|  0%| F|  |TAMS 0x0000000081300000, 0x0000000081300000| Untracked 
|  20|0x0000000081400000, 0x0000000081500000, 0x0000000081500000|100%| O|  |TAMS 0x0000000081400000, 0x0000000081400000| Untracked 
|  21|0x0000000081500000, 0x0000000081600000, 0x0000000081600000|100%| O|  |TAMS 0x0000000081500000, 0x0000000081500000| Untracked 
|  22|0x0000000081600000, 0x0000000081700000, 0x0000000081700000|100%| O|  |TAMS 0x0000000081600000, 0x0000000081600000| Untracked 
|  23|0x0000000081700000, 0x000000008176b600, 0x0000000081800000| 41%| O|  |TAMS 0x0000000081700000, 0x0000000081700000| Untracked 
|  24|0x0000000081800000, 0x0000000081800000, 0x0000000081900000|  0%| F|  |TAMS 0x0000000081800000, 0x0000000081800000| Untracked 
|  25|0x0000000081900000, 0x0000000081900000, 0x0000000081a00000|  0%| F|  |TAMS 0x0000000081900000, 0x0000000081900000| Untracked 
|  26|0x0000000081a00000, 0x0000000081a00000, 0x0000000081b00000|  0%| F|  |TAMS 0x0000000081a00000, 0x0000000081a00000| Untracked 
|  27|0x0000000081b00000, 0x0000000081b00000, 0x0000000081c00000|  0%| F|  |TAMS 0x0000000081b00000, 0x0000000081b00000| Untracked 
|  28|0x0000000081c00000, 0x0000000081c00000, 0x0000000081d00000|  0%| F|  |TAMS 0x0000000081c00000, 0x0000000081c00000| Untracked 
|  29|0x0000000081d00000, 0x0000000081d00000, 0x0000000081e00000|  0%| F|  |TAMS 0x0000000081d00000, 0x0000000081d00000| Untracked 
|  30|0x0000000081e00000, 0x0000000081e00000, 0x0000000081f00000|  0%| F|  |TAMS 0x0000000081e00000, 0x0000000081e00000| Untracked 
|  31|0x0000000081f00000, 0x0000000081f00000, 0x0000000082000000|  0%| F|  |TAMS 0x0000000081f00000, 0x0000000081f00000| Untracked 
|  32|0x0000000082000000, 0x0000000082000000, 0x0000000082100000|  0%| F|  |TAMS 0x0000000082000000, 0x0000000082000000| Untracked 
|  33|0x0000000082100000, 0x0000000082100000, 0x0000000082200000|  0%| F|  |TAMS 0x0000000082100000, 0x0000000082100000| Untracked 
|  34|0x0000000082200000, 0x0000000082200000, 0x0000000082300000|  0%| F|  |TAMS 0x0000000082200000, 0x0000000082200000| Untracked 
|  35|0x0000000082300000, 0x0000000082300000, 0x0000000082400000|  0%| F|  |TAMS 0x0000000082300000, 0x0000000082300000| Untracked 
|  36|0x0000000082400000, 0x0000000082400000, 0x0000000082500000|  0%| F|  |TAMS 0x0000000082400000, 0x0000000082400000| Untracked 
|  37|0x0000000082500000, 0x0000000082500000, 0x0000000082600000|  0%| F|  |TAMS 0x0000000082500000, 0x0000000082500000| Untracked 
|  38|0x0000000082600000, 0x0000000082600000, 0x0000000082700000|  0%| F|  |TAMS 0x0000000082600000, 0x0000000082600000| Untracked 
|  39|0x0000000082700000, 0x0000000082700000, 0x0000000082800000|  0%| F|  |TAMS 0x0000000082700000, 0x0000000082700000| Untracked 
|  40|0x0000000082800000, 0x0000000082800000, 0x0000000082900000|  0%| F|  |TAMS 0x0000000082800000, 0x0000000082800000| Untracked 
|  41|0x0000000082900000, 0x0000000082900000, 0x0000000082a00000|  0%| F|  |TAMS 0x0000000082900000, 0x0000000082900000| Untracked 
|  42|0x0000000082a00000, 0x0000000082a00000, 0x0000000082b00000|  0%| F|  |TAMS 0x0000000082a00000, 0x0000000082a00000| Untracked 
|  43|0x0000000082b00000, 0x0000000082b00000, 0x0000000082c00000|  0%| F|  |TAMS 0x0000000082b00000, 0x0000000082b00000| Untracked 
|  44|0x0000000082c00000, 0x0000000082c00000, 0x0000000082d00000|  0%| F|  |TAMS 0x0000000082c00000, 0x0000000082c00000| Untracked 
|  45|0x0000000082d00000, 0x0000000082d00000, 0x0000000082e00000|  0%| F|  |TAMS 0x0000000082d00000, 0x0000000082d00000| Untracked 
|  46|0x0000000082e00000, 0x0000000082e00000, 0x0000000082f00000|  0%| F|  |TAMS 0x0000000082e00000, 0x0000000082e00000| Untracked 
|  47|0x0000000082f00000, 0x0000000082f00000, 0x0000000083000000|  0%| F|  |TAMS 0x0000000082f00000, 0x0000000082f00000| Untracked 
|  48|0x0000000083000000, 0x0000000083000000, 0x0000000083100000|  0%| F|  |TAMS 0x0000000083000000, 0x0000000083000000| Untracked 
|  49|0x0000000083100000, 0x0000000083100000, 0x0000000083200000|  0%| F|  |TAMS 0x0000000083100000, 0x0000000083100000| Untracked 
|  50|0x0000000083200000, 0x0000000083200000, 0x0000000083300000|  0%| F|  |TAMS 0x0000000083200000, 0x0000000083200000| Untracked 
|  51|0x0000000083300000, 0x0000000083300000, 0x0000000083400000|  0%| F|  |TAMS 0x0000000083300000, 0x0000000083300000| Untracked 
|  52|0x0000000083400000, 0x0000000083400000, 0x0000000083500000|  0%| F|  |TAMS 0x0000000083400000, 0x0000000083400000| Untracked 
|  53|0x0000000083500000, 0x0000000083500000, 0x0000000083600000|  0%| F|  |TAMS 0x0000000083500000, 0x0000000083500000| Untracked 
|  54|0x0000000083600000, 0x0000000083600000, 0x0000000083700000|  0%| F|  |TAMS 0x0000000083600000, 0x0000000083600000| Untracked 
|  55|0x0000000083700000, 0x0000000083700000, 0x0000000083800000|  0%| F|  |TAMS 0x0000000083700000, 0x0000000083700000| Untracked 
|  56|0x0000000083800000, 0x0000000083800000, 0x0000000083900000|  0%| F|  |TAMS 0x0000000083800000, 0x0000000083800000| Untracked 
|  57|0x0000000083900000, 0x0000000083900000, 0x0000000083a00000|  0%| F|  |TAMS 0x0000000083900000, 0x0000000083900000| Untracked 
|  58|0x0000000083a00000, 0x0000000083a00000, 0x0000000083b00000|  0%| F|  |TAMS 0x0000000083a00000, 0x0000000083a00000| Untracked 
|  59|0x0000000083b00000, 0x0000000083b00000, 0x0000000083c00000|  0%| F|  |TAMS 0x0000000083b00000, 0x0000000083b00000| Untracked 
|  60|0x0000000083c00000, 0x0000000083c00000, 0x0000000083d00000|  0%| F|  |TAMS 0x0000000083c00000, 0x0000000083c00000| Untracked 
|  61|0x0000000083d00000, 0x0000000083d00000, 0x0000000083e00000|  0%| F|  |TAMS 0x0000000083d00000, 0x0000000083d00000| Untracked 
|  62|0x0000000083e00000, 0x0000000083e00000, 0x0000000083f00000|  0%| F|  |TAMS 0x0000000083e00000, 0x0000000083e00000| Untracked 
|  63|0x0000000083f00000, 0x0000000083f00000, 0x0000000084000000|  0%| F|  |TAMS 0x0000000083f00000, 0x0000000083f00000| Untracked 
|  64|0x0000000084000000, 0x0000000084000000, 0x0000000084100000|  0%| F|  |TAMS 0x0000000084000000, 0x0000000084000000| Untracked 
|  65|0x0000000084100000, 0x0000000084100000, 0x0000000084200000|  0%| F|  |TAMS 0x0000000084100000, 0x0000000084100000| Untracked 
|  66|0x0000000084200000, 0x0000000084200000, 0x0000000084300000|  0%| F|  |TAMS 0x0000000084200000, 0x0000000084200000| Untracked 
|  67|0x0000000084300000, 0x0000000084300000, 0x0000000084400000|  0%| F|  |TAMS 0x0000000084300000, 0x0000000084300000| Untracked 
|  68|0x0000000084400000, 0x0000000084400000, 0x0000000084500000|  0%| F|  |TAMS 0x0000000084400000, 0x0000000084400000| Untracked 
|  69|0x0000000084500000, 0x0000000084575d58, 0x0000000084600000| 46%| S|CS|TAMS 0x0000000084500000, 0x0000000084500000| Complete 
|  70|0x0000000084600000, 0x0000000084700000, 0x0000000084700000|100%| S|CS|TAMS 0x0000000084600000, 0x0000000084600000| Complete 
|  71|0x0000000084700000, 0x0000000084800000, 0x0000000084800000|100%| S|CS|TAMS 0x0000000084700000, 0x0000000084700000| Complete 
|  72|0x0000000084800000, 0x0000000084900000, 0x0000000084900000|100%| S|CS|TAMS 0x0000000084800000, 0x0000000084800000| Complete 
|  73|0x0000000084900000, 0x0000000084a00000, 0x0000000084a00000|100%| S|CS|TAMS 0x0000000084900000, 0x0000000084900000| Complete 
|  74|0x0000000084a00000, 0x0000000084b00000, 0x0000000084b00000|100%| S|CS|TAMS 0x0000000084a00000, 0x0000000084a00000| Complete 
|  75|0x0000000084b00000, 0x0000000084c00000, 0x0000000084c00000|100%| S|CS|TAMS 0x0000000084b00000, 0x0000000084b00000| Complete 
|  76|0x0000000084c00000, 0x0000000084c00000, 0x0000000084d00000|  0%| F|  |TAMS 0x0000000084c00000, 0x0000000084c00000| Untracked 
|  77|0x0000000084d00000, 0x0000000084d00000, 0x0000000084e00000|  0%| F|  |TAMS 0x0000000084d00000, 0x0000000084d00000| Untracked 
|  78|0x0000000084e00000, 0x0000000084e00000, 0x0000000084f00000|  0%| F|  |TAMS 0x0000000084e00000, 0x0000000084e00000| Untracked 
|  79|0x0000000084f00000, 0x0000000084f00000, 0x0000000085000000|  0%| F|  |TAMS 0x0000000084f00000, 0x0000000084f00000| Untracked 
|  80|0x0000000085000000, 0x0000000085000000, 0x0000000085100000|  0%| F|  |TAMS 0x0000000085000000, 0x0000000085000000| Untracked 
|  81|0x0000000085100000, 0x0000000085100000, 0x0000000085200000|  0%| F|  |TAMS 0x0000000085100000, 0x0000000085100000| Untracked 
|  82|0x0000000085200000, 0x0000000085200000, 0x0000000085300000|  0%| F|  |TAMS 0x0000000085200000, 0x0000000085200000| Untracked 
|  83|0x0000000085300000, 0x0000000085300000, 0x0000000085400000|  0%| F|  |TAMS 0x0000000085300000, 0x0000000085300000| Untracked 
|  84|0x0000000085400000, 0x0000000085400000, 0x0000000085500000|  0%| F|  |TAMS 0x0000000085400000, 0x0000000085400000| Untracked 
|  85|0x0000000085500000, 0x0000000085500000, 0x0000000085600000|  0%| F|  |TAMS 0x0000000085500000, 0x0000000085500000| Untracked 
|  86|0x0000000085600000, 0x0000000085600000, 0x0000000085700000|  0%| F|  |TAMS 0x0000000085600000, 0x0000000085600000| Untracked 
|  87|0x0000000085700000, 0x0000000085700000, 0x0000000085800000|  0%| F|  |TAMS 0x0000000085700000, 0x0000000085700000| Untracked 
|  88|0x0000000085800000, 0x0000000085800000, 0x0000000085900000|  0%| F|  |TAMS 0x0000000085800000, 0x0000000085800000| Untracked 
|  89|0x0000000085900000, 0x0000000085900000, 0x0000000085a00000|  0%| F|  |TAMS 0x0000000085900000, 0x0000000085900000| Untracked 
|  90|0x0000000085a00000, 0x0000000085a00000, 0x0000000085b00000|  0%| F|  |TAMS 0x0000000085a00000, 0x0000000085a00000| Untracked 
|  91|0x0000000085b00000, 0x0000000085b00000, 0x0000000085c00000|  0%| F|  |TAMS 0x0000000085b00000, 0x0000000085b00000| Untracked 
|  92|0x0000000085c00000, 0x0000000085c00000, 0x0000000085d00000|  0%| F|  |TAMS 0x0000000085c00000, 0x0000000085c00000| Untracked 
|  93|0x0000000085d00000, 0x0000000085d00000, 0x0000000085e00000|  0%| F|  |TAMS 0x0000000085d00000, 0x0000000085d00000| Untracked 
|  94|0x0000000085e00000, 0x0000000085e82d58, 0x0000000085f00000| 51%| E|  |TAMS 0x0000000085e00000, 0x0000000085e00000| Complete 
|  95|0x0000000085f00000, 0x0000000086000000, 0x0000000086000000|100%| E|CS|TAMS 0x0000000085f00000, 0x0000000085f00000| Complete 
|  96|0x0000000086000000, 0x0000000086100000, 0x0000000086100000|100%| E|CS|TAMS 0x0000000086000000, 0x0000000086000000| Complete 
|  97|0x0000000086100000, 0x0000000086200000, 0x0000000086200000|100%| E|CS|TAMS 0x0000000086100000, 0x0000000086100000| Complete 
|  98|0x0000000086200000, 0x0000000086300000, 0x0000000086300000|100%| E|CS|TAMS 0x0000000086200000, 0x0000000086200000| Complete 
|  99|0x0000000086300000, 0x0000000086400000, 0x0000000086400000|100%| E|CS|TAMS 0x0000000086300000, 0x0000000086300000| Complete 
| 100|0x0000000086400000, 0x0000000086500000, 0x0000000086500000|100%| E|CS|TAMS 0x0000000086400000, 0x0000000086400000| Complete 
| 101|0x0000000086500000, 0x0000000086600000, 0x0000000086600000|100%| E|CS|TAMS 0x0000000086500000, 0x0000000086500000| Complete 
| 102|0x0000000086600000, 0x0000000086700000, 0x0000000086700000|100%| E|CS|TAMS 0x0000000086600000, 0x0000000086600000| Complete 
| 103|0x0000000086700000, 0x0000000086800000, 0x0000000086800000|100%| E|CS|TAMS 0x0000000086700000, 0x0000000086700000| Complete 
| 104|0x0000000086800000, 0x0000000086900000, 0x0000000086900000|100%| E|CS|TAMS 0x0000000086800000, 0x0000000086800000| Complete 
| 105|0x0000000086900000, 0x0000000086a00000, 0x0000000086a00000|100%| E|CS|TAMS 0x0000000086900000, 0x0000000086900000| Complete 
| 106|0x0000000086a00000, 0x0000000086b00000, 0x0000000086b00000|100%| E|CS|TAMS 0x0000000086a00000, 0x0000000086a00000| Complete 
| 107|0x0000000086b00000, 0x0000000086c00000, 0x0000000086c00000|100%| E|CS|TAMS 0x0000000086b00000, 0x0000000086b00000| Complete 
| 108|0x0000000086c00000, 0x0000000086d00000, 0x0000000086d00000|100%| E|CS|TAMS 0x0000000086c00000, 0x0000000086c00000| Complete 
| 109|0x0000000086d00000, 0x0000000086e00000, 0x0000000086e00000|100%| E|CS|TAMS 0x0000000086d00000, 0x0000000086d00000| Complete 
| 110|0x0000000086e00000, 0x0000000086f00000, 0x0000000086f00000|100%| E|CS|TAMS 0x0000000086e00000, 0x0000000086e00000| Complete 
| 111|0x0000000086f00000, 0x0000000087000000, 0x0000000087000000|100%| E|CS|TAMS 0x0000000086f00000, 0x0000000086f00000| Complete 
| 112|0x0000000087000000, 0x0000000087100000, 0x0000000087100000|100%| E|CS|TAMS 0x0000000087000000, 0x0000000087000000| Complete 
| 113|0x0000000087100000, 0x0000000087200000, 0x0000000087200000|100%| E|CS|TAMS 0x0000000087100000, 0x0000000087100000| Complete 
| 114|0x0000000087200000, 0x0000000087300000, 0x0000000087300000|100%| E|CS|TAMS 0x0000000087200000, 0x0000000087200000| Complete 
| 115|0x0000000087300000, 0x0000000087400000, 0x0000000087400000|100%| E|CS|TAMS 0x0000000087300000, 0x0000000087300000| Complete 
| 116|0x0000000087400000, 0x0000000087500000, 0x0000000087500000|100%| E|CS|TAMS 0x0000000087400000, 0x0000000087400000| Complete 
| 117|0x0000000087500000, 0x0000000087600000, 0x0000000087600000|100%| E|CS|TAMS 0x0000000087500000, 0x0000000087500000| Complete 
| 118|0x0000000087600000, 0x0000000087700000, 0x0000000087700000|100%| E|CS|TAMS 0x0000000087600000, 0x0000000087600000| Complete 
| 119|0x0000000087700000, 0x0000000087800000, 0x0000000087800000|100%| E|CS|TAMS 0x0000000087700000, 0x0000000087700000| Complete 
| 120|0x0000000087800000, 0x0000000087900000, 0x0000000087900000|100%| E|CS|TAMS 0x0000000087800000, 0x0000000087800000| Complete 
| 121|0x0000000087900000, 0x0000000087a00000, 0x0000000087a00000|100%| E|CS|TAMS 0x0000000087900000, 0x0000000087900000| Complete 
| 122|0x0000000087a00000, 0x0000000087b00000, 0x0000000087b00000|100%| E|CS|TAMS 0x0000000087a00000, 0x0000000087a00000| Complete 
| 123|0x0000000087b00000, 0x0000000087c00000, 0x0000000087c00000|100%| E|CS|TAMS 0x0000000087b00000, 0x0000000087b00000| Complete 
| 124|0x0000000087c00000, 0x0000000087d00000, 0x0000000087d00000|100%| E|CS|TAMS 0x0000000087c00000, 0x0000000087c00000| Complete 
| 125|0x0000000087d00000, 0x0000000087e00000, 0x0000000087e00000|100%| E|CS|TAMS 0x0000000087d00000, 0x0000000087d00000| Complete 
| 126|0x0000000087e00000, 0x0000000087f00000, 0x0000000087f00000|100%| E|CS|TAMS 0x0000000087e00000, 0x0000000087e00000| Complete 
| 127|0x0000000087f00000, 0x0000000088000000, 0x0000000088000000|100%| E|CS|TAMS 0x0000000087f00000, 0x0000000087f00000| Complete 

Card table byte_map: [0x000001a125100000,0x000001a125500000] _byte_map_base: 0x000001a124d00000

Marking Bits (Prev, Next): (CMBitMap*) 0x000001a10d5e3998, (CMBitMap*) 0x000001a10d5e39d0
 Prev Bits: [0x000001a125900000, 0x000001a127900000)
 Next Bits: [0x000001a127900000, 0x000001a129900000)

Polling page: 0x000001a10b400000

Metaspace:

Usage:
  Non-class:     35.99 MB capacity,    35.29 MB ( 98%) used,   618.11 KB (  2%) free+waste,   103.25 KB ( <1%) overhead. 
      Class:      5.39 MB capacity,     5.00 MB ( 93%) used,   345.66 KB (  6%) free+waste,    49.50 KB ( <1%) overhead. 
       Both:     41.38 MB capacity,    40.29 MB ( 97%) used,   963.77 KB (  2%) free+waste,   152.75 KB ( <1%) overhead. 

Virtual space:
  Non-class space:       38.00 MB reserved,      36.08 MB ( 95%) committed 
      Class space:      504.00 MB reserved,       5.50 MB (  1%) committed 
             Both:      542.00 MB reserved,      41.58 MB (  8%) committed 

Chunk freelists:
   Non-Class:  26.00 KB
       Class:  0 bytes
        Both:  26.00 KB

MaxMetaspaceSize: 512.00 MB
CompressedClassSpaceSize: 504.00 MB
Initial GC threshold: 20.80 MB
Current GC threshold: 58.88 MB
CDS: off

CodeHeap 'non-profiled nmethods': size=120064Kb used=2420Kb max_used=2420Kb free=117643Kb
 bounds [0x000001a11d7c0000, 0x000001a11da30000, 0x000001a124d00000]
CodeHeap 'profiled nmethods': size=120000Kb used=8445Kb max_used=8445Kb free=111554Kb
 bounds [0x000001a116290000, 0x000001a116ad0000, 0x000001a11d7c0000]
CodeHeap 'non-nmethods': size=5696Kb used=2272Kb max_used=2319Kb free=3423Kb
 bounds [0x000001a115d00000, 0x000001a115f70000, 0x000001a116290000]
 total_blobs=4805 nmethods=4042 adapters=675
 compilation: enabled
              stopped_count=0, restarted_count=0
 full_count=0

Compilation events (20 events):
Event: 152.957 Thread 0x000001a12c746800 nmethod 4043 0x000001a116aca510 code [0x000001a116aca6e0, 0x000001a116aca978]
Event: 152.957 Thread 0x000001a12c746800 4042       3       java.nio.HeapByteBuffer::putInt (27 bytes)
Event: 152.962 Thread 0x000001a12c746800 nmethod 4042 0x000001a116acab10 code [0x000001a116acad00, 0x000001a116acb1c8]
Event: 152.962 Thread 0x000001a12c746800 4044       3       com.google.common.collect.ImmutableSet$RegularSetBuilderImpl::ensureTableCapacity (62 bytes)
Event: 152.963 Thread 0x000001a12c746800 nmethod 4044 0x000001a116acb410 code [0x000001a116acb620, 0x000001a116acb998]
Event: 152.963 Thread 0x000001a12c746800 4045       3       org.gradle.internal.instantiation.generator.AsmBackedClassGenerator::access$600 (4 bytes)
Event: 152.964 Thread 0x000001a12c746800 nmethod 4045 0x000001a116acbb10 code [0x000001a116acbcc0, 0x000001a116acbdb8]
Event: 152.978 Thread 0x000001a12c746800 4047       3       com.google.common.cache.LocalCache::usesKeyReferences (16 bytes)
Event: 152.979 Thread 0x000001a12c746800 nmethod 4047 0x000001a116acbe90 code [0x000001a116acc040, 0x000001a116acc1b8]
Event: 152.979 Thread 0x000001a12c746800 4046       1       com.google.common.base.Suppliers$SupplierOfInstance::get (5 bytes)
Event: 152.979 Thread 0x000001a12c746800 nmethod 4046 0x000001a11da1c510 code [0x000001a11da1c6c0, 0x000001a11da1c778]
Event: 152.980 Thread 0x000001a12c745800 4048       4       org.gradle.internal.service.DefaultServiceRegistry$CompositeServiceProvider::getService (49 bytes)
Event: 152.983 Thread 0x000001a12c745800 nmethod 4048 0x000001a11da1c810 code [0x000001a11da1c9a0, 0x000001a11da1ca98]
Event: 152.985 Thread 0x000001a12c745800 4049       4       org.gradle.internal.service.DefaultServiceRegistry$OwnServices::getService (309 bytes)
Event: 152.985 Thread 0x000001a12c746800 4050       1       org.gradle.internal.instantiation.generator.DefaultInstantiationScheme::instantiator (5 bytes)
Event: 152.985 Thread 0x000001a12c746800 nmethod 4050 0x000001a11da1cb90 code [0x000001a11da1cd40, 0x000001a11da1cdf8]
Event: 152.986 Thread 0x000001a12c746800 4051       3       org.gradle.internal.instantiation.generator.AbstractClassGenerator$GeneratedClassImpl$GeneratedConstructorImpl::getParameterTypes (8 bytes)
Event: 152.987 Thread 0x000001a12c746800 nmethod 4051 0x000001a116acc290 code [0x000001a116acc460, 0x000001a116acc768]
Event: 152.987 Thread 0x000001a12c746800 4053       3       sun.nio.fs.WindowsPath::getNameCount (10 bytes)
Event: 152.987 Thread 0x000001a12c746800 nmethod 4053 0x000001a116acc890 code [0x000001a116acca40, 0x000001a116accb88]

GC Heap History (18 events):
Event: 1.894 GC heap before
{Heap before GC invocations=0 (full 0):
 garbage-first heap   total 131072K, used 20480K [0x0000000080000000, 0x0000000100000000)
  region size 1024K, 14 young (14336K), 0 survivors (0K)
 Metaspace       used 6756K, capacity 7001K, committed 7168K, reserved 524288K
  class space    used 571K, capacity 650K, committed 768K, reserved 516096K
}
Event: 1.941 GC heap after
{Heap after GC invocations=1 (full 0):
 garbage-first heap   total 131072K, used 7925K [0x0000000080000000, 0x0000000100000000)
  region size 1024K, 2 young (2048K), 2 survivors (2048K)
 Metaspace       used 6756K, capacity 7001K, committed 7168K, reserved 524288K
  class space    used 571K, capacity 650K, committed 768K, reserved 516096K
}
Event: 2.734 GC heap before
{Heap before GC invocations=1 (full 0):
 garbage-first heap   total 131072K, used 19189K [0x0000000080000000, 0x0000000100000000)
  region size 1024K, 13 young (13312K), 2 survivors (2048K)
 Metaspace       used 10244K, capacity 10500K, committed 10624K, reserved 526336K
  class space    used 1045K, capacity 1140K, committed 1152K, reserved 516096K
}
Event: 2.739 GC heap after
{Heap after GC invocations=2 (full 0):
 garbage-first heap   total 131072K, used 9690K [0x0000000080000000, 0x0000000100000000)
  region size 1024K, 2 young (2048K), 2 survivors (2048K)
 Metaspace       used 10244K, capacity 10500K, committed 10624K, reserved 526336K
  class space    used 1045K, capacity 1140K, committed 1152K, reserved 516096K
}
Event: 4.509 GC heap before
{Heap before GC invocations=2 (full 0):
 garbage-first heap   total 131072K, used 38362K [0x0000000080000000, 0x0000000100000000)
  region size 1024K, 29 young (29696K), 2 survivors (2048K)
 Metaspace       used 11263K, capacity 11519K, committed 11776K, reserved 528384K
  class space    used 1148K, capacity 1245K, committed 1280K, reserved 516096K
}
Event: 4.515 GC heap after
{Heap after GC invocations=3 (full 0):
 garbage-first heap   total 131072K, used 13678K [0x0000000080000000, 0x0000000100000000)
  region size 1024K, 4 young (4096K), 4 survivors (4096K)
 Metaspace       used 11263K, capacity 11519K, committed 11776K, reserved 528384K
  class space    used 1148K, capacity 1245K, committed 1280K, reserved 516096K
}
Event: 7.900 GC heap before
{Heap before GC invocations=3 (full 0):
 garbage-first heap   total 131072K, used 53614K [0x0000000080000000, 0x0000000100000000)
  region size 1024K, 43 young (44032K), 4 survivors (4096K)
 Metaspace       used 17796K, capacity 18116K, committed 18432K, reserved 532480K
  class space    used 2084K, capacity 2211K, committed 2304K, reserved 516096K
}
Event: 7.947 GC heap after
{Heap after GC invocations=4 (full 0):
 garbage-first heap   total 131072K, used 16851K [0x0000000080000000, 0x0000000100000000)
  region size 1024K, 6 young (6144K), 6 survivors (6144K)
 Metaspace       used 17796K, capacity 18116K, committed 18432K, reserved 532480K
  class space    used 2084K, capacity 2211K, committed 2304K, reserved 516096K
}
Event: 8.660 GC heap before
{Heap before GC invocations=4 (full 0):
 garbage-first heap   total 131072K, used 38355K [0x0000000080000000, 0x0000000100000000)
  region size 1024K, 28 young (28672K), 6 survivors (6144K)
 Metaspace       used 20735K, capacity 21173K, committed 21296K, reserved 536576K
  class space    used 2489K, capacity 2659K, committed 2688K, reserved 516096K
}
Event: 8.669 GC heap after
{Heap after GC invocations=5 (full 0):
 garbage-first heap   total 131072K, used 17787K [0x0000000080000000, 0x0000000100000000)
  region size 1024K, 4 young (4096K), 4 survivors (4096K)
 Metaspace       used 20735K, capacity 21173K, committed 21296K, reserved 536576K
  class space    used 2489K, capacity 2659K, committed 2688K, reserved 516096K
}
Event: 10.381 GC heap before
{Heap before GC invocations=6 (full 0):
 garbage-first heap   total 131072K, used 64891K [0x0000000080000000, 0x0000000100000000)
  region size 1024K, 50 young (51200K), 4 survivors (4096K)
 Metaspace       used 25480K, capacity 26017K, committed 26160K, reserved 540672K
  class space    used 3213K, capacity 3424K, committed 3456K, reserved 516096K
}
Event: 10.391 GC heap after
{Heap after GC invocations=7 (full 0):
 garbage-first heap   total 131072K, used 19635K [0x0000000080000000, 0x0000000100000000)
  region size 1024K, 3 young (3072K), 3 survivors (3072K)
 Metaspace       used 25480K, capacity 26017K, committed 26160K, reserved 540672K
  class space    used 3213K, capacity 3424K, committed 3456K, reserved 516096K
}
Event: 11.985 GC heap before
{Heap before GC invocations=7 (full 0):
 garbage-first heap   total 131072K, used 72883K [0x0000000080000000, 0x0000000100000000)
  region size 1024K, 55 young (56320K), 3 survivors (3072K)
 Metaspace       used 30956K, capacity 31668K, committed 31920K, reserved 544768K
  class space    used 4050K, capacity 4314K, committed 4352K, reserved 516096K
}
Event: 11.994 GC heap after
{Heap after GC invocations=8 (full 0):
 garbage-first heap   total 131072K, used 21006K [0x0000000080000000, 0x0000000100000000)
  region size 1024K, 4 young (4096K), 4 survivors (4096K)
 Metaspace       used 30956K, capacity 31668K, committed 31920K, reserved 544768K
  class space    used 4050K, capacity 4314K, committed 4352K, reserved 516096K
}
Event: 12.897 GC heap before
{Heap before GC invocations=8 (full 0):
 garbage-first heap   total 131072K, used 33294K [0x0000000080000000, 0x0000000100000000)
  region size 1024K, 17 young (17408K), 4 survivors (4096K)
 Metaspace       used 34988K, capacity 35770K, committed 35920K, reserved 548864K
  class space    used 4444K, capacity 4768K, committed 4864K, reserved 516096K
}
Event: 12.913 GC heap after
{Heap after GC invocations=9 (full 0):
 garbage-first heap   total 131072K, used 23414K [0x0000000080000000, 0x0000000100000000)
  region size 1024K, 7 young (7168K), 7 survivors (7168K)
 Metaspace       used 34988K, capacity 35770K, committed 35920K, reserved 548864K
  class space    used 4444K, capacity 4768K, committed 4864K, reserved 516096K
}
Event: 14.509 GC heap before
{Heap before GC invocations=10 (full 0):
 garbage-first heap   total 131072K, used 71542K [0x0000000080000000, 0x0000000100000000)
  region size 1024K, 52 young (53248K), 7 survivors (7168K)
 Metaspace       used 39447K, capacity 40318K, committed 40528K, reserved 552960K
  class space    used 4918K, capacity 5255K, committed 5376K, reserved 516096K
}
Event: 14.525 GC heap after
{Heap after GC invocations=11 (full 0):
 garbage-first heap   total 131072K, used 27524K [0x0000000080000000, 0x0000000100000000)
  region size 1024K, 7 young (7168K), 7 survivors (7168K)
 Metaspace       used 39447K, capacity 40318K, committed 40528K, reserved 552960K
  class space    used 4918K, capacity 5255K, committed 5376K, reserved 516096K
}

Deoptimization events (20 events):
Event: 27.274 Thread 0x000001a12f190800 Uncommon trap: trap_request=0xffffff4d fr.pc=0x000001a11d811b10 relative=0x0000000000000550
Event: 27.274 Thread 0x000001a12f190800 Uncommon trap: reason=unstable_if action=reinterpret pc=0x000001a11d811b10 method=java.lang.AbstractStringBuilder.append(Ljava/lang/String;)Ljava/lang/AbstractStringBuilder; @ 1 c2
Event: 27.274 Thread 0x000001a12f190800 DEOPT PACKING pc=0x000001a11d811b10 sp=0x0000008f136fe1a0
Event: 27.274 Thread 0x000001a12f190800 DEOPT UNPACKING pc=0x000001a115d4a1af sp=0x0000008f136fe120 mode 2
Event: 27.275 Thread 0x000001a12f190800 Uncommon trap: trap_request=0xffffff4d fr.pc=0x000001a11d7f8564 relative=0x0000000000000524
Event: 27.275 Thread 0x000001a12f190800 Uncommon trap: reason=unstable_if action=reinterpret pc=0x000001a11d7f8564 method=java.lang.AbstractStringBuilder.append(Ljava/lang/String;)Ljava/lang/AbstractStringBuilder; @ 1 c2
Event: 27.275 Thread 0x000001a12f190800 DEOPT PACKING pc=0x000001a11d7f8564 sp=0x0000008f136fe140
Event: 27.275 Thread 0x000001a12f190800 DEOPT UNPACKING pc=0x000001a115d4a1af sp=0x0000008f136fe128 mode 2
Event: 87.323 Thread 0x000001a12f190800 DEOPT PACKING pc=0x000001a1166786e8 sp=0x0000008f136fe280
Event: 87.323 Thread 0x000001a12f190800 DEOPT UNPACKING pc=0x000001a115d4a95e sp=0x0000008f136fd6c8 mode 0
Event: 152.911 Thread 0x000001a12f198000 Uncommon trap: trap_request=0xffffff4d fr.pc=0x000001a11da0109c relative=0x000000000000007c
Event: 152.911 Thread 0x000001a12f198000 Uncommon trap: reason=unstable_if action=reinterpret pc=0x000001a11da0109c method=java.util.Spliterator.getExactSizeIfKnown()J @ 9 c2
Event: 152.911 Thread 0x000001a12f198000 DEOPT PACKING pc=0x000001a11da0109c sp=0x0000008f139fc170
Event: 152.911 Thread 0x000001a12f198000 DEOPT UNPACKING pc=0x000001a115d4a1af sp=0x0000008f139fc108 mode 2
Event: 152.940 Thread 0x000001a12f198000 DEOPT PACKING pc=0x000001a1166786e8 sp=0x0000008f139f8d10
Event: 152.940 Thread 0x000001a12f198000 DEOPT UNPACKING pc=0x000001a115d4a95e sp=0x0000008f139f8158 mode 0
Event: 153.120 Thread 0x000001a12f198000 Uncommon trap: trap_request=0xffffff4d fr.pc=0x000001a11da18900 relative=0x0000000000000720
Event: 153.120 Thread 0x000001a12f198000 Uncommon trap: reason=unstable_if action=reinterpret pc=0x000001a11da18900 method=java.io.BufferedInputStream.read1([BII)I @ 22 c2
Event: 153.121 Thread 0x000001a12f198000 DEOPT PACKING pc=0x000001a11da18900 sp=0x0000008f139f8210
Event: 153.121 Thread 0x000001a12f198000 DEOPT UNPACKING pc=0x000001a115d4a1af sp=0x0000008f139f8158 mode 2

Classes redefined (0 events):
No events

Internal exceptions (20 events):
Event: 17.357 Thread 0x000001a12daf3000 Exception <a 'java/lang/ClassNotFoundException'{0x0000000086c4ab78}: org/gradle/internal/logging/slf4j/OutputEventListenerBackedLoggerBeanInfo> (0x0000000086c4ab78) thrown at [./src/hotspot/share/classfile/systemDictionary.cpp, line 230]
Event: 17.358 Thread 0x000001a12daf3000 Exception <a 'java/lang/ClassNotFoundException'{0x0000000086c76480}: org/gradle/internal/logging/slf4j/BuildOperationAwareLoggerBeanInfo> (0x0000000086c76480) thrown at [./src/hotspot/share/classfile/systemDictionary.cpp, line 230]
Event: 17.359 Thread 0x000001a12daf3000 Exception <a 'java/lang/ClassNotFoundException'{0x0000000086ca18d8}: org/gradle/internal/logging/slf4j/BuildOperationAwareLoggerCustomizer> (0x0000000086ca18d8) thrown at [./src/hotspot/share/classfile/systemDictionary.cpp, line 230]
Event: 17.363 Thread 0x000001a12daf3000 Exception <a 'java/lang/ClassNotFoundException'{0x0000000086cff058}: org/gradle/internal/logging/slf4j/OutputEventListenerBackedLoggerCustomizer> (0x0000000086cff058) thrown at [./src/hotspot/share/classfile/systemDictionary.cpp, line 230]
Event: 17.374 Thread 0x000001a12daf3000 Exception <a 'java/lang/ClassNotFoundException'{0x0000000086b7b828}: java/lang/ExceptionBeanInfo> (0x0000000086b7b828) thrown at [./src/hotspot/share/classfile/systemDictionary.cpp, line 230]
Event: 17.374 Thread 0x000001a12daf3000 Exception <a 'java/lang/ClassNotFoundException'{0x0000000086b81220}: java/lang/ThrowableBeanInfo> (0x0000000086b81220) thrown at [./src/hotspot/share/classfile/systemDictionary.cpp, line 230]
Event: 17.375 Thread 0x000001a12daf3000 Exception <a 'java/lang/ClassNotFoundException'{0x0000000086b863e8}: java/lang/ThrowableCustomizer> (0x0000000086b863e8) thrown at [./src/hotspot/share/classfile/systemDictionary.cpp, line 230]
Event: 17.376 Thread 0x000001a12daf3000 Exception <a 'java/lang/ClassNotFoundException'{0x0000000086b93648}: java/lang/ExceptionCustomizer> (0x0000000086b93648) thrown at [./src/hotspot/share/classfile/systemDictionary.cpp, line 230]
Event: 17.378 Thread 0x000001a12daf3000 Exception <a 'java/lang/reflect/InvocationTargetException'{0x0000000086b9c4c8}> (0x0000000086b9c4c8) thrown at [./src/hotspot/share/runtime/reflection.cpp, line 1247]
Event: 17.489 Thread 0x000001a12daf3000 Exception <a 'java/lang/NoSuchMethodError'{0x0000000086ac5828}: 'java.lang.Object java.lang.invoke.Invokers$Holder.linkToTargetMethod(java.lang.Object, java.lang.Object, java.lang.Object, int, java.lang.Object, java.lang.Object)'> (0x0000000086ac5828) thrown at [./src/hotspot/share/interpreter/linkResolver.cpp, line 773]
Event: 17.493 Thread 0x000001a12daf3000 Exception <a 'java/lang/NoSuchMethodError'{0x0000000086afce10}: 'java.lang.Object java.lang.invoke.DirectMethodHandle$Holder.invokeStatic(java.lang.Object, java.lang.Object, java.lang.Object, java.lang.Object, int)'> (0x0000000086afce10) thrown at [./src/hotspot/share/interpreter/linkResolver.cpp, line 773]
Event: 17.494 Thread 0x000001a12daf3000 Exception <a 'java/lang/NoSuchMethodError'{0x0000000086901230}: 'java.lang.Object java.lang.invoke.DirectMethodHandle$Holder.invokeSpecial(java.lang.Object, java.lang.Object, java.lang.Object, java.lang.Object, java.lang.Object, int)'> (0x0000000086901230) thrown at [./src/hotspot/share/interpreter/linkResolver.cpp, line 773]
Event: 17.494 Thread 0x000001a12daf3000 Exception <a 'java/lang/NoSuchMethodError'{0x0000000086904dd0}: 'java.lang.Object java.lang.invoke.Invokers$Holder.linkToTargetMethod(java.lang.Object, java.lang.Object, java.lang.Object, int, java.lang.Object)'> (0x0000000086904dd0) thrown at [./src/hotspot/share/interpreter/linkResolver.cpp, line 773]
Event: 17.871 Thread 0x000001a12eb9a800 Exception <a 'java/lang/NoSuchMethodError'{0x0000000086638a50}: <clinit>> (0x0000000086638a50) thrown at [./src/hotspot/share/prims/jni.cpp, line 1367]
Event: 17.874 Thread 0x000001a12eb9a800 Exception <a 'java/lang/NoSuchMethodError'{0x0000000086649b68}: <clinit>> (0x0000000086649b68) thrown at [./src/hotspot/share/prims/jni.cpp, line 1367]
Event: 17.874 Thread 0x000001a12eb9a800 Exception <a 'java/lang/NoSuchMethodError'{0x000000008664b250}: <clinit>> (0x000000008664b250) thrown at [./src/hotspot/share/prims/jni.cpp, line 1367]
Event: 17.877 Thread 0x000001a12eb9a800 Exception <a 'java/lang/NoSuchMethodError'{0x000000008665d3f0}: <clinit>> (0x000000008665d3f0) thrown at [./src/hotspot/share/prims/jni.cpp, line 1367]
Event: 17.878 Thread 0x000001a12eb9a800 Exception <a 'java/lang/NoSuchMethodError'{0x0000000086669578}: <clinit>> (0x0000000086669578) thrown at [./src/hotspot/share/prims/jni.cpp, line 1367]
Event: 27.274 Thread 0x000001a12f190800 Implicit null exception at 0x000001a11d8115f4 to 0x000001a11d811af8
Event: 27.275 Thread 0x000001a12f190800 Implicit null exception at 0x000001a11d7f8074 to 0x000001a11d7f854c

Events (20 events):
Event: 152.947 Executing VM operation: RevokeBias done
Event: 152.949 Thread 0x000001a12fb14000 Thread added: 0x000001a12fb14000
Event: 152.957 Executing VM operation: RevokeBias
Event: 152.961 Executing VM operation: RevokeBias done
Event: 152.962 Executing VM operation: RevokeBias
Event: 152.963 Executing VM operation: RevokeBias done
Event: 152.964 Executing VM operation: RevokeBias
Event: 152.964 Executing VM operation: RevokeBias done
Event: 152.967 Executing VM operation: RevokeBias
Event: 152.967 Executing VM operation: RevokeBias done
Event: 152.979 Executing VM operation: RevokeBias
Event: 152.979 Executing VM operation: RevokeBias done
Event: 152.979 Executing VM operation: RevokeBias
Event: 152.979 Executing VM operation: RevokeBias done
Event: 152.979 Executing VM operation: RevokeBias
Event: 152.980 Executing VM operation: RevokeBias done
Event: 152.980 Executing VM operation: RevokeBias
Event: 152.980 Executing VM operation: RevokeBias done
Event: 153.120 Executing VM operation: RevokeBias
Event: 153.120 Executing VM operation: RevokeBias done


Dynamic libraries:
0x00007ff70e300000 - 0x00007ff70e30d000 	C:\Program Files\OpenJDK\openjdk-11.0.15_10\bin\java.exe
0x00007ff9caeb0000 - 0x00007ff9cb0a7000 	C:\WINDOWS\SYSTEM32\ntdll.dll
0x00007ff9cac10000 - 0x00007ff9caccd000 	C:\WINDOWS\System32\KERNEL32.DLL
0x00007ff9c8810000 - 0x00007ff9c8add000 	C:\WINDOWS\System32\KERNELBASE.dll
0x00007ff9c8c80000 - 0x00007ff9c8d80000 	C:\WINDOWS\System32\ucrtbase.dll
0x00007ff9a5610000 - 0x00007ff9a5628000 	C:\Program Files\OpenJDK\openjdk-11.0.15_10\bin\jli.dll
0x00007ff9c9d10000 - 0x00007ff9c9eb0000 	C:\WINDOWS\System32\USER32.dll
0x00007ff9a56f0000 - 0x00007ff9a5706000 	C:\Program Files\OpenJDK\openjdk-11.0.15_10\bin\VCRUNTIME140.dll
0x00007ff9c8680000 - 0x00007ff9c86a2000 	C:\WINDOWS\System32\win32u.dll
0x00007ff9ca2c0000 - 0x00007ff9ca2ea000 	C:\WINDOWS\System32\GDI32.dll
0x00007ff9b8a90000 - 0x00007ff9b8d2a000 	C:\WINDOWS\WinSxS\amd64_microsoft.windows.common-controls_6595b64144ccf1df_6.0.19041.1110_none_60b5254171f9507e\COMCTL32.dll
0x00007ff9c8ae0000 - 0x00007ff9c8beb000 	C:\WINDOWS\System32\gdi32full.dll
0x00007ff9ca2f0000 - 0x00007ff9ca38e000 	C:\WINDOWS\System32\msvcrt.dll
0x00007ff9c8720000 - 0x00007ff9c87bd000 	C:\WINDOWS\System32\msvcp_win.dll
0x00007ff9c8f10000 - 0x00007ff9c8f40000 	C:\WINDOWS\System32\IMM32.DLL
0x00007ff989b40000 - 0x00007ff989bea000 	C:\Program Files\OpenJDK\openjdk-11.0.15_10\bin\msvcp140.dll
0x00007ff978240000 - 0x00007ff978d91000 	C:\Program Files\OpenJDK\openjdk-11.0.15_10\bin\server\jvm.dll
0x00007ff9c9560000 - 0x00007ff9c960e000 	C:\WINDOWS\System32\ADVAPI32.dll
0x00007ff9ca080000 - 0x00007ff9ca11c000 	C:\WINDOWS\System32\sechost.dll
0x00007ff9c9b30000 - 0x00007ff9c9c55000 	C:\WINDOWS\System32\RPCRT4.dll
0x00007ff9c9f10000 - 0x00007ff9c9f18000 	C:\WINDOWS\System32\PSAPI.DLL
0x00007ff9c02a0000 - 0x00007ff9c02a9000 	C:\WINDOWS\SYSTEM32\WSOCK32.dll
0x00007ff9cacd0000 - 0x00007ff9cad3b000 	C:\WINDOWS\System32\WS2_32.dll
0x00007ff9bb4b0000 - 0x00007ff9bb4d7000 	C:\WINDOWS\SYSTEM32\WINMM.dll
0x00007ff9bf190000 - 0x00007ff9bf19a000 	C:\WINDOWS\SYSTEM32\VERSION.dll
0x00007ff9c6eb0000 - 0x00007ff9c6ec2000 	C:\WINDOWS\SYSTEM32\kernel.appcore.dll
0x00007ff9a51a0000 - 0x00007ff9a51b1000 	C:\Program Files\OpenJDK\openjdk-11.0.15_10\bin\verify.dll
0x00007ff9c6b70000 - 0x00007ff9c6d54000 	C:\WINDOWS\SYSTEM32\DBGHELP.DLL
0x00007ff9c25c0000 - 0x00007ff9c25ec000 	C:\WINDOWS\SYSTEM32\dbgcore.DLL
0x00007ff9c8bf0000 - 0x00007ff9c8c72000 	C:\WINDOWS\System32\bcryptPrimitives.dll
0x00007ff9a5170000 - 0x00007ff9a5199000 	C:\Program Files\OpenJDK\openjdk-11.0.15_10\bin\java.dll
0x00007ff9a9a10000 - 0x00007ff9a9a1a000 	C:\Program Files\OpenJDK\openjdk-11.0.15_10\bin\jimage.dll
0x00007ff9a3bf0000 - 0x00007ff9a3c08000 	C:\Program Files\OpenJDK\openjdk-11.0.15_10\bin\zip.dll
0x00007ff9ca440000 - 0x00007ff9cab84000 	C:\WINDOWS\System32\SHELL32.dll
0x00007ff9c63d0000 - 0x00007ff9c6b64000 	C:\WINDOWS\SYSTEM32\windows.storage.dll
0x00007ff9c9690000 - 0x00007ff9c99e4000 	C:\WINDOWS\System32\combase.dll
0x00007ff9c8030000 - 0x00007ff9c805c000 	C:\WINDOWS\SYSTEM32\Wldp.dll
0x00007ff9ca390000 - 0x00007ff9ca43d000 	C:\WINDOWS\System32\SHCORE.dll
0x00007ff9c9eb0000 - 0x00007ff9c9f05000 	C:\WINDOWS\System32\shlwapi.dll
0x00007ff9c8510000 - 0x00007ff9c852f000 	C:\WINDOWS\SYSTEM32\profapi.dll
0x00007ff9a3bd0000 - 0x00007ff9a3be9000 	C:\Program Files\OpenJDK\openjdk-11.0.15_10\bin\net.dll
0x00007ff9c00d0000 - 0x00007ff9c01da000 	C:\WINDOWS\SYSTEM32\WINHTTP.dll
0x00007ff9c7d90000 - 0x00007ff9c7dfa000 	C:\WINDOWS\system32\mswsock.dll
0x00007ff9a31a0000 - 0x00007ff9a31b3000 	C:\Program Files\OpenJDK\openjdk-11.0.15_10\bin\nio.dll
0x00007ff9b6aa0000 - 0x00007ff9b6ac7000 	C:\Users\Tom\.gradle\native\e1d6ef7f7dcc3fd88c89a11ec53ec762bb8ba0a96d01ffa2cd45eb1d1d8dd5c5\windows-amd64\native-platform.dll
0x00007ff988110000 - 0x00007ff988254000 	C:\Users\Tom\.gradle\native\5664cfc778a61ccfe75a443a1ab52a65af34e5dc3c78e0209fed803814484fcb\windows-amd64\native-platform-file-events.dll
0x00007ff9a9a20000 - 0x00007ff9a9a29000 	C:\Program Files\OpenJDK\openjdk-11.0.15_10\bin\management.dll
0x00007ff9a6560000 - 0x00007ff9a656c000 	C:\Program Files\OpenJDK\openjdk-11.0.15_10\bin\management_ext.dll
0x00007ff9c7f80000 - 0x00007ff9c7f98000 	C:\WINDOWS\SYSTEM32\CRYPTSP.dll
0x00007ff9c7640000 - 0x00007ff9c7674000 	C:\WINDOWS\system32\rsaenh.dll
0x00007ff9c8d80000 - 0x00007ff9c8da7000 	C:\WINDOWS\System32\bcrypt.dll
0x00007ff9c8490000 - 0x00007ff9c84be000 	C:\WINDOWS\SYSTEM32\USERENV.dll
0x00007ff9c7fa0000 - 0x00007ff9c7fac000 	C:\WINDOWS\SYSTEM32\CRYPTBASE.dll
0x00007ff9c7a30000 - 0x00007ff9c7a6b000 	C:\WINDOWS\SYSTEM32\IPHLPAPI.DLL
0x00007ff9cad40000 - 0x00007ff9cad48000 	C:\WINDOWS\System32\NSI.dll
0x00007ff9c0490000 - 0x00007ff9c04a7000 	C:\WINDOWS\SYSTEM32\dhcpcsvc6.DLL
0x00007ff9c0eb0000 - 0x00007ff9c0ecd000 	C:\WINDOWS\SYSTEM32\dhcpcsvc.DLL
0x00007ff9c7ac0000 - 0x00007ff9c7b8b000 	C:\WINDOWS\SYSTEM32\DNSAPI.dll

dbghelp: loaded successfully - version: 4.0.5 - missing functions: none
symbol engine: initialized successfully - sym options: 0x614 - pdb path: .;C:\Program Files\OpenJDK\openjdk-11.0.15_10\bin;C:\WINDOWS\SYSTEM32;C:\WINDOWS\WinSxS\amd64_microsoft.windows.common-controls_6595b64144ccf1df_6.0.19041.1110_none_60b5254171f9507e;C:\Program Files\OpenJDK\openjdk-11.0.15_10\bin\server;C:\Users\Tom\.gradle\native\e1d6ef7f7dcc3fd88c89a11ec53ec762bb8ba0a96d01ffa2cd45eb1d1d8dd5c5\windows-amd64;C:\Users\Tom\.gradle\native\5664cfc778a61ccfe75a443a1ab52a65af34e5dc3c78e0209fed803814484fcb\windows-amd64

VM Arguments:
jvm_args: -XX:MaxMetaspaceSize=512m --add-opens=java.base/java.util=ALL-UNNAMED --add-opens=java.base/java.lang=ALL-UNNAMED --add-opens=java.base/java.lang.invoke=ALL-UNNAMED --add-opens=java.base/java.util=ALL-UNNAMED --add-opens=java.prefs/java.util.prefs=ALL-UNNAMED --add-opens=java.prefs/java.util.prefs=ALL-UNNAMED --add-opens=java.base/java.nio.charset=ALL-UNNAMED --add-opens=java.base/java.net=ALL-UNNAMED --add-opens=java.base/java.util.concurrent.atomic=ALL-UNNAMED -Xmx2048m -Dfile.encoding=windows-1252 -Duser.country=GB -Duser.language=en -Duser.variant 
java_command: org.gradle.launcher.daemon.bootstrap.GradleDaemon 7.3.3
java_class_path (initial): C:\Users\Tom\.gradle\wrapper\dists\gradle-7.3.3-all\4295vidhdd9hd3gbjyw1xqxpo\gradle-7.3.3\lib\gradle-launcher-7.3.3.jar
Launcher Type: SUN_STANDARD

[Global flags]
     intx CICompilerCount                          = 3                                         {product} {ergonomic}
   size_t CompressedClassSpaceSize                 = 528482304                                 {product} {ergonomic}
     uint ConcGCThreads                            = 1                                         {product} {ergonomic}
     uint G1ConcRefinementThreads                  = 4                                         {product} {ergonomic}
   size_t G1HeapRegionSize                         = 1048576                                   {product} {ergonomic}
    uintx GCDrainStackTargetSize                   = 64                                        {product} {ergonomic}
   size_t InitialHeapSize                          = 134217728                                 {product} {ergonomic}
   size_t MarkStackSize                            = 4194304                                   {product} {ergonomic}
   size_t MaxHeapSize                              = 2147483648                                {product} {command line}
   size_t MaxMetaspaceSize                         = 536870912                                 {product} {command line}
   size_t MaxNewSize                               = 1287651328                                {product} {ergonomic}
   size_t MinHeapDeltaBytes                        = 1048576                                   {product} {ergonomic}
    uintx NonNMethodCodeHeapSize                   = 5830732                                {pd product} {ergonomic}
    uintx NonProfiledCodeHeapSize                  = 122913754                              {pd product} {ergonomic}
    uintx ProfiledCodeHeapSize                     = 122913754                              {pd product} {ergonomic}
    uintx ReservedCodeCacheSize                    = 251658240                              {pd product} {ergonomic}
     bool SegmentedCodeCache                       = true                                      {product} {ergonomic}
     bool UseCompressedClassPointers               = true                                 {lp64_product} {ergonomic}
     bool UseCompressedOops                        = true                                 {lp64_product} {ergonomic}
     bool UseG1GC                                  = true                                      {product} {ergonomic}
     bool UseLargePagesIndividualAllocation        = false                                  {pd product} {ergonomic}

Logging:
Log output configuration:
 #0: stdout all=warning uptime,level,tags
 #1: stderr all=off uptime,level,tags

Environment Variables:
JAVA_HOME=C:\Program Files\OpenJDK\openjdk-11.0.15_10
CLASSPATH=C:\Users\Tom\Documents\Programmation\React Native\projectRNcli\android\\gradle\wrapper\gradle-wrapper.jar
PATH=C:\Users\Tom\Documents\Programmation\React Native\projectRNcli\android\node_modules\.bin;C:\Users\Tom\Documents\Programmation\React Native\projectRNcli\node_modules\.bin;C:\Users\Tom\Documents\Programmation\React Native\node_modules\.bin;C:\Users\Tom\Documents\Programmation\node_modules\.bin;C:\Users\Tom\Documents\node_modules\.bin;C:\Users\Tom\node_modules\.bin;C:\Users\node_modules\.bin;C:\node_modules\.bin;C:\Program Files\nodejs;C:\Users\Tom\Documents\Programmation\React Native\projectRNcli\node_modules\.bin;C:\Users\Tom\Documents\Programmation\React Native\node_modules\.bin;C:\Users\Tom\Documents\Programmation\node_modules\.bin;C:\Users\Tom\Documents\node_modules\.bin;C:\Users\Tom\node_modules\.bin;C:\Users\node_modules\.bin;C:\node_modules\.bin;C:\Program Files\nodejs\node_modules\npm\node_modules\@npmcli\run-script\lib\node-gyp-bin;C:\Python310\Scripts\;C:\Python310\;C:\Program Files\Common Files\Oracle\Java\javapath;C:\Program Files (x86)\Intel\Intel(R) Management Engine Components\iCLS\;C:\Program Files\Intel\Intel(R) Management Engine Components\iCLS\;C:\windows\system32;C:\windows;C:\windows\System32\Wbem;C:\windows\System32\WindowsPowerShell\v1.0\;C:\Program Files (x86)\Intel\Intel(R) Management Engine Components\DAL;C:\Program Files\Intel\Intel(R) Management Engine Components\DAL;C:\Program Files (x86)\Intel\Intel(R) Management Engine Components\IPT;C:\Program Files\Intel\Intel(R) Management Engine Components\IPT;C:\Program Files (x86)\NVIDIA Corporation\PhysX\Common;C:\WINDOWS\system32;C:\WINDOWS;C:\WINDOWS\System32\Wbem;C:\WINDOWS\System32\WindowsPowerShell\v1.0\;C:\WINDOWS\System32\OpenSSH\;C:\Program Files\Microchip\xc8\v2.36\bin;C:\ProgramData\chocolatey\bin;C:\Program Files\OpenJDK\openjdk-11.0.15_10\bin;C:\Program Files\nodejs\;C:\Users\Tom\AppData\Local\Microsoft\WindowsApps;C:\Users\Tom\AppData\Local\Programs\Microsoft VS Code\bin;C:\Users\Tom\AppData\Local\Android\Sdk\platform-tools;C:\Users\Tom\AppData\Roaming\npm;C:\Users\Tom\Documents\Pro
USERNAME=Tom
LANG=en_GB.UTF-8
OS=Windows_NT
PROCESSOR_IDENTIFIER=Intel64 Family 6 Model 142 Stepping 10, GenuineIntel



---------------  S Y S T E M  ---------------

OS: Windows 10 , 64 bit Build 19041 (10.0.19041.1741)
OS uptime: 0 days 6:06 hours

CPU:total 4 (initial active 4) (2 cores per cpu, 2 threads per core) family 6 model 142 stepping 10 microcode 0xb4, cmov, cx8, fxsr, mmx, sse, sse2, sse3, ssse3, sse4.1, sse4.2, popcnt, avx, avx2, aes, clmul, erms, 3dnowpref, lzcnt, ht, tsc, tscinvbit, bmi1, bmi2, adx, fma

Memory: 4k page, system-wide physical 8107M (1393M free)
TotalPageFile size 8107M (AvailPageFile size 5M)
current process WorkingSet (physical memory assigned to process): 205M, peak: 233M
current process commit charge ("private bytes"): 285M, peak: 316M

vm_info: OpenJDK 64-Bit Server VM (11.0.15+10) for windows-amd64 JRE (11.0.15+10), built on Apr 21 2022 21:29:46 by "tester" with MS VC++ 15.5 (VS2017)

END.
