#
# There is insufficient memory for the Java Runtime Environment to continue.
# Native memory allocation (malloc) failed to allocate 283136 bytes for Chunk::new
# Possible reasons:
#   The system is out of physical RAM or swap space
#   The process is running with CompressedOops enabled, and the Java Heap may be blocking the growth of the native heap
# Possible solutions:
#   Reduce memory load on the system
#   Increase physical memory or swap space
#   Check if swap backing store is full
#   Decrease Java heap size (-Xmx/-Xms)
#   Decrease number of Java threads
#   Decrease Java thread stack sizes (-Xss)
#   Set larger code cache with -XX:ReservedCodeCacheSize=
#   JVM is running with Unscaled Compressed Oops mode in which the Java heap is
#     placed in the first 4GB address space. The Java Heap base address is the
#     maximum limit for the native heap growth. Please use -XX:HeapBaseMinAddress
#     to set the Java Heap base and to place the Java Heap above 4GB virtual address.
# This output file may be truncated or incomplete.
#
#  Out of Memory Error (./src/hotspot/share/memory/arena.cpp:197), pid=16060, tid=15344
#
# JRE version: OpenJDK Runtime Environment 18.9 (11.0.15+10) (build 11.0.15+10)
# Java VM: OpenJDK 64-Bit Server VM 18.9 (11.0.15+10, mixed mode, tiered, compressed oops, g1 gc, windows-amd64)
# No core dump will be written. Minidumps are not enabled by default on client versions of Windows
#

---------------  S U M M A R Y ------------

Command Line: -XX:MaxMetaspaceSize=512m --add-opens=java.base/java.util=ALL-UNNAMED --add-opens=java.base/java.lang=ALL-UNNAMED --add-opens=java.base/java.lang.invoke=ALL-UNNAMED --add-opens=java.base/java.util=ALL-UNNAMED --add-opens=java.prefs/java.util.prefs=ALL-UNNAMED --add-opens=java.prefs/java.util.prefs=ALL-UNNAMED --add-opens=java.base/java.nio.charset=ALL-UNNAMED --add-opens=java.base/java.net=ALL-UNNAMED --add-opens=java.base/java.util.concurrent.atomic=ALL-UNNAMED -Xmx2048m -Dfile.encoding=windows-1252 -Duser.country=GB -Duser.language=en -Duser.variant org.gradle.launcher.daemon.bootstrap.GradleDaemon 7.3.3

Host: Intel(R) Core(TM) i3-7020U CPU @ 2.30GHz, 4 cores, 7G,  Windows 10 , 64 bit Build 19041 (10.0.19041.1741)
Time: Sun Jul  3 17:15:46 2022 Romance Summer Time elapsed time: 53.241709 seconds (0d 0h 0m 53s)

---------------  T H R E A D  ---------------

Current thread (0x000001b617349000):  JavaThread "C2 CompilerThread1" daemon [_thread_in_native, id=15344, stack(0x00000050a3000000,0x00000050a3100000)]


Current CompileTask:
C2:  53241 11991   !   4       java.net.URL::<init> (543 bytes)

Stack: [0x00000050a3000000,0x00000050a3100000]
Native frames: (J=compiled Java code, j=interpreted, Vv=VM code, C=native code)
V  [jvm.dll+0x64dd3a]
V  [jvm.dll+0x7906c9]
V  [jvm.dll+0x791d9c]
V  [jvm.dll+0x792463]
V  [jvm.dll+0x265048]
V  [jvm.dll+0xc9da1]
V  [jvm.dll+0xca35c]
V  [jvm.dll+0x2d81f4]
V  [jvm.dll+0x55a6c6]
V  [jvm.dll+0x21fb75]
V  [jvm.dll+0x21d138]
V  [jvm.dll+0x19dd21]
V  [jvm.dll+0x22cc80]
V  [jvm.dll+0x22af81]
V  [jvm.dll+0x75254c]
V  [jvm.dll+0x74b12d]
V  [jvm.dll+0x64c8a6]
C  [ucrtbase.dll+0x21bb2]
C  [KERNEL32.DLL+0x17034]
C  [ntdll.dll+0x52651]


---------------  P R O C E S S  ---------------

Threads class SMR info:
_java_thread_list=0x000001b61c8cf760, length=92, elements={
0x000001b673dc2800, 0x000001b67f554000, 0x000001b67f55c800, 0x000001b67f5b7000,
0x000001b67f5bb000, 0x000001b67f5bc000, 0x000001b615004000, 0x000001b615006000,
0x000001b61500f000, 0x000001b615162800, 0x000001b61693b000, 0x000001b61688c800,
0x000001b6167e7800, 0x000001b61774a800, 0x000001b6177fc800, 0x000001b616392800,
0x000001b61708d800, 0x000001b6171b1000, 0x000001b6171fa800, 0x000001b616e57800,
0x000001b617ac6000, 0x000001b617ac8800, 0x000001b617ac6800, 0x000001b617ac7800,
0x000001b618595000, 0x000001b618595800, 0x000001b618597000, 0x000001b618598000,
0x000001b618599800, 0x000001b618599000, 0x000001b61859b800, 0x000001b61859c000,
0x000001b618596800, 0x000001b61859d800, 0x000001b6185a2000, 0x000001b61859e800,
0x000001b61859f800, 0x000001b6185a2800, 0x000001b61859d000, 0x000001b6185a3800,
0x000001b6161c4800, 0x000001b6161c3800, 0x000001b6161c6000, 0x000001b6161c3000,
0x000001b6161c5800, 0x000001b6161c7000, 0x000001b6161c1000, 0x000001b6161c8000,
0x000001b6161c2000, 0x000001b6161ca000, 0x000001b6161cc800, 0x000001b6161cc000,
0x000001b6161c8800, 0x000001b6161cb000, 0x000001b6161cd800, 0x000001b6161ce800,
0x000001b6161cf000, 0x000001b6161c9800, 0x000001b6161d0000, 0x000001b617913000,
0x000001b61790e000, 0x000001b617912000, 0x000001b617914000, 0x000001b61790f800,
0x000001b61790f000, 0x000001b617914800, 0x000001b617910800, 0x000001b617915800,
0x000001b617911800, 0x000001b617918000, 0x000001b617917000, 0x000001b617918800,
0x000001b617919800, 0x000001b617916000, 0x000001b61791c000, 0x000001b61710a800,
0x000001b617106800, 0x000001b617105000, 0x000001b617108000, 0x000001b61710b800,
0x000001b617107800, 0x000001b617105800, 0x000001b617109000, 0x000001b617349000,
0x000001b61791a800, 0x000001b61791b000, 0x000001b61791d000, 0x000001b61a4ad000,
0x000001b61a4aa800, 0x000001b61a4af000, 0x000001b61a4ab800, 0x000001b61a4ae000
}

Java Threads: ( => current thread )
  0x000001b673dc2800 JavaThread "main" [_thread_blocked, id=15004, stack(0x00000050a0000000,0x00000050a0100000)]
  0x000001b67f554000 JavaThread "Reference Handler" daemon [_thread_blocked, id=11168, stack(0x00000050a0700000,0x00000050a0800000)]
  0x000001b67f55c800 JavaThread "Finalizer" daemon [_thread_blocked, id=17916, stack(0x00000050a0800000,0x00000050a0900000)]
  0x000001b67f5b7000 JavaThread "Signal Dispatcher" daemon [_thread_blocked, id=5748, stack(0x00000050a0900000,0x00000050a0a00000)]
  0x000001b67f5bb000 JavaThread "Attach Listener" daemon [_thread_blocked, id=2736, stack(0x00000050a0a00000,0x00000050a0b00000)]
  0x000001b67f5bc000 JavaThread "Service Thread" daemon [_thread_blocked, id=11884, stack(0x00000050a0b00000,0x00000050a0c00000)]
  0x000001b615004000 JavaThread "C2 CompilerThread0" daemon [_thread_in_native, id=12764, stack(0x00000050a0c00000,0x00000050a0d00000)]
  0x000001b615006000 JavaThread "C1 CompilerThread0" daemon [_thread_blocked, id=8176, stack(0x00000050a0d00000,0x00000050a0e00000)]
  0x000001b61500f000 JavaThread "Sweeper thread" daemon [_thread_blocked, id=11788, stack(0x00000050a0e00000,0x00000050a0f00000)]
  0x000001b615162800 JavaThread "Common-Cleaner" daemon [_thread_blocked, id=12560, stack(0x00000050a0f00000,0x00000050a1000000)]
  0x000001b61693b000 JavaThread "Daemon health stats" [_thread_blocked, id=3436, stack(0x00000050a1400000,0x00000050a1500000)]
  0x000001b61688c800 JavaThread "Incoming local TCP Connector on port 50703" [_thread_in_native, id=8216, stack(0x00000050a1100000,0x00000050a1200000)]
  0x000001b6167e7800 JavaThread "Daemon periodic checks" [_thread_blocked, id=9420, stack(0x00000050a1500000,0x00000050a1600000)]
  0x000001b61774a800 JavaThread "Daemon" [_thread_blocked, id=15808, stack(0x00000050a1600000,0x00000050a1700000)]
  0x000001b6177fc800 JavaThread "Handler for socket connection from /127.0.0.1:50703 to /127.0.0.1:50704" [_thread_in_native, id=12028, stack(0x00000050a1700000,0x00000050a1800000)]
  0x000001b616392800 JavaThread "Cancel handler" [_thread_blocked, id=16144, stack(0x00000050a1800000,0x00000050a1900000)]
  0x000001b61708d800 JavaThread "Daemon worker" [_thread_blocked, id=14788, stack(0x00000050a1900000,0x00000050a1a00000)]
  0x000001b6171b1000 JavaThread "Asynchronous log dispatcher for DefaultDaemonConnection: socket connection from /127.0.0.1:50703 to /127.0.0.1:50704" [_thread_blocked, id=18128, stack(0x00000050a1a00000,0x00000050a1b00000)]
  0x000001b6171fa800 JavaThread "Stdin handler" [_thread_blocked, id=2028, stack(0x00000050a1b00000,0x00000050a1c00000)]
  0x000001b616e57800 JavaThread "Daemon client event forwarder" [_thread_blocked, id=17976, stack(0x00000050a1c00000,0x00000050a1d00000)]
  0x000001b617ac6000 JavaThread "Cache worker for journal cache (C:\Users\Tom\.gradle\caches\journal-1)" [_thread_blocked, id=15168, stack(0x00000050a1d00000,0x00000050a1e00000)]
  0x000001b617ac8800 JavaThread "File lock request listener" [_thread_in_native, id=5384, stack(0x00000050a1e00000,0x00000050a1f00000)]
  0x000001b617ac6800 JavaThread "Cache worker for file hash cache (C:\Users\Tom\.gradle\caches\7.3.3\fileHashes)" [_thread_blocked, id=6300, stack(0x00000050a2000000,0x00000050a2100000)]
  0x000001b617ac7800 JavaThread "Cache worker for file hash cache (C:\Users\Tom\Documents\Programmation\React Native\projectRNcli\android\.gradle\7.3.3\fileHashes)" [_thread_blocked, id=4452, stack(0x00000050a2100000,0x00000050a2200000)]
  0x000001b618595000 JavaThread "File watcher server" daemon [_thread_in_native, id=5876, stack(0x00000050a2200000,0x00000050a2300000)]
  0x000001b618595800 JavaThread "File watcher consumer" daemon [_thread_blocked, id=14772, stack(0x00000050a2300000,0x00000050a2400000)]
  0x000001b618597000 JavaThread "Cache worker for checksums cache (C:\Users\Tom\Documents\Programmation\React Native\projectRNcli\android\.gradle\7.3.3\checksums)" [_thread_blocked, id=16420, stack(0x00000050a2400000,0x00000050a2500000)]
  0x000001b618598000 JavaThread "Cache worker for cache directory md-supplier (C:\Users\Tom\.gradle\caches\7.3.3\md-supplier)" [_thread_blocked, id=14148, stack(0x00000050a2600000,0x00000050a2700000)]
  0x000001b618599800 JavaThread "Cache worker for cache directory md-rule (C:\Users\Tom\.gradle\caches\7.3.3\md-rule)" [_thread_blocked, id=18188, stack(0x00000050a2700000,0x00000050a2800000)]
  0x000001b618599000 JavaThread "Cache worker for execution history cache (C:\Users\Tom\.gradle\caches\7.3.3\executionHistory)" [_thread_blocked, id=11520, stack(0x00000050a2800000,0x00000050a2900000)]
  0x000001b61859b800 JavaThread "jar transforms" [_thread_blocked, id=17320, stack(0x00000050a2900000,0x00000050a2a00000)]
  0x000001b61859c000 JavaThread "jar transforms Thread 2" [_thread_blocked, id=6248, stack(0x00000050a2a00000,0x00000050a2b00000)]
  0x000001b618596800 JavaThread "Cache worker for file content cache (C:\Users\Tom\.gradle\caches\7.3.3\fileContent)" [_thread_blocked, id=4140, stack(0x00000050a2b00000,0x00000050a2c00000)]
  0x000001b61859d800 JavaThread "jar transforms Thread 3" [_thread_blocked, id=13704, stack(0x00000050a2c00000,0x00000050a2d00000)]
  0x000001b6185a2000 JavaThread "jar transforms Thread 4" [_thread_blocked, id=16920, stack(0x00000050a2d00000,0x00000050a2e00000)]
  0x000001b61859e800 JavaThread "Cache worker for kotlin-dsl (C:\Users\Tom\.gradle\caches\7.3.3\kotlin-dsl)" [_thread_blocked, id=15400, stack(0x00000050a2e00000,0x00000050a2f00000)]
  0x000001b61859f800 JavaThread "Cache worker for dependencies-accessors (C:\Users\Tom\Documents\Programmation\React Native\projectRNcli\android\.gradle\7.3.3\dependencies-accessors)" [_thread_blocked, id=6820, stack(0x00000050a2f00000,0x00000050a3000000)]
  0x000001b6185a2800 JavaThread "Cache worker for Build Output Cleanup Cache (C:\Users\Tom\Documents\Programmation\React Native\projectRNcli\node_modules\react-native-gradle-plugin\.gradle\buildOutputCleanup)" [_thread_blocked, id=12068, stack(0x00000050a2500000,0x00000050a2600000)]
  0x000001b61859d000 JavaThread "Unconstrained build operations" [_thread_blocked, id=15388, stack(0x00000050a3100000,0x00000050a3200000)]
  0x000001b6185a3800 JavaThread "Unconstrained build operations Thread 2" [_thread_blocked, id=8864, stack(0x00000050a3200000,0x00000050a3300000)]
  0x000001b6161c4800 JavaThread "Unconstrained build operations Thread 3" [_thread_blocked, id=4500, stack(0x00000050a3300000,0x00000050a3400000)]
  0x000001b6161c3800 JavaThread "Unconstrained build operations Thread 4" [_thread_blocked, id=6576, stack(0x00000050a3400000,0x00000050a3500000)]
  0x000001b6161c6000 JavaThread "Unconstrained build operations Thread 5" [_thread_blocked, id=7292, stack(0x00000050a3500000,0x00000050a3600000)]
  0x000001b6161c3000 JavaThread "Unconstrained build operations Thread 6" [_thread_blocked, id=8872, stack(0x00000050a3600000,0x00000050a3700000)]
  0x000001b6161c5800 JavaThread "Unconstrained build operations Thread 7" [_thread_blocked, id=17204, stack(0x00000050a3700000,0x00000050a3800000)]
  0x000001b6161c7000 JavaThread "Unconstrained build operations Thread 8" [_thread_blocked, id=2080, stack(0x00000050a3800000,0x00000050a3900000)]
  0x000001b6161c1000 JavaThread "Unconstrained build operations Thread 9" [_thread_blocked, id=15256, stack(0x00000050a3900000,0x00000050a3a00000)]
  0x000001b6161c8000 JavaThread "Unconstrained build operations Thread 10" [_thread_blocked, id=12360, stack(0x00000050a3a00000,0x00000050a3b00000)]
  0x000001b6161c2000 JavaThread "Unconstrained build operations Thread 11" [_thread_blocked, id=14100, stack(0x00000050a3b00000,0x00000050a3c00000)]
  0x000001b6161ca000 JavaThread "Unconstrained build operations Thread 12" [_thread_blocked, id=8244, stack(0x00000050a3c00000,0x00000050a3d00000)]
  0x000001b6161cc800 JavaThread "Unconstrained build operations Thread 13" [_thread_blocked, id=10760, stack(0x00000050a3d00000,0x00000050a3e00000)]
  0x000001b6161cc000 JavaThread "Unconstrained build operations Thread 14" [_thread_blocked, id=7800, stack(0x00000050a3e00000,0x00000050a3f00000)]
  0x000001b6161c8800 JavaThread "Unconstrained build operations Thread 15" [_thread_blocked, id=7136, stack(0x00000050a3f00000,0x00000050a4000000)]
  0x000001b6161cb000 JavaThread "Unconstrained build operations Thread 16" [_thread_blocked, id=16524, stack(0x00000050a4000000,0x00000050a4100000)]
  0x000001b6161cd800 JavaThread "Unconstrained build operations Thread 17" [_thread_blocked, id=5596, stack(0x00000050a4100000,0x00000050a4200000)]
  0x000001b6161ce800 JavaThread "Unconstrained build operations Thread 18" [_thread_blocked, id=15364, stack(0x00000050a4200000,0x00000050a4300000)]
  0x000001b6161cf000 JavaThread "Unconstrained build operations Thread 19" [_thread_blocked, id=1020, stack(0x00000050a4300000,0x00000050a4400000)]
  0x000001b6161c9800 JavaThread "Unconstrained build operations Thread 20" [_thread_blocked, id=11256, stack(0x00000050a4400000,0x00000050a4500000)]
  0x000001b6161d0000 JavaThread "Unconstrained build operations Thread 21" [_thread_blocked, id=14484, stack(0x00000050a4500000,0x00000050a4600000)]
  0x000001b617913000 JavaThread "Unconstrained build operations Thread 22" [_thread_blocked, id=16008, stack(0x00000050a4600000,0x00000050a4700000)]
  0x000001b61790e000 JavaThread "Unconstrained build operations Thread 23" [_thread_blocked, id=8520, stack(0x00000050a4700000,0x00000050a4800000)]
  0x000001b617912000 JavaThread "Unconstrained build operations Thread 24" [_thread_blocked, id=10352, stack(0x00000050a4800000,0x00000050a4900000)]
  0x000001b617914000 JavaThread "Unconstrained build operations Thread 25" [_thread_blocked, id=9956, stack(0x00000050a4900000,0x00000050a4a00000)]
  0x000001b61790f800 JavaThread "Unconstrained build operations Thread 26" [_thread_blocked, id=12488, stack(0x00000050a4a00000,0x00000050a4b00000)]
  0x000001b61790f000 JavaThread "Unconstrained build operations Thread 27" [_thread_blocked, id=3476, stack(0x00000050a4b00000,0x00000050a4c00000)]
  0x000001b617914800 JavaThread "Unconstrained build operations Thread 28" [_thread_blocked, id=2304, stack(0x00000050a4c00000,0x00000050a4d00000)]
  0x000001b617910800 JavaThread "Unconstrained build operations Thread 29" [_thread_blocked, id=7100, stack(0x00000050a4d00000,0x00000050a4e00000)]
  0x000001b617915800 JavaThread "Unconstrained build operations Thread 30" [_thread_blocked, id=10216, stack(0x00000050a4e00000,0x00000050a4f00000)]
  0x000001b617911800 JavaThread "Unconstrained build operations Thread 31" [_thread_blocked, id=15380, stack(0x00000050a4f00000,0x00000050a5000000)]
  0x000001b617918000 JavaThread "Unconstrained build operations Thread 32" [_thread_blocked, id=6540, stack(0x00000050a5000000,0x00000050a5100000)]
  0x000001b617917000 JavaThread "Unconstrained build operations Thread 33" [_thread_blocked, id=3588, stack(0x00000050a5100000,0x00000050a5200000)]
  0x000001b617918800 JavaThread "build event listener" [_thread_blocked, id=16020, stack(0x00000050a5200000,0x00000050a5300000)]
  0x000001b617919800 JavaThread "Memory manager" [_thread_blocked, id=12424, stack(0x00000050a5300000,0x00000050a5400000)]
  0x000001b617916000 JavaThread "Cache worker for Build Output Cleanup Cache (C:\Users\Tom\Documents\Programmation\React Native\projectRNcli\android\.gradle\buildOutputCleanup)" [_thread_blocked, id=16224, stack(0x00000050a5400000,0x00000050a5500000)]
  0x000001b61791c000 JavaThread "included builds" [_thread_blocked, id=7952, stack(0x00000050a5500000,0x00000050a5600000)]
  0x000001b61710a800 JavaThread "Cache worker for execution history cache (C:\Users\Tom\Documents\Programmation\React Native\projectRNcli\node_modules\react-native-gradle-plugin\.gradle\7.3.3\executionHistory)" [_thread_blocked, id=10312, stack(0x00000050a5900000,0x00000050a5a00000)]
  0x000001b617106800 JavaThread "Unconstrained build operations Thread 34" [_thread_blocked, id=7088, stack(0x00000050a5a00000,0x00000050a5b00000)]
  0x000001b617105000 JavaThread "Unconstrained build operations Thread 35" [_thread_blocked, id=15840, stack(0x00000050a5b00000,0x00000050a5c00000)]
  0x000001b617108000 JavaThread "Unconstrained build operations Thread 36" [_thread_blocked, id=648, stack(0x00000050a5c00000,0x00000050a5d00000)]
  0x000001b61710b800 JavaThread "Unconstrained build operations Thread 37" [_thread_blocked, id=7532, stack(0x00000050a5d00000,0x00000050a5e00000)]
  0x000001b617107800 JavaThread "Unconstrained build operations Thread 38" [_thread_blocked, id=3148, stack(0x00000050a5e00000,0x00000050a5f00000)]
  0x000001b617105800 JavaThread "Unconstrained build operations Thread 39" [_thread_blocked, id=4400, stack(0x00000050a5f00000,0x00000050a6000000)]
  0x000001b617109000 JavaThread "Unconstrained build operations Thread 40" [_thread_blocked, id=14016, stack(0x00000050a6000000,0x00000050a6100000)]
=>0x000001b617349000 JavaThread "C2 CompilerThread1" daemon [_thread_in_native, id=15344, stack(0x00000050a3000000,0x00000050a3100000)]
  0x000001b61791a800 JavaThread "Execution worker for ':'" [_thread_blocked, id=14968, stack(0x00000050a5700000,0x00000050a5800000)]
  0x000001b61791b000 JavaThread "Execution worker for ':' Thread 2" [_thread_blocked, id=7008, stack(0x00000050a5800000,0x00000050a5900000)]
  0x000001b61791d000 JavaThread "Execution worker for ':' Thread 3" [_thread_blocked, id=15588, stack(0x00000050a6100000,0x00000050a6200000)]
  0x000001b61a4ad000 JavaThread "Cache worker for execution history cache (C:\Users\Tom\Documents\Programmation\React Native\projectRNcli\android\.gradle\7.3.3\executionHistory)" [_thread_blocked, id=18092, stack(0x00000050a6200000,0x00000050a6300000)]
  0x000001b61a4aa800 JavaThread "WorkerExecutor Queue" [_thread_blocked, id=5656, stack(0x00000050a6300000,0x00000050a6400000)]
  0x000001b61a4af000 JavaThread "pool-3-thread-1" [_thread_blocked, id=18016, stack(0x00000050a6400000,0x00000050a6500000)]
  0x000001b61a4ab800 JavaThread "stderr" [_thread_blocked, id=16984, stack(0x00000050a6500000,0x00000050a6600000)]
  0x000001b61a4ae000 JavaThread "stdout" [_thread_in_native, id=17900, stack(0x00000050a6600000,0x00000050a6700000)]

Other Threads:
  0x000001b67f553000 VMThread "VM Thread" [stack: 0x00000050a0600000,0x00000050a0700000] [id=15304]
  0x000001b6151c7800 WatcherThread [stack: 0x00000050a1000000,0x00000050a1100000] [id=16812]
  0x000001b673ddb000 GCTaskThread "GC Thread#0" [stack: 0x00000050a0100000,0x00000050a0200000] [id=668]
  0x000001b6156e4800 GCTaskThread "GC Thread#1" [stack: 0x00000050a1200000,0x00000050a1300000] [id=13860]
  0x000001b615460000 GCTaskThread "GC Thread#2" [stack: 0x00000050a1300000,0x00000050a1400000] [id=5624]
  0x000001b6168b3800 GCTaskThread "GC Thread#3" [stack: 0x00000050a1f00000,0x00000050a2000000] [id=13388]
  0x000001b673e0d000 ConcurrentGCThread "G1 Main Marker" [stack: 0x00000050a0200000,0x00000050a0300000] [id=16884]
  0x000001b673e0e800 ConcurrentGCThread "G1 Conc#0" [stack: 0x00000050a0300000,0x00000050a0400000] [id=8264]
  0x000001b673e9d800 ConcurrentGCThread "G1 Refine#0" [stack: 0x00000050a0400000,0x00000050a0500000] [id=3620]
  0x000001b67f3c0800 ConcurrentGCThread "G1 Young RemSet Sampling" [stack: 0x00000050a0500000,0x00000050a0600000] [id=14556]

Threads with active compile tasks:
C2 CompilerThread0    54547 11997       4       org.gradle.internal.classloader.FilteringClassLoader::classAllowed (80 bytes)
C1 CompilerThread0    54547 12046       3       com.android.tools.r8.graph.B0$b::d (72 bytes)
C2 CompilerThread1    54547 11991   !   4       java.net.URL::<init> (543 bytes)

VM state:at safepoint (normal execution)

VM Mutex/Monitor currently owned by a thread:  ([mutex/lock_event])
[0x000001b673dbff20] Threads_lock - owner thread: 0x000001b67f553000
[0x000001b673dbe390] Heap_lock - owner thread: 0x000001b617914800
[0x000001b673dbe5d0] MethodData_lock - owner thread: 0x000001b617914800

Heap address: 0x0000000080000000, size: 2048 MB, Compressed Oops mode: 32-bit
Narrow klass base: 0x0000000000000000, Narrow klass shift: 3
Compressed class space size: 528482304 Address: 0x0000000100000000

Heap:
 garbage-first heap   total 157696K, used 117760K [0x0000000080000000, 0x0000000100000000)
  region size 1024K, 15 young (15360K), 5 survivors (5120K)
 Metaspace       used 101265K, capacity 104125K, committed 104212K, reserved 618496K
  class space    used 13052K, capacity 14189K, committed 14232K, reserved 516096K
Heap Regions: E=young(eden), S=young(survivor), O=old, HS=humongous(starts), HC=humongous(continues), CS=collection set, F=free, A=archive, TAMS=top-at-mark-start (previous, next)
|   0|0x0000000080000000, 0x0000000080100000, 0x0000000080100000|100%| O|  |TAMS 0x0000000080100000, 0x0000000080100000| Untracked 
|   1|0x0000000080100000, 0x0000000080200000, 0x0000000080200000|100%| O|  |TAMS 0x0000000080200000, 0x0000000080200000| Untracked 
|   2|0x0000000080200000, 0x0000000080300000, 0x0000000080300000|100%| O|  |TAMS 0x0000000080300000, 0x0000000080300000| Untracked 
|   3|0x0000000080300000, 0x0000000080400000, 0x0000000080400000|100%|HS|  |TAMS 0x0000000080400000, 0x0000000080400000| Complete 
|   4|0x0000000080400000, 0x0000000080500000, 0x0000000080500000|100%|HC|  |TAMS 0x0000000080500000, 0x0000000080500000| Complete 
|   5|0x0000000080500000, 0x0000000080600000, 0x0000000080600000|100%|HC|  |TAMS 0x0000000080600000, 0x0000000080600000| Complete 
|   6|0x0000000080600000, 0x0000000080700000, 0x0000000080700000|100%| O|  |TAMS 0x0000000080700000, 0x0000000080700000| Untracked 
|   7|0x0000000080700000, 0x0000000080800000, 0x0000000080800000|100%| O|  |TAMS 0x0000000080800000, 0x0000000080800000| Untracked 
|   8|0x0000000080800000, 0x0000000080900000, 0x0000000080900000|100%| O|  |TAMS 0x0000000080900000, 0x0000000080900000| Untracked 
|   9|0x0000000080900000, 0x0000000080a00000, 0x0000000080a00000|100%| O|  |TAMS 0x0000000080a00000, 0x0000000080a00000| Untracked 
|  10|0x0000000080a00000, 0x0000000080b00000, 0x0000000080b00000|100%| O|  |TAMS 0x0000000080b00000, 0x0000000080b00000| Untracked 
|  11|0x0000000080b00000, 0x0000000080c00000, 0x0000000080c00000|100%| O|  |TAMS 0x0000000080c00000, 0x0000000080c00000| Untracked 
|  12|0x0000000080c00000, 0x0000000080d00000, 0x0000000080d00000|100%| O|  |TAMS 0x0000000080d00000, 0x0000000080d00000| Untracked 
|  13|0x0000000080d00000, 0x0000000080e00000, 0x0000000080e00000|100%| O|  |TAMS 0x0000000080e00000, 0x0000000080e00000| Untracked 
|  14|0x0000000080e00000, 0x0000000080f00000, 0x0000000080f00000|100%| O|  |TAMS 0x0000000080f00000, 0x0000000080f00000| Untracked 
|  15|0x0000000080f00000, 0x0000000081000000, 0x0000000081000000|100%| O|  |TAMS 0x0000000081000000, 0x0000000081000000| Untracked 
|  16|0x0000000081000000, 0x0000000081100000, 0x0000000081100000|100%| O|  |TAMS 0x0000000081100000, 0x0000000081100000| Untracked 
|  17|0x0000000081100000, 0x0000000081200000, 0x0000000081200000|100%|HS|  |TAMS 0x0000000081200000, 0x0000000081200000| Complete 
|  18|0x0000000081200000, 0x0000000081300000, 0x0000000081300000|100%| O|  |TAMS 0x0000000081300000, 0x0000000081300000| Untracked 
|  19|0x0000000081300000, 0x0000000081400000, 0x0000000081400000|100%| O|  |TAMS 0x0000000081400000, 0x0000000081400000| Untracked 
|  20|0x0000000081400000, 0x0000000081500000, 0x0000000081500000|100%| O|  |TAMS 0x0000000081500000, 0x0000000081500000| Untracked 
|  21|0x0000000081500000, 0x0000000081600000, 0x0000000081600000|100%| O|  |TAMS 0x0000000081600000, 0x0000000081600000| Untracked 
|  22|0x0000000081600000, 0x0000000081700000, 0x0000000081700000|100%| O|  |TAMS 0x0000000081700000, 0x0000000081700000| Untracked 
|  23|0x0000000081700000, 0x0000000081800000, 0x0000000081800000|100%| O|  |TAMS 0x0000000081800000, 0x0000000081800000| Untracked 
|  24|0x0000000081800000, 0x0000000081900000, 0x0000000081900000|100%|HS|  |TAMS 0x0000000081900000, 0x0000000081900000| Complete 
|  25|0x0000000081900000, 0x0000000081a00000, 0x0000000081a00000|100%|HC|  |TAMS 0x0000000081a00000, 0x0000000081a00000| Complete 
|  26|0x0000000081a00000, 0x0000000081b00000, 0x0000000081b00000|100%|HC|  |TAMS 0x0000000081b00000, 0x0000000081b00000| Complete 
|  27|0x0000000081b00000, 0x0000000081c00000, 0x0000000081c00000|100%| O|  |TAMS 0x0000000081c00000, 0x0000000081c00000| Untracked 
|  28|0x0000000081c00000, 0x0000000081d00000, 0x0000000081d00000|100%| O|  |TAMS 0x0000000081d00000, 0x0000000081d00000| Untracked 
|  29|0x0000000081d00000, 0x0000000081e00000, 0x0000000081e00000|100%| O|  |TAMS 0x0000000081e00000, 0x0000000081e00000| Untracked 
|  30|0x0000000081e00000, 0x0000000081f00000, 0x0000000081f00000|100%| O|  |TAMS 0x0000000081f00000, 0x0000000081f00000| Untracked 
|  31|0x0000000081f00000, 0x0000000082000000, 0x0000000082000000|100%| O|  |TAMS 0x0000000082000000, 0x0000000082000000| Untracked 
|  32|0x0000000082000000, 0x0000000082100000, 0x0000000082100000|100%| O|  |TAMS 0x0000000082100000, 0x0000000082100000| Untracked 
|  33|0x0000000082100000, 0x0000000082200000, 0x0000000082200000|100%| O|  |TAMS 0x0000000082200000, 0x0000000082200000| Untracked 
|  34|0x0000000082200000, 0x0000000082300000, 0x0000000082300000|100%| O|  |TAMS 0x0000000082300000, 0x0000000082300000| Untracked 
|  35|0x0000000082300000, 0x0000000082400000, 0x0000000082400000|100%| O|  |TAMS 0x0000000082400000, 0x0000000082400000| Untracked 
|  36|0x0000000082400000, 0x0000000082500000, 0x0000000082500000|100%| O|  |TAMS 0x0000000082500000, 0x0000000082500000| Untracked 
|  37|0x0000000082500000, 0x0000000082600000, 0x0000000082600000|100%| O|  |TAMS 0x0000000082600000, 0x0000000082600000| Untracked 
|  38|0x0000000082600000, 0x0000000082700000, 0x0000000082700000|100%| O|  |TAMS 0x0000000082700000, 0x0000000082700000| Untracked 
|  39|0x0000000082700000, 0x0000000082800000, 0x0000000082800000|100%| O|  |TAMS 0x0000000082800000, 0x0000000082800000| Untracked 
|  40|0x0000000082800000, 0x0000000082900000, 0x0000000082900000|100%| O|  |TAMS 0x0000000082900000, 0x0000000082900000| Untracked 
|  41|0x0000000082900000, 0x0000000082a00000, 0x0000000082a00000|100%|HS|  |TAMS 0x0000000082a00000, 0x0000000082a00000| Complete 
|  42|0x0000000082a00000, 0x0000000082b00000, 0x0000000082b00000|100%|HS|  |TAMS 0x0000000082b00000, 0x0000000082b00000| Complete 
|  43|0x0000000082b00000, 0x0000000082c00000, 0x0000000082c00000|100%|HS|  |TAMS 0x0000000082c00000, 0x0000000082c00000| Complete 
|  44|0x0000000082c00000, 0x0000000082d00000, 0x0000000082d00000|100%|HC|  |TAMS 0x0000000082d00000, 0x0000000082d00000| Complete 
|  45|0x0000000082d00000, 0x0000000082e00000, 0x0000000082e00000|100%| O|  |TAMS 0x0000000082e00000, 0x0000000082e00000| Untracked 
|  46|0x0000000082e00000, 0x0000000082f00000, 0x0000000082f00000|100%| O|  |TAMS 0x0000000082f00000, 0x0000000082f00000| Untracked 
|  47|0x0000000082f00000, 0x0000000083000000, 0x0000000083000000|100%| O|  |TAMS 0x0000000083000000, 0x0000000083000000| Untracked 
|  48|0x0000000083000000, 0x0000000083100000, 0x0000000083100000|100%| O|  |TAMS 0x0000000083100000, 0x0000000083100000| Untracked 
|  49|0x0000000083100000, 0x0000000083200000, 0x0000000083200000|100%| O|  |TAMS 0x0000000083200000, 0x0000000083200000| Untracked 
|  50|0x0000000083200000, 0x0000000083300000, 0x0000000083300000|100%| O|  |TAMS 0x0000000083300000, 0x0000000083300000| Untracked 
|  51|0x0000000083300000, 0x0000000083400000, 0x0000000083400000|100%| O|  |TAMS 0x0000000083400000, 0x0000000083400000| Untracked 
|  52|0x0000000083400000, 0x0000000083500000, 0x0000000083500000|100%| O|  |TAMS 0x0000000083500000, 0x0000000083500000| Untracked 
|  53|0x0000000083500000, 0x0000000083600000, 0x0000000083600000|100%| O|  |TAMS 0x0000000083600000, 0x0000000083600000| Untracked 
|  54|0x0000000083600000, 0x0000000083700000, 0x0000000083700000|100%| O|  |TAMS 0x0000000083700000, 0x0000000083700000| Untracked 
|  55|0x0000000083700000, 0x0000000083800000, 0x0000000083800000|100%| O|  |TAMS 0x0000000083800000, 0x0000000083800000| Untracked 
|  56|0x0000000083800000, 0x0000000083900000, 0x0000000083900000|100%| O|  |TAMS 0x0000000083900000, 0x0000000083900000| Untracked 
|  57|0x0000000083900000, 0x0000000083a00000, 0x0000000083a00000|100%| O|  |TAMS 0x0000000083a00000, 0x0000000083a00000| Untracked 
|  58|0x0000000083a00000, 0x0000000083b00000, 0x0000000083b00000|100%| O|  |TAMS 0x0000000083b00000, 0x0000000083b00000| Untracked 
|  59|0x0000000083b00000, 0x0000000083c00000, 0x0000000083c00000|100%| O|  |TAMS 0x0000000083c00000, 0x0000000083c00000| Untracked 
|  60|0x0000000083c00000, 0x0000000083d00000, 0x0000000083d00000|100%| O|  |TAMS 0x0000000083d00000, 0x0000000083d00000| Untracked 
|  61|0x0000000083d00000, 0x0000000083e00000, 0x0000000083e00000|100%| O|  |TAMS 0x0000000083e00000, 0x0000000083e00000| Untracked 
|  62|0x0000000083e00000, 0x0000000083f00000, 0x0000000083f00000|100%| O|  |TAMS 0x0000000083f00000, 0x0000000083f00000| Untracked 
|  63|0x0000000083f00000, 0x0000000084000000, 0x0000000084000000|100%| O|  |TAMS 0x0000000084000000, 0x0000000084000000| Untracked 
|  64|0x0000000084000000, 0x0000000084100000, 0x0000000084100000|100%| O|  |TAMS 0x0000000084100000, 0x0000000084100000| Untracked 
|  65|0x0000000084100000, 0x0000000084200000, 0x0000000084200000|100%| O|  |TAMS 0x0000000084200000, 0x0000000084200000| Untracked 
|  66|0x0000000084200000, 0x0000000084300000, 0x0000000084300000|100%| O|  |TAMS 0x0000000084300000, 0x0000000084300000| Untracked 
|  67|0x0000000084300000, 0x0000000084400000, 0x0000000084400000|100%| O|  |TAMS 0x0000000084400000, 0x0000000084400000| Untracked 
|  68|0x0000000084400000, 0x0000000084500000, 0x0000000084500000|100%| O|  |TAMS 0x0000000084500000, 0x0000000084500000| Untracked 
|  69|0x0000000084500000, 0x0000000084600000, 0x0000000084600000|100%| O|  |TAMS 0x0000000084600000, 0x0000000084600000| Untracked 
|  70|0x0000000084600000, 0x0000000084700000, 0x0000000084700000|100%| O|  |TAMS 0x0000000084700000, 0x0000000084700000| Untracked 
|  71|0x0000000084700000, 0x0000000084800000, 0x0000000084800000|100%| O|  |TAMS 0x0000000084800000, 0x0000000084800000| Untracked 
|  72|0x0000000084800000, 0x0000000084900000, 0x0000000084900000|100%| O|  |TAMS 0x0000000084900000, 0x0000000084900000| Untracked 
|  73|0x0000000084900000, 0x0000000084a00000, 0x0000000084a00000|100%| O|  |TAMS 0x0000000084a00000, 0x0000000084a00000| Untracked 
|  74|0x0000000084a00000, 0x0000000084b00000, 0x0000000084b00000|100%| O|  |TAMS 0x0000000084b00000, 0x0000000084b00000| Untracked 
|  75|0x0000000084b00000, 0x0000000084c00000, 0x0000000084c00000|100%| O|  |TAMS 0x0000000084c00000, 0x0000000084c00000| Untracked 
|  76|0x0000000084c00000, 0x0000000084d00000, 0x0000000084d00000|100%| O|  |TAMS 0x0000000084d00000, 0x0000000084d00000| Untracked 
|  77|0x0000000084d00000, 0x0000000084e00000, 0x0000000084e00000|100%| O|  |TAMS 0x0000000084e00000, 0x0000000084e00000| Untracked 
|  78|0x0000000084e00000, 0x0000000084f00000, 0x0000000084f00000|100%| O|  |TAMS 0x0000000084f00000, 0x0000000084f00000| Untracked 
|  79|0x0000000084f00000, 0x0000000085000000, 0x0000000085000000|100%| O|  |TAMS 0x0000000085000000, 0x0000000085000000| Untracked 
|  80|0x0000000085000000, 0x0000000085100000, 0x0000000085100000|100%| O|  |TAMS 0x0000000085100000, 0x0000000085100000| Untracked 
|  81|0x0000000085100000, 0x0000000085200000, 0x0000000085200000|100%| O|  |TAMS 0x0000000085200000, 0x0000000085200000| Untracked 
|  82|0x0000000085200000, 0x0000000085300000, 0x0000000085300000|100%| O|  |TAMS 0x0000000085300000, 0x0000000085300000| Untracked 
|  83|0x0000000085300000, 0x0000000085400000, 0x0000000085400000|100%| O|  |TAMS 0x0000000085400000, 0x0000000085400000| Untracked 
|  84|0x0000000085400000, 0x0000000085500000, 0x0000000085500000|100%| O|  |TAMS 0x0000000085500000, 0x0000000085500000| Untracked 
|  85|0x0000000085500000, 0x0000000085600000, 0x0000000085600000|100%| O|  |TAMS 0x0000000085600000, 0x0000000085600000| Untracked 
|  86|0x0000000085600000, 0x0000000085700000, 0x0000000085700000|100%| O|  |TAMS 0x0000000085700000, 0x0000000085700000| Untracked 
|  87|0x0000000085700000, 0x0000000085800000, 0x0000000085800000|100%| O|  |TAMS 0x0000000085800000, 0x0000000085800000| Untracked 
|  88|0x0000000085800000, 0x0000000085900000, 0x0000000085900000|100%| O|  |TAMS 0x0000000085900000, 0x0000000085900000| Untracked 
|  89|0x0000000085900000, 0x0000000085a00000, 0x0000000085a00000|100%| O|  |TAMS 0x0000000085923c00, 0x0000000085a00000| Untracked 
|  90|0x0000000085a00000, 0x0000000085b00000, 0x0000000085b00000|100%|HS|  |TAMS 0x0000000085a00000, 0x0000000085b00000| Complete 
|  91|0x0000000085b00000, 0x0000000085c00000, 0x0000000085c00000|100%|HC|  |TAMS 0x0000000085b00000, 0x0000000085c00000| Complete 
|  92|0x0000000085c00000, 0x0000000085d00000, 0x0000000085d00000|100%| O|  |TAMS 0x0000000085c00000, 0x0000000085d00000| Untracked 
|  93|0x0000000085d00000, 0x0000000085e00000, 0x0000000085e00000|100%| O|  |TAMS 0x0000000085d00000, 0x0000000085e00000| Untracked 
|  94|0x0000000085e00000, 0x0000000085f00000, 0x0000000085f00000|100%| O|  |TAMS 0x0000000085e00000, 0x0000000085f00000| Untracked 
|  95|0x0000000085f00000, 0x0000000086000000, 0x0000000086000000|100%| O|  |TAMS 0x0000000085f00000, 0x0000000086000000| Untracked 
|  96|0x0000000086000000, 0x0000000086100000, 0x0000000086100000|100%| O|  |TAMS 0x0000000086000000, 0x0000000086100000| Untracked 
|  97|0x0000000086100000, 0x0000000086200000, 0x0000000086200000|100%| O|  |TAMS 0x0000000086100000, 0x0000000086200000| Untracked 
|  98|0x0000000086200000, 0x0000000086300000, 0x0000000086300000|100%| O|  |TAMS 0x0000000086200000, 0x0000000086300000| Untracked 
|  99|0x0000000086300000, 0x0000000086400000, 0x0000000086400000|100%| O|  |TAMS 0x0000000086300000, 0x0000000086400000| Untracked 
| 100|0x0000000086400000, 0x0000000086500000, 0x0000000086500000|100%| O|  |TAMS 0x0000000086400000, 0x0000000086500000| Untracked 
| 101|0x0000000086500000, 0x0000000086600000, 0x0000000086600000|100%| O|  |TAMS 0x0000000086500000, 0x0000000086600000| Untracked 
| 102|0x0000000086600000, 0x0000000086600000, 0x0000000086700000|  0%| F|  |TAMS 0x0000000086600000, 0x0000000086600000| Untracked 
| 103|0x0000000086700000, 0x0000000086700000, 0x0000000086800000|  0%| F|  |TAMS 0x0000000086700000, 0x0000000086700000| Untracked 
| 104|0x0000000086800000, 0x0000000086800000, 0x0000000086900000|  0%| F|  |TAMS 0x0000000086800000, 0x0000000086800000| Untracked 
| 105|0x0000000086900000, 0x0000000086900000, 0x0000000086a00000|  0%| F|  |TAMS 0x0000000086900000, 0x0000000086900000| Untracked 
| 106|0x0000000086a00000, 0x0000000086a00000, 0x0000000086b00000|  0%| F|  |TAMS 0x0000000086a00000, 0x0000000086a00000| Untracked 
| 107|0x0000000086b00000, 0x0000000086b00000, 0x0000000086c00000|  0%| F|  |TAMS 0x0000000086b00000, 0x0000000086b00000| Untracked 
| 108|0x0000000086c00000, 0x0000000086c00000, 0x0000000086d00000|  0%| F|  |TAMS 0x0000000086c00000, 0x0000000086c00000| Untracked 
| 109|0x0000000086d00000, 0x0000000086d00000, 0x0000000086e00000|  0%| F|  |TAMS 0x0000000086d00000, 0x0000000086d00000| Untracked 
| 110|0x0000000086e00000, 0x0000000086e00000, 0x0000000086f00000|  0%| F|  |TAMS 0x0000000086e00000, 0x0000000086e00000| Untracked 
| 111|0x0000000086f00000, 0x0000000086f00000, 0x0000000087000000|  0%| F|  |TAMS 0x0000000086f00000, 0x0000000086f00000| Untracked 
| 112|0x0000000087000000, 0x0000000087000000, 0x0000000087100000|  0%| F|  |TAMS 0x0000000087000000, 0x0000000087000000| Untracked 
| 113|0x0000000087100000, 0x0000000087100000, 0x0000000087200000|  0%| F|  |TAMS 0x0000000087100000, 0x0000000087100000| Untracked 
| 114|0x0000000087200000, 0x0000000087200000, 0x0000000087300000|  0%| F|  |TAMS 0x0000000087200000, 0x0000000087200000| Untracked 
| 115|0x0000000087300000, 0x0000000087300000, 0x0000000087400000|  0%| F|  |TAMS 0x0000000087300000, 0x0000000087300000| Untracked 
| 116|0x0000000087400000, 0x0000000087400000, 0x0000000087500000|  0%| F|  |TAMS 0x0000000087400000, 0x0000000087400000| Untracked 
| 117|0x0000000087500000, 0x0000000087500000, 0x0000000087600000|  0%| F|  |TAMS 0x0000000087500000, 0x0000000087500000| Untracked 
| 118|0x0000000087600000, 0x0000000087600000, 0x0000000087700000|  0%| F|  |TAMS 0x0000000087600000, 0x0000000087600000| Untracked 
| 119|0x0000000087700000, 0x0000000087700000, 0x0000000087800000|  0%| F|  |TAMS 0x0000000087700000, 0x0000000087700000| Untracked 
| 120|0x0000000087800000, 0x0000000087800000, 0x0000000087900000|  0%| F|  |TAMS 0x0000000087800000, 0x0000000087800000| Untracked 
| 121|0x0000000087900000, 0x0000000087a00000, 0x0000000087a00000|100%| S|CS|TAMS 0x0000000087900000, 0x0000000087900000| Complete 
| 122|0x0000000087a00000, 0x0000000087b00000, 0x0000000087b00000|100%| S|CS|TAMS 0x0000000087a00000, 0x0000000087a00000| Complete 
| 123|0x0000000087b00000, 0x0000000087c00000, 0x0000000087c00000|100%| S|CS|TAMS 0x0000000087b00000, 0x0000000087b00000| Complete 
| 124|0x0000000087c00000, 0x0000000087d00000, 0x0000000087d00000|100%| S|CS|TAMS 0x0000000087c00000, 0x0000000087c00000| Complete 
| 125|0x0000000087d00000, 0x0000000087e00000, 0x0000000087e00000|100%| S|CS|TAMS 0x0000000087d00000, 0x0000000087d00000| Complete 
| 126|0x0000000087e00000, 0x0000000087e00000, 0x0000000087f00000|  0%| F|  |TAMS 0x0000000087e00000, 0x0000000087e00000| Untracked 
| 127|0x0000000087f00000, 0x0000000087f00000, 0x0000000088000000|  0%| F|  |TAMS 0x0000000087f00000, 0x0000000087f00000| Untracked 
| 128|0x0000000088000000, 0x0000000088000000, 0x0000000088100000|  0%| F|  |TAMS 0x0000000088000000, 0x0000000088000000| Untracked 
| 129|0x0000000088100000, 0x0000000088100000, 0x0000000088200000|  0%| F|  |TAMS 0x0000000088100000, 0x0000000088100000| Untracked 
| 130|0x0000000088200000, 0x0000000088200000, 0x0000000088300000|  0%| F|  |TAMS 0x0000000088200000, 0x0000000088200000| Untracked 
| 131|0x0000000088300000, 0x0000000088300000, 0x0000000088400000|  0%| F|  |TAMS 0x0000000088300000, 0x0000000088300000| Untracked 
| 132|0x0000000088400000, 0x0000000088400000, 0x0000000088500000|  0%| F|  |TAMS 0x0000000088400000, 0x0000000088400000| Untracked 
| 133|0x0000000088500000, 0x0000000088500000, 0x0000000088600000|  0%| F|  |TAMS 0x0000000088500000, 0x0000000088500000| Untracked 
| 134|0x0000000088600000, 0x0000000088600000, 0x0000000088700000|  0%| F|  |TAMS 0x0000000088600000, 0x0000000088600000| Untracked 
| 135|0x0000000088700000, 0x0000000088700000, 0x0000000088800000|  0%| F|  |TAMS 0x0000000088700000, 0x0000000088700000| Untracked 
| 136|0x0000000088800000, 0x0000000088800000, 0x0000000088900000|  0%| F|  |TAMS 0x0000000088800000, 0x0000000088800000| Untracked 
| 137|0x0000000088900000, 0x0000000088900000, 0x0000000088a00000|  0%| F|  |TAMS 0x0000000088900000, 0x0000000088900000| Untracked 
| 138|0x0000000088a00000, 0x0000000088a00000, 0x0000000088b00000|  0%| F|  |TAMS 0x0000000088a00000, 0x0000000088a00000| Untracked 
| 139|0x0000000088b00000, 0x0000000088b00000, 0x0000000088c00000|  0%| F|  |TAMS 0x0000000088b00000, 0x0000000088b00000| Untracked 
| 140|0x0000000088c00000, 0x0000000088c00000, 0x0000000088d00000|  0%| F|  |TAMS 0x0000000088c00000, 0x0000000088c00000| Untracked 
| 141|0x0000000088d00000, 0x0000000088d00000, 0x0000000088e00000|  0%| F|  |TAMS 0x0000000088d00000, 0x0000000088d00000| Untracked 
| 142|0x0000000088e00000, 0x0000000088e00000, 0x0000000088f00000|  0%| F|  |TAMS 0x0000000088e00000, 0x0000000088e00000| Untracked 
| 143|0x0000000088f00000, 0x0000000088f00000, 0x0000000089000000|  0%| F|  |TAMS 0x0000000088f00000, 0x0000000088f00000| Untracked 
| 144|0x0000000089000000, 0x000000008909ed18, 0x0000000089100000| 62%| E|  |TAMS 0x0000000089000000, 0x0000000089000000| Complete 
| 145|0x0000000089100000, 0x0000000089200000, 0x0000000089200000|100%| E|CS|TAMS 0x0000000089100000, 0x0000000089100000| Complete 
| 146|0x0000000089200000, 0x0000000089300000, 0x0000000089300000|100%| E|CS|TAMS 0x0000000089200000, 0x0000000089200000| Complete 
| 147|0x0000000089300000, 0x0000000089400000, 0x0000000089400000|100%| E|CS|TAMS 0x0000000089300000, 0x0000000089300000| Complete 
| 148|0x0000000089400000, 0x0000000089500000, 0x0000000089500000|100%| E|CS|TAMS 0x0000000089400000, 0x0000000089400000| Complete 
| 149|0x0000000089500000, 0x0000000089600000, 0x0000000089600000|100%| E|  |TAMS 0x0000000089500000, 0x0000000089500000| Complete 
| 150|0x0000000089600000, 0x0000000089700000, 0x0000000089700000|100%| E|CS|TAMS 0x0000000089600000, 0x0000000089600000| Complete 
| 151|0x0000000089700000, 0x0000000089800000, 0x0000000089800000|100%| E|CS|TAMS 0x0000000089700000, 0x0000000089700000| Complete 
| 152|0x0000000089800000, 0x0000000089900000, 0x0000000089900000|100%| E|CS|TAMS 0x0000000089800000, 0x0000000089800000| Complete 
| 153|0x0000000089900000, 0x0000000089a00000, 0x0000000089a00000|100%| E|CS|TAMS 0x0000000089900000, 0x0000000089900000| Complete 

Card table byte_map: [0x000001b67e720000,0x000001b67eb20000] _byte_map_base: 0x000001b67e320000

Marking Bits (Prev, Next): (CMBitMap*) 0x000001b673e04168, (CMBitMap*) 0x000001b673e041a0
 Prev Bits: [0x000001b60f000000, 0x000001b611000000)
 Next Bits: [0x000001b611000000, 0x000001b613000000)

Polling page: 0x000001b673ea0000

Metaspace:

Usage:
  Non-class:     87.83 MB capacity,    86.15 MB ( 98%) used,     1.39 MB (  2%) free+waste,   297.13 KB ( <1%) overhead. 
      Class:     13.86 MB capacity,    12.75 MB ( 92%) used,  1001.13 KB (  7%) free+waste,   135.69 KB ( <1%) overhead. 
       Both:    101.68 MB capacity,    98.89 MB ( 97%) used,     2.37 MB (  2%) free+waste,   432.81 KB ( <1%) overhead. 

Virtual space:
  Non-class space:      100.00 MB reserved,      87.87 MB ( 88%) committed 
      Class space:      504.00 MB reserved,      13.90 MB (  3%) committed 
             Both:      604.00 MB reserved,     101.77 MB ( 17%) committed 

Chunk freelists:
   Non-Class:  44.00 KB
       Class:  19.00 KB
        Both:  63.00 KB

MaxMetaspaceSize: 512.00 MB
CompressedClassSpaceSize: 504.00 MB
Initial GC threshold: 20.80 MB
Current GC threshold: 165.15 MB
CDS: off

CodeHeap 'non-profiled nmethods': size=120064Kb used=7920Kb max_used=7920Kb free=112143Kb
 bounds [0x000001b607ac0000, 0x000001b608280000, 0x000001b60f000000]
CodeHeap 'profiled nmethods': size=120000Kb used=27010Kb max_used=27010Kb free=92989Kb
 bounds [0x000001b600590000, 0x000001b602000000, 0x000001b607ac0000]
CodeHeap 'non-nmethods': size=5696Kb used=2405Kb max_used=2453Kb free=3290Kb
 bounds [0x000001b600000000, 0x000001b600270000, 0x000001b600590000]
 total_blobs=12868 nmethods=11936 adapters=844
 compilation: enabled
              stopped_count=0, restarted_count=0
 full_count=0

Compilation events (20 events):
Event: 53.198 Thread 0x000001b617349000 nmethod 11989 0x000001b608277910 code [0x000001b608277ac0, 0x000001b608278148]
Event: 53.198 Thread 0x000001b617349000 11991   !   4       java.net.URL::<init> (543 bytes)
Event: 53.203 Thread 0x000001b615004000 nmethod 11990 0x000001b608278610 code [0x000001b6082787c0, 0x000001b608278ee8]
Event: 53.204 Thread 0x000001b615004000 11993       4       java.util.ArrayList::addAll (76 bytes)
Event: 53.206 Thread 0x000001b615006000 11994       3       com.android.tools.r8.internal.U6::g (26 bytes)
Event: 53.207 Thread 0x000001b615006000 nmethod 11994 0x000001b601fd8e10 code [0x000001b601fd8fc0, 0x000001b601fd9118]
Event: 53.207 Thread 0x000001b615006000 11995       3       java.lang.Integer::compare (20 bytes)
Event: 53.207 Thread 0x000001b615006000 nmethod 11995 0x000001b601fd9210 code [0x000001b601fd93c0, 0x000001b601fd9558]
Event: 53.210 Thread 0x000001b615006000 11996       1       com.android.tools.r8.graph.B0$b::g (5 bytes)
Event: 53.210 Thread 0x000001b615006000 nmethod 11996 0x000001b608279090 code [0x000001b608279240, 0x000001b6082792d8]
Event: 53.211 Thread 0x000001b615006000 11999       3       java.lang.invoke.InvokerBytecodeGenerator::<init> (108 bytes)
Event: 53.212 Thread 0x000001b615006000 nmethod 11999 0x000001b601fd9610 code [0x000001b601fd9880, 0x000001b601fda398]
Event: 53.214 Thread 0x000001b615006000 12000       3       com.android.tools.r8.internal.U6::a (148 bytes)
Event: 53.214 Thread 0x000001b615004000 nmethod 11993 0x000001b608279690 code [0x000001b608279840, 0x000001b608279db8]
Event: 53.214 Thread 0x000001b615004000 11997       4       org.gradle.internal.classloader.FilteringClassLoader::classAllowed (80 bytes)
Event: 53.214 Thread 0x000001b615006000 nmethod 12000 0x000001b601fda710 code [0x000001b601fda940, 0x000001b601fdaf78]
Event: 53.222 Thread 0x000001b615006000 12005       3       com.android.tools.r8.internal.U6::e (26 bytes)
Event: 53.222 Thread 0x000001b615006000 nmethod 12005 0x000001b601fdb310 code [0x000001b601fdb4e0, 0x000001b601fdb788]
Event: 53.226 Thread 0x000001b615006000 12008       3       com.android.tools.r8.graph.A0::e (29 bytes)
Event: 53.227 Thread 0x000001b615006000 nmethod 12008 0x000001b601fdb910 code [0x000001b601fdbb40, 0x000001b601fdc358]

GC Heap History (20 events):
Event: 41.674 GC heap before
{Heap before GC invocations=22 (full 0):
 garbage-first heap   total 157696K, used 122247K [0x0000000080000000, 0x0000000100000000)
  region size 1024K, 60 young (61440K), 8 survivors (8192K)
 Metaspace       used 83237K, capacity 85570K, committed 85780K, reserved 591872K
  class space    used 10716K, capacity 11646K, committed 11672K, reserved 516096K
}
Event: 41.692 GC heap after
{Heap after GC invocations=23 (full 0):
 garbage-first heap   total 157696K, used 73636K [0x0000000080000000, 0x0000000100000000)
  region size 1024K, 8 young (8192K), 8 survivors (8192K)
 Metaspace       used 83237K, capacity 85570K, committed 85780K, reserved 591872K
  class space    used 10716K, capacity 11646K, committed 11672K, reserved 516096K
}
Event: 43.709 GC heap before
{Heap before GC invocations=23 (full 0):
 garbage-first heap   total 157696K, used 124836K [0x0000000080000000, 0x0000000100000000)
  region size 1024K, 58 young (59392K), 8 survivors (8192K)
 Metaspace       used 86771K, capacity 89273K, committed 89620K, reserved 593920K
  class space    used 11292K, capacity 12315K, committed 12440K, reserved 516096K
}
Event: 43.728 GC heap after
{Heap after GC invocations=24 (full 0):
 garbage-first heap   total 157696K, used 78213K [0x0000000080000000, 0x0000000100000000)
  region size 1024K, 5 young (5120K), 5 survivors (5120K)
 Metaspace       used 86771K, capacity 89273K, committed 89620K, reserved 593920K
  class space    used 11292K, capacity 12315K, committed 12440K, reserved 516096K
}
Event: 45.690 GC heap before
{Heap before GC invocations=24 (full 0):
 garbage-first heap   total 157696K, used 126341K [0x0000000080000000, 0x0000000100000000)
  region size 1024K, 52 young (53248K), 5 survivors (5120K)
 Metaspace       used 90645K, capacity 93225K, committed 93460K, reserved 598016K
  class space    used 11876K, capacity 12911K, committed 12952K, reserved 516096K
}
Event: 45.714 GC heap after
{Heap after GC invocations=25 (full 0):
 garbage-first heap   total 157696K, used 81976K [0x0000000080000000, 0x0000000100000000)
  region size 1024K, 4 young (4096K), 4 survivors (4096K)
 Metaspace       used 90645K, capacity 93225K, committed 93460K, reserved 598016K
  class space    used 11876K, capacity 12911K, committed 12952K, reserved 516096K
}
Event: 47.804 GC heap before
{Heap before GC invocations=26 (full 0):
 garbage-first heap   total 157696K, used 128056K [0x0000000080000000, 0x0000000100000000)
  region size 1024K, 49 young (50176K), 4 survivors (4096K)
 Metaspace       used 94806K, capacity 97545K, committed 97812K, reserved 602112K
  class space    used 12310K, capacity 13353K, committed 13464K, reserved 516096K
}
Event: 47.819 GC heap after
{Heap after GC invocations=27 (full 0):
 garbage-first heap   total 157696K, used 85228K [0x0000000080000000, 0x0000000100000000)
  region size 1024K, 7 young (7168K), 7 survivors (7168K)
 Metaspace       used 94806K, capacity 97545K, committed 97812K, reserved 602112K
  class space    used 12310K, capacity 13353K, committed 13464K, reserved 516096K
}
Event: 49.075 GC heap before
{Heap before GC invocations=27 (full 0):
 garbage-first heap   total 157696K, used 128236K [0x0000000080000000, 0x0000000100000000)
  region size 1024K, 50 young (51200K), 7 survivors (7168K)
 Metaspace       used 95606K, capacity 98366K, committed 98708K, reserved 602112K
  class space    used 12420K, capacity 13496K, committed 13592K, reserved 516096K
}
Event: 49.101 GC heap after
{Heap after GC invocations=28 (full 0):
 garbage-first heap   total 157696K, used 88645K [0x0000000080000000, 0x0000000100000000)
  region size 1024K, 7 young (7168K), 7 survivors (7168K)
 Metaspace       used 95606K, capacity 98366K, committed 98708K, reserved 602112K
  class space    used 12420K, capacity 13496K, committed 13592K, reserved 516096K
}
Event: 50.333 GC heap before
{Heap before GC invocations=29 (full 0):
 garbage-first heap   total 157696K, used 129605K [0x0000000080000000, 0x0000000100000000)
  region size 1024K, 48 young (49152K), 7 survivors (7168K)
 Metaspace       used 96049K, capacity 98923K, committed 99220K, reserved 602112K
  class space    used 12447K, capacity 13548K, committed 13592K, reserved 516096K
}
Event: 50.352 GC heap after
{Heap after GC invocations=30 (full 0):
 garbage-first heap   total 157696K, used 91407K [0x0000000080000000, 0x0000000100000000)
  region size 1024K, 6 young (6144K), 6 survivors (6144K)
 Metaspace       used 96049K, capacity 98923K, committed 99220K, reserved 602112K
  class space    used 12447K, capacity 13548K, committed 13592K, reserved 516096K
}
Event: 51.127 GC heap before
{Heap before GC invocations=30 (full 0):
 garbage-first heap   total 157696K, used 130319K [0x0000000080000000, 0x0000000100000000)
  region size 1024K, 45 young (46080K), 6 survivors (6144K)
 Metaspace       used 97320K, capacity 100067K, committed 100372K, reserved 604160K
  class space    used 12527K, capacity 13605K, committed 13720K, reserved 516096K
}
Event: 51.147 GC heap after
{Heap after GC invocations=31 (full 0):
 garbage-first heap   total 157696K, used 94373K [0x0000000080000000, 0x0000000100000000)
  region size 1024K, 6 young (6144K), 6 survivors (6144K)
 Metaspace       used 97320K, capacity 100067K, committed 100372K, reserved 604160K
  class space    used 12527K, capacity 13605K, committed 13720K, reserved 516096K
}
Event: 52.167 GC heap before
{Heap before GC invocations=32 (full 0):
 garbage-first heap   total 157696K, used 129189K [0x0000000080000000, 0x0000000100000000)
  region size 1024K, 42 young (43008K), 6 survivors (6144K)
 Metaspace       used 98039K, capacity 100893K, committed 101140K, reserved 604160K
  class space    used 12604K, capacity 13683K, committed 13720K, reserved 516096K
}
Event: 52.192 GC heap after
{Heap after GC invocations=33 (full 0):
 garbage-first heap   total 157696K, used 97263K [0x0000000080000000, 0x0000000100000000)
  region size 1024K, 6 young (6144K), 6 survivors (6144K)
 Metaspace       used 98039K, capacity 100893K, committed 101140K, reserved 604160K
  class space    used 12604K, capacity 13683K, committed 13720K, reserved 516096K
}
Event: 52.866 GC heap before
{Heap before GC invocations=34 (full 0):
 garbage-first heap   total 157696K, used 135151K [0x0000000080000000, 0x0000000100000000)
  region size 1024K, 40 young (40960K), 6 survivors (6144K)
 Metaspace       used 99730K, capacity 102580K, committed 102676K, reserved 606208K
  class space    used 12833K, capacity 13947K, committed 13976K, reserved 516096K
}
Event: 52.885 GC heap after
{Heap after GC invocations=35 (full 0):
 garbage-first heap   total 157696K, used 103835K [0x0000000080000000, 0x0000000100000000)
  region size 1024K, 5 young (5120K), 5 survivors (5120K)
 Metaspace       used 99730K, capacity 102580K, committed 102676K, reserved 606208K
  class space    used 12833K, capacity 13947K, committed 13976K, reserved 516096K
}
Event: 53.143 GC heap before
{Heap before GC invocations=35 (full 0):
 garbage-first heap   total 157696K, used 131483K [0x0000000080000000, 0x0000000100000000)
  region size 1024K, 33 young (33792K), 5 survivors (5120K)
 Metaspace       used 100635K, capacity 103490K, committed 103572K, reserved 606208K
  class space    used 12967K, capacity 14084K, committed 14104K, reserved 516096K
}
Event: 53.155 GC heap after
{Heap after GC invocations=36 (full 0):
 garbage-first heap   total 157696K, used 109568K [0x0000000080000000, 0x0000000100000000)
  region size 1024K, 5 young (5120K), 5 survivors (5120K)
 Metaspace       used 100635K, capacity 103490K, committed 103572K, reserved 606208K
  class space    used 12967K, capacity 14084K, committed 14104K, reserved 516096K
}

Deoptimization events (20 events):
Event: 52.800 Thread 0x000001b6161c7000 Uncommon trap: trap_request=0xffffffc6 fr.pc=0x000001b60825ce74 relative=0x0000000000001794
Event: 52.800 Thread 0x000001b6161c7000 Uncommon trap: reason=bimorphic_or_optimized_type_check action=maybe_recompile pc=0x000001b60825ce74 method=java.util.concurrent.ConcurrentHashMap.putVal(Ljava/lang/Object;Ljava/lang/Object;Z)Ljava/lang/Object; @ 159 c2
Event: 52.800 Thread 0x000001b6161c7000 DEOPT PACKING pc=0x000001b60825ce74 sp=0x00000050a38fa840
Event: 52.800 Thread 0x000001b6161c7000 DEOPT UNPACKING pc=0x000001b60004a1af sp=0x00000050a38fa7d0 mode 2
Event: 52.800 Thread 0x000001b6161c7000 Uncommon trap: trap_request=0xffffffc6 fr.pc=0x000001b60825ce74 relative=0x0000000000001794
Event: 52.800 Thread 0x000001b6161c7000 Uncommon trap: reason=bimorphic_or_optimized_type_check action=maybe_recompile pc=0x000001b60825ce74 method=java.util.concurrent.ConcurrentHashMap.putVal(Ljava/lang/Object;Ljava/lang/Object;Z)Ljava/lang/Object; @ 159 c2
Event: 52.800 Thread 0x000001b6161c7000 DEOPT PACKING pc=0x000001b60825ce74 sp=0x00000050a38fa8a0
Event: 52.800 Thread 0x000001b6161c7000 DEOPT UNPACKING pc=0x000001b60004a1af sp=0x00000050a38fa830 mode 2
Event: 52.800 Thread 0x000001b6161c7000 Uncommon trap: trap_request=0xffffffc6 fr.pc=0x000001b60825ce74 relative=0x0000000000001794
Event: 52.800 Thread 0x000001b6161c7000 Uncommon trap: reason=bimorphic_or_optimized_type_check action=maybe_recompile pc=0x000001b60825ce74 method=java.util.concurrent.ConcurrentHashMap.putVal(Ljava/lang/Object;Ljava/lang/Object;Z)Ljava/lang/Object; @ 159 c2
Event: 52.800 Thread 0x000001b6161c7000 DEOPT PACKING pc=0x000001b60825ce74 sp=0x00000050a38fa760
Event: 52.800 Thread 0x000001b6161c7000 DEOPT UNPACKING pc=0x000001b60004a1af sp=0x00000050a38fa6f0 mode 2
Event: 52.800 Thread 0x000001b6161c7000 Uncommon trap: trap_request=0xffffffc6 fr.pc=0x000001b60825ce74 relative=0x0000000000001794
Event: 52.800 Thread 0x000001b6161c7000 Uncommon trap: reason=bimorphic_or_optimized_type_check action=maybe_recompile pc=0x000001b60825ce74 method=java.util.concurrent.ConcurrentHashMap.putVal(Ljava/lang/Object;Ljava/lang/Object;Z)Ljava/lang/Object; @ 159 c2
Event: 52.800 Thread 0x000001b6161c7000 DEOPT PACKING pc=0x000001b60825ce74 sp=0x00000050a38fa7c0
Event: 52.800 Thread 0x000001b6161c7000 DEOPT UNPACKING pc=0x000001b60004a1af sp=0x00000050a38fa750 mode 2
Event: 52.894 Thread 0x000001b61859d000 Uncommon trap: trap_request=0xffffff4d fr.pc=0x000001b608256f44 relative=0x0000000000000544
Event: 52.894 Thread 0x000001b61859d000 Uncommon trap: reason=unstable_if action=reinterpret pc=0x000001b608256f44 method=com.android.tools.r8.utils.k0.a(Ljava/lang/String;)Z @ 12 c2
Event: 52.894 Thread 0x000001b61859d000 DEOPT PACKING pc=0x000001b608256f44 sp=0x00000050a31faea0
Event: 52.894 Thread 0x000001b61859d000 DEOPT UNPACKING pc=0x000001b60004a1af sp=0x00000050a31faea0 mode 2

Classes redefined (0 events):
No events

Internal exceptions (20 events):
Event: 50.676 Thread 0x000001b61708d800 Exception <a 'sun/nio/fs/WindowsException'{0x0000000088aee100}> (0x0000000088aee100) thrown at [./src/hotspot/share/prims/jni.cpp, line 617]
Event: 50.677 Thread 0x000001b61708d800 Exception <a 'sun/nio/fs/WindowsException'{0x0000000088aee5c8}> (0x0000000088aee5c8) thrown at [./src/hotspot/share/prims/jni.cpp, line 617]
Event: 50.677 Thread 0x000001b61708d800 Exception <a 'sun/nio/fs/WindowsException'{0x0000000088aefca8}> (0x0000000088aefca8) thrown at [./src/hotspot/share/prims/jni.cpp, line 617]
Event: 50.677 Thread 0x000001b61708d800 Exception <a 'sun/nio/fs/WindowsException'{0x0000000088aefff0}> (0x0000000088aefff0) thrown at [./src/hotspot/share/prims/jni.cpp, line 617]
Event: 50.677 Thread 0x000001b61708d800 Exception <a 'sun/nio/fs/WindowsException'{0x0000000088af16a0}> (0x0000000088af16a0) thrown at [./src/hotspot/share/prims/jni.cpp, line 617]
Event: 50.723 Thread 0x000001b61708d800 Exception <a 'java/lang/NoSuchMethodError'{0x0000000088892218}: <clinit>> (0x0000000088892218) thrown at [./src/hotspot/share/prims/jni.cpp, line 1367]
Event: 50.741 Thread 0x000001b61708d800 Exception <a 'java/lang/NoSuchMethodError'{0x00000000888dd968}: <clinit>> (0x00000000888dd968) thrown at [./src/hotspot/share/prims/jni.cpp, line 1367]
Event: 50.757 Thread 0x000001b61708d800 Exception <a 'java/lang/NoSuchMethodError'{0x00000000887188c0}: <clinit>> (0x00000000887188c0) thrown at [./src/hotspot/share/prims/jni.cpp, line 1367]
Event: 50.760 Thread 0x000001b61708d800 Exception <a 'java/lang/NoSuchMethodError'{0x0000000088731ce0}: <clinit>> (0x0000000088731ce0) thrown at [./src/hotspot/share/prims/jni.cpp, line 1367]
Event: 50.801 Thread 0x000001b61a4aa800 Exception <a 'java/lang/NoSuchMethodError'{0x000000008866f5d8}: 'void java.lang.invoke.DirectMethodHandle$Holder.invokeSpecial(java.lang.Object, java.lang.Object, java.lang.Object, int)'> (0x000000008866f5d8) thrown at [./src/hotspot/share/interpreter/linkResolver.cpp, line 773]
Event: 50.884 Thread 0x000001b617912000 Implicit null exception at 0x000001b6081ee16e to 0x000001b6081ee8b4
Event: 50.884 Thread 0x000001b6161c2000 Implicit null exception at 0x000001b6081ee16e to 0x000001b6081ee8b4
Event: 50.884 Thread 0x000001b6161c8000 Implicit null exception at 0x000001b6081ee16e to 0x000001b6081ee8b4
Event: 52.367 Thread 0x000001b61a4aa800 Exception <a 'java/lang/NoSuchMethodError'{0x0000000088821c60}: 'int java.lang.invoke.DirectMethodHandle$Holder.invokeSpecialIFC(java.lang.Object, java.lang.Object, java.lang.Object)'> (0x0000000088821c60) thrown at [./src/hotspot/share/interpreter/linkResolver.cpp, line 773]
Event: 52.720 Thread 0x000001b617914800 Exception <a 'sun/nio/fs/WindowsException'{0x0000000087d5cb40}> (0x0000000087d5cb40) thrown at [./src/hotspot/share/prims/jni.cpp, line 617]
Event: 52.761 Thread 0x000001b6161c7000 Exception <a 'sun/nio/fs/WindowsException'{0x0000000087b76170}> (0x0000000087b76170) thrown at [./src/hotspot/share/prims/jni.cpp, line 617]
Event: 53.028 Thread 0x000001b6161c7000 Exception <a 'java/lang/NoSuchMethodError'{0x0000000088d57580}: 'java.lang.Object java.lang.invoke.DirectMethodHandle$Holder.invokeStatic(java.lang.Object, java.lang.Object, java.lang.Object, java.lang.Object, java.lang.Object, java.lang.Object, java.lang.Object, java.lang.Object, java.lang.Object, java.lang.Object, java.lang.Object, java.lang.Object, java.lang.Object, java.lang.Object, java.lang.Object, java.lang.Object, java.lang.Object, java.lang.Object, int, java.lang.Object)'> (0x0000000088d57580) thr
Event: 53.029 Thread 0x000001b6161c7000 Exception <a 'java/lang/NoSuchMethodError'{0x0000000088d5d608}: 'java.lang.Object java.lang.invoke.DirectMethodHandle$Holder.invokeStaticInit(java.lang.Object, java.lang.Object, java.lang.Object, java.lang.Object, java.lang.Object, java.lang.Object, java.lang.Object, java.lang.Object, java.lang.Object, java.lang.Object, java.lang.Object, java.lang.Object, java.lang.Object, java.lang.Object, java.lang.Object, java.lang.Object, java.lang.Object, java.lang.Object, int, java.lang.Object)'> (0x0000000088d5d608)
Event: 53.110 Thread 0x000001b6161c7000 Exception <a 'java/lang/IncompatibleClassChangeError'{0x00000000883cff68}: Found class java.lang.Object, but interface was expected> (0x00000000883cff68) thrown at [./src/hotspot/share/interpreter/linkResolver.cpp, line 839]
Event: 53.110 Thread 0x000001b617914800 Exception <a 'java/lang/IncompatibleClassChangeError'{0x00000000883c79d8}: Found class java.lang.Object, but interface was expected> (0x00000000883c79d8) thrown at [./src/hotspot/share/interpreter/linkResolver.cpp, line 839]

Events (20 events):
Event: 53.206 loading class com/google/common/util/concurrent/NullnessCasts
Event: 53.206 loading class com/google/common/util/concurrent/NullnessCasts done
Event: 53.208 loading class com/android/tools/r8/internal/FC
Event: 53.208 loading class com/android/tools/r8/internal/FC done
Event: 53.208 loading class com/android/tools/r8/internal/C8
Event: 53.208 loading class com/android/tools/r8/internal/C8 done
Event: 53.210 loading class com/android/tools/r8/graph/f0$i
Event: 53.210 loading class com/android/tools/r8/graph/f0$i done
Event: 53.215 loading class com/android/tools/r8/internal/Zc
Event: 53.215 loading class com/android/tools/r8/internal/Zc done
Event: 53.215 loading class com/android/tools/r8/internal/CC
Event: 53.215 loading class com/android/tools/r8/internal/CC done
Event: 53.215 loading class com/android/tools/r8/internal/Bw
Event: 53.215 loading class com/android/tools/r8/internal/Bw done
Event: 53.222 loading class com/android/tools/r8/graph/t
Event: 53.222 loading class com/android/tools/r8/graph/t done
Event: 53.223 loading class com/android/tools/r8/graph/M
Event: 53.223 loading class com/android/tools/r8/graph/M done
Event: 53.225 loading class com/android/tools/r8/graph/B0$a
Event: 53.225 loading class com/android/tools/r8/graph/B0$a done


Dynamic libraries:
0x00007ff70e300000 - 0x00007ff70e30d000 	C:\Program Files\OpenJDK\openjdk-11.0.15_10\bin\java.exe
0x00007ff9caeb0000 - 0x00007ff9cb0a7000 	C:\WINDOWS\SYSTEM32\ntdll.dll
0x00007ff9cac10000 - 0x00007ff9caccd000 	C:\WINDOWS\System32\KERNEL32.DLL
0x00007ff9c8810000 - 0x00007ff9c8add000 	C:\WINDOWS\System32\KERNELBASE.dll
0x00007ff9c8c80000 - 0x00007ff9c8d80000 	C:\WINDOWS\System32\ucrtbase.dll
0x00007ff9a56f0000 - 0x00007ff9a5706000 	C:\Program Files\OpenJDK\openjdk-11.0.15_10\bin\VCRUNTIME140.dll
0x00007ff9a5610000 - 0x00007ff9a5628000 	C:\Program Files\OpenJDK\openjdk-11.0.15_10\bin\jli.dll
0x00007ff9c9d10000 - 0x00007ff9c9eb0000 	C:\WINDOWS\System32\USER32.dll
0x00007ff9c8680000 - 0x00007ff9c86a2000 	C:\WINDOWS\System32\win32u.dll
0x00007ff9b8a90000 - 0x00007ff9b8d2a000 	C:\WINDOWS\WinSxS\amd64_microsoft.windows.common-controls_6595b64144ccf1df_6.0.19041.1110_none_60b5254171f9507e\COMCTL32.dll
0x00007ff9ca2c0000 - 0x00007ff9ca2ea000 	C:\WINDOWS\System32\GDI32.dll
0x00007ff9ca2f0000 - 0x00007ff9ca38e000 	C:\WINDOWS\System32\msvcrt.dll
0x00007ff9c8ae0000 - 0x00007ff9c8beb000 	C:\WINDOWS\System32\gdi32full.dll
0x00007ff9c8720000 - 0x00007ff9c87bd000 	C:\WINDOWS\System32\msvcp_win.dll
0x00007ff9c8f10000 - 0x00007ff9c8f40000 	C:\WINDOWS\System32\IMM32.DLL
0x00007ff989b40000 - 0x00007ff989bea000 	C:\Program Files\OpenJDK\openjdk-11.0.15_10\bin\msvcp140.dll
0x00007ff978240000 - 0x00007ff978d91000 	C:\Program Files\OpenJDK\openjdk-11.0.15_10\bin\server\jvm.dll
0x00007ff9c9560000 - 0x00007ff9c960e000 	C:\WINDOWS\System32\ADVAPI32.dll
0x00007ff9ca080000 - 0x00007ff9ca11c000 	C:\WINDOWS\System32\sechost.dll
0x00007ff9c9b30000 - 0x00007ff9c9c55000 	C:\WINDOWS\System32\RPCRT4.dll
0x00007ff9c9f10000 - 0x00007ff9c9f18000 	C:\WINDOWS\System32\PSAPI.DLL
0x00007ff9bb4b0000 - 0x00007ff9bb4d7000 	C:\WINDOWS\SYSTEM32\WINMM.dll
0x00007ff9c02a0000 - 0x00007ff9c02a9000 	C:\WINDOWS\SYSTEM32\WSOCK32.dll
0x00007ff9cacd0000 - 0x00007ff9cad3b000 	C:\WINDOWS\System32\WS2_32.dll
0x00007ff9bf190000 - 0x00007ff9bf19a000 	C:\WINDOWS\SYSTEM32\VERSION.dll
0x00007ff9c6eb0000 - 0x00007ff9c6ec2000 	C:\WINDOWS\SYSTEM32\kernel.appcore.dll
0x00007ff9a51a0000 - 0x00007ff9a51b1000 	C:\Program Files\OpenJDK\openjdk-11.0.15_10\bin\verify.dll
0x00007ff9c6b70000 - 0x00007ff9c6d54000 	C:\WINDOWS\SYSTEM32\DBGHELP.DLL
0x00007ff9c25c0000 - 0x00007ff9c25ec000 	C:\WINDOWS\SYSTEM32\dbgcore.DLL
0x00007ff9c8bf0000 - 0x00007ff9c8c72000 	C:\WINDOWS\System32\bcryptPrimitives.dll
0x00007ff9a5170000 - 0x00007ff9a5199000 	C:\Program Files\OpenJDK\openjdk-11.0.15_10\bin\java.dll
0x00007ff9a9a10000 - 0x00007ff9a9a1a000 	C:\Program Files\OpenJDK\openjdk-11.0.15_10\bin\jimage.dll
0x00007ff9a3bf0000 - 0x00007ff9a3c08000 	C:\Program Files\OpenJDK\openjdk-11.0.15_10\bin\zip.dll
0x00007ff9ca440000 - 0x00007ff9cab84000 	C:\WINDOWS\System32\SHELL32.dll
0x00007ff9c63d0000 - 0x00007ff9c6b64000 	C:\WINDOWS\SYSTEM32\windows.storage.dll
0x00007ff9c9690000 - 0x00007ff9c99e4000 	C:\WINDOWS\System32\combase.dll
0x00007ff9c8030000 - 0x00007ff9c805c000 	C:\WINDOWS\SYSTEM32\Wldp.dll
0x00007ff9ca390000 - 0x00007ff9ca43d000 	C:\WINDOWS\System32\SHCORE.dll
0x00007ff9c9eb0000 - 0x00007ff9c9f05000 	C:\WINDOWS\System32\shlwapi.dll
0x00007ff9c8510000 - 0x00007ff9c852f000 	C:\WINDOWS\SYSTEM32\profapi.dll
0x00007ff9a3bd0000 - 0x00007ff9a3be9000 	C:\Program Files\OpenJDK\openjdk-11.0.15_10\bin\net.dll
0x00007ff9c00d0000 - 0x00007ff9c01da000 	C:\WINDOWS\SYSTEM32\WINHTTP.dll
0x00007ff9c7d90000 - 0x00007ff9c7dfa000 	C:\WINDOWS\system32\mswsock.dll
0x00007ff9a31a0000 - 0x00007ff9a31b3000 	C:\Program Files\OpenJDK\openjdk-11.0.15_10\bin\nio.dll
0x00007ff9c3dc0000 - 0x00007ff9c3de7000 	C:\Users\Tom\.gradle\native\e1d6ef7f7dcc3fd88c89a11ec53ec762bb8ba0a96d01ffa2cd45eb1d1d8dd5c5\windows-amd64\native-platform.dll
0x00007ff998f60000 - 0x00007ff9990a4000 	C:\Users\Tom\.gradle\native\5664cfc778a61ccfe75a443a1ab52a65af34e5dc3c78e0209fed803814484fcb\windows-amd64\native-platform-file-events.dll
0x00007ff9a9a20000 - 0x00007ff9a9a29000 	C:\Program Files\OpenJDK\openjdk-11.0.15_10\bin\management.dll
0x00007ff9a6560000 - 0x00007ff9a656c000 	C:\Program Files\OpenJDK\openjdk-11.0.15_10\bin\management_ext.dll
0x00007ff9c7f80000 - 0x00007ff9c7f98000 	C:\WINDOWS\SYSTEM32\CRYPTSP.dll
0x00007ff9c7640000 - 0x00007ff9c7674000 	C:\WINDOWS\system32\rsaenh.dll
0x00007ff9c8d80000 - 0x00007ff9c8da7000 	C:\WINDOWS\System32\bcrypt.dll
0x00007ff9c8490000 - 0x00007ff9c84be000 	C:\WINDOWS\SYSTEM32\USERENV.dll
0x00007ff9c7fa0000 - 0x00007ff9c7fac000 	C:\WINDOWS\SYSTEM32\CRYPTBASE.dll
0x00007ff9c7a30000 - 0x00007ff9c7a6b000 	C:\WINDOWS\SYSTEM32\IPHLPAPI.DLL
0x00007ff9cad40000 - 0x00007ff9cad48000 	C:\WINDOWS\System32\NSI.dll
0x00007ff9c0490000 - 0x00007ff9c04a7000 	C:\WINDOWS\SYSTEM32\dhcpcsvc6.DLL
0x00007ff9c0eb0000 - 0x00007ff9c0ecd000 	C:\WINDOWS\SYSTEM32\dhcpcsvc.DLL
0x00007ff9c7ac0000 - 0x00007ff9c7b8b000 	C:\WINDOWS\SYSTEM32\DNSAPI.dll

dbghelp: loaded successfully - version: 4.0.5 - missing functions: none
symbol engine: initialized successfully - sym options: 0x614 - pdb path: .;C:\Program Files\OpenJDK\openjdk-11.0.15_10\bin;C:\WINDOWS\SYSTEM32;C:\WINDOWS\WinSxS\amd64_microsoft.windows.common-controls_6595b64144ccf1df_6.0.19041.1110_none_60b5254171f9507e;C:\Program Files\OpenJDK\openjdk-11.0.15_10\bin\server;C:\Users\Tom\.gradle\native\e1d6ef7f7dcc3fd88c89a11ec53ec762bb8ba0a96d01ffa2cd45eb1d1d8dd5c5\windows-amd64;C:\Users\Tom\.gradle\native\5664cfc778a61ccfe75a443a1ab52a65af34e5dc3c78e0209fed803814484fcb\windows-amd64

VM Arguments:
jvm_args: -XX:MaxMetaspaceSize=512m --add-opens=java.base/java.util=ALL-UNNAMED --add-opens=java.base/java.lang=ALL-UNNAMED --add-opens=java.base/java.lang.invoke=ALL-UNNAMED --add-opens=java.base/java.util=ALL-UNNAMED --add-opens=java.prefs/java.util.prefs=ALL-UNNAMED --add-opens=java.prefs/java.util.prefs=ALL-UNNAMED --add-opens=java.base/java.nio.charset=ALL-UNNAMED --add-opens=java.base/java.net=ALL-UNNAMED --add-opens=java.base/java.util.concurrent.atomic=ALL-UNNAMED -Xmx2048m -Dfile.encoding=windows-1252 -Duser.country=GB -Duser.language=en -Duser.variant 
java_command: org.gradle.launcher.daemon.bootstrap.GradleDaemon 7.3.3
java_class_path (initial): C:\Users\Tom\.gradle\wrapper\dists\gradle-7.3.3-all\4295vidhdd9hd3gbjyw1xqxpo\gradle-7.3.3\lib\gradle-launcher-7.3.3.jar
Launcher Type: SUN_STANDARD

[Global flags]
     intx CICompilerCount                          = 3                                         {product} {ergonomic}
   size_t CompressedClassSpaceSize                 = 528482304                                 {product} {ergonomic}
     uint ConcGCThreads                            = 1                                         {product} {ergonomic}
     uint G1ConcRefinementThreads                  = 4                                         {product} {ergonomic}
   size_t G1HeapRegionSize                         = 1048576                                   {product} {ergonomic}
    uintx GCDrainStackTargetSize                   = 64                                        {product} {ergonomic}
   size_t InitialHeapSize                          = 134217728                                 {product} {ergonomic}
   size_t MarkStackSize                            = 4194304                                   {product} {ergonomic}
   size_t MaxHeapSize                              = 2147483648                                {product} {command line}
   size_t MaxMetaspaceSize                         = 536870912                                 {product} {command line}
   size_t MaxNewSize                               = 1287651328                                {product} {ergonomic}
   size_t MinHeapDeltaBytes                        = 1048576                                   {product} {ergonomic}
    uintx NonNMethodCodeHeapSize                   = 5830732                                {pd product} {ergonomic}
    uintx NonProfiledCodeHeapSize                  = 122913754                              {pd product} {ergonomic}
    uintx ProfiledCodeHeapSize                     = 122913754                              {pd product} {ergonomic}
    uintx ReservedCodeCacheSize                    = 251658240                              {pd product} {ergonomic}
     bool SegmentedCodeCache                       = true                                      {product} {ergonomic}
     bool UseCompressedClassPointers               = true                                 {lp64_product} {ergonomic}
     bool UseCompressedOops                        = true                                 {lp64_product} {ergonomic}
     bool UseG1GC                                  = true                                      {product} {ergonomic}
     bool UseLargePagesIndividualAllocation        = false                                  {pd product} {ergonomic}

Logging:
Log output configuration:
 #0: stdout all=warning uptime,level,tags
 #1: stderr all=off uptime,level,tags

Environment Variables:
JAVA_HOME=C:\Program Files\OpenJDK\openjdk-11.0.15_10
CLASSPATH=C:\Users\Tom\Documents\Programmation\React Native\projectRNcli\android\\gradle\wrapper\gradle-wrapper.jar
PATH=C:\Users\Tom\Documents\Programmation\React Native\projectRNcli\android\node_modules\.bin;C:\Users\Tom\Documents\Programmation\React Native\projectRNcli\node_modules\.bin;C:\Users\Tom\Documents\Programmation\React Native\node_modules\.bin;C:\Users\Tom\Documents\Programmation\node_modules\.bin;C:\Users\Tom\Documents\node_modules\.bin;C:\Users\Tom\node_modules\.bin;C:\Users\node_modules\.bin;C:\node_modules\.bin;C:\Program Files\nodejs;C:\Users\Tom\Documents\Programmation\React Native\projectRNcli\node_modules\.bin;C:\Users\Tom\Documents\Programmation\React Native\node_modules\.bin;C:\Users\Tom\Documents\Programmation\node_modules\.bin;C:\Users\Tom\Documents\node_modules\.bin;C:\Users\Tom\node_modules\.bin;C:\Users\node_modules\.bin;C:\node_modules\.bin;C:\Program Files\nodejs\node_modules\npm\node_modules\@npmcli\run-script\lib\node-gyp-bin;C:\Python310\Scripts\;C:\Python310\;C:\Program Files\Common Files\Oracle\Java\javapath;C:\Program Files (x86)\Intel\Intel(R) Management Engine Components\iCLS\;C:\Program Files\Intel\Intel(R) Management Engine Components\iCLS\;C:\windows\system32;C:\windows;C:\windows\System32\Wbem;C:\windows\System32\WindowsPowerShell\v1.0\;C:\Program Files (x86)\Intel\Intel(R) Management Engine Components\DAL;C:\Program Files\Intel\Intel(R) Management Engine Components\DAL;C:\Program Files (x86)\Intel\Intel(R) Management Engine Components\IPT;C:\Program Files\Intel\Intel(R) Management Engine Components\IPT;C:\Program Files (x86)\NVIDIA Corporation\PhysX\Common;C:\WINDOWS\system32;C:\WINDOWS;C:\WINDOWS\System32\Wbem;C:\WINDOWS\System32\WindowsPowerShell\v1.0\;C:\WINDOWS\System32\OpenSSH\;C:\Program Files\Microchip\xc8\v2.36\bin;C:\ProgramData\chocolatey\bin;C:\Program Files\OpenJDK\openjdk-11.0.15_10\bin;C:\Program Files\nodejs\;C:\Users\Tom\AppData\Local\Microsoft\WindowsApps;C:\Users\Tom\AppData\Local\Programs\Microsoft VS Code\bin;C:\Users\Tom\AppData\Local\Android\Sdk\platform-tools;C:\Users\Tom\AppData\Roaming\npm;C:\Users\Tom\Documents\Pro
USERNAME=Tom
LANG=en_GB.UTF-8
OS=Windows_NT
PROCESSOR_IDENTIFIER=Intel64 Family 6 Model 142 Stepping 10, GenuineIntel



---------------  S Y S T E M  ---------------

OS: Windows 10 , 64 bit Build 19041 (10.0.19041.1741)
OS uptime: 0 days 5:22 hours

CPU:total 4 (initial active 4) (2 cores per cpu, 2 threads per core) family 6 model 142 stepping 10 microcode 0xb4, cmov, cx8, fxsr, mmx, sse, sse2, sse3, ssse3, sse4.1, sse4.2, popcnt, avx, avx2, aes, clmul, erms, 3dnowpref, lzcnt, ht, tsc, tscinvbit, bmi1, bmi2, adx, fma

Memory: 4k page, system-wide physical 8107M (768M free)
TotalPageFile size 8107M (AvailPageFile size 1M)
current process WorkingSet (physical memory assigned to process): 441M, peak: 441M
current process commit charge ("private bytes"): 495M, peak: 496M

vm_info: OpenJDK 64-Bit Server VM (11.0.15+10) for windows-amd64 JRE (11.0.15+10), built on Apr 21 2022 21:29:46 by "tester" with MS VC++ 15.5 (VS2017)

END.
