#
# There is insufficient memory for the Java Runtime Environment to continue.
# Native memory allocation (mmap) failed to map 99614720 bytes for Failed to commit area from 0x000000008b900000 to 0x0000000091800000 of length 99614720.
# Possible reasons:
#   The system is out of physical RAM or swap space
#   The process is running with CompressedOops enabled, and the Java Heap may be blocking the growth of the native heap
# Possible solutions:
#   Reduce memory load on the system
#   Increase physical memory or swap space
#   Check if swap backing store is full
#   Decrease Java heap size (-Xmx/-Xms)
#   Decrease number of Java threads
#   Decrease Java thread stack sizes (-Xss)
#   Set larger code cache with -XX:ReservedCodeCacheSize=
#   JVM is running with Unscaled Compressed Oops mode in which the Java heap is
#     placed in the first 4GB address space. The Java Heap base address is the
#     maximum limit for the native heap growth. Please use -XX:HeapBaseMinAddress
#     to set the Java Heap base and to place the Java Heap above 4GB virtual address.
# This output file may be truncated or incomplete.
#
#  Out of Memory Error (./src/hotspot/os/windows/os_windows.cpp:3390), pid=1168, tid=3000
#
# JRE version: OpenJDK Runtime Environment 18.9 (11.0.15+10) (build 11.0.15+10)
# Java VM: OpenJDK 64-Bit Server VM 18.9 (11.0.15+10, mixed mode, tiered, compressed oops, g1 gc, windows-amd64)
# No core dump will be written. Minidumps are not enabled by default on client versions of Windows
#

---------------  S U M M A R Y ------------

Command Line: -XX:MaxMetaspaceSize=512m --add-opens=java.base/java.util=ALL-UNNAMED --add-opens=java.base/java.lang=ALL-UNNAMED --add-opens=java.base/java.lang.invoke=ALL-UNNAMED --add-opens=java.base/java.util=ALL-UNNAMED --add-opens=java.prefs/java.util.prefs=ALL-UNNAMED --add-opens=java.prefs/java.util.prefs=ALL-UNNAMED --add-opens=java.base/java.nio.charset=ALL-UNNAMED --add-opens=java.base/java.net=ALL-UNNAMED --add-opens=java.base/java.util.concurrent.atomic=ALL-UNNAMED -Xmx2048m -Dfile.encoding=windows-1252 -Duser.country=GB -Duser.language=en -Duser.variant org.gradle.launcher.daemon.bootstrap.GradleDaemon 7.3.3

Host: Intel(R) Core(TM) i3-7020U CPU @ 2.30GHz, 4 cores, 7G,  Windows 10 , 64 bit Build 19041 (10.0.19041.1741)
Time: Sun Jul  3 16:57:40 2022 Romance Summer Time elapsed time: 69.157479 seconds (0d 0h 1m 9s)

---------------  T H R E A D  ---------------

Current thread (0x00000280ee8fb000):  VMThread "VM Thread" [stack: 0x000000eec9a00000,0x000000eec9b00000] [id=3000]

Stack: [0x000000eec9a00000,0x000000eec9b00000]
[error occurred during error reporting (printing stack bounds), id 0xc0000005, EXCEPTION_ACCESS_VIOLATION (0xc0000005) at pc=0x00000280d884112d]

Native frames: (J=compiled Java code, j=interpreted, Vv=VM code, C=native code)
V  [jvm.dll+0x64dd3a]
V  [jvm.dll+0x7906c9]
V  [jvm.dll+0x791d9c]
V  [jvm.dll+0x7923c5]
V  [jvm.dll+0x79237b]
V  [jvm.dll+0x64cdd0]
V  [jvm.dll+0x64d4e8]
C  [ntdll.dll+0xa209f]
C  [ntdll.dll+0x51454]
C  [ntdll.dll+0xa0bce]
C  0x00000280d884112d

VM_Operation (0x000000eecd1ee190): G1CollectForAllocation, mode: safepoint, requested by thread 0x00000280ef57d800


---------------  P R O C E S S  ---------------

Threads class SMR info:
_java_thread_list=0x00000280f776aef0, length=92, elements={
0x00000280d00e2800, 0x00000280ee8fe800, 0x00000280ee90a000, 0x00000280ee966000,
0x00000280ee96a000, 0x00000280ee96b800, 0x00000280ef290800, 0x00000280ef295800,
0x00000280ef2a7800, 0x00000280ef3f5000, 0x00000280f16e7800, 0x00000280f0315800,
0x00000280f0db5000, 0x00000280efdf5800, 0x00000280efdf6000, 0x00000280f09ac000,
0x00000280f02e9800, 0x00000280f0173000, 0x00000280f02ea000, 0x00000280f192a800,
0x00000280ef6ed000, 0x00000280ef6ed800, 0x00000280ef6e8000, 0x00000280ef6ee800,
0x00000280ef6e9000, 0x00000280ef6eb000, 0x00000280ef6ec000, 0x00000280ef6e9800,
0x00000280ef6ea800, 0x00000280f2155800, 0x00000280f2158000, 0x00000280f2157000,
0x00000280f2159800, 0x00000280f2159000, 0x00000280f2154000, 0x00000280f215a800,
0x00000280f215b800, 0x00000280f215c000, 0x00000280f2156800, 0x00000280f2162800,
0x00000280f2162000, 0x00000280f215d000, 0x00000280f215e800, 0x00000280f215d800,
0x00000280f215f800, 0x00000280f2160000, 0x00000280f2161000, 0x00000280ef57f800,
0x00000280ef582800, 0x00000280ef583800, 0x00000280ef581000, 0x00000280ef57d800,
0x00000280ef582000, 0x00000280ef580000, 0x00000280ef584000, 0x00000280ef57e800,
0x00000280f58a8800, 0x00000280f58a7800, 0x00000280f58a6800, 0x00000280f58a9000,
0x00000280f58a6000, 0x00000280f58ab000, 0x00000280f58a5000, 0x00000280f58aa000,
0x00000280f58ae000, 0x00000280f58b0800, 0x00000280f58af000, 0x00000280f58b1800,
0x00000280f58ab800, 0x00000280f58b2000, 0x00000280f58af800, 0x00000280f58ac800,
0x00000280f58b3000, 0x00000280f58ad000, 0x00000280f58b4000, 0x00000280f2640800,
0x00000280f2641000, 0x00000280f2642800, 0x00000280f2644800, 0x00000280f2647000,
0x00000280f2643800, 0x00000280f5931800, 0x00000280f592e800, 0x00000280f5932800,
0x00000280f5933000, 0x00000280f5930000, 0x00000280f5930800, 0x00000280fa918800,
0x00000280f5934000, 0x00000280f593b800, 0x00000280f5935800, 0x00000280f593a800
}

Java Threads: ( => current thread )
  0x00000280d00e2800 JavaThread "main" [_thread_blocked, id=6668, stack(0x000000eec9400000,0x000000eec9500000)]
  0x00000280ee8fe800 JavaThread "Reference Handler" daemon [_thread_blocked, id=3864, stack(0x000000eec9b00000,0x000000eec9c00000)]
  0x00000280ee90a000 JavaThread "Finalizer" daemon [_thread_blocked, id=16552, stack(0x000000eec9c00000,0x000000eec9d00000)]
  0x00000280ee966000 JavaThread "Signal Dispatcher" daemon [_thread_blocked, id=3672, stack(0x000000eec9d00000,0x000000eec9e00000)]
  0x00000280ee96a000 JavaThread "Attach Listener" daemon [_thread_blocked, id=1740, stack(0x000000eec9e00000,0x000000eec9f00000)]
  0x00000280ee96b800 JavaThread "Service Thread" daemon [_thread_blocked, id=9836, stack(0x000000eec9f00000,0x000000eeca000000)]
  0x00000280ef290800 JavaThread "C2 CompilerThread0" daemon [_thread_in_native, id=13504, stack(0x000000eeca000000,0x000000eeca100000)]
  0x00000280ef295800 JavaThread "C1 CompilerThread0" daemon [_thread_blocked, id=8560, stack(0x000000eeca100000,0x000000eeca200000)]
  0x00000280ef2a7800 JavaThread "Sweeper thread" daemon [_thread_blocked, id=7552, stack(0x000000eeca200000,0x000000eeca300000)]
  0x00000280ef3f5000 JavaThread "Common-Cleaner" daemon [_thread_blocked, id=1580, stack(0x000000eeca300000,0x000000eeca400000)]
  0x00000280f16e7800 JavaThread "Daemon health stats" [_thread_blocked, id=10888, stack(0x000000eeca800000,0x000000eeca900000)]
  0x00000280f0315800 JavaThread "Incoming local TCP Connector on port 50409" [_thread_in_native, id=11844, stack(0x000000eeca500000,0x000000eeca600000)]
  0x00000280f0db5000 JavaThread "Daemon periodic checks" [_thread_blocked, id=8068, stack(0x000000eeca900000,0x000000eecaa00000)]
  0x00000280efdf5800 JavaThread "Daemon" [_thread_blocked, id=6548, stack(0x000000eecaa00000,0x000000eecab00000)]
  0x00000280efdf6000 JavaThread "Handler for socket connection from /127.0.0.1:50409 to /127.0.0.1:50410" [_thread_in_native, id=7452, stack(0x000000eecab00000,0x000000eecac00000)]
  0x00000280f09ac000 JavaThread "Cancel handler" [_thread_blocked, id=17772, stack(0x000000eecac00000,0x000000eecad00000)]
  0x00000280f02e9800 JavaThread "Daemon worker" [_thread_blocked, id=5388, stack(0x000000eecad00000,0x000000eecae00000)]
  0x00000280f0173000 JavaThread "Asynchronous log dispatcher for DefaultDaemonConnection: socket connection from /127.0.0.1:50409 to /127.0.0.1:50410" [_thread_blocked, id=9768, stack(0x000000eecaf00000,0x000000eecb000000)]
  0x00000280f02ea000 JavaThread "Stdin handler" [_thread_blocked, id=17156, stack(0x000000eecb000000,0x000000eecb100000)]
  0x00000280f192a800 JavaThread "Daemon client event forwarder" [_thread_blocked, id=13976, stack(0x000000eecb100000,0x000000eecb200000)]
  0x00000280ef6ed000 JavaThread "Cache worker for journal cache (C:\Users\Tom\.gradle\caches\journal-1)" [_thread_blocked, id=9220, stack(0x000000eecb200000,0x000000eecb300000)]
  0x00000280ef6ed800 JavaThread "File lock request listener" [_thread_in_native, id=9392, stack(0x000000eecb300000,0x000000eecb400000)]
  0x00000280ef6e8000 JavaThread "Cache worker for file hash cache (C:\Users\Tom\.gradle\caches\7.3.3\fileHashes)" [_thread_blocked, id=13476, stack(0x000000eecb400000,0x000000eecb500000)]
  0x00000280ef6ee800 JavaThread "Cache worker for file hash cache (C:\Users\Tom\Documents\Programmation\React Native\projectRNcli\android\.gradle\7.3.3\fileHashes)" [_thread_blocked, id=14324, stack(0x000000eecb500000,0x000000eecb600000)]
  0x00000280ef6e9000 JavaThread "File watcher server" daemon [_thread_blocked, id=11688, stack(0x000000eecb700000,0x000000eecb800000)]
  0x00000280ef6eb000 JavaThread "File watcher consumer" daemon [_thread_blocked, id=7516, stack(0x000000eecb800000,0x000000eecb900000)]
  0x00000280ef6ec000 JavaThread "Cache worker for checksums cache (C:\Users\Tom\Documents\Programmation\React Native\projectRNcli\android\.gradle\7.3.3\checksums)" [_thread_blocked, id=3508, stack(0x000000eecb600000,0x000000eecb700000)]
  0x00000280ef6e9800 JavaThread "Cache worker for cache directory md-supplier (C:\Users\Tom\.gradle\caches\7.3.3\md-supplier)" [_thread_blocked, id=7484, stack(0x000000eecb900000,0x000000eecba00000)]
  0x00000280ef6ea800 JavaThread "Cache worker for cache directory md-rule (C:\Users\Tom\.gradle\caches\7.3.3\md-rule)" [_thread_blocked, id=13668, stack(0x000000eecbb00000,0x000000eecbc00000)]
  0x00000280f2155800 JavaThread "Cache worker for execution history cache (C:\Users\Tom\.gradle\caches\7.3.3\executionHistory)" [_thread_blocked, id=7612, stack(0x000000eecbc00000,0x000000eecbd00000)]
  0x00000280f2158000 JavaThread "jar transforms" [_thread_blocked, id=5132, stack(0x000000eecbd00000,0x000000eecbe00000)]
  0x00000280f2157000 JavaThread "jar transforms Thread 2" [_thread_blocked, id=15392, stack(0x000000eecbe00000,0x000000eecbf00000)]
  0x00000280f2159800 JavaThread "Cache worker for file content cache (C:\Users\Tom\.gradle\caches\7.3.3\fileContent)" [_thread_blocked, id=10328, stack(0x000000eecbf00000,0x000000eecc000000)]
  0x00000280f2159000 JavaThread "jar transforms Thread 3" [_thread_blocked, id=15896, stack(0x000000eecba00000,0x000000eecbb00000)]
  0x00000280f2154000 JavaThread "jar transforms Thread 4" [_thread_blocked, id=7308, stack(0x000000eecc000000,0x000000eecc100000)]
  0x00000280f215a800 JavaThread "Cache worker for kotlin-dsl (C:\Users\Tom\.gradle\caches\7.3.3\kotlin-dsl)" [_thread_blocked, id=14544, stack(0x000000eecc200000,0x000000eecc300000)]
  0x00000280f215b800 JavaThread "Cache worker for dependencies-accessors (C:\Users\Tom\Documents\Programmation\React Native\projectRNcli\android\.gradle\7.3.3\dependencies-accessors)" [_thread_blocked, id=15052, stack(0x000000eecc300000,0x000000eecc400000)]
  0x00000280f215c000 JavaThread "Cache worker for Build Output Cleanup Cache (C:\Users\Tom\Documents\Programmation\React Native\projectRNcli\node_modules\react-native-gradle-plugin\.gradle\buildOutputCleanup)" [_thread_blocked, id=13688, stack(0x000000eecc400000,0x000000eecc500000)]
  0x00000280f2156800 JavaThread "Unconstrained build operations" [_thread_blocked, id=11052, stack(0x000000eecc100000,0x000000eecc200000)]
  0x00000280f2162800 JavaThread "Unconstrained build operations Thread 2" [_thread_blocked, id=13296, stack(0x000000eecc500000,0x000000eecc600000)]
  0x00000280f2162000 JavaThread "Unconstrained build operations Thread 3" [_thread_blocked, id=11040, stack(0x000000eecc600000,0x000000eecc700000)]
  0x00000280f215d000 JavaThread "Unconstrained build operations Thread 4" [_thread_blocked, id=16112, stack(0x000000eecc700000,0x000000eecc800000)]
  0x00000280f215e800 JavaThread "Unconstrained build operations Thread 5" [_thread_blocked, id=14972, stack(0x000000eecc800000,0x000000eecc900000)]
  0x00000280f215d800 JavaThread "Unconstrained build operations Thread 6" [_thread_blocked, id=9780, stack(0x000000eecc900000,0x000000eecca00000)]
  0x00000280f215f800 JavaThread "Unconstrained build operations Thread 7" [_thread_blocked, id=17452, stack(0x000000eecca00000,0x000000eeccb00000)]
  0x00000280f2160000 JavaThread "Unconstrained build operations Thread 8" [_thread_blocked, id=3204, stack(0x000000eeccb00000,0x000000eeccc00000)]
  0x00000280f2161000 JavaThread "Unconstrained build operations Thread 9" [_thread_blocked, id=11260, stack(0x000000eeccc00000,0x000000eeccd00000)]
  0x00000280ef57f800 JavaThread "Unconstrained build operations Thread 10" [_thread_blocked, id=964, stack(0x000000eeccd00000,0x000000eecce00000)]
  0x00000280ef582800 JavaThread "Unconstrained build operations Thread 11" [_thread_blocked, id=6180, stack(0x000000eecce00000,0x000000eeccf00000)]
  0x00000280ef583800 JavaThread "Unconstrained build operations Thread 12" [_thread_blocked, id=17128, stack(0x000000eeccf00000,0x000000eecd000000)]
  0x00000280ef581000 JavaThread "Unconstrained build operations Thread 13" [_thread_blocked, id=16336, stack(0x000000eecd000000,0x000000eecd100000)]
  0x00000280ef57d800 JavaThread "Unconstrained build operations Thread 14" [_thread_blocked, id=720, stack(0x000000eecd100000,0x000000eecd200000)]
  0x00000280ef582000 JavaThread "Unconstrained build operations Thread 15" [_thread_blocked, id=11916, stack(0x000000eecd200000,0x000000eecd300000)]
  0x00000280ef580000 JavaThread "Unconstrained build operations Thread 16" [_thread_blocked, id=12148, stack(0x000000eecd300000,0x000000eecd400000)]
  0x00000280ef584000 JavaThread "Unconstrained build operations Thread 17" [_thread_blocked, id=9108, stack(0x000000eecd400000,0x000000eecd500000)]
  0x00000280ef57e800 JavaThread "Unconstrained build operations Thread 18" [_thread_blocked, id=5072, stack(0x000000eecd500000,0x000000eecd600000)]
  0x00000280f58a8800 JavaThread "Unconstrained build operations Thread 19" [_thread_blocked, id=14428, stack(0x000000eecd600000,0x000000eecd700000)]
  0x00000280f58a7800 JavaThread "Unconstrained build operations Thread 20" [_thread_blocked, id=15492, stack(0x000000eecd700000,0x000000eecd800000)]
  0x00000280f58a6800 JavaThread "Unconstrained build operations Thread 21" [_thread_blocked, id=17492, stack(0x000000eecd800000,0x000000eecd900000)]
  0x00000280f58a9000 JavaThread "Unconstrained build operations Thread 22" [_thread_blocked, id=14072, stack(0x000000eecd900000,0x000000eecda00000)]
  0x00000280f58a6000 JavaThread "Unconstrained build operations Thread 23" [_thread_blocked, id=18316, stack(0x000000eecda00000,0x000000eecdb00000)]
  0x00000280f58ab000 JavaThread "Unconstrained build operations Thread 24" [_thread_blocked, id=11064, stack(0x000000eecdb00000,0x000000eecdc00000)]
  0x00000280f58a5000 JavaThread "Unconstrained build operations Thread 25" [_thread_blocked, id=14420, stack(0x000000eecdc00000,0x000000eecdd00000)]
  0x00000280f58aa000 JavaThread "Unconstrained build operations Thread 26" [_thread_blocked, id=14512, stack(0x000000eecdd00000,0x000000eecde00000)]
  0x00000280f58ae000 JavaThread "Unconstrained build operations Thread 27" [_thread_blocked, id=10820, stack(0x000000eecde00000,0x000000eecdf00000)]
  0x00000280f58b0800 JavaThread "Unconstrained build operations Thread 28" [_thread_blocked, id=10376, stack(0x000000eecdf00000,0x000000eece000000)]
  0x00000280f58af000 JavaThread "Unconstrained build operations Thread 29" [_thread_blocked, id=6264, stack(0x000000eece000000,0x000000eece100000)]
  0x00000280f58b1800 JavaThread "Unconstrained build operations Thread 30" [_thread_blocked, id=3492, stack(0x000000eece100000,0x000000eece200000)]
  0x00000280f58ab800 JavaThread "Unconstrained build operations Thread 31" [_thread_blocked, id=13052, stack(0x000000eece200000,0x000000eece300000)]
  0x00000280f58b2000 JavaThread "Unconstrained build operations Thread 32" [_thread_blocked, id=11932, stack(0x000000eece300000,0x000000eece400000)]
  0x00000280f58af800 JavaThread "Unconstrained build operations Thread 33" [_thread_blocked, id=14284, stack(0x000000eece400000,0x000000eece500000)]
  0x00000280f58ac800 JavaThread "build event listener" [_thread_blocked, id=11488, stack(0x000000eece500000,0x000000eece600000)]
  0x00000280f58b3000 JavaThread "Memory manager" [_thread_blocked, id=10212, stack(0x000000eece600000,0x000000eece700000)]
  0x00000280f58ad000 JavaThread "Cache worker for Build Output Cleanup Cache (C:\Users\Tom\Documents\Programmation\React Native\projectRNcli\android\.gradle\buildOutputCleanup)" [_thread_blocked, id=15804, stack(0x000000eece700000,0x000000eece800000)]
  0x00000280f58b4000 JavaThread "included builds" [_thread_blocked, id=7440, stack(0x000000eece800000,0x000000eece900000)]
  0x00000280f2640800 JavaThread "Cache worker for execution history cache (C:\Users\Tom\Documents\Programmation\React Native\projectRNcli\node_modules\react-native-gradle-plugin\.gradle\7.3.3\executionHistory)" [_thread_blocked, id=2032, stack(0x000000eecec00000,0x000000eeced00000)]
  0x00000280f2641000 JavaThread "Unconstrained build operations Thread 34" [_thread_blocked, id=3416, stack(0x000000eeced00000,0x000000eecee00000)]
  0x00000280f2642800 JavaThread "Unconstrained build operations Thread 35" [_thread_blocked, id=15880, stack(0x000000eecee00000,0x000000eecef00000)]
  0x00000280f2644800 JavaThread "Unconstrained build operations Thread 36" [_thread_blocked, id=15908, stack(0x000000eecef00000,0x000000eecf000000)]
  0x00000280f2647000 JavaThread "Unconstrained build operations Thread 37" [_thread_blocked, id=17964, stack(0x000000eecf000000,0x000000eecf100000)]
  0x00000280f2643800 JavaThread "Unconstrained build operations Thread 38" [_thread_blocked, id=8888, stack(0x000000eecf100000,0x000000eecf200000)]
  0x00000280f5931800 JavaThread "Unconstrained build operations Thread 39" [_thread_blocked, id=7908, stack(0x000000eecf200000,0x000000eecf300000)]
  0x00000280f592e800 JavaThread "Unconstrained build operations Thread 40" [_thread_blocked, id=13972, stack(0x000000eecf300000,0x000000eecf400000)]
  0x00000280f5932800 JavaThread "Execution worker for ':'" [_thread_blocked, id=17348, stack(0x000000eece900000,0x000000eecea00000)]
  0x00000280f5933000 JavaThread "Execution worker for ':' Thread 2" [_thread_blocked, id=16584, stack(0x000000eecea00000,0x000000eeceb00000)]
  0x00000280f5930000 JavaThread "Execution worker for ':' Thread 3" [_thread_blocked, id=2880, stack(0x000000eeceb00000,0x000000eecec00000)]
  0x00000280f5930800 JavaThread "Cache worker for execution history cache (C:\Users\Tom\Documents\Programmation\React Native\projectRNcli\android\.gradle\7.3.3\executionHistory)" [_thread_blocked, id=8524, stack(0x000000eecf600000,0x000000eecf700000)]
  0x00000280fa918800 JavaThread "C2 CompilerThread1" daemon [_thread_in_native, id=12004, stack(0x000000eec9100000,0x000000eec9200000)]
  0x00000280f5934000 JavaThread "WorkerExecutor Queue" [_thread_blocked, id=5628, stack(0x000000eec9200000,0x000000eec9300000)]
  0x00000280f593b800 JavaThread "pool-3-thread-1" [_thread_blocked, id=9208, stack(0x000000eec9300000,0x000000eec9400000)]
  0x00000280f5935800 JavaThread "stderr" [_thread_in_native, id=1572, stack(0x000000eecf700000,0x000000eecf800000)]
  0x00000280f593a800 JavaThread "stdout" [_thread_in_native, id=1292, stack(0x000000eecf800000,0x000000eecf900000)]

Other Threads:
=>0x00000280ee8fb000 VMThread "VM Thread" [stack: 0x000000eec9a00000,0x000000eec9b00000] [id=3000]
  0x00000280ef402800 WatcherThread [stack: 0x000000eeca400000,0x000000eeca500000] [id=6916]
  0x00000280d00fb800 GCTaskThread "GC Thread#0" [stack: 0x000000eec9500000,0x000000eec9600000] [id=11848]
  0x00000280efa6d000 GCTaskThread "GC Thread#1" [stack: 0x000000eeca600000,0x000000eeca700000] [id=1400]
  0x00000280ef6b4800 GCTaskThread "GC Thread#2" [stack: 0x000000eeca700000,0x000000eeca800000] [id=14576]
  0x00000280f0d13800 GCTaskThread "GC Thread#3" [stack: 0x000000eecae00000,0x000000eecaf00000] [id=9016]
  0x00000280d012d000 ConcurrentGCThread "G1 Main Marker" [stack: 0x000000eec9600000,0x000000eec9700000] [id=14444]
  0x00000280d012e800 ConcurrentGCThread "G1 Conc#0" [stack: 0x000000eec9700000,0x000000eec9800000] [id=1684]
  0x00000280d01be000 ConcurrentGCThread "G1 Refine#0" [stack: 0x000000eec9800000,0x000000eec9900000] [id=15748]
  0x00000280ee770800 ConcurrentGCThread "G1 Young RemSet Sampling" [stack: 0x000000eec9900000,0x000000eec9a00000] [id=13840]

Threads with active compile tasks:
C2 CompilerThread0    69186 12867       4       com.android.tools.r8.internal.E9::e (297 bytes)
C2 CompilerThread1    69186 12855       4       com.android.tools.r8.graph.G0::a (2521 bytes)

VM state:at safepoint (normal execution)

VM Mutex/Monitor currently owned by a thread:  ([mutex/lock_event])
[0x00000280d00dfe80] Threads_lock - owner thread: 0x00000280ee8fb000
[0x00000280d00dfd60] Heap_lock - owner thread: 0x00000280ef57d800

Heap address: 0x0000000080000000, size: 2048 MB, Compressed Oops mode: 32-bit
Narrow klass base: 0x0000000000000000, Narrow klass shift: 3
Compressed class space size: 528482304 Address: 0x0000000100000000

Heap:
 garbage-first heap   total 286720K, used 141987K [0x0000000080000000, 0x0000000100000000)
  region size 1024K, 3 young (3072K), 3 survivors (3072K)
 Metaspace       used 106672K, capacity 109795K, committed 109904K, reserved 612352K
  class space    used 13857K, capacity 15095K, committed 15104K, reserved 516096K
Heap Regions: E=young(eden), S=young(survivor), O=old, HS=humongous(starts), HC=humongous(continues), CS=collection set, F=free, A=archive, TAMS=top-at-mark-start (previous, next)
|   0|0x0000000080000000, 0x0000000080100000, 0x0000000080100000|100%| O|  |TAMS 0x0000000080100000, 0x0000000080000000| Untracked 
|   1|0x0000000080100000, 0x0000000080200000, 0x0000000080200000|100%| O|  |TAMS 0x0000000080200000, 0x0000000080100000| Untracked 
|   2|0x0000000080200000, 0x0000000080300000, 0x0000000080300000|100%| O|  |TAMS 0x0000000080300000, 0x0000000080200000| Untracked 
|   3|0x0000000080300000, 0x0000000080400000, 0x0000000080400000|100%|HS|  |TAMS 0x0000000080400000, 0x0000000080300000| Complete 
|   4|0x0000000080400000, 0x0000000080500000, 0x0000000080500000|100%|HC|  |TAMS 0x0000000080500000, 0x0000000080400000| Complete 
|   5|0x0000000080500000, 0x0000000080600000, 0x0000000080600000|100%|HC|  |TAMS 0x0000000080600000, 0x0000000080500000| Complete 
|   6|0x0000000080600000, 0x0000000080700000, 0x0000000080700000|100%| O|  |TAMS 0x0000000080700000, 0x0000000080600000| Untracked 
|   7|0x0000000080700000, 0x0000000080800000, 0x0000000080800000|100%| O|  |TAMS 0x0000000080800000, 0x0000000080700000| Untracked 
|   8|0x0000000080800000, 0x0000000080900000, 0x0000000080900000|100%| O|  |TAMS 0x0000000080900000, 0x0000000080800000| Untracked 
|   9|0x0000000080900000, 0x0000000080a00000, 0x0000000080a00000|100%| O|  |TAMS 0x0000000080a00000, 0x0000000080900000| Untracked 
|  10|0x0000000080a00000, 0x0000000080b00000, 0x0000000080b00000|100%| O|  |TAMS 0x0000000080b00000, 0x0000000080a00000| Untracked 
|  11|0x0000000080b00000, 0x0000000080c00000, 0x0000000080c00000|100%| O|  |TAMS 0x0000000080c00000, 0x0000000080b00000| Untracked 
|  12|0x0000000080c00000, 0x0000000080d00000, 0x0000000080d00000|100%| O|  |TAMS 0x0000000080d00000, 0x0000000080c00000| Untracked 
|  13|0x0000000080d00000, 0x0000000080e00000, 0x0000000080e00000|100%| O|  |TAMS 0x0000000080e00000, 0x0000000080d00000| Untracked 
|  14|0x0000000080e00000, 0x0000000080f00000, 0x0000000080f00000|100%| O|  |TAMS 0x0000000080f00000, 0x0000000080e00000| Untracked 
|  15|0x0000000080f00000, 0x0000000081000000, 0x0000000081000000|100%| O|  |TAMS 0x0000000081000000, 0x0000000080f00000| Untracked 
|  16|0x0000000081000000, 0x0000000081100000, 0x0000000081100000|100%| O|  |TAMS 0x0000000081100000, 0x0000000081000000| Untracked 
|  17|0x0000000081100000, 0x0000000081200000, 0x0000000081200000|100%| O|  |TAMS 0x0000000081200000, 0x0000000081100000| Untracked 
|  18|0x0000000081200000, 0x0000000081300000, 0x0000000081300000|100%| O|  |TAMS 0x0000000081300000, 0x0000000081200000| Untracked 
|  19|0x0000000081300000, 0x0000000081400000, 0x0000000081400000|100%| O|  |TAMS 0x0000000081400000, 0x0000000081300000| Untracked 
|  20|0x0000000081400000, 0x0000000081500000, 0x0000000081500000|100%| O|  |TAMS 0x0000000081500000, 0x0000000081400000| Untracked 
|  21|0x0000000081500000, 0x0000000081600000, 0x0000000081600000|100%| O|  |TAMS 0x0000000081600000, 0x0000000081500000| Untracked 
|  22|0x0000000081600000, 0x0000000081700000, 0x0000000081700000|100%| O|  |TAMS 0x0000000081700000, 0x0000000081600000| Untracked 
|  23|0x0000000081700000, 0x0000000081800000, 0x0000000081800000|100%| O|  |TAMS 0x0000000081800000, 0x0000000081700000| Untracked 
|  24|0x0000000081800000, 0x0000000081900000, 0x0000000081900000|100%| O|  |TAMS 0x0000000081900000, 0x0000000081800000| Untracked 
|  25|0x0000000081900000, 0x0000000081a00000, 0x0000000081a00000|100%| O|  |TAMS 0x0000000081a00000, 0x0000000081900000| Untracked 
|  26|0x0000000081a00000, 0x0000000081b00000, 0x0000000081b00000|100%| O|  |TAMS 0x0000000081b00000, 0x0000000081a00000| Untracked 
|  27|0x0000000081b00000, 0x0000000081c00000, 0x0000000081c00000|100%|HS|  |TAMS 0x0000000081c00000, 0x0000000081b00000| Complete 
|  28|0x0000000081c00000, 0x0000000081d00000, 0x0000000081d00000|100%|HS|  |TAMS 0x0000000081d00000, 0x0000000081c00000| Complete 
|  29|0x0000000081d00000, 0x0000000081e00000, 0x0000000081e00000|100%|HC|  |TAMS 0x0000000081e00000, 0x0000000081d00000| Complete 
|  30|0x0000000081e00000, 0x0000000081f00000, 0x0000000081f00000|100%|HC|  |TAMS 0x0000000081f00000, 0x0000000081e00000| Complete 
|  31|0x0000000081f00000, 0x0000000082000000, 0x0000000082000000|100%| O|  |TAMS 0x0000000082000000, 0x0000000081f00000| Untracked 
|  32|0x0000000082000000, 0x0000000082100000, 0x0000000082100000|100%| O|  |TAMS 0x0000000082100000, 0x0000000082000000| Untracked 
|  33|0x0000000082100000, 0x0000000082200000, 0x0000000082200000|100%| O|  |TAMS 0x0000000082200000, 0x0000000082100000| Untracked 
|  34|0x0000000082200000, 0x0000000082300000, 0x0000000082300000|100%| O|  |TAMS 0x0000000082300000, 0x0000000082200000| Untracked 
|  35|0x0000000082300000, 0x0000000082400000, 0x0000000082400000|100%| O|  |TAMS 0x0000000082400000, 0x0000000082300000| Untracked 
|  36|0x0000000082400000, 0x0000000082500000, 0x0000000082500000|100%| O|  |TAMS 0x0000000082500000, 0x0000000082400000| Untracked 
|  37|0x0000000082500000, 0x0000000082600000, 0x0000000082600000|100%| O|  |TAMS 0x0000000082600000, 0x0000000082500000| Untracked 
|  38|0x0000000082600000, 0x0000000082700000, 0x0000000082700000|100%| O|  |TAMS 0x0000000082700000, 0x0000000082600000| Untracked 
|  39|0x0000000082700000, 0x0000000082800000, 0x0000000082800000|100%| O|  |TAMS 0x0000000082800000, 0x0000000082700000| Untracked 
|  40|0x0000000082800000, 0x0000000082900000, 0x0000000082900000|100%|HS|  |TAMS 0x0000000082900000, 0x0000000082800000| Complete 
|  41|0x0000000082900000, 0x0000000082a00000, 0x0000000082a00000|100%|HS|  |TAMS 0x0000000082a00000, 0x0000000082900000| Complete 
|  42|0x0000000082a00000, 0x0000000082b00000, 0x0000000082b00000|100%|HS|  |TAMS 0x0000000082b00000, 0x0000000082a00000| Complete 
|  43|0x0000000082b00000, 0x0000000082c00000, 0x0000000082c00000|100%|HC|  |TAMS 0x0000000082c00000, 0x0000000082b00000| Complete 
|  44|0x0000000082c00000, 0x0000000082d00000, 0x0000000082d00000|100%| O|  |TAMS 0x0000000082d00000, 0x0000000082c00000| Untracked 
|  45|0x0000000082d00000, 0x0000000082e00000, 0x0000000082e00000|100%| O|  |TAMS 0x0000000082e00000, 0x0000000082d00000| Untracked 
|  46|0x0000000082e00000, 0x0000000082f00000, 0x0000000082f00000|100%| O|  |TAMS 0x0000000082f00000, 0x0000000082e00000| Untracked 
|  47|0x0000000082f00000, 0x0000000083000000, 0x0000000083000000|100%| O|  |TAMS 0x0000000083000000, 0x0000000082f00000| Untracked 
|  48|0x0000000083000000, 0x0000000083100000, 0x0000000083100000|100%| O|  |TAMS 0x0000000083100000, 0x0000000083000000| Untracked 
|  49|0x0000000083100000, 0x0000000083200000, 0x0000000083200000|100%| O|  |TAMS 0x0000000083200000, 0x0000000083100000| Untracked 
|  50|0x0000000083200000, 0x0000000083300000, 0x0000000083300000|100%| O|  |TAMS 0x0000000083300000, 0x0000000083200000| Untracked 
|  51|0x0000000083300000, 0x0000000083400000, 0x0000000083400000|100%| O|  |TAMS 0x0000000083400000, 0x0000000083300000| Untracked 
|  52|0x0000000083400000, 0x0000000083500000, 0x0000000083500000|100%| O|  |TAMS 0x0000000083500000, 0x0000000083400000| Untracked 
|  53|0x0000000083500000, 0x0000000083600000, 0x0000000083600000|100%| O|  |TAMS 0x0000000083600000, 0x0000000083500000| Untracked 
|  54|0x0000000083600000, 0x0000000083700000, 0x0000000083700000|100%| O|  |TAMS 0x0000000083700000, 0x0000000083600000| Untracked 
|  55|0x0000000083700000, 0x0000000083800000, 0x0000000083800000|100%| O|  |TAMS 0x0000000083800000, 0x0000000083700000| Untracked 
|  56|0x0000000083800000, 0x0000000083900000, 0x0000000083900000|100%| O|  |TAMS 0x0000000083900000, 0x0000000083800000| Untracked 
|  57|0x0000000083900000, 0x0000000083a00000, 0x0000000083a00000|100%| O|  |TAMS 0x0000000083a00000, 0x0000000083900000| Untracked 
|  58|0x0000000083a00000, 0x0000000083b00000, 0x0000000083b00000|100%| O|  |TAMS 0x0000000083b00000, 0x0000000083a00000| Untracked 
|  59|0x0000000083b00000, 0x0000000083c00000, 0x0000000083c00000|100%| O|  |TAMS 0x0000000083c00000, 0x0000000083b00000| Untracked 
|  60|0x0000000083c00000, 0x0000000083d00000, 0x0000000083d00000|100%| O|  |TAMS 0x0000000083d00000, 0x0000000083c00000| Untracked 
|  61|0x0000000083d00000, 0x0000000083e00000, 0x0000000083e00000|100%| O|  |TAMS 0x0000000083e00000, 0x0000000083d00000| Untracked 
|  62|0x0000000083e00000, 0x0000000083f00000, 0x0000000083f00000|100%| O|  |TAMS 0x0000000083f00000, 0x0000000083e00000| Untracked 
|  63|0x0000000083f00000, 0x0000000084000000, 0x0000000084000000|100%| O|  |TAMS 0x0000000084000000, 0x0000000083f00000| Untracked 
|  64|0x0000000084000000, 0x0000000084100000, 0x0000000084100000|100%| O|  |TAMS 0x0000000084100000, 0x0000000084000000| Untracked 
|  65|0x0000000084100000, 0x0000000084200000, 0x0000000084200000|100%| O|  |TAMS 0x0000000084200000, 0x0000000084100000| Untracked 
|  66|0x0000000084200000, 0x0000000084300000, 0x0000000084300000|100%| O|  |TAMS 0x0000000084300000, 0x0000000084200000| Untracked 
|  67|0x0000000084300000, 0x0000000084400000, 0x0000000084400000|100%| O|  |TAMS 0x0000000084400000, 0x0000000084300000| Untracked 
|  68|0x0000000084400000, 0x0000000084500000, 0x0000000084500000|100%| O|  |TAMS 0x0000000084500000, 0x0000000084400000| Untracked 
|  69|0x0000000084500000, 0x0000000084600000, 0x0000000084600000|100%| O|  |TAMS 0x0000000084600000, 0x0000000084500000| Untracked 
|  70|0x0000000084600000, 0x0000000084700000, 0x0000000084700000|100%| O|  |TAMS 0x0000000084700000, 0x0000000084600000| Untracked 
|  71|0x0000000084700000, 0x0000000084800000, 0x0000000084800000|100%| O|  |TAMS 0x0000000084800000, 0x0000000084700000| Untracked 
|  72|0x0000000084800000, 0x0000000084900000, 0x0000000084900000|100%| O|  |TAMS 0x0000000084900000, 0x0000000084800000| Untracked 
|  73|0x0000000084900000, 0x0000000084a00000, 0x0000000084a00000|100%| O|  |TAMS 0x0000000084a00000, 0x0000000084900000| Untracked 
|  74|0x0000000084a00000, 0x0000000084b00000, 0x0000000084b00000|100%| O|  |TAMS 0x0000000084b00000, 0x0000000084a00000| Untracked 
|  75|0x0000000084b00000, 0x0000000084c00000, 0x0000000084c00000|100%| O|  |TAMS 0x0000000084c00000, 0x0000000084b00000| Untracked 
|  76|0x0000000084c00000, 0x0000000084d00000, 0x0000000084d00000|100%| O|  |TAMS 0x0000000084d00000, 0x0000000084c00000| Untracked 
|  77|0x0000000084d00000, 0x0000000084e00000, 0x0000000084e00000|100%| O|  |TAMS 0x0000000084e00000, 0x0000000084d00000| Untracked 
|  78|0x0000000084e00000, 0x0000000084f00000, 0x0000000084f00000|100%| O|  |TAMS 0x0000000084f00000, 0x0000000084e00000| Untracked 
|  79|0x0000000084f00000, 0x0000000085000000, 0x0000000085000000|100%| O|  |TAMS 0x0000000085000000, 0x0000000084f00000| Untracked 
|  80|0x0000000085000000, 0x0000000085100000, 0x0000000085100000|100%| O|  |TAMS 0x0000000085100000, 0x0000000085000000| Untracked 
|  81|0x0000000085100000, 0x0000000085200000, 0x0000000085200000|100%| O|  |TAMS 0x0000000085200000, 0x0000000085100000| Untracked 
|  82|0x0000000085200000, 0x0000000085300000, 0x0000000085300000|100%| O|  |TAMS 0x0000000085300000, 0x0000000085200000| Untracked 
|  83|0x0000000085300000, 0x0000000085400000, 0x0000000085400000|100%| O|  |TAMS 0x0000000085400000, 0x0000000085300000| Untracked 
|  84|0x0000000085400000, 0x0000000085500000, 0x0000000085500000|100%| O|  |TAMS 0x0000000085500000, 0x0000000085400000| Untracked 
|  85|0x0000000085500000, 0x0000000085600000, 0x0000000085600000|100%| O|  |TAMS 0x0000000085600000, 0x0000000085500000| Untracked 
|  86|0x0000000085600000, 0x0000000085700000, 0x0000000085700000|100%| O|  |TAMS 0x0000000085700000, 0x0000000085600000| Untracked 
|  87|0x0000000085700000, 0x0000000085800000, 0x0000000085800000|100%| O|  |TAMS 0x0000000085800000, 0x0000000085700000| Untracked 
|  88|0x0000000085800000, 0x0000000085900000, 0x0000000085900000|100%| O|  |TAMS 0x0000000085900000, 0x0000000085800000| Untracked 
|  89|0x0000000085900000, 0x0000000085a00000, 0x0000000085a00000|100%| O|  |TAMS 0x0000000085a00000, 0x0000000085900000| Untracked 
|  90|0x0000000085a00000, 0x0000000085b00000, 0x0000000085b00000|100%| O|  |TAMS 0x0000000085b00000, 0x0000000085a00000| Untracked 
|  91|0x0000000085b00000, 0x0000000085c00000, 0x0000000085c00000|100%| O|  |TAMS 0x0000000085c00000, 0x0000000085b00000| Untracked 
|  92|0x0000000085c00000, 0x0000000085d00000, 0x0000000085d00000|100%| O|  |TAMS 0x0000000085d00000, 0x0000000085c00000| Untracked 
|  93|0x0000000085d00000, 0x0000000085e00000, 0x0000000085e00000|100%| O|  |TAMS 0x0000000085e00000, 0x0000000085d00000| Untracked 
|  94|0x0000000085e00000, 0x0000000085f00000, 0x0000000085f00000|100%| O|  |TAMS 0x0000000085f00000, 0x0000000085e00000| Untracked 
|  95|0x0000000085f00000, 0x0000000086000000, 0x0000000086000000|100%|HS|  |TAMS 0x0000000086000000, 0x0000000085f00000| Complete 
|  96|0x0000000086000000, 0x0000000086100000, 0x0000000086100000|100%|HC|  |TAMS 0x0000000086100000, 0x0000000086000000| Complete 
|  97|0x0000000086100000, 0x0000000086200000, 0x0000000086200000|100%| O|  |TAMS 0x0000000086200000, 0x0000000086100000| Untracked 
|  98|0x0000000086200000, 0x0000000086300000, 0x0000000086300000|100%| O|  |TAMS 0x0000000086300000, 0x0000000086200000| Untracked 
|  99|0x0000000086300000, 0x0000000086400000, 0x0000000086400000|100%| O|  |TAMS 0x0000000086400000, 0x0000000086300000| Untracked 
| 100|0x0000000086400000, 0x0000000086500000, 0x0000000086500000|100%| O|  |TAMS 0x0000000086500000, 0x0000000086400000| Untracked 
| 101|0x0000000086500000, 0x0000000086600000, 0x0000000086600000|100%| O|  |TAMS 0x0000000086600000, 0x0000000086500000| Untracked 
| 102|0x0000000086600000, 0x0000000086700000, 0x0000000086700000|100%| O|  |TAMS 0x0000000086700000, 0x0000000086600000| Untracked 
| 103|0x0000000086700000, 0x0000000086800000, 0x0000000086800000|100%| O|  |TAMS 0x0000000086800000, 0x0000000086700000| Untracked 
| 104|0x0000000086800000, 0x0000000086900000, 0x0000000086900000|100%| O|  |TAMS 0x0000000086900000, 0x0000000086800000| Untracked 
| 105|0x0000000086900000, 0x0000000086a00000, 0x0000000086a00000|100%| O|  |TAMS 0x0000000086a00000, 0x0000000086900000| Untracked 
| 106|0x0000000086a00000, 0x0000000086b00000, 0x0000000086b00000|100%| O|  |TAMS 0x0000000086b00000, 0x0000000086a00000| Untracked 
| 107|0x0000000086b00000, 0x0000000086c00000, 0x0000000086c00000|100%| O|  |TAMS 0x0000000086c00000, 0x0000000086b00000| Untracked 
| 108|0x0000000086c00000, 0x0000000086d00000, 0x0000000086d00000|100%| O|  |TAMS 0x0000000086d00000, 0x0000000086c00000| Untracked 
| 109|0x0000000086d00000, 0x0000000086e00000, 0x0000000086e00000|100%| O|  |TAMS 0x0000000086e00000, 0x0000000086d00000| Untracked 
| 110|0x0000000086e00000, 0x0000000086f00000, 0x0000000086f00000|100%| O|  |TAMS 0x0000000086f00000, 0x0000000086e00000| Untracked 
| 111|0x0000000086f00000, 0x0000000087000000, 0x0000000087000000|100%| O|  |TAMS 0x0000000087000000, 0x0000000086f00000| Untracked 
| 112|0x0000000087000000, 0x0000000087100000, 0x0000000087100000|100%| O|  |TAMS 0x0000000087100000, 0x0000000087000000| Untracked 
| 113|0x0000000087100000, 0x0000000087200000, 0x0000000087200000|100%| O|  |TAMS 0x0000000087200000, 0x0000000087100000| Untracked 
| 114|0x0000000087200000, 0x0000000087300000, 0x0000000087300000|100%| O|  |TAMS 0x0000000087300000, 0x0000000087200000| Untracked 
| 115|0x0000000087300000, 0x0000000087400000, 0x0000000087400000|100%| O|  |TAMS 0x0000000087400000, 0x0000000087300000| Untracked 
| 116|0x0000000087400000, 0x0000000087500000, 0x0000000087500000|100%| O|  |TAMS 0x0000000087500000, 0x0000000087400000| Untracked 
| 117|0x0000000087500000, 0x0000000087600000, 0x0000000087600000|100%| O|  |TAMS 0x0000000087600000, 0x0000000087500000| Untracked 
| 118|0x0000000087600000, 0x0000000087700000, 0x0000000087700000|100%| O|  |TAMS 0x0000000087700000, 0x0000000087600000| Untracked 
| 119|0x0000000087700000, 0x0000000087800000, 0x0000000087800000|100%| O|  |TAMS 0x0000000087800000, 0x0000000087700000| Untracked 
| 120|0x0000000087800000, 0x0000000087900000, 0x0000000087900000|100%| O|  |TAMS 0x0000000087900000, 0x0000000087800000| Untracked 
| 121|0x0000000087900000, 0x0000000087a00000, 0x0000000087a00000|100%| O|  |TAMS 0x0000000087a00000, 0x0000000087900000| Untracked 
| 122|0x0000000087a00000, 0x0000000087b00000, 0x0000000087b00000|100%| O|  |TAMS 0x0000000087b00000, 0x0000000087a00000| Untracked 
| 123|0x0000000087b00000, 0x0000000087c00000, 0x0000000087c00000|100%| O|  |TAMS 0x0000000087c00000, 0x0000000087b00000| Untracked 
| 124|0x0000000087c00000, 0x0000000087d00000, 0x0000000087d00000|100%| O|  |TAMS 0x0000000087d00000, 0x0000000087c00000| Untracked 
| 125|0x0000000087d00000, 0x0000000087e00000, 0x0000000087e00000|100%| O|  |TAMS 0x0000000087e00000, 0x0000000087d00000| Untracked 
| 126|0x0000000087e00000, 0x0000000087f00000, 0x0000000087f00000|100%| O|  |TAMS 0x0000000087f00000, 0x0000000087e00000| Untracked 
| 127|0x0000000087f00000, 0x0000000088000000, 0x0000000088000000|100%| O|  |TAMS 0x0000000088000000, 0x0000000087f00000| Untracked 
| 128|0x0000000088000000, 0x0000000088100000, 0x0000000088100000|100%| O|  |TAMS 0x0000000088100000, 0x0000000088000000| Untracked 
| 129|0x0000000088100000, 0x0000000088200000, 0x0000000088200000|100%| O|  |TAMS 0x00000000881df600, 0x0000000088100000| Untracked 
| 130|0x0000000088200000, 0x0000000088300000, 0x0000000088300000|100%| O|  |TAMS 0x0000000088200000, 0x0000000088200000| Untracked 
| 131|0x0000000088300000, 0x0000000088400000, 0x0000000088400000|100%| O|  |TAMS 0x0000000088300000, 0x0000000088300000| Untracked 
| 132|0x0000000088400000, 0x0000000088500000, 0x0000000088500000|100%| O|  |TAMS 0x0000000088400000, 0x0000000088400000| Untracked 
| 133|0x0000000088500000, 0x0000000088600000, 0x0000000088600000|100%| O|  |TAMS 0x0000000088500000, 0x0000000088500000| Untracked 
| 134|0x0000000088600000, 0x0000000088700000, 0x0000000088700000|100%| O|  |TAMS 0x0000000088600000, 0x0000000088600000| Untracked 
| 135|0x0000000088700000, 0x00000000887d9000, 0x0000000088800000| 84%| O|  |TAMS 0x0000000088700000, 0x0000000088700000| Untracked 
| 136|0x0000000088800000, 0x0000000088800000, 0x0000000088900000|  0%| F|  |TAMS 0x0000000088800000, 0x0000000088800000| Untracked 
| 137|0x0000000088900000, 0x0000000088900000, 0x0000000088a00000|  0%| F|  |TAMS 0x0000000088900000, 0x0000000088900000| Untracked 
| 138|0x0000000088a00000, 0x0000000088a00000, 0x0000000088b00000|  0%| F|  |TAMS 0x0000000088a00000, 0x0000000088a00000| Untracked 
| 139|0x0000000088b00000, 0x0000000088b00000, 0x0000000088c00000|  0%| F|  |TAMS 0x0000000088b00000, 0x0000000088b00000| Untracked 
| 140|0x0000000088c00000, 0x0000000088c00000, 0x0000000088d00000|  0%| F|  |TAMS 0x0000000088c00000, 0x0000000088c00000| Untracked 
| 141|0x0000000088d00000, 0x0000000088d00000, 0x0000000088e00000|  0%| F|  |TAMS 0x0000000088d00000, 0x0000000088d00000| Untracked 
| 142|0x0000000088e00000, 0x0000000088e00000, 0x0000000088f00000|  0%| F|  |TAMS 0x0000000088e00000, 0x0000000088e00000| Untracked 
| 143|0x0000000088f00000, 0x0000000088f00000, 0x0000000089000000|  0%| F|  |TAMS 0x0000000088f00000, 0x0000000088f00000| Untracked 
| 144|0x0000000089000000, 0x0000000089000000, 0x0000000089100000|  0%| F|  |TAMS 0x0000000089000000, 0x0000000089000000| Untracked 
| 145|0x0000000089100000, 0x0000000089100000, 0x0000000089200000|  0%| F|  |TAMS 0x0000000089100000, 0x0000000089100000| Untracked 
| 146|0x0000000089200000, 0x0000000089200000, 0x0000000089300000|  0%| F|  |TAMS 0x0000000089200000, 0x0000000089200000| Untracked 
| 147|0x0000000089300000, 0x0000000089300000, 0x0000000089400000|  0%| F|  |TAMS 0x0000000089300000, 0x0000000089300000| Untracked 
| 148|0x0000000089400000, 0x0000000089400000, 0x0000000089500000|  0%| F|  |TAMS 0x0000000089400000, 0x0000000089400000| Untracked 
| 149|0x0000000089500000, 0x0000000089500000, 0x0000000089600000|  0%| F|  |TAMS 0x0000000089500000, 0x0000000089500000| Untracked 
| 150|0x0000000089600000, 0x0000000089600000, 0x0000000089700000|  0%| F|  |TAMS 0x0000000089600000, 0x0000000089600000| Untracked 
| 151|0x0000000089700000, 0x0000000089700000, 0x0000000089800000|  0%| F|  |TAMS 0x0000000089700000, 0x0000000089700000| Untracked 
| 152|0x0000000089800000, 0x0000000089800000, 0x0000000089900000|  0%| F|  |TAMS 0x0000000089800000, 0x0000000089800000| Untracked 
| 153|0x0000000089900000, 0x0000000089900000, 0x0000000089a00000|  0%| F|  |TAMS 0x0000000089900000, 0x0000000089900000| Untracked 
| 154|0x0000000089a00000, 0x0000000089a00000, 0x0000000089b00000|  0%| F|  |TAMS 0x0000000089a00000, 0x0000000089a00000| Untracked 
| 155|0x0000000089b00000, 0x0000000089b00000, 0x0000000089c00000|  0%| F|  |TAMS 0x0000000089b00000, 0x0000000089b00000| Untracked 
| 156|0x0000000089c00000, 0x0000000089c00000, 0x0000000089d00000|  0%| F|  |TAMS 0x0000000089c00000, 0x0000000089c00000| Untracked 
| 157|0x0000000089d00000, 0x0000000089d00000, 0x0000000089e00000|  0%| F|  |TAMS 0x0000000089d00000, 0x0000000089d00000| Untracked 
| 158|0x0000000089e00000, 0x0000000089e00000, 0x0000000089f00000|  0%| F|  |TAMS 0x0000000089e00000, 0x0000000089e00000| Untracked 
| 159|0x0000000089f00000, 0x0000000089f00000, 0x000000008a000000|  0%| F|  |TAMS 0x0000000089f00000, 0x0000000089f00000| Untracked 
| 160|0x000000008a000000, 0x000000008a000000, 0x000000008a100000|  0%| F|  |TAMS 0x000000008a000000, 0x000000008a000000| Untracked 
| 161|0x000000008a100000, 0x000000008a1cfd50, 0x000000008a200000| 81%| S|CS|TAMS 0x000000008a100000, 0x000000008a100000| Complete 
| 162|0x000000008a200000, 0x000000008a300000, 0x000000008a300000|100%| S|CS|TAMS 0x000000008a200000, 0x000000008a200000| Complete 
| 163|0x000000008a300000, 0x000000008a300000, 0x000000008a400000|  0%| F|  |TAMS 0x000000008a300000, 0x000000008a300000| Untracked 
| 164|0x000000008a400000, 0x000000008a400000, 0x000000008a500000|  0%| F|  |TAMS 0x000000008a400000, 0x000000008a400000| Untracked 
| 165|0x000000008a500000, 0x000000008a500000, 0x000000008a600000|  0%| F|  |TAMS 0x000000008a500000, 0x000000008a500000| Untracked 
| 166|0x000000008a600000, 0x000000008a700000, 0x000000008a700000|100%| S|CS|TAMS 0x000000008a600000, 0x000000008a600000| Complete 
| 167|0x000000008a700000, 0x000000008a700000, 0x000000008a800000|  0%| F|  |TAMS 0x000000008a700000, 0x000000008a700000| Untracked 
| 168|0x000000008a800000, 0x000000008a800000, 0x000000008a900000|  0%| F|  |TAMS 0x000000008a800000, 0x000000008a800000| Untracked 
| 169|0x000000008a900000, 0x000000008a900000, 0x000000008aa00000|  0%| F|  |TAMS 0x000000008a900000, 0x000000008a900000| Untracked 
| 170|0x000000008aa00000, 0x000000008aa00000, 0x000000008ab00000|  0%| F|  |TAMS 0x000000008aa00000, 0x000000008aa00000| Untracked 
| 171|0x000000008ab00000, 0x000000008ab00000, 0x000000008ac00000|  0%| F|  |TAMS 0x000000008ab00000, 0x000000008ab00000| Untracked 
| 172|0x000000008ac00000, 0x000000008ac00000, 0x000000008ad00000|  0%| F|  |TAMS 0x000000008ac00000, 0x000000008ac00000| Untracked 
| 173|0x000000008ad00000, 0x000000008ad00000, 0x000000008ae00000|  0%| F|  |TAMS 0x000000008ad00000, 0x000000008ad00000| Untracked 
| 174|0x000000008ae00000, 0x000000008ae00000, 0x000000008af00000|  0%| F|  |TAMS 0x000000008ae00000, 0x000000008ae00000| Untracked 
| 175|0x000000008af00000, 0x000000008af00000, 0x000000008b000000|  0%| F|  |TAMS 0x000000008af00000, 0x000000008af00000| Untracked 
| 176|0x000000008b000000, 0x000000008b000000, 0x000000008b100000|  0%| F|  |TAMS 0x000000008b000000, 0x000000008b000000| Untracked 
| 177|0x000000008b100000, 0x000000008b100000, 0x000000008b200000|  0%| F|  |TAMS 0x000000008b100000, 0x000000008b100000| Untracked 
| 178|0x000000008b200000, 0x000000008b200000, 0x000000008b300000|  0%| F|  |TAMS 0x000000008b200000, 0x000000008b200000| Untracked 
| 179|0x000000008b300000, 0x000000008b300000, 0x000000008b400000|  0%| F|  |TAMS 0x000000008b300000, 0x000000008b300000| Untracked 
| 180|0x000000008b400000, 0x000000008b400000, 0x000000008b500000|  0%| F|  |TAMS 0x000000008b400000, 0x000000008b400000| Untracked 
| 181|0x000000008b500000, 0x000000008b500000, 0x000000008b600000|  0%| F|  |TAMS 0x000000008b500000, 0x000000008b500000| Untracked 
| 182|0x000000008b600000, 0x000000008b600000, 0x000000008b700000|  0%| F|  |TAMS 0x000000008b600000, 0x000000008b600000| Untracked 
| 183|0x000000008b700000, 0x000000008b700000, 0x000000008b800000|  0%| F|  |TAMS 0x000000008b700000, 0x000000008b700000| Untracked 
| 184|0x000000008b800000, 0x000000008b800000, 0x000000008b900000|  0%| F|  |TAMS 0x000000008b800000, 0x000000008b800000| Untracked 

Card table byte_map: [0x00000280e7c40000,0x00000280e8040000] _byte_map_base: 0x00000280e7840000

Marking Bits (Prev, Next): (CMBitMap*) 0x00000280d01244a8, (CMBitMap*) 0x00000280d01244e0
 Prev Bits: [0x00000280e8440000, 0x00000280ea440000)
 Next Bits: [0x00000280ea440000, 0x00000280ec440000)

Polling page: 0x00000280cdfd0000

Metaspace:

Usage:
  Non-class:     92.48 MB capacity,    90.64 MB ( 98%) used,     1.52 MB (  2%) free+waste,   326.94 KB ( <1%) overhead. 
      Class:     14.74 MB capacity,    13.53 MB ( 92%) used,     1.06 MB (  7%) free+waste,   151.63 KB (  1%) overhead. 
       Both:    107.22 MB capacity,   104.17 MB ( 97%) used,     2.58 MB (  2%) free+waste,   478.56 KB ( <1%) overhead. 

Virtual space:
  Non-class space:       94.00 MB reserved,      92.58 MB ( 98%) committed 
      Class space:      504.00 MB reserved,      14.75 MB (  3%) committed 
             Both:      598.00 MB reserved,     107.33 MB ( 18%) committed 

Chunk freelists:
   Non-Class:  36.00 KB
       Class:  9.00 KB
        Both:  45.00 KB

MaxMetaspaceSize: 512.00 MB
CompressedClassSpaceSize: 504.00 MB
Initial GC threshold: 20.80 MB
Current GC threshold: 177.84 MB
CDS: off

CodeHeap 'non-profiled nmethods': size=120064Kb used=8669Kb max_used=8669Kb free=111394Kb
 bounds [0x00000280e0300000, 0x00000280e0b80000, 0x00000280e7840000]
CodeHeap 'profiled nmethods': size=120000Kb used=29286Kb max_used=29286Kb free=90713Kb
 bounds [0x00000280d8dd0000, 0x00000280daa70000, 0x00000280e0300000]
CodeHeap 'non-nmethods': size=5696Kb used=2414Kb max_used=2468Kb free=3281Kb
 bounds [0x00000280d8840000, 0x00000280d8ac0000, 0x00000280d8dd0000]
 total_blobs=13803 nmethods=12862 adapters=853
 compilation: enabled
              stopped_count=0, restarted_count=0
 full_count=0

Compilation events (20 events):
Event: 69.110 Thread 0x00000280ef295800 12975       3       java.util.IdentityHashMap::resize (153 bytes)
Event: 69.111 Thread 0x00000280ef295800 nmethod 12975 0x00000280daa66510 code [0x00000280daa66780, 0x00000280daa674f8]
Event: 69.124 Thread 0x00000280ef295800 12976       1       com.android.tools.r8.internal.QG::y (5 bytes)
Event: 69.125 Thread 0x00000280ef295800 nmethod 12976 0x00000280e0b76f10 code [0x00000280e0b770c0, 0x00000280e0b77178]
Event: 69.125 Thread 0x00000280ef295800 12978       2       com.android.tools.r8.internal.Gg::E0 (18 bytes)
Event: 69.125 Thread 0x00000280ef295800 nmethod 12978 0x00000280daa67890 code [0x00000280daa67a40, 0x00000280daa67b58]
Event: 69.125 Thread 0x00000280ef295800 12977       1       com.android.tools.r8.internal.Gg::S0 (5 bytes)
Event: 69.125 Thread 0x00000280ef295800 nmethod 12977 0x00000280e0b77210 code [0x00000280e0b773c0, 0x00000280e0b77478]
Event: 69.125 Thread 0x00000280ef295800 12979       2       com.android.tools.r8.ir.regalloc.b::p (46 bytes)
Event: 69.126 Thread 0x00000280ef295800 nmethod 12979 0x00000280daa67c10 code [0x00000280daa67dc0, 0x00000280daa67f28]
Event: 69.126 Thread 0x00000280ef295800 12980       2       com.android.tools.r8.internal.QG::e0 (8 bytes)
Event: 69.126 Thread 0x00000280ef295800 nmethod 12980 0x00000280daa68010 code [0x00000280daa681c0, 0x00000280daa682c8]
Event: 69.126 Thread 0x00000280ef295800 12981       2       com.android.tools.r8.internal.XG::a (82 bytes)
Event: 69.127 Thread 0x00000280ef295800 nmethod 12981 0x00000280daa68390 code [0x00000280daa685e0, 0x00000280daa68bd8]
Event: 69.127 Thread 0x00000280ef295800 12982       2       com.android.tools.r8.internal.QG::Z (80 bytes)
Event: 69.127 Thread 0x00000280ef295800 nmethod 12982 0x00000280daa68e90 code [0x00000280daa69040, 0x00000280daa69158]
Event: 69.127 Thread 0x00000280ef295800 12983       2       com.android.tools.r8.ir.regalloc.b::u (18 bytes)
Event: 69.127 Thread 0x00000280ef295800 nmethod 12983 0x00000280daa69210 code [0x00000280daa693c0, 0x00000280daa694e8]
Event: 69.128 Thread 0x00000280ef295800 12984       2       com.android.tools.r8.graph.c0::a (10 bytes)
Event: 69.129 Thread 0x00000280ef295800 nmethod 12984 0x00000280daa69590 code [0x00000280daa69740, 0x00000280daa698a8]

GC Heap History (20 events):
Event: 66.468 GC heap after
{Heap after GC invocations=36 (full 0):
 garbage-first heap   total 157696K, used 112935K [0x0000000080000000, 0x0000000100000000)
  region size 1024K, 4 young (4096K), 4 survivors (4096K)
 Metaspace       used 101957K, capacity 104873K, committed 105040K, reserved 608256K
  class space    used 13133K, capacity 14267K, committed 14336K, reserved 516096K
}
Event: 66.752 GC heap before
{Heap before GC invocations=37 (full 0):
 garbage-first heap   total 157696K, used 131367K [0x0000000080000000, 0x0000000100000000)
  region size 1024K, 23 young (23552K), 4 survivors (4096K)
 Metaspace       used 102189K, capacity 105098K, committed 105296K, reserved 608256K
  class space    used 13162K, capacity 14318K, committed 14336K, reserved 516096K
}
Event: 66.762 GC heap after
{Heap after GC invocations=38 (full 0):
 garbage-first heap   total 157696K, used 116736K [0x0000000080000000, 0x0000000100000000)
  region size 1024K, 3 young (3072K), 3 survivors (3072K)
 Metaspace       used 102189K, capacity 105098K, committed 105296K, reserved 608256K
  class space    used 13162K, capacity 14318K, committed 14336K, reserved 516096K
}
Event: 66.973 GC heap before
{Heap before GC invocations=38 (full 0):
 garbage-first heap   total 157696K, used 132096K [0x0000000080000000, 0x0000000100000000)
  region size 1024K, 18 young (18432K), 3 survivors (3072K)
 Metaspace       used 102851K, capacity 105792K, committed 105936K, reserved 608256K
  class space    used 13255K, capacity 14399K, committed 14464K, reserved 516096K
}
Event: 66.984 GC heap after
{Heap after GC invocations=39 (full 0):
 garbage-first heap   total 157696K, used 119215K [0x0000000080000000, 0x0000000100000000)
  region size 1024K, 3 young (3072K), 3 survivors (3072K)
 Metaspace       used 102851K, capacity 105792K, committed 105936K, reserved 608256K
  class space    used 13255K, capacity 14399K, committed 14464K, reserved 516096K
}
Event: 67.161 GC heap before
{Heap before GC invocations=39 (full 0):
 garbage-first heap   total 157696K, used 133551K [0x0000000080000000, 0x0000000100000000)
  region size 1024K, 17 young (17408K), 3 survivors (3072K)
 Metaspace       used 103517K, capacity 106471K, committed 106576K, reserved 608256K
  class space    used 13346K, capacity 14496K, committed 14592K, reserved 516096K
}
Event: 67.172 GC heap after
{Heap after GC invocations=40 (full 0):
 garbage-first heap   total 157696K, used 121682K [0x0000000080000000, 0x0000000100000000)
  region size 1024K, 3 young (3072K), 3 survivors (3072K)
 Metaspace       used 103517K, capacity 106471K, committed 106576K, reserved 608256K
  class space    used 13346K, capacity 14496K, committed 14592K, reserved 516096K
}
Event: 67.418 GC heap before
{Heap before GC invocations=40 (full 0):
 garbage-first heap   total 157696K, used 133970K [0x0000000080000000, 0x0000000100000000)
  region size 1024K, 15 young (15360K), 3 survivors (3072K)
 Metaspace       used 104050K, capacity 107006K, committed 107088K, reserved 610304K
  class space    used 13400K, capacity 14553K, committed 14592K, reserved 516096K
}
Event: 67.432 GC heap after
{Heap after GC invocations=41 (full 0):
 garbage-first heap   total 157696K, used 124928K [0x0000000080000000, 0x0000000100000000)
  region size 1024K, 2 young (2048K), 2 survivors (2048K)
 Metaspace       used 104050K, capacity 107006K, committed 107088K, reserved 610304K
  class space    used 13400K, capacity 14553K, committed 14592K, reserved 516096K
}
Event: 67.664 GC heap before
{Heap before GC invocations=41 (full 0):
 garbage-first heap   total 157696K, used 135168K [0x0000000080000000, 0x0000000100000000)
  region size 1024K, 12 young (12288K), 2 survivors (2048K)
 Metaspace       used 104335K, capacity 107343K, committed 107472K, reserved 610304K
  class space    used 13442K, capacity 14637K, committed 14720K, reserved 516096K
}
Event: 67.678 GC heap after
{Heap after GC invocations=42 (full 0):
 garbage-first heap   total 157696K, used 127293K [0x0000000080000000, 0x0000000100000000)
  region size 1024K, 2 young (2048K), 2 survivors (2048K)
 Metaspace       used 104335K, capacity 107343K, committed 107472K, reserved 610304K
  class space    used 13442K, capacity 14637K, committed 14720K, reserved 516096K
}
Event: 67.772 GC heap before
{Heap before GC invocations=42 (full 0):
 garbage-first heap   total 157696K, used 135485K [0x0000000080000000, 0x0000000100000000)
  region size 1024K, 10 young (10240K), 2 survivors (2048K)
 Metaspace       used 104352K, capacity 107354K, committed 107472K, reserved 610304K
  class space    used 13446K, capacity 14641K, committed 14720K, reserved 516096K
}
Event: 67.784 GC heap after
{Heap after GC invocations=43 (full 0):
 garbage-first heap   total 189440K, used 129050K [0x0000000080000000, 0x0000000100000000)
  region size 1024K, 2 young (2048K), 2 survivors (2048K)
 Metaspace       used 104352K, capacity 107354K, committed 107472K, reserved 610304K
  class space    used 13446K, capacity 14641K, committed 14720K, reserved 516096K
}
Event: 67.981 GC heap before
{Heap before GC invocations=44 (full 0):
 garbage-first heap   total 189440K, used 149530K [0x0000000080000000, 0x0000000100000000)
  region size 1024K, 22 young (22528K), 2 survivors (2048K)
 Metaspace       used 104583K, capacity 107563K, committed 107728K, reserved 610304K
  class space    used 13487K, capacity 14689K, committed 14720K, reserved 516096K
}
Event: 67.997 GC heap after
{Heap after GC invocations=45 (full 0):
 garbage-first heap   total 189440K, used 132689K [0x0000000080000000, 0x0000000100000000)
  region size 1024K, 3 young (3072K), 3 survivors (3072K)
 Metaspace       used 104583K, capacity 107563K, committed 107728K, reserved 610304K
  class space    used 13487K, capacity 14689K, committed 14720K, reserved 516096K
}
Event: 68.260 GC heap before
{Heap before GC invocations=45 (full 0):
 garbage-first heap   total 189440K, used 153169K [0x0000000080000000, 0x0000000100000000)
  region size 1024K, 23 young (23552K), 3 survivors (3072K)
 Metaspace       used 105303K, capacity 108377K, committed 108496K, reserved 610304K
  class space    used 13629K, capacity 14857K, committed 14976K, reserved 516096K
}
Event: 68.277 GC heap after
{Heap after GC invocations=46 (full 0):
 garbage-first heap   total 189440K, used 136061K [0x0000000080000000, 0x0000000100000000)
  region size 1024K, 3 young (3072K), 3 survivors (3072K)
 Metaspace       used 105303K, capacity 108377K, committed 108496K, reserved 610304K
  class space    used 13629K, capacity 14857K, committed 14976K, reserved 516096K
}
Event: 68.796 GC heap before
{Heap before GC invocations=46 (full 0):
 garbage-first heap   total 189440K, used 155517K [0x0000000080000000, 0x0000000100000000)
  region size 1024K, 22 young (22528K), 3 survivors (3072K)
 Metaspace       used 106177K, capacity 109272K, committed 109392K, reserved 612352K
  class space    used 13772K, capacity 14985K, committed 15104K, reserved 516096K
}
Event: 68.813 GC heap after
{Heap after GC invocations=47 (full 0):
 garbage-first heap   total 189440K, used 139253K [0x0000000080000000, 0x0000000100000000)
  region size 1024K, 3 young (3072K), 3 survivors (3072K)
 Metaspace       used 106177K, capacity 109272K, committed 109392K, reserved 612352K
  class space    used 13772K, capacity 14985K, committed 15104K, reserved 516096K
}
Event: 69.135 GC heap before
{Heap before GC invocations=48 (full 0):
 garbage-first heap   total 189440K, used 157685K [0x0000000080000000, 0x0000000100000000)
  region size 1024K, 21 young (21504K), 3 survivors (3072K)
 Metaspace       used 106672K, capacity 109795K, committed 109904K, reserved 612352K
  class space    used 13857K, capacity 15095K, committed 15104K, reserved 516096K
}

Deoptimization events (20 events):
Event: 68.744 Thread 0x00000280f58af000 DEOPT PACKING pc=0x00000280e0b5bebc sp=0x000000eece0f9f30
Event: 68.744 Thread 0x00000280f58af000 DEOPT UNPACKING pc=0x00000280d888a1af sp=0x000000eece0f9f08 mode 2
Event: 68.771 Thread 0x00000280f58af000 Uncommon trap: trap_request=0xffffffc6 fr.pc=0x00000280e0725db4 relative=0x00000000000004b4
Event: 68.771 Thread 0x00000280f58af000 Uncommon trap: reason=bimorphic_or_optimized_type_check action=maybe_recompile pc=0x00000280e0725db4 method=java.util.Spliterators$IteratorSpliterator.tryAdvance(Ljava/util/function/Consumer;)Z @ 68 c2
Event: 68.772 Thread 0x00000280f58af000 DEOPT PACKING pc=0x00000280e0725db4 sp=0x000000eece0f9d90
Event: 68.772 Thread 0x00000280f58af000 DEOPT UNPACKING pc=0x00000280d888a1af sp=0x000000eece0f9d28 mode 2
Event: 68.772 Thread 0x00000280f58af000 Uncommon trap: trap_request=0xffffffc6 fr.pc=0x00000280e0725db4 relative=0x00000000000004b4
Event: 68.772 Thread 0x00000280f58af000 Uncommon trap: reason=bimorphic_or_optimized_type_check action=maybe_recompile pc=0x00000280e0725db4 method=java.util.Spliterators$IteratorSpliterator.tryAdvance(Ljava/util/function/Consumer;)Z @ 68 c2
Event: 68.772 Thread 0x00000280f58af000 DEOPT PACKING pc=0x00000280e0725db4 sp=0x000000eece0f9d90
Event: 68.772 Thread 0x00000280f58af000 DEOPT UNPACKING pc=0x00000280d888a1af sp=0x000000eece0f9d28 mode 2
Event: 69.039 Thread 0x00000280f58ae000 Uncommon trap: trap_request=0xffffff4d fr.pc=0x00000280e0b53be0 relative=0x0000000000003140
Event: 69.039 Thread 0x00000280f58ae000 Uncommon trap: reason=unstable_if action=reinterpret pc=0x00000280e0b53be0 method=com.android.tools.r8.graph.G0.b(Ljava/lang/Object;)Lcom/android/tools/r8/internal/l4$b; @ 145 c2
Event: 69.039 Thread 0x00000280f58ae000 DEOPT PACKING pc=0x00000280e0b53be0 sp=0x000000eecdef9490
Event: 69.039 Thread 0x00000280f58ae000 DEOPT UNPACKING pc=0x00000280d888a1af sp=0x000000eecdef9428 mode 2
Event: 69.060 Thread 0x00000280ef57d800 Uncommon trap: trap_request=0xffffff4d fr.pc=0x00000280e0b4f1c0 relative=0x0000000000000ee0
Event: 69.060 Thread 0x00000280ef57d800 Uncommon trap: reason=unstable_if action=reinterpret pc=0x00000280e0b4f1c0 method=com.android.tools.r8.internal.oh.a(ILjava/lang/Object;)Ljava/lang/Object; @ 141 c2
Event: 69.060 Thread 0x00000280ef57d800 DEOPT PACKING pc=0x00000280e0b4f1c0 sp=0x000000eecd1f9ac0
Event: 69.060 Thread 0x00000280ef57d800 DEOPT UNPACKING pc=0x00000280d888a1af sp=0x000000eecd1f9a98 mode 2
Event: 69.111 Thread 0x00000280f58ae000 DEOPT PACKING pc=0x00000280da9f2822 sp=0x000000eecdef9320
Event: 69.111 Thread 0x00000280f58ae000 DEOPT UNPACKING pc=0x00000280d888a95e sp=0x000000eecdef87d8 mode 0

Classes redefined (0 events):
No events

Internal exceptions (20 events):
Event: 65.522 Thread 0x00000280f5934000 Exception <a 'java/lang/NoSuchMethodError'{0x00000000898e2f10}: 'int java.lang.invoke.DirectMethodHandle$Holder.invokeSpecialIFC(java.lang.Object, java.lang.Object, java.lang.Object)'> (0x00000000898e2f10) thrown at [./src/hotspot/share/interpreter/linkResolver.cpp, line 773]
Event: 65.870 Thread 0x00000280ef57d800 Exception <a 'java/lang/NoSuchMethodError'{0x0000000089033040}: 'java.lang.Object java.lang.invoke.DirectMethodHandle$Holder.invokeStatic(java.lang.Object, java.lang.Object, java.lang.Object, java.lang.Object, java.lang.Object, java.lang.Object, java.lang.Object, java.lang.Object, java.lang.Object, java.lang.Object, java.lang.Object, java.lang.Object, java.lang.Object, java.lang.Object, java.lang.Object, java.lang.Object, java.lang.Object, java.lang.Object, int, java.lang.Object)'> (0x0000000089033040) thr
Event: 65.871 Thread 0x00000280ef57d800 Exception <a 'java/lang/NoSuchMethodError'{0x0000000089039310}: 'java.lang.Object java.lang.invoke.DirectMethodHandle$Holder.invokeStaticInit(java.lang.Object, java.lang.Object, java.lang.Object, java.lang.Object, java.lang.Object, java.lang.Object, java.lang.Object, java.lang.Object, java.lang.Object, java.lang.Object, java.lang.Object, java.lang.Object, java.lang.Object, java.lang.Object, java.lang.Object, java.lang.Object, java.lang.Object, java.lang.Object, int, java.lang.Object)'> (0x0000000089039310)
Event: 65.912 Thread 0x00000280f58af000 Exception <a 'java/lang/IncompatibleClassChangeError'{0x0000000088f491b0}: Found class java.lang.Object, but interface was expected> (0x0000000088f491b0) thrown at [./src/hotspot/share/interpreter/linkResolver.cpp, line 839]
Event: 65.912 Thread 0x00000280ef57d800 Exception <a 'java/lang/IncompatibleClassChangeError'{0x0000000088f64ee8}: Found class java.lang.Object, but interface was expected> (0x0000000088f64ee8) thrown at [./src/hotspot/share/interpreter/linkResolver.cpp, line 839]
Event: 65.989 Thread 0x00000280ef57d800 Exception <a 'java/lang/NoSuchMethodError'{0x0000000088c89fd8}: 'long java.lang.invoke.DirectMethodHandle$Holder.invokeStatic(java.lang.Object, long, java.lang.Object)'> (0x0000000088c89fd8) thrown at [./src/hotspot/share/interpreter/linkResolver.cpp, line 773]
Event: 66.282 Thread 0x00000280ef57d800 Exception <a 'java/lang/NoSuchMethodError'{0x00000000892ed068}: 'int java.lang.invoke.DirectMethodHandle$Holder.invokeVirtual(java.lang.Object, java.lang.Object, java.lang.Object, java.lang.Object)'> (0x00000000892ed068) thrown at [./src/hotspot/share/interpreter/linkResolver.cpp, line 773]
Event: 66.402 Thread 0x00000280ef57d800 Exception <a 'java/lang/NoSuchMethodError'{0x0000000088713c98}: 'long java.lang.invoke.DirectMethodHandle$Holder.invokeStatic(java.lang.Object, java.lang.Object)'> (0x0000000088713c98) thrown at [./src/hotspot/share/interpreter/linkResolver.cpp, line 773]
Event: 66.525 Thread 0x00000280f58ae000 Exception <a 'sun/nio/fs/WindowsException'{0x0000000089019058}> (0x0000000089019058) thrown at [./src/hotspot/share/prims/jni.cpp, line 617]
Event: 66.673 Thread 0x00000280f58af000 Exception <a 'java/lang/IncompatibleClassChangeError'{0x0000000088a0a1e8}: Found class java.lang.Object, but interface was expected> (0x0000000088a0a1e8) thrown at [./src/hotspot/share/interpreter/linkResolver.cpp, line 839]
Event: 66.673 Thread 0x00000280ef57d800 Exception <a 'java/lang/IncompatibleClassChangeError'{0x0000000088b919b8}: Found class java.lang.Object, but interface was expected> (0x0000000088b919b8) thrown at [./src/hotspot/share/interpreter/linkResolver.cpp, line 839]
Event: 66.674 Thread 0x00000280ef57d800 Exception <a 'java/lang/NoSuchMethodError'{0x0000000088b953a0}: 'java.lang.Object java.lang.invoke.DirectMethodHandle$Holder.newInvokeSpecial(java.lang.Object, int)'> (0x0000000088b953a0) thrown at [./src/hotspot/share/interpreter/linkResolver.cpp, line 773]
Event: 66.675 Thread 0x00000280f58af000 Exception <a 'java/lang/NoSuchMethodError'{0x0000000088a11e48}: 'java.lang.Object java.lang.invoke.DirectMethodHandle$Holder.newInvokeSpecial(java.lang.Object, int)'> (0x0000000088a11e48) thrown at [./src/hotspot/share/interpreter/linkResolver.cpp, line 773]
Event: 66.679 Thread 0x00000280ef57d800 Exception <a 'java/lang/IncompatibleClassChangeError'{0x0000000088a47e60}: Found class java.lang.Object, but interface was expected> (0x0000000088a47e60) thrown at [./src/hotspot/share/interpreter/linkResolver.cpp, line 839]
Event: 66.680 Thread 0x00000280ef57d800 Exception <a 'java/lang/IncompatibleClassChangeError'{0x0000000088a51d68}: Found class java.lang.Object, but interface was expected> (0x0000000088a51d68) thrown at [./src/hotspot/share/interpreter/linkResolver.cpp, line 839]
Event: 66.809 Thread 0x00000280ef57d800 Exception <a 'java/lang/IncompatibleClassChangeError'{0x000000008958bf70}: Found class java.lang.Object, but interface was expected> (0x000000008958bf70) thrown at [./src/hotspot/share/interpreter/linkResolver.cpp, line 839]
Event: 67.528 Thread 0x00000280f58af000 Exception <a 'java/lang/NoSuchMethodError'{0x0000000089552e48}: 'java.lang.Object java.lang.invoke.DirectMethodHandle$Holder.invokeStatic(java.lang.Object, int, java.lang.Object, java.lang.Object)'> (0x0000000089552e48) thrown at [./src/hotspot/share/interpreter/linkResolver.cpp, line 773]
Event: 68.188 Thread 0x00000280ef57d800 Exception <a 'java/lang/NoSuchMethodError'{0x000000008aa53d30}: 'java.lang.Object java.lang.invoke.DirectMethodHandle$Holder.invokeVirtual(java.lang.Object, java.lang.Object, int, java.lang.Object)'> (0x000000008aa53d30) thrown at [./src/hotspot/share/interpreter/linkResolver.cpp, line 773]
Event: 68.195 Thread 0x00000280f58af000 Exception <a 'java/lang/NoSuchMethodError'{0x000000008abedec8}: 'java.lang.Object java.lang.invoke.DirectMethodHandle$Holder.invokeVirtual(java.lang.Object, java.lang.Object, int, java.lang.Object)'> (0x000000008abedec8) thrown at [./src/hotspot/share/interpreter/linkResolver.cpp, line 773]
Event: 68.470 Thread 0x00000280ef57d800 Exception <a 'java/lang/NoSuchMethodError'{0x000000008b2000a8}: 'void java.lang.invoke.DirectMethodHandle$Holder.invokeVirtual(java.lang.Object, java.lang.Object, int, java.lang.Object)'> (0x000000008b2000a8) thrown at [./src/hotspot/share/interpreter/linkResolver.cpp, line 773]

Events (20 events):
Event: 69.131 loading class com/android/tools/r8/code/E3 done
Event: 69.132 loading class com/android/tools/r8/code/H3
Event: 69.132 loading class com/android/tools/r8/code/H3 done
Event: 69.132 loading class com/android/tools/r8/code/J3
Event: 69.132 loading class com/android/tools/r8/code/J3 done
Event: 69.133 loading class com/android/tools/r8/code/D3
Event: 69.133 loading class com/android/tools/r8/code/D3 done
Event: 69.134 loading class com/android/tools/r8/internal/Ru
Event: 69.134 loading class com/android/tools/r8/internal/Ru done
Event: 69.134 loading class com/android/tools/r8/internal/X
Event: 69.134 loading class com/android/tools/r8/internal/Qu
Event: 69.134 loading class com/android/tools/r8/internal/X done
Event: 69.134 loading class com/android/tools/r8/internal/Qu done
Event: 69.135 loading class com/android/tools/r8/internal/Mu
Event: 69.135 loading class com/android/tools/r8/internal/Mu done
Event: 69.135 loading class com/android/tools/r8/internal/h0
Event: 69.135 loading class com/android/tools/r8/internal/h0 done
Event: 69.135 loading class com/android/tools/r8/internal/Cu
Event: 69.135 loading class com/android/tools/r8/internal/Cu done
Event: 69.135 Executing VM operation: G1CollectForAllocation


Dynamic libraries:
0x00007ff70e300000 - 0x00007ff70e30d000 	C:\Program Files\OpenJDK\openjdk-11.0.15_10\bin\java.exe
0x00007ff9caeb0000 - 0x00007ff9cb0a7000 	C:\WINDOWS\SYSTEM32\ntdll.dll
0x00007ff9cac10000 - 0x00007ff9caccd000 	C:\WINDOWS\System32\KERNEL32.DLL
0x00007ff9c8810000 - 0x00007ff9c8add000 	C:\WINDOWS\System32\KERNELBASE.dll
0x00007ff9c8c80000 - 0x00007ff9c8d80000 	C:\WINDOWS\System32\ucrtbase.dll
0x00007ff9a5610000 - 0x00007ff9a5628000 	C:\Program Files\OpenJDK\openjdk-11.0.15_10\bin\jli.dll
0x00007ff9a56f0000 - 0x00007ff9a5706000 	C:\Program Files\OpenJDK\openjdk-11.0.15_10\bin\VCRUNTIME140.dll
0x00007ff9c9d10000 - 0x00007ff9c9eb0000 	C:\WINDOWS\System32\USER32.dll
0x00007ff9c8680000 - 0x00007ff9c86a2000 	C:\WINDOWS\System32\win32u.dll
0x00007ff9b8a90000 - 0x00007ff9b8d2a000 	C:\WINDOWS\WinSxS\amd64_microsoft.windows.common-controls_6595b64144ccf1df_6.0.19041.1110_none_60b5254171f9507e\COMCTL32.dll
0x00007ff9ca2c0000 - 0x00007ff9ca2ea000 	C:\WINDOWS\System32\GDI32.dll
0x00007ff9ca2f0000 - 0x00007ff9ca38e000 	C:\WINDOWS\System32\msvcrt.dll
0x00007ff9c8ae0000 - 0x00007ff9c8beb000 	C:\WINDOWS\System32\gdi32full.dll
0x00007ff9c8720000 - 0x00007ff9c87bd000 	C:\WINDOWS\System32\msvcp_win.dll
0x00007ff9c8f10000 - 0x00007ff9c8f40000 	C:\WINDOWS\System32\IMM32.DLL
0x00007ff989b40000 - 0x00007ff989bea000 	C:\Program Files\OpenJDK\openjdk-11.0.15_10\bin\msvcp140.dll
0x00007ff978240000 - 0x00007ff978d91000 	C:\Program Files\OpenJDK\openjdk-11.0.15_10\bin\server\jvm.dll
0x00007ff9c9560000 - 0x00007ff9c960e000 	C:\WINDOWS\System32\ADVAPI32.dll
0x00007ff9ca080000 - 0x00007ff9ca11c000 	C:\WINDOWS\System32\sechost.dll
0x00007ff9c9b30000 - 0x00007ff9c9c55000 	C:\WINDOWS\System32\RPCRT4.dll
0x00007ff9c9f10000 - 0x00007ff9c9f18000 	C:\WINDOWS\System32\PSAPI.DLL
0x00007ff9c02a0000 - 0x00007ff9c02a9000 	C:\WINDOWS\SYSTEM32\WSOCK32.dll
0x00007ff9cacd0000 - 0x00007ff9cad3b000 	C:\WINDOWS\System32\WS2_32.dll
0x00007ff9bf190000 - 0x00007ff9bf19a000 	C:\WINDOWS\SYSTEM32\VERSION.dll
0x00007ff9bb4b0000 - 0x00007ff9bb4d7000 	C:\WINDOWS\SYSTEM32\WINMM.dll
0x00007ff9c6eb0000 - 0x00007ff9c6ec2000 	C:\WINDOWS\SYSTEM32\kernel.appcore.dll
0x00007ff9a51a0000 - 0x00007ff9a51b1000 	C:\Program Files\OpenJDK\openjdk-11.0.15_10\bin\verify.dll
0x00007ff9c6b70000 - 0x00007ff9c6d54000 	C:\WINDOWS\SYSTEM32\DBGHELP.DLL
0x00007ff9c25c0000 - 0x00007ff9c25ec000 	C:\WINDOWS\SYSTEM32\dbgcore.DLL
0x00007ff9c8bf0000 - 0x00007ff9c8c72000 	C:\WINDOWS\System32\bcryptPrimitives.dll
0x00007ff9a5170000 - 0x00007ff9a5199000 	C:\Program Files\OpenJDK\openjdk-11.0.15_10\bin\java.dll
0x00007ff9a9a10000 - 0x00007ff9a9a1a000 	C:\Program Files\OpenJDK\openjdk-11.0.15_10\bin\jimage.dll
0x00007ff9a3bf0000 - 0x00007ff9a3c08000 	C:\Program Files\OpenJDK\openjdk-11.0.15_10\bin\zip.dll
0x00007ff9ca440000 - 0x00007ff9cab84000 	C:\WINDOWS\System32\SHELL32.dll
0x00007ff9c63d0000 - 0x00007ff9c6b64000 	C:\WINDOWS\SYSTEM32\windows.storage.dll
0x00007ff9c9690000 - 0x00007ff9c99e4000 	C:\WINDOWS\System32\combase.dll
0x00007ff9c8030000 - 0x00007ff9c805c000 	C:\WINDOWS\SYSTEM32\Wldp.dll
0x00007ff9ca390000 - 0x00007ff9ca43d000 	C:\WINDOWS\System32\SHCORE.dll
0x00007ff9c9eb0000 - 0x00007ff9c9f05000 	C:\WINDOWS\System32\shlwapi.dll
0x00007ff9c8510000 - 0x00007ff9c852f000 	C:\WINDOWS\SYSTEM32\profapi.dll
0x00007ff9a3bd0000 - 0x00007ff9a3be9000 	C:\Program Files\OpenJDK\openjdk-11.0.15_10\bin\net.dll
0x00007ff9c00d0000 - 0x00007ff9c01da000 	C:\WINDOWS\SYSTEM32\WINHTTP.dll
0x00007ff9c7d90000 - 0x00007ff9c7dfa000 	C:\WINDOWS\system32\mswsock.dll
0x00007ff9a31a0000 - 0x00007ff9a31b3000 	C:\Program Files\OpenJDK\openjdk-11.0.15_10\bin\nio.dll
0x00007ff9a3c10000 - 0x00007ff9a3c37000 	C:\Users\Tom\.gradle\native\e1d6ef7f7dcc3fd88c89a11ec53ec762bb8ba0a96d01ffa2cd45eb1d1d8dd5c5\windows-amd64\native-platform.dll
0x00007ff998f60000 - 0x00007ff9990a4000 	C:\Users\Tom\.gradle\native\5664cfc778a61ccfe75a443a1ab52a65af34e5dc3c78e0209fed803814484fcb\windows-amd64\native-platform-file-events.dll
0x00007ff9a9a20000 - 0x00007ff9a9a29000 	C:\Program Files\OpenJDK\openjdk-11.0.15_10\bin\management.dll
0x00007ff9a6560000 - 0x00007ff9a656c000 	C:\Program Files\OpenJDK\openjdk-11.0.15_10\bin\management_ext.dll
0x00007ff9c7f80000 - 0x00007ff9c7f98000 	C:\WINDOWS\SYSTEM32\CRYPTSP.dll
0x00007ff9c7640000 - 0x00007ff9c7674000 	C:\WINDOWS\system32\rsaenh.dll
0x00007ff9c8d80000 - 0x00007ff9c8da7000 	C:\WINDOWS\System32\bcrypt.dll
0x00007ff9c8490000 - 0x00007ff9c84be000 	C:\WINDOWS\SYSTEM32\USERENV.dll
0x00007ff9c7fa0000 - 0x00007ff9c7fac000 	C:\WINDOWS\SYSTEM32\CRYPTBASE.dll
0x00007ff9c7a30000 - 0x00007ff9c7a6b000 	C:\WINDOWS\SYSTEM32\IPHLPAPI.DLL
0x00007ff9cad40000 - 0x00007ff9cad48000 	C:\WINDOWS\System32\NSI.dll
0x00007ff9c0490000 - 0x00007ff9c04a7000 	C:\WINDOWS\SYSTEM32\dhcpcsvc6.DLL
0x00007ff9c0eb0000 - 0x00007ff9c0ecd000 	C:\WINDOWS\SYSTEM32\dhcpcsvc.DLL
0x00007ff9c7ac0000 - 0x00007ff9c7b8b000 	C:\WINDOWS\SYSTEM32\DNSAPI.dll

dbghelp: loaded successfully - version: 4.0.5 - missing functions: none
symbol engine: initialized successfully - sym options: 0x614 - pdb path: .;C:\Program Files\OpenJDK\openjdk-11.0.15_10\bin;C:\WINDOWS\SYSTEM32;C:\WINDOWS\WinSxS\amd64_microsoft.windows.common-controls_6595b64144ccf1df_6.0.19041.1110_none_60b5254171f9507e;C:\Program Files\OpenJDK\openjdk-11.0.15_10\bin\server;C:\Users\Tom\.gradle\native\e1d6ef7f7dcc3fd88c89a11ec53ec762bb8ba0a96d01ffa2cd45eb1d1d8dd5c5\windows-amd64;C:\Users\Tom\.gradle\native\5664cfc778a61ccfe75a443a1ab52a65af34e5dc3c78e0209fed803814484fcb\windows-amd64

VM Arguments:
jvm_args: -XX:MaxMetaspaceSize=512m --add-opens=java.base/java.util=ALL-UNNAMED --add-opens=java.base/java.lang=ALL-UNNAMED --add-opens=java.base/java.lang.invoke=ALL-UNNAMED --add-opens=java.base/java.util=ALL-UNNAMED --add-opens=java.prefs/java.util.prefs=ALL-UNNAMED --add-opens=java.prefs/java.util.prefs=ALL-UNNAMED --add-opens=java.base/java.nio.charset=ALL-UNNAMED --add-opens=java.base/java.net=ALL-UNNAMED --add-opens=java.base/java.util.concurrent.atomic=ALL-UNNAMED -Xmx2048m -Dfile.encoding=windows-1252 -Duser.country=GB -Duser.language=en -Duser.variant 
java_command: org.gradle.launcher.daemon.bootstrap.GradleDaemon 7.3.3
java_class_path (initial): C:\Users\Tom\.gradle\wrapper\dists\gradle-7.3.3-all\4295vidhdd9hd3gbjyw1xqxpo\gradle-7.3.3\lib\gradle-launcher-7.3.3.jar
Launcher Type: SUN_STANDARD

[Global flags]
     intx CICompilerCount                          = 3                                         {product} {ergonomic}
   size_t CompressedClassSpaceSize                 = 528482304                                 {product} {ergonomic}
     uint ConcGCThreads                            = 1                                         {product} {ergonomic}
     uint G1ConcRefinementThreads                  = 4                                         {product} {ergonomic}
   size_t G1HeapRegionSize                         = 1048576                                   {product} {ergonomic}
    uintx GCDrainStackTargetSize                   = 64                                        {product} {ergonomic}
   size_t InitialHeapSize                          = 134217728                                 {product} {ergonomic}
   size_t MarkStackSize                            = 4194304                                   {product} {ergonomic}
   size_t MaxHeapSize                              = 2147483648                                {product} {command line}
   size_t MaxMetaspaceSize                         = 536870912                                 {product} {command line}
   size_t MaxNewSize                               = 1287651328                                {product} {ergonomic}
   size_t MinHeapDeltaBytes                        = 1048576                                   {product} {ergonomic}
    uintx NonNMethodCodeHeapSize                   = 5830732                                {pd product} {ergonomic}
    uintx NonProfiledCodeHeapSize                  = 122913754                              {pd product} {ergonomic}
    uintx ProfiledCodeHeapSize                     = 122913754                              {pd product} {ergonomic}
    uintx ReservedCodeCacheSize                    = 251658240                              {pd product} {ergonomic}
     bool SegmentedCodeCache                       = true                                      {product} {ergonomic}
     bool UseCompressedClassPointers               = true                                 {lp64_product} {ergonomic}
     bool UseCompressedOops                        = true                                 {lp64_product} {ergonomic}
     bool UseG1GC                                  = true                                      {product} {ergonomic}
     bool UseLargePagesIndividualAllocation        = false                                  {pd product} {ergonomic}

Logging:
Log output configuration:
 #0: stdout all=warning uptime,level,tags
 #1: stderr all=off uptime,level,tags

Environment Variables:
JAVA_HOME=C:\Program Files\OpenJDK\openjdk-11.0.15_10
CLASSPATH=C:\Users\Tom\Documents\Programmation\React Native\projectRNcli\android\\gradle\wrapper\gradle-wrapper.jar
PATH=C:\Users\Tom\Documents\Programmation\React Native\projectRNcli\android\node_modules\.bin;C:\Users\Tom\Documents\Programmation\React Native\projectRNcli\node_modules\.bin;C:\Users\Tom\Documents\Programmation\React Native\node_modules\.bin;C:\Users\Tom\Documents\Programmation\node_modules\.bin;C:\Users\Tom\Documents\node_modules\.bin;C:\Users\Tom\node_modules\.bin;C:\Users\node_modules\.bin;C:\node_modules\.bin;C:\Program Files\nodejs;C:\Users\Tom\Documents\Programmation\React Native\projectRNcli\node_modules\.bin;C:\Users\Tom\Documents\Programmation\React Native\node_modules\.bin;C:\Users\Tom\Documents\Programmation\node_modules\.bin;C:\Users\Tom\Documents\node_modules\.bin;C:\Users\Tom\node_modules\.bin;C:\Users\node_modules\.bin;C:\node_modules\.bin;C:\Program Files\nodejs\node_modules\npm\node_modules\@npmcli\run-script\lib\node-gyp-bin;C:\Python310\Scripts\;C:\Python310\;C:\Program Files\Common Files\Oracle\Java\javapath;C:\Program Files (x86)\Intel\Intel(R) Management Engine Components\iCLS\;C:\Program Files\Intel\Intel(R) Management Engine Components\iCLS\;C:\windows\system32;C:\windows;C:\windows\System32\Wbem;C:\windows\System32\WindowsPowerShell\v1.0\;C:\Program Files (x86)\Intel\Intel(R) Management Engine Components\DAL;C:\Program Files\Intel\Intel(R) Management Engine Components\DAL;C:\Program Files (x86)\Intel\Intel(R) Management Engine Components\IPT;C:\Program Files\Intel\Intel(R) Management Engine Components\IPT;C:\Program Files (x86)\NVIDIA Corporation\PhysX\Common;C:\WINDOWS\system32;C:\WINDOWS;C:\WINDOWS\System32\Wbem;C:\WINDOWS\System32\WindowsPowerShell\v1.0\;C:\WINDOWS\System32\OpenSSH\;C:\Program Files\Microchip\xc8\v2.36\bin;C:\ProgramData\chocolatey\bin;C:\Program Files\OpenJDK\openjdk-11.0.15_10\bin;C:\Program Files\nodejs\;C:\Users\Tom\AppData\Local\Microsoft\WindowsApps;C:\Users\Tom\AppData\Local\Programs\Microsoft VS Code\bin;C:\Users\Tom\AppData\Local\Android\Sdk\platform-tools;C:\Users\Tom\AppData\Roaming\npm;C:\Users\Tom\Documents\Pro
USERNAME=Tom
LANG=en_GB.UTF-8
OS=Windows_NT
PROCESSOR_IDENTIFIER=Intel64 Family 6 Model 142 Stepping 10, GenuineIntel



---------------  S Y S T E M  ---------------

OS: Windows 10 , 64 bit Build 19041 (10.0.19041.1741)
OS uptime: 0 days 5:04 hours

CPU:total 4 (initial active 4) (2 cores per cpu, 2 threads per core) family 6 model 142 stepping 10 microcode 0xb4, cmov, cx8, fxsr, mmx, sse, sse2, sse3, ssse3, sse4.1, sse4.2, popcnt, avx, avx2, aes, clmul, erms, 3dnowpref, lzcnt, ht, tsc, tscinvbit, bmi1, bmi2, adx, fma

Memory: 4k page, system-wide physical 8107M (544M free)
TotalPageFile size 8107M (AvailPageFile size 63M)
current process WorkingSet (physical memory assigned to process): 503M, peak: 510M
current process commit charge ("private bytes"): 554M, peak: 651M

vm_info: OpenJDK 64-Bit Server VM (11.0.15+10) for windows-amd64 JRE (11.0.15+10), built on Apr 21 2022 21:29:46 by "tester" with MS VC++ 15.5 (VS2017)

END.
