#
# There is insufficient memory for the Java Runtime Environment to continue.
# Native memory allocation (mmap) failed to map 381681664 bytes for Failed to commit area from 0x0000000091500000 to 0x00000000a8100000 of length 381681664.
# Possible reasons:
#   The system is out of physical RAM or swap space
#   The process is running with CompressedOops enabled, and the Java Heap may be blocking the growth of the native heap
# Possible solutions:
#   Reduce memory load on the system
#   Increase physical memory or swap space
#   Check if swap backing store is full
#   Decrease Java heap size (-Xmx/-Xms)
#   Decrease number of Java threads
#   Decrease Java thread stack sizes (-Xss)
#   Set larger code cache with -XX:ReservedCodeCacheSize=
#   JVM is running with Unscaled Compressed Oops mode in which the Java heap is
#     placed in the first 4GB address space. The Java Heap base address is the
#     maximum limit for the native heap growth. Please use -XX:HeapBaseMinAddress
#     to set the Java Heap base and to place the Java Heap above 4GB virtual address.
# This output file may be truncated or incomplete.
#
#  Out of Memory Error (./src/hotspot/os/windows/os_windows.cpp:3390), pid=8480, tid=15536
#
# JRE version: OpenJDK Runtime Environment 18.9 (11.0.15+10) (build 11.0.15+10)
# Java VM: OpenJDK 64-Bit Server VM 18.9 (11.0.15+10, mixed mode, tiered, compressed oops, g1 gc, windows-amd64)
# No core dump will be written. Minidumps are not enabled by default on client versions of Windows
#

---------------  S U M M A R Y ------------

Command Line: -XX:MaxMetaspaceSize=512m --add-opens=java.base/java.util=ALL-UNNAMED --add-opens=java.base/java.lang=ALL-UNNAMED --add-opens=java.base/java.lang.invoke=ALL-UNNAMED --add-opens=java.base/java.util=ALL-UNNAMED --add-opens=java.prefs/java.util.prefs=ALL-UNNAMED --add-opens=java.prefs/java.util.prefs=ALL-UNNAMED --add-opens=java.base/java.nio.charset=ALL-UNNAMED --add-opens=java.base/java.net=ALL-UNNAMED --add-opens=java.base/java.util.concurrent.atomic=ALL-UNNAMED -Xmx2048m -Dfile.encoding=windows-1252 -Duser.country=GB -Duser.language=en -Duser.variant org.gradle.launcher.daemon.bootstrap.GradleDaemon 7.3.3

Host: Intel(R) Core(TM) i3-7020U CPU @ 2.30GHz, 4 cores, 7G,  Windows 10 , 64 bit Build 19041 (10.0.19041.1741)
Time: Sun Jul  3 16:51:57 2022 Romance Summer Time elapsed time: 136.912050 seconds (0d 0h 2m 16s)

---------------  T H R E A D  ---------------

Current thread (0x00000196fab9d800):  VMThread "VM Thread" [stack: 0x0000000100c00000,0x0000000100d00000] [id=15536]

Stack: [0x0000000100c00000,0x0000000100d00000]
[error occurred during error reporting (printing stack bounds), id 0xc0000005, EXCEPTION_ACCESS_VIOLATION (0xc0000005) at pc=0x00000196e435112d]

Native frames: (J=compiled Java code, j=interpreted, Vv=VM code, C=native code)
V  [jvm.dll+0x64dd3a]
V  [jvm.dll+0x7906c9]
V  [jvm.dll+0x791d9c]
V  [jvm.dll+0x7923c5]
V  [jvm.dll+0x79237b]
V  [jvm.dll+0x64cdd0]
V  [jvm.dll+0x64d4e8]
C  [ntdll.dll+0xa209f]
C  [ntdll.dll+0x51454]
C  [ntdll.dll+0xa0bce]
C  0x00000196e435112d

VM_Operation (0x0000000103afa610): G1CollectForAllocation, mode: safepoint, requested by thread 0x000001969f97b000


---------------  P R O C E S S  ---------------

Threads class SMR info:
_java_thread_list=0x00000196a0298ef0, length=87, elements={
0x00000196da423800, 0x00000196fabb3800, 0x00000196fabbf800, 0x00000196fac05800,
0x00000196fac09800, 0x00000196fac0b000, 0x00000196fb523000, 0x00000196fb524800,
0x00000196fb526800, 0x00000196fb680800, 0x00000196fca6d800, 0x00000196fc3b3800,
0x00000196fc523800, 0x00000196fc49d000, 0x00000196fb99e000, 0x00000196fd0a6800,
0x00000196fd0a7800, 0x00000196fbad0800, 0x00000196fbb13000, 0x00000196fbb13800,
0x00000196fcce7800, 0x00000196fcce8000, 0x00000196fcce5000, 0x00000196fcce3000,
0x00000196fcce5800, 0x00000196fcce4000, 0x00000196fcce6800, 0x00000196fcce2800,
0x00000196fcce9000, 0x000001969f973800, 0x000001969f972000, 0x000001969f976000,
0x000001969f971000, 0x000001969f974800, 0x000001969f973000, 0x000001969f979800,
0x000001969f97a000, 0x000001969f978800, 0x000001969f97c800, 0x000001969f977000,
0x000001969f97b000, 0x000001969f97c000, 0x000001969f978000, 0x000001969f980000,
0x000001969f97d800, 0x000001969f97e800, 0x000001969f97f000, 0x00000196a21f1000,
0x00000196a21ed000, 0x00000196a21f1800, 0x00000196a21ee800, 0x00000196a21ed800,
0x00000196a21f2800, 0x00000196a21f3800, 0x00000196a21f4000, 0x00000196a21ef800,
0x00000196a21f6000, 0x00000196a21f5000, 0x00000196a21f0000, 0x00000196a21f7800,
0x00000196a21fa000, 0x00000196a21f8000, 0x00000196a21fa800, 0x00000196a21fb800,
0x00000196a21f9000, 0x00000196a21f6800, 0x000001969feaa000, 0x000001969fea7800,
0x000001969fea6000, 0x000001969fea4800, 0x000001969feab000, 0x000001969fea7000,
0x000001969fea8800, 0x000001969fea9800, 0x000001969feae000, 0x000001969feb1800,
0x000001969feac800, 0x000001969feaf000, 0x000001969feac000, 0x000001969feb2800,
0x000001969feb3000, 0x00000196a0524800, 0x00000196a0526000, 0x00000196a0522800,
0x00000196a0527000, 0x00000196a0521000, 0x00000196a0527800
}

Java Threads: ( => current thread )
  0x00000196da423800 JavaThread "main" [_thread_blocked, id=8644, stack(0x0000000100600000,0x0000000100700000)]
  0x00000196fabb3800 JavaThread "Reference Handler" daemon [_thread_blocked, id=13156, stack(0x0000000100d00000,0x0000000100e00000)]
  0x00000196fabbf800 JavaThread "Finalizer" daemon [_thread_blocked, id=16824, stack(0x0000000100e00000,0x0000000100f00000)]
  0x00000196fac05800 JavaThread "Signal Dispatcher" daemon [_thread_blocked, id=9000, stack(0x0000000100f00000,0x0000000101000000)]
  0x00000196fac09800 JavaThread "Attach Listener" daemon [_thread_blocked, id=5520, stack(0x0000000101000000,0x0000000101100000)]
  0x00000196fac0b000 JavaThread "Service Thread" daemon [_thread_blocked, id=12904, stack(0x0000000101100000,0x0000000101200000)]
  0x00000196fb523000 JavaThread "C2 CompilerThread0" daemon [_thread_in_native, id=12164, stack(0x0000000101200000,0x0000000101300000)]
  0x00000196fb524800 JavaThread "C1 CompilerThread0" daemon [_thread_blocked, id=13316, stack(0x0000000101300000,0x0000000101400000)]
  0x00000196fb526800 JavaThread "Sweeper thread" daemon [_thread_blocked, id=3184, stack(0x0000000101400000,0x0000000101500000)]
  0x00000196fb680800 JavaThread "Common-Cleaner" daemon [_thread_blocked, id=656, stack(0x0000000101500000,0x0000000101600000)]
  0x00000196fca6d800 JavaThread "Daemon health stats" [_thread_blocked, id=7728, stack(0x0000000101900000,0x0000000101a00000)]
  0x00000196fc3b3800 JavaThread "Incoming local TCP Connector on port 50304" [_thread_in_native, id=10908, stack(0x0000000101a00000,0x0000000101b00000)]
  0x00000196fc523800 JavaThread "Daemon periodic checks" [_thread_blocked, id=7004, stack(0x0000000101b00000,0x0000000101c00000)]
  0x00000196fc49d000 JavaThread "Daemon" [_thread_blocked, id=10836, stack(0x0000000101c00000,0x0000000101d00000)]
  0x00000196fb99e000 JavaThread "Handler for socket connection from /127.0.0.1:50304 to /127.0.0.1:50305" [_thread_in_native, id=16792, stack(0x0000000101d00000,0x0000000101e00000)]
  0x00000196fd0a6800 JavaThread "Cancel handler" [_thread_blocked, id=15424, stack(0x0000000101e00000,0x0000000101f00000)]
  0x00000196fd0a7800 JavaThread "Daemon worker" [_thread_blocked, id=7716, stack(0x0000000101f00000,0x0000000102000000)]
  0x00000196fbad0800 JavaThread "Asynchronous log dispatcher for DefaultDaemonConnection: socket connection from /127.0.0.1:50304 to /127.0.0.1:50305" [_thread_blocked, id=15568, stack(0x0000000102000000,0x0000000102100000)]
  0x00000196fbb13000 JavaThread "Stdin handler" [_thread_blocked, id=10936, stack(0x0000000102100000,0x0000000102200000)]
  0x00000196fbb13800 JavaThread "Daemon client event forwarder" [_thread_blocked, id=16892, stack(0x0000000102200000,0x0000000102300000)]
  0x00000196fcce7800 JavaThread "Cache worker for journal cache (C:\Users\Tom\.gradle\caches\journal-1)" [_thread_blocked, id=8000, stack(0x0000000102400000,0x0000000102500000)]
  0x00000196fcce8000 JavaThread "File lock request listener" [_thread_in_native, id=8232, stack(0x0000000102500000,0x0000000102600000)]
  0x00000196fcce5000 JavaThread "Cache worker for file hash cache (C:\Users\Tom\.gradle\caches\7.3.3\fileHashes)" [_thread_blocked, id=2176, stack(0x0000000102600000,0x0000000102700000)]
  0x00000196fcce3000 JavaThread "Cache worker for file hash cache (C:\Users\Tom\Documents\Programmation\React Native\projectRNcli\android\.gradle\7.3.3\fileHashes)" [_thread_blocked, id=7836, stack(0x0000000102700000,0x0000000102800000)]
  0x00000196fcce5800 JavaThread "File watcher server" daemon [_thread_blocked, id=15312, stack(0x0000000102800000,0x0000000102900000)]
  0x00000196fcce4000 JavaThread "File watcher consumer" daemon [_thread_blocked, id=16524, stack(0x0000000102900000,0x0000000102a00000)]
  0x00000196fcce6800 JavaThread "Cache worker for checksums cache (C:\Users\Tom\Documents\Programmation\React Native\projectRNcli\android\.gradle\7.3.3\checksums)" [_thread_blocked, id=8244, stack(0x0000000102a00000,0x0000000102b00000)]
  0x00000196fcce2800 JavaThread "Cache worker for cache directory md-supplier (C:\Users\Tom\.gradle\caches\7.3.3\md-supplier)" [_thread_blocked, id=16956, stack(0x0000000102b00000,0x0000000102c00000)]
  0x00000196fcce9000 JavaThread "Cache worker for cache directory md-rule (C:\Users\Tom\.gradle\caches\7.3.3\md-rule)" [_thread_blocked, id=4192, stack(0x0000000102c00000,0x0000000102d00000)]
  0x000001969f973800 JavaThread "Cache worker for execution history cache (C:\Users\Tom\.gradle\caches\7.3.3\executionHistory)" [_thread_blocked, id=9056, stack(0x0000000102d00000,0x0000000102e00000)]
  0x000001969f972000 JavaThread "jar transforms" [_thread_blocked, id=16116, stack(0x0000000102e00000,0x0000000102f00000)]
  0x000001969f976000 JavaThread "jar transforms Thread 2" [_thread_blocked, id=13924, stack(0x0000000102f00000,0x0000000103000000)]
  0x000001969f971000 JavaThread "Cache worker for file content cache (C:\Users\Tom\.gradle\caches\7.3.3\fileContent)" [_thread_blocked, id=15364, stack(0x0000000103000000,0x0000000103100000)]
  0x000001969f974800 JavaThread "jar transforms Thread 3" [_thread_blocked, id=5596, stack(0x0000000103100000,0x0000000103200000)]
  0x000001969f973000 JavaThread "jar transforms Thread 4" [_thread_blocked, id=17028, stack(0x0000000103200000,0x0000000103300000)]
  0x000001969f979800 JavaThread "Cache worker for kotlin-dsl (C:\Users\Tom\.gradle\caches\7.3.3\kotlin-dsl)" [_thread_blocked, id=12752, stack(0x0000000103300000,0x0000000103400000)]
  0x000001969f97a000 JavaThread "Cache worker for dependencies-accessors (C:\Users\Tom\Documents\Programmation\React Native\projectRNcli\android\.gradle\7.3.3\dependencies-accessors)" [_thread_blocked, id=7236, stack(0x0000000103600000,0x0000000103700000)]
  0x000001969f978800 JavaThread "Cache worker for Build Output Cleanup Cache (C:\Users\Tom\Documents\Programmation\React Native\projectRNcli\node_modules\react-native-gradle-plugin\.gradle\buildOutputCleanup)" [_thread_blocked, id=6952, stack(0x0000000103700000,0x0000000103800000)]
  0x000001969f97c800 JavaThread "Unconstrained build operations" [_thread_blocked, id=508, stack(0x0000000103800000,0x0000000103900000)]
  0x000001969f977000 JavaThread "Unconstrained build operations Thread 2" [_thread_blocked, id=13704, stack(0x0000000103900000,0x0000000103a00000)]
  0x000001969f97b000 JavaThread "Unconstrained build operations Thread 3" [_thread_blocked, id=4140, stack(0x0000000103a00000,0x0000000103b00000)]
  0x000001969f97c000 JavaThread "Unconstrained build operations Thread 4" [_thread_blocked, id=688, stack(0x0000000103b00000,0x0000000103c00000)]
  0x000001969f978000 JavaThread "Unconstrained build operations Thread 5" [_thread_blocked, id=8872, stack(0x0000000103c00000,0x0000000103d00000)]
  0x000001969f980000 JavaThread "Unconstrained build operations Thread 6" [_thread_blocked, id=7292, stack(0x0000000103d00000,0x0000000103e00000)]
  0x000001969f97d800 JavaThread "Unconstrained build operations Thread 7" [_thread_blocked, id=14064, stack(0x0000000103e00000,0x0000000103f00000)]
  0x000001969f97e800 JavaThread "Unconstrained build operations Thread 8" [_thread_blocked, id=3144, stack(0x0000000103f00000,0x0000000104000000)]
  0x000001969f97f000 JavaThread "Unconstrained build operations Thread 9" [_thread_blocked, id=14916, stack(0x0000000104000000,0x0000000104100000)]
  0x00000196a21f1000 JavaThread "Unconstrained build operations Thread 10" [_thread_blocked, id=6168, stack(0x0000000104100000,0x0000000104200000)]
  0x00000196a21ed000 JavaThread "Unconstrained build operations Thread 11" [_thread_blocked, id=16920, stack(0x0000000104200000,0x0000000104300000)]
  0x00000196a21f1800 JavaThread "Unconstrained build operations Thread 12" [_thread_blocked, id=15220, stack(0x0000000104300000,0x0000000104400000)]
  0x00000196a21ee800 JavaThread "Unconstrained build operations Thread 13" [_thread_blocked, id=5848, stack(0x0000000104400000,0x0000000104500000)]
  0x00000196a21ed800 JavaThread "Unconstrained build operations Thread 14" [_thread_blocked, id=1680, stack(0x0000000104500000,0x0000000104600000)]
  0x00000196a21f2800 JavaThread "Unconstrained build operations Thread 15" [_thread_blocked, id=16736, stack(0x0000000104600000,0x0000000104700000)]
  0x00000196a21f3800 JavaThread "Unconstrained build operations Thread 16" [_thread_blocked, id=4452, stack(0x0000000104700000,0x0000000104800000)]
  0x00000196a21f4000 JavaThread "Unconstrained build operations Thread 17" [_thread_blocked, id=17976, stack(0x0000000104800000,0x0000000104900000)]
  0x00000196a21ef800 JavaThread "Unconstrained build operations Thread 18" [_thread_blocked, id=512, stack(0x0000000104900000,0x0000000104a00000)]
  0x00000196a21f6000 JavaThread "Unconstrained build operations Thread 19" [_thread_blocked, id=8456, stack(0x0000000104a00000,0x0000000104b00000)]
  0x00000196a21f5000 JavaThread "Unconstrained build operations Thread 20" [_thread_blocked, id=14772, stack(0x0000000104b00000,0x0000000104c00000)]
  0x00000196a21f0000 JavaThread "Unconstrained build operations Thread 21" [_thread_blocked, id=15164, stack(0x0000000104c00000,0x0000000104d00000)]
  0x00000196a21f7800 JavaThread "Unconstrained build operations Thread 22" [_thread_blocked, id=5876, stack(0x0000000104d00000,0x0000000104e00000)]
  0x00000196a21fa000 JavaThread "Unconstrained build operations Thread 23" [_thread_blocked, id=15168, stack(0x0000000104e00000,0x0000000104f00000)]
  0x00000196a21f8000 JavaThread "Unconstrained build operations Thread 24" [_thread_blocked, id=13388, stack(0x0000000104f00000,0x0000000105000000)]
  0x00000196a21fa800 JavaThread "Unconstrained build operations Thread 25" [_thread_blocked, id=6300, stack(0x0000000105000000,0x0000000105100000)]
  0x00000196a21fb800 JavaThread "Unconstrained build operations Thread 26" [_thread_blocked, id=9144, stack(0x0000000105100000,0x0000000105200000)]
  0x00000196a21f9000 JavaThread "Unconstrained build operations Thread 27" [_thread_blocked, id=2028, stack(0x0000000105200000,0x0000000105300000)]
  0x00000196a21f6800 JavaThread "Unconstrained build operations Thread 28" [_thread_blocked, id=15180, stack(0x0000000105300000,0x0000000105400000)]
  0x000001969feaa000 JavaThread "Unconstrained build operations Thread 29" [_thread_blocked, id=16616, stack(0x0000000105400000,0x0000000105500000)]
  0x000001969fea7800 JavaThread "Unconstrained build operations Thread 30" [_thread_blocked, id=17320, stack(0x0000000105500000,0x0000000105600000)]
  0x000001969fea6000 JavaThread "Unconstrained build operations Thread 31" [_thread_blocked, id=17304, stack(0x0000000105600000,0x0000000105700000)]
  0x000001969fea4800 JavaThread "Unconstrained build operations Thread 32" [_thread_blocked, id=6820, stack(0x0000000105700000,0x0000000105800000)]
  0x000001969feab000 JavaThread "Unconstrained build operations Thread 33" [_thread_blocked, id=15400, stack(0x0000000105800000,0x0000000105900000)]
  0x000001969fea7000 JavaThread "build event listener" [_thread_blocked, id=15388, stack(0x0000000105900000,0x0000000105a00000)]
  0x000001969fea8800 JavaThread "Memory manager" [_thread_blocked, id=8548, stack(0x0000000105a00000,0x0000000105b00000)]
  0x000001969fea9800 JavaThread "Cache worker for Build Output Cleanup Cache (C:\Users\Tom\Documents\Programmation\React Native\projectRNcli\android\.gradle\buildOutputCleanup)" [_thread_blocked, id=12348, stack(0x0000000105b00000,0x0000000105c00000)]
  0x000001969feae000 JavaThread "Cache worker for execution history cache (C:\Users\Tom\Documents\Programmation\React Native\projectRNcli\node_modules\react-native-gradle-plugin\.gradle\7.3.3\executionHistory)" [_thread_blocked, id=10796, stack(0x0000000105d00000,0x0000000105e00000)]
  0x000001969feb1800 JavaThread "Unconstrained build operations Thread 34" [_thread_blocked, id=11140, stack(0x0000000105e00000,0x0000000105f00000)]
  0x000001969feac800 JavaThread "Unconstrained build operations Thread 35" [_thread_blocked, id=10660, stack(0x0000000105f00000,0x0000000106000000)]
  0x000001969feaf000 JavaThread "Unconstrained build operations Thread 36" [_thread_blocked, id=6656, stack(0x0000000106000000,0x0000000106100000)]
  0x000001969feac000 JavaThread "Unconstrained build operations Thread 37" [_thread_blocked, id=12068, stack(0x0000000106100000,0x0000000106200000)]
  0x000001969feb2800 JavaThread "Unconstrained build operations Thread 38" [_thread_blocked, id=4420, stack(0x0000000106200000,0x0000000106300000)]
  0x000001969feb3000 JavaThread "Unconstrained build operations Thread 39" [_thread_blocked, id=1124, stack(0x0000000106300000,0x0000000106400000)]
  0x00000196a0524800 JavaThread "Unconstrained build operations Thread 40" [_thread_blocked, id=8864, stack(0x0000000106400000,0x0000000106500000)]
  0x00000196a0526000 JavaThread "Execution worker for ':'" [_thread_blocked, id=15440, stack(0x0000000100400000,0x0000000100500000)]
  0x00000196a0522800 JavaThread "Execution worker for ':' Thread 2" [_thread_blocked, id=6576, stack(0x0000000100500000,0x0000000100600000)]
  0x00000196a0527000 JavaThread "Execution worker for ':' Thread 3" [_thread_blocked, id=4500, stack(0x0000000105c00000,0x0000000105d00000)]
  0x00000196a0521000 JavaThread "Cache worker for execution history cache (C:\Users\Tom\Documents\Programmation\React Native\projectRNcli\android\.gradle\7.3.3\executionHistory)" [_thread_blocked, id=16500, stack(0x0000000106500000,0x0000000106600000)]
  0x00000196a0527800 JavaThread "WorkerExecutor Queue" [_thread_blocked, id=6572, stack(0x0000000106600000,0x0000000106700000)]

Other Threads:
=>0x00000196fab9d800 VMThread "VM Thread" [stack: 0x0000000100c00000,0x0000000100d00000] [id=15536]
  0x00000196fb6a2000 WatcherThread [stack: 0x0000000101600000,0x0000000101700000] [id=11812]
  0x00000196da43b000 GCTaskThread "GC Thread#0" [stack: 0x0000000100700000,0x0000000100800000] [id=2632]
  0x00000196fbd05800 GCTaskThread "GC Thread#1" [stack: 0x0000000101700000,0x0000000101800000] [id=10516]
  0x00000196fbd06800 GCTaskThread "GC Thread#2" [stack: 0x0000000101800000,0x0000000101900000] [id=12520]
  0x00000196fc6dc800 GCTaskThread "GC Thread#3" [stack: 0x0000000102300000,0x0000000102400000] [id=17548]
  0x00000196da46a800 ConcurrentGCThread "G1 Main Marker" [stack: 0x0000000100800000,0x0000000100900000] [id=13732]
  0x00000196da46c000 ConcurrentGCThread "G1 Conc#0" [stack: 0x0000000100900000,0x0000000100a00000] [id=15368]
  0x00000196da4f9800 ConcurrentGCThread "G1 Refine#0" [stack: 0x0000000100a00000,0x0000000100b00000] [id=4000]
  0x00000196da4fa800 ConcurrentGCThread "G1 Young RemSet Sampling" [stack: 0x0000000100b00000,0x0000000100c00000] [id=4488]

Threads with active compile tasks:
C2 CompilerThread0   137095 12846       4       com.android.tools.r8.internal.U6::a (4191 bytes)
C1 CompilerThread0   137095 14364 %     3       com.android.tools.r8.internal.F7::j @ 57 (627 bytes)

VM state:at safepoint (normal execution)

VM Mutex/Monitor currently owned by a thread:  ([mutex/lock_event])
[0x00000196da41f890] Threads_lock - owner thread: 0x00000196fab9d800
[0x00000196da422b30] Heap_lock - owner thread: 0x000001969f97b000

Heap address: 0x0000000080000000, size: 2048 MB, Compressed Oops mode: 32-bit
Narrow klass base: 0x0000019680000000, Narrow klass shift: 0
Compressed class space size: 528482304 Address: 0x0000019680000000

Heap:
 garbage-first heap   total 656384K, used 145758K [0x0000000080000000, 0x0000000100000000)
  region size 1024K, 5 young (5120K), 5 survivors (5120K)
 Metaspace       used 109554K, capacity 112854K, committed 113096K, reserved 614400K
  class space    used 14226K, capacity 15510K, committed 15692K, reserved 516096K
Heap Regions: E=young(eden), S=young(survivor), O=old, HS=humongous(starts), HC=humongous(continues), CS=collection set, F=free, A=archive, TAMS=top-at-mark-start (previous, next)
|   0|0x0000000080000000, 0x0000000080100000, 0x0000000080100000|100%| O|  |TAMS 0x0000000080100000, 0x0000000080000000| Untracked 
|   1|0x0000000080100000, 0x0000000080200000, 0x0000000080200000|100%| O|  |TAMS 0x0000000080200000, 0x0000000080100000| Untracked 
|   2|0x0000000080200000, 0x0000000080300000, 0x0000000080300000|100%| O|  |TAMS 0x0000000080300000, 0x0000000080200000| Untracked 
|   3|0x0000000080300000, 0x0000000080400000, 0x0000000080400000|100%|HS|  |TAMS 0x0000000080400000, 0x0000000080300000| Complete 
|   4|0x0000000080400000, 0x0000000080500000, 0x0000000080500000|100%|HC|  |TAMS 0x0000000080500000, 0x0000000080400000| Complete 
|   5|0x0000000080500000, 0x0000000080600000, 0x0000000080600000|100%|HC|  |TAMS 0x0000000080600000, 0x0000000080500000| Complete 
|   6|0x0000000080600000, 0x0000000080700000, 0x0000000080700000|100%| O|  |TAMS 0x0000000080700000, 0x0000000080600000| Untracked 
|   7|0x0000000080700000, 0x0000000080800000, 0x0000000080800000|100%| O|  |TAMS 0x0000000080800000, 0x0000000080700000| Untracked 
|   8|0x0000000080800000, 0x0000000080900000, 0x0000000080900000|100%| O|  |TAMS 0x0000000080900000, 0x0000000080800000| Untracked 
|   9|0x0000000080900000, 0x0000000080a00000, 0x0000000080a00000|100%| O|  |TAMS 0x0000000080a00000, 0x0000000080900000| Untracked 
|  10|0x0000000080a00000, 0x0000000080b00000, 0x0000000080b00000|100%| O|  |TAMS 0x0000000080b00000, 0x0000000080a00000| Untracked 
|  11|0x0000000080b00000, 0x0000000080c00000, 0x0000000080c00000|100%| O|  |TAMS 0x0000000080c00000, 0x0000000080b00000| Untracked 
|  12|0x0000000080c00000, 0x0000000080d00000, 0x0000000080d00000|100%| O|  |TAMS 0x0000000080d00000, 0x0000000080c00000| Untracked 
|  13|0x0000000080d00000, 0x0000000080e00000, 0x0000000080e00000|100%| O|  |TAMS 0x0000000080e00000, 0x0000000080d00000| Untracked 
|  14|0x0000000080e00000, 0x0000000080f00000, 0x0000000080f00000|100%| O|  |TAMS 0x0000000080f00000, 0x0000000080e00000| Untracked 
|  15|0x0000000080f00000, 0x0000000081000000, 0x0000000081000000|100%| O|  |TAMS 0x0000000081000000, 0x0000000080f00000| Untracked 
|  16|0x0000000081000000, 0x0000000081100000, 0x0000000081100000|100%|HS|  |TAMS 0x0000000081100000, 0x0000000081000000| Complete 
|  17|0x0000000081100000, 0x0000000081200000, 0x0000000081200000|100%| O|  |TAMS 0x0000000081200000, 0x0000000081100000| Untracked 
|  18|0x0000000081200000, 0x0000000081300000, 0x0000000081300000|100%| O|  |TAMS 0x0000000081300000, 0x0000000081200000| Untracked 
|  19|0x0000000081300000, 0x0000000081400000, 0x0000000081400000|100%| O|  |TAMS 0x0000000081400000, 0x0000000081300000| Untracked 
|  20|0x0000000081400000, 0x0000000081500000, 0x0000000081500000|100%| O|  |TAMS 0x0000000081500000, 0x0000000081400000| Untracked 
|  21|0x0000000081500000, 0x0000000081600000, 0x0000000081600000|100%| O|  |TAMS 0x0000000081600000, 0x0000000081500000| Untracked 
|  22|0x0000000081600000, 0x0000000081700000, 0x0000000081700000|100%| O|  |TAMS 0x0000000081700000, 0x0000000081600000| Untracked 
|  23|0x0000000081700000, 0x0000000081800000, 0x0000000081800000|100%| O|  |TAMS 0x0000000081800000, 0x0000000081700000| Untracked 
|  24|0x0000000081800000, 0x0000000081900000, 0x0000000081900000|100%| O|  |TAMS 0x0000000081900000, 0x0000000081800000| Untracked 
|  25|0x0000000081900000, 0x0000000081a00000, 0x0000000081a00000|100%| O|  |TAMS 0x0000000081a00000, 0x0000000081900000| Untracked 
|  26|0x0000000081a00000, 0x0000000081b00000, 0x0000000081b00000|100%| O|  |TAMS 0x0000000081b00000, 0x0000000081a00000| Untracked 
|  27|0x0000000081b00000, 0x0000000081c00000, 0x0000000081c00000|100%| O|  |TAMS 0x0000000081c00000, 0x0000000081b00000| Untracked 
|  28|0x0000000081c00000, 0x0000000081d00000, 0x0000000081d00000|100%|HS|  |TAMS 0x0000000081d00000, 0x0000000081c00000| Complete 
|  29|0x0000000081d00000, 0x0000000081e00000, 0x0000000081e00000|100%|HC|  |TAMS 0x0000000081e00000, 0x0000000081d00000| Complete 
|  30|0x0000000081e00000, 0x0000000081f00000, 0x0000000081f00000|100%|HC|  |TAMS 0x0000000081f00000, 0x0000000081e00000| Complete 
|  31|0x0000000081f00000, 0x0000000082000000, 0x0000000082000000|100%| O|  |TAMS 0x0000000082000000, 0x0000000081f00000| Untracked 
|  32|0x0000000082000000, 0x0000000082100000, 0x0000000082100000|100%| O|  |TAMS 0x0000000082100000, 0x0000000082000000| Untracked 
|  33|0x0000000082100000, 0x0000000082200000, 0x0000000082200000|100%| O|  |TAMS 0x0000000082200000, 0x0000000082100000| Untracked 
|  34|0x0000000082200000, 0x0000000082300000, 0x0000000082300000|100%| O|  |TAMS 0x0000000082300000, 0x0000000082200000| Untracked 
|  35|0x0000000082300000, 0x0000000082400000, 0x0000000082400000|100%| O|  |TAMS 0x0000000082400000, 0x0000000082300000| Untracked 
|  36|0x0000000082400000, 0x0000000082500000, 0x0000000082500000|100%| O|  |TAMS 0x0000000082500000, 0x0000000082400000| Untracked 
|  37|0x0000000082500000, 0x0000000082600000, 0x0000000082600000|100%| O|  |TAMS 0x0000000082600000, 0x0000000082500000| Untracked 
|  38|0x0000000082600000, 0x0000000082700000, 0x0000000082700000|100%| O|  |TAMS 0x0000000082700000, 0x0000000082600000| Untracked 
|  39|0x0000000082700000, 0x0000000082800000, 0x0000000082800000|100%| O|  |TAMS 0x0000000082800000, 0x0000000082700000| Untracked 
|  40|0x0000000082800000, 0x0000000082900000, 0x0000000082900000|100%| O|  |TAMS 0x0000000082900000, 0x0000000082800000| Untracked 
|  41|0x0000000082900000, 0x0000000082a00000, 0x0000000082a00000|100%| O|  |TAMS 0x0000000082a00000, 0x0000000082900000| Untracked 
|  42|0x0000000082a00000, 0x0000000082b00000, 0x0000000082b00000|100%|HS|  |TAMS 0x0000000082b00000, 0x0000000082a00000| Complete 
|  43|0x0000000082b00000, 0x0000000082c00000, 0x0000000082c00000|100%|HS|  |TAMS 0x0000000082c00000, 0x0000000082b00000| Complete 
|  44|0x0000000082c00000, 0x0000000082d00000, 0x0000000082d00000|100%|HS|  |TAMS 0x0000000082d00000, 0x0000000082c00000| Complete 
|  45|0x0000000082d00000, 0x0000000082e00000, 0x0000000082e00000|100%|HC|  |TAMS 0x0000000082e00000, 0x0000000082d00000| Complete 
|  46|0x0000000082e00000, 0x0000000082f00000, 0x0000000082f00000|100%| O|  |TAMS 0x0000000082f00000, 0x0000000082e00000| Untracked 
|  47|0x0000000082f00000, 0x0000000083000000, 0x0000000083000000|100%| O|  |TAMS 0x0000000083000000, 0x0000000082f00000| Untracked 
|  48|0x0000000083000000, 0x0000000083100000, 0x0000000083100000|100%| O|  |TAMS 0x0000000083100000, 0x0000000083000000| Untracked 
|  49|0x0000000083100000, 0x0000000083200000, 0x0000000083200000|100%| O|  |TAMS 0x0000000083200000, 0x0000000083100000| Untracked 
|  50|0x0000000083200000, 0x0000000083300000, 0x0000000083300000|100%| O|  |TAMS 0x0000000083300000, 0x0000000083200000| Untracked 
|  51|0x0000000083300000, 0x0000000083400000, 0x0000000083400000|100%| O|  |TAMS 0x0000000083400000, 0x0000000083300000| Untracked 
|  52|0x0000000083400000, 0x0000000083500000, 0x0000000083500000|100%| O|  |TAMS 0x0000000083500000, 0x0000000083400000| Untracked 
|  53|0x0000000083500000, 0x0000000083600000, 0x0000000083600000|100%| O|  |TAMS 0x0000000083600000, 0x0000000083500000| Untracked 
|  54|0x0000000083600000, 0x0000000083700000, 0x0000000083700000|100%| O|  |TAMS 0x0000000083700000, 0x0000000083600000| Untracked 
|  55|0x0000000083700000, 0x0000000083800000, 0x0000000083800000|100%| O|  |TAMS 0x0000000083800000, 0x0000000083700000| Untracked 
|  56|0x0000000083800000, 0x0000000083900000, 0x0000000083900000|100%| O|  |TAMS 0x0000000083900000, 0x0000000083800000| Untracked 
|  57|0x0000000083900000, 0x0000000083a00000, 0x0000000083a00000|100%| O|  |TAMS 0x0000000083a00000, 0x0000000083900000| Untracked 
|  58|0x0000000083a00000, 0x0000000083b00000, 0x0000000083b00000|100%| O|  |TAMS 0x0000000083b00000, 0x0000000083a00000| Untracked 
|  59|0x0000000083b00000, 0x0000000083c00000, 0x0000000083c00000|100%| O|  |TAMS 0x0000000083c00000, 0x0000000083b00000| Untracked 
|  60|0x0000000083c00000, 0x0000000083d00000, 0x0000000083d00000|100%| O|  |TAMS 0x0000000083d00000, 0x0000000083c00000| Untracked 
|  61|0x0000000083d00000, 0x0000000083e00000, 0x0000000083e00000|100%| O|  |TAMS 0x0000000083e00000, 0x0000000083d00000| Untracked 
|  62|0x0000000083e00000, 0x0000000083f00000, 0x0000000083f00000|100%| O|  |TAMS 0x0000000083f00000, 0x0000000083e00000| Untracked 
|  63|0x0000000083f00000, 0x0000000084000000, 0x0000000084000000|100%| O|  |TAMS 0x0000000084000000, 0x0000000083f00000| Untracked 
|  64|0x0000000084000000, 0x0000000084100000, 0x0000000084100000|100%| O|  |TAMS 0x0000000084100000, 0x0000000084000000| Untracked 
|  65|0x0000000084100000, 0x0000000084200000, 0x0000000084200000|100%| O|  |TAMS 0x0000000084200000, 0x0000000084100000| Untracked 
|  66|0x0000000084200000, 0x0000000084300000, 0x0000000084300000|100%| O|  |TAMS 0x0000000084300000, 0x0000000084200000| Untracked 
|  67|0x0000000084300000, 0x0000000084400000, 0x0000000084400000|100%| O|  |TAMS 0x0000000084400000, 0x0000000084300000| Untracked 
|  68|0x0000000084400000, 0x0000000084500000, 0x0000000084500000|100%| O|  |TAMS 0x0000000084500000, 0x0000000084400000| Untracked 
|  69|0x0000000084500000, 0x0000000084600000, 0x0000000084600000|100%| O|  |TAMS 0x0000000084600000, 0x0000000084500000| Untracked 
|  70|0x0000000084600000, 0x0000000084700000, 0x0000000084700000|100%| O|  |TAMS 0x0000000084700000, 0x0000000084600000| Untracked 
|  71|0x0000000084700000, 0x0000000084800000, 0x0000000084800000|100%| O|  |TAMS 0x0000000084800000, 0x0000000084700000| Untracked 
|  72|0x0000000084800000, 0x0000000084900000, 0x0000000084900000|100%| O|  |TAMS 0x0000000084900000, 0x0000000084800000| Untracked 
|  73|0x0000000084900000, 0x0000000084a00000, 0x0000000084a00000|100%| O|  |TAMS 0x0000000084a00000, 0x0000000084900000| Untracked 
|  74|0x0000000084a00000, 0x0000000084b00000, 0x0000000084b00000|100%| O|  |TAMS 0x0000000084b00000, 0x0000000084a00000| Untracked 
|  75|0x0000000084b00000, 0x0000000084c00000, 0x0000000084c00000|100%| O|  |TAMS 0x0000000084c00000, 0x0000000084b00000| Untracked 
|  76|0x0000000084c00000, 0x0000000084d00000, 0x0000000084d00000|100%| O|  |TAMS 0x0000000084d00000, 0x0000000084c00000| Untracked 
|  77|0x0000000084d00000, 0x0000000084e00000, 0x0000000084e00000|100%| O|  |TAMS 0x0000000084e00000, 0x0000000084d00000| Untracked 
|  78|0x0000000084e00000, 0x0000000084f00000, 0x0000000084f00000|100%| O|  |TAMS 0x0000000084f00000, 0x0000000084e00000| Untracked 
|  79|0x0000000084f00000, 0x0000000085000000, 0x0000000085000000|100%| O|  |TAMS 0x0000000085000000, 0x0000000084f00000| Untracked 
|  80|0x0000000085000000, 0x0000000085100000, 0x0000000085100000|100%| O|  |TAMS 0x0000000085100000, 0x0000000085000000| Untracked 
|  81|0x0000000085100000, 0x0000000085200000, 0x0000000085200000|100%| O|  |TAMS 0x0000000085200000, 0x0000000085100000| Untracked 
|  82|0x0000000085200000, 0x0000000085300000, 0x0000000085300000|100%| O|  |TAMS 0x0000000085300000, 0x0000000085200000| Untracked 
|  83|0x0000000085300000, 0x0000000085400000, 0x0000000085400000|100%| O|  |TAMS 0x0000000085400000, 0x0000000085300000| Untracked 
|  84|0x0000000085400000, 0x0000000085500000, 0x0000000085500000|100%| O|  |TAMS 0x0000000085500000, 0x0000000085400000| Untracked 
|  85|0x0000000085500000, 0x0000000085600000, 0x0000000085600000|100%| O|  |TAMS 0x0000000085600000, 0x0000000085500000| Untracked 
|  86|0x0000000085600000, 0x0000000085700000, 0x0000000085700000|100%| O|  |TAMS 0x0000000085700000, 0x0000000085600000| Untracked 
|  87|0x0000000085700000, 0x0000000085800000, 0x0000000085800000|100%| O|  |TAMS 0x0000000085800000, 0x0000000085700000| Untracked 
|  88|0x0000000085800000, 0x0000000085900000, 0x0000000085900000|100%| O|  |TAMS 0x0000000085900000, 0x0000000085800000| Untracked 
|  89|0x0000000085900000, 0x0000000085a00000, 0x0000000085a00000|100%| O|  |TAMS 0x0000000085a00000, 0x0000000085900000| Untracked 
|  90|0x0000000085a00000, 0x0000000085b00000, 0x0000000085b00000|100%| O|  |TAMS 0x0000000085b00000, 0x0000000085a00000| Untracked 
|  91|0x0000000085b00000, 0x0000000085c00000, 0x0000000085c00000|100%| O|  |TAMS 0x0000000085c00000, 0x0000000085b00000| Untracked 
|  92|0x0000000085c00000, 0x0000000085d00000, 0x0000000085d00000|100%|HS|  |TAMS 0x0000000085d00000, 0x0000000085c00000| Complete 
|  93|0x0000000085d00000, 0x0000000085e00000, 0x0000000085e00000|100%|HC|  |TAMS 0x0000000085e00000, 0x0000000085d00000| Complete 
|  94|0x0000000085e00000, 0x0000000085f00000, 0x0000000085f00000|100%| O|  |TAMS 0x0000000085f00000, 0x0000000085e00000| Untracked 
|  95|0x0000000085f00000, 0x0000000086000000, 0x0000000086000000|100%| O|  |TAMS 0x0000000086000000, 0x0000000085f00000| Untracked 
|  96|0x0000000086000000, 0x0000000086100000, 0x0000000086100000|100%| O|  |TAMS 0x0000000086100000, 0x0000000086000000| Untracked 
|  97|0x0000000086100000, 0x0000000086200000, 0x0000000086200000|100%| O|  |TAMS 0x0000000086200000, 0x0000000086100000| Untracked 
|  98|0x0000000086200000, 0x0000000086300000, 0x0000000086300000|100%| O|  |TAMS 0x0000000086300000, 0x0000000086200000| Untracked 
|  99|0x0000000086300000, 0x0000000086400000, 0x0000000086400000|100%| O|  |TAMS 0x0000000086400000, 0x0000000086300000| Untracked 
| 100|0x0000000086400000, 0x0000000086500000, 0x0000000086500000|100%| O|  |TAMS 0x0000000086500000, 0x0000000086400000| Untracked 
| 101|0x0000000086500000, 0x0000000086600000, 0x0000000086600000|100%| O|  |TAMS 0x0000000086600000, 0x0000000086500000| Untracked 
| 102|0x0000000086600000, 0x0000000086700000, 0x0000000086700000|100%| O|  |TAMS 0x0000000086700000, 0x0000000086600000| Untracked 
| 103|0x0000000086700000, 0x0000000086800000, 0x0000000086800000|100%| O|  |TAMS 0x0000000086800000, 0x0000000086700000| Untracked 
| 104|0x0000000086800000, 0x0000000086900000, 0x0000000086900000|100%| O|  |TAMS 0x0000000086900000, 0x0000000086800000| Untracked 
| 105|0x0000000086900000, 0x0000000086a00000, 0x0000000086a00000|100%| O|  |TAMS 0x0000000086a00000, 0x0000000086900000| Untracked 
| 106|0x0000000086a00000, 0x0000000086b00000, 0x0000000086b00000|100%| O|  |TAMS 0x0000000086b00000, 0x0000000086a00000| Untracked 
| 107|0x0000000086b00000, 0x0000000086c00000, 0x0000000086c00000|100%| O|  |TAMS 0x0000000086c00000, 0x0000000086b00000| Untracked 
| 108|0x0000000086c00000, 0x0000000086d00000, 0x0000000086d00000|100%| O|  |TAMS 0x0000000086d00000, 0x0000000086c00000| Untracked 
| 109|0x0000000086d00000, 0x0000000086e00000, 0x0000000086e00000|100%| O|  |TAMS 0x0000000086e00000, 0x0000000086d00000| Untracked 
| 110|0x0000000086e00000, 0x0000000086f00000, 0x0000000086f00000|100%| O|  |TAMS 0x0000000086f00000, 0x0000000086e00000| Untracked 
| 111|0x0000000086f00000, 0x0000000087000000, 0x0000000087000000|100%| O|  |TAMS 0x0000000087000000, 0x0000000086f00000| Untracked 
| 112|0x0000000087000000, 0x0000000087100000, 0x0000000087100000|100%| O|  |TAMS 0x0000000087100000, 0x0000000087000000| Untracked 
| 113|0x0000000087100000, 0x0000000087200000, 0x0000000087200000|100%| O|  |TAMS 0x0000000087200000, 0x0000000087100000| Untracked 
| 114|0x0000000087200000, 0x0000000087300000, 0x0000000087300000|100%| O|  |TAMS 0x0000000087300000, 0x0000000087200000| Untracked 
| 115|0x0000000087300000, 0x0000000087400000, 0x0000000087400000|100%| O|  |TAMS 0x0000000087400000, 0x0000000087300000| Untracked 
| 116|0x0000000087400000, 0x0000000087500000, 0x0000000087500000|100%| O|  |TAMS 0x0000000087500000, 0x0000000087400000| Untracked 
| 117|0x0000000087500000, 0x0000000087600000, 0x0000000087600000|100%| O|  |TAMS 0x0000000087600000, 0x0000000087500000| Untracked 
| 118|0x0000000087600000, 0x0000000087700000, 0x0000000087700000|100%| O|  |TAMS 0x0000000087700000, 0x0000000087600000| Untracked 
| 119|0x0000000087700000, 0x0000000087800000, 0x0000000087800000|100%| O|  |TAMS 0x0000000087800000, 0x0000000087700000| Untracked 
| 120|0x0000000087800000, 0x0000000087900000, 0x0000000087900000|100%| O|  |TAMS 0x0000000087900000, 0x0000000087800000| Untracked 
| 121|0x0000000087900000, 0x0000000087a00000, 0x0000000087a00000|100%| O|  |TAMS 0x0000000087a00000, 0x0000000087900000| Untracked 
| 122|0x0000000087a00000, 0x0000000087b00000, 0x0000000087b00000|100%| O|  |TAMS 0x0000000087b00000, 0x0000000087a00000| Untracked 
| 123|0x0000000087b00000, 0x0000000087c00000, 0x0000000087c00000|100%| O|  |TAMS 0x0000000087c00000, 0x0000000087b00000| Untracked 
| 124|0x0000000087c00000, 0x0000000087d00000, 0x0000000087d00000|100%| O|  |TAMS 0x0000000087d00000, 0x0000000087c00000| Untracked 
| 125|0x0000000087d00000, 0x0000000087e00000, 0x0000000087e00000|100%| O|  |TAMS 0x0000000087e00000, 0x0000000087d00000| Untracked 
| 126|0x0000000087e00000, 0x0000000087f00000, 0x0000000087f00000|100%| O|  |TAMS 0x0000000087f00000, 0x0000000087e00000| Untracked 
| 127|0x0000000087f00000, 0x0000000088000000, 0x0000000088000000|100%| O|  |TAMS 0x0000000088000000, 0x0000000087f00000| Untracked 
| 128|0x0000000088000000, 0x0000000088100000, 0x0000000088100000|100%| O|  |TAMS 0x0000000088100000, 0x0000000088000000| Untracked 
| 129|0x0000000088100000, 0x0000000088200000, 0x0000000088200000|100%| O|  |TAMS 0x0000000088200000, 0x0000000088100000| Untracked 
| 130|0x0000000088200000, 0x0000000088300000, 0x0000000088300000|100%| O|  |TAMS 0x0000000088300000, 0x0000000088200000| Untracked 
| 131|0x0000000088300000, 0x0000000088400000, 0x0000000088400000|100%| O|  |TAMS 0x0000000088400000, 0x0000000088300000| Untracked 
| 132|0x0000000088400000, 0x0000000088500000, 0x0000000088500000|100%| O|  |TAMS 0x0000000088500000, 0x0000000088400000| Untracked 
| 133|0x0000000088500000, 0x0000000088600000, 0x0000000088600000|100%| O|  |TAMS 0x0000000088600000, 0x0000000088500000| Untracked 
| 134|0x0000000088600000, 0x0000000088700000, 0x0000000088700000|100%| O|  |TAMS 0x0000000088700000, 0x0000000088600000| Untracked 
| 135|0x0000000088700000, 0x0000000088800000, 0x0000000088800000|100%| O|  |TAMS 0x0000000088800000, 0x0000000088700000| Untracked 
| 136|0x0000000088800000, 0x0000000088900000, 0x0000000088900000|100%| O|  |TAMS 0x0000000088900000, 0x0000000088800000| Untracked 
| 137|0x0000000088900000, 0x000000008899b400, 0x0000000088a00000| 60%| O|  |TAMS 0x000000008899b400, 0x0000000088900000| Untracked 
| 138|0x0000000088a00000, 0x0000000088a00000, 0x0000000088b00000|  0%| F|  |TAMS 0x0000000088a00000, 0x0000000088a00000| Untracked 
| 139|0x0000000088b00000, 0x0000000088b00000, 0x0000000088c00000|  0%| F|  |TAMS 0x0000000088b00000, 0x0000000088b00000| Untracked 
| 140|0x0000000088c00000, 0x0000000088c00000, 0x0000000088d00000|  0%| F|  |TAMS 0x0000000088c00000, 0x0000000088c00000| Untracked 
| 141|0x0000000088d00000, 0x0000000088d00000, 0x0000000088e00000|  0%| F|  |TAMS 0x0000000088d00000, 0x0000000088d00000| Untracked 
| 142|0x0000000088e00000, 0x0000000088e00000, 0x0000000088f00000|  0%| F|  |TAMS 0x0000000088e00000, 0x0000000088e00000| Untracked 
| 143|0x0000000088f00000, 0x0000000088f00000, 0x0000000089000000|  0%| F|  |TAMS 0x0000000088f00000, 0x0000000088f00000| Untracked 
| 144|0x0000000089000000, 0x0000000089000000, 0x0000000089100000|  0%| F|  |TAMS 0x0000000089000000, 0x0000000089000000| Untracked 
| 145|0x0000000089100000, 0x0000000089100000, 0x0000000089200000|  0%| F|  |TAMS 0x0000000089100000, 0x0000000089100000| Untracked 
| 146|0x0000000089200000, 0x0000000089200000, 0x0000000089300000|  0%| F|  |TAMS 0x0000000089200000, 0x0000000089200000| Untracked 
| 147|0x0000000089300000, 0x0000000089300000, 0x0000000089400000|  0%| F|  |TAMS 0x0000000089300000, 0x0000000089300000| Untracked 
| 148|0x0000000089400000, 0x0000000089400000, 0x0000000089500000|  0%| F|  |TAMS 0x0000000089400000, 0x0000000089400000| Untracked 
| 149|0x0000000089500000, 0x0000000089500000, 0x0000000089600000|  0%| F|  |TAMS 0x0000000089500000, 0x0000000089500000| Untracked 
| 150|0x0000000089600000, 0x0000000089600000, 0x0000000089700000|  0%| F|  |TAMS 0x0000000089600000, 0x0000000089600000| Untracked 
| 151|0x0000000089700000, 0x0000000089700000, 0x0000000089800000|  0%| F|  |TAMS 0x0000000089700000, 0x0000000089700000| Untracked 
| 152|0x0000000089800000, 0x0000000089800000, 0x0000000089900000|  0%| F|  |TAMS 0x0000000089800000, 0x0000000089800000| Untracked 
| 153|0x0000000089900000, 0x0000000089900000, 0x0000000089a00000|  0%| F|  |TAMS 0x0000000089900000, 0x0000000089900000| Untracked 
| 154|0x0000000089a00000, 0x0000000089a00000, 0x0000000089b00000|  0%| F|  |TAMS 0x0000000089a00000, 0x0000000089a00000| Untracked 
| 155|0x0000000089b00000, 0x0000000089b00000, 0x0000000089c00000|  0%| F|  |TAMS 0x0000000089b00000, 0x0000000089b00000| Untracked 
| 156|0x0000000089c00000, 0x0000000089c00000, 0x0000000089d00000|  0%| F|  |TAMS 0x0000000089c00000, 0x0000000089c00000| Untracked 
| 157|0x0000000089d00000, 0x0000000089d00000, 0x0000000089e00000|  0%| F|  |TAMS 0x0000000089d00000, 0x0000000089d00000| Untracked 
| 158|0x0000000089e00000, 0x0000000089e00000, 0x0000000089f00000|  0%| F|  |TAMS 0x0000000089e00000, 0x0000000089e00000| Untracked 
| 159|0x0000000089f00000, 0x0000000089f00000, 0x000000008a000000|  0%| F|  |TAMS 0x0000000089f00000, 0x0000000089f00000| Untracked 
| 160|0x000000008a000000, 0x000000008a000000, 0x000000008a100000|  0%| F|  |TAMS 0x000000008a000000, 0x000000008a000000| Untracked 
| 161|0x000000008a100000, 0x000000008a100000, 0x000000008a200000|  0%| F|  |TAMS 0x000000008a100000, 0x000000008a100000| Untracked 
| 162|0x000000008a200000, 0x000000008a200000, 0x000000008a300000|  0%| F|  |TAMS 0x000000008a200000, 0x000000008a200000| Untracked 
| 163|0x000000008a300000, 0x000000008a300000, 0x000000008a400000|  0%| F|  |TAMS 0x000000008a300000, 0x000000008a300000| Untracked 
| 164|0x000000008a400000, 0x000000008a400000, 0x000000008a500000|  0%| F|  |TAMS 0x000000008a400000, 0x000000008a400000| Untracked 
| 165|0x000000008a500000, 0x000000008a500000, 0x000000008a600000|  0%| F|  |TAMS 0x000000008a500000, 0x000000008a500000| Untracked 
| 166|0x000000008a600000, 0x000000008a600000, 0x000000008a700000|  0%| F|  |TAMS 0x000000008a600000, 0x000000008a600000| Untracked 
| 167|0x000000008a700000, 0x000000008a700000, 0x000000008a800000|  0%| F|  |TAMS 0x000000008a700000, 0x000000008a700000| Untracked 
| 168|0x000000008a800000, 0x000000008a800000, 0x000000008a900000|  0%| F|  |TAMS 0x000000008a800000, 0x000000008a800000| Untracked 
| 169|0x000000008a900000, 0x000000008a900000, 0x000000008aa00000|  0%| F|  |TAMS 0x000000008a900000, 0x000000008a900000| Untracked 
| 170|0x000000008aa00000, 0x000000008aa00000, 0x000000008ab00000|  0%| F|  |TAMS 0x000000008aa00000, 0x000000008aa00000| Untracked 
| 171|0x000000008ab00000, 0x000000008ab00000, 0x000000008ac00000|  0%| F|  |TAMS 0x000000008ab00000, 0x000000008ab00000| Untracked 
| 172|0x000000008ac00000, 0x000000008ac00000, 0x000000008ad00000|  0%| F|  |TAMS 0x000000008ac00000, 0x000000008ac00000| Untracked 
| 173|0x000000008ad00000, 0x000000008ad00000, 0x000000008ae00000|  0%| F|  |TAMS 0x000000008ad00000, 0x000000008ad00000| Untracked 
| 174|0x000000008ae00000, 0x000000008ae00000, 0x000000008af00000|  0%| F|  |TAMS 0x000000008ae00000, 0x000000008ae00000| Untracked 
| 175|0x000000008af00000, 0x000000008af00000, 0x000000008b000000|  0%| F|  |TAMS 0x000000008af00000, 0x000000008af00000| Untracked 
| 176|0x000000008b000000, 0x000000008b000000, 0x000000008b100000|  0%| F|  |TAMS 0x000000008b000000, 0x000000008b000000| Untracked 
| 177|0x000000008b100000, 0x000000008b100000, 0x000000008b200000|  0%| F|  |TAMS 0x000000008b100000, 0x000000008b100000| Untracked 
| 178|0x000000008b200000, 0x000000008b200000, 0x000000008b300000|  0%| F|  |TAMS 0x000000008b200000, 0x000000008b200000| Untracked 
| 179|0x000000008b300000, 0x000000008b300000, 0x000000008b400000|  0%| F|  |TAMS 0x000000008b300000, 0x000000008b300000| Untracked 
| 180|0x000000008b400000, 0x000000008b400000, 0x000000008b500000|  0%| F|  |TAMS 0x000000008b400000, 0x000000008b400000| Untracked 
| 181|0x000000008b500000, 0x000000008b500000, 0x000000008b600000|  0%| F|  |TAMS 0x000000008b500000, 0x000000008b500000| Untracked 
| 182|0x000000008b600000, 0x000000008b600000, 0x000000008b700000|  0%| F|  |TAMS 0x000000008b600000, 0x000000008b600000| Untracked 
| 183|0x000000008b700000, 0x000000008b700000, 0x000000008b800000|  0%| F|  |TAMS 0x000000008b700000, 0x000000008b700000| Untracked 
| 184|0x000000008b800000, 0x000000008b800000, 0x000000008b900000|  0%| F|  |TAMS 0x000000008b800000, 0x000000008b800000| Untracked 
| 185|0x000000008b900000, 0x000000008b900000, 0x000000008ba00000|  0%| F|  |TAMS 0x000000008b900000, 0x000000008b900000| Untracked 
| 186|0x000000008ba00000, 0x000000008ba00000, 0x000000008bb00000|  0%| F|  |TAMS 0x000000008ba00000, 0x000000008ba00000| Untracked 
| 187|0x000000008bb00000, 0x000000008bb00000, 0x000000008bc00000|  0%| F|  |TAMS 0x000000008bb00000, 0x000000008bb00000| Untracked 
| 188|0x000000008bc00000, 0x000000008bc00000, 0x000000008bd00000|  0%| F|  |TAMS 0x000000008bc00000, 0x000000008bc00000| Untracked 
| 189|0x000000008bd00000, 0x000000008bd00000, 0x000000008be00000|  0%| F|  |TAMS 0x000000008bd00000, 0x000000008bd00000| Untracked 
| 190|0x000000008be00000, 0x000000008be00000, 0x000000008bf00000|  0%| F|  |TAMS 0x000000008be00000, 0x000000008be00000| Untracked 
| 191|0x000000008bf00000, 0x000000008bf00000, 0x000000008c000000|  0%| F|  |TAMS 0x000000008bf00000, 0x000000008bf00000| Untracked 
| 192|0x000000008c000000, 0x000000008c000000, 0x000000008c100000|  0%| F|  |TAMS 0x000000008c000000, 0x000000008c000000| Untracked 
| 193|0x000000008c100000, 0x000000008c100000, 0x000000008c200000|  0%| F|  |TAMS 0x000000008c100000, 0x000000008c100000| Untracked 
| 194|0x000000008c200000, 0x000000008c200000, 0x000000008c300000|  0%| F|  |TAMS 0x000000008c200000, 0x000000008c200000| Untracked 
| 195|0x000000008c300000, 0x000000008c300000, 0x000000008c400000|  0%| F|  |TAMS 0x000000008c300000, 0x000000008c300000| Untracked 
| 196|0x000000008c400000, 0x000000008c400000, 0x000000008c500000|  0%| F|  |TAMS 0x000000008c400000, 0x000000008c400000| Untracked 
| 197|0x000000008c500000, 0x000000008c500000, 0x000000008c600000|  0%| F|  |TAMS 0x000000008c500000, 0x000000008c500000| Untracked 
| 198|0x000000008c600000, 0x000000008c600000, 0x000000008c700000|  0%| F|  |TAMS 0x000000008c600000, 0x000000008c600000| Untracked 
| 199|0x000000008c700000, 0x000000008c700000, 0x000000008c800000|  0%| F|  |TAMS 0x000000008c700000, 0x000000008c700000| Untracked 
| 200|0x000000008c800000, 0x000000008c800000, 0x000000008c900000|  0%| F|  |TAMS 0x000000008c800000, 0x000000008c800000| Untracked 
| 201|0x000000008c900000, 0x000000008c900000, 0x000000008ca00000|  0%| F|  |TAMS 0x000000008c900000, 0x000000008c900000| Untracked 
| 202|0x000000008ca00000, 0x000000008ca00000, 0x000000008cb00000|  0%| F|  |TAMS 0x000000008ca00000, 0x000000008ca00000| Untracked 
| 203|0x000000008cb00000, 0x000000008cb00000, 0x000000008cc00000|  0%| F|  |TAMS 0x000000008cb00000, 0x000000008cb00000| Untracked 
| 204|0x000000008cc00000, 0x000000008cc00000, 0x000000008cd00000|  0%| F|  |TAMS 0x000000008cc00000, 0x000000008cc00000| Untracked 
| 205|0x000000008cd00000, 0x000000008cd00000, 0x000000008ce00000|  0%| F|  |TAMS 0x000000008cd00000, 0x000000008cd00000| Untracked 
| 206|0x000000008ce00000, 0x000000008ce00000, 0x000000008cf00000|  0%| F|  |TAMS 0x000000008ce00000, 0x000000008ce00000| Untracked 
| 207|0x000000008cf00000, 0x000000008cf00000, 0x000000008d000000|  0%| F|  |TAMS 0x000000008cf00000, 0x000000008cf00000| Untracked 
| 208|0x000000008d000000, 0x000000008d000000, 0x000000008d100000|  0%| F|  |TAMS 0x000000008d000000, 0x000000008d000000| Untracked 
| 209|0x000000008d100000, 0x000000008d100000, 0x000000008d200000|  0%| F|  |TAMS 0x000000008d100000, 0x000000008d100000| Untracked 
| 210|0x000000008d200000, 0x000000008d200000, 0x000000008d300000|  0%| F|  |TAMS 0x000000008d200000, 0x000000008d200000| Untracked 
| 211|0x000000008d300000, 0x000000008d300000, 0x000000008d400000|  0%| F|  |TAMS 0x000000008d300000, 0x000000008d300000| Untracked 
| 212|0x000000008d400000, 0x000000008d400000, 0x000000008d500000|  0%| F|  |TAMS 0x000000008d400000, 0x000000008d400000| Untracked 
| 213|0x000000008d500000, 0x000000008d500000, 0x000000008d600000|  0%| F|  |TAMS 0x000000008d500000, 0x000000008d500000| Untracked 
| 214|0x000000008d600000, 0x000000008d600000, 0x000000008d700000|  0%| F|  |TAMS 0x000000008d600000, 0x000000008d600000| Untracked 
| 215|0x000000008d700000, 0x000000008d700000, 0x000000008d800000|  0%| F|  |TAMS 0x000000008d700000, 0x000000008d700000| Untracked 
| 216|0x000000008d800000, 0x000000008d8bc560, 0x000000008d900000| 73%| S|CS|TAMS 0x000000008d800000, 0x000000008d800000| Complete 
| 217|0x000000008d900000, 0x000000008da00000, 0x000000008da00000|100%| S|CS|TAMS 0x000000008d900000, 0x000000008d900000| Complete 
| 218|0x000000008da00000, 0x000000008db00000, 0x000000008db00000|100%| S|CS|TAMS 0x000000008da00000, 0x000000008da00000| Complete 
| 219|0x000000008db00000, 0x000000008dc00000, 0x000000008dc00000|100%| S|CS|TAMS 0x000000008db00000, 0x000000008db00000| Complete 
| 220|0x000000008dc00000, 0x000000008dd00000, 0x000000008dd00000|100%| S|CS|TAMS 0x000000008dc00000, 0x000000008dc00000| Complete 
| 221|0x000000008dd00000, 0x000000008dd00000, 0x000000008de00000|  0%| F|  |TAMS 0x000000008dd00000, 0x000000008dd00000| Untracked 
| 222|0x000000008de00000, 0x000000008de00000, 0x000000008df00000|  0%| F|  |TAMS 0x000000008de00000, 0x000000008de00000| Untracked 
| 223|0x000000008df00000, 0x000000008df00000, 0x000000008e000000|  0%| F|  |TAMS 0x000000008df00000, 0x000000008df00000| Untracked 
| 224|0x000000008e000000, 0x000000008e000000, 0x000000008e100000|  0%| F|  |TAMS 0x000000008e000000, 0x000000008e000000| Untracked 
| 225|0x000000008e100000, 0x000000008e100000, 0x000000008e200000|  0%| F|  |TAMS 0x000000008e100000, 0x000000008e100000| Untracked 
| 226|0x000000008e200000, 0x000000008e200000, 0x000000008e300000|  0%| F|  |TAMS 0x000000008e200000, 0x000000008e200000| Untracked 
| 227|0x000000008e300000, 0x000000008e300000, 0x000000008e400000|  0%| F|  |TAMS 0x000000008e300000, 0x000000008e300000| Untracked 
| 228|0x000000008e400000, 0x000000008e400000, 0x000000008e500000|  0%| F|  |TAMS 0x000000008e400000, 0x000000008e400000| Untracked 
| 229|0x000000008e500000, 0x000000008e500000, 0x000000008e600000|  0%| F|  |TAMS 0x000000008e500000, 0x000000008e500000| Untracked 
| 230|0x000000008e600000, 0x000000008e600000, 0x000000008e700000|  0%| F|  |TAMS 0x000000008e600000, 0x000000008e600000| Untracked 
| 231|0x000000008e700000, 0x000000008e700000, 0x000000008e800000|  0%| F|  |TAMS 0x000000008e700000, 0x000000008e700000| Untracked 
| 232|0x000000008e800000, 0x000000008e800000, 0x000000008e900000|  0%| F|  |TAMS 0x000000008e800000, 0x000000008e800000| Untracked 
| 233|0x000000008e900000, 0x000000008e900000, 0x000000008ea00000|  0%| F|  |TAMS 0x000000008e900000, 0x000000008e900000| Untracked 
| 234|0x000000008ea00000, 0x000000008ea00000, 0x000000008eb00000|  0%| F|  |TAMS 0x000000008ea00000, 0x000000008ea00000| Untracked 
| 235|0x000000008eb00000, 0x000000008eb00000, 0x000000008ec00000|  0%| F|  |TAMS 0x000000008eb00000, 0x000000008eb00000| Untracked 
| 236|0x000000008ec00000, 0x000000008ec00000, 0x000000008ed00000|  0%| F|  |TAMS 0x000000008ec00000, 0x000000008ec00000| Untracked 
| 237|0x000000008ed00000, 0x000000008ed00000, 0x000000008ee00000|  0%| F|  |TAMS 0x000000008ed00000, 0x000000008ed00000| Untracked 
| 238|0x000000008ee00000, 0x000000008ee00000, 0x000000008ef00000|  0%| F|  |TAMS 0x000000008ee00000, 0x000000008ee00000| Untracked 
| 239|0x000000008ef00000, 0x000000008ef00000, 0x000000008f000000|  0%| F|  |TAMS 0x000000008ef00000, 0x000000008ef00000| Untracked 
| 240|0x000000008f000000, 0x000000008f000000, 0x000000008f100000|  0%| F|  |TAMS 0x000000008f000000, 0x000000008f000000| Untracked 
| 241|0x000000008f100000, 0x000000008f100000, 0x000000008f200000|  0%| F|  |TAMS 0x000000008f100000, 0x000000008f100000| Untracked 
| 242|0x000000008f200000, 0x000000008f200000, 0x000000008f300000|  0%| F|  |TAMS 0x000000008f200000, 0x000000008f200000| Untracked 
| 243|0x000000008f300000, 0x000000008f300000, 0x000000008f400000|  0%| F|  |TAMS 0x000000008f300000, 0x000000008f300000| Untracked 
| 244|0x000000008f400000, 0x000000008f400000, 0x000000008f500000|  0%| F|  |TAMS 0x000000008f400000, 0x000000008f400000| Untracked 
| 245|0x000000008f500000, 0x000000008f500000, 0x000000008f600000|  0%| F|  |TAMS 0x000000008f500000, 0x000000008f500000| Untracked 
| 246|0x000000008f600000, 0x000000008f600000, 0x000000008f700000|  0%| F|  |TAMS 0x000000008f600000, 0x000000008f600000| Untracked 
| 247|0x000000008f700000, 0x000000008f700000, 0x000000008f800000|  0%| F|  |TAMS 0x000000008f700000, 0x000000008f700000| Untracked 
| 248|0x000000008f800000, 0x000000008f800000, 0x000000008f900000|  0%| F|  |TAMS 0x000000008f800000, 0x000000008f800000| Untracked 
| 249|0x000000008f900000, 0x000000008f900000, 0x000000008fa00000|  0%| F|  |TAMS 0x000000008f900000, 0x000000008f900000| Untracked 
| 250|0x000000008fa00000, 0x000000008fa00000, 0x000000008fb00000|  0%| F|  |TAMS 0x000000008fa00000, 0x000000008fa00000| Untracked 
| 251|0x000000008fb00000, 0x000000008fb00000, 0x000000008fc00000|  0%| F|  |TAMS 0x000000008fb00000, 0x000000008fb00000| Untracked 
| 252|0x000000008fc00000, 0x000000008fc00000, 0x000000008fd00000|  0%| F|  |TAMS 0x000000008fc00000, 0x000000008fc00000| Untracked 
| 253|0x000000008fd00000, 0x000000008fd00000, 0x000000008fe00000|  0%| F|  |TAMS 0x000000008fd00000, 0x000000008fd00000| Untracked 
| 254|0x000000008fe00000, 0x000000008fe00000, 0x000000008ff00000|  0%| F|  |TAMS 0x000000008fe00000, 0x000000008fe00000| Untracked 
| 255|0x000000008ff00000, 0x000000008ff00000, 0x0000000090000000|  0%| F|  |TAMS 0x000000008ff00000, 0x000000008ff00000| Untracked 
| 256|0x0000000090000000, 0x0000000090000000, 0x0000000090100000|  0%| F|  |TAMS 0x0000000090000000, 0x0000000090000000| Untracked 
| 257|0x0000000090100000, 0x0000000090100000, 0x0000000090200000|  0%| F|  |TAMS 0x0000000090100000, 0x0000000090100000| Untracked 
| 258|0x0000000090200000, 0x0000000090200000, 0x0000000090300000|  0%| F|  |TAMS 0x0000000090200000, 0x0000000090200000| Untracked 
| 259|0x0000000090300000, 0x0000000090300000, 0x0000000090400000|  0%| F|  |TAMS 0x0000000090300000, 0x0000000090300000| Untracked 
| 260|0x0000000090400000, 0x0000000090400000, 0x0000000090500000|  0%| F|  |TAMS 0x0000000090400000, 0x0000000090400000| Untracked 
| 261|0x0000000090500000, 0x0000000090500000, 0x0000000090600000|  0%| F|  |TAMS 0x0000000090500000, 0x0000000090500000| Untracked 
| 262|0x0000000090600000, 0x0000000090600000, 0x0000000090700000|  0%| F|  |TAMS 0x0000000090600000, 0x0000000090600000| Untracked 
| 263|0x0000000090700000, 0x0000000090700000, 0x0000000090800000|  0%| F|  |TAMS 0x0000000090700000, 0x0000000090700000| Untracked 
| 264|0x0000000090800000, 0x0000000090800000, 0x0000000090900000|  0%| F|  |TAMS 0x0000000090800000, 0x0000000090800000| Untracked 
| 265|0x0000000090900000, 0x0000000090900000, 0x0000000090a00000|  0%| F|  |TAMS 0x0000000090900000, 0x0000000090900000| Untracked 
| 266|0x0000000090a00000, 0x0000000090a00000, 0x0000000090b00000|  0%| F|  |TAMS 0x0000000090a00000, 0x0000000090a00000| Untracked 
| 267|0x0000000090b00000, 0x0000000090b00000, 0x0000000090c00000|  0%| F|  |TAMS 0x0000000090b00000, 0x0000000090b00000| Untracked 
| 268|0x0000000090c00000, 0x0000000090c00000, 0x0000000090d00000|  0%| F|  |TAMS 0x0000000090c00000, 0x0000000090c00000| Untracked 
| 269|0x0000000090d00000, 0x0000000090d00000, 0x0000000090e00000|  0%| F|  |TAMS 0x0000000090d00000, 0x0000000090d00000| Untracked 
| 270|0x0000000090e00000, 0x0000000090e00000, 0x0000000090f00000|  0%| F|  |TAMS 0x0000000090e00000, 0x0000000090e00000| Untracked 
| 271|0x0000000090f00000, 0x0000000090f00000, 0x0000000091000000|  0%| F|  |TAMS 0x0000000090f00000, 0x0000000090f00000| Untracked 
| 272|0x0000000091000000, 0x0000000091000000, 0x0000000091100000|  0%| F|  |TAMS 0x0000000091000000, 0x0000000091000000| Untracked 
| 273|0x0000000091100000, 0x0000000091100000, 0x0000000091200000|  0%| F|  |TAMS 0x0000000091100000, 0x0000000091100000| Untracked 
| 274|0x0000000091200000, 0x0000000091200000, 0x0000000091300000|  0%| F|  |TAMS 0x0000000091200000, 0x0000000091200000| Untracked 
| 275|0x0000000091300000, 0x0000000091300000, 0x0000000091400000|  0%| F|  |TAMS 0x0000000091300000, 0x0000000091300000| Untracked 
| 276|0x0000000091400000, 0x0000000091400000, 0x0000000091500000|  0%| F|  |TAMS 0x0000000091400000, 0x0000000091400000| Untracked 

Card table byte_map: [0x00000196f3d80000,0x00000196f4180000] _byte_map_base: 0x00000196f3980000

Marking Bits (Prev, Next): (CMBitMap*) 0x00000196da461c10, (CMBitMap*) 0x00000196da461bd8
 Prev Bits: [0x00000196f6580000, 0x00000196f8580000)
 Next Bits: [0x00000196f4580000, 0x00000196f6580000)

Polling page: 0x00000196da500000

Metaspace:

Usage:
  Non-class:     95.06 MB capacity,    93.09 MB ( 98%) used,     1.62 MB (  2%) free+waste,   353.63 KB ( <1%) overhead. 
      Class:     15.15 MB capacity,    13.89 MB ( 92%) used,     1.09 MB (  7%) free+waste,   164.00 KB (  1%) overhead. 
       Both:    110.21 MB capacity,   106.99 MB ( 97%) used,     2.72 MB (  2%) free+waste,   517.63 KB ( <1%) overhead. 

Virtual space:
  Non-class space:       96.00 MB reserved,      95.12 MB (>99%) committed 
      Class space:      504.00 MB reserved,      15.32 MB (  3%) committed 
             Both:      600.00 MB reserved,     110.45 MB ( 18%) committed 

Chunk freelists:
   Non-Class:  60.00 KB
       Class:  74.00 KB
        Both:  134.00 KB

MaxMetaspaceSize: 512.00 MB
CompressedClassSpaceSize: 504.00 MB
Initial GC threshold: 20.80 MB
Current GC threshold: 183.04 MB
CDS: off

CodeHeap 'non-profiled nmethods': size=120064Kb used=7776Kb max_used=7776Kb free=112287Kb
 bounds [0x00000196ebe10000, 0x00000196ec5b0000, 0x00000196f3350000]
CodeHeap 'profiled nmethods': size=120000Kb used=32770Kb max_used=32770Kb free=87229Kb
 bounds [0x00000196e48e0000, 0x00000196e68f0000, 0x00000196ebe10000]
CodeHeap 'non-nmethods': size=5696Kb used=2415Kb max_used=2470Kb free=3280Kb
 bounds [0x00000196e4350000, 0x00000196e45d0000, 0x00000196e48e0000]
 total_blobs=14960 nmethods=14022 adapters=849
 compilation: enabled
              stopped_count=0, restarted_count=0
 full_count=0

Compilation events (20 events):
Event: 136.809 Thread 0x00000196fb524800 nmethod 14340 0x00000196e68cfb10 code [0x00000196e68cfcc0, 0x00000196e68cfe48]
Event: 136.809 Thread 0x00000196fb524800 14342       2       com.android.tools.r8.internal.Ct::a (75 bytes)
Event: 136.809 Thread 0x00000196fb524800 nmethod 14342 0x00000196e68cff90 code [0x00000196e68d0160, 0x00000196e68d0438]
Event: 136.809 Thread 0x00000196fb524800 14343       2       com.android.tools.r8.internal.QG::a0 (38 bytes)
Event: 136.810 Thread 0x00000196fb524800 nmethod 14343 0x00000196e68d0510 code [0x00000196e68d0700, 0x00000196e68d0a08]
Event: 136.810 Thread 0x00000196fb524800 14345       2       com.android.tools.r8.internal.F7::a (232 bytes)
Event: 136.813 Thread 0x00000196fb524800 nmethod 14345 0x00000196e68d0c10 code [0x00000196e68d0f40, 0x00000196e68d1c78]
Event: 136.813 Thread 0x00000196fb524800 14348       2       com.android.tools.r8.internal.F7::a (218 bytes)
Event: 136.815 Thread 0x00000196fb524800 nmethod 14348 0x00000196e68d2610 code [0x00000196e68d2980, 0x00000196e68d3958]
Event: 136.815 Thread 0x00000196fb524800 14350       2       com.android.tools.r8.ir.regalloc.a::i (620 bytes)
Event: 136.821 Thread 0x00000196fb524800 nmethod 14350 0x00000196e68d4210 code [0x00000196e68d4840, 0x00000196e68d6d98]
Event: 136.821 Thread 0x00000196fb524800 14351       2       com.android.tools.r8.ir.regalloc.e::b (207 bytes)
Event: 136.824 Thread 0x00000196fb524800 nmethod 14351 0x00000196e68d8590 code [0x00000196e68d8880, 0x00000196e68d93b8]
Event: 136.824 Thread 0x00000196fb524800 14354       2       com.android.tools.r8.ir.regalloc.e::a (378 bytes)
Event: 136.826 Thread 0x00000196fb524800 nmethod 14354 0x00000196e68d9b10 code [0x00000196e68d9e00, 0x00000196e68da918]
Event: 136.826 Thread 0x00000196fb524800 14356       2       com.android.tools.r8.internal.vA::b (1053 bytes)
Event: 136.834 Thread 0x00000196fb524800 nmethod 14356 0x00000196e68db090 code [0x00000196e68db780, 0x00000196e68de5f8]
Event: 136.834 Thread 0x00000196fb524800 14353       2       com.android.tools.r8.ir.regalloc.e::a (63 bytes)
Event: 136.835 Thread 0x00000196fb524800 nmethod 14353 0x00000196e68e0190 code [0x00000196e68e03a0, 0x00000196e68e0768]
Event: 136.835 Thread 0x00000196fb524800 14364 %     3       com.android.tools.r8.internal.F7::j @ 57 (627 bytes)

GC Heap History (20 events):
Event: 132.247 GC heap after
{Heap after GC invocations=57 (full 0):
 garbage-first heap   total 131072K, used 110490K [0x0000000080000000, 0x0000000100000000)
  region size 1024K, 1 young (1024K), 1 survivors (1024K)
 Metaspace       used 101413K, capacity 104305K, committed 104520K, reserved 608256K
  class space    used 13058K, capacity 14180K, committed 14284K, reserved 516096K
}
Event: 132.329 GC heap before
{Heap before GC invocations=57 (full 0):
 garbage-first heap   total 131072K, used 115610K [0x0000000080000000, 0x0000000100000000)
  region size 1024K, 6 young (6144K), 1 survivors (1024K)
 Metaspace       used 101643K, capacity 104550K, committed 104776K, reserved 608256K
  class space    used 13090K, capacity 14196K, committed 14284K, reserved 516096K
}
Event: 132.334 GC heap after
{Heap after GC invocations=58 (full 0):
 garbage-first heap   total 131072K, used 111902K [0x0000000080000000, 0x0000000100000000)
  region size 1024K, 1 young (1024K), 1 survivors (1024K)
 Metaspace       used 101643K, capacity 104550K, committed 104776K, reserved 608256K
  class space    used 13090K, capacity 14196K, committed 14284K, reserved 516096K
}
Event: 132.446 GC heap before
{Heap before GC invocations=58 (full 0):
 garbage-first heap   total 131072K, used 117022K [0x0000000080000000, 0x0000000100000000)
  region size 1024K, 6 young (6144K), 1 survivors (1024K)
 Metaspace       used 101675K, capacity 104564K, committed 104776K, reserved 608256K
  class space    used 13095K, capacity 14202K, committed 14284K, reserved 516096K
}
Event: 132.453 GC heap after
{Heap after GC invocations=59 (full 0):
 garbage-first heap   total 157696K, used 113193K [0x0000000080000000, 0x0000000100000000)
  region size 1024K, 1 young (1024K), 1 survivors (1024K)
 Metaspace       used 101675K, capacity 104564K, committed 104776K, reserved 608256K
  class space    used 13095K, capacity 14202K, committed 14284K, reserved 516096K
}
Event: 132.611 GC heap before
{Heap before GC invocations=59 (full 0):
 garbage-first heap   total 157696K, used 126505K [0x0000000080000000, 0x0000000100000000)
  region size 1024K, 14 young (14336K), 1 survivors (1024K)
 Metaspace       used 101697K, capacity 104570K, committed 104776K, reserved 608256K
  class space    used 13096K, capacity 14203K, committed 14284K, reserved 516096K
}
Event: 132.622 GC heap after
{Heap after GC invocations=60 (full 0):
 garbage-first heap   total 157696K, used 117399K [0x0000000080000000, 0x0000000100000000)
  region size 1024K, 2 young (2048K), 2 survivors (2048K)
 Metaspace       used 101697K, capacity 104570K, committed 104776K, reserved 608256K
  class space    used 13096K, capacity 14203K, committed 14284K, reserved 516096K
}
Event: 132.710 GC heap before
{Heap before GC invocations=60 (full 0):
 garbage-first heap   total 157696K, used 127639K [0x0000000080000000, 0x0000000100000000)
  region size 1024K, 13 young (13312K), 2 survivors (2048K)
 Metaspace       used 101855K, capacity 104806K, committed 105032K, reserved 608256K
  class space    used 13129K, capacity 14264K, committed 14284K, reserved 516096K
}
Event: 132.726 GC heap after
{Heap after GC invocations=61 (full 0):
 garbage-first heap   total 157696K, used 120021K [0x0000000080000000, 0x0000000100000000)
  region size 1024K, 2 young (2048K), 2 survivors (2048K)
 Metaspace       used 101855K, capacity 104806K, committed 105032K, reserved 608256K
  class space    used 13129K, capacity 14264K, committed 14284K, reserved 516096K
}
Event: 132.800 GC heap before
{Heap before GC invocations=62 (full 0):
 garbage-first heap   total 157696K, used 129237K [0x0000000080000000, 0x0000000100000000)
  region size 1024K, 12 young (12288K), 2 survivors (2048K)
 Metaspace       used 102195K, capacity 105152K, committed 105416K, reserved 608256K
  class space    used 13174K, capacity 14315K, committed 14412K, reserved 516096K
}
Event: 132.810 GC heap after
{Heap after GC invocations=63 (full 0):
 garbage-first heap   total 157696K, used 122421K [0x0000000080000000, 0x0000000100000000)
  region size 1024K, 2 young (2048K), 2 survivors (2048K)
 Metaspace       used 102195K, capacity 105152K, committed 105416K, reserved 608256K
  class space    used 13174K, capacity 14315K, committed 14412K, reserved 516096K
}
Event: 132.901 GC heap before
{Heap before GC invocations=63 (full 0):
 garbage-first heap   total 157696K, used 131637K [0x0000000080000000, 0x0000000100000000)
  region size 1024K, 11 young (11264K), 2 survivors (2048K)
 Metaspace       used 102934K, capacity 105899K, committed 106056K, reserved 608256K
  class space    used 13266K, capacity 14413K, committed 14540K, reserved 516096K
}
Event: 132.925 GC heap after
{Heap after GC invocations=64 (full 0):
 garbage-first heap   total 283648K, used 124751K [0x0000000080000000, 0x0000000100000000)
  region size 1024K, 2 young (2048K), 2 survivors (2048K)
 Metaspace       used 102934K, capacity 105899K, committed 106056K, reserved 608256K
  class space    used 13266K, capacity 14413K, committed 14540K, reserved 516096K
}
Event: 133.630 GC heap before
{Heap before GC invocations=65 (full 0):
 garbage-first heap   total 283648K, used 172879K [0x0000000080000000, 0x0000000100000000)
  region size 1024K, 49 young (50176K), 2 survivors (2048K)
 Metaspace       used 104210K, capacity 107244K, committed 107592K, reserved 610304K
  class space    used 13473K, capacity 14679K, committed 14796K, reserved 516096K
}
Event: 133.654 GC heap after
{Heap after GC invocations=66 (full 0):
 garbage-first heap   total 283648K, used 132725K [0x0000000080000000, 0x0000000100000000)
  region size 1024K, 7 young (7168K), 7 survivors (7168K)
 Metaspace       used 104210K, capacity 107244K, committed 107592K, reserved 610304K
  class space    used 13473K, capacity 14679K, committed 14796K, reserved 516096K
}
Event: 134.107 GC heap before
{Heap before GC invocations=66 (full 0):
 garbage-first heap   total 283648K, used 181877K [0x0000000080000000, 0x0000000100000000)
  region size 1024K, 55 young (56320K), 7 survivors (7168K)
 Metaspace       used 105019K, capacity 108096K, committed 108232K, reserved 610304K
  class space    used 13619K, capacity 14834K, committed 14924K, reserved 516096K
}
Event: 134.148 GC heap after
{Heap after GC invocations=67 (full 0):
 garbage-first heap   total 283648K, used 140539K [0x0000000080000000, 0x0000000100000000)
  region size 1024K, 7 young (7168K), 7 survivors (7168K)
 Metaspace       used 105019K, capacity 108096K, committed 108232K, reserved 610304K
  class space    used 13619K, capacity 14834K, committed 14924K, reserved 516096K
}
Event: 135.392 GC heap before
{Heap before GC invocations=67 (full 0):
 garbage-first heap   total 283648K, used 189691K [0x0000000080000000, 0x0000000100000000)
  region size 1024K, 56 young (57344K), 7 survivors (7168K)
 Metaspace       used 108428K, capacity 111780K, committed 111944K, reserved 614400K
  class space    used 14159K, capacity 15488K, committed 15564K, reserved 516096K
}
Event: 135.485 GC heap after
{Heap after GC invocations=68 (full 0):
 garbage-first heap   total 283648K, used 144320K [0x0000000080000000, 0x0000000100000000)
  region size 1024K, 4 young (4096K), 4 survivors (4096K)
 Metaspace       used 108428K, capacity 111780K, committed 111944K, reserved 614400K
  class space    used 14159K, capacity 15488K, committed 15564K, reserved 516096K
}
Event: 136.843 GC heap before
{Heap before GC invocations=69 (full 0):
 garbage-first heap   total 283648K, used 196544K [0x0000000080000000, 0x0000000100000000)
  region size 1024K, 56 young (57344K), 4 survivors (4096K)
 Metaspace       used 109554K, capacity 112854K, committed 113096K, reserved 614400K
  class space    used 14226K, capacity 15510K, committed 15692K, reserved 516096K
}

Deoptimization events (20 events):
Event: 136.593 Thread 0x000001969f97c800 DEOPT PACKING pc=0x00000196e66ae6e5 sp=0x00000001038f8ae0
Event: 136.593 Thread 0x000001969f97c800 DEOPT UNPACKING pc=0x00000196e439a95e sp=0x00000001038f8000 mode 0
Event: 136.625 Thread 0x000001969f97c800 DEOPT PACKING pc=0x00000196e679d952 sp=0x00000001038f9ba0
Event: 136.625 Thread 0x000001969f97c800 DEOPT UNPACKING pc=0x00000196e439a95e sp=0x00000001038f9378 mode 0
Event: 136.639 Thread 0x000001969f97c800 DEOPT PACKING pc=0x00000196e67f95ce sp=0x00000001038f9f10
Event: 136.639 Thread 0x000001969f97c800 DEOPT UNPACKING pc=0x00000196e439a95e sp=0x00000001038f9388 mode 0
Event: 136.658 Thread 0x00000196a21f7800 Uncommon trap: trap_request=0xffffff4d fr.pc=0x00000196ec1434c0 relative=0x00000000000006c0
Event: 136.659 Thread 0x00000196a21f7800 Uncommon trap: reason=unstable_if action=reinterpret pc=0x00000196ec1434c0 method=java.util.HashMap$HashIterator.<init>(Ljava/util/HashMap;)V @ 45 c2
Event: 136.659 Thread 0x00000196a21f7800 DEOPT PACKING pc=0x00000196ec1434c0 sp=0x0000000104df98f0
Event: 136.659 Thread 0x00000196a21f7800 DEOPT UNPACKING pc=0x00000196e439a1af sp=0x0000000104df9778 mode 2
Event: 136.659 Thread 0x00000196a21f7800 Uncommon trap: trap_request=0xffffff4d fr.pc=0x00000196ec0eee84 relative=0x0000000000000364
Event: 136.659 Thread 0x00000196a21f7800 Uncommon trap: reason=unstable_if action=reinterpret pc=0x00000196ec0eee84 method=java.util.HashMap$HashIterator.<init>(Ljava/util/HashMap;)V @ 45 c2
Event: 136.659 Thread 0x00000196a21f7800 DEOPT PACKING pc=0x00000196ec0eee84 sp=0x0000000104df9820
Event: 136.659 Thread 0x00000196a21f7800 DEOPT UNPACKING pc=0x00000196e439a1af sp=0x0000000104df97d8 mode 2
Event: 136.796 Thread 0x000001969f97c800 DEOPT PACKING pc=0x00000196e67f95ce sp=0x00000001038f9500
Event: 136.796 Thread 0x000001969f97c800 DEOPT UNPACKING pc=0x00000196e439a95e sp=0x00000001038f8978 mode 0
Event: 136.838 Thread 0x000001969f97b000 Uncommon trap: trap_request=0xffffff4d fr.pc=0x00000196ec5a3998 relative=0x0000000000000258
Event: 136.838 Thread 0x000001969f97b000 Uncommon trap: reason=unstable_if action=reinterpret pc=0x00000196ec5a3998 method=com.android.tools.r8.graph.c0.a(Lcom/android/tools/r8/graph/c0;)I @ 39 c2
Event: 136.838 Thread 0x000001969f97b000 DEOPT PACKING pc=0x00000196ec5a3998 sp=0x0000000103afaa50
Event: 136.838 Thread 0x000001969f97b000 DEOPT UNPACKING pc=0x00000196e439a1af sp=0x0000000103afa9e0 mode 2

Classes redefined (0 events):
No events

Internal exceptions (20 events):
Event: 132.670 Thread 0x000001969f97b000 Exception <a 'java/lang/NoSuchMethodError'{0x00000000893cf080}: 'java.lang.Object java.lang.invoke.DirectMethodHandle$Holder.newInvokeSpecial(java.lang.Object, int)'> (0x00000000893cf080) thrown at [./src/hotspot/share/interpreter/linkResolver.cpp, line 773]
Event: 132.680 Thread 0x000001969f97c800 Exception <a 'java/lang/IncompatibleClassChangeError'{0x00000000892471e8}: Found class java.lang.Object, but interface was expected> (0x00000000892471e8) thrown at [./src/hotspot/share/interpreter/linkResolver.cpp, line 839]
Event: 132.680 Thread 0x00000196a21f6000 Exception <a 'java/lang/IncompatibleClassChangeError'{0x0000000089273300}: Found class java.lang.Object, but interface was expected> (0x0000000089273300) thrown at [./src/hotspot/share/interpreter/linkResolver.cpp, line 839]
Event: 132.680 Thread 0x000001969f97b000 Exception <a 'java/lang/IncompatibleClassChangeError'{0x00000000892524f0}: Found class java.lang.Object, but interface was expected> (0x00000000892524f0) thrown at [./src/hotspot/share/interpreter/linkResolver.cpp, line 839]
Event: 132.691 Thread 0x00000196a21f6000 Exception <a 'java/lang/IncompatibleClassChangeError'{0x000000008919d798}: Found class java.lang.Object, but interface was expected> (0x000000008919d798) thrown at [./src/hotspot/share/interpreter/linkResolver.cpp, line 839]
Event: 132.692 Thread 0x000001969f97c800 Exception <a 'java/lang/IncompatibleClassChangeError'{0x000000008924a650}: Found class java.lang.Object, but interface was expected> (0x000000008924a650) thrown at [./src/hotspot/share/interpreter/linkResolver.cpp, line 839]
Event: 132.692 Thread 0x000001969f97b000 Exception <a 'java/lang/IncompatibleClassChangeError'{0x0000000089255958}: Found class java.lang.Object, but interface was expected> (0x0000000089255958) thrown at [./src/hotspot/share/interpreter/linkResolver.cpp, line 839]
Event: 132.775 Thread 0x00000196a21f6000 Exception <a 'java/lang/IncompatibleClassChangeError'{0x00000000893a9220}: Found class java.lang.Object, but interface was expected> (0x00000000893a9220) thrown at [./src/hotspot/share/interpreter/linkResolver.cpp, line 839]
Event: 133.277 Thread 0x00000196a21f6000 Exception <a 'java/lang/NoSuchMethodError'{0x00000000901d6600}: 'java.lang.Object java.lang.invoke.DirectMethodHandle$Holder.invokeStatic(java.lang.Object, int, java.lang.Object, java.lang.Object)'> (0x00000000901d6600) thrown at [./src/hotspot/share/interpreter/linkResolver.cpp, line 773]
Event: 134.073 Thread 0x00000196a21f6000 Exception <a 'java/lang/NoSuchMethodError'{0x000000008e903458}: 'java.lang.Object java.lang.invoke.DirectMethodHandle$Holder.invokeVirtual(java.lang.Object, java.lang.Object, int, java.lang.Object)'> (0x000000008e903458) thrown at [./src/hotspot/share/interpreter/linkResolver.cpp, line 773]
Event: 134.073 Thread 0x000001969f97c800 Exception <a 'java/lang/NoSuchMethodError'{0x000000008e921400}: 'java.lang.Object java.lang.invoke.DirectMethodHandle$Holder.invokeVirtual(java.lang.Object, java.lang.Object, int, java.lang.Object)'> (0x000000008e921400) thrown at [./src/hotspot/share/interpreter/linkResolver.cpp, line 773]
Event: 134.073 Thread 0x000001969f97b000 Exception <a 'java/lang/NoSuchMethodError'{0x000000008e94ab48}: 'java.lang.Object java.lang.invoke.DirectMethodHandle$Holder.invokeVirtual(java.lang.Object, java.lang.Object, int, java.lang.Object)'> (0x000000008e94ab48) thrown at [./src/hotspot/share/interpreter/linkResolver.cpp, line 773]
Event: 134.303 Thread 0x00000196a21f6000 Exception <a 'java/lang/NoSuchMethodError'{0x00000000912f8c08}: 'void java.lang.invoke.DirectMethodHandle$Holder.invokeVirtual(java.lang.Object, java.lang.Object, int, java.lang.Object)'> (0x00000000912f8c08) thrown at [./src/hotspot/share/interpreter/linkResolver.cpp, line 773]
Event: 134.315 Thread 0x00000196a21f7800 Exception <a 'java/lang/NoSuchMethodError'{0x00000000912805e8}: 'void java.lang.invoke.DirectMethodHandle$Holder.invokeVirtual(java.lang.Object, java.lang.Object, int, java.lang.Object)'> (0x00000000912805e8) thrown at [./src/hotspot/share/interpreter/linkResolver.cpp, line 773]
Event: 134.553 Thread 0x00000196a21f6000 Exception <a 'java/lang/NoSuchMethodError'{0x0000000090f262e8}: 'int java.lang.invoke.DirectMethodHandle$Holder.invokeSpecial(java.lang.Object, java.lang.Object, java.lang.Object, int, java.lang.Object)'> (0x0000000090f262e8) thrown at [./src/hotspot/share/interpreter/linkResolver.cpp, line 773]
Event: 136.206 Thread 0x00000196a21f6000 Exception <a 'java/lang/IncompatibleClassChangeError'{0x0000000090424f28}: Found class java.lang.Object, but interface was expected> (0x0000000090424f28) thrown at [./src/hotspot/share/interpreter/linkResolver.cpp, line 839]
Event: 136.584 Thread 0x00000196a21f6000 Exception <a 'java/lang/NoSuchMethodError'{0x000000008f7e8408}: 'void java.lang.invoke.DirectMethodHandle$Holder.invokeSpecial(java.lang.Object, java.lang.Object, int, java.lang.Object, java.lang.Object, java.lang.Object, java.lang.Object)'> (0x000000008f7e8408) thrown at [./src/hotspot/share/interpreter/linkResolver.cpp, line 773]
Event: 136.585 Thread 0x00000196a21f6000 Exception <a 'java/lang/NoSuchMethodError'{0x000000008f5713b8}: 'java.lang.Object java.lang.invoke.Invokers$Holder.linkToTargetMethod(java.lang.Object, int, java.lang.Object, java.lang.Object, java.lang.Object, java.lang.Object)'> (0x000000008f5713b8) thrown at [./src/hotspot/share/interpreter/linkResolver.cpp, line 773]
Event: 136.586 Thread 0x00000196a21f6000 Exception <a 'java/lang/NoSuchMethodError'{0x000000008f575868}: 'void java.lang.invoke.DirectMethodHandle$Holder.invokeSpecial(java.lang.Object, java.lang.Object, java.lang.Object, java.lang.Object, java.lang.Object, java.lang.Object, java.lang.Object, java.lang.Object, java.lang.Object)'> (0x000000008f575868) thrown at [./src/hotspot/share/interpreter/linkResolver.cpp, line 773]
Event: 136.661 Thread 0x00000196a21f6000 Exception <a 'java/lang/NoSuchMethodError'{0x000000008f001350}: 'void java.lang.invoke.DirectMethodHandle$Holder.invokeStatic(java.lang.Object, java.lang.Object, java.lang.Object, java.lang.Object, java.lang.Object, java.lang.Object, java.lang.Object, java.lang.Object)'> (0x000000008f001350) thrown at [./src/hotspot/share/interpreter/linkResolver.cpp, line 773]

Events (20 events):
Event: 136.833 loading class com/android/tools/r8/code/R0 done
Event: 136.835 loading class com/android/tools/r8/graph/G
Event: 136.835 loading class com/android/tools/r8/graph/G done
Event: 136.835 loading class com/android/tools/r8/graph/G
Event: 136.835 loading class com/android/tools/r8/graph/G done
Event: 136.835 loading class com/android/tools/r8/graph/G
Event: 136.835 loading class com/android/tools/r8/graph/G done
Event: 136.835 loading class com/android/tools/r8/graph/G
Event: 136.835 loading class com/android/tools/r8/graph/G done
Event: 136.835 loading class com/android/tools/r8/graph/G$h
Event: 136.835 loading class com/android/tools/r8/graph/G$h done
Event: 136.837 loading class com/android/tools/r8/graph/v0$d
Event: 136.837 loading class com/android/tools/r8/graph/v0$d done
Event: 136.837 loading class com/android/tools/r8/graph/v0$d
Event: 136.837 loading class com/android/tools/r8/graph/v0$d done
Event: 136.837 loading class com/android/tools/r8/graph/v0$f
Event: 136.837 loading class com/android/tools/r8/graph/v0$f done
Event: 136.837 loading class com/android/tools/r8/graph/v0$f
Event: 136.837 loading class com/android/tools/r8/graph/v0$f done
Event: 136.842 Executing VM operation: G1CollectForAllocation


Dynamic libraries:
0x00007ff70e300000 - 0x00007ff70e30d000 	C:\Program Files\OpenJDK\openjdk-11.0.15_10\bin\java.exe
0x00007ff9caeb0000 - 0x00007ff9cb0a7000 	C:\WINDOWS\SYSTEM32\ntdll.dll
0x00007ff9cac10000 - 0x00007ff9caccd000 	C:\WINDOWS\System32\KERNEL32.DLL
0x00007ff9c8810000 - 0x00007ff9c8add000 	C:\WINDOWS\System32\KERNELBASE.dll
0x00007ff9c8c80000 - 0x00007ff9c8d80000 	C:\WINDOWS\System32\ucrtbase.dll
0x00007ff9a5610000 - 0x00007ff9a5628000 	C:\Program Files\OpenJDK\openjdk-11.0.15_10\bin\jli.dll
0x00007ff9a56f0000 - 0x00007ff9a5706000 	C:\Program Files\OpenJDK\openjdk-11.0.15_10\bin\VCRUNTIME140.dll
0x00007ff9c9d10000 - 0x00007ff9c9eb0000 	C:\WINDOWS\System32\USER32.dll
0x00007ff9b8a90000 - 0x00007ff9b8d2a000 	C:\WINDOWS\WinSxS\amd64_microsoft.windows.common-controls_6595b64144ccf1df_6.0.19041.1110_none_60b5254171f9507e\COMCTL32.dll
0x00007ff9c8680000 - 0x00007ff9c86a2000 	C:\WINDOWS\System32\win32u.dll
0x00007ff9ca2f0000 - 0x00007ff9ca38e000 	C:\WINDOWS\System32\msvcrt.dll
0x00007ff9ca2c0000 - 0x00007ff9ca2ea000 	C:\WINDOWS\System32\GDI32.dll
0x00007ff9c8ae0000 - 0x00007ff9c8beb000 	C:\WINDOWS\System32\gdi32full.dll
0x00007ff9c8720000 - 0x00007ff9c87bd000 	C:\WINDOWS\System32\msvcp_win.dll
0x00007ff9c8f10000 - 0x00007ff9c8f40000 	C:\WINDOWS\System32\IMM32.DLL
0x00007ff989b40000 - 0x00007ff989bea000 	C:\Program Files\OpenJDK\openjdk-11.0.15_10\bin\msvcp140.dll
0x00007ff978240000 - 0x00007ff978d91000 	C:\Program Files\OpenJDK\openjdk-11.0.15_10\bin\server\jvm.dll
0x00007ff9c9560000 - 0x00007ff9c960e000 	C:\WINDOWS\System32\ADVAPI32.dll
0x00007ff9ca080000 - 0x00007ff9ca11c000 	C:\WINDOWS\System32\sechost.dll
0x00007ff9c9b30000 - 0x00007ff9c9c55000 	C:\WINDOWS\System32\RPCRT4.dll
0x00007ff9c9f10000 - 0x00007ff9c9f18000 	C:\WINDOWS\System32\PSAPI.DLL
0x00007ff9c02a0000 - 0x00007ff9c02a9000 	C:\WINDOWS\SYSTEM32\WSOCK32.dll
0x00007ff9cacd0000 - 0x00007ff9cad3b000 	C:\WINDOWS\System32\WS2_32.dll
0x00007ff9bf190000 - 0x00007ff9bf19a000 	C:\WINDOWS\SYSTEM32\VERSION.dll
0x00007ff9bb4b0000 - 0x00007ff9bb4d7000 	C:\WINDOWS\SYSTEM32\WINMM.dll
0x00007ff9c6eb0000 - 0x00007ff9c6ec2000 	C:\WINDOWS\SYSTEM32\kernel.appcore.dll
0x00007ff9a51a0000 - 0x00007ff9a51b1000 	C:\Program Files\OpenJDK\openjdk-11.0.15_10\bin\verify.dll
0x00007ff9c6b70000 - 0x00007ff9c6d54000 	C:\WINDOWS\SYSTEM32\DBGHELP.DLL
0x00007ff9c25c0000 - 0x00007ff9c25ec000 	C:\WINDOWS\SYSTEM32\dbgcore.DLL
0x00007ff9c8bf0000 - 0x00007ff9c8c72000 	C:\WINDOWS\System32\bcryptPrimitives.dll
0x00007ff9a5170000 - 0x00007ff9a5199000 	C:\Program Files\OpenJDK\openjdk-11.0.15_10\bin\java.dll
0x00007ff9a9a10000 - 0x00007ff9a9a1a000 	C:\Program Files\OpenJDK\openjdk-11.0.15_10\bin\jimage.dll
0x00007ff9a3bf0000 - 0x00007ff9a3c08000 	C:\Program Files\OpenJDK\openjdk-11.0.15_10\bin\zip.dll
0x00007ff9ca440000 - 0x00007ff9cab84000 	C:\WINDOWS\System32\SHELL32.dll
0x00007ff9c63d0000 - 0x00007ff9c6b64000 	C:\WINDOWS\SYSTEM32\windows.storage.dll
0x00007ff9c9690000 - 0x00007ff9c99e4000 	C:\WINDOWS\System32\combase.dll
0x00007ff9c8030000 - 0x00007ff9c805c000 	C:\WINDOWS\SYSTEM32\Wldp.dll
0x00007ff9ca390000 - 0x00007ff9ca43d000 	C:\WINDOWS\System32\SHCORE.dll
0x00007ff9c9eb0000 - 0x00007ff9c9f05000 	C:\WINDOWS\System32\shlwapi.dll
0x00007ff9c8510000 - 0x00007ff9c852f000 	C:\WINDOWS\SYSTEM32\profapi.dll
0x00007ff9a3bd0000 - 0x00007ff9a3be9000 	C:\Program Files\OpenJDK\openjdk-11.0.15_10\bin\net.dll
0x00007ff9c00d0000 - 0x00007ff9c01da000 	C:\WINDOWS\SYSTEM32\WINHTTP.dll
0x00007ff9c7d90000 - 0x00007ff9c7dfa000 	C:\WINDOWS\system32\mswsock.dll
0x00007ff9a31a0000 - 0x00007ff9a31b3000 	C:\Program Files\OpenJDK\openjdk-11.0.15_10\bin\nio.dll
0x00007ff9a3c10000 - 0x00007ff9a3c37000 	C:\Users\Tom\.gradle\native\e1d6ef7f7dcc3fd88c89a11ec53ec762bb8ba0a96d01ffa2cd45eb1d1d8dd5c5\windows-amd64\native-platform.dll
0x00007ff97da60000 - 0x00007ff97dba4000 	C:\Users\Tom\.gradle\native\5664cfc778a61ccfe75a443a1ab52a65af34e5dc3c78e0209fed803814484fcb\windows-amd64\native-platform-file-events.dll
0x00007ff9a9a20000 - 0x00007ff9a9a29000 	C:\Program Files\OpenJDK\openjdk-11.0.15_10\bin\management.dll
0x00007ff9a6560000 - 0x00007ff9a656c000 	C:\Program Files\OpenJDK\openjdk-11.0.15_10\bin\management_ext.dll
0x00007ff9c7f80000 - 0x00007ff9c7f98000 	C:\WINDOWS\SYSTEM32\CRYPTSP.dll
0x00007ff9c7640000 - 0x00007ff9c7674000 	C:\WINDOWS\system32\rsaenh.dll
0x00007ff9c8d80000 - 0x00007ff9c8da7000 	C:\WINDOWS\System32\bcrypt.dll
0x00007ff9c8490000 - 0x00007ff9c84be000 	C:\WINDOWS\SYSTEM32\USERENV.dll
0x00007ff9c7fa0000 - 0x00007ff9c7fac000 	C:\WINDOWS\SYSTEM32\CRYPTBASE.dll
0x00007ff9c7a30000 - 0x00007ff9c7a6b000 	C:\WINDOWS\SYSTEM32\IPHLPAPI.DLL
0x00007ff9cad40000 - 0x00007ff9cad48000 	C:\WINDOWS\System32\NSI.dll
0x00007ff9c0490000 - 0x00007ff9c04a7000 	C:\WINDOWS\SYSTEM32\dhcpcsvc6.DLL
0x00007ff9c0eb0000 - 0x00007ff9c0ecd000 	C:\WINDOWS\SYSTEM32\dhcpcsvc.DLL
0x00007ff9c7ac0000 - 0x00007ff9c7b8b000 	C:\WINDOWS\SYSTEM32\DNSAPI.dll

dbghelp: loaded successfully - version: 4.0.5 - missing functions: none
symbol engine: initialized successfully - sym options: 0x614 - pdb path: .;C:\Program Files\OpenJDK\openjdk-11.0.15_10\bin;C:\WINDOWS\SYSTEM32;C:\WINDOWS\WinSxS\amd64_microsoft.windows.common-controls_6595b64144ccf1df_6.0.19041.1110_none_60b5254171f9507e;C:\Program Files\OpenJDK\openjdk-11.0.15_10\bin\server;C:\Users\Tom\.gradle\native\e1d6ef7f7dcc3fd88c89a11ec53ec762bb8ba0a96d01ffa2cd45eb1d1d8dd5c5\windows-amd64;C:\Users\Tom\.gradle\native\5664cfc778a61ccfe75a443a1ab52a65af34e5dc3c78e0209fed803814484fcb\windows-amd64

VM Arguments:
jvm_args: -XX:MaxMetaspaceSize=512m --add-opens=java.base/java.util=ALL-UNNAMED --add-opens=java.base/java.lang=ALL-UNNAMED --add-opens=java.base/java.lang.invoke=ALL-UNNAMED --add-opens=java.base/java.util=ALL-UNNAMED --add-opens=java.prefs/java.util.prefs=ALL-UNNAMED --add-opens=java.prefs/java.util.prefs=ALL-UNNAMED --add-opens=java.base/java.nio.charset=ALL-UNNAMED --add-opens=java.base/java.net=ALL-UNNAMED --add-opens=java.base/java.util.concurrent.atomic=ALL-UNNAMED -Xmx2048m -Dfile.encoding=windows-1252 -Duser.country=GB -Duser.language=en -Duser.variant 
java_command: org.gradle.launcher.daemon.bootstrap.GradleDaemon 7.3.3
java_class_path (initial): C:\Users\Tom\.gradle\wrapper\dists\gradle-7.3.3-all\4295vidhdd9hd3gbjyw1xqxpo\gradle-7.3.3\lib\gradle-launcher-7.3.3.jar
Launcher Type: SUN_STANDARD

[Global flags]
     intx CICompilerCount                          = 3                                         {product} {ergonomic}
   size_t CompressedClassSpaceSize                 = 528482304                                 {product} {ergonomic}
     uint ConcGCThreads                            = 1                                         {product} {ergonomic}
     uint G1ConcRefinementThreads                  = 4                                         {product} {ergonomic}
   size_t G1HeapRegionSize                         = 1048576                                   {product} {ergonomic}
    uintx GCDrainStackTargetSize                   = 64                                        {product} {ergonomic}
   size_t InitialHeapSize                          = 134217728                                 {product} {ergonomic}
   size_t MarkStackSize                            = 4194304                                   {product} {ergonomic}
   size_t MaxHeapSize                              = 2147483648                                {product} {command line}
   size_t MaxMetaspaceSize                         = 536870912                                 {product} {command line}
   size_t MaxNewSize                               = 1287651328                                {product} {ergonomic}
   size_t MinHeapDeltaBytes                        = 1048576                                   {product} {ergonomic}
    uintx NonNMethodCodeHeapSize                   = 5830732                                {pd product} {ergonomic}
    uintx NonProfiledCodeHeapSize                  = 122913754                              {pd product} {ergonomic}
    uintx ProfiledCodeHeapSize                     = 122913754                              {pd product} {ergonomic}
    uintx ReservedCodeCacheSize                    = 251658240                              {pd product} {ergonomic}
     bool SegmentedCodeCache                       = true                                      {product} {ergonomic}
     bool UseCompressedClassPointers               = true                                 {lp64_product} {ergonomic}
     bool UseCompressedOops                        = true                                 {lp64_product} {ergonomic}
     bool UseG1GC                                  = true                                      {product} {ergonomic}
     bool UseLargePagesIndividualAllocation        = false                                  {pd product} {ergonomic}

Logging:
Log output configuration:
 #0: stdout all=warning uptime,level,tags
 #1: stderr all=off uptime,level,tags

Environment Variables:
JAVA_HOME=C:\Program Files\OpenJDK\openjdk-11.0.15_10
CLASSPATH=C:\Users\Tom\Documents\Programmation\React Native\projectRNcli\android\\gradle\wrapper\gradle-wrapper.jar
PATH=C:\Users\Tom\Documents\Programmation\React Native\projectRNcli\android\node_modules\.bin;C:\Users\Tom\Documents\Programmation\React Native\projectRNcli\node_modules\.bin;C:\Users\Tom\Documents\Programmation\React Native\node_modules\.bin;C:\Users\Tom\Documents\Programmation\node_modules\.bin;C:\Users\Tom\Documents\node_modules\.bin;C:\Users\Tom\node_modules\.bin;C:\Users\node_modules\.bin;C:\node_modules\.bin;C:\Program Files\nodejs;C:\Users\Tom\Documents\Programmation\React Native\projectRNcli\node_modules\.bin;C:\Users\Tom\Documents\Programmation\React Native\node_modules\.bin;C:\Users\Tom\Documents\Programmation\node_modules\.bin;C:\Users\Tom\Documents\node_modules\.bin;C:\Users\Tom\node_modules\.bin;C:\Users\node_modules\.bin;C:\node_modules\.bin;C:\Program Files\nodejs\node_modules\npm\node_modules\@npmcli\run-script\lib\node-gyp-bin;C:\Python310\Scripts\;C:\Python310\;C:\Program Files\Common Files\Oracle\Java\javapath;C:\Program Files (x86)\Intel\Intel(R) Management Engine Components\iCLS\;C:\Program Files\Intel\Intel(R) Management Engine Components\iCLS\;C:\windows\system32;C:\windows;C:\windows\System32\Wbem;C:\windows\System32\WindowsPowerShell\v1.0\;C:\Program Files (x86)\Intel\Intel(R) Management Engine Components\DAL;C:\Program Files\Intel\Intel(R) Management Engine Components\DAL;C:\Program Files (x86)\Intel\Intel(R) Management Engine Components\IPT;C:\Program Files\Intel\Intel(R) Management Engine Components\IPT;C:\Program Files (x86)\NVIDIA Corporation\PhysX\Common;C:\WINDOWS\system32;C:\WINDOWS;C:\WINDOWS\System32\Wbem;C:\WINDOWS\System32\WindowsPowerShell\v1.0\;C:\WINDOWS\System32\OpenSSH\;C:\Program Files\Microchip\xc8\v2.36\bin;C:\ProgramData\chocolatey\bin;C:\Program Files\OpenJDK\openjdk-11.0.15_10\bin;C:\Program Files\nodejs\;C:\Users\Tom\AppData\Local\Microsoft\WindowsApps;C:\Users\Tom\AppData\Local\Programs\Microsoft VS Code\bin;C:\Users\Tom\AppData\Local\Android\Sdk\platform-tools;C:\Users\Tom\AppData\Roaming\npm;C:\Users\Tom\Documents\Pro
USERNAME=Tom
LANG=en_GB.UTF-8
OS=Windows_NT
PROCESSOR_IDENTIFIER=Intel64 Family 6 Model 142 Stepping 10, GenuineIntel



---------------  S Y S T E M  ---------------

OS: Windows 10 , 64 bit Build 19041 (10.0.19041.1741)
OS uptime: 0 days 4:59 hours

CPU:total 4 (initial active 4) (2 cores per cpu, 2 threads per core) family 6 model 142 stepping 10 microcode 0xb4, cmov, cx8, fxsr, mmx, sse, sse2, sse3, ssse3, sse4.1, sse4.2, popcnt, avx, avx2, aes, clmul, erms, 3dnowpref, lzcnt, ht, tsc, tscinvbit, bmi1, bmi2, adx, fma

Memory: 4k page, system-wide physical 8107M (256M free)
TotalPageFile size 8107M (AvailPageFile size 59M)
current process WorkingSet (physical memory assigned to process): 465M, peak: 470M
current process commit charge ("private bytes"): 635M, peak: 996M

vm_info: OpenJDK 64-Bit Server VM (11.0.15+10) for windows-amd64 JRE (11.0.15+10), built on Apr 21 2022 21:29:46 by "tester" with MS VC++ 15.5 (VS2017)

END.
