#
# There is insufficient memory for the Java Runtime Environment to continue.
# Native memory allocation (malloc) failed to allocate 1068736 bytes for Chunk::new
# Possible reasons:
#   The system is out of physical RAM or swap space
#   The process is running with CompressedOops enabled, and the Java Heap may be blocking the growth of the native heap
# Possible solutions:
#   Reduce memory load on the system
#   Increase physical memory or swap space
#   Check if swap backing store is full
#   Decrease Java heap size (-Xmx/-Xms)
#   Decrease number of Java threads
#   Decrease Java thread stack sizes (-Xss)
#   Set larger code cache with -XX:ReservedCodeCacheSize=
#   JVM is running with Unscaled Compressed Oops mode in which the Java heap is
#     placed in the first 4GB address space. The Java Heap base address is the
#     maximum limit for the native heap growth. Please use -XX:HeapBaseMinAddress
#     to set the Java Heap base and to place the Java Heap above 4GB virtual address.
# This output file may be truncated or incomplete.
#
#  Out of Memory Error (./src/hotspot/share/memory/arena.cpp:197), pid=9596, tid=1188
#
# JRE version: OpenJDK Runtime Environment 18.9 (11.0.15+10) (build 11.0.15+10)
# Java VM: OpenJDK 64-Bit Server VM 18.9 (11.0.15+10, mixed mode, tiered, compressed oops, g1 gc, windows-amd64)
# No core dump will be written. Minidumps are not enabled by default on client versions of Windows
#

---------------  S U M M A R Y ------------

Command Line: -XX:MaxMetaspaceSize=512m --add-opens=java.base/java.util=ALL-UNNAMED --add-opens=java.base/java.lang=ALL-UNNAMED --add-opens=java.base/java.lang.invoke=ALL-UNNAMED --add-opens=java.base/java.util=ALL-UNNAMED --add-opens=java.prefs/java.util.prefs=ALL-UNNAMED --add-opens=java.prefs/java.util.prefs=ALL-UNNAMED --add-opens=java.base/java.nio.charset=ALL-UNNAMED --add-opens=java.base/java.net=ALL-UNNAMED --add-opens=java.base/java.util.concurrent.atomic=ALL-UNNAMED -Xmx2048m -Dfile.encoding=windows-1252 -Duser.country=GB -Duser.language=en -Duser.variant org.gradle.launcher.daemon.bootstrap.GradleDaemon 7.3.3

Host: Intel(R) Core(TM) i3-7020U CPU @ 2.30GHz, 4 cores, 7G,  Windows 10 , 64 bit Build 19041 (10.0.19041.1741)
Time: Sun Jul  3 17:25:47 2022 Romance Summer Time elapsed time: 66.268793 seconds (0d 0h 1m 6s)

---------------  T H R E A D  ---------------

Current thread (0x000001b6c6072800):  JavaThread "C2 CompilerThread0" daemon [_thread_in_native, id=1188, stack(0x00000077ad100000,0x00000077ad200000)]


Current CompileTask:
C2:  66268 14545   !   4       com.android.tools.r8.internal.v6::b (116 bytes)

Stack: [0x00000077ad100000,0x00000077ad200000]
Native frames: (J=compiled Java code, j=interpreted, Vv=VM code, C=native code)
V  [jvm.dll+0x64dd3a]
V  [jvm.dll+0x7906c9]
V  [jvm.dll+0x791d9c]
V  [jvm.dll+0x792463]
V  [jvm.dll+0x265048]
V  [jvm.dll+0xc9da1]
V  [jvm.dll+0xca35c]
V  [jvm.dll+0x2d81f4]
V  [jvm.dll+0x55a6c6]
V  [jvm.dll+0x226553]
V  [jvm.dll+0x22012a]
V  [jvm.dll+0x21d138]
V  [jvm.dll+0x19dd21]
V  [jvm.dll+0x22cc80]
V  [jvm.dll+0x22af81]
V  [jvm.dll+0x75254c]
V  [jvm.dll+0x74b12d]
V  [jvm.dll+0x64c8a6]
C  [ucrtbase.dll+0x21bb2]
C  [KERNEL32.DLL+0x17034]
C  [ntdll.dll+0x52651]


---------------  P R O C E S S  ---------------

Threads class SMR info:
_java_thread_list=0x000001b6ce5da8d0, length=88, elements={
0x000001b6a5893800, 0x000001b6c6055000, 0x000001b6c604f800, 0x000001b6c606c800,
0x000001b6c6070800, 0x000001b6c6071800, 0x000001b6c6072800, 0x000001b6c6074800,
0x000001b6c608c000, 0x000001b6c6b28800, 0x000001b6c76c2800, 0x000001b6c6d97000,
0x000001b6c7863000, 0x000001b6c8221800, 0x000001b6c7fb0800, 0x000001b6c7f63000,
0x000001b6c84d9800, 0x000001b6c9160000, 0x000001b6c8f38000, 0x000001b6c7d1c800,
0x000001b6c7725800, 0x000001b6c7726800, 0x000001b6c7720800, 0x000001b6c7724800,
0x000001b6c7727000, 0x000001b6c7721800, 0x000001b6c7722800, 0x000001b6c7723000,
0x000001b6c7724000, 0x000001b6ca235800, 0x000001b6ca234800, 0x000001b6ca233800,
0x000001b6ca236000, 0x000001b6ca231800, 0x000001b6ca238000, 0x000001b6ca232000,
0x000001b6ca238800, 0x000001b6ca233000, 0x000001b6ca23a800, 0x000001b6ca23f000,
0x000001b6ca23c800, 0x000001b6ca239800, 0x000001b6ca23b000, 0x000001b6ca23c000,
0x000001b6ca23d800, 0x000001b6ca23e800, 0x000001b6ca240000, 0x000001b6c9531000,
0x000001b6c9535000, 0x000001b6c9531800, 0x000001b6c952f800, 0x000001b6c9530000,
0x000001b6c9537800, 0x000001b6c9536800, 0x000001b6c9538800, 0x000001b6c9532800,
0x000001b6c9539000, 0x000001b6c9533800, 0x000001b6c953a000, 0x000001b6c9536000,
0x000001b6c9534000, 0x000001b6c953a800, 0x000001b6c953b800, 0x000001b6c953c800,
0x000001b6c953d000, 0x000001b6c953e000, 0x000001b6cc81f800, 0x000001b6cc823000,
0x000001b6cc823800, 0x000001b6cc820800, 0x000001b6cc821800, 0x000001b6cc824800,
0x000001b6cc822000, 0x000001b6cc81f000, 0x000001b6cc82b000, 0x000001b6cc827000,
0x000001b6cc829800, 0x000001b6cc82c000, 0x000001b6cc826000, 0x000001b6cc828800,
0x000001b6cc82c800, 0x000001b6cc82d800, 0x000001b6c9d65000, 0x000001b6cef1f800,
0x000001b6c9d64800, 0x000001b6c9d63800, 0x000001b6c9d62800, 0x000001b6c9d61000
}

Java Threads: ( => current thread )
  0x000001b6a5893800 JavaThread "main" [_thread_blocked, id=16968, stack(0x00000077ac500000,0x00000077ac600000)]
  0x000001b6c6055000 JavaThread "Reference Handler" daemon [_thread_blocked, id=8360, stack(0x00000077acc00000,0x00000077acd00000)]
  0x000001b6c604f800 JavaThread "Finalizer" daemon [_thread_blocked, id=13380, stack(0x00000077acd00000,0x00000077ace00000)]
  0x000001b6c606c800 JavaThread "Signal Dispatcher" daemon [_thread_blocked, id=10344, stack(0x00000077ace00000,0x00000077acf00000)]
  0x000001b6c6070800 JavaThread "Attach Listener" daemon [_thread_blocked, id=10500, stack(0x00000077acf00000,0x00000077ad000000)]
  0x000001b6c6071800 JavaThread "Service Thread" daemon [_thread_blocked, id=10948, stack(0x00000077ad000000,0x00000077ad100000)]
=>0x000001b6c6072800 JavaThread "C2 CompilerThread0" daemon [_thread_in_native, id=1188, stack(0x00000077ad100000,0x00000077ad200000)]
  0x000001b6c6074800 JavaThread "C1 CompilerThread0" daemon [_thread_in_native, id=13924, stack(0x00000077ad200000,0x00000077ad300000)]
  0x000001b6c608c000 JavaThread "Sweeper thread" daemon [_thread_blocked, id=16032, stack(0x00000077ad300000,0x00000077ad400000)]
  0x000001b6c6b28800 JavaThread "Common-Cleaner" daemon [_thread_blocked, id=5644, stack(0x00000077ad400000,0x00000077ad500000)]
  0x000001b6c76c2800 JavaThread "Daemon health stats" [_thread_blocked, id=16776, stack(0x00000077ad900000,0x00000077ada00000)]
  0x000001b6c6d97000 JavaThread "Incoming local TCP Connector on port 50954" [_thread_in_native, id=11232, stack(0x00000077ad600000,0x00000077ad700000)]
  0x000001b6c7863000 JavaThread "Daemon periodic checks" [_thread_blocked, id=8772, stack(0x00000077ada00000,0x00000077adb00000)]
  0x000001b6c8221800 JavaThread "Daemon" [_thread_blocked, id=14440, stack(0x00000077adb00000,0x00000077adc00000)]
  0x000001b6c7fb0800 JavaThread "Handler for socket connection from /127.0.0.1:50954 to /127.0.0.1:50955" [_thread_in_native, id=11556, stack(0x00000077adc00000,0x00000077add00000)]
  0x000001b6c7f63000 JavaThread "Cancel handler" [_thread_blocked, id=5112, stack(0x00000077add00000,0x00000077ade00000)]
  0x000001b6c84d9800 JavaThread "Daemon worker" [_thread_blocked, id=8188, stack(0x00000077ade00000,0x00000077adf00000)]
  0x000001b6c9160000 JavaThread "Asynchronous log dispatcher for DefaultDaemonConnection: socket connection from /127.0.0.1:50954 to /127.0.0.1:50955" [_thread_blocked, id=14352, stack(0x00000077ae000000,0x00000077ae100000)]
  0x000001b6c8f38000 JavaThread "Stdin handler" [_thread_blocked, id=16044, stack(0x00000077ae100000,0x00000077ae200000)]
  0x000001b6c7d1c800 JavaThread "Daemon client event forwarder" [_thread_blocked, id=10060, stack(0x00000077ae200000,0x00000077ae300000)]
  0x000001b6c7725800 JavaThread "Cache worker for journal cache (C:\Users\Tom\.gradle\caches\journal-1)" [_thread_blocked, id=15632, stack(0x00000077ae300000,0x00000077ae400000)]
  0x000001b6c7726800 JavaThread "File lock request listener" [_thread_in_native, id=1864, stack(0x00000077ae400000,0x00000077ae500000)]
  0x000001b6c7720800 JavaThread "Cache worker for file hash cache (C:\Users\Tom\.gradle\caches\7.3.3\fileHashes)" [_thread_blocked, id=13280, stack(0x00000077ae500000,0x00000077ae600000)]
  0x000001b6c7724800 JavaThread "Cache worker for file hash cache (C:\Users\Tom\Documents\Programmation\React Native\projectRNcli\android\.gradle\7.3.3\fileHashes)" [_thread_blocked, id=13752, stack(0x00000077ae700000,0x00000077ae800000)]
  0x000001b6c7727000 JavaThread "File watcher server" daemon [_thread_in_native, id=5480, stack(0x00000077ae600000,0x00000077ae700000)]
  0x000001b6c7721800 JavaThread "File watcher consumer" daemon [_thread_blocked, id=14120, stack(0x00000077ae800000,0x00000077ae900000)]
  0x000001b6c7722800 JavaThread "Cache worker for checksums cache (C:\Users\Tom\Documents\Programmation\React Native\projectRNcli\android\.gradle\7.3.3\checksums)" [_thread_blocked, id=16700, stack(0x00000077ae900000,0x00000077aea00000)]
  0x000001b6c7723000 JavaThread "Cache worker for cache directory md-supplier (C:\Users\Tom\.gradle\caches\7.3.3\md-supplier)" [_thread_blocked, id=5460, stack(0x00000077aea00000,0x00000077aeb00000)]
  0x000001b6c7724000 JavaThread "Cache worker for cache directory md-rule (C:\Users\Tom\.gradle\caches\7.3.3\md-rule)" [_thread_blocked, id=15868, stack(0x00000077aec00000,0x00000077aed00000)]
  0x000001b6ca235800 JavaThread "Cache worker for execution history cache (C:\Users\Tom\.gradle\caches\7.3.3\executionHistory)" [_thread_blocked, id=5612, stack(0x00000077aed00000,0x00000077aee00000)]
  0x000001b6ca234800 JavaThread "jar transforms" [_thread_blocked, id=8836, stack(0x00000077aee00000,0x00000077aef00000)]
  0x000001b6ca233800 JavaThread "jar transforms Thread 2" [_thread_blocked, id=7892, stack(0x00000077aef00000,0x00000077af000000)]
  0x000001b6ca236000 JavaThread "Cache worker for file content cache (C:\Users\Tom\.gradle\caches\7.3.3\fileContent)" [_thread_blocked, id=7708, stack(0x00000077af000000,0x00000077af100000)]
  0x000001b6ca231800 JavaThread "jar transforms Thread 3" [_thread_blocked, id=12456, stack(0x00000077aeb00000,0x00000077aec00000)]
  0x000001b6ca238000 JavaThread "jar transforms Thread 4" [_thread_blocked, id=14052, stack(0x00000077af100000,0x00000077af200000)]
  0x000001b6ca232000 JavaThread "Cache worker for kotlin-dsl (C:\Users\Tom\.gradle\caches\7.3.3\kotlin-dsl)" [_thread_blocked, id=13732, stack(0x00000077af300000,0x00000077af400000)]
  0x000001b6ca238800 JavaThread "Cache worker for dependencies-accessors (C:\Users\Tom\Documents\Programmation\React Native\projectRNcli\android\.gradle\7.3.3\dependencies-accessors)" [_thread_blocked, id=4392, stack(0x00000077af400000,0x00000077af500000)]
  0x000001b6ca233000 JavaThread "Cache worker for Build Output Cleanup Cache (C:\Users\Tom\Documents\Programmation\React Native\projectRNcli\node_modules\react-native-gradle-plugin\.gradle\buildOutputCleanup)" [_thread_blocked, id=4108, stack(0x00000077af500000,0x00000077af600000)]
  0x000001b6ca23a800 JavaThread "Unconstrained build operations" [_thread_blocked, id=4548, stack(0x00000077af200000,0x00000077af300000)]
  0x000001b6ca23f000 JavaThread "Unconstrained build operations Thread 2" [_thread_blocked, id=14648, stack(0x00000077af600000,0x00000077af700000)]
  0x000001b6ca23c800 JavaThread "Unconstrained build operations Thread 3" [_thread_blocked, id=13060, stack(0x00000077af700000,0x00000077af800000)]
  0x000001b6ca239800 JavaThread "Unconstrained build operations Thread 4" [_thread_blocked, id=6220, stack(0x00000077af800000,0x00000077af900000)]
  0x000001b6ca23b000 JavaThread "Unconstrained build operations Thread 5" [_thread_blocked, id=6188, stack(0x00000077af900000,0x00000077afa00000)]
  0x000001b6ca23c000 JavaThread "Unconstrained build operations Thread 6" [_thread_in_Java, id=10904, stack(0x00000077afa00000,0x00000077afb00000)]
  0x000001b6ca23d800 JavaThread "Unconstrained build operations Thread 7" [_thread_blocked, id=17920, stack(0x00000077afb00000,0x00000077afc00000)]
  0x000001b6ca23e800 JavaThread "Unconstrained build operations Thread 8" [_thread_blocked, id=17236, stack(0x00000077afc00000,0x00000077afd00000)]
  0x000001b6ca240000 JavaThread "Unconstrained build operations Thread 9" [_thread_blocked, id=2460, stack(0x00000077afd00000,0x00000077afe00000)]
  0x000001b6c9531000 JavaThread "Unconstrained build operations Thread 10" [_thread_blocked, id=18044, stack(0x00000077afe00000,0x00000077aff00000)]
  0x000001b6c9535000 JavaThread "Unconstrained build operations Thread 11" [_thread_blocked, id=4136, stack(0x00000077aff00000,0x00000077b0000000)]
  0x000001b6c9531800 JavaThread "Unconstrained build operations Thread 12" [_thread_blocked, id=1336, stack(0x00000077b0000000,0x00000077b0100000)]
  0x000001b6c952f800 JavaThread "Unconstrained build operations Thread 13" [_thread_blocked, id=3624, stack(0x00000077b0100000,0x00000077b0200000)]
  0x000001b6c9530000 JavaThread "Unconstrained build operations Thread 14" [_thread_in_Java, id=5080, stack(0x00000077b0200000,0x00000077b0300000)]
  0x000001b6c9537800 JavaThread "Unconstrained build operations Thread 15" [_thread_blocked, id=17260, stack(0x00000077b0300000,0x00000077b0400000)]
  0x000001b6c9536800 JavaThread "Unconstrained build operations Thread 16" [_thread_blocked, id=15312, stack(0x00000077b0400000,0x00000077b0500000)]
  0x000001b6c9538800 JavaThread "Unconstrained build operations Thread 17" [_thread_blocked, id=32, stack(0x00000077b0500000,0x00000077b0600000)]
  0x000001b6c9532800 JavaThread "Unconstrained build operations Thread 18" [_thread_blocked, id=18168, stack(0x00000077b0600000,0x00000077b0700000)]
  0x000001b6c9539000 JavaThread "Unconstrained build operations Thread 19" [_thread_blocked, id=11708, stack(0x00000077b0700000,0x00000077b0800000)]
  0x000001b6c9533800 JavaThread "Unconstrained build operations Thread 20" [_thread_blocked, id=4080, stack(0x00000077b0800000,0x00000077b0900000)]
  0x000001b6c953a000 JavaThread "Unconstrained build operations Thread 21" [_thread_blocked, id=7288, stack(0x00000077b0900000,0x00000077b0a00000)]
  0x000001b6c9536000 JavaThread "Unconstrained build operations Thread 22" [_thread_blocked, id=5076, stack(0x00000077b0a00000,0x00000077b0b00000)]
  0x000001b6c9534000 JavaThread "Unconstrained build operations Thread 23" [_thread_blocked, id=17212, stack(0x00000077b0b00000,0x00000077b0c00000)]
  0x000001b6c953a800 JavaThread "Unconstrained build operations Thread 24" [_thread_blocked, id=512, stack(0x00000077b0c00000,0x00000077b0d00000)]
  0x000001b6c953b800 JavaThread "Unconstrained build operations Thread 25" [_thread_blocked, id=7900, stack(0x00000077b0d00000,0x00000077b0e00000)]
  0x000001b6c953c800 JavaThread "Unconstrained build operations Thread 26" [_thread_blocked, id=11560, stack(0x00000077b0e00000,0x00000077b0f00000)]
  0x000001b6c953d000 JavaThread "Unconstrained build operations Thread 27" [_thread_blocked, id=18248, stack(0x00000077b0f00000,0x00000077b1000000)]
  0x000001b6c953e000 JavaThread "Unconstrained build operations Thread 28" [_thread_blocked, id=1296, stack(0x00000077b1000000,0x00000077b1100000)]
  0x000001b6cc81f800 JavaThread "Unconstrained build operations Thread 29" [_thread_blocked, id=12316, stack(0x00000077b1100000,0x00000077b1200000)]
  0x000001b6cc823000 JavaThread "Unconstrained build operations Thread 30" [_thread_blocked, id=16496, stack(0x00000077b1200000,0x00000077b1300000)]
  0x000001b6cc823800 JavaThread "Unconstrained build operations Thread 31" [_thread_blocked, id=8700, stack(0x00000077b1300000,0x00000077b1400000)]
  0x000001b6cc820800 JavaThread "Unconstrained build operations Thread 32" [_thread_blocked, id=18000, stack(0x00000077b1400000,0x00000077b1500000)]
  0x000001b6cc821800 JavaThread "Unconstrained build operations Thread 33" [_thread_in_native, id=8708, stack(0x00000077b1500000,0x00000077b1600000)]
  0x000001b6cc824800 JavaThread "build event listener" [_thread_blocked, id=9144, stack(0x00000077b1700000,0x00000077b1800000)]
  0x000001b6cc822000 JavaThread "Memory manager" [_thread_blocked, id=13156, stack(0x00000077b1600000,0x00000077b1700000)]
  0x000001b6cc81f000 JavaThread "Cache worker for Build Output Cleanup Cache (C:\Users\Tom\Documents\Programmation\React Native\projectRNcli\android\.gradle\buildOutputCleanup)" [_thread_blocked, id=10804, stack(0x00000077b1900000,0x00000077b1a00000)]
  0x000001b6cc82b000 JavaThread "included builds" [_thread_blocked, id=3736, stack(0x00000077b1800000,0x00000077b1900000)]
  0x000001b6cc827000 JavaThread "Cache worker for execution history cache (C:\Users\Tom\Documents\Programmation\React Native\projectRNcli\node_modules\react-native-gradle-plugin\.gradle\7.3.3\executionHistory)" [_thread_blocked, id=7272, stack(0x00000077b1d00000,0x00000077b1e00000)]
  0x000001b6cc829800 JavaThread "Unconstrained build operations Thread 34" [_thread_blocked, id=5888, stack(0x00000077b1e00000,0x00000077b1f00000)]
  0x000001b6cc82c000 JavaThread "Unconstrained build operations Thread 35" [_thread_blocked, id=6672, stack(0x00000077b1f00000,0x00000077b2000000)]
  0x000001b6cc826000 JavaThread "Unconstrained build operations Thread 36" [_thread_blocked, id=12784, stack(0x00000077b2000000,0x00000077b2100000)]
  0x000001b6cc828800 JavaThread "Unconstrained build operations Thread 37" [_thread_blocked, id=18328, stack(0x00000077b2100000,0x00000077b2200000)]
  0x000001b6cc82c800 JavaThread "Unconstrained build operations Thread 38" [_thread_blocked, id=11132, stack(0x00000077b2200000,0x00000077b2300000)]
  0x000001b6cc82d800 JavaThread "Unconstrained build operations Thread 39" [_thread_blocked, id=11276, stack(0x00000077b2300000,0x00000077b2400000)]
  0x000001b6c9d65000 JavaThread "Unconstrained build operations Thread 40" [_thread_blocked, id=9400, stack(0x00000077b2400000,0x00000077b2500000)]
  0x000001b6cef1f800 JavaThread "C2 CompilerThread1" daemon [_thread_in_native, id=14096, stack(0x00000077b1a00000,0x00000077b1b00000)]
  0x000001b6c9d64800 JavaThread "Execution worker for ':'" [_thread_blocked, id=9848, stack(0x00000077b1b00000,0x00000077b1c00000)]
  0x000001b6c9d63800 JavaThread "Execution worker for ':' Thread 2" [_thread_blocked, id=15104, stack(0x00000077b1c00000,0x00000077b1d00000)]
  0x000001b6c9d62800 JavaThread "Execution worker for ':' Thread 3" [_thread_blocked, id=916, stack(0x00000077b2500000,0x00000077b2600000)]
  0x000001b6c9d61000 JavaThread "Cache worker for execution history cache (C:\Users\Tom\Documents\Programmation\React Native\projectRNcli\android\.gradle\7.3.3\executionHistory)" [_thread_blocked, id=10512, stack(0x00000077b2800000,0x00000077b2900000)]

Other Threads:
  0x000001b6c6042000 VMThread "VM Thread" [stack: 0x00000077acb00000,0x00000077acc00000] [id=17100]
  0x000001b6c6b6c800 WatcherThread [stack: 0x00000077ad500000,0x00000077ad600000] [id=1604]
  0x000001b6a58ab800 GCTaskThread "GC Thread#0" [stack: 0x00000077ac600000,0x00000077ac700000] [id=18364]
  0x000001b6c72c1000 GCTaskThread "GC Thread#1" [stack: 0x00000077ad700000,0x00000077ad800000] [id=16788]
  0x000001b6c7198000 GCTaskThread "GC Thread#2" [stack: 0x00000077ad800000,0x00000077ad900000] [id=8652]
  0x000001b6c7af8800 GCTaskThread "GC Thread#3" [stack: 0x00000077adf00000,0x00000077ae000000] [id=10176]
  0x000001b6a58fb000 ConcurrentGCThread "G1 Main Marker" [stack: 0x00000077ac700000,0x00000077ac800000] [id=15292]
  0x000001b6a58fc000 ConcurrentGCThread "G1 Conc#0" [stack: 0x00000077ac800000,0x00000077ac900000] [id=2312]
  0x000001b6a596e000 ConcurrentGCThread "G1 Refine#0" [stack: 0x00000077ac900000,0x00000077aca00000] [id=8092]
  0x000001b6c5eaa800 ConcurrentGCThread "G1 Young RemSet Sampling" [stack: 0x00000077aca00000,0x00000077acb00000] [id=14696]

Threads with active compile tasks:
C2 CompilerThread0    66613 14545   !   4       com.android.tools.r8.internal.v6::b (116 bytes)
C1 CompilerThread0    66613 14968       3       com.android.tools.r8.ir.regalloc.a::a (3985 bytes)
C2 CompilerThread1    66613 14563       4       com.android.tools.r8.internal.U6::a (6044 bytes)

VM state:not at safepoint (normal execution)

VM Mutex/Monitor currently owned by a thread: None

Heap address: 0x0000000080000000, size: 2048 MB, Compressed Oops mode: 32-bit
Narrow klass base: 0x0000000000000000, Narrow klass shift: 3
Compressed class space size: 528482304 Address: 0x0000000100000000

Heap:
 garbage-first heap   total 346112K, used 250172K [0x0000000080000000, 0x0000000100000000)
  region size 1024K, 88 young (90112K), 11 survivors (11264K)
 Metaspace       used 109287K, capacity 112576K, committed 112712K, reserved 614400K
  class space    used 14248K, capacity 15557K, committed 15564K, reserved 516096K
Heap Regions: E=young(eden), S=young(survivor), O=old, HS=humongous(starts), HC=humongous(continues), CS=collection set, F=free, A=archive, TAMS=top-at-mark-start (previous, next)
|   0|0x0000000080000000, 0x0000000080100000, 0x0000000080100000|100%| O|  |TAMS 0x0000000080100000, 0x0000000080000000| Untracked 
|   1|0x0000000080100000, 0x0000000080200000, 0x0000000080200000|100%| O|  |TAMS 0x0000000080200000, 0x0000000080100000| Untracked 
|   2|0x0000000080200000, 0x0000000080300000, 0x0000000080300000|100%| O|  |TAMS 0x0000000080300000, 0x0000000080200000| Untracked 
|   3|0x0000000080300000, 0x0000000080400000, 0x0000000080400000|100%|HS|  |TAMS 0x0000000080400000, 0x0000000080300000| Complete 
|   4|0x0000000080400000, 0x0000000080500000, 0x0000000080500000|100%|HC|  |TAMS 0x0000000080500000, 0x0000000080400000| Complete 
|   5|0x0000000080500000, 0x0000000080600000, 0x0000000080600000|100%|HC|  |TAMS 0x0000000080600000, 0x0000000080500000| Complete 
|   6|0x0000000080600000, 0x0000000080700000, 0x0000000080700000|100%| O|  |TAMS 0x0000000080700000, 0x0000000080600000| Untracked 
|   7|0x0000000080700000, 0x0000000080800000, 0x0000000080800000|100%| O|  |TAMS 0x0000000080800000, 0x0000000080700000| Untracked 
|   8|0x0000000080800000, 0x0000000080900000, 0x0000000080900000|100%| O|  |TAMS 0x0000000080900000, 0x0000000080800000| Untracked 
|   9|0x0000000080900000, 0x0000000080a00000, 0x0000000080a00000|100%| O|  |TAMS 0x0000000080a00000, 0x0000000080900000| Untracked 
|  10|0x0000000080a00000, 0x0000000080b00000, 0x0000000080b00000|100%| O|  |TAMS 0x0000000080b00000, 0x0000000080a00000| Untracked 
|  11|0x0000000080b00000, 0x0000000080c00000, 0x0000000080c00000|100%| O|  |TAMS 0x0000000080c00000, 0x0000000080b00000| Untracked 
|  12|0x0000000080c00000, 0x0000000080d00000, 0x0000000080d00000|100%| O|  |TAMS 0x0000000080d00000, 0x0000000080c00000| Untracked 
|  13|0x0000000080d00000, 0x0000000080e00000, 0x0000000080e00000|100%| O|  |TAMS 0x0000000080e00000, 0x0000000080d00000| Untracked 
|  14|0x0000000080e00000, 0x0000000080f00000, 0x0000000080f00000|100%| O|  |TAMS 0x0000000080f00000, 0x0000000080e00000| Untracked 
|  15|0x0000000080f00000, 0x0000000081000000, 0x0000000081000000|100%| O|  |TAMS 0x0000000081000000, 0x0000000080f00000| Untracked 
|  16|0x0000000081000000, 0x0000000081100000, 0x0000000081100000|100%| O|  |TAMS 0x0000000081100000, 0x0000000081000000| Untracked 
|  17|0x0000000081100000, 0x0000000081200000, 0x0000000081200000|100%|HS|  |TAMS 0x0000000081200000, 0x0000000081100000| Complete 
|  18|0x0000000081200000, 0x0000000081300000, 0x0000000081300000|100%| O|  |TAMS 0x0000000081300000, 0x0000000081200000| Untracked 
|  19|0x0000000081300000, 0x0000000081400000, 0x0000000081400000|100%| O|  |TAMS 0x0000000081400000, 0x0000000081300000| Untracked 
|  20|0x0000000081400000, 0x0000000081500000, 0x0000000081500000|100%| O|  |TAMS 0x0000000081500000, 0x0000000081400000| Untracked 
|  21|0x0000000081500000, 0x0000000081600000, 0x0000000081600000|100%| O|  |TAMS 0x0000000081600000, 0x0000000081500000| Untracked 
|  22|0x0000000081600000, 0x0000000081700000, 0x0000000081700000|100%| O|  |TAMS 0x0000000081700000, 0x0000000081600000| Untracked 
|  23|0x0000000081700000, 0x0000000081800000, 0x0000000081800000|100%| O|  |TAMS 0x0000000081800000, 0x0000000081700000| Untracked 
|  24|0x0000000081800000, 0x0000000081900000, 0x0000000081900000|100%| O|  |TAMS 0x0000000081900000, 0x0000000081800000| Untracked 
|  25|0x0000000081900000, 0x0000000081a00000, 0x0000000081a00000|100%| O|  |TAMS 0x0000000081a00000, 0x0000000081900000| Untracked 
|  26|0x0000000081a00000, 0x0000000081b00000, 0x0000000081b00000|100%| O|  |TAMS 0x0000000081b00000, 0x0000000081a00000| Untracked 
|  27|0x0000000081b00000, 0x0000000081c00000, 0x0000000081c00000|100%| O|  |TAMS 0x0000000081c00000, 0x0000000081b00000| Untracked 
|  28|0x0000000081c00000, 0x0000000081d00000, 0x0000000081d00000|100%|HS|  |TAMS 0x0000000081d00000, 0x0000000081c00000| Complete 
|  29|0x0000000081d00000, 0x0000000081e00000, 0x0000000081e00000|100%|HC|  |TAMS 0x0000000081e00000, 0x0000000081d00000| Complete 
|  30|0x0000000081e00000, 0x0000000081f00000, 0x0000000081f00000|100%|HC|  |TAMS 0x0000000081f00000, 0x0000000081e00000| Complete 
|  31|0x0000000081f00000, 0x0000000082000000, 0x0000000082000000|100%| O|  |TAMS 0x0000000082000000, 0x0000000081f00000| Untracked 
|  32|0x0000000082000000, 0x0000000082100000, 0x0000000082100000|100%| O|  |TAMS 0x0000000082100000, 0x0000000082000000| Untracked 
|  33|0x0000000082100000, 0x0000000082200000, 0x0000000082200000|100%| O|  |TAMS 0x0000000082200000, 0x0000000082100000| Untracked 
|  34|0x0000000082200000, 0x00000000822ffff8, 0x0000000082300000| 99%| O|  |TAMS 0x00000000822ffff8, 0x0000000082200000| Untracked 
|  35|0x0000000082300000, 0x0000000082400000, 0x0000000082400000|100%| O|  |TAMS 0x0000000082400000, 0x0000000082300000| Untracked 
|  36|0x0000000082400000, 0x0000000082500000, 0x0000000082500000|100%| O|  |TAMS 0x0000000082500000, 0x0000000082400000| Untracked 
|  37|0x0000000082500000, 0x0000000082600000, 0x0000000082600000|100%| O|  |TAMS 0x0000000082600000, 0x0000000082500000| Untracked 
|  38|0x0000000082600000, 0x0000000082700000, 0x0000000082700000|100%| O|  |TAMS 0x0000000082700000, 0x0000000082600000| Untracked 
|  39|0x0000000082700000, 0x0000000082800000, 0x0000000082800000|100%| O|  |TAMS 0x0000000082800000, 0x0000000082700000| Untracked 
|  40|0x0000000082800000, 0x0000000082900000, 0x0000000082900000|100%| O|  |TAMS 0x0000000082900000, 0x0000000082800000| Untracked 
|  41|0x0000000082900000, 0x0000000082a00000, 0x0000000082a00000|100%| O|  |TAMS 0x0000000082a00000, 0x0000000082900000| Untracked 
|  42|0x0000000082a00000, 0x0000000082b00000, 0x0000000082b00000|100%|HS|  |TAMS 0x0000000082b00000, 0x0000000082a00000| Complete 
|  43|0x0000000082b00000, 0x0000000082c00000, 0x0000000082c00000|100%|HS|  |TAMS 0x0000000082c00000, 0x0000000082b00000| Complete 
|  44|0x0000000082c00000, 0x0000000082d00000, 0x0000000082d00000|100%|HS|  |TAMS 0x0000000082d00000, 0x0000000082c00000| Complete 
|  45|0x0000000082d00000, 0x0000000082e00000, 0x0000000082e00000|100%|HC|  |TAMS 0x0000000082e00000, 0x0000000082d00000| Complete 
|  46|0x0000000082e00000, 0x0000000082f00000, 0x0000000082f00000|100%| O|  |TAMS 0x0000000082f00000, 0x0000000082e00000| Untracked 
|  47|0x0000000082f00000, 0x0000000083000000, 0x0000000083000000|100%| O|  |TAMS 0x0000000083000000, 0x0000000082f00000| Untracked 
|  48|0x0000000083000000, 0x0000000083100000, 0x0000000083100000|100%| O|  |TAMS 0x0000000083100000, 0x0000000083000000| Untracked 
|  49|0x0000000083100000, 0x0000000083200000, 0x0000000083200000|100%| O|  |TAMS 0x0000000083200000, 0x0000000083100000| Untracked 
|  50|0x0000000083200000, 0x0000000083300000, 0x0000000083300000|100%| O|  |TAMS 0x0000000083300000, 0x0000000083200000| Untracked 
|  51|0x0000000083300000, 0x0000000083400000, 0x0000000083400000|100%| O|  |TAMS 0x0000000083400000, 0x0000000083300000| Untracked 
|  52|0x0000000083400000, 0x0000000083500000, 0x0000000083500000|100%| O|  |TAMS 0x0000000083500000, 0x0000000083400000| Untracked 
|  53|0x0000000083500000, 0x0000000083600000, 0x0000000083600000|100%| O|  |TAMS 0x0000000083600000, 0x0000000083500000| Untracked 
|  54|0x0000000083600000, 0x0000000083700000, 0x0000000083700000|100%| O|  |TAMS 0x0000000083700000, 0x0000000083600000| Untracked 
|  55|0x0000000083700000, 0x0000000083800000, 0x0000000083800000|100%| O|  |TAMS 0x0000000083800000, 0x0000000083700000| Untracked 
|  56|0x0000000083800000, 0x0000000083900000, 0x0000000083900000|100%| O|  |TAMS 0x0000000083900000, 0x0000000083800000| Untracked 
|  57|0x0000000083900000, 0x0000000083a00000, 0x0000000083a00000|100%| O|  |TAMS 0x0000000083a00000, 0x0000000083900000| Untracked 
|  58|0x0000000083a00000, 0x0000000083b00000, 0x0000000083b00000|100%| O|  |TAMS 0x0000000083b00000, 0x0000000083a00000| Untracked 
|  59|0x0000000083b00000, 0x0000000083c00000, 0x0000000083c00000|100%| O|  |TAMS 0x0000000083c00000, 0x0000000083b00000| Untracked 
|  60|0x0000000083c00000, 0x0000000083d00000, 0x0000000083d00000|100%| O|  |TAMS 0x0000000083d00000, 0x0000000083c00000| Untracked 
|  61|0x0000000083d00000, 0x0000000083e00000, 0x0000000083e00000|100%| O|  |TAMS 0x0000000083e00000, 0x0000000083d00000| Untracked 
|  62|0x0000000083e00000, 0x0000000083f00000, 0x0000000083f00000|100%| O|  |TAMS 0x0000000083f00000, 0x0000000083e00000| Untracked 
|  63|0x0000000083f00000, 0x0000000084000000, 0x0000000084000000|100%| O|  |TAMS 0x0000000084000000, 0x0000000083f00000| Untracked 
|  64|0x0000000084000000, 0x0000000084100000, 0x0000000084100000|100%| O|  |TAMS 0x0000000084100000, 0x0000000084000000| Untracked 
|  65|0x0000000084100000, 0x0000000084200000, 0x0000000084200000|100%| O|  |TAMS 0x0000000084200000, 0x0000000084100000| Untracked 
|  66|0x0000000084200000, 0x0000000084300000, 0x0000000084300000|100%| O|  |TAMS 0x0000000084300000, 0x0000000084200000| Untracked 
|  67|0x0000000084300000, 0x0000000084400000, 0x0000000084400000|100%| O|  |TAMS 0x0000000084400000, 0x0000000084300000| Untracked 
|  68|0x0000000084400000, 0x0000000084500000, 0x0000000084500000|100%| O|  |TAMS 0x0000000084500000, 0x0000000084400000| Untracked 
|  69|0x0000000084500000, 0x0000000084600000, 0x0000000084600000|100%| O|  |TAMS 0x0000000084600000, 0x0000000084500000| Untracked 
|  70|0x0000000084600000, 0x0000000084700000, 0x0000000084700000|100%| O|  |TAMS 0x0000000084700000, 0x0000000084600000| Untracked 
|  71|0x0000000084700000, 0x0000000084800000, 0x0000000084800000|100%| O|  |TAMS 0x0000000084800000, 0x0000000084700000| Untracked 
|  72|0x0000000084800000, 0x0000000084900000, 0x0000000084900000|100%| O|  |TAMS 0x0000000084900000, 0x0000000084800000| Untracked 
|  73|0x0000000084900000, 0x0000000084a00000, 0x0000000084a00000|100%| O|  |TAMS 0x0000000084a00000, 0x0000000084900000| Untracked 
|  74|0x0000000084a00000, 0x0000000084b00000, 0x0000000084b00000|100%| O|  |TAMS 0x0000000084b00000, 0x0000000084a00000| Untracked 
|  75|0x0000000084b00000, 0x0000000084c00000, 0x0000000084c00000|100%| O|  |TAMS 0x0000000084c00000, 0x0000000084b00000| Untracked 
|  76|0x0000000084c00000, 0x0000000084d00000, 0x0000000084d00000|100%| O|  |TAMS 0x0000000084d00000, 0x0000000084c00000| Untracked 
|  77|0x0000000084d00000, 0x0000000084e00000, 0x0000000084e00000|100%| O|  |TAMS 0x0000000084e00000, 0x0000000084d00000| Untracked 
|  78|0x0000000084e00000, 0x0000000084f00000, 0x0000000084f00000|100%| O|  |TAMS 0x0000000084f00000, 0x0000000084e00000| Untracked 
|  79|0x0000000084f00000, 0x0000000085000000, 0x0000000085000000|100%| O|  |TAMS 0x0000000085000000, 0x0000000084f00000| Untracked 
|  80|0x0000000085000000, 0x0000000085100000, 0x0000000085100000|100%| O|  |TAMS 0x0000000085100000, 0x0000000085000000| Untracked 
|  81|0x0000000085100000, 0x0000000085200000, 0x0000000085200000|100%| O|  |TAMS 0x0000000085200000, 0x0000000085100000| Untracked 
|  82|0x0000000085200000, 0x0000000085300000, 0x0000000085300000|100%| O|  |TAMS 0x0000000085300000, 0x0000000085200000| Untracked 
|  83|0x0000000085300000, 0x0000000085400000, 0x0000000085400000|100%| O|  |TAMS 0x0000000085400000, 0x0000000085300000| Untracked 
|  84|0x0000000085400000, 0x0000000085500000, 0x0000000085500000|100%| O|  |TAMS 0x0000000085500000, 0x0000000085400000| Untracked 
|  85|0x0000000085500000, 0x0000000085600000, 0x0000000085600000|100%| O|  |TAMS 0x0000000085600000, 0x0000000085500000| Untracked 
|  86|0x0000000085600000, 0x0000000085700000, 0x0000000085700000|100%| O|  |TAMS 0x0000000085700000, 0x0000000085600000| Untracked 
|  87|0x0000000085700000, 0x0000000085800000, 0x0000000085800000|100%| O|  |TAMS 0x0000000085800000, 0x0000000085700000| Untracked 
|  88|0x0000000085800000, 0x0000000085900000, 0x0000000085900000|100%| O|  |TAMS 0x0000000085900000, 0x0000000085800000| Untracked 
|  89|0x0000000085900000, 0x0000000085a00000, 0x0000000085a00000|100%| O|  |TAMS 0x0000000085a00000, 0x0000000085900000| Untracked 
|  90|0x0000000085a00000, 0x0000000085b00000, 0x0000000085b00000|100%| O|  |TAMS 0x0000000085b00000, 0x0000000085a00000| Untracked 
|  91|0x0000000085b00000, 0x0000000085c00000, 0x0000000085c00000|100%| O|  |TAMS 0x0000000085c00000, 0x0000000085b00000| Untracked 
|  92|0x0000000085c00000, 0x0000000085d00000, 0x0000000085d00000|100%| O|  |TAMS 0x0000000085d00000, 0x0000000085c00000| Untracked 
|  93|0x0000000085d00000, 0x0000000085e00000, 0x0000000085e00000|100%|HS|  |TAMS 0x0000000085e00000, 0x0000000085d00000| Complete 
|  94|0x0000000085e00000, 0x0000000085f00000, 0x0000000085f00000|100%|HC|  |TAMS 0x0000000085f00000, 0x0000000085e00000| Complete 
|  95|0x0000000085f00000, 0x0000000086000000, 0x0000000086000000|100%| O|  |TAMS 0x0000000086000000, 0x0000000085f00000| Untracked 
|  96|0x0000000086000000, 0x0000000086100000, 0x0000000086100000|100%| O|  |TAMS 0x0000000086100000, 0x0000000086000000| Untracked 
|  97|0x0000000086100000, 0x0000000086200000, 0x0000000086200000|100%| O|  |TAMS 0x0000000086200000, 0x0000000086100000| Untracked 
|  98|0x0000000086200000, 0x0000000086300000, 0x0000000086300000|100%| O|  |TAMS 0x0000000086300000, 0x0000000086200000| Untracked 
|  99|0x0000000086300000, 0x0000000086400000, 0x0000000086400000|100%| O|  |TAMS 0x0000000086400000, 0x0000000086300000| Untracked 
| 100|0x0000000086400000, 0x0000000086500000, 0x0000000086500000|100%| O|  |TAMS 0x0000000086500000, 0x0000000086400000| Untracked 
| 101|0x0000000086500000, 0x0000000086600000, 0x0000000086600000|100%| O|  |TAMS 0x0000000086600000, 0x0000000086500000| Untracked 
| 102|0x0000000086600000, 0x0000000086700000, 0x0000000086700000|100%| O|  |TAMS 0x0000000086700000, 0x0000000086600000| Untracked 
| 103|0x0000000086700000, 0x0000000086800000, 0x0000000086800000|100%| O|  |TAMS 0x0000000086800000, 0x0000000086700000| Untracked 
| 104|0x0000000086800000, 0x0000000086900000, 0x0000000086900000|100%| O|  |TAMS 0x0000000086900000, 0x0000000086800000| Untracked 
| 105|0x0000000086900000, 0x0000000086a00000, 0x0000000086a00000|100%| O|  |TAMS 0x0000000086a00000, 0x0000000086900000| Untracked 
| 106|0x0000000086a00000, 0x0000000086b00000, 0x0000000086b00000|100%| O|  |TAMS 0x0000000086b00000, 0x0000000086a00000| Untracked 
| 107|0x0000000086b00000, 0x0000000086c00000, 0x0000000086c00000|100%| O|  |TAMS 0x0000000086c00000, 0x0000000086b00000| Untracked 
| 108|0x0000000086c00000, 0x0000000086d00000, 0x0000000086d00000|100%| O|  |TAMS 0x0000000086d00000, 0x0000000086c00000| Untracked 
| 109|0x0000000086d00000, 0x0000000086e00000, 0x0000000086e00000|100%| O|  |TAMS 0x0000000086e00000, 0x0000000086d00000| Untracked 
| 110|0x0000000086e00000, 0x0000000086f00000, 0x0000000086f00000|100%| O|  |TAMS 0x0000000086f00000, 0x0000000086e00000| Untracked 
| 111|0x0000000086f00000, 0x0000000087000000, 0x0000000087000000|100%| O|  |TAMS 0x0000000087000000, 0x0000000086f00000| Untracked 
| 112|0x0000000087000000, 0x0000000087100000, 0x0000000087100000|100%| O|  |TAMS 0x0000000087100000, 0x0000000087000000| Untracked 
| 113|0x0000000087100000, 0x0000000087200000, 0x0000000087200000|100%| O|  |TAMS 0x0000000087200000, 0x0000000087100000| Untracked 
| 114|0x0000000087200000, 0x0000000087300000, 0x0000000087300000|100%| O|  |TAMS 0x0000000087300000, 0x0000000087200000| Untracked 
| 115|0x0000000087300000, 0x0000000087400000, 0x0000000087400000|100%| O|  |TAMS 0x0000000087400000, 0x0000000087300000| Untracked 
| 116|0x0000000087400000, 0x0000000087500000, 0x0000000087500000|100%| O|  |TAMS 0x0000000087500000, 0x0000000087400000| Untracked 
| 117|0x0000000087500000, 0x0000000087600000, 0x0000000087600000|100%| O|  |TAMS 0x0000000087600000, 0x0000000087500000| Untracked 
| 118|0x0000000087600000, 0x0000000087700000, 0x0000000087700000|100%| O|  |TAMS 0x0000000087700000, 0x0000000087600000| Untracked 
| 119|0x0000000087700000, 0x0000000087800000, 0x0000000087800000|100%| O|  |TAMS 0x0000000087800000, 0x0000000087700000| Untracked 
| 120|0x0000000087800000, 0x0000000087900000, 0x0000000087900000|100%| O|  |TAMS 0x0000000087900000, 0x0000000087800000| Untracked 
| 121|0x0000000087900000, 0x0000000087a00000, 0x0000000087a00000|100%| O|  |TAMS 0x0000000087a00000, 0x0000000087900000| Untracked 
| 122|0x0000000087a00000, 0x0000000087b00000, 0x0000000087b00000|100%| O|  |TAMS 0x0000000087b00000, 0x0000000087a00000| Untracked 
| 123|0x0000000087b00000, 0x0000000087c00000, 0x0000000087c00000|100%| O|  |TAMS 0x0000000087c00000, 0x0000000087b00000| Untracked 
| 124|0x0000000087c00000, 0x0000000087d00000, 0x0000000087d00000|100%| O|  |TAMS 0x0000000087d00000, 0x0000000087c00000| Untracked 
| 125|0x0000000087d00000, 0x0000000087e00000, 0x0000000087e00000|100%| O|  |TAMS 0x0000000087e00000, 0x0000000087d00000| Untracked 
| 126|0x0000000087e00000, 0x0000000087f00000, 0x0000000087f00000|100%| O|  |TAMS 0x0000000087f00000, 0x0000000087e00000| Untracked 
| 127|0x0000000087f00000, 0x0000000088000000, 0x0000000088000000|100%| O|  |TAMS 0x0000000087f26c00, 0x0000000087f00000| Untracked 
| 128|0x0000000088000000, 0x0000000088100000, 0x0000000088100000|100%| O|  |TAMS 0x0000000088000000, 0x0000000088000000| Untracked 
| 129|0x0000000088100000, 0x0000000088200000, 0x0000000088200000|100%| O|  |TAMS 0x0000000088100000, 0x0000000088100000| Untracked 
| 130|0x0000000088200000, 0x0000000088300000, 0x0000000088300000|100%| O|  |TAMS 0x0000000088200000, 0x0000000088200000| Untracked 
| 131|0x0000000088300000, 0x0000000088400000, 0x0000000088400000|100%| O|  |TAMS 0x0000000088300000, 0x0000000088300000| Untracked 
| 132|0x0000000088400000, 0x0000000088500000, 0x0000000088500000|100%| O|  |TAMS 0x0000000088400000, 0x0000000088400000| Untracked 
| 133|0x0000000088500000, 0x0000000088600000, 0x0000000088600000|100%| O|  |TAMS 0x0000000088500000, 0x0000000088500000| Untracked 
| 134|0x0000000088600000, 0x0000000088700000, 0x0000000088700000|100%| O|  |TAMS 0x0000000088600000, 0x0000000088600000| Untracked 
| 135|0x0000000088700000, 0x0000000088800000, 0x0000000088800000|100%| O|  |TAMS 0x0000000088700000, 0x0000000088700000| Untracked 
| 136|0x0000000088800000, 0x0000000088900000, 0x0000000088900000|100%| O|  |TAMS 0x0000000088800000, 0x0000000088800000| Untracked 
| 137|0x0000000088900000, 0x0000000088a00000, 0x0000000088a00000|100%| O|  |TAMS 0x0000000088900000, 0x0000000088900000| Untracked 
| 138|0x0000000088a00000, 0x0000000088b00000, 0x0000000088b00000|100%| O|  |TAMS 0x0000000088a00000, 0x0000000088a00000| Untracked 
| 139|0x0000000088b00000, 0x0000000088c00000, 0x0000000088c00000|100%| O|  |TAMS 0x0000000088b00000, 0x0000000088b00000| Untracked 
| 140|0x0000000088c00000, 0x0000000088d00000, 0x0000000088d00000|100%| O|  |TAMS 0x0000000088c00000, 0x0000000088c00000| Untracked 
| 141|0x0000000088d00000, 0x0000000088e00000, 0x0000000088e00000|100%| O|  |TAMS 0x0000000088d00000, 0x0000000088d00000| Untracked 
| 142|0x0000000088e00000, 0x0000000088f00000, 0x0000000088f00000|100%| O|  |TAMS 0x0000000088e00000, 0x0000000088e00000| Untracked 
| 143|0x0000000088f00000, 0x0000000089000000, 0x0000000089000000|100%| O|  |TAMS 0x0000000088f00000, 0x0000000088f00000| Untracked 
| 144|0x0000000089000000, 0x0000000089100000, 0x0000000089100000|100%| O|  |TAMS 0x0000000089000000, 0x0000000089000000| Untracked 
| 145|0x0000000089100000, 0x0000000089200000, 0x0000000089200000|100%| O|  |TAMS 0x0000000089100000, 0x0000000089100000| Untracked 
| 146|0x0000000089200000, 0x0000000089300000, 0x0000000089300000|100%| O|  |TAMS 0x0000000089200000, 0x0000000089200000| Untracked 
| 147|0x0000000089300000, 0x0000000089400000, 0x0000000089400000|100%| O|  |TAMS 0x0000000089300000, 0x0000000089300000| Untracked 
| 148|0x0000000089400000, 0x0000000089500000, 0x0000000089500000|100%| O|  |TAMS 0x0000000089400000, 0x0000000089400000| Untracked 
| 149|0x0000000089500000, 0x0000000089600000, 0x0000000089600000|100%| O|  |TAMS 0x0000000089500000, 0x0000000089500000| Untracked 
| 150|0x0000000089600000, 0x0000000089700000, 0x0000000089700000|100%| O|  |TAMS 0x0000000089600000, 0x0000000089600000| Untracked 
| 151|0x0000000089700000, 0x0000000089800000, 0x0000000089800000|100%| O|  |TAMS 0x0000000089700000, 0x0000000089700000| Untracked 
| 152|0x0000000089800000, 0x0000000089900000, 0x0000000089900000|100%| O|  |TAMS 0x0000000089800000, 0x0000000089800000| Untracked 
| 153|0x0000000089900000, 0x0000000089a00000, 0x0000000089a00000|100%| O|  |TAMS 0x0000000089900000, 0x0000000089900000| Untracked 
| 154|0x0000000089a00000, 0x0000000089b00000, 0x0000000089b00000|100%| O|  |TAMS 0x0000000089a00000, 0x0000000089a00000| Untracked 
| 155|0x0000000089b00000, 0x0000000089c00000, 0x0000000089c00000|100%| O|  |TAMS 0x0000000089b00000, 0x0000000089b00000| Untracked 
| 156|0x0000000089c00000, 0x0000000089d00000, 0x0000000089d00000|100%| O|  |TAMS 0x0000000089c00000, 0x0000000089c00000| Untracked 
| 157|0x0000000089d00000, 0x0000000089de0000, 0x0000000089e00000| 87%| O|  |TAMS 0x0000000089d00000, 0x0000000089d00000| Untracked 
| 158|0x0000000089e00000, 0x0000000089e00000, 0x0000000089f00000|  0%| F|  |TAMS 0x0000000089e00000, 0x0000000089e00000| Untracked 
| 159|0x0000000089f00000, 0x0000000089f00000, 0x000000008a000000|  0%| F|  |TAMS 0x0000000089f00000, 0x0000000089f00000| Untracked 
| 160|0x000000008a000000, 0x000000008a000000, 0x000000008a100000|  0%| F|  |TAMS 0x000000008a000000, 0x000000008a000000| Untracked 
| 161|0x000000008a100000, 0x000000008a100000, 0x000000008a200000|  0%| F|  |TAMS 0x000000008a100000, 0x000000008a100000| Untracked 
| 162|0x000000008a200000, 0x000000008a200000, 0x000000008a300000|  0%| F|  |TAMS 0x000000008a200000, 0x000000008a200000| Untracked 
| 163|0x000000008a300000, 0x000000008a300000, 0x000000008a400000|  0%| F|  |TAMS 0x000000008a300000, 0x000000008a300000| Untracked 
| 164|0x000000008a400000, 0x000000008a400000, 0x000000008a500000|  0%| F|  |TAMS 0x000000008a400000, 0x000000008a400000| Untracked 
| 165|0x000000008a500000, 0x000000008a500000, 0x000000008a600000|  0%| F|  |TAMS 0x000000008a500000, 0x000000008a500000| Untracked 
| 166|0x000000008a600000, 0x000000008a600000, 0x000000008a700000|  0%| F|  |TAMS 0x000000008a600000, 0x000000008a600000| Untracked 
| 167|0x000000008a700000, 0x000000008a700000, 0x000000008a800000|  0%| F|  |TAMS 0x000000008a700000, 0x000000008a700000| Untracked 
| 168|0x000000008a800000, 0x000000008a800000, 0x000000008a900000|  0%| F|  |TAMS 0x000000008a800000, 0x000000008a800000| Untracked 
| 169|0x000000008a900000, 0x000000008a900000, 0x000000008aa00000|  0%| F|  |TAMS 0x000000008a900000, 0x000000008a900000| Untracked 
| 170|0x000000008aa00000, 0x000000008aa00000, 0x000000008ab00000|  0%| F|  |TAMS 0x000000008aa00000, 0x000000008aa00000| Untracked 
| 171|0x000000008ab00000, 0x000000008ab00000, 0x000000008ac00000|  0%| F|  |TAMS 0x000000008ab00000, 0x000000008ab00000| Untracked 
| 172|0x000000008ac00000, 0x000000008ac00000, 0x000000008ad00000|  0%| F|  |TAMS 0x000000008ac00000, 0x000000008ac00000| Untracked 
| 173|0x000000008ad00000, 0x000000008ad00000, 0x000000008ae00000|  0%| F|  |TAMS 0x000000008ad00000, 0x000000008ad00000| Untracked 
| 174|0x000000008ae00000, 0x000000008ae00000, 0x000000008af00000|  0%| F|  |TAMS 0x000000008ae00000, 0x000000008ae00000| Untracked 
| 175|0x000000008af00000, 0x000000008af00000, 0x000000008b000000|  0%| F|  |TAMS 0x000000008af00000, 0x000000008af00000| Untracked 
| 176|0x000000008b000000, 0x000000008b000000, 0x000000008b100000|  0%| F|  |TAMS 0x000000008b000000, 0x000000008b000000| Untracked 
| 177|0x000000008b100000, 0x000000008b100000, 0x000000008b200000|  0%| F|  |TAMS 0x000000008b100000, 0x000000008b100000| Untracked 
| 178|0x000000008b200000, 0x000000008b200000, 0x000000008b300000|  0%| F|  |TAMS 0x000000008b200000, 0x000000008b200000| Untracked 
| 179|0x000000008b300000, 0x000000008b300000, 0x000000008b400000|  0%| F|  |TAMS 0x000000008b300000, 0x000000008b300000| Untracked 
| 180|0x000000008b400000, 0x000000008b400000, 0x000000008b500000|  0%| F|  |TAMS 0x000000008b400000, 0x000000008b400000| Untracked 
| 181|0x000000008b500000, 0x000000008b500000, 0x000000008b600000|  0%| F|  |TAMS 0x000000008b500000, 0x000000008b500000| Untracked 
| 182|0x000000008b600000, 0x000000008b600000, 0x000000008b700000|  0%| F|  |TAMS 0x000000008b600000, 0x000000008b600000| Untracked 
| 183|0x000000008b700000, 0x000000008b700000, 0x000000008b800000|  0%| F|  |TAMS 0x000000008b700000, 0x000000008b700000| Untracked 
| 184|0x000000008b800000, 0x000000008b800000, 0x000000008b900000|  0%| F|  |TAMS 0x000000008b800000, 0x000000008b800000| Untracked 
| 185|0x000000008b900000, 0x000000008b900000, 0x000000008ba00000|  0%| F|  |TAMS 0x000000008b900000, 0x000000008b900000| Untracked 
| 186|0x000000008ba00000, 0x000000008ba00000, 0x000000008bb00000|  0%| F|  |TAMS 0x000000008ba00000, 0x000000008ba00000| Untracked 
| 187|0x000000008bb00000, 0x000000008bb00000, 0x000000008bc00000|  0%| F|  |TAMS 0x000000008bb00000, 0x000000008bb00000| Untracked 
| 188|0x000000008bc00000, 0x000000008bc00000, 0x000000008bd00000|  0%| F|  |TAMS 0x000000008bc00000, 0x000000008bc00000| Untracked 
| 189|0x000000008bd00000, 0x000000008bd00000, 0x000000008be00000|  0%| F|  |TAMS 0x000000008bd00000, 0x000000008bd00000| Untracked 
| 190|0x000000008be00000, 0x000000008be00000, 0x000000008bf00000|  0%| F|  |TAMS 0x000000008be00000, 0x000000008be00000| Untracked 
| 191|0x000000008bf00000, 0x000000008bf00000, 0x000000008c000000|  0%| F|  |TAMS 0x000000008bf00000, 0x000000008bf00000| Untracked 
| 192|0x000000008c000000, 0x000000008c000000, 0x000000008c100000|  0%| F|  |TAMS 0x000000008c000000, 0x000000008c000000| Untracked 
| 193|0x000000008c100000, 0x000000008c100000, 0x000000008c200000|  0%| F|  |TAMS 0x000000008c100000, 0x000000008c100000| Untracked 
| 194|0x000000008c200000, 0x000000008c200000, 0x000000008c300000|  0%| F|  |TAMS 0x000000008c200000, 0x000000008c200000| Untracked 
| 195|0x000000008c300000, 0x000000008c300000, 0x000000008c400000|  0%| F|  |TAMS 0x000000008c300000, 0x000000008c300000| Untracked 
| 196|0x000000008c400000, 0x000000008c400000, 0x000000008c500000|  0%| F|  |TAMS 0x000000008c400000, 0x000000008c400000| Untracked 
| 197|0x000000008c500000, 0x000000008c500000, 0x000000008c600000|  0%| F|  |TAMS 0x000000008c500000, 0x000000008c500000| Untracked 
| 198|0x000000008c600000, 0x000000008c600000, 0x000000008c700000|  0%| F|  |TAMS 0x000000008c600000, 0x000000008c600000| Untracked 
| 199|0x000000008c700000, 0x000000008c700000, 0x000000008c800000|  0%| F|  |TAMS 0x000000008c700000, 0x000000008c700000| Untracked 
| 200|0x000000008c800000, 0x000000008c800000, 0x000000008c900000|  0%| F|  |TAMS 0x000000008c800000, 0x000000008c800000| Untracked 
| 201|0x000000008c900000, 0x000000008c900000, 0x000000008ca00000|  0%| F|  |TAMS 0x000000008c900000, 0x000000008c900000| Untracked 
| 202|0x000000008ca00000, 0x000000008ca00000, 0x000000008cb00000|  0%| F|  |TAMS 0x000000008ca00000, 0x000000008ca00000| Untracked 
| 203|0x000000008cb00000, 0x000000008cb00000, 0x000000008cc00000|  0%| F|  |TAMS 0x000000008cb00000, 0x000000008cb00000| Untracked 
| 204|0x000000008cc00000, 0x000000008cc00000, 0x000000008cd00000|  0%| F|  |TAMS 0x000000008cc00000, 0x000000008cc00000| Untracked 
| 205|0x000000008cd00000, 0x000000008cd00000, 0x000000008ce00000|  0%| F|  |TAMS 0x000000008cd00000, 0x000000008cd00000| Untracked 
| 206|0x000000008ce00000, 0x000000008ce00000, 0x000000008cf00000|  0%| F|  |TAMS 0x000000008ce00000, 0x000000008ce00000| Untracked 
| 207|0x000000008cf00000, 0x000000008cf00000, 0x000000008d000000|  0%| F|  |TAMS 0x000000008cf00000, 0x000000008cf00000| Untracked 
| 208|0x000000008d000000, 0x000000008d000000, 0x000000008d100000|  0%| F|  |TAMS 0x000000008d000000, 0x000000008d000000| Untracked 
| 209|0x000000008d100000, 0x000000008d100000, 0x000000008d200000|  0%| F|  |TAMS 0x000000008d100000, 0x000000008d100000| Untracked 
| 210|0x000000008d200000, 0x000000008d200000, 0x000000008d300000|  0%| F|  |TAMS 0x000000008d200000, 0x000000008d200000| Untracked 
| 211|0x000000008d300000, 0x000000008d300000, 0x000000008d400000|  0%| F|  |TAMS 0x000000008d300000, 0x000000008d300000| Untracked 
| 212|0x000000008d400000, 0x000000008d400000, 0x000000008d500000|  0%| F|  |TAMS 0x000000008d400000, 0x000000008d400000| Untracked 
| 213|0x000000008d500000, 0x000000008d500000, 0x000000008d600000|  0%| F|  |TAMS 0x000000008d500000, 0x000000008d500000| Untracked 
| 214|0x000000008d600000, 0x000000008d600000, 0x000000008d700000|  0%| F|  |TAMS 0x000000008d600000, 0x000000008d600000| Untracked 
| 215|0x000000008d700000, 0x000000008d700000, 0x000000008d800000|  0%| F|  |TAMS 0x000000008d700000, 0x000000008d700000| Untracked 
| 216|0x000000008d800000, 0x000000008d800000, 0x000000008d900000|  0%| F|  |TAMS 0x000000008d800000, 0x000000008d800000| Untracked 
| 217|0x000000008d900000, 0x000000008d900000, 0x000000008da00000|  0%| F|  |TAMS 0x000000008d900000, 0x000000008d900000| Untracked 
| 218|0x000000008da00000, 0x000000008da00000, 0x000000008db00000|  0%| F|  |TAMS 0x000000008da00000, 0x000000008da00000| Untracked 
| 219|0x000000008db00000, 0x000000008db00000, 0x000000008dc00000|  0%| F|  |TAMS 0x000000008db00000, 0x000000008db00000| Untracked 
| 220|0x000000008dc00000, 0x000000008dc00000, 0x000000008dd00000|  0%| F|  |TAMS 0x000000008dc00000, 0x000000008dc00000| Untracked 
| 221|0x000000008dd00000, 0x000000008dd00000, 0x000000008de00000|  0%| F|  |TAMS 0x000000008dd00000, 0x000000008dd00000| Untracked 
| 222|0x000000008de00000, 0x000000008de00000, 0x000000008df00000|  0%| F|  |TAMS 0x000000008de00000, 0x000000008de00000| Untracked 
| 223|0x000000008df00000, 0x000000008df00000, 0x000000008e000000|  0%| F|  |TAMS 0x000000008df00000, 0x000000008df00000| Untracked 
| 224|0x000000008e000000, 0x000000008e000000, 0x000000008e100000|  0%| F|  |TAMS 0x000000008e000000, 0x000000008e000000| Untracked 
| 225|0x000000008e100000, 0x000000008e100000, 0x000000008e200000|  0%| F|  |TAMS 0x000000008e100000, 0x000000008e100000| Untracked 
| 226|0x000000008e200000, 0x000000008e200000, 0x000000008e300000|  0%| F|  |TAMS 0x000000008e200000, 0x000000008e200000| Untracked 
| 227|0x000000008e300000, 0x000000008e300000, 0x000000008e400000|  0%| F|  |TAMS 0x000000008e300000, 0x000000008e300000| Untracked 
| 228|0x000000008e400000, 0x000000008e400000, 0x000000008e500000|  0%| F|  |TAMS 0x000000008e400000, 0x000000008e400000| Untracked 
| 229|0x000000008e500000, 0x000000008e500000, 0x000000008e600000|  0%| F|  |TAMS 0x000000008e500000, 0x000000008e500000| Untracked 
| 230|0x000000008e600000, 0x000000008e600000, 0x000000008e700000|  0%| F|  |TAMS 0x000000008e600000, 0x000000008e600000| Untracked 
| 231|0x000000008e700000, 0x000000008e700000, 0x000000008e800000|  0%| F|  |TAMS 0x000000008e700000, 0x000000008e700000| Untracked 
| 232|0x000000008e800000, 0x000000008e800000, 0x000000008e900000|  0%| F|  |TAMS 0x000000008e800000, 0x000000008e800000| Untracked 
| 233|0x000000008e900000, 0x000000008e900000, 0x000000008ea00000|  0%| F|  |TAMS 0x000000008e900000, 0x000000008e900000| Untracked 
| 234|0x000000008ea00000, 0x000000008ea00000, 0x000000008eb00000|  0%| F|  |TAMS 0x000000008ea00000, 0x000000008ea00000| Untracked 
| 235|0x000000008eb00000, 0x000000008eb00000, 0x000000008ec00000|  0%| F|  |TAMS 0x000000008eb00000, 0x000000008eb00000| Untracked 
| 236|0x000000008ec00000, 0x000000008ec00000, 0x000000008ed00000|  0%| F|  |TAMS 0x000000008ec00000, 0x000000008ec00000| Untracked 
| 237|0x000000008ed00000, 0x000000008ed00000, 0x000000008ee00000|  0%| F|  |TAMS 0x000000008ed00000, 0x000000008ed00000| Untracked 
| 238|0x000000008ee00000, 0x000000008ee00000, 0x000000008ef00000|  0%| F|  |TAMS 0x000000008ee00000, 0x000000008ee00000| Untracked 
| 239|0x000000008ef00000, 0x000000008ef00000, 0x000000008f000000|  0%| F|  |TAMS 0x000000008ef00000, 0x000000008ef00000| Untracked 
| 240|0x000000008f000000, 0x000000008f000000, 0x000000008f100000|  0%| F|  |TAMS 0x000000008f000000, 0x000000008f000000| Untracked 
| 241|0x000000008f100000, 0x000000008f100000, 0x000000008f200000|  0%| F|  |TAMS 0x000000008f100000, 0x000000008f100000| Untracked 
| 242|0x000000008f200000, 0x000000008f26f258, 0x000000008f300000| 43%| S|CS|TAMS 0x000000008f200000, 0x000000008f200000| Complete 
| 243|0x000000008f300000, 0x000000008f400000, 0x000000008f400000|100%| S|CS|TAMS 0x000000008f300000, 0x000000008f300000| Complete 
| 244|0x000000008f400000, 0x000000008f400000, 0x000000008f500000|  0%| F|  |TAMS 0x000000008f400000, 0x000000008f400000| Untracked 
| 245|0x000000008f500000, 0x000000008f500000, 0x000000008f600000|  0%| F|  |TAMS 0x000000008f500000, 0x000000008f500000| Untracked 
| 246|0x000000008f600000, 0x000000008f600000, 0x000000008f700000|  0%| F|  |TAMS 0x000000008f600000, 0x000000008f600000| Untracked 
| 247|0x000000008f700000, 0x000000008f700000, 0x000000008f800000|  0%| F|  |TAMS 0x000000008f700000, 0x000000008f700000| Untracked 
| 248|0x000000008f800000, 0x000000008f800000, 0x000000008f900000|  0%| F|  |TAMS 0x000000008f800000, 0x000000008f800000| Untracked 
| 249|0x000000008f900000, 0x000000008f900000, 0x000000008fa00000|  0%| F|  |TAMS 0x000000008f900000, 0x000000008f900000| Untracked 
| 250|0x000000008fa00000, 0x000000008fa00000, 0x000000008fb00000|  0%| F|  |TAMS 0x000000008fa00000, 0x000000008fa00000| Untracked 
| 251|0x000000008fb00000, 0x000000008fc00000, 0x000000008fc00000|100%| E|  |TAMS 0x000000008fb00000, 0x000000008fb00000| Complete 
| 252|0x000000008fc00000, 0x000000008fd00000, 0x000000008fd00000|100%| E|CS|TAMS 0x000000008fc00000, 0x000000008fc00000| Complete 
| 253|0x000000008fd00000, 0x000000008fe00000, 0x000000008fe00000|100%| E|CS|TAMS 0x000000008fd00000, 0x000000008fd00000| Complete 
| 254|0x000000008fe00000, 0x000000008ff00000, 0x000000008ff00000|100%| S|CS|TAMS 0x000000008fe00000, 0x000000008fe00000| Complete 
| 255|0x000000008ff00000, 0x0000000090000000, 0x0000000090000000|100%| S|CS|TAMS 0x000000008ff00000, 0x000000008ff00000| Complete 
| 256|0x0000000090000000, 0x0000000090100000, 0x0000000090100000|100%| S|CS|TAMS 0x0000000090000000, 0x0000000090000000| Complete 
| 257|0x0000000090100000, 0x0000000090200000, 0x0000000090200000|100%| S|CS|TAMS 0x0000000090100000, 0x0000000090100000| Complete 
| 258|0x0000000090200000, 0x0000000090300000, 0x0000000090300000|100%| S|CS|TAMS 0x0000000090200000, 0x0000000090200000| Complete 
| 259|0x0000000090300000, 0x0000000090400000, 0x0000000090400000|100%| S|CS|TAMS 0x0000000090300000, 0x0000000090300000| Complete 
| 260|0x0000000090400000, 0x0000000090500000, 0x0000000090500000|100%| S|CS|TAMS 0x0000000090400000, 0x0000000090400000| Complete 
| 261|0x0000000090500000, 0x0000000090600000, 0x0000000090600000|100%| S|CS|TAMS 0x0000000090500000, 0x0000000090500000| Complete 
| 262|0x0000000090600000, 0x0000000090700000, 0x0000000090700000|100%| S|CS|TAMS 0x0000000090600000, 0x0000000090600000| Complete 
| 263|0x0000000090700000, 0x0000000090800000, 0x0000000090800000|100%| E|CS|TAMS 0x0000000090700000, 0x0000000090700000| Complete 
| 264|0x0000000090800000, 0x0000000090900000, 0x0000000090900000|100%| E|CS|TAMS 0x0000000090800000, 0x0000000090800000| Complete 
| 265|0x0000000090900000, 0x0000000090a00000, 0x0000000090a00000|100%| E|CS|TAMS 0x0000000090900000, 0x0000000090900000| Complete 
| 266|0x0000000090a00000, 0x0000000090b00000, 0x0000000090b00000|100%| E|CS|TAMS 0x0000000090a00000, 0x0000000090a00000| Complete 
| 267|0x0000000090b00000, 0x0000000090c00000, 0x0000000090c00000|100%| E|CS|TAMS 0x0000000090b00000, 0x0000000090b00000| Complete 
| 268|0x0000000090c00000, 0x0000000090d00000, 0x0000000090d00000|100%| E|CS|TAMS 0x0000000090c00000, 0x0000000090c00000| Complete 
| 269|0x0000000090d00000, 0x0000000090e00000, 0x0000000090e00000|100%| E|CS|TAMS 0x0000000090d00000, 0x0000000090d00000| Complete 
| 270|0x0000000090e00000, 0x0000000090f00000, 0x0000000090f00000|100%| E|CS|TAMS 0x0000000090e00000, 0x0000000090e00000| Complete 
| 271|0x0000000090f00000, 0x0000000091000000, 0x0000000091000000|100%| E|CS|TAMS 0x0000000090f00000, 0x0000000090f00000| Complete 
| 272|0x0000000091000000, 0x0000000091100000, 0x0000000091100000|100%| E|CS|TAMS 0x0000000091000000, 0x0000000091000000| Complete 
| 273|0x0000000091100000, 0x0000000091200000, 0x0000000091200000|100%| E|CS|TAMS 0x0000000091100000, 0x0000000091100000| Complete 
| 274|0x0000000091200000, 0x0000000091300000, 0x0000000091300000|100%| E|CS|TAMS 0x0000000091200000, 0x0000000091200000| Complete 
| 275|0x0000000091300000, 0x0000000091400000, 0x0000000091400000|100%| E|CS|TAMS 0x0000000091300000, 0x0000000091300000| Complete 
| 276|0x0000000091400000, 0x0000000091500000, 0x0000000091500000|100%| E|CS|TAMS 0x0000000091400000, 0x0000000091400000| Complete 
| 277|0x0000000091500000, 0x0000000091600000, 0x0000000091600000|100%| E|CS|TAMS 0x0000000091500000, 0x0000000091500000| Complete 
| 278|0x0000000091600000, 0x0000000091700000, 0x0000000091700000|100%| E|CS|TAMS 0x0000000091600000, 0x0000000091600000| Complete 
| 279|0x0000000091700000, 0x0000000091800000, 0x0000000091800000|100%| E|CS|TAMS 0x0000000091700000, 0x0000000091700000| Complete 
| 280|0x0000000091800000, 0x0000000091900000, 0x0000000091900000|100%| E|CS|TAMS 0x0000000091800000, 0x0000000091800000| Complete 
| 281|0x0000000091900000, 0x0000000091a00000, 0x0000000091a00000|100%| E|CS|TAMS 0x0000000091900000, 0x0000000091900000| Complete 
| 282|0x0000000091a00000, 0x0000000091b00000, 0x0000000091b00000|100%| E|CS|TAMS 0x0000000091a00000, 0x0000000091a00000| Complete 
| 283|0x0000000091b00000, 0x0000000091c00000, 0x0000000091c00000|100%| E|CS|TAMS 0x0000000091b00000, 0x0000000091b00000| Complete 
| 284|0x0000000091c00000, 0x0000000091d00000, 0x0000000091d00000|100%| E|CS|TAMS 0x0000000091c00000, 0x0000000091c00000| Complete 
| 285|0x0000000091d00000, 0x0000000091e00000, 0x0000000091e00000|100%| E|CS|TAMS 0x0000000091d00000, 0x0000000091d00000| Complete 
| 286|0x0000000091e00000, 0x0000000091f00000, 0x0000000091f00000|100%| E|CS|TAMS 0x0000000091e00000, 0x0000000091e00000| Complete 
| 287|0x0000000091f00000, 0x0000000092000000, 0x0000000092000000|100%| E|CS|TAMS 0x0000000091f00000, 0x0000000091f00000| Complete 
| 288|0x0000000092000000, 0x0000000092100000, 0x0000000092100000|100%| E|CS|TAMS 0x0000000092000000, 0x0000000092000000| Complete 
| 289|0x0000000092100000, 0x0000000092200000, 0x0000000092200000|100%| E|CS|TAMS 0x0000000092100000, 0x0000000092100000| Complete 
| 290|0x0000000092200000, 0x0000000092300000, 0x0000000092300000|100%| E|CS|TAMS 0x0000000092200000, 0x0000000092200000| Complete 
| 291|0x0000000092300000, 0x0000000092400000, 0x0000000092400000|100%| E|CS|TAMS 0x0000000092300000, 0x0000000092300000| Complete 
| 292|0x0000000092400000, 0x0000000092500000, 0x0000000092500000|100%| E|CS|TAMS 0x0000000092400000, 0x0000000092400000| Complete 
| 293|0x0000000092500000, 0x0000000092600000, 0x0000000092600000|100%| E|CS|TAMS 0x0000000092500000, 0x0000000092500000| Complete 
| 294|0x0000000092600000, 0x0000000092700000, 0x0000000092700000|100%| E|CS|TAMS 0x0000000092600000, 0x0000000092600000| Complete 
| 295|0x0000000092700000, 0x0000000092800000, 0x0000000092800000|100%| E|CS|TAMS 0x0000000092700000, 0x0000000092700000| Complete 
| 296|0x0000000092800000, 0x0000000092900000, 0x0000000092900000|100%| E|CS|TAMS 0x0000000092800000, 0x0000000092800000| Complete 
| 297|0x0000000092900000, 0x0000000092a00000, 0x0000000092a00000|100%| E|CS|TAMS 0x0000000092900000, 0x0000000092900000| Complete 
| 298|0x0000000092a00000, 0x0000000092b00000, 0x0000000092b00000|100%| E|CS|TAMS 0x0000000092a00000, 0x0000000092a00000| Complete 
| 299|0x0000000092b00000, 0x0000000092c00000, 0x0000000092c00000|100%| E|CS|TAMS 0x0000000092b00000, 0x0000000092b00000| Complete 
| 300|0x0000000092c00000, 0x0000000092d00000, 0x0000000092d00000|100%| E|CS|TAMS 0x0000000092c00000, 0x0000000092c00000| Complete 
| 301|0x0000000092d00000, 0x0000000092e00000, 0x0000000092e00000|100%| E|CS|TAMS 0x0000000092d00000, 0x0000000092d00000| Complete 
| 302|0x0000000092e00000, 0x0000000092f00000, 0x0000000092f00000|100%| E|CS|TAMS 0x0000000092e00000, 0x0000000092e00000| Complete 
| 303|0x0000000092f00000, 0x0000000093000000, 0x0000000093000000|100%| E|CS|TAMS 0x0000000092f00000, 0x0000000092f00000| Complete 
| 304|0x0000000093000000, 0x0000000093100000, 0x0000000093100000|100%| E|CS|TAMS 0x0000000093000000, 0x0000000093000000| Complete 
| 305|0x0000000093100000, 0x0000000093200000, 0x0000000093200000|100%| E|CS|TAMS 0x0000000093100000, 0x0000000093100000| Complete 
| 306|0x0000000093200000, 0x0000000093300000, 0x0000000093300000|100%| E|CS|TAMS 0x0000000093200000, 0x0000000093200000| Complete 
| 307|0x0000000093300000, 0x0000000093400000, 0x0000000093400000|100%| E|CS|TAMS 0x0000000093300000, 0x0000000093300000| Complete 
| 308|0x0000000093400000, 0x0000000093500000, 0x0000000093500000|100%| E|CS|TAMS 0x0000000093400000, 0x0000000093400000| Complete 
| 309|0x0000000093500000, 0x0000000093600000, 0x0000000093600000|100%| E|CS|TAMS 0x0000000093500000, 0x0000000093500000| Complete 
| 310|0x0000000093600000, 0x0000000093700000, 0x0000000093700000|100%| E|CS|TAMS 0x0000000093600000, 0x0000000093600000| Complete 
| 311|0x0000000093700000, 0x0000000093800000, 0x0000000093800000|100%| E|CS|TAMS 0x0000000093700000, 0x0000000093700000| Complete 
| 312|0x0000000093800000, 0x0000000093900000, 0x0000000093900000|100%| E|CS|TAMS 0x0000000093800000, 0x0000000093800000| Complete 
| 313|0x0000000093900000, 0x0000000093a00000, 0x0000000093a00000|100%| E|CS|TAMS 0x0000000093900000, 0x0000000093900000| Complete 
| 314|0x0000000093a00000, 0x0000000093b00000, 0x0000000093b00000|100%| E|CS|TAMS 0x0000000093a00000, 0x0000000093a00000| Complete 
| 315|0x0000000093b00000, 0x0000000093c00000, 0x0000000093c00000|100%| E|CS|TAMS 0x0000000093b00000, 0x0000000093b00000| Complete 
| 316|0x0000000093c00000, 0x0000000093d00000, 0x0000000093d00000|100%| E|CS|TAMS 0x0000000093c00000, 0x0000000093c00000| Complete 
| 317|0x0000000093d00000, 0x0000000093e00000, 0x0000000093e00000|100%| E|CS|TAMS 0x0000000093d00000, 0x0000000093d00000| Complete 
| 318|0x0000000093e00000, 0x0000000093f00000, 0x0000000093f00000|100%| E|CS|TAMS 0x0000000093e00000, 0x0000000093e00000| Complete 
| 319|0x0000000093f00000, 0x0000000094000000, 0x0000000094000000|100%| E|CS|TAMS 0x0000000093f00000, 0x0000000093f00000| Complete 
| 320|0x0000000094000000, 0x0000000094100000, 0x0000000094100000|100%| E|CS|TAMS 0x0000000094000000, 0x0000000094000000| Complete 
| 321|0x0000000094100000, 0x0000000094200000, 0x0000000094200000|100%| E|CS|TAMS 0x0000000094100000, 0x0000000094100000| Complete 
| 322|0x0000000094200000, 0x0000000094300000, 0x0000000094300000|100%| E|CS|TAMS 0x0000000094200000, 0x0000000094200000| Complete 
| 323|0x0000000094300000, 0x0000000094400000, 0x0000000094400000|100%| E|CS|TAMS 0x0000000094300000, 0x0000000094300000| Complete 
| 324|0x0000000094400000, 0x0000000094500000, 0x0000000094500000|100%| E|CS|TAMS 0x0000000094400000, 0x0000000094400000| Complete 
| 325|0x0000000094500000, 0x0000000094600000, 0x0000000094600000|100%| E|CS|TAMS 0x0000000094500000, 0x0000000094500000| Complete 
| 326|0x0000000094600000, 0x0000000094700000, 0x0000000094700000|100%| E|CS|TAMS 0x0000000094600000, 0x0000000094600000| Complete 
| 327|0x0000000094700000, 0x0000000094800000, 0x0000000094800000|100%| E|CS|TAMS 0x0000000094700000, 0x0000000094700000| Complete 
| 328|0x0000000094800000, 0x0000000094900000, 0x0000000094900000|100%| E|CS|TAMS 0x0000000094800000, 0x0000000094800000| Complete 
| 329|0x0000000094900000, 0x0000000094a00000, 0x0000000094a00000|100%| E|CS|TAMS 0x0000000094900000, 0x0000000094900000| Complete 
| 330|0x0000000094a00000, 0x0000000094b00000, 0x0000000094b00000|100%| E|CS|TAMS 0x0000000094a00000, 0x0000000094a00000| Complete 
| 331|0x0000000094b00000, 0x0000000094c00000, 0x0000000094c00000|100%| E|CS|TAMS 0x0000000094b00000, 0x0000000094b00000| Complete 
| 332|0x0000000094c00000, 0x0000000094d00000, 0x0000000094d00000|100%| E|CS|TAMS 0x0000000094c00000, 0x0000000094c00000| Complete 
| 333|0x0000000094d00000, 0x0000000094e00000, 0x0000000094e00000|100%| E|CS|TAMS 0x0000000094d00000, 0x0000000094d00000| Complete 
| 334|0x0000000094e00000, 0x0000000094f00000, 0x0000000094f00000|100%| E|CS|TAMS 0x0000000094e00000, 0x0000000094e00000| Complete 
| 335|0x0000000094f00000, 0x0000000095000000, 0x0000000095000000|100%| E|CS|TAMS 0x0000000094f00000, 0x0000000094f00000| Complete 
| 336|0x0000000095000000, 0x0000000095100000, 0x0000000095100000|100%| E|CS|TAMS 0x0000000095000000, 0x0000000095000000| Complete 
| 337|0x0000000095100000, 0x0000000095200000, 0x0000000095200000|100%| E|CS|TAMS 0x0000000095100000, 0x0000000095100000| Complete 

Card table byte_map: [0x000001b6bf1f0000,0x000001b6bf5f0000] _byte_map_base: 0x000001b6bedf0000

Marking Bits (Prev, Next): (CMBitMap*) 0x000001b6a58f23a8, (CMBitMap*) 0x000001b6a58f23e0
 Prev Bits: [0x000001b6bf9f0000, 0x000001b6c19f0000)
 Next Bits: [0x000001b6c19f0000, 0x000001b6c39f0000)

Polling page: 0x000001b6a5970000

Metaspace:

Usage:
  Non-class:     94.75 MB capacity,    92.81 MB ( 98%) used,     1.58 MB (  2%) free+waste,   360.31 KB ( <1%) overhead. 
      Class:     15.19 MB capacity,    13.91 MB ( 92%) used,     1.11 MB (  7%) free+waste,   166.94 KB (  1%) overhead. 
       Both:    109.94 MB capacity,   106.73 MB ( 97%) used,     2.70 MB (  2%) free+waste,   527.25 KB ( <1%) overhead. 

Virtual space:
  Non-class space:       96.00 MB reserved,      94.87 MB ( 99%) committed 
      Class space:      504.00 MB reserved,      15.20 MB (  3%) committed 
             Both:      600.00 MB reserved,     110.07 MB ( 18%) committed 

Chunk freelists:
   Non-Class:  1.00 KB
       Class:  0 bytes
        Both:  1.00 KB

MaxMetaspaceSize: 512.00 MB
CompressedClassSpaceSize: 504.00 MB
Initial GC threshold: 20.80 MB
Current GC threshold: 172.62 MB
CDS: off

CodeHeap 'non-profiled nmethods': size=120064Kb used=9263Kb max_used=9263Kb free=110800Kb
 bounds [0x000001b6b7290000, 0x000001b6b7ba0000, 0x000001b6be7d0000]
CodeHeap 'profiled nmethods': size=120000Kb used=34794Kb max_used=34794Kb free=85205Kb
 bounds [0x000001b6afd60000, 0x000001b6b1f60000, 0x000001b6b7290000]
CodeHeap 'non-nmethods': size=5696Kb used=2410Kb max_used=2481Kb free=3285Kb
 bounds [0x000001b6af7d0000, 0x000001b6afa50000, 0x000001b6afd60000]
 total_blobs=15692 nmethods=14753 adapters=850
 compilation: enabled
              stopped_count=0, restarted_count=0
 full_count=0

Compilation events (20 events):
Event: 66.262 Thread 0x000001b6c6074800 nmethod 14800 0x000001b6b1eafe10 code [0x000001b6b1eb0000, 0x000001b6b1eb03c8]
Event: 66.262 Thread 0x000001b6c6074800 14799       2       com.android.tools.r8.internal.f5::<init> (11 bytes)
Event: 66.262 Thread 0x000001b6c6074800 nmethod 14799 0x000001b6b1eb0590 code [0x000001b6b1eb0740, 0x000001b6b1eb0878]
Event: 66.262 Thread 0x000001b6c6074800 14802       2       com.android.tools.r8.internal.X4::a (41 bytes)
Event: 66.262 Thread 0x000001b6c6074800 nmethod 14802 0x000001b6b1eb0910 code [0x000001b6b1eb0ac0, 0x000001b6b1eb0be8]
Event: 66.262 Thread 0x000001b6c6074800 14801       2       java.util.LinkedList::getLast (22 bytes)
Event: 66.262 Thread 0x000001b6c6074800 nmethod 14801 0x000001b6b1eb0c90 code [0x000001b6b1eb0e60, 0x000001b6b1eb1028]
Event: 66.262 Thread 0x000001b6c6074800 14784       1       com.android.tools.r8.internal.Oc::O (2 bytes)
Event: 66.262 Thread 0x000001b6c6074800 nmethod 14784 0x000001b6b7b99310 code [0x000001b6b7b994c0, 0x000001b6b7b99578]
Event: 66.263 Thread 0x000001b6c6074800 14804       2       com.android.tools.r8.internal.b5::<init> (144 bytes)
Event: 66.264 Thread 0x000001b6c6074800 nmethod 14804 0x000001b6b1eb1110 code [0x000001b6b1eb1320, 0x000001b6b1eb19f8]
Event: 66.264 Thread 0x000001b6c6074800 14805       2       com.android.tools.r8.internal.H3::a (46 bytes)
Event: 66.264 Thread 0x000001b6c6074800 nmethod 14805 0x000001b6b1eb1d10 code [0x000001b6b1eb1f00, 0x000001b6b1eb2178]
Event: 66.264 Thread 0x000001b6c6074800 14806       2       com.android.tools.r8.internal.i2::a (104 bytes)
Event: 66.265 Thread 0x000001b6c6074800 nmethod 14806 0x000001b6b1eb2310 code [0x000001b6b1eb2580, 0x000001b6b1eb2ca8]
Event: 66.265 Thread 0x000001b6c6074800 14803       2       com.android.tools.r8.internal.l4::a (6 bytes)
Event: 66.266 Thread 0x000001b6c6074800 nmethod 14803 0x000001b6b1eb3110 code [0x000001b6b1eb32c0, 0x000001b6b1eb33e8]
Event: 66.266 Thread 0x000001b6c6074800 14807       2       com.android.tools.r8.internal.Me$$Lambda$1622/0x0000000100ec0040::accept (24 bytes)
Event: 66.266 Thread 0x000001b6c6074800 nmethod 14807 0x000001b6b1eb3510 code [0x000001b6b1eb36c0, 0x000001b6b1eb3868]
Event: 66.266 Thread 0x000001b6c6074800 14808       2       com.android.tools.r8.internal.Me::a (78 bytes)

GC Heap History (20 events):
Event: 61.331 GC heap before
{Heap before GC invocations=53 (full 0):
 garbage-first heap   total 157696K, used 130424K [0x0000000080000000, 0x0000000100000000)
  region size 1024K, 20 young (20480K), 3 survivors (3072K)
 Metaspace       used 100400K, capacity 103260K, committed 103368K, reserved 606208K
  class space    used 12973K, capacity 14102K, committed 14156K, reserved 516096K
}
Event: 61.338 GC heap after
{Heap after GC invocations=54 (full 0):
 garbage-first heap   total 157696K, used 114974K [0x0000000080000000, 0x0000000100000000)
  region size 1024K, 3 young (3072K), 3 survivors (3072K)
 Metaspace       used 100400K, capacity 103260K, committed 103368K, reserved 606208K
  class space    used 12973K, capacity 14102K, committed 14156K, reserved 516096K
}
Event: 61.522 GC heap before
{Heap before GC invocations=54 (full 0):
 garbage-first heap   total 157696K, used 130334K [0x0000000080000000, 0x0000000100000000)
  region size 1024K, 20 young (20480K), 3 survivors (3072K)
 Metaspace       used 100609K, capacity 103470K, committed 103624K, reserved 606208K
  class space    used 13005K, capacity 14151K, committed 14156K, reserved 516096K
}
Event: 61.537 GC heap after
{Heap after GC invocations=55 (full 0):
 garbage-first heap   total 157696K, used 119524K [0x0000000080000000, 0x0000000100000000)
  region size 1024K, 3 young (3072K), 3 survivors (3072K)
 Metaspace       used 100609K, capacity 103470K, committed 103624K, reserved 606208K
  class space    used 13005K, capacity 14151K, committed 14156K, reserved 516096K
}
Event: 61.758 GC heap before
{Heap before GC invocations=55 (full 0):
 garbage-first heap   total 157696K, used 132836K [0x0000000080000000, 0x0000000100000000)
  region size 1024K, 16 young (16384K), 3 survivors (3072K)
 Metaspace       used 100777K, capacity 103723K, committed 104008K, reserved 606208K
  class space    used 13035K, capacity 14173K, committed 14284K, reserved 516096K
}
Event: 61.773 GC heap after
{Heap after GC invocations=56 (full 0):
 garbage-first heap   total 193536K, used 123242K [0x0000000080000000, 0x0000000100000000)
  region size 1024K, 2 young (2048K), 2 survivors (2048K)
 Metaspace       used 100777K, capacity 103723K, committed 104008K, reserved 606208K
  class space    used 13035K, capacity 14173K, committed 14284K, reserved 516096K
}
Event: 62.232 GC heap before
{Heap before GC invocations=57 (full 0):
 garbage-first heap   total 193536K, used 148842K [0x0000000080000000, 0x0000000100000000)
  region size 1024K, 27 young (27648K), 2 survivors (2048K)
 Metaspace       used 102145K, capacity 105080K, committed 105160K, reserved 608256K
  class space    used 13219K, capacity 14366K, committed 14412K, reserved 516096K
}
Event: 62.253 GC heap after
{Heap after GC invocations=58 (full 0):
 garbage-first heap   total 193536K, used 128632K [0x0000000080000000, 0x0000000100000000)
  region size 1024K, 4 young (4096K), 4 survivors (4096K)
 Metaspace       used 102145K, capacity 105080K, committed 105160K, reserved 608256K
  class space    used 13219K, capacity 14366K, committed 14412K, reserved 516096K
}
Event: 62.469 GC heap before
{Heap before GC invocations=58 (full 0):
 garbage-first heap   total 193536K, used 152184K [0x0000000080000000, 0x0000000100000000)
  region size 1024K, 28 young (28672K), 4 survivors (4096K)
 Metaspace       used 102587K, capacity 105515K, committed 105800K, reserved 608256K
  class space    used 13253K, capacity 14404K, committed 14540K, reserved 516096K
}
Event: 62.490 GC heap after
{Heap after GC invocations=59 (full 0):
 garbage-first heap   total 193536K, used 134298K [0x0000000080000000, 0x0000000100000000)
  region size 1024K, 4 young (4096K), 4 survivors (4096K)
 Metaspace       used 102587K, capacity 105515K, committed 105800K, reserved 608256K
  class space    used 13253K, capacity 14404K, committed 14540K, reserved 516096K
}
Event: 62.881 GC heap before
{Heap before GC invocations=59 (full 0):
 garbage-first heap   total 193536K, used 156826K [0x0000000080000000, 0x0000000100000000)
  region size 1024K, 26 young (26624K), 4 survivors (4096K)
 Metaspace       used 102982K, capacity 105985K, committed 106056K, reserved 608256K
  class space    used 13333K, capacity 14526K, committed 14540K, reserved 516096K
}
Event: 62.901 GC heap after
{Heap after GC invocations=60 (full 0):
 garbage-first heap   total 193536K, used 139167K [0x0000000080000000, 0x0000000100000000)
  region size 1024K, 4 young (4096K), 4 survivors (4096K)
 Metaspace       used 102982K, capacity 105985K, committed 106056K, reserved 608256K
  class space    used 13333K, capacity 14526K, committed 14540K, reserved 516096K
}
Event: 63.091 GC heap before
{Heap before GC invocations=60 (full 0):
 garbage-first heap   total 193536K, used 159647K [0x0000000080000000, 0x0000000100000000)
  region size 1024K, 24 young (24576K), 4 survivors (4096K)
 Metaspace       used 102977K, capacity 105974K, committed 106056K, reserved 608256K
  class space    used 13330K, capacity 14520K, committed 14540K, reserved 516096K
}
Event: 63.114 GC heap after
{Heap after GC invocations=61 (full 0):
 garbage-first heap   total 346112K, used 143171K [0x0000000080000000, 0x0000000100000000)
  region size 1024K, 3 young (3072K), 3 survivors (3072K)
 Metaspace       used 102977K, capacity 105974K, committed 106056K, reserved 608256K
  class space    used 13330K, capacity 14520K, committed 14540K, reserved 516096K
}
Event: 63.907 GC heap before
{Heap before GC invocations=62 (full 0):
 garbage-first heap   total 346112K, used 215875K [0x0000000080000000, 0x0000000100000000)
  region size 1024K, 75 young (76800K), 3 survivors (3072K)
 Metaspace       used 106234K, capacity 109352K, committed 109512K, reserved 612352K
  class space    used 13900K, capacity 15164K, committed 15180K, reserved 516096K
}
Event: 63.943 GC heap after
{Heap after GC invocations=63 (full 0):
 garbage-first heap   total 346112K, used 154047K [0x0000000080000000, 0x0000000100000000)
  region size 1024K, 10 young (10240K), 10 survivors (10240K)
 Metaspace       used 106234K, capacity 109352K, committed 109512K, reserved 612352K
  class space    used 13900K, capacity 15164K, committed 15180K, reserved 516096K
}
Event: 65.125 GC heap before
{Heap before GC invocations=63 (full 0):
 garbage-first heap   total 346112K, used 228799K [0x0000000080000000, 0x0000000100000000)
  region size 1024K, 84 young (86016K), 10 survivors (10240K)
 Metaspace       used 108519K, capacity 111871K, committed 111944K, reserved 614400K
  class space    used 14207K, capacity 15519K, committed 15564K, reserved 516096K
}
Event: 65.157 GC heap after
{Heap after GC invocations=64 (full 0):
 garbage-first heap   total 346112K, used 164416K [0x0000000080000000, 0x0000000100000000)
  region size 1024K, 10 young (10240K), 10 survivors (10240K)
 Metaspace       used 108519K, capacity 111871K, committed 111944K, reserved 614400K
  class space    used 14207K, capacity 15519K, committed 15564K, reserved 516096K
}
Event: 66.025 GC heap before
{Heap before GC invocations=64 (full 0):
 garbage-first heap   total 346112K, used 241216K [0x0000000080000000, 0x0000000100000000)
  region size 1024K, 85 young (87040K), 10 survivors (10240K)
 Metaspace       used 109080K, capacity 112429K, committed 112456K, reserved 614400K
  class space    used 14232K, capacity 15552K, committed 15564K, reserved 516096K
}
Event: 66.056 GC heap after
{Heap after GC invocations=65 (full 0):
 garbage-first heap   total 346112K, used 172348K [0x0000000080000000, 0x0000000100000000)
  region size 1024K, 11 young (11264K), 11 survivors (11264K)
 Metaspace       used 109080K, capacity 112429K, committed 112456K, reserved 614400K
  class space    used 14232K, capacity 15552K, committed 15564K, reserved 516096K
}

Deoptimization events (20 events):
Event: 65.879 Thread 0x000001b6c9536000 DEOPT PACKING pc=0x000001b6b7b682c8 sp=0x00000077b0af9b00
Event: 65.879 Thread 0x000001b6c9536000 DEOPT UNPACKING pc=0x000001b6af81a1af sp=0x00000077b0af9a98 mode 2
Event: 65.888 Thread 0x000001b6ca23c000 DEOPT PACKING pc=0x000001b6b197c937 sp=0x00000077afaf9b50
Event: 65.888 Thread 0x000001b6ca23c000 DEOPT UNPACKING pc=0x000001b6af81a95e sp=0x00000077afaf92e0 mode 0
Event: 65.899 Thread 0x000001b6ca23c000 DEOPT PACKING pc=0x000001b6b197c8f5 sp=0x00000077afaf9b50
Event: 65.899 Thread 0x000001b6ca23c000 DEOPT UNPACKING pc=0x000001b6af81a95e sp=0x00000077afaf92e0 mode 0
Event: 65.912 Thread 0x000001b6ca23c000 DEOPT PACKING pc=0x000001b6b197c916 sp=0x00000077afaf9b50
Event: 65.912 Thread 0x000001b6ca23c000 DEOPT UNPACKING pc=0x000001b6af81a95e sp=0x00000077afaf92e0 mode 0
Event: 66.056 Thread 0x000001b6ca23c000 DEOPT PACKING pc=0x000001b6b197c937 sp=0x00000077afaf9b50
Event: 66.056 Thread 0x000001b6ca23c000 DEOPT UNPACKING pc=0x000001b6af81a95e sp=0x00000077afaf92e0 mode 0
Event: 66.062 Thread 0x000001b6ca23c000 DEOPT PACKING pc=0x000001b6b197c937 sp=0x00000077afaf9b50
Event: 66.062 Thread 0x000001b6ca23c000 DEOPT UNPACKING pc=0x000001b6af81a95e sp=0x00000077afaf92e0 mode 0
Event: 66.121 Thread 0x000001b6ca23c000 DEOPT PACKING pc=0x000001b6b197c916 sp=0x00000077afaf9730
Event: 66.121 Thread 0x000001b6ca23c000 DEOPT UNPACKING pc=0x000001b6af81a95e sp=0x00000077afaf8ec0 mode 0
Event: 66.187 Thread 0x000001b6ca23c000 DEOPT PACKING pc=0x000001b6b197c937 sp=0x00000077afaf9730
Event: 66.187 Thread 0x000001b6ca23c000 DEOPT UNPACKING pc=0x000001b6af81a95e sp=0x00000077afaf8ec0 mode 0
Event: 66.192 Thread 0x000001b6cc821800 Uncommon trap: trap_request=0xffffff4d fr.pc=0x000001b6b7b95448 relative=0x0000000000000268
Event: 66.192 Thread 0x000001b6cc821800 Uncommon trap: reason=unstable_if action=reinterpret pc=0x000001b6b7b95448 method=com.android.tools.r8.ir.regalloc.b.compareTo(Ljava/lang/Object;)I @ 87 c2
Event: 66.192 Thread 0x000001b6cc821800 DEOPT PACKING pc=0x000001b6b7b95448 sp=0x00000077b15f9560
Event: 66.192 Thread 0x000001b6cc821800 DEOPT UNPACKING pc=0x000001b6af81a1af sp=0x00000077b15f94f8 mode 2

Classes redefined (0 events):
No events

Internal exceptions (20 events):
Event: 61.681 Thread 0x000001b6ca23c000 Exception <a 'java/lang/IncompatibleClassChangeError'{0x00000000890b7eb0}: Found class java.lang.Object, but interface was expected> (0x00000000890b7eb0) thrown at [./src/hotspot/share/interpreter/linkResolver.cpp, line 839]
Event: 61.682 Thread 0x000001b6ca23c000 Exception <a 'java/lang/NoSuchMethodError'{0x00000000890bfc48}: 'java.lang.Object java.lang.invoke.DirectMethodHandle$Holder.newInvokeSpecial(java.lang.Object, int)'> (0x00000000890bfc48) thrown at [./src/hotspot/share/interpreter/linkResolver.cpp, line 773]
Event: 61.698 Thread 0x000001b6cc821800 Exception <a 'java/lang/IncompatibleClassChangeError'{0x0000000088f6b458}: Found class java.lang.Object, but interface was expected> (0x0000000088f6b458) thrown at [./src/hotspot/share/interpreter/linkResolver.cpp, line 839]
Event: 61.698 Thread 0x000001b6ca23c000 Exception <a 'java/lang/IncompatibleClassChangeError'{0x0000000088f7bfa8}: Found class java.lang.Object, but interface was expected> (0x0000000088f7bfa8) thrown at [./src/hotspot/share/interpreter/linkResolver.cpp, line 839]
Event: 61.698 Thread 0x000001b6c9530000 Exception <a 'java/lang/IncompatibleClassChangeError'{0x0000000088f84410}: Found class java.lang.Object, but interface was expected> (0x0000000088f84410) thrown at [./src/hotspot/share/interpreter/linkResolver.cpp, line 839]
Event: 61.702 Thread 0x000001b6ca23c000 Exception <a 'java/lang/IncompatibleClassChangeError'{0x0000000088fdeee8}: Found class java.lang.Object, but interface was expected> (0x0000000088fdeee8) thrown at [./src/hotspot/share/interpreter/linkResolver.cpp, line 839]
Event: 61.848 Thread 0x000001b6ca23c000 Exception <a 'java/lang/IncompatibleClassChangeError'{0x000000008b9f2b38}: Found class java.lang.Object, but interface was expected> (0x000000008b9f2b38) thrown at [./src/hotspot/share/interpreter/linkResolver.cpp, line 839]
Event: 62.691 Thread 0x000001b6ca23c000 Exception <a 'java/lang/NoSuchMethodError'{0x000000008b6f63f8}: 'java.lang.Object java.lang.invoke.DirectMethodHandle$Holder.invokeStatic(java.lang.Object, int, java.lang.Object, java.lang.Object)'> (0x000000008b6f63f8) thrown at [./src/hotspot/share/interpreter/linkResolver.cpp, line 773]
Event: 63.418 Thread 0x000001b6c9530000 Exception <a 'java/lang/NoSuchMethodError'{0x0000000092e462e8}: 'java.lang.Object java.lang.invoke.DirectMethodHandle$Holder.invokeVirtual(java.lang.Object, java.lang.Object, int, java.lang.Object)'> (0x0000000092e462e8) thrown at [./src/hotspot/share/interpreter/linkResolver.cpp, line 773]
Event: 63.477 Thread 0x000001b6cc821800 Exception <a 'java/lang/NoSuchMethodError'{0x00000000929f7df8}: 'void java.lang.invoke.DirectMethodHandle$Holder.invokeVirtual(java.lang.Object, java.lang.Object, int, java.lang.Object)'> (0x00000000929f7df8) thrown at [./src/hotspot/share/interpreter/linkResolver.cpp, line 773]
Event: 63.767 Thread 0x000001b6ca23c000 Exception <a 'java/lang/IncompatibleClassChangeError'{0x000000009109f7c8}: Found class java.lang.Object, but interface was expected> (0x000000009109f7c8) thrown at [./src/hotspot/share/interpreter/linkResolver.cpp, line 839]
Event: 63.825 Thread 0x000001b6ca23c000 Exception <a 'java/lang/NoSuchMethodError'{0x0000000090d14730}: 'void java.lang.invoke.DirectMethodHandle$Holder.invokeSpecial(java.lang.Object, java.lang.Object, int, java.lang.Object, java.lang.Object, java.lang.Object, java.lang.Object)'> (0x0000000090d14730) thrown at [./src/hotspot/share/interpreter/linkResolver.cpp, line 773]
Event: 63.826 Thread 0x000001b6ca23c000 Exception <a 'java/lang/NoSuchMethodError'{0x0000000090d6b4e0}: 'java.lang.Object java.lang.invoke.Invokers$Holder.linkToTargetMethod(java.lang.Object, int, java.lang.Object, java.lang.Object, java.lang.Object, java.lang.Object)'> (0x0000000090d6b4e0) thrown at [./src/hotspot/share/interpreter/linkResolver.cpp, line 773]
Event: 63.827 Thread 0x000001b6ca23c000 Exception <a 'java/lang/NoSuchMethodError'{0x0000000090d6f990}: 'void java.lang.invoke.DirectMethodHandle$Holder.invokeSpecial(java.lang.Object, java.lang.Object, java.lang.Object, java.lang.Object, java.lang.Object, java.lang.Object, java.lang.Object, java.lang.Object, java.lang.Object)'> (0x0000000090d6f990) thrown at [./src/hotspot/share/interpreter/linkResolver.cpp, line 773]
Event: 63.839 Thread 0x000001b6ca23c000 Exception <a 'java/lang/NoSuchMethodError'{0x0000000090dfc5d8}: 'void java.lang.invoke.DirectMethodHandle$Holder.invokeStatic(java.lang.Object, java.lang.Object, java.lang.Object, java.lang.Object, java.lang.Object, java.lang.Object, java.lang.Object, java.lang.Object)'> (0x0000000090dfc5d8) thrown at [./src/hotspot/share/interpreter/linkResolver.cpp, line 773]
Event: 64.437 Thread 0x000001b6ca23c000 Exception <a 'java/lang/IncompatibleClassChangeError'{0x00000000938cc528}: Found class java.lang.Object, but interface was expected> (0x00000000938cc528) thrown at [./src/hotspot/share/interpreter/linkResolver.cpp, line 839]
Event: 64.470 Thread 0x000001b6ca23c000 Exception <a 'java/lang/NoSuchMethodError'{0x000000009369b0e0}: 'void java.lang.invoke.DirectMethodHandle$Holder.invokeVirtual(java.lang.Object, java.lang.Object, int)'> (0x000000009369b0e0) thrown at [./src/hotspot/share/interpreter/linkResolver.cpp, line 773]
Event: 64.598 Thread 0x000001b6ca23c000 Exception <a 'sun/nio/fs/WindowsException'{0x0000000093215258}> (0x0000000093215258) thrown at [./src/hotspot/share/prims/jni.cpp, line 617]
Event: 64.711 Thread 0x000001b6ca23c000 Exception <a 'java/lang/NoSuchMethodError'{0x0000000092d90d00}: 'java.lang.Object java.lang.invoke.DirectMethodHandle$Holder.newInvokeSpecial(java.lang.Object, java.lang.Object, java.lang.Object, java.lang.Object)'> (0x0000000092d90d00) thrown at [./src/hotspot/share/interpreter/linkResolver.cpp, line 773]
Event: 65.060 Thread 0x000001b6ca23c000 Exception <a 'sun/nio/fs/WindowsException'{0x0000000090c8f110}> (0x0000000090c8f110) thrown at [./src/hotspot/share/prims/jni.cpp, line 617]

Events (20 events):
Event: 65.643 loading class com/android/tools/r8/code/u3
Event: 65.643 loading class com/android/tools/r8/code/u3 done
Event: 65.643 loading class com/android/tools/r8/code/v3
Event: 65.643 loading class com/android/tools/r8/code/v3 done
Event: 65.644 loading class com/android/tools/r8/code/s3
Event: 65.644 loading class com/android/tools/r8/code/s3 done
Event: 65.737 Executing VM operation: ICBufferFull
Event: 65.741 Executing VM operation: ICBufferFull done
Event: 66.022 Executing VM operation: G1CollectForAllocation
Event: 66.056 Executing VM operation: G1CollectForAllocation done
Event: 66.112 loading class com/android/tools/r8/code/y0
Event: 66.112 loading class com/android/tools/r8/code/y0 done
Event: 66.112 loading class com/android/tools/r8/code/x0
Event: 66.112 loading class com/android/tools/r8/code/x0 done
Event: 66.177 loading class com/android/tools/r8/code/K2
Event: 66.177 loading class com/android/tools/r8/code/K2 done
Event: 66.178 loading class com/android/tools/r8/code/J2
Event: 66.178 loading class com/android/tools/r8/code/J2 done
Event: 66.180 loading class com/android/tools/r8/internal/ut
Event: 66.180 loading class com/android/tools/r8/internal/ut done


Dynamic libraries:
0x00007ff70e300000 - 0x00007ff70e30d000 	C:\Program Files\OpenJDK\openjdk-11.0.15_10\bin\java.exe
0x00007ff9caeb0000 - 0x00007ff9cb0a7000 	C:\WINDOWS\SYSTEM32\ntdll.dll
0x00007ff9cac10000 - 0x00007ff9caccd000 	C:\WINDOWS\System32\KERNEL32.DLL
0x00007ff9c8810000 - 0x00007ff9c8add000 	C:\WINDOWS\System32\KERNELBASE.dll
0x00007ff9c8c80000 - 0x00007ff9c8d80000 	C:\WINDOWS\System32\ucrtbase.dll
0x00007ff9a56f0000 - 0x00007ff9a5706000 	C:\Program Files\OpenJDK\openjdk-11.0.15_10\bin\VCRUNTIME140.dll
0x00007ff9a5610000 - 0x00007ff9a5628000 	C:\Program Files\OpenJDK\openjdk-11.0.15_10\bin\jli.dll
0x00007ff9c9d10000 - 0x00007ff9c9eb0000 	C:\WINDOWS\System32\USER32.dll
0x00007ff9b8a90000 - 0x00007ff9b8d2a000 	C:\WINDOWS\WinSxS\amd64_microsoft.windows.common-controls_6595b64144ccf1df_6.0.19041.1110_none_60b5254171f9507e\COMCTL32.dll
0x00007ff9c8680000 - 0x00007ff9c86a2000 	C:\WINDOWS\System32\win32u.dll
0x00007ff9ca2f0000 - 0x00007ff9ca38e000 	C:\WINDOWS\System32\msvcrt.dll
0x00007ff9ca2c0000 - 0x00007ff9ca2ea000 	C:\WINDOWS\System32\GDI32.dll
0x00007ff9c8ae0000 - 0x00007ff9c8beb000 	C:\WINDOWS\System32\gdi32full.dll
0x00007ff9c8720000 - 0x00007ff9c87bd000 	C:\WINDOWS\System32\msvcp_win.dll
0x00007ff9c8f10000 - 0x00007ff9c8f40000 	C:\WINDOWS\System32\IMM32.DLL
0x00007ff989b40000 - 0x00007ff989bea000 	C:\Program Files\OpenJDK\openjdk-11.0.15_10\bin\msvcp140.dll
0x00007ff978240000 - 0x00007ff978d91000 	C:\Program Files\OpenJDK\openjdk-11.0.15_10\bin\server\jvm.dll
0x00007ff9c9560000 - 0x00007ff9c960e000 	C:\WINDOWS\System32\ADVAPI32.dll
0x00007ff9ca080000 - 0x00007ff9ca11c000 	C:\WINDOWS\System32\sechost.dll
0x00007ff9c9b30000 - 0x00007ff9c9c55000 	C:\WINDOWS\System32\RPCRT4.dll
0x00007ff9c9f10000 - 0x00007ff9c9f18000 	C:\WINDOWS\System32\PSAPI.DLL
0x00007ff9bb4b0000 - 0x00007ff9bb4d7000 	C:\WINDOWS\SYSTEM32\WINMM.dll
0x00007ff9bf190000 - 0x00007ff9bf19a000 	C:\WINDOWS\SYSTEM32\VERSION.dll
0x00007ff9c02a0000 - 0x00007ff9c02a9000 	C:\WINDOWS\SYSTEM32\WSOCK32.dll
0x00007ff9cacd0000 - 0x00007ff9cad3b000 	C:\WINDOWS\System32\WS2_32.dll
0x00007ff9c6eb0000 - 0x00007ff9c6ec2000 	C:\WINDOWS\SYSTEM32\kernel.appcore.dll
0x00007ff9a51a0000 - 0x00007ff9a51b1000 	C:\Program Files\OpenJDK\openjdk-11.0.15_10\bin\verify.dll
0x00007ff9c6b70000 - 0x00007ff9c6d54000 	C:\WINDOWS\SYSTEM32\DBGHELP.DLL
0x00007ff9c25c0000 - 0x00007ff9c25ec000 	C:\WINDOWS\SYSTEM32\dbgcore.DLL
0x00007ff9c8bf0000 - 0x00007ff9c8c72000 	C:\WINDOWS\System32\bcryptPrimitives.dll
0x00007ff9a5170000 - 0x00007ff9a5199000 	C:\Program Files\OpenJDK\openjdk-11.0.15_10\bin\java.dll
0x00007ff9a9a10000 - 0x00007ff9a9a1a000 	C:\Program Files\OpenJDK\openjdk-11.0.15_10\bin\jimage.dll
0x00007ff9a3bf0000 - 0x00007ff9a3c08000 	C:\Program Files\OpenJDK\openjdk-11.0.15_10\bin\zip.dll
0x00007ff9ca440000 - 0x00007ff9cab84000 	C:\WINDOWS\System32\SHELL32.dll
0x00007ff9c63d0000 - 0x00007ff9c6b64000 	C:\WINDOWS\SYSTEM32\windows.storage.dll
0x00007ff9c9690000 - 0x00007ff9c99e4000 	C:\WINDOWS\System32\combase.dll
0x00007ff9c8030000 - 0x00007ff9c805c000 	C:\WINDOWS\SYSTEM32\Wldp.dll
0x00007ff9ca390000 - 0x00007ff9ca43d000 	C:\WINDOWS\System32\SHCORE.dll
0x00007ff9c9eb0000 - 0x00007ff9c9f05000 	C:\WINDOWS\System32\shlwapi.dll
0x00007ff9c8510000 - 0x00007ff9c852f000 	C:\WINDOWS\SYSTEM32\profapi.dll
0x00007ff9a3bd0000 - 0x00007ff9a3be9000 	C:\Program Files\OpenJDK\openjdk-11.0.15_10\bin\net.dll
0x00007ff9c00d0000 - 0x00007ff9c01da000 	C:\WINDOWS\SYSTEM32\WINHTTP.dll
0x00007ff9c7d90000 - 0x00007ff9c7dfa000 	C:\WINDOWS\system32\mswsock.dll
0x00007ff9a31a0000 - 0x00007ff9a31b3000 	C:\Program Files\OpenJDK\openjdk-11.0.15_10\bin\nio.dll
0x00007ff9c3f60000 - 0x00007ff9c3f87000 	C:\Users\Tom\.gradle\native\e1d6ef7f7dcc3fd88c89a11ec53ec762bb8ba0a96d01ffa2cd45eb1d1d8dd5c5\windows-amd64\native-platform.dll
0x00007ff989900000 - 0x00007ff989a44000 	C:\Users\Tom\.gradle\native\5664cfc778a61ccfe75a443a1ab52a65af34e5dc3c78e0209fed803814484fcb\windows-amd64\native-platform-file-events.dll
0x00007ff9a9a20000 - 0x00007ff9a9a29000 	C:\Program Files\OpenJDK\openjdk-11.0.15_10\bin\management.dll
0x00007ff9a6560000 - 0x00007ff9a656c000 	C:\Program Files\OpenJDK\openjdk-11.0.15_10\bin\management_ext.dll
0x00007ff9c7f80000 - 0x00007ff9c7f98000 	C:\WINDOWS\SYSTEM32\CRYPTSP.dll
0x00007ff9c7640000 - 0x00007ff9c7674000 	C:\WINDOWS\system32\rsaenh.dll
0x00007ff9c8d80000 - 0x00007ff9c8da7000 	C:\WINDOWS\System32\bcrypt.dll
0x00007ff9c8490000 - 0x00007ff9c84be000 	C:\WINDOWS\SYSTEM32\USERENV.dll
0x00007ff9c7fa0000 - 0x00007ff9c7fac000 	C:\WINDOWS\SYSTEM32\CRYPTBASE.dll
0x00007ff9c7a30000 - 0x00007ff9c7a6b000 	C:\WINDOWS\SYSTEM32\IPHLPAPI.DLL
0x00007ff9cad40000 - 0x00007ff9cad48000 	C:\WINDOWS\System32\NSI.dll
0x00007ff9c0490000 - 0x00007ff9c04a7000 	C:\WINDOWS\SYSTEM32\dhcpcsvc6.DLL
0x00007ff9c0eb0000 - 0x00007ff9c0ecd000 	C:\WINDOWS\SYSTEM32\dhcpcsvc.DLL
0x00007ff9c7ac0000 - 0x00007ff9c7b8b000 	C:\WINDOWS\SYSTEM32\DNSAPI.dll

dbghelp: loaded successfully - version: 4.0.5 - missing functions: none
symbol engine: initialized successfully - sym options: 0x614 - pdb path: .;C:\Program Files\OpenJDK\openjdk-11.0.15_10\bin;C:\WINDOWS\SYSTEM32;C:\WINDOWS\WinSxS\amd64_microsoft.windows.common-controls_6595b64144ccf1df_6.0.19041.1110_none_60b5254171f9507e;C:\Program Files\OpenJDK\openjdk-11.0.15_10\bin\server;C:\Users\Tom\.gradle\native\e1d6ef7f7dcc3fd88c89a11ec53ec762bb8ba0a96d01ffa2cd45eb1d1d8dd5c5\windows-amd64;C:\Users\Tom\.gradle\native\5664cfc778a61ccfe75a443a1ab52a65af34e5dc3c78e0209fed803814484fcb\windows-amd64

VM Arguments:
jvm_args: -XX:MaxMetaspaceSize=512m --add-opens=java.base/java.util=ALL-UNNAMED --add-opens=java.base/java.lang=ALL-UNNAMED --add-opens=java.base/java.lang.invoke=ALL-UNNAMED --add-opens=java.base/java.util=ALL-UNNAMED --add-opens=java.prefs/java.util.prefs=ALL-UNNAMED --add-opens=java.prefs/java.util.prefs=ALL-UNNAMED --add-opens=java.base/java.nio.charset=ALL-UNNAMED --add-opens=java.base/java.net=ALL-UNNAMED --add-opens=java.base/java.util.concurrent.atomic=ALL-UNNAMED -Xmx2048m -Dfile.encoding=windows-1252 -Duser.country=GB -Duser.language=en -Duser.variant 
java_command: org.gradle.launcher.daemon.bootstrap.GradleDaemon 7.3.3
java_class_path (initial): C:\Users\Tom\.gradle\wrapper\dists\gradle-7.3.3-all\4295vidhdd9hd3gbjyw1xqxpo\gradle-7.3.3\lib\gradle-launcher-7.3.3.jar
Launcher Type: SUN_STANDARD

[Global flags]
     intx CICompilerCount                          = 3                                         {product} {ergonomic}
   size_t CompressedClassSpaceSize                 = 528482304                                 {product} {ergonomic}
     uint ConcGCThreads                            = 1                                         {product} {ergonomic}
     uint G1ConcRefinementThreads                  = 4                                         {product} {ergonomic}
   size_t G1HeapRegionSize                         = 1048576                                   {product} {ergonomic}
    uintx GCDrainStackTargetSize                   = 64                                        {product} {ergonomic}
   size_t InitialHeapSize                          = 134217728                                 {product} {ergonomic}
   size_t MarkStackSize                            = 4194304                                   {product} {ergonomic}
   size_t MaxHeapSize                              = 2147483648                                {product} {command line}
   size_t MaxMetaspaceSize                         = 536870912                                 {product} {command line}
   size_t MaxNewSize                               = 1287651328                                {product} {ergonomic}
   size_t MinHeapDeltaBytes                        = 1048576                                   {product} {ergonomic}
    uintx NonNMethodCodeHeapSize                   = 5830732                                {pd product} {ergonomic}
    uintx NonProfiledCodeHeapSize                  = 122913754                              {pd product} {ergonomic}
    uintx ProfiledCodeHeapSize                     = 122913754                              {pd product} {ergonomic}
    uintx ReservedCodeCacheSize                    = 251658240                              {pd product} {ergonomic}
     bool SegmentedCodeCache                       = true                                      {product} {ergonomic}
     bool UseCompressedClassPointers               = true                                 {lp64_product} {ergonomic}
     bool UseCompressedOops                        = true                                 {lp64_product} {ergonomic}
     bool UseG1GC                                  = true                                      {product} {ergonomic}
     bool UseLargePagesIndividualAllocation        = false                                  {pd product} {ergonomic}

Logging:
Log output configuration:
 #0: stdout all=warning uptime,level,tags
 #1: stderr all=off uptime,level,tags

Environment Variables:
JAVA_HOME=C:\Program Files\OpenJDK\openjdk-11.0.15_10
CLASSPATH=C:\Users\Tom\Documents\Programmation\React Native\projectRNcli\android\\gradle\wrapper\gradle-wrapper.jar
PATH=C:\Users\Tom\Documents\Programmation\React Native\projectRNcli\android\node_modules\.bin;C:\Users\Tom\Documents\Programmation\React Native\projectRNcli\node_modules\.bin;C:\Users\Tom\Documents\Programmation\React Native\node_modules\.bin;C:\Users\Tom\Documents\Programmation\node_modules\.bin;C:\Users\Tom\Documents\node_modules\.bin;C:\Users\Tom\node_modules\.bin;C:\Users\node_modules\.bin;C:\node_modules\.bin;C:\Program Files\nodejs;C:\Users\Tom\Documents\Programmation\React Native\projectRNcli\node_modules\.bin;C:\Users\Tom\Documents\Programmation\React Native\node_modules\.bin;C:\Users\Tom\Documents\Programmation\node_modules\.bin;C:\Users\Tom\Documents\node_modules\.bin;C:\Users\Tom\node_modules\.bin;C:\Users\node_modules\.bin;C:\node_modules\.bin;C:\Program Files\nodejs\node_modules\npm\node_modules\@npmcli\run-script\lib\node-gyp-bin;C:\Python310\Scripts\;C:\Python310\;C:\Program Files\Common Files\Oracle\Java\javapath;C:\Program Files (x86)\Intel\Intel(R) Management Engine Components\iCLS\;C:\Program Files\Intel\Intel(R) Management Engine Components\iCLS\;C:\windows\system32;C:\windows;C:\windows\System32\Wbem;C:\windows\System32\WindowsPowerShell\v1.0\;C:\Program Files (x86)\Intel\Intel(R) Management Engine Components\DAL;C:\Program Files\Intel\Intel(R) Management Engine Components\DAL;C:\Program Files (x86)\Intel\Intel(R) Management Engine Components\IPT;C:\Program Files\Intel\Intel(R) Management Engine Components\IPT;C:\Program Files (x86)\NVIDIA Corporation\PhysX\Common;C:\WINDOWS\system32;C:\WINDOWS;C:\WINDOWS\System32\Wbem;C:\WINDOWS\System32\WindowsPowerShell\v1.0\;C:\WINDOWS\System32\OpenSSH\;C:\Program Files\Microchip\xc8\v2.36\bin;C:\ProgramData\chocolatey\bin;C:\Program Files\OpenJDK\openjdk-11.0.15_10\bin;C:\Program Files\nodejs\;C:\Users\Tom\AppData\Local\Microsoft\WindowsApps;C:\Users\Tom\AppData\Local\Programs\Microsoft VS Code\bin;C:\Users\Tom\AppData\Local\Android\Sdk\platform-tools;C:\Users\Tom\AppData\Roaming\npm;C:\Users\Tom\Documents\Pro
USERNAME=Tom
LANG=en_GB.UTF-8
OS=Windows_NT
PROCESSOR_IDENTIFIER=Intel64 Family 6 Model 142 Stepping 10, GenuineIntel



---------------  S Y S T E M  ---------------

OS: Windows 10 , 64 bit Build 19041 (10.0.19041.1741)
OS uptime: 0 days 5:32 hours

CPU:total 4 (initial active 4) (2 cores per cpu, 2 threads per core) family 6 model 142 stepping 10 microcode 0xb4, cmov, cx8, fxsr, mmx, sse, sse2, sse3, ssse3, sse4.1, sse4.2, popcnt, avx, avx2, aes, clmul, erms, 3dnowpref, lzcnt, ht, tsc, tscinvbit, bmi1, bmi2, adx, fma

Memory: 4k page, system-wide physical 8107M (473M free)
TotalPageFile size 8107M (AvailPageFile size 5M)
current process WorkingSet (physical memory assigned to process): 639M, peak: 639M
current process commit charge ("private bytes"): 752M, peak: 752M

vm_info: OpenJDK 64-Bit Server VM (11.0.15+10) for windows-amd64 JRE (11.0.15+10), built on Apr 21 2022 21:29:46 by "tester" with MS VC++ 15.5 (VS2017)

END.
