#
# There is insufficient memory for the Java Runtime Environment to continue.
# Native memory allocation (mmap) failed to map 63963136 bytes for Failed to commit area from 0x0000000092d00000 to 0x0000000096a00000 of length 63963136.
# Possible reasons:
#   The system is out of physical RAM or swap space
#   The process is running with CompressedOops enabled, and the Java Heap may be blocking the growth of the native heap
# Possible solutions:
#   Reduce memory load on the system
#   Increase physical memory or swap space
#   Check if swap backing store is full
#   Decrease Java heap size (-Xmx/-Xms)
#   Decrease number of Java threads
#   Decrease Java thread stack sizes (-Xss)
#   Set larger code cache with -XX:ReservedCodeCacheSize=
#   JVM is running with Unscaled Compressed Oops mode in which the Java heap is
#     placed in the first 4GB address space. The Java Heap base address is the
#     maximum limit for the native heap growth. Please use -XX:HeapBaseMinAddress
#     to set the Java Heap base and to place the Java Heap above 4GB virtual address.
# This output file may be truncated or incomplete.
#
#  Out of Memory Error (./src/hotspot/os/windows/os_windows.cpp:3390), pid=2308, tid=9172
#
# JRE version: OpenJDK Runtime Environment 18.9 (11.0.15+10) (build 11.0.15+10)
# Java VM: OpenJDK 64-Bit Server VM 18.9 (11.0.15+10, mixed mode, tiered, compressed oops, g1 gc, windows-amd64)
# No core dump will be written. Minidumps are not enabled by default on client versions of Windows
#

---------------  S U M M A R Y ------------

Command Line: -XX:MaxMetaspaceSize=512m --add-opens=java.base/java.util=ALL-UNNAMED --add-opens=java.base/java.lang=ALL-UNNAMED --add-opens=java.base/java.lang.invoke=ALL-UNNAMED --add-opens=java.base/java.util=ALL-UNNAMED --add-opens=java.prefs/java.util.prefs=ALL-UNNAMED --add-opens=java.prefs/java.util.prefs=ALL-UNNAMED --add-opens=java.base/java.nio.charset=ALL-UNNAMED --add-opens=java.base/java.net=ALL-UNNAMED --add-opens=java.base/java.util.concurrent.atomic=ALL-UNNAMED -Xmx2048m -Dfile.encoding=windows-1252 -Duser.country=GB -Duser.language=en -Duser.variant org.gradle.launcher.daemon.bootstrap.GradleDaemon 7.3.3

Host: Intel(R) Core(TM) i3-7020U CPU @ 2.30GHz, 4 cores, 7G,  Windows 10 , 64 bit Build 19041 (10.0.19041.1741)
Time: Sun Jul  3 17:20:54 2022 Romance Summer Time elapsed time: 137.131826 seconds (0d 0h 2m 17s)

---------------  T H R E A D  ---------------

Current thread (0x000001bd4c0dc000):  VMThread "VM Thread" [stack: 0x0000001536800000,0x0000001536900000] [id=9172]

Stack: [0x0000001536800000,0x0000001536900000]
[error occurred during error reporting (printing stack bounds), id 0xc0000005, EXCEPTION_ACCESS_VIOLATION (0xc0000005) at pc=0x000001bd3602112d]

Native frames: (J=compiled Java code, j=interpreted, Vv=VM code, C=native code)
V  [jvm.dll+0x64dd3a]
V  [jvm.dll+0x7906c9]
V  [jvm.dll+0x791d9c]
V  [jvm.dll+0x7923c5]
V  [jvm.dll+0x79237b]
V  [jvm.dll+0x64cdd0]
V  [jvm.dll+0x64d4e8]
C  [ntdll.dll+0xa209f]
C  [ntdll.dll+0x51454]
C  [ntdll.dll+0xa0bce]
C  0x000001bd3602112d

VM_Operation (0x000000153a2f99e0): G1CollectForAllocation, mode: safepoint, requested by thread 0x000001bd50f3b800


---------------  P R O C E S S  ---------------

Threads class SMR info:
_java_thread_list=0x000001bd516ccbe0, length=91, elements={
0x000001bd2d8c3000, 0x000001bd4c0f3000, 0x000001bd4c0fd000, 0x000001bd4c144800,
0x000001bd4c148800, 0x000001bd4c149800, 0x000001bd4c14c800, 0x000001bd4ca51800,
0x000001bd4cab4000, 0x000001bd4cbb7000, 0x000001bd4d5b2800, 0x000001bd4df36000,
0x000001bd4cfe0000, 0x000001bd4f2a1800, 0x000001bd4ef3e800, 0x000001bd4d003000,
0x000001bd4e465000, 0x000001bd4dd28000, 0x000001bd4eaf6000, 0x000001bd4ed08000,
0x000001bd4eacc800, 0x000001bd4eace800, 0x000001bd4eacd800, 0x000001bd4ead0000,
0x000001bd4ead1000, 0x000001bd4ead1800, 0x000001bd4eacc000, 0x000001bd4eacf000,
0x000001bd4ead2800, 0x000001bd50b7e000, 0x000001bd50b78800, 0x000001bd50b7f000,
0x000001bd50b79000, 0x000001bd50b7a000, 0x000001bd50b80800, 0x000001bd50b7a800,
0x000001bd50b81800, 0x000001bd50b7b800, 0x000001bd50b82000, 0x000001bd50b7c800,
0x000001bd50b7d000, 0x000001bd50b83800, 0x000001bd50b84800, 0x000001bd50b86000,
0x000001bd50b85800, 0x000001bd50b87000, 0x000001bd50b83000, 0x000001bd50f3d000,
0x000001bd50f3e000, 0x000001bd50f3c000, 0x000001bd50f39000, 0x000001bd50f38000,
0x000001bd50f3b800, 0x000001bd50f3a000, 0x000001bd50f3e800, 0x000001bd50f3a800,
0x000001bd50f45000, 0x000001bd50f42000, 0x000001bd50f43000, 0x000001bd50f3f800,
0x000001bd50f41000, 0x000001bd50f43800, 0x000001bd50f44800, 0x000001bd50f46000,
0x000001bd50f40800, 0x000001bd50f47000, 0x000001bd5116b800, 0x000001bd5116a000,
0x000001bd5116c800, 0x000001bd5116d800, 0x000001bd51169800, 0x000001bd5116f000,
0x000001bd51170800, 0x000001bd51170000, 0x000001bd51174000, 0x000001bd5116e000,
0x000001bd51177000, 0x000001bd51174800, 0x000001bd51175800, 0x000001bd51176800,
0x000001bd51178000, 0x000001bd52690000, 0x000001bd52691000, 0x000001bd5268e800,
0x000001bd52692000, 0x000001bd5268c000, 0x000001bd52692800, 0x000001bd5268d000,
0x000001bd5268d800, 0x000001bd52697800, 0x000001bd4f117800
}

Java Threads: ( => current thread )
  0x000001bd2d8c3000 JavaThread "main" [_thread_blocked, id=16752, stack(0x0000001536200000,0x0000001536300000)]
  0x000001bd4c0f3000 JavaThread "Reference Handler" daemon [_thread_blocked, id=16356, stack(0x0000001536900000,0x0000001536a00000)]
  0x000001bd4c0fd000 JavaThread "Finalizer" daemon [_thread_blocked, id=3580, stack(0x0000001536a00000,0x0000001536b00000)]
  0x000001bd4c144800 JavaThread "Signal Dispatcher" daemon [_thread_blocked, id=15008, stack(0x0000001536b00000,0x0000001536c00000)]
  0x000001bd4c148800 JavaThread "Attach Listener" daemon [_thread_blocked, id=2088, stack(0x0000001536c00000,0x0000001536d00000)]
  0x000001bd4c149800 JavaThread "Service Thread" daemon [_thread_blocked, id=5296, stack(0x0000001536d00000,0x0000001536e00000)]
  0x000001bd4c14c800 JavaThread "C2 CompilerThread0" daemon [_thread_in_native, id=6736, stack(0x0000001536e00000,0x0000001536f00000)]
  0x000001bd4ca51800 JavaThread "C1 CompilerThread0" daemon [_thread_blocked, id=13952, stack(0x0000001536f00000,0x0000001537000000)]
  0x000001bd4cab4000 JavaThread "Sweeper thread" daemon [_thread_blocked, id=16256, stack(0x0000001537000000,0x0000001537100000)]
  0x000001bd4cbb7000 JavaThread "Common-Cleaner" daemon [_thread_blocked, id=14156, stack(0x0000001537100000,0x0000001537200000)]
  0x000001bd4d5b2800 JavaThread "Daemon health stats" [_thread_blocked, id=17540, stack(0x0000001537300000,0x0000001537400000)]
  0x000001bd4df36000 JavaThread "Incoming local TCP Connector on port 50863" [_thread_in_native, id=14568, stack(0x0000001537600000,0x0000001537700000)]
  0x000001bd4cfe0000 JavaThread "Daemon periodic checks" [_thread_blocked, id=15056, stack(0x0000001537700000,0x0000001537800000)]
  0x000001bd4f2a1800 JavaThread "Daemon" [_thread_blocked, id=11856, stack(0x0000001537800000,0x0000001537900000)]
  0x000001bd4ef3e800 JavaThread "Handler for socket connection from /127.0.0.1:50863 to /127.0.0.1:50864" [_thread_in_native, id=5972, stack(0x0000001537900000,0x0000001537a00000)]
  0x000001bd4d003000 JavaThread "Cancel handler" [_thread_blocked, id=15352, stack(0x0000001537a00000,0x0000001537b00000)]
  0x000001bd4e465000 JavaThread "Daemon worker" [_thread_blocked, id=7972, stack(0x0000001537b00000,0x0000001537c00000)]
  0x000001bd4dd28000 JavaThread "Asynchronous log dispatcher for DefaultDaemonConnection: socket connection from /127.0.0.1:50863 to /127.0.0.1:50864" [_thread_blocked, id=16964, stack(0x0000001537d00000,0x0000001537e00000)]
  0x000001bd4eaf6000 JavaThread "Stdin handler" [_thread_blocked, id=16440, stack(0x0000001537e00000,0x0000001537f00000)]
  0x000001bd4ed08000 JavaThread "Daemon client event forwarder" [_thread_blocked, id=8620, stack(0x0000001537f00000,0x0000001538000000)]
  0x000001bd4eacc800 JavaThread "Cache worker for journal cache (C:\Users\Tom\.gradle\caches\journal-1)" [_thread_blocked, id=11384, stack(0x0000001538000000,0x0000001538100000)]
  0x000001bd4eace800 JavaThread "File lock request listener" [_thread_in_native, id=4884, stack(0x0000001538100000,0x0000001538200000)]
  0x000001bd4eacd800 JavaThread "Cache worker for file hash cache (C:\Users\Tom\.gradle\caches\7.3.3\fileHashes)" [_thread_blocked, id=8500, stack(0x0000001538200000,0x0000001538300000)]
  0x000001bd4ead0000 JavaThread "Cache worker for file hash cache (C:\Users\Tom\Documents\Programmation\React Native\projectRNcli\android\.gradle\7.3.3\fileHashes)" [_thread_blocked, id=13788, stack(0x0000001538300000,0x0000001538400000)]
  0x000001bd4ead1000 JavaThread "File watcher server" daemon [_thread_blocked, id=16104, stack(0x0000001538400000,0x0000001538500000)]
  0x000001bd4ead1800 JavaThread "File watcher consumer" daemon [_thread_blocked, id=12268, stack(0x0000001538500000,0x0000001538600000)]
  0x000001bd4eacc000 JavaThread "Cache worker for checksums cache (C:\Users\Tom\Documents\Programmation\React Native\projectRNcli\android\.gradle\7.3.3\checksums)" [_thread_blocked, id=16152, stack(0x0000001538600000,0x0000001538700000)]
  0x000001bd4eacf000 JavaThread "Cache worker for cache directory md-supplier (C:\Users\Tom\.gradle\caches\7.3.3\md-supplier)" [_thread_blocked, id=15948, stack(0x0000001538700000,0x0000001538800000)]
  0x000001bd4ead2800 JavaThread "Cache worker for cache directory md-rule (C:\Users\Tom\.gradle\caches\7.3.3\md-rule)" [_thread_blocked, id=4832, stack(0x0000001538800000,0x0000001538900000)]
  0x000001bd50b7e000 JavaThread "Cache worker for execution history cache (C:\Users\Tom\.gradle\caches\7.3.3\executionHistory)" [_thread_blocked, id=11956, stack(0x0000001538a00000,0x0000001538b00000)]
  0x000001bd50b78800 JavaThread "jar transforms" [_thread_blocked, id=10236, stack(0x0000001538b00000,0x0000001538c00000)]
  0x000001bd50b7f000 JavaThread "jar transforms Thread 2" [_thread_blocked, id=17224, stack(0x0000001538c00000,0x0000001538d00000)]
  0x000001bd50b79000 JavaThread "Cache worker for file content cache (C:\Users\Tom\.gradle\caches\7.3.3\fileContent)" [_thread_blocked, id=12212, stack(0x0000001538d00000,0x0000001538e00000)]
  0x000001bd50b7a000 JavaThread "jar transforms Thread 3" [_thread_blocked, id=12440, stack(0x0000001538900000,0x0000001538a00000)]
  0x000001bd50b80800 JavaThread "jar transforms Thread 4" [_thread_blocked, id=4236, stack(0x0000001538e00000,0x0000001538f00000)]
  0x000001bd50b7a800 JavaThread "Cache worker for kotlin-dsl (C:\Users\Tom\.gradle\caches\7.3.3\kotlin-dsl)" [_thread_blocked, id=6288, stack(0x0000001539200000,0x0000001539300000)]
  0x000001bd50b81800 JavaThread "Cache worker for dependencies-accessors (C:\Users\Tom\Documents\Programmation\React Native\projectRNcli\android\.gradle\7.3.3\dependencies-accessors)" [_thread_blocked, id=16012, stack(0x0000001539300000,0x0000001539400000)]
  0x000001bd50b7b800 JavaThread "Cache worker for Build Output Cleanup Cache (C:\Users\Tom\Documents\Programmation\React Native\projectRNcli\node_modules\react-native-gradle-plugin\.gradle\buildOutputCleanup)" [_thread_blocked, id=12824, stack(0x0000001539100000,0x0000001539200000)]
  0x000001bd50b82000 JavaThread "Unconstrained build operations" [_thread_blocked, id=13548, stack(0x0000001539400000,0x0000001539500000)]
  0x000001bd50b7c800 JavaThread "Unconstrained build operations Thread 2" [_thread_blocked, id=16168, stack(0x0000001539500000,0x0000001539600000)]
  0x000001bd50b7d000 JavaThread "Unconstrained build operations Thread 3" [_thread_blocked, id=2664, stack(0x0000001539600000,0x0000001539700000)]
  0x000001bd50b83800 JavaThread "Unconstrained build operations Thread 4" [_thread_blocked, id=2016, stack(0x0000001539700000,0x0000001539800000)]
  0x000001bd50b84800 JavaThread "Unconstrained build operations Thread 5" [_thread_blocked, id=1448, stack(0x0000001539800000,0x0000001539900000)]
  0x000001bd50b86000 JavaThread "Unconstrained build operations Thread 6" [_thread_blocked, id=7916, stack(0x0000001539900000,0x0000001539a00000)]
  0x000001bd50b85800 JavaThread "Unconstrained build operations Thread 7" [_thread_blocked, id=18060, stack(0x0000001539a00000,0x0000001539b00000)]
  0x000001bd50b87000 JavaThread "Unconstrained build operations Thread 8" [_thread_blocked, id=16824, stack(0x0000001539b00000,0x0000001539c00000)]
  0x000001bd50b83000 JavaThread "Unconstrained build operations Thread 9" [_thread_blocked, id=4808, stack(0x0000001539c00000,0x0000001539d00000)]
  0x000001bd50f3d000 JavaThread "Unconstrained build operations Thread 10" [_thread_blocked, id=18120, stack(0x0000001539d00000,0x0000001539e00000)]
  0x000001bd50f3e000 JavaThread "Unconstrained build operations Thread 11" [_thread_blocked, id=8644, stack(0x0000001539e00000,0x0000001539f00000)]
  0x000001bd50f3c000 JavaThread "Unconstrained build operations Thread 12" [_thread_blocked, id=7004, stack(0x0000001539f00000,0x000000153a000000)]
  0x000001bd50f39000 JavaThread "Unconstrained build operations Thread 13" [_thread_blocked, id=13316, stack(0x000000153a000000,0x000000153a100000)]
  0x000001bd50f38000 JavaThread "Unconstrained build operations Thread 14" [_thread_blocked, id=12520, stack(0x000000153a100000,0x000000153a200000)]
  0x000001bd50f3b800 JavaThread "Unconstrained build operations Thread 15" [_thread_blocked, id=9000, stack(0x000000153a200000,0x000000153a300000)]
  0x000001bd50f3a000 JavaThread "Unconstrained build operations Thread 16" [_thread_blocked, id=3184, stack(0x000000153a300000,0x000000153a400000)]
  0x000001bd50f3e800 JavaThread "Unconstrained build operations Thread 17" [_thread_blocked, id=656, stack(0x000000153a400000,0x000000153a500000)]
  0x000001bd50f3a800 JavaThread "Unconstrained build operations Thread 18" [_thread_blocked, id=7716, stack(0x000000153a500000,0x000000153a600000)]
  0x000001bd50f45000 JavaThread "Unconstrained build operations Thread 19" [_thread_blocked, id=5520, stack(0x000000153a600000,0x000000153a700000)]
  0x000001bd50f42000 JavaThread "Unconstrained build operations Thread 20" [_thread_blocked, id=12164, stack(0x000000153a700000,0x000000153a800000)]
  0x000001bd50f43000 JavaThread "Unconstrained build operations Thread 21" [_thread_blocked, id=17060, stack(0x000000153a800000,0x000000153a900000)]
  0x000001bd50f3f800 JavaThread "Unconstrained build operations Thread 22" [_thread_blocked, id=664, stack(0x000000153a900000,0x000000153aa00000)]
  0x000001bd50f41000 JavaThread "Unconstrained build operations Thread 23" [_thread_blocked, id=12532, stack(0x000000153aa00000,0x000000153ab00000)]
  0x000001bd50f43800 JavaThread "Unconstrained build operations Thread 24" [_thread_blocked, id=7728, stack(0x000000153ab00000,0x000000153ac00000)]
  0x000001bd50f44800 JavaThread "Unconstrained build operations Thread 25" [_thread_blocked, id=11104, stack(0x000000153ac00000,0x000000153ad00000)]
  0x000001bd50f46000 JavaThread "Unconstrained build operations Thread 26" [_thread_blocked, id=2660, stack(0x000000153ad00000,0x000000153ae00000)]
  0x000001bd50f40800 JavaThread "Unconstrained build operations Thread 27" [_thread_blocked, id=11640, stack(0x000000153ae00000,0x000000153af00000)]
  0x000001bd50f47000 JavaThread "Unconstrained build operations Thread 28" [_thread_blocked, id=3984, stack(0x000000153af00000,0x000000153b000000)]
  0x000001bd5116b800 JavaThread "Unconstrained build operations Thread 29" [_thread_blocked, id=3720, stack(0x000000153b000000,0x000000153b100000)]
  0x000001bd5116a000 JavaThread "Unconstrained build operations Thread 30" [_thread_blocked, id=13572, stack(0x000000153b100000,0x000000153b200000)]
  0x000001bd5116c800 JavaThread "Unconstrained build operations Thread 31" [_thread_blocked, id=15132, stack(0x000000153b200000,0x000000153b300000)]
  0x000001bd5116d800 JavaThread "Unconstrained build operations Thread 32" [_thread_blocked, id=5104, stack(0x000000153b300000,0x000000153b400000)]
  0x000001bd51169800 JavaThread "Unconstrained build operations Thread 33" [_thread_blocked, id=17076, stack(0x000000153b400000,0x000000153b500000)]
  0x000001bd5116f000 JavaThread "build event listener" [_thread_blocked, id=3796, stack(0x000000153b500000,0x000000153b600000)]
  0x000001bd51170800 JavaThread "Memory manager" [_thread_blocked, id=6924, stack(0x000000153b600000,0x000000153b700000)]
  0x000001bd51170000 JavaThread "Cache worker for Build Output Cleanup Cache (C:\Users\Tom\Documents\Programmation\React Native\projectRNcli\android\.gradle\buildOutputCleanup)" [_thread_blocked, id=5580, stack(0x000000153b700000,0x000000153b800000)]
  0x000001bd51174000 JavaThread "Cache worker for execution history cache (C:\Users\Tom\Documents\Programmation\React Native\projectRNcli\node_modules\react-native-gradle-plugin\.gradle\7.3.3\executionHistory)" [_thread_blocked, id=15216, stack(0x000000153bc00000,0x000000153bd00000)]
  0x000001bd5116e000 JavaThread "Unconstrained build operations Thread 34" [_thread_blocked, id=14904, stack(0x000000153bd00000,0x000000153be00000)]
  0x000001bd51177000 JavaThread "Unconstrained build operations Thread 35" [_thread_blocked, id=2556, stack(0x000000153be00000,0x000000153bf00000)]
  0x000001bd51174800 JavaThread "Unconstrained build operations Thread 36" [_thread_blocked, id=8084, stack(0x000000153bf00000,0x000000153c000000)]
  0x000001bd51175800 JavaThread "Unconstrained build operations Thread 37" [_thread_blocked, id=2592, stack(0x000000153c000000,0x000000153c100000)]
  0x000001bd51176800 JavaThread "Unconstrained build operations Thread 38" [_thread_blocked, id=16260, stack(0x000000153c100000,0x000000153c200000)]
  0x000001bd51178000 JavaThread "Unconstrained build operations Thread 39" [_thread_blocked, id=14340, stack(0x000000153c200000,0x000000153c300000)]
  0x000001bd52690000 JavaThread "Unconstrained build operations Thread 40" [_thread_blocked, id=18068, stack(0x000000153c300000,0x000000153c400000)]
  0x000001bd52691000 JavaThread "Execution worker for ':'" [_thread_blocked, id=7316, stack(0x0000001535f00000,0x0000001536000000)]
  0x000001bd5268e800 JavaThread "Execution worker for ':' Thread 2" [_thread_blocked, id=9416, stack(0x0000001536000000,0x0000001536100000)]
  0x000001bd52692000 JavaThread "Execution worker for ':' Thread 3" [_thread_blocked, id=9540, stack(0x0000001536100000,0x0000001536200000)]
  0x000001bd5268c000 JavaThread "Cache worker for execution history cache (C:\Users\Tom\Documents\Programmation\React Native\projectRNcli\android\.gradle\7.3.3\executionHistory)" [_thread_blocked, id=16644, stack(0x000000153b900000,0x000000153ba00000)]
  0x000001bd52692800 JavaThread "WorkerExecutor Queue" [_thread_blocked, id=12132, stack(0x000000153b800000,0x000000153b900000)]
  0x000001bd5268d000 JavaThread "pool-3-thread-1" [_thread_blocked, id=7660, stack(0x000000153ba00000,0x000000153bb00000)]
  0x000001bd5268d800 JavaThread "stderr" [_thread_in_native, id=11960, stack(0x000000153bb00000,0x000000153bc00000)]
  0x000001bd52697800 JavaThread "stdout" [_thread_in_native, id=5244, stack(0x000000153c400000,0x000000153c500000)]
  0x000001bd4f117800 JavaThread "C2 CompilerThread1" daemon [_thread_blocked, id=10624, stack(0x000000153c500000,0x000000153c600000)]

Other Threads:
=>0x000001bd4c0dc000 VMThread "VM Thread" [stack: 0x0000001536800000,0x0000001536900000] [id=9172]
  0x000001bd4cbe4800 WatcherThread [stack: 0x0000001537200000,0x0000001537300000] [id=10360]
  0x000001bd2d8db000 GCTaskThread "GC Thread#0" [stack: 0x0000001536300000,0x0000001536400000] [id=13744]
  0x000001bd4cfb7800 GCTaskThread "GC Thread#1" [stack: 0x0000001537400000,0x0000001537500000] [id=15280]
  0x000001bd4cfc2000 GCTaskThread "GC Thread#2" [stack: 0x0000001537500000,0x0000001537600000] [id=17120]
  0x000001bd4de1f000 GCTaskThread "GC Thread#3" [stack: 0x0000001537c00000,0x0000001537d00000] [id=9872]
  0x000001bd2d90c800 ConcurrentGCThread "G1 Main Marker" [stack: 0x0000001536400000,0x0000001536500000] [id=7280]
  0x000001bd2d90d800 ConcurrentGCThread "G1 Conc#0" [stack: 0x0000001536500000,0x0000001536600000] [id=2432]
  0x000001bd2d99b800 ConcurrentGCThread "G1 Refine#0" [stack: 0x0000001536600000,0x0000001536700000] [id=7356]
  0x000001bd2d99c800 ConcurrentGCThread "G1 Young RemSet Sampling" [stack: 0x0000001536700000,0x0000001536800000] [id=14984]

Threads with active compile tasks:
C2 CompilerThread0   137342 16882 %     4       com.android.tools.r8.internal.U6::a @ 2610 (6044 bytes)
C2 CompilerThread1   137342 16550 %     4       com.android.tools.r8.ir.regalloc.a::a @ 2157 (3985 bytes)

VM state:at safepoint (normal execution)

VM Mutex/Monitor currently owned by a thread:  ([mutex/lock_event])
[0x000001bd2d8bf9d0] Threads_lock - owner thread: 0x000001bd4c0dc000
[0x000001bd2d8c1ef0] Heap_lock - owner thread: 0x000001bd50f3b800

Heap address: 0x0000000080000000, size: 2048 MB, Compressed Oops mode: 32-bit
Narrow klass base: 0x0000000000000000, Narrow klass shift: 3
Compressed class space size: 528482304 Address: 0x0000000100000000

Heap:
 garbage-first heap   total 370688K, used 156197K [0x0000000080000000, 0x0000000100000000)
  region size 1024K, 2 young (2048K), 2 survivors (2048K)
 Metaspace       used 112977K, capacity 116316K, committed 116616K, reserved 618496K
  class space    used 14509K, capacity 15862K, committed 16000K, reserved 516096K
Heap Regions: E=young(eden), S=young(survivor), O=old, HS=humongous(starts), HC=humongous(continues), CS=collection set, F=free, A=archive, TAMS=top-at-mark-start (previous, next)
|   0|0x0000000080000000, 0x0000000080100000, 0x0000000080100000|100%| O|  |TAMS 0x0000000080100000, 0x0000000080000000| Untracked 
|   1|0x0000000080100000, 0x0000000080200000, 0x0000000080200000|100%| O|  |TAMS 0x0000000080200000, 0x0000000080100000| Complete 
|   2|0x0000000080200000, 0x0000000080300000, 0x0000000080300000|100%| O|  |TAMS 0x0000000080300000, 0x0000000080200000| Untracked 
|   3|0x0000000080300000, 0x0000000080400000, 0x0000000080400000|100%|HS|  |TAMS 0x0000000080400000, 0x0000000080300000| Complete 
|   4|0x0000000080400000, 0x0000000080500000, 0x0000000080500000|100%|HC|  |TAMS 0x0000000080500000, 0x0000000080400000| Complete 
|   5|0x0000000080500000, 0x0000000080600000, 0x0000000080600000|100%|HC|  |TAMS 0x0000000080600000, 0x0000000080500000| Complete 
|   6|0x0000000080600000, 0x0000000080700000, 0x0000000080700000|100%| O|  |TAMS 0x0000000080700000, 0x0000000080600000| Complete 
|   7|0x0000000080700000, 0x0000000080800000, 0x0000000080800000|100%| O|  |TAMS 0x0000000080800000, 0x0000000080700000| Untracked 
|   8|0x0000000080800000, 0x0000000080900000, 0x0000000080900000|100%| O|  |TAMS 0x0000000080900000, 0x0000000080800000| Untracked 
|   9|0x0000000080900000, 0x0000000080a00000, 0x0000000080a00000|100%| O|  |TAMS 0x0000000080a00000, 0x0000000080900000| Untracked 
|  10|0x0000000080a00000, 0x0000000080b00000, 0x0000000080b00000|100%| O|  |TAMS 0x0000000080b00000, 0x0000000080a00000| Untracked 
|  11|0x0000000080b00000, 0x0000000080c00000, 0x0000000080c00000|100%| O|  |TAMS 0x0000000080c00000, 0x0000000080b00000| Untracked 
|  12|0x0000000080c00000, 0x0000000080d00000, 0x0000000080d00000|100%| O|  |TAMS 0x0000000080d00000, 0x0000000080c00000| Untracked 
|  13|0x0000000080d00000, 0x0000000080e00000, 0x0000000080e00000|100%| O|  |TAMS 0x0000000080e00000, 0x0000000080d00000| Untracked 
|  14|0x0000000080e00000, 0x0000000080f00000, 0x0000000080f00000|100%| O|  |TAMS 0x0000000080f00000, 0x0000000080e00000| Untracked 
|  15|0x0000000080f00000, 0x0000000081000000, 0x0000000081000000|100%| O|  |TAMS 0x0000000081000000, 0x0000000080f00000| Untracked 
|  16|0x0000000081000000, 0x0000000081100000, 0x0000000081100000|100%| O|  |TAMS 0x0000000081100000, 0x0000000081000000| Untracked 
|  17|0x0000000081100000, 0x0000000081200000, 0x0000000081200000|100%| O|  |TAMS 0x0000000081200000, 0x0000000081100000| Untracked 
|  18|0x0000000081200000, 0x0000000081300000, 0x0000000081300000|100%| O|  |TAMS 0x0000000081300000, 0x0000000081200000| Complete 
|  19|0x0000000081300000, 0x0000000081400000, 0x0000000081400000|100%|HS|  |TAMS 0x0000000081400000, 0x0000000081300000| Complete 
|  20|0x0000000081400000, 0x0000000081500000, 0x0000000081500000|100%| O|  |TAMS 0x0000000081500000, 0x0000000081400000| Untracked 
|  21|0x0000000081500000, 0x0000000081600000, 0x0000000081600000|100%| O|  |TAMS 0x0000000081600000, 0x0000000081500000| Untracked 
|  22|0x0000000081600000, 0x0000000081700000, 0x0000000081700000|100%| O|  |TAMS 0x0000000081700000, 0x0000000081600000| Untracked 
|  23|0x0000000081700000, 0x0000000081800000, 0x0000000081800000|100%| O|  |TAMS 0x0000000081800000, 0x0000000081700000| Untracked 
|  24|0x0000000081800000, 0x0000000081900000, 0x0000000081900000|100%| O|  |TAMS 0x0000000081900000, 0x0000000081800000| Untracked 
|  25|0x0000000081900000, 0x0000000081a00000, 0x0000000081a00000|100%| O|  |TAMS 0x0000000081a00000, 0x0000000081900000| Untracked 
|  26|0x0000000081a00000, 0x0000000081b00000, 0x0000000081b00000|100%| O|  |TAMS 0x0000000081b00000, 0x0000000081a00000| Untracked 
|  27|0x0000000081b00000, 0x0000000081c00000, 0x0000000081c00000|100%| O|  |TAMS 0x0000000081c00000, 0x0000000081b00000| Untracked 
|  28|0x0000000081c00000, 0x0000000081d00000, 0x0000000081d00000|100%|HS|  |TAMS 0x0000000081d00000, 0x0000000081c00000| Complete 
|  29|0x0000000081d00000, 0x0000000081e00000, 0x0000000081e00000|100%|HC|  |TAMS 0x0000000081e00000, 0x0000000081d00000| Complete 
|  30|0x0000000081e00000, 0x0000000081f00000, 0x0000000081f00000|100%|HC|  |TAMS 0x0000000081f00000, 0x0000000081e00000| Complete 
|  31|0x0000000081f00000, 0x0000000082000000, 0x0000000082000000|100%| O|  |TAMS 0x0000000082000000, 0x0000000081f00000| Untracked 
|  32|0x0000000082000000, 0x0000000082100000, 0x0000000082100000|100%| O|  |TAMS 0x0000000082100000, 0x0000000082000000| Untracked 
|  33|0x0000000082100000, 0x0000000082200000, 0x0000000082200000|100%| O|  |TAMS 0x0000000082200000, 0x0000000082100000| Complete 
|  34|0x0000000082200000, 0x0000000082300000, 0x0000000082300000|100%| O|  |TAMS 0x0000000082300000, 0x0000000082200000| Untracked 
|  35|0x0000000082300000, 0x0000000082400000, 0x0000000082400000|100%| O|  |TAMS 0x0000000082400000, 0x0000000082300000| Untracked 
|  36|0x0000000082400000, 0x0000000082500000, 0x0000000082500000|100%| O|  |TAMS 0x0000000082500000, 0x0000000082400000| Complete 
|  37|0x0000000082500000, 0x0000000082600000, 0x0000000082600000|100%| O|  |TAMS 0x0000000082600000, 0x0000000082500000| Untracked 
|  38|0x0000000082600000, 0x0000000082700000, 0x0000000082700000|100%| O|  |TAMS 0x0000000082700000, 0x0000000082600000| Untracked 
|  39|0x0000000082700000, 0x0000000082800000, 0x0000000082800000|100%| O|  |TAMS 0x0000000082800000, 0x0000000082700000| Untracked 
|  40|0x0000000082800000, 0x0000000082900000, 0x0000000082900000|100%|HS|  |TAMS 0x0000000082900000, 0x0000000082800000| Complete 
|  41|0x0000000082900000, 0x0000000082a00000, 0x0000000082a00000|100%|HS|  |TAMS 0x0000000082a00000, 0x0000000082900000| Complete 
|  42|0x0000000082a00000, 0x0000000082b00000, 0x0000000082b00000|100%|HS|  |TAMS 0x0000000082b00000, 0x0000000082a00000| Complete 
|  43|0x0000000082b00000, 0x0000000082c00000, 0x0000000082c00000|100%|HC|  |TAMS 0x0000000082c00000, 0x0000000082b00000| Complete 
|  44|0x0000000082c00000, 0x0000000082d00000, 0x0000000082d00000|100%| O|  |TAMS 0x0000000082d00000, 0x0000000082c00000| Untracked 
|  45|0x0000000082d00000, 0x0000000082e00000, 0x0000000082e00000|100%| O|  |TAMS 0x0000000082e00000, 0x0000000082d00000| Untracked 
|  46|0x0000000082e00000, 0x0000000082f00000, 0x0000000082f00000|100%| O|  |TAMS 0x0000000082f00000, 0x0000000082e00000| Untracked 
|  47|0x0000000082f00000, 0x0000000083000000, 0x0000000083000000|100%| O|  |TAMS 0x0000000083000000, 0x0000000082f00000| Untracked 
|  48|0x0000000083000000, 0x0000000083100000, 0x0000000083100000|100%| O|  |TAMS 0x0000000083100000, 0x0000000083000000| Untracked 
|  49|0x0000000083100000, 0x0000000083200000, 0x0000000083200000|100%| O|  |TAMS 0x0000000083200000, 0x0000000083100000| Untracked 
|  50|0x0000000083200000, 0x0000000083300000, 0x0000000083300000|100%| O|  |TAMS 0x0000000083300000, 0x0000000083200000| Complete 
|  51|0x0000000083300000, 0x0000000083400000, 0x0000000083400000|100%| O|  |TAMS 0x0000000083400000, 0x0000000083300000| Untracked 
|  52|0x0000000083400000, 0x0000000083500000, 0x0000000083500000|100%| O|  |TAMS 0x0000000083500000, 0x0000000083400000| Untracked 
|  53|0x0000000083500000, 0x0000000083600000, 0x0000000083600000|100%| O|  |TAMS 0x0000000083600000, 0x0000000083500000| Untracked 
|  54|0x0000000083600000, 0x0000000083700000, 0x0000000083700000|100%| O|  |TAMS 0x0000000083700000, 0x0000000083600000| Complete 
|  55|0x0000000083700000, 0x0000000083800000, 0x0000000083800000|100%| O|  |TAMS 0x0000000083800000, 0x0000000083700000| Untracked 
|  56|0x0000000083800000, 0x0000000083900000, 0x0000000083900000|100%| O|  |TAMS 0x0000000083900000, 0x0000000083800000| Untracked 
|  57|0x0000000083900000, 0x0000000083a00000, 0x0000000083a00000|100%| O|  |TAMS 0x0000000083a00000, 0x0000000083900000| Untracked 
|  58|0x0000000083a00000, 0x0000000083b00000, 0x0000000083b00000|100%| O|  |TAMS 0x0000000083b00000, 0x0000000083a00000| Untracked 
|  59|0x0000000083b00000, 0x0000000083c00000, 0x0000000083c00000|100%| O|  |TAMS 0x0000000083c00000, 0x0000000083b00000| Untracked 
|  60|0x0000000083c00000, 0x0000000083d00000, 0x0000000083d00000|100%| O|  |TAMS 0x0000000083d00000, 0x0000000083c00000| Untracked 
|  61|0x0000000083d00000, 0x0000000083e00000, 0x0000000083e00000|100%| O|  |TAMS 0x0000000083e00000, 0x0000000083d00000| Untracked 
|  62|0x0000000083e00000, 0x0000000083f00000, 0x0000000083f00000|100%| O|  |TAMS 0x0000000083f00000, 0x0000000083e00000| Untracked 
|  63|0x0000000083f00000, 0x0000000084000000, 0x0000000084000000|100%| O|  |TAMS 0x0000000084000000, 0x0000000083f00000| Untracked 
|  64|0x0000000084000000, 0x0000000084100000, 0x0000000084100000|100%| O|  |TAMS 0x0000000084100000, 0x0000000084000000| Complete 
|  65|0x0000000084100000, 0x0000000084200000, 0x0000000084200000|100%| O|  |TAMS 0x0000000084200000, 0x0000000084100000| Untracked 
|  66|0x0000000084200000, 0x0000000084300000, 0x0000000084300000|100%| O|  |TAMS 0x0000000084300000, 0x0000000084200000| Untracked 
|  67|0x0000000084300000, 0x0000000084400000, 0x0000000084400000|100%| O|  |TAMS 0x0000000084400000, 0x0000000084300000| Untracked 
|  68|0x0000000084400000, 0x0000000084500000, 0x0000000084500000|100%| O|  |TAMS 0x0000000084500000, 0x0000000084400000| Untracked 
|  69|0x0000000084500000, 0x0000000084600000, 0x0000000084600000|100%| O|  |TAMS 0x0000000084600000, 0x0000000084500000| Untracked 
|  70|0x0000000084600000, 0x0000000084700000, 0x0000000084700000|100%| O|  |TAMS 0x0000000084700000, 0x0000000084600000| Complete 
|  71|0x0000000084700000, 0x0000000084800000, 0x0000000084800000|100%| O|  |TAMS 0x0000000084800000, 0x0000000084700000| Untracked 
|  72|0x0000000084800000, 0x0000000084900000, 0x0000000084900000|100%| O|  |TAMS 0x0000000084900000, 0x0000000084800000| Complete 
|  73|0x0000000084900000, 0x0000000084a00000, 0x0000000084a00000|100%| O|  |TAMS 0x0000000084a00000, 0x0000000084900000| Untracked 
|  74|0x0000000084a00000, 0x0000000084b00000, 0x0000000084b00000|100%| O|  |TAMS 0x0000000084b00000, 0x0000000084a00000| Untracked 
|  75|0x0000000084b00000, 0x0000000084c00000, 0x0000000084c00000|100%| O|  |TAMS 0x0000000084c00000, 0x0000000084b00000| Untracked 
|  76|0x0000000084c00000, 0x0000000084d00000, 0x0000000084d00000|100%| O|  |TAMS 0x0000000084d00000, 0x0000000084c00000| Untracked 
|  77|0x0000000084d00000, 0x0000000084e00000, 0x0000000084e00000|100%| O|  |TAMS 0x0000000084e00000, 0x0000000084d00000| Complete 
|  78|0x0000000084e00000, 0x0000000084f00000, 0x0000000084f00000|100%| O|  |TAMS 0x0000000084f00000, 0x0000000084e00000| Untracked 
|  79|0x0000000084f00000, 0x0000000085000000, 0x0000000085000000|100%| O|  |TAMS 0x0000000085000000, 0x0000000084f00000| Untracked 
|  80|0x0000000085000000, 0x0000000085100000, 0x0000000085100000|100%| O|  |TAMS 0x0000000085100000, 0x0000000085000000| Complete 
|  81|0x0000000085100000, 0x0000000085200000, 0x0000000085200000|100%| O|  |TAMS 0x0000000085200000, 0x0000000085100000| Untracked 
|  82|0x0000000085200000, 0x0000000085300000, 0x0000000085300000|100%| O|  |TAMS 0x0000000085300000, 0x0000000085200000| Untracked 
|  83|0x0000000085300000, 0x0000000085400000, 0x0000000085400000|100%| O|  |TAMS 0x0000000085400000, 0x0000000085300000| Complete 
|  84|0x0000000085400000, 0x0000000085500000, 0x0000000085500000|100%| O|  |TAMS 0x0000000085500000, 0x0000000085400000| Untracked 
|  85|0x0000000085500000, 0x0000000085600000, 0x0000000085600000|100%| O|  |TAMS 0x0000000085600000, 0x0000000085500000| Untracked 
|  86|0x0000000085600000, 0x0000000085700000, 0x0000000085700000|100%| O|  |TAMS 0x0000000085700000, 0x0000000085600000| Untracked 
|  87|0x0000000085700000, 0x0000000085800000, 0x0000000085800000|100%| O|  |TAMS 0x0000000085800000, 0x0000000085700000| Untracked 
|  88|0x0000000085800000, 0x0000000085900000, 0x0000000085900000|100%| O|  |TAMS 0x0000000085900000, 0x0000000085800000| Complete 
|  89|0x0000000085900000, 0x0000000085a00000, 0x0000000085a00000|100%| O|  |TAMS 0x0000000085a00000, 0x0000000085900000| Untracked 
|  90|0x0000000085a00000, 0x0000000085b00000, 0x0000000085b00000|100%| O|  |TAMS 0x0000000085b00000, 0x0000000085a00000| Complete 
|  91|0x0000000085b00000, 0x0000000085c00000, 0x0000000085c00000|100%| O|  |TAMS 0x0000000085c00000, 0x0000000085b00000| Untracked 
|  92|0x0000000085c00000, 0x0000000085d00000, 0x0000000085d00000|100%| O|  |TAMS 0x0000000085d00000, 0x0000000085c00000| Untracked 
|  93|0x0000000085d00000, 0x0000000085e00000, 0x0000000085e00000|100%| O|  |TAMS 0x0000000085e00000, 0x0000000085d00000| Untracked 
|  94|0x0000000085e00000, 0x0000000085f00000, 0x0000000085f00000|100%| O|  |TAMS 0x0000000085f00000, 0x0000000085e00000| Untracked 
|  95|0x0000000085f00000, 0x0000000086000000, 0x0000000086000000|100%|HS|  |TAMS 0x0000000086000000, 0x0000000085f00000| Complete 
|  96|0x0000000086000000, 0x0000000086100000, 0x0000000086100000|100%|HC|  |TAMS 0x0000000086100000, 0x0000000086000000| Complete 
|  97|0x0000000086100000, 0x0000000086200000, 0x0000000086200000|100%| O|  |TAMS 0x0000000086200000, 0x0000000086100000| Untracked 
|  98|0x0000000086200000, 0x0000000086200000, 0x0000000086300000|  0%| F|  |TAMS 0x0000000086200000, 0x0000000086200000| Untracked 
|  99|0x0000000086300000, 0x0000000086400000, 0x0000000086400000|100%| O|  |TAMS 0x0000000086400000, 0x0000000086300000| Complete 
| 100|0x0000000086400000, 0x0000000086500000, 0x0000000086500000|100%| O|  |TAMS 0x0000000086500000, 0x0000000086400000| Complete 
| 101|0x0000000086500000, 0x0000000086600000, 0x0000000086600000|100%| O|  |TAMS 0x0000000086600000, 0x0000000086500000| Untracked 
| 102|0x0000000086600000, 0x0000000086700000, 0x0000000086700000|100%| O|  |TAMS 0x0000000086700000, 0x0000000086600000| Complete 
| 103|0x0000000086700000, 0x0000000086800000, 0x0000000086800000|100%| O|  |TAMS 0x0000000086800000, 0x0000000086700000| Complete 
| 104|0x0000000086800000, 0x0000000086900000, 0x0000000086900000|100%| O|  |TAMS 0x0000000086900000, 0x0000000086800000| Complete 
| 105|0x0000000086900000, 0x0000000086a00000, 0x0000000086a00000|100%| O|  |TAMS 0x0000000086a00000, 0x0000000086900000| Complete 
| 106|0x0000000086a00000, 0x0000000086a00000, 0x0000000086b00000|  0%| F|  |TAMS 0x0000000086a00000, 0x0000000086a00000| Untracked 
| 107|0x0000000086b00000, 0x0000000086c00000, 0x0000000086c00000|100%| O|  |TAMS 0x0000000086c00000, 0x0000000086b00000| Complete 
| 108|0x0000000086c00000, 0x0000000086d00000, 0x0000000086d00000|100%| O|  |TAMS 0x0000000086d00000, 0x0000000086c00000| Complete 
| 109|0x0000000086d00000, 0x0000000086e00000, 0x0000000086e00000|100%| O|  |TAMS 0x0000000086e00000, 0x0000000086d00000| Complete 
| 110|0x0000000086e00000, 0x0000000086f00000, 0x0000000086f00000|100%| O|  |TAMS 0x0000000086f00000, 0x0000000086e00000| Complete 
| 111|0x0000000086f00000, 0x0000000087000000, 0x0000000087000000|100%| O|  |TAMS 0x0000000087000000, 0x0000000086f00000| Complete 
| 112|0x0000000087000000, 0x0000000087100000, 0x0000000087100000|100%| O|  |TAMS 0x0000000087100000, 0x0000000087000000| Complete 
| 113|0x0000000087100000, 0x0000000087100000, 0x0000000087200000|  0%| F|  |TAMS 0x0000000087100000, 0x0000000087100000| Untracked 
| 114|0x0000000087200000, 0x0000000087200000, 0x0000000087300000|  0%| F|  |TAMS 0x0000000087200000, 0x0000000087200000| Untracked 
| 115|0x0000000087300000, 0x0000000087300000, 0x0000000087400000|  0%| F|  |TAMS 0x0000000087300000, 0x0000000087300000| Untracked 
| 116|0x0000000087400000, 0x0000000087500000, 0x0000000087500000|100%| O|  |TAMS 0x0000000087500000, 0x0000000087400000| Complete 
| 117|0x0000000087500000, 0x0000000087600000, 0x0000000087600000|100%| O|  |TAMS 0x0000000087600000, 0x0000000087500000| Untracked 
| 118|0x0000000087600000, 0x0000000087700000, 0x0000000087700000|100%| O|  |TAMS 0x0000000087700000, 0x0000000087600000| Complete 
| 119|0x0000000087700000, 0x0000000087800000, 0x0000000087800000|100%| O|  |TAMS 0x0000000087800000, 0x0000000087700000| Complete 
| 120|0x0000000087800000, 0x0000000087900000, 0x0000000087900000|100%| O|  |TAMS 0x0000000087900000, 0x0000000087800000| Untracked 
| 121|0x0000000087900000, 0x0000000087a00000, 0x0000000087a00000|100%| O|  |TAMS 0x0000000087a00000, 0x0000000087900000| Untracked 
| 122|0x0000000087a00000, 0x0000000087b00000, 0x0000000087b00000|100%| O|  |TAMS 0x0000000087b00000, 0x0000000087a00000| Complete 
| 123|0x0000000087b00000, 0x0000000087c00000, 0x0000000087c00000|100%| O|  |TAMS 0x0000000087c00000, 0x0000000087b00000| Complete 
| 124|0x0000000087c00000, 0x0000000087d00000, 0x0000000087d00000|100%| O|  |TAMS 0x0000000087d00000, 0x0000000087c00000| Untracked 
| 125|0x0000000087d00000, 0x0000000087e00000, 0x0000000087e00000|100%| O|  |TAMS 0x0000000087e00000, 0x0000000087d00000| Untracked 
| 126|0x0000000087e00000, 0x0000000087f00000, 0x0000000087f00000|100%| O|  |TAMS 0x0000000087f00000, 0x0000000087e00000| Untracked 
| 127|0x0000000087f00000, 0x0000000088000000, 0x0000000088000000|100%| O|  |TAMS 0x0000000088000000, 0x0000000087f00000| Complete 
| 128|0x0000000088000000, 0x0000000088100000, 0x0000000088100000|100%| O|  |TAMS 0x0000000088100000, 0x0000000088000000| Complete 
| 129|0x0000000088100000, 0x0000000088200000, 0x0000000088200000|100%| O|  |TAMS 0x0000000088200000, 0x0000000088100000| Complete 
| 130|0x0000000088200000, 0x0000000088300000, 0x0000000088300000|100%| O|  |TAMS 0x0000000088300000, 0x0000000088200000| Complete 
| 131|0x0000000088300000, 0x0000000088300000, 0x0000000088400000|  0%| F|  |TAMS 0x0000000088300000, 0x0000000088300000| Untracked 
| 132|0x0000000088400000, 0x0000000088500000, 0x0000000088500000|100%| O|  |TAMS 0x0000000088500000, 0x0000000088400000| Complete 
| 133|0x0000000088500000, 0x0000000088600000, 0x0000000088600000|100%| O|  |TAMS 0x0000000088600000, 0x0000000088500000| Complete 
| 134|0x0000000088600000, 0x0000000088700000, 0x0000000088700000|100%| O|  |TAMS 0x0000000088700000, 0x0000000088600000| Untracked 
| 135|0x0000000088700000, 0x0000000088800000, 0x0000000088800000|100%| O|  |TAMS 0x00000000887c6e00, 0x0000000088700000| Untracked 
| 136|0x0000000088800000, 0x0000000088900000, 0x0000000088900000|100%| O|  |TAMS 0x0000000088800000, 0x0000000088800000| Untracked 
| 137|0x0000000088900000, 0x0000000088a00000, 0x0000000088a00000|100%| O|  |TAMS 0x0000000088900000, 0x0000000088900000| Untracked 
| 138|0x0000000088a00000, 0x0000000088b00000, 0x0000000088b00000|100%| O|  |TAMS 0x0000000088a00000, 0x0000000088a00000| Untracked 
| 139|0x0000000088b00000, 0x0000000088c00000, 0x0000000088c00000|100%| O|  |TAMS 0x0000000088b00000, 0x0000000088b00000| Untracked 
| 140|0x0000000088c00000, 0x0000000088d00000, 0x0000000088d00000|100%| O|  |TAMS 0x0000000088c00000, 0x0000000088c00000| Untracked 
| 141|0x0000000088d00000, 0x0000000088e00000, 0x0000000088e00000|100%| O|  |TAMS 0x0000000088d00000, 0x0000000088d00000| Untracked 
| 142|0x0000000088e00000, 0x0000000088f00000, 0x0000000088f00000|100%| O|  |TAMS 0x0000000088e00000, 0x0000000088e00000| Untracked 
| 143|0x0000000088f00000, 0x0000000089000000, 0x0000000089000000|100%| O|  |TAMS 0x0000000088f00000, 0x0000000088f00000| Untracked 
| 144|0x0000000089000000, 0x0000000089100000, 0x0000000089100000|100%| O|  |TAMS 0x0000000089000000, 0x0000000089000000| Untracked 
| 145|0x0000000089100000, 0x0000000089200000, 0x0000000089200000|100%| O|  |TAMS 0x0000000089100000, 0x0000000089100000| Untracked 
| 146|0x0000000089200000, 0x0000000089300000, 0x0000000089300000|100%| O|  |TAMS 0x0000000089200000, 0x0000000089200000| Untracked 
| 147|0x0000000089300000, 0x0000000089400000, 0x0000000089400000|100%| O|  |TAMS 0x0000000089300000, 0x0000000089300000| Untracked 
| 148|0x0000000089400000, 0x0000000089500000, 0x0000000089500000|100%| O|  |TAMS 0x0000000089400000, 0x0000000089400000| Untracked 
| 149|0x0000000089500000, 0x0000000089600000, 0x0000000089600000|100%| O|  |TAMS 0x0000000089500000, 0x0000000089500000| Untracked 
| 150|0x0000000089600000, 0x0000000089700000, 0x0000000089700000|100%| O|  |TAMS 0x0000000089600000, 0x0000000089600000| Untracked 
| 151|0x0000000089700000, 0x0000000089800000, 0x0000000089800000|100%| O|  |TAMS 0x0000000089700000, 0x0000000089700000| Untracked 
| 152|0x0000000089800000, 0x0000000089900000, 0x0000000089900000|100%| O|  |TAMS 0x0000000089800000, 0x0000000089800000| Untracked 
| 153|0x0000000089900000, 0x0000000089a00000, 0x0000000089a00000|100%| O|  |TAMS 0x0000000089900000, 0x0000000089900000| Untracked 
| 154|0x0000000089a00000, 0x0000000089b00000, 0x0000000089b00000|100%| O|  |TAMS 0x0000000089a00000, 0x0000000089a00000| Untracked 
| 155|0x0000000089b00000, 0x0000000089c00000, 0x0000000089c00000|100%| O|  |TAMS 0x0000000089b00000, 0x0000000089b00000| Untracked 
| 156|0x0000000089c00000, 0x0000000089c89400, 0x0000000089d00000| 53%| O|  |TAMS 0x0000000089c00000, 0x0000000089c00000| Untracked 
| 157|0x0000000089d00000, 0x0000000089d00000, 0x0000000089e00000|  0%| F|  |TAMS 0x0000000089d00000, 0x0000000089d00000| Untracked 
| 158|0x0000000089e00000, 0x0000000089e00000, 0x0000000089f00000|  0%| F|  |TAMS 0x0000000089e00000, 0x0000000089e00000| Untracked 
| 159|0x0000000089f00000, 0x0000000089f00000, 0x000000008a000000|  0%| F|  |TAMS 0x0000000089f00000, 0x0000000089f00000| Untracked 
| 160|0x000000008a000000, 0x000000008a000000, 0x000000008a100000|  0%| F|  |TAMS 0x000000008a000000, 0x000000008a000000| Untracked 
| 161|0x000000008a100000, 0x000000008a100000, 0x000000008a200000|  0%| F|  |TAMS 0x000000008a100000, 0x000000008a100000| Untracked 
| 162|0x000000008a200000, 0x000000008a200000, 0x000000008a300000|  0%| F|  |TAMS 0x000000008a200000, 0x000000008a200000| Untracked 
| 163|0x000000008a300000, 0x000000008a300000, 0x000000008a400000|  0%| F|  |TAMS 0x000000008a300000, 0x000000008a300000| Untracked 
| 164|0x000000008a400000, 0x000000008a400000, 0x000000008a500000|  0%| F|  |TAMS 0x000000008a400000, 0x000000008a400000| Untracked 
| 165|0x000000008a500000, 0x000000008a500000, 0x000000008a600000|  0%| F|  |TAMS 0x000000008a500000, 0x000000008a500000| Untracked 
| 166|0x000000008a600000, 0x000000008a600000, 0x000000008a700000|  0%| F|  |TAMS 0x000000008a600000, 0x000000008a600000| Untracked 
| 167|0x000000008a700000, 0x000000008a700000, 0x000000008a800000|  0%| F|  |TAMS 0x000000008a700000, 0x000000008a700000| Untracked 
| 168|0x000000008a800000, 0x000000008a800000, 0x000000008a900000|  0%| F|  |TAMS 0x000000008a800000, 0x000000008a800000| Untracked 
| 169|0x000000008a900000, 0x000000008a900000, 0x000000008aa00000|  0%| F|  |TAMS 0x000000008a900000, 0x000000008a900000| Untracked 
| 170|0x000000008aa00000, 0x000000008aa00000, 0x000000008ab00000|  0%| F|  |TAMS 0x000000008aa00000, 0x000000008aa00000| Untracked 
| 171|0x000000008ab00000, 0x000000008ab00000, 0x000000008ac00000|  0%| F|  |TAMS 0x000000008ab00000, 0x000000008ab00000| Untracked 
| 172|0x000000008ac00000, 0x000000008ac00000, 0x000000008ad00000|  0%| F|  |TAMS 0x000000008ac00000, 0x000000008ac00000| Untracked 
| 173|0x000000008ad00000, 0x000000008ad00000, 0x000000008ae00000|  0%| F|  |TAMS 0x000000008ad00000, 0x000000008ad00000| Untracked 
| 174|0x000000008ae00000, 0x000000008ae00000, 0x000000008af00000|  0%| F|  |TAMS 0x000000008ae00000, 0x000000008ae00000| Untracked 
| 175|0x000000008af00000, 0x000000008af00000, 0x000000008b000000|  0%| F|  |TAMS 0x000000008af00000, 0x000000008af00000| Untracked 
| 176|0x000000008b000000, 0x000000008b000000, 0x000000008b100000|  0%| F|  |TAMS 0x000000008b000000, 0x000000008b000000| Untracked 
| 177|0x000000008b100000, 0x000000008b100000, 0x000000008b200000|  0%| F|  |TAMS 0x000000008b100000, 0x000000008b100000| Untracked 
| 178|0x000000008b200000, 0x000000008b200000, 0x000000008b300000|  0%| F|  |TAMS 0x000000008b200000, 0x000000008b200000| Untracked 
| 179|0x000000008b300000, 0x000000008b300000, 0x000000008b400000|  0%| F|  |TAMS 0x000000008b300000, 0x000000008b300000| Untracked 
| 180|0x000000008b400000, 0x000000008b400000, 0x000000008b500000|  0%| F|  |TAMS 0x000000008b400000, 0x000000008b400000| Untracked 
| 181|0x000000008b500000, 0x000000008b500000, 0x000000008b600000|  0%| F|  |TAMS 0x000000008b500000, 0x000000008b500000| Untracked 
| 182|0x000000008b600000, 0x000000008b600000, 0x000000008b700000|  0%| F|  |TAMS 0x000000008b600000, 0x000000008b600000| Untracked 
| 183|0x000000008b700000, 0x000000008b700000, 0x000000008b800000|  0%| F|  |TAMS 0x000000008b700000, 0x000000008b700000| Untracked 
| 184|0x000000008b800000, 0x000000008b800000, 0x000000008b900000|  0%| F|  |TAMS 0x000000008b800000, 0x000000008b800000| Untracked 
| 185|0x000000008b900000, 0x000000008b900000, 0x000000008ba00000|  0%| F|  |TAMS 0x000000008b900000, 0x000000008b900000| Untracked 
| 186|0x000000008ba00000, 0x000000008ba00000, 0x000000008bb00000|  0%| F|  |TAMS 0x000000008ba00000, 0x000000008ba00000| Untracked 
| 187|0x000000008bb00000, 0x000000008bb00000, 0x000000008bc00000|  0%| F|  |TAMS 0x000000008bb00000, 0x000000008bb00000| Untracked 
| 188|0x000000008bc00000, 0x000000008bc00000, 0x000000008bd00000|  0%| F|  |TAMS 0x000000008bc00000, 0x000000008bc00000| Untracked 
| 189|0x000000008bd00000, 0x000000008bd00000, 0x000000008be00000|  0%| F|  |TAMS 0x000000008bd00000, 0x000000008bd00000| Untracked 
| 190|0x000000008be00000, 0x000000008be00000, 0x000000008bf00000|  0%| F|  |TAMS 0x000000008be00000, 0x000000008be00000| Untracked 
| 191|0x000000008bf00000, 0x000000008bf00000, 0x000000008c000000|  0%| F|  |TAMS 0x000000008bf00000, 0x000000008bf00000| Untracked 
| 192|0x000000008c000000, 0x000000008c000000, 0x000000008c100000|  0%| F|  |TAMS 0x000000008c000000, 0x000000008c000000| Untracked 
| 193|0x000000008c100000, 0x000000008c100000, 0x000000008c200000|  0%| F|  |TAMS 0x000000008c100000, 0x000000008c100000| Untracked 
| 194|0x000000008c200000, 0x000000008c200000, 0x000000008c300000|  0%| F|  |TAMS 0x000000008c200000, 0x000000008c200000| Untracked 
| 195|0x000000008c300000, 0x000000008c300000, 0x000000008c400000|  0%| F|  |TAMS 0x000000008c300000, 0x000000008c300000| Untracked 
| 196|0x000000008c400000, 0x000000008c400000, 0x000000008c500000|  0%| F|  |TAMS 0x000000008c400000, 0x000000008c400000| Untracked 
| 197|0x000000008c500000, 0x000000008c500000, 0x000000008c600000|  0%| F|  |TAMS 0x000000008c500000, 0x000000008c500000| Untracked 
| 198|0x000000008c600000, 0x000000008c600000, 0x000000008c700000|  0%| F|  |TAMS 0x000000008c600000, 0x000000008c600000| Untracked 
| 199|0x000000008c700000, 0x000000008c700000, 0x000000008c800000|  0%| F|  |TAMS 0x000000008c700000, 0x000000008c700000| Untracked 
| 200|0x000000008c800000, 0x000000008c800000, 0x000000008c900000|  0%| F|  |TAMS 0x000000008c800000, 0x000000008c800000| Untracked 
| 201|0x000000008c900000, 0x000000008c900000, 0x000000008ca00000|  0%| F|  |TAMS 0x000000008c900000, 0x000000008c900000| Untracked 
| 202|0x000000008ca00000, 0x000000008ca00000, 0x000000008cb00000|  0%| F|  |TAMS 0x000000008ca00000, 0x000000008ca00000| Untracked 
| 203|0x000000008cb00000, 0x000000008cb00000, 0x000000008cc00000|  0%| F|  |TAMS 0x000000008cb00000, 0x000000008cb00000| Untracked 
| 204|0x000000008cc00000, 0x000000008cc00000, 0x000000008cd00000|  0%| F|  |TAMS 0x000000008cc00000, 0x000000008cc00000| Untracked 
| 205|0x000000008cd00000, 0x000000008cd00000, 0x000000008ce00000|  0%| F|  |TAMS 0x000000008cd00000, 0x000000008cd00000| Untracked 
| 206|0x000000008ce00000, 0x000000008ce00000, 0x000000008cf00000|  0%| F|  |TAMS 0x000000008ce00000, 0x000000008ce00000| Untracked 
| 207|0x000000008cf00000, 0x000000008cf00000, 0x000000008d000000|  0%| F|  |TAMS 0x000000008cf00000, 0x000000008cf00000| Untracked 
| 208|0x000000008d000000, 0x000000008d000000, 0x000000008d100000|  0%| F|  |TAMS 0x000000008d000000, 0x000000008d000000| Untracked 
| 209|0x000000008d100000, 0x000000008d100000, 0x000000008d200000|  0%| F|  |TAMS 0x000000008d100000, 0x000000008d100000| Untracked 
| 210|0x000000008d200000, 0x000000008d200000, 0x000000008d300000|  0%| F|  |TAMS 0x000000008d200000, 0x000000008d200000| Untracked 
| 211|0x000000008d300000, 0x000000008d300000, 0x000000008d400000|  0%| F|  |TAMS 0x000000008d300000, 0x000000008d300000| Untracked 
| 212|0x000000008d400000, 0x000000008d400000, 0x000000008d500000|  0%| F|  |TAMS 0x000000008d400000, 0x000000008d400000| Untracked 
| 213|0x000000008d500000, 0x000000008d500000, 0x000000008d600000|  0%| F|  |TAMS 0x000000008d500000, 0x000000008d500000| Untracked 
| 214|0x000000008d600000, 0x000000008d600000, 0x000000008d700000|  0%| F|  |TAMS 0x000000008d600000, 0x000000008d600000| Untracked 
| 215|0x000000008d700000, 0x000000008d700000, 0x000000008d800000|  0%| F|  |TAMS 0x000000008d700000, 0x000000008d700000| Untracked 
| 216|0x000000008d800000, 0x000000008d800000, 0x000000008d900000|  0%| F|  |TAMS 0x000000008d800000, 0x000000008d800000| Untracked 
| 217|0x000000008d900000, 0x000000008d900000, 0x000000008da00000|  0%| F|  |TAMS 0x000000008d900000, 0x000000008d900000| Untracked 
| 218|0x000000008da00000, 0x000000008da00000, 0x000000008db00000|  0%| F|  |TAMS 0x000000008da00000, 0x000000008da00000| Untracked 
| 219|0x000000008db00000, 0x000000008db00000, 0x000000008dc00000|  0%| F|  |TAMS 0x000000008db00000, 0x000000008db00000| Untracked 
| 220|0x000000008dc00000, 0x000000008dc00000, 0x000000008dd00000|  0%| F|  |TAMS 0x000000008dc00000, 0x000000008dc00000| Untracked 
| 221|0x000000008dd00000, 0x000000008dd00000, 0x000000008de00000|  0%| F|  |TAMS 0x000000008dd00000, 0x000000008dd00000| Untracked 
| 222|0x000000008de00000, 0x000000008de00000, 0x000000008df00000|  0%| F|  |TAMS 0x000000008de00000, 0x000000008de00000| Untracked 
| 223|0x000000008df00000, 0x000000008df00000, 0x000000008e000000|  0%| F|  |TAMS 0x000000008df00000, 0x000000008df00000| Untracked 
| 224|0x000000008e000000, 0x000000008e000000, 0x000000008e100000|  0%| F|  |TAMS 0x000000008e000000, 0x000000008e000000| Untracked 
| 225|0x000000008e100000, 0x000000008e100000, 0x000000008e200000|  0%| F|  |TAMS 0x000000008e100000, 0x000000008e100000| Untracked 
| 226|0x000000008e200000, 0x000000008e200000, 0x000000008e300000|  0%| F|  |TAMS 0x000000008e200000, 0x000000008e200000| Untracked 
| 227|0x000000008e300000, 0x000000008e300000, 0x000000008e400000|  0%| F|  |TAMS 0x000000008e300000, 0x000000008e300000| Untracked 
| 228|0x000000008e400000, 0x000000008e400000, 0x000000008e500000|  0%| F|  |TAMS 0x000000008e400000, 0x000000008e400000| Untracked 
| 229|0x000000008e500000, 0x000000008e500000, 0x000000008e600000|  0%| F|  |TAMS 0x000000008e500000, 0x000000008e500000| Untracked 
| 230|0x000000008e600000, 0x000000008e600000, 0x000000008e700000|  0%| F|  |TAMS 0x000000008e600000, 0x000000008e600000| Untracked 
| 231|0x000000008e700000, 0x000000008e700000, 0x000000008e800000|  0%| F|  |TAMS 0x000000008e700000, 0x000000008e700000| Untracked 
| 232|0x000000008e800000, 0x000000008e800000, 0x000000008e900000|  0%| F|  |TAMS 0x000000008e800000, 0x000000008e800000| Untracked 
| 233|0x000000008e900000, 0x000000008e900000, 0x000000008ea00000|  0%| F|  |TAMS 0x000000008e900000, 0x000000008e900000| Untracked 
| 234|0x000000008ea00000, 0x000000008ea00000, 0x000000008eb00000|  0%| F|  |TAMS 0x000000008ea00000, 0x000000008ea00000| Untracked 
| 235|0x000000008eb00000, 0x000000008eb00000, 0x000000008ec00000|  0%| F|  |TAMS 0x000000008eb00000, 0x000000008eb00000| Untracked 
| 236|0x000000008ec00000, 0x000000008ec00000, 0x000000008ed00000|  0%| F|  |TAMS 0x000000008ec00000, 0x000000008ec00000| Untracked 
| 237|0x000000008ed00000, 0x000000008ed00000, 0x000000008ee00000|  0%| F|  |TAMS 0x000000008ed00000, 0x000000008ed00000| Untracked 
| 238|0x000000008ee00000, 0x000000008ee00000, 0x000000008ef00000|  0%| F|  |TAMS 0x000000008ee00000, 0x000000008ee00000| Untracked 
| 239|0x000000008ef00000, 0x000000008ef00000, 0x000000008f000000|  0%| F|  |TAMS 0x000000008ef00000, 0x000000008ef00000| Untracked 
| 240|0x000000008f000000, 0x000000008f000000, 0x000000008f100000|  0%| F|  |TAMS 0x000000008f000000, 0x000000008f000000| Untracked 
| 241|0x000000008f100000, 0x000000008f100000, 0x000000008f200000|  0%| F|  |TAMS 0x000000008f100000, 0x000000008f100000| Untracked 
| 242|0x000000008f200000, 0x000000008f200000, 0x000000008f300000|  0%| F|  |TAMS 0x000000008f200000, 0x000000008f200000| Untracked 
| 243|0x000000008f300000, 0x000000008f300000, 0x000000008f400000|  0%| F|  |TAMS 0x000000008f300000, 0x000000008f300000| Untracked 
| 244|0x000000008f400000, 0x000000008f400000, 0x000000008f500000|  0%| F|  |TAMS 0x000000008f400000, 0x000000008f400000| Untracked 
| 245|0x000000008f500000, 0x000000008f500000, 0x000000008f600000|  0%| F|  |TAMS 0x000000008f500000, 0x000000008f500000| Untracked 
| 246|0x000000008f600000, 0x000000008f600000, 0x000000008f700000|  0%| F|  |TAMS 0x000000008f600000, 0x000000008f600000| Untracked 
| 247|0x000000008f700000, 0x000000008f700000, 0x000000008f800000|  0%| F|  |TAMS 0x000000008f700000, 0x000000008f700000| Untracked 
| 248|0x000000008f800000, 0x000000008f800000, 0x000000008f900000|  0%| F|  |TAMS 0x000000008f800000, 0x000000008f800000| Untracked 
| 249|0x000000008f900000, 0x000000008f900000, 0x000000008fa00000|  0%| F|  |TAMS 0x000000008f900000, 0x000000008f900000| Untracked 
| 250|0x000000008fa00000, 0x000000008fa00000, 0x000000008fb00000|  0%| F|  |TAMS 0x000000008fa00000, 0x000000008fa00000| Untracked 
| 251|0x000000008fb00000, 0x000000008fb00000, 0x000000008fc00000|  0%| F|  |TAMS 0x000000008fb00000, 0x000000008fb00000| Untracked 
| 252|0x000000008fc00000, 0x000000008fc00000, 0x000000008fd00000|  0%| F|  |TAMS 0x000000008fc00000, 0x000000008fc00000| Untracked 
| 253|0x000000008fd00000, 0x000000008fd00000, 0x000000008fe00000|  0%| F|  |TAMS 0x000000008fd00000, 0x000000008fd00000| Untracked 
| 254|0x000000008fe00000, 0x000000008fe00000, 0x000000008ff00000|  0%| F|  |TAMS 0x000000008fe00000, 0x000000008fe00000| Untracked 
| 255|0x000000008ff00000, 0x000000008ff00000, 0x0000000090000000|  0%| F|  |TAMS 0x000000008ff00000, 0x000000008ff00000| Untracked 
| 256|0x0000000090000000, 0x0000000090000000, 0x0000000090100000|  0%| F|  |TAMS 0x0000000090000000, 0x0000000090000000| Untracked 
| 257|0x0000000090100000, 0x0000000090100000, 0x0000000090200000|  0%| F|  |TAMS 0x0000000090100000, 0x0000000090100000| Untracked 
| 258|0x0000000090200000, 0x0000000090200000, 0x0000000090300000|  0%| F|  |TAMS 0x0000000090200000, 0x0000000090200000| Untracked 
| 259|0x0000000090300000, 0x0000000090300000, 0x0000000090400000|  0%| F|  |TAMS 0x0000000090300000, 0x0000000090300000| Untracked 
| 260|0x0000000090400000, 0x0000000090400000, 0x0000000090500000|  0%| F|  |TAMS 0x0000000090400000, 0x0000000090400000| Untracked 
| 261|0x0000000090500000, 0x0000000090500000, 0x0000000090600000|  0%| F|  |TAMS 0x0000000090500000, 0x0000000090500000| Untracked 
| 262|0x0000000090600000, 0x0000000090600000, 0x0000000090700000|  0%| F|  |TAMS 0x0000000090600000, 0x0000000090600000| Untracked 
| 263|0x0000000090700000, 0x0000000090700000, 0x0000000090800000|  0%| F|  |TAMS 0x0000000090700000, 0x0000000090700000| Untracked 
| 264|0x0000000090800000, 0x0000000090800000, 0x0000000090900000|  0%| F|  |TAMS 0x0000000090800000, 0x0000000090800000| Untracked 
| 265|0x0000000090900000, 0x0000000090900000, 0x0000000090a00000|  0%| F|  |TAMS 0x0000000090900000, 0x0000000090900000| Untracked 
| 266|0x0000000090a00000, 0x0000000090a00000, 0x0000000090b00000|  0%| F|  |TAMS 0x0000000090a00000, 0x0000000090a00000| Untracked 
| 267|0x0000000090b00000, 0x0000000090b00000, 0x0000000090c00000|  0%| F|  |TAMS 0x0000000090b00000, 0x0000000090b00000| Untracked 
| 268|0x0000000090c00000, 0x0000000090c00000, 0x0000000090d00000|  0%| F|  |TAMS 0x0000000090c00000, 0x0000000090c00000| Untracked 
| 269|0x0000000090d00000, 0x0000000090d00000, 0x0000000090e00000|  0%| F|  |TAMS 0x0000000090d00000, 0x0000000090d00000| Untracked 
| 270|0x0000000090e00000, 0x0000000090e00000, 0x0000000090f00000|  0%| F|  |TAMS 0x0000000090e00000, 0x0000000090e00000| Untracked 
| 271|0x0000000090f00000, 0x0000000090f00000, 0x0000000091000000|  0%| F|  |TAMS 0x0000000090f00000, 0x0000000090f00000| Untracked 
| 272|0x0000000091000000, 0x0000000091000000, 0x0000000091100000|  0%| F|  |TAMS 0x0000000091000000, 0x0000000091000000| Untracked 
| 273|0x0000000091100000, 0x0000000091100000, 0x0000000091200000|  0%| F|  |TAMS 0x0000000091100000, 0x0000000091100000| Untracked 
| 274|0x0000000091200000, 0x0000000091200000, 0x0000000091300000|  0%| F|  |TAMS 0x0000000091200000, 0x0000000091200000| Untracked 
| 275|0x0000000091300000, 0x0000000091300000, 0x0000000091400000|  0%| F|  |TAMS 0x0000000091300000, 0x0000000091300000| Untracked 
| 276|0x0000000091400000, 0x0000000091400000, 0x0000000091500000|  0%| F|  |TAMS 0x0000000091400000, 0x0000000091400000| Untracked 
| 277|0x0000000091500000, 0x0000000091500000, 0x0000000091600000|  0%| F|  |TAMS 0x0000000091500000, 0x0000000091500000| Untracked 
| 278|0x0000000091600000, 0x0000000091600000, 0x0000000091700000|  0%| F|  |TAMS 0x0000000091600000, 0x0000000091600000| Untracked 
| 279|0x0000000091700000, 0x0000000091700000, 0x0000000091800000|  0%| F|  |TAMS 0x0000000091700000, 0x0000000091700000| Untracked 
| 280|0x0000000091800000, 0x0000000091800000, 0x0000000091900000|  0%| F|  |TAMS 0x0000000091800000, 0x0000000091800000| Untracked 
| 281|0x0000000091900000, 0x0000000091900000, 0x0000000091a00000|  0%| F|  |TAMS 0x0000000091900000, 0x0000000091900000| Untracked 
| 282|0x0000000091a00000, 0x0000000091a00000, 0x0000000091b00000|  0%| F|  |TAMS 0x0000000091a00000, 0x0000000091a00000| Untracked 
| 283|0x0000000091b00000, 0x0000000091b00000, 0x0000000091c00000|  0%| F|  |TAMS 0x0000000091b00000, 0x0000000091b00000| Untracked 
| 284|0x0000000091c00000, 0x0000000091c00000, 0x0000000091d00000|  0%| F|  |TAMS 0x0000000091c00000, 0x0000000091c00000| Untracked 
| 285|0x0000000091d00000, 0x0000000091d00000, 0x0000000091e00000|  0%| F|  |TAMS 0x0000000091d00000, 0x0000000091d00000| Untracked 
| 286|0x0000000091e00000, 0x0000000091e00000, 0x0000000091f00000|  0%| F|  |TAMS 0x0000000091e00000, 0x0000000091e00000| Untracked 
| 287|0x0000000091f00000, 0x0000000091f00000, 0x0000000092000000|  0%| F|  |TAMS 0x0000000091f00000, 0x0000000091f00000| Untracked 
| 288|0x0000000092000000, 0x0000000092000000, 0x0000000092100000|  0%| F|  |TAMS 0x0000000092000000, 0x0000000092000000| Untracked 
| 289|0x0000000092100000, 0x0000000092100000, 0x0000000092200000|  0%| F|  |TAMS 0x0000000092100000, 0x0000000092100000| Untracked 
| 290|0x0000000092200000, 0x0000000092200000, 0x0000000092300000|  0%| F|  |TAMS 0x0000000092200000, 0x0000000092200000| Untracked 
| 291|0x0000000092300000, 0x0000000092300000, 0x0000000092400000|  0%| F|  |TAMS 0x0000000092300000, 0x0000000092300000| Untracked 
| 292|0x0000000092400000, 0x0000000092400000, 0x0000000092500000|  0%| F|  |TAMS 0x0000000092400000, 0x0000000092400000| Untracked 
| 293|0x0000000092500000, 0x0000000092500000, 0x0000000092600000|  0%| F|  |TAMS 0x0000000092500000, 0x0000000092500000| Untracked 
| 294|0x0000000092600000, 0x0000000092600000, 0x0000000092700000|  0%| F|  |TAMS 0x0000000092600000, 0x0000000092600000| Untracked 
| 295|0x0000000092700000, 0x0000000092700000, 0x0000000092800000|  0%| F|  |TAMS 0x0000000092700000, 0x0000000092700000| Untracked 
| 296|0x0000000092800000, 0x0000000092800000, 0x0000000092900000|  0%| F|  |TAMS 0x0000000092800000, 0x0000000092800000| Untracked 
| 297|0x0000000092900000, 0x0000000092900000, 0x0000000092a00000|  0%| F|  |TAMS 0x0000000092900000, 0x0000000092900000| Untracked 
| 298|0x0000000092a00000, 0x0000000092b00000, 0x0000000092b00000|100%| S|CS|TAMS 0x0000000092a00000, 0x0000000092a00000| Complete 
| 299|0x0000000092b00000, 0x0000000092c00000, 0x0000000092c00000|100%| S|CS|TAMS 0x0000000092b00000, 0x0000000092b00000| Complete 
| 300|0x0000000092c00000, 0x0000000092c00000, 0x0000000092d00000|  0%| F|  |TAMS 0x0000000092c00000, 0x0000000092c00000| Untracked 

Card table byte_map: [0x000001bd45420000,0x000001bd45820000] _byte_map_base: 0x000001bd45020000

Marking Bits (Prev, Next): (CMBitMap*) 0x000001bd2d903798, (CMBitMap*) 0x000001bd2d9037d0
 Prev Bits: [0x000001bd45c20000, 0x000001bd47c20000)
 Next Bits: [0x000001bd47c20000, 0x000001bd49c20000)

Polling page: 0x000001bd2b780000

Metaspace:

Usage:
  Non-class:     98.10 MB capacity,    96.16 MB ( 98%) used,     1.57 MB (  2%) free+waste,   375.31 KB ( <1%) overhead. 
      Class:     15.49 MB capacity,    14.17 MB ( 91%) used,     1.16 MB (  7%) free+waste,   168.56 KB (  1%) overhead. 
       Both:    113.59 MB capacity,   110.33 MB ( 97%) used,     2.73 MB (  2%) free+waste,   543.88 KB ( <1%) overhead. 

Virtual space:
  Non-class space:      100.00 MB reserved,      98.26 MB ( 98%) committed 
      Class space:      504.00 MB reserved,      15.63 MB (  3%) committed 
             Both:      604.00 MB reserved,     113.88 MB ( 19%) committed 

Chunk freelists:
   Non-Class:  34.00 KB
       Class:  42.00 KB
        Both:  76.00 KB

MaxMetaspaceSize: 512.00 MB
CompressedClassSpaceSize: 504.00 MB
Initial GC threshold: 20.80 MB
Current GC threshold: 189.80 MB
CDS: off

CodeHeap 'non-profiled nmethods': size=120064Kb used=9937Kb max_used=9937Kb free=110126Kb
 bounds [0x000001bd3dae0000, 0x000001bd3e4a0000, 0x000001bd45020000]
CodeHeap 'profiled nmethods': size=120000Kb used=39969Kb max_used=39969Kb free=80030Kb
 bounds [0x000001bd365b0000, 0x000001bd38cc0000, 0x000001bd3dae0000]
CodeHeap 'non-nmethods': size=5696Kb used=2418Kb max_used=2475Kb free=3277Kb
 bounds [0x000001bd36020000, 0x000001bd36290000, 0x000001bd365b0000]
 total_blobs=17557 nmethods=16610 adapters=858
 compilation: enabled
              stopped_count=0, restarted_count=0
 full_count=0

Compilation events (20 events):
Event: 137.022 Thread 0x000001bd4ca51800 16996       2       com.android.tools.r8.code.v1::a (28 bytes)
Event: 137.023 Thread 0x000001bd4ca51800 nmethod 16996 0x000001bd38cb5910 code [0x000001bd38cb5ae0, 0x000001bd38cb5c78]
Event: 137.023 Thread 0x000001bd4ca51800 16993       1       com.android.tools.r8.code.W::u (3 bytes)
Event: 137.023 Thread 0x000001bd4ca51800 nmethod 16993 0x000001bd3e493190 code [0x000001bd3e493340, 0x000001bd3e4933f8]
Event: 137.023 Thread 0x000001bd4ca51800 16997       1       com.android.tools.r8.graph.G$j::d (5 bytes)
Event: 137.023 Thread 0x000001bd4ca51800 nmethod 16997 0x000001bd3e493490 code [0x000001bd3e493640, 0x000001bd3e4936d8]
Event: 137.023 Thread 0x000001bd4ca51800 16998       1       com.android.tools.r8.graph.G$j::G (2 bytes)
Event: 137.023 Thread 0x000001bd4ca51800 nmethod 16998 0x000001bd3e493790 code [0x000001bd3e493940, 0x000001bd3e4939f8]
Event: 137.023 Thread 0x000001bd4ca51800 16999       1       com.android.tools.r8.graph.G$j::a (5 bytes)
Event: 137.023 Thread 0x000001bd4ca51800 nmethod 16999 0x000001bd3e493a90 code [0x000001bd3e493c40, 0x000001bd3e493cd8]
Event: 137.023 Thread 0x000001bd4ca51800 17000       1       com.android.tools.r8.graph.G$j::b (5 bytes)
Event: 137.023 Thread 0x000001bd4ca51800 nmethod 17000 0x000001bd3e493d90 code [0x000001bd3e493f40, 0x000001bd3e493fd8]
Event: 137.023 Thread 0x000001bd4ca51800 17001       1       com.android.tools.r8.graph.G$j::c (5 bytes)
Event: 137.023 Thread 0x000001bd4ca51800 nmethod 17001 0x000001bd3e494090 code [0x000001bd3e494240, 0x000001bd3e4942d8]
Event: 137.023 Thread 0x000001bd4ca51800 17003       3       com.android.tools.r8.dex.i::a (282 bytes)
Event: 137.026 Thread 0x000001bd4ca51800 nmethod 17003 0x000001bd38cb5d90 code [0x000001bd38cb6100, 0x000001bd38cb78b8]
Event: 137.026 Thread 0x000001bd4ca51800 17004       1       com.android.tools.r8.code.B::u (3 bytes)
Event: 137.027 Thread 0x000001bd4ca51800 nmethod 17004 0x000001bd3e494390 code [0x000001bd3e494540, 0x000001bd3e4945f8]
Event: 137.027 Thread 0x000001bd4ca51800 17005       2       com.android.tools.r8.code.S::a (27 bytes)
Event: 137.027 Thread 0x000001bd4ca51800 nmethod 17005 0x000001bd38cb8010 code [0x000001bd38cb81e0, 0x000001bd38cb8358]

GC Heap History (20 events):
Event: 128.939 GC heap after
{Heap after GC invocations=70 (full 0):
 garbage-first heap   total 245760K, used 128845K [0x0000000080000000, 0x0000000100000000)
  region size 1024K, 5 young (5120K), 5 survivors (5120K)
 Metaspace       used 111432K, capacity 114781K, committed 114952K, reserved 616448K
  class space    used 14446K, capacity 15812K, committed 15872K, reserved 516096K
}
Event: 130.104 GC heap before
{Heap before GC invocations=71 (full 0):
 garbage-first heap   total 245760K, used 176973K [0x0000000080000000, 0x0000000100000000)
  region size 1024K, 52 young (53248K), 5 survivors (5120K)
 Metaspace       used 111651K, capacity 114947K, committed 115208K, reserved 616448K
  class space    used 14423K, capacity 15762K, committed 15872K, reserved 516096K
}
Event: 130.120 GC heap after
{Heap after GC invocations=72 (full 0):
 garbage-first heap   total 245760K, used 132810K [0x0000000080000000, 0x0000000100000000)
  region size 1024K, 6 young (6144K), 6 survivors (6144K)
 Metaspace       used 111651K, capacity 114947K, committed 115208K, reserved 616448K
  class space    used 14423K, capacity 15762K, committed 15872K, reserved 516096K
}
Event: 130.497 GC heap before
{Heap before GC invocations=72 (full 0):
 garbage-first heap   total 245760K, used 179914K [0x0000000080000000, 0x0000000100000000)
  region size 1024K, 53 young (54272K), 6 survivors (6144K)
 Metaspace       used 111723K, capacity 115024K, committed 115208K, reserved 616448K
  class space    used 14434K, capacity 15765K, committed 15872K, reserved 516096K
}
Event: 130.524 GC heap after
{Heap after GC invocations=73 (full 0):
 garbage-first heap   total 245760K, used 135726K [0x0000000080000000, 0x0000000100000000)
  region size 1024K, 5 young (5120K), 5 survivors (5120K)
 Metaspace       used 111723K, capacity 115024K, committed 115208K, reserved 616448K
  class space    used 14434K, capacity 15765K, committed 15872K, reserved 516096K
}
Event: 131.351 GC heap before
{Heap before GC invocations=74 (full 0):
 garbage-first heap   total 245760K, used 184878K [0x0000000080000000, 0x0000000100000000)
  region size 1024K, 53 young (54272K), 5 survivors (5120K)
 Metaspace       used 112038K, capacity 115345K, committed 115464K, reserved 616448K
  class space    used 14463K, capacity 15806K, committed 15872K, reserved 516096K
}
Event: 131.364 GC heap after
{Heap after GC invocations=75 (full 0):
 garbage-first heap   total 245760K, used 136948K [0x0000000080000000, 0x0000000100000000)
  region size 1024K, 2 young (2048K), 2 survivors (2048K)
 Metaspace       used 112038K, capacity 115345K, committed 115464K, reserved 616448K
  class space    used 14463K, capacity 15806K, committed 15872K, reserved 516096K
}
Event: 131.781 GC heap before
{Heap before GC invocations=75 (full 0):
 garbage-first heap   total 245760K, used 189172K [0x0000000080000000, 0x0000000100000000)
  region size 1024K, 53 young (54272K), 2 survivors (2048K)
 Metaspace       used 112253K, capacity 115620K, committed 115720K, reserved 616448K
  class space    used 14471K, capacity 15810K, committed 15872K, reserved 516096K
}
Event: 131.792 GC heap after
{Heap after GC invocations=76 (full 0):
 garbage-first heap   total 308224K, used 137676K [0x0000000080000000, 0x0000000100000000)
  region size 1024K, 3 young (3072K), 3 survivors (3072K)
 Metaspace       used 112253K, capacity 115620K, committed 115720K, reserved 616448K
  class space    used 14471K, capacity 15810K, committed 15872K, reserved 516096K
}
Event: 133.191 GC heap before
{Heap before GC invocations=77 (full 0):
 garbage-first heap   total 308224K, used 215500K [0x0000000080000000, 0x0000000100000000)
  region size 1024K, 79 young (80896K), 3 survivors (3072K)
 Metaspace       used 112374K, capacity 115740K, committed 116104K, reserved 616448K
  class space    used 14490K, capacity 15849K, committed 16000K, reserved 516096K
}
Event: 133.223 GC heap after
{Heap after GC invocations=78 (full 0):
 garbage-first heap   total 308224K, used 141736K [0x0000000080000000, 0x0000000100000000)
  region size 1024K, 7 young (7168K), 7 survivors (7168K)
 Metaspace       used 112374K, capacity 115740K, committed 116104K, reserved 616448K
  class space    used 14490K, capacity 15849K, committed 16000K, reserved 516096K
}
Event: 133.942 GC heap before
{Heap before GC invocations=78 (full 0):
 garbage-first heap   total 308224K, used 227752K [0x0000000080000000, 0x0000000100000000)
  region size 1024K, 91 young (93184K), 7 survivors (7168K)
 Metaspace       used 112523K, capacity 115906K, committed 116104K, reserved 616448K
  class space    used 14495K, capacity 15856K, committed 16000K, reserved 516096K
}
Event: 133.957 GC heap after
{Heap after GC invocations=79 (full 0):
 garbage-first heap   total 308224K, used 144028K [0x0000000080000000, 0x0000000100000000)
  region size 1024K, 8 young (8192K), 8 survivors (8192K)
 Metaspace       used 112523K, capacity 115906K, committed 116104K, reserved 616448K
  class space    used 14495K, capacity 15856K, committed 16000K, reserved 516096K
}
Event: 134.661 GC heap before
{Heap before GC invocations=79 (full 0):
 garbage-first heap   total 308224K, used 233116K [0x0000000080000000, 0x0000000100000000)
  region size 1024K, 95 young (97280K), 8 survivors (8192K)
 Metaspace       used 112666K, capacity 116051K, committed 116360K, reserved 618496K
  class space    used 14501K, capacity 15856K, committed 16000K, reserved 516096K
}
Event: 134.680 GC heap after
{Heap after GC invocations=80 (full 0):
 garbage-first heap   total 308224K, used 145097K [0x0000000080000000, 0x0000000100000000)
  region size 1024K, 6 young (6144K), 6 survivors (6144K)
 Metaspace       used 112666K, capacity 116051K, committed 116360K, reserved 618496K
  class space    used 14501K, capacity 15856K, committed 16000K, reserved 516096K
}
Event: 135.562 GC heap before
{Heap before GC invocations=80 (full 0):
 garbage-first heap   total 308224K, used 247497K [0x0000000080000000, 0x0000000100000000)
  region size 1024K, 106 young (108544K), 6 survivors (6144K)
 Metaspace       used 112840K, capacity 116157K, committed 116360K, reserved 618496K
  class space    used 14508K, capacity 15862K, committed 16000K, reserved 516096K
}
Event: 135.583 GC heap after
{Heap after GC invocations=81 (full 0):
 garbage-first heap   total 308224K, used 148251K [0x0000000080000000, 0x0000000100000000)
  region size 1024K, 9 young (9216K), 9 survivors (9216K)
 Metaspace       used 112840K, capacity 116157K, committed 116360K, reserved 618496K
  class space    used 14508K, capacity 15862K, committed 16000K, reserved 516096K
}
Event: 136.972 GC heap before
{Heap before GC invocations=82 (full 0):
 garbage-first heap   total 308224K, used 249627K [0x0000000080000000, 0x0000000100000000)
  region size 1024K, 108 young (110592K), 9 survivors (9216K)
 Metaspace       used 112974K, capacity 116316K, committed 116616K, reserved 618496K
  class space    used 14509K, capacity 15862K, committed 16000K, reserved 516096K
}
Event: 137.022 GC heap after
{Heap after GC invocations=83 (full 0):
 garbage-first heap   total 308224K, used 158382K [0x0000000080000000, 0x0000000100000000)
  region size 1024K, 14 young (14336K), 14 survivors (14336K)
 Metaspace       used 112974K, capacity 116316K, committed 116616K, reserved 618496K
  class space    used 14509K, capacity 15862K, committed 16000K, reserved 516096K
}
Event: 137.029 GC heap before
{Heap before GC invocations=83 (full 0):
 garbage-first heap   total 308224K, used 159406K [0x0000000080000000, 0x0000000100000000)
  region size 1024K, 15 young (15360K), 14 survivors (14336K)
 Metaspace       used 112977K, capacity 116316K, committed 116616K, reserved 618496K
  class space    used 14509K, capacity 15862K, committed 16000K, reserved 516096K
}

Deoptimization events (20 events):
Event: 136.711 Thread 0x000001bd50f3a800 DEOPT PACKING pc=0x000001bd38073dbe sp=0x000000153a5f9930
Event: 136.711 Thread 0x000001bd50f3a800 DEOPT UNPACKING pc=0x000001bd3606a95e sp=0x000000153a5f90c0 mode 0
Event: 136.828 Thread 0x000001bd50f3b800 DEOPT PACKING pc=0x000001bd38b49980 sp=0x000000153a2fa300
Event: 136.828 Thread 0x000001bd50f3b800 DEOPT UNPACKING pc=0x000001bd3606a95e sp=0x000000153a2f97f0 mode 0
Event: 136.829 Thread 0x000001bd50f3b800 DEOPT PACKING pc=0x000001bd389c3b77 sp=0x000000153a2fa310
Event: 136.829 Thread 0x000001bd50f3b800 DEOPT UNPACKING pc=0x000001bd3606a95e sp=0x000000153a2f97f8 mode 0
Event: 136.849 Thread 0x000001bd50f3a800 DEOPT PACKING pc=0x000001bd38073ddf sp=0x000000153a5f9930
Event: 136.849 Thread 0x000001bd50f3a800 DEOPT UNPACKING pc=0x000001bd3606a95e sp=0x000000153a5f90c0 mode 0
Event: 136.889 Thread 0x000001bd50f3a800 DEOPT PACKING pc=0x000001bd38073d9d sp=0x000000153a5f9930
Event: 136.889 Thread 0x000001bd50f3a800 DEOPT UNPACKING pc=0x000001bd3606a95e sp=0x000000153a5f90c0 mode 0
Event: 136.894 Thread 0x000001bd50f3a800 DEOPT PACKING pc=0x000001bd38073dbe sp=0x000000153a5f9930
Event: 136.894 Thread 0x000001bd50f3a800 DEOPT UNPACKING pc=0x000001bd3606a95e sp=0x000000153a5f90c0 mode 0
Event: 136.900 Thread 0x000001bd50f3b800 DEOPT PACKING pc=0x000001bd389edae3 sp=0x000000153a2fa8a0
Event: 136.900 Thread 0x000001bd50f3b800 DEOPT UNPACKING pc=0x000001bd3606a95e sp=0x000000153a2f9d40 mode 0
Event: 136.901 Thread 0x000001bd50f3a800 DEOPT PACKING pc=0x000001bd38073d9d sp=0x000000153a5f9930
Event: 136.901 Thread 0x000001bd50f3a800 DEOPT UNPACKING pc=0x000001bd3606a95e sp=0x000000153a5f90c0 mode 0
Event: 136.964 Thread 0x000001bd50f3b800 DEOPT PACKING pc=0x000001bd38c0764b sp=0x000000153a2fa7e0
Event: 136.964 Thread 0x000001bd50f3b800 DEOPT UNPACKING pc=0x000001bd3606a95e sp=0x000000153a2f9d38 mode 0
Event: 137.026 Thread 0x000001bd50f3b800 DEOPT PACKING pc=0x000001bd38c0f236 sp=0x000000153a2fa4e0
Event: 137.026 Thread 0x000001bd50f3b800 DEOPT UNPACKING pc=0x000001bd3606a95e sp=0x000000153a2f99b8 mode 0

Classes redefined (0 events):
No events

Internal exceptions (20 events):
Event: 127.296 Thread 0x000001bd50f38000 Exception <a 'java/lang/NoSuchMethodError'{0x000000008b119c20}: 'void java.lang.invoke.DirectMethodHandle$Holder.invokeStatic(java.lang.Object, java.lang.Object, java.lang.Object, java.lang.Object, java.lang.Object, java.lang.Object, java.lang.Object, java.lang.Object)'> (0x000000008b119c20) thrown at [./src/hotspot/share/interpreter/linkResolver.cpp, line 773]
Event: 127.885 Thread 0x000001bd50f38000 Exception <a 'java/lang/IncompatibleClassChangeError'{0x000000008c06f228}: Found class java.lang.Object, but interface was expected> (0x000000008c06f228) thrown at [./src/hotspot/share/interpreter/linkResolver.cpp, line 839]
Event: 128.276 Thread 0x000001bd50f38000 Exception <a 'java/lang/NoSuchMethodError'{0x000000008b7ed190}: 'void java.lang.invoke.DirectMethodHandle$Holder.invokeVirtual(java.lang.Object, java.lang.Object, int)'> (0x000000008b7ed190) thrown at [./src/hotspot/share/interpreter/linkResolver.cpp, line 773]
Event: 128.289 Thread 0x000001bd4e465000 Exception <a 'java/lang/NoSuchMethodError'{0x000000008b622ea0}: 'java.lang.Object java.lang.invoke.DirectMethodHandle$Holder.newInvokeSpecial(java.lang.Object, java.lang.Object, java.lang.Object, java.lang.Object)'> (0x000000008b622ea0) thrown at [./src/hotspot/share/interpreter/linkResolver.cpp, line 773]
Event: 128.682 Thread 0x000001bd50b86000 Exception <a 'sun/nio/fs/WindowsException'{0x000000008be79dd8}> (0x000000008be79dd8) thrown at [./src/hotspot/share/prims/jni.cpp, line 617]
Event: 128.759 Thread 0x000001bd50f38000 Exception <a 'sun/nio/fs/WindowsException'{0x000000008bfe7010}> (0x000000008bfe7010) thrown at [./src/hotspot/share/prims/jni.cpp, line 617]
Event: 129.054 Thread 0x000001bd50f38000 Exception <a 'sun/nio/fs/WindowsException'{0x000000008e9a48e0}> (0x000000008e9a48e0) thrown at [./src/hotspot/share/prims/jni.cpp, line 617]
Event: 129.837 Thread 0x000001bd50b86000 Exception <a 'sun/nio/fs/WindowsException'{0x000000008cc95f78}> (0x000000008cc95f78) thrown at [./src/hotspot/share/prims/jni.cpp, line 617]
Event: 130.183 Thread 0x000001bd50b86000 Exception <a 'sun/nio/fs/WindowsException'{0x000000008e7af3e0}> (0x000000008e7af3e0) thrown at [./src/hotspot/share/prims/jni.cpp, line 617]
Event: 131.828 Thread 0x000001bd50b86000 Exception <a 'sun/nio/fs/WindowsException'{0x0000000092afa3a0}> (0x0000000092afa3a0) thrown at [./src/hotspot/share/prims/jni.cpp, line 617]
Event: 132.345 Thread 0x000001bd50b86000 Exception <a 'sun/nio/fs/WindowsException'{0x0000000091c53eb8}> (0x0000000091c53eb8) thrown at [./src/hotspot/share/prims/jni.cpp, line 617]
Event: 132.669 Thread 0x000001bd50f3b800 Implicit null exception at 0x000001bd3e3c2b50 to 0x000001bd3e3c3e0c
Event: 134.015 Thread 0x000001bd50f38000 Exception <a 'sun/nio/fs/WindowsException'{0x0000000092a7a830}> (0x0000000092a7a830) thrown at [./src/hotspot/share/prims/jni.cpp, line 617]
Event: 134.094 Thread 0x000001bd50b86000 Exception <a 'sun/nio/fs/WindowsException'{0x00000000922efdc0}> (0x00000000922efdc0) thrown at [./src/hotspot/share/prims/jni.cpp, line 617]
Event: 134.223 Thread 0x000001bd50b86000 Exception <a 'sun/nio/fs/WindowsException'{0x0000000090e4cf70}> (0x0000000090e4cf70) thrown at [./src/hotspot/share/prims/jni.cpp, line 617]
Event: 135.018 Thread 0x000001bd50f3a800 Exception <a 'sun/nio/fs/WindowsException'{0x00000000907b0368}> (0x00000000907b0368) thrown at [./src/hotspot/share/prims/jni.cpp, line 617]
Event: 135.403 Thread 0x000001bd50b86000 Exception <a 'sun/nio/fs/WindowsException'{0x000000008ddb5c98}> (0x000000008ddb5c98) thrown at [./src/hotspot/share/prims/jni.cpp, line 617]
Event: 135.492 Thread 0x000001bd50f3a800 Exception <a 'sun/nio/fs/WindowsException'{0x000000008cbb50b0}> (0x000000008cbb50b0) thrown at [./src/hotspot/share/prims/jni.cpp, line 617]
Event: 136.121 Thread 0x000001bd50f3b800 Implicit null exception at 0x000001bd3e46ecbc to 0x000001bd3e474718
Event: 136.140 Thread 0x000001bd50f3b800 Implicit null exception at 0x000001bd3e47ad4f to 0x000001bd3e47b70c

Events (20 events):
Event: 135.153 Executing VM operation: RevokeBias done
Event: 135.158 Executing VM operation: RevokeBias
Event: 135.159 Executing VM operation: RevokeBias done
Event: 135.159 Executing VM operation: RevokeBias
Event: 135.159 Executing VM operation: RevokeBias done
Event: 135.404 Executing VM operation: RevokeBias
Event: 135.404 Executing VM operation: RevokeBias done
Event: 135.551 Executing VM operation: G1CollectForAllocation
Event: 135.583 Executing VM operation: G1CollectForAllocation done
Event: 136.090 Executing VM operation: CGC_Operation
Event: 136.112 Executing VM operation: CGC_Operation done
Event: 136.361 Executing VM operation: CGC_Operation
Event: 136.362 Executing VM operation: CGC_Operation done
Event: 136.687 loading class com/android/tools/r8/errors/InterfaceDesugarMissingTypeDiagnostic
Event: 136.687 loading class com/android/tools/r8/errors/InterfaceDesugarMissingTypeDiagnostic done
Event: 136.701 loading class com/android/tools/r8/errors/DesugarDiagnostic
Event: 136.701 loading class com/android/tools/r8/errors/DesugarDiagnostic done
Event: 136.972 Executing VM operation: G1CollectForAllocation
Event: 137.022 Executing VM operation: G1CollectForAllocation done
Event: 137.028 Executing VM operation: G1CollectForAllocation


Dynamic libraries:
0x00007ff70e300000 - 0x00007ff70e30d000 	C:\Program Files\OpenJDK\openjdk-11.0.15_10\bin\java.exe
0x00007ff9caeb0000 - 0x00007ff9cb0a7000 	C:\WINDOWS\SYSTEM32\ntdll.dll
0x00007ff9cac10000 - 0x00007ff9caccd000 	C:\WINDOWS\System32\KERNEL32.DLL
0x00007ff9c8810000 - 0x00007ff9c8add000 	C:\WINDOWS\System32\KERNELBASE.dll
0x00007ff9a5610000 - 0x00007ff9a5628000 	C:\Program Files\OpenJDK\openjdk-11.0.15_10\bin\jli.dll
0x00007ff9c9d10000 - 0x00007ff9c9eb0000 	C:\WINDOWS\System32\USER32.dll
0x00007ff9c8680000 - 0x00007ff9c86a2000 	C:\WINDOWS\System32\win32u.dll
0x00007ff9ca2c0000 - 0x00007ff9ca2ea000 	C:\WINDOWS\System32\GDI32.dll
0x00007ff9c8ae0000 - 0x00007ff9c8beb000 	C:\WINDOWS\System32\gdi32full.dll
0x00007ff9c8c80000 - 0x00007ff9c8d80000 	C:\WINDOWS\System32\ucrtbase.dll
0x00007ff9c8720000 - 0x00007ff9c87bd000 	C:\WINDOWS\System32\msvcp_win.dll
0x00007ff9b8a90000 - 0x00007ff9b8d2a000 	C:\WINDOWS\WinSxS\amd64_microsoft.windows.common-controls_6595b64144ccf1df_6.0.19041.1110_none_60b5254171f9507e\COMCTL32.dll
0x00007ff9a56f0000 - 0x00007ff9a5706000 	C:\Program Files\OpenJDK\openjdk-11.0.15_10\bin\VCRUNTIME140.dll
0x00007ff9ca2f0000 - 0x00007ff9ca38e000 	C:\WINDOWS\System32\msvcrt.dll
0x00007ff9c8f10000 - 0x00007ff9c8f40000 	C:\WINDOWS\System32\IMM32.DLL
0x00007ff989b40000 - 0x00007ff989bea000 	C:\Program Files\OpenJDK\openjdk-11.0.15_10\bin\msvcp140.dll
0x00007ff978240000 - 0x00007ff978d91000 	C:\Program Files\OpenJDK\openjdk-11.0.15_10\bin\server\jvm.dll
0x00007ff9c9560000 - 0x00007ff9c960e000 	C:\WINDOWS\System32\ADVAPI32.dll
0x00007ff9ca080000 - 0x00007ff9ca11c000 	C:\WINDOWS\System32\sechost.dll
0x00007ff9c9b30000 - 0x00007ff9c9c55000 	C:\WINDOWS\System32\RPCRT4.dll
0x00007ff9c9f10000 - 0x00007ff9c9f18000 	C:\WINDOWS\System32\PSAPI.DLL
0x00007ff9c02a0000 - 0x00007ff9c02a9000 	C:\WINDOWS\SYSTEM32\WSOCK32.dll
0x00007ff9cacd0000 - 0x00007ff9cad3b000 	C:\WINDOWS\System32\WS2_32.dll
0x00007ff9bb4b0000 - 0x00007ff9bb4d7000 	C:\WINDOWS\SYSTEM32\WINMM.dll
0x00007ff9bf190000 - 0x00007ff9bf19a000 	C:\WINDOWS\SYSTEM32\VERSION.dll
0x00007ff9c6eb0000 - 0x00007ff9c6ec2000 	C:\WINDOWS\SYSTEM32\kernel.appcore.dll
0x00007ff9a51a0000 - 0x00007ff9a51b1000 	C:\Program Files\OpenJDK\openjdk-11.0.15_10\bin\verify.dll
0x00007ff9c6b70000 - 0x00007ff9c6d54000 	C:\WINDOWS\SYSTEM32\DBGHELP.DLL
0x00007ff9c25c0000 - 0x00007ff9c25ec000 	C:\WINDOWS\SYSTEM32\dbgcore.DLL
0x00007ff9c8bf0000 - 0x00007ff9c8c72000 	C:\WINDOWS\System32\bcryptPrimitives.dll
0x00007ff9a5170000 - 0x00007ff9a5199000 	C:\Program Files\OpenJDK\openjdk-11.0.15_10\bin\java.dll
0x00007ff9a9a10000 - 0x00007ff9a9a1a000 	C:\Program Files\OpenJDK\openjdk-11.0.15_10\bin\jimage.dll
0x00007ff9a3bf0000 - 0x00007ff9a3c08000 	C:\Program Files\OpenJDK\openjdk-11.0.15_10\bin\zip.dll
0x00007ff9ca440000 - 0x00007ff9cab84000 	C:\WINDOWS\System32\SHELL32.dll
0x00007ff9c63d0000 - 0x00007ff9c6b64000 	C:\WINDOWS\SYSTEM32\windows.storage.dll
0x00007ff9c9690000 - 0x00007ff9c99e4000 	C:\WINDOWS\System32\combase.dll
0x00007ff9c8030000 - 0x00007ff9c805c000 	C:\WINDOWS\SYSTEM32\Wldp.dll
0x00007ff9ca390000 - 0x00007ff9ca43d000 	C:\WINDOWS\System32\SHCORE.dll
0x00007ff9c9eb0000 - 0x00007ff9c9f05000 	C:\WINDOWS\System32\shlwapi.dll
0x00007ff9c8510000 - 0x00007ff9c852f000 	C:\WINDOWS\SYSTEM32\profapi.dll
0x00007ff9a3bd0000 - 0x00007ff9a3be9000 	C:\Program Files\OpenJDK\openjdk-11.0.15_10\bin\net.dll
0x00007ff9c00d0000 - 0x00007ff9c01da000 	C:\WINDOWS\SYSTEM32\WINHTTP.dll
0x00007ff9c7d90000 - 0x00007ff9c7dfa000 	C:\WINDOWS\system32\mswsock.dll
0x00007ff9a31a0000 - 0x00007ff9a31b3000 	C:\Program Files\OpenJDK\openjdk-11.0.15_10\bin\nio.dll
0x00007ff9c3f60000 - 0x00007ff9c3f87000 	C:\Users\Tom\.gradle\native\e1d6ef7f7dcc3fd88c89a11ec53ec762bb8ba0a96d01ffa2cd45eb1d1d8dd5c5\windows-amd64\native-platform.dll
0x00007ff989900000 - 0x00007ff989a44000 	C:\Users\Tom\.gradle\native\5664cfc778a61ccfe75a443a1ab52a65af34e5dc3c78e0209fed803814484fcb\windows-amd64\native-platform-file-events.dll
0x00007ff9a9a20000 - 0x00007ff9a9a29000 	C:\Program Files\OpenJDK\openjdk-11.0.15_10\bin\management.dll
0x00007ff9a6560000 - 0x00007ff9a656c000 	C:\Program Files\OpenJDK\openjdk-11.0.15_10\bin\management_ext.dll
0x00007ff9c7f80000 - 0x00007ff9c7f98000 	C:\WINDOWS\SYSTEM32\CRYPTSP.dll
0x00007ff9c7640000 - 0x00007ff9c7674000 	C:\WINDOWS\system32\rsaenh.dll
0x00007ff9c8d80000 - 0x00007ff9c8da7000 	C:\WINDOWS\System32\bcrypt.dll
0x00007ff9c8490000 - 0x00007ff9c84be000 	C:\WINDOWS\SYSTEM32\USERENV.dll
0x00007ff9c7fa0000 - 0x00007ff9c7fac000 	C:\WINDOWS\SYSTEM32\CRYPTBASE.dll
0x00007ff9c7a30000 - 0x00007ff9c7a6b000 	C:\WINDOWS\SYSTEM32\IPHLPAPI.DLL
0x00007ff9cad40000 - 0x00007ff9cad48000 	C:\WINDOWS\System32\NSI.dll
0x00007ff9c0490000 - 0x00007ff9c04a7000 	C:\WINDOWS\SYSTEM32\dhcpcsvc6.DLL
0x00007ff9c0eb0000 - 0x00007ff9c0ecd000 	C:\WINDOWS\SYSTEM32\dhcpcsvc.DLL
0x00007ff9c7ac0000 - 0x00007ff9c7b8b000 	C:\WINDOWS\SYSTEM32\DNSAPI.dll

dbghelp: loaded successfully - version: 4.0.5 - missing functions: none
symbol engine: initialized successfully - sym options: 0x614 - pdb path: .;C:\Program Files\OpenJDK\openjdk-11.0.15_10\bin;C:\WINDOWS\SYSTEM32;C:\WINDOWS\WinSxS\amd64_microsoft.windows.common-controls_6595b64144ccf1df_6.0.19041.1110_none_60b5254171f9507e;C:\Program Files\OpenJDK\openjdk-11.0.15_10\bin\server;C:\Users\Tom\.gradle\native\e1d6ef7f7dcc3fd88c89a11ec53ec762bb8ba0a96d01ffa2cd45eb1d1d8dd5c5\windows-amd64;C:\Users\Tom\.gradle\native\5664cfc778a61ccfe75a443a1ab52a65af34e5dc3c78e0209fed803814484fcb\windows-amd64

VM Arguments:
jvm_args: -XX:MaxMetaspaceSize=512m --add-opens=java.base/java.util=ALL-UNNAMED --add-opens=java.base/java.lang=ALL-UNNAMED --add-opens=java.base/java.lang.invoke=ALL-UNNAMED --add-opens=java.base/java.util=ALL-UNNAMED --add-opens=java.prefs/java.util.prefs=ALL-UNNAMED --add-opens=java.prefs/java.util.prefs=ALL-UNNAMED --add-opens=java.base/java.nio.charset=ALL-UNNAMED --add-opens=java.base/java.net=ALL-UNNAMED --add-opens=java.base/java.util.concurrent.atomic=ALL-UNNAMED -Xmx2048m -Dfile.encoding=windows-1252 -Duser.country=GB -Duser.language=en -Duser.variant 
java_command: org.gradle.launcher.daemon.bootstrap.GradleDaemon 7.3.3
java_class_path (initial): C:\Users\Tom\.gradle\wrapper\dists\gradle-7.3.3-all\4295vidhdd9hd3gbjyw1xqxpo\gradle-7.3.3\lib\gradle-launcher-7.3.3.jar
Launcher Type: SUN_STANDARD

[Global flags]
     intx CICompilerCount                          = 3                                         {product} {ergonomic}
   size_t CompressedClassSpaceSize                 = 528482304                                 {product} {ergonomic}
     uint ConcGCThreads                            = 1                                         {product} {ergonomic}
     uint G1ConcRefinementThreads                  = 4                                         {product} {ergonomic}
   size_t G1HeapRegionSize                         = 1048576                                   {product} {ergonomic}
    uintx GCDrainStackTargetSize                   = 64                                        {product} {ergonomic}
   size_t InitialHeapSize                          = 134217728                                 {product} {ergonomic}
   size_t MarkStackSize                            = 4194304                                   {product} {ergonomic}
   size_t MaxHeapSize                              = 2147483648                                {product} {command line}
   size_t MaxMetaspaceSize                         = 536870912                                 {product} {command line}
   size_t MaxNewSize                               = 1287651328                                {product} {ergonomic}
   size_t MinHeapDeltaBytes                        = 1048576                                   {product} {ergonomic}
    uintx NonNMethodCodeHeapSize                   = 5830732                                {pd product} {ergonomic}
    uintx NonProfiledCodeHeapSize                  = 122913754                              {pd product} {ergonomic}
    uintx ProfiledCodeHeapSize                     = 122913754                              {pd product} {ergonomic}
    uintx ReservedCodeCacheSize                    = 251658240                              {pd product} {ergonomic}
     bool SegmentedCodeCache                       = true                                      {product} {ergonomic}
     bool UseCompressedClassPointers               = true                                 {lp64_product} {ergonomic}
     bool UseCompressedOops                        = true                                 {lp64_product} {ergonomic}
     bool UseG1GC                                  = true                                      {product} {ergonomic}
     bool UseLargePagesIndividualAllocation        = false                                  {pd product} {ergonomic}

Logging:
Log output configuration:
 #0: stdout all=warning uptime,level,tags
 #1: stderr all=off uptime,level,tags

Environment Variables:
JAVA_HOME=C:\Program Files\OpenJDK\openjdk-11.0.15_10
CLASSPATH=C:\Users\Tom\Documents\Programmation\React Native\projectRNcli\android\\gradle\wrapper\gradle-wrapper.jar
PATH=C:\Users\Tom\Documents\Programmation\React Native\projectRNcli\android\node_modules\.bin;C:\Users\Tom\Documents\Programmation\React Native\projectRNcli\node_modules\.bin;C:\Users\Tom\Documents\Programmation\React Native\node_modules\.bin;C:\Users\Tom\Documents\Programmation\node_modules\.bin;C:\Users\Tom\Documents\node_modules\.bin;C:\Users\Tom\node_modules\.bin;C:\Users\node_modules\.bin;C:\node_modules\.bin;C:\Program Files\nodejs;C:\Users\Tom\Documents\Programmation\React Native\projectRNcli\node_modules\.bin;C:\Users\Tom\Documents\Programmation\React Native\node_modules\.bin;C:\Users\Tom\Documents\Programmation\node_modules\.bin;C:\Users\Tom\Documents\node_modules\.bin;C:\Users\Tom\node_modules\.bin;C:\Users\node_modules\.bin;C:\node_modules\.bin;C:\Program Files\nodejs\node_modules\npm\node_modules\@npmcli\run-script\lib\node-gyp-bin;C:\Python310\Scripts\;C:\Python310\;C:\Program Files\Common Files\Oracle\Java\javapath;C:\Program Files (x86)\Intel\Intel(R) Management Engine Components\iCLS\;C:\Program Files\Intel\Intel(R) Management Engine Components\iCLS\;C:\windows\system32;C:\windows;C:\windows\System32\Wbem;C:\windows\System32\WindowsPowerShell\v1.0\;C:\Program Files (x86)\Intel\Intel(R) Management Engine Components\DAL;C:\Program Files\Intel\Intel(R) Management Engine Components\DAL;C:\Program Files (x86)\Intel\Intel(R) Management Engine Components\IPT;C:\Program Files\Intel\Intel(R) Management Engine Components\IPT;C:\Program Files (x86)\NVIDIA Corporation\PhysX\Common;C:\WINDOWS\system32;C:\WINDOWS;C:\WINDOWS\System32\Wbem;C:\WINDOWS\System32\WindowsPowerShell\v1.0\;C:\WINDOWS\System32\OpenSSH\;C:\Program Files\Microchip\xc8\v2.36\bin;C:\ProgramData\chocolatey\bin;C:\Program Files\OpenJDK\openjdk-11.0.15_10\bin;C:\Program Files\nodejs\;C:\Users\Tom\AppData\Local\Microsoft\WindowsApps;C:\Users\Tom\AppData\Local\Programs\Microsoft VS Code\bin;C:\Users\Tom\AppData\Local\Android\Sdk\platform-tools;C:\Users\Tom\AppData\Roaming\npm;C:\Users\Tom\Documents\Pro
USERNAME=Tom
LANG=en_GB.UTF-8
OS=Windows_NT
PROCESSOR_IDENTIFIER=Intel64 Family 6 Model 142 Stepping 10, GenuineIntel



---------------  S Y S T E M  ---------------

OS: Windows 10 , 64 bit Build 19041 (10.0.19041.1741)
OS uptime: 0 days 5:28 hours

CPU:total 4 (initial active 4) (2 cores per cpu, 2 threads per core) family 6 model 142 stepping 10 microcode 0xb4, cmov, cx8, fxsr, mmx, sse, sse2, sse3, ssse3, sse4.1, sse4.2, popcnt, avx, avx2, aes, clmul, erms, 3dnowpref, lzcnt, ht, tsc, tscinvbit, bmi1, bmi2, adx, fma

Memory: 4k page, system-wide physical 8107M (330M free)
TotalPageFile size 8107M (AvailPageFile size 50M)
current process WorkingSet (physical memory assigned to process): 568M, peak: 568M
current process commit charge ("private bytes"): 713M, peak: 773M

vm_info: OpenJDK 64-Bit Server VM (11.0.15+10) for windows-amd64 JRE (11.0.15+10), built on Apr 21 2022 21:29:46 by "tester" with MS VC++ 15.5 (VS2017)

END.
