#
# There is insufficient memory for the Java Runtime Environment to continue.
# Native memory allocation (malloc) failed to allocate 304976 bytes for Chunk::new
# Possible reasons:
#   The system is out of physical RAM or swap space
#   The process is running with CompressedOops enabled, and the Java Heap may be blocking the growth of the native heap
# Possible solutions:
#   Reduce memory load on the system
#   Increase physical memory or swap space
#   Check if swap backing store is full
#   Decrease Java heap size (-Xmx/-Xms)
#   Decrease number of Java threads
#   Decrease Java thread stack sizes (-Xss)
#   Set larger code cache with -XX:ReservedCodeCacheSize=
#   JVM is running with Unscaled Compressed Oops mode in which the Java heap is
#     placed in the first 4GB address space. The Java Heap base address is the
#     maximum limit for the native heap growth. Please use -XX:HeapBaseMinAddress
#     to set the Java Heap base and to place the Java Heap above 4GB virtual address.
# This output file may be truncated or incomplete.
#
#  Out of Memory Error (./src/hotspot/share/memory/arena.cpp:197), pid=4184, tid=7948
#
# JRE version: OpenJDK Runtime Environment 18.9 (11.0.15+10) (build 11.0.15+10)
# Java VM: OpenJDK 64-Bit Server VM 18.9 (11.0.15+10, mixed mode, tiered, compressed oops, g1 gc, windows-amd64)
# No core dump will be written. Minidumps are not enabled by default on client versions of Windows
#

---------------  S U M M A R Y ------------

Command Line: -XX:MaxMetaspaceSize=512m --add-opens=java.base/java.util=ALL-UNNAMED --add-opens=java.base/java.lang=ALL-UNNAMED --add-opens=java.base/java.lang.invoke=ALL-UNNAMED --add-opens=java.base/java.util=ALL-UNNAMED --add-opens=java.prefs/java.util.prefs=ALL-UNNAMED --add-opens=java.prefs/java.util.prefs=ALL-UNNAMED --add-opens=java.base/java.nio.charset=ALL-UNNAMED --add-opens=java.base/java.net=ALL-UNNAMED --add-opens=java.base/java.util.concurrent.atomic=ALL-UNNAMED -Xmx2048m -Dfile.encoding=windows-1252 -Duser.country=GB -Duser.language=en -Duser.variant org.gradle.launcher.daemon.bootstrap.GradleDaemon 7.3.3

Host: Intel(R) Core(TM) i3-7020U CPU @ 2.30GHz, 4 cores, 15G,  Windows 10 , 64 bit Build 19041 (10.0.19041.2251)
Time: Mon Nov 21 11:51:05 2022 Romance Standard Time elapsed time: 85.665521 seconds (0d 0h 1m 25s)

---------------  T H R E A D  ---------------

Current thread (0x000001b645ddc000):  JavaThread "C2 CompilerThread0" daemon [_thread_in_native, id=7948, stack(0x000000a97f600000,0x000000a97f700000)]


Current CompileTask:
C2:  85665 7653       4       sun.net.www.protocol.jar.Handler::parseURL (212 bytes)

Stack: [0x000000a97f600000,0x000000a97f700000]
Native frames: (J=compiled Java code, j=interpreted, Vv=VM code, C=native code)
V  [jvm.dll+0x64dd3a]
V  [jvm.dll+0x7906c9]
V  [jvm.dll+0x791d9c]
V  [jvm.dll+0x792463]
V  [jvm.dll+0x265048]
V  [jvm.dll+0xc9da1]
V  [jvm.dll+0xca35c]
V  [jvm.dll+0x2d81f4]
V  [jvm.dll+0x55a6c6]
V  [jvm.dll+0x226553]
V  [jvm.dll+0x22012a]
V  [jvm.dll+0x21d138]
V  [jvm.dll+0x19dd21]
V  [jvm.dll+0x22cc80]
V  [jvm.dll+0x22af81]
V  [jvm.dll+0x75254c]
V  [jvm.dll+0x74b12d]
V  [jvm.dll+0x64c8a6]
C  [ucrtbase.dll+0x21bb2]
C  [KERNEL32.DLL+0x174b4]
C  [ntdll.dll+0x526a1]


---------------  P R O C E S S  ---------------

Threads class SMR info:
_java_thread_list=0x000001b649f853b0, length=86, elements={
0x000001b626cc0000, 0x000001b64556d000, 0x000001b645d70800, 0x000001b645dd5000,
0x000001b645dd8000, 0x000001b645dd9000, 0x000001b645ddc000, 0x000001b645e0a000,
0x000001b645e50800, 0x000001b645f52800, 0x000001b646533800, 0x000001b6473bc000,
0x000001b647459000, 0x000001b646f42000, 0x000001b646f42800, 0x000001b646eea800,
0x000001b646eed000, 0x000001b6460ae000, 0x000001b646e5c800, 0x000001b6460ab000,
0x000001b6460a3000, 0x000001b6460a4000, 0x000001b6460a1800, 0x000001b6460a4800,
0x000001b6460a0800, 0x000001b6460a0000, 0x000001b6460a2800, 0x000001b64609f000,
0x000001b6460a5800, 0x000001b64811a000, 0x000001b648119000, 0x000001b648118800,
0x000001b64811a800, 0x000001b648116000, 0x000001b648117800, 0x000001b64811c800,
0x000001b648116800, 0x000001b648120800, 0x000001b648121800, 0x000001b648122000,
0x000001b648123000, 0x000001b64811d000, 0x000001b648123800, 0x000001b64811e000,
0x000001b64811f800, 0x000001b648124800, 0x000001b64811f000, 0x000001b64b79b000,
0x000001b64b79e800, 0x000001b64b79c800, 0x000001b64b79d800, 0x000001b64b79c000,
0x000001b64b798800, 0x000001b64b79a000, 0x000001b64b79f000, 0x000001b64b799800,
0x000001b64b7a1800, 0x000001b64b7a1000, 0x000001b64b7a5800, 0x000001b64b7a2800,
0x000001b64b7a0000, 0x000001b64b7a4000, 0x000001b64b7a3000, 0x000001b64b7a6800,
0x000001b64b7a5000, 0x000001b64b7a7800, 0x000001b64bea4000, 0x000001b64bea5000,
0x000001b64bea8000, 0x000001b64bea9000, 0x000001b64bea9800, 0x000001b64bea6800,
0x000001b64beaa800, 0x000001b64bea5800, 0x000001b64bea7800, 0x000001b64a9a7800,
0x000001b64a9a8800, 0x000001b64a9a6800, 0x000001b64a9a4000, 0x000001b64a9a9000,
0x000001b64a9aa000, 0x000001b64a9a6000, 0x000001b64a9aa800, 0x000001b64a9a5000,
0x000001b64a9ad000, 0x000001b64a9ae000
}

Java Threads: ( => current thread )
  0x000001b626cc0000 JavaThread "main" [_thread_blocked, id=14912, stack(0x000000a97ea00000,0x000000a97eb00000)]
  0x000001b64556d000 JavaThread "Reference Handler" daemon [_thread_blocked, id=15872, stack(0x000000a97f100000,0x000000a97f200000)]
  0x000001b645d70800 JavaThread "Finalizer" daemon [_thread_blocked, id=9832, stack(0x000000a97f200000,0x000000a97f300000)]
  0x000001b645dd5000 JavaThread "Signal Dispatcher" daemon [_thread_blocked, id=16516, stack(0x000000a97f300000,0x000000a97f400000)]
  0x000001b645dd8000 JavaThread "Attach Listener" daemon [_thread_blocked, id=16164, stack(0x000000a97f400000,0x000000a97f500000)]
  0x000001b645dd9000 JavaThread "Service Thread" daemon [_thread_blocked, id=8628, stack(0x000000a97f500000,0x000000a97f600000)]
=>0x000001b645ddc000 JavaThread "C2 CompilerThread0" daemon [_thread_in_native, id=7948, stack(0x000000a97f600000,0x000000a97f700000)]
  0x000001b645e0a000 JavaThread "C1 CompilerThread0" daemon [_thread_blocked, id=1380, stack(0x000000a97f700000,0x000000a97f800000)]
  0x000001b645e50800 JavaThread "Sweeper thread" daemon [_thread_blocked, id=12536, stack(0x000000a97f800000,0x000000a97f900000)]
  0x000001b645f52800 JavaThread "Common-Cleaner" daemon [_thread_blocked, id=16192, stack(0x000000a97f900000,0x000000a97fa00000)]
  0x000001b646533800 JavaThread "Daemon health stats" [_thread_blocked, id=11044, stack(0x000000a97fe00000,0x000000a97ff00000)]
  0x000001b6473bc000 JavaThread "Incoming local TCP Connector on port 59462" [_thread_in_native, id=13044, stack(0x000000a97ff00000,0x000000a980000000)]
  0x000001b647459000 JavaThread "Daemon periodic checks" [_thread_blocked, id=8236, stack(0x000000a900000000,0x000000a900100000)]
  0x000001b646f42000 JavaThread "Daemon" [_thread_blocked, id=8932, stack(0x000000a900100000,0x000000a900200000)]
  0x000001b646f42800 JavaThread "Handler for socket connection from /127.0.0.1:59462 to /127.0.0.1:59463" [_thread_in_native, id=9428, stack(0x000000a900200000,0x000000a900300000)]
  0x000001b646eea800 JavaThread "Cancel handler" [_thread_blocked, id=15464, stack(0x000000a900300000,0x000000a900400000)]
  0x000001b646eed000 JavaThread "Daemon worker" [_thread_blocked, id=880, stack(0x000000a900400000,0x000000a900500000)]
  0x000001b6460ae000 JavaThread "Asynchronous log dispatcher for DefaultDaemonConnection: socket connection from /127.0.0.1:59462 to /127.0.0.1:59463" [_thread_blocked, id=16496, stack(0x000000a900500000,0x000000a900600000)]
  0x000001b646e5c800 JavaThread "Stdin handler" [_thread_blocked, id=12392, stack(0x000000a900600000,0x000000a900700000)]
  0x000001b6460ab000 JavaThread "Daemon client event forwarder" [_thread_blocked, id=3836, stack(0x000000a900700000,0x000000a900800000)]
  0x000001b6460a3000 JavaThread "Cache worker for journal cache (C:\Users\Tom\.gradle\caches\journal-1)" [_thread_blocked, id=13004, stack(0x000000a900800000,0x000000a900900000)]
  0x000001b6460a4000 JavaThread "File lock request listener" [_thread_in_native, id=12688, stack(0x000000a900900000,0x000000a900a00000)]
  0x000001b6460a1800 JavaThread "Cache worker for file hash cache (C:\Users\Tom\.gradle\caches\7.3.3\fileHashes)" [_thread_blocked, id=6428, stack(0x000000a900a00000,0x000000a900b00000)]
  0x000001b6460a4800 JavaThread "Cache worker for file hash cache (F:\RNP\Fun\projectRNcli\android\.gradle\7.3.3\fileHashes)" [_thread_blocked, id=14132, stack(0x000000a900b00000,0x000000a900c00000)]
  0x000001b6460a0800 JavaThread "File watcher server" daemon [_thread_in_native, id=9016, stack(0x000000a900d00000,0x000000a900e00000)]
  0x000001b6460a0000 JavaThread "File watcher consumer" daemon [_thread_blocked, id=15724, stack(0x000000a900e00000,0x000000a900f00000)]
  0x000001b6460a2800 JavaThread "Cache worker for checksums cache (F:\RNP\Fun\projectRNcli\android\.gradle\7.3.3\checksums)" [_thread_blocked, id=15032, stack(0x000000a900c00000,0x000000a900d00000)]
  0x000001b64609f000 JavaThread "Cache worker for cache directory md-supplier (C:\Users\Tom\.gradle\caches\7.3.3\md-supplier)" [_thread_blocked, id=15368, stack(0x000000a900f00000,0x000000a901000000)]
  0x000001b6460a5800 JavaThread "Cache worker for cache directory md-rule (C:\Users\Tom\.gradle\caches\7.3.3\md-rule)" [_thread_blocked, id=7752, stack(0x000000a901100000,0x000000a901200000)]
  0x000001b64811a000 JavaThread "Cache worker for execution history cache (C:\Users\Tom\.gradle\caches\7.3.3\executionHistory)" [_thread_blocked, id=11400, stack(0x000000a901200000,0x000000a901300000)]
  0x000001b648119000 JavaThread "jar transforms" [_thread_blocked, id=16060, stack(0x000000a901300000,0x000000a901400000)]
  0x000001b648118800 JavaThread "jar transforms Thread 2" [_thread_blocked, id=16776, stack(0x000000a901400000,0x000000a901500000)]
  0x000001b64811a800 JavaThread "Cache worker for file content cache (C:\Users\Tom\.gradle\caches\7.3.3\fileContent)" [_thread_blocked, id=11376, stack(0x000000a901500000,0x000000a901600000)]
  0x000001b648116000 JavaThread "jar transforms Thread 3" [_thread_blocked, id=8408, stack(0x000000a901000000,0x000000a901100000)]
  0x000001b648117800 JavaThread "jar transforms Thread 4" [_thread_blocked, id=10852, stack(0x000000a901700000,0x000000a901800000)]
  0x000001b64811c800 JavaThread "Cache worker for kotlin-dsl (C:\Users\Tom\.gradle\caches\7.3.3\kotlin-dsl)" [_thread_blocked, id=10924, stack(0x000000a901900000,0x000000a901a00000)]
  0x000001b648116800 JavaThread "Cache worker for dependencies-accessors (F:\RNP\Fun\projectRNcli\android\.gradle\7.3.3\dependencies-accessors)" [_thread_blocked, id=17012, stack(0x000000a901b00000,0x000000a901c00000)]
  0x000001b648120800 JavaThread "Cache worker for Build Output Cleanup Cache (F:\RNP\Fun\projectRNcli\node_modules\react-native-gradle-plugin\.gradle\buildOutputCleanup)" [_thread_blocked, id=8528, stack(0x000000a901a00000,0x000000a901b00000)]
  0x000001b648121800 JavaThread "Unconstrained build operations" [_thread_blocked, id=4684, stack(0x000000a901c00000,0x000000a901d00000)]
  0x000001b648122000 JavaThread "Unconstrained build operations Thread 2" [_thread_blocked, id=12328, stack(0x000000a901d00000,0x000000a901e00000)]
  0x000001b648123000 JavaThread "Unconstrained build operations Thread 3" [_thread_blocked, id=17344, stack(0x000000a901e00000,0x000000a901f00000)]
  0x000001b64811d000 JavaThread "Unconstrained build operations Thread 4" [_thread_blocked, id=7836, stack(0x000000a901f00000,0x000000a902000000)]
  0x000001b648123800 JavaThread "Unconstrained build operations Thread 5" [_thread_blocked, id=956, stack(0x000000a902000000,0x000000a902100000)]
  0x000001b64811e000 JavaThread "Unconstrained build operations Thread 6" [_thread_blocked, id=10176, stack(0x000000a902100000,0x000000a902200000)]
  0x000001b64811f800 JavaThread "Unconstrained build operations Thread 7" [_thread_blocked, id=3076, stack(0x000000a902200000,0x000000a902300000)]
  0x000001b648124800 JavaThread "Unconstrained build operations Thread 8" [_thread_blocked, id=1544, stack(0x000000a902300000,0x000000a902400000)]
  0x000001b64811f000 JavaThread "Unconstrained build operations Thread 9" [_thread_blocked, id=12504, stack(0x000000a902400000,0x000000a902500000)]
  0x000001b64b79b000 JavaThread "Unconstrained build operations Thread 10" [_thread_blocked, id=17372, stack(0x000000a902500000,0x000000a902600000)]
  0x000001b64b79e800 JavaThread "Unconstrained build operations Thread 11" [_thread_blocked, id=3460, stack(0x000000a902600000,0x000000a902700000)]
  0x000001b64b79c800 JavaThread "Unconstrained build operations Thread 12" [_thread_blocked, id=14360, stack(0x000000a902700000,0x000000a902800000)]
  0x000001b64b79d800 JavaThread "Unconstrained build operations Thread 13" [_thread_blocked, id=6896, stack(0x000000a902800000,0x000000a902900000)]
  0x000001b64b79c000 JavaThread "Unconstrained build operations Thread 14" [_thread_blocked, id=9364, stack(0x000000a902900000,0x000000a902a00000)]
  0x000001b64b798800 JavaThread "Unconstrained build operations Thread 15" [_thread_blocked, id=12780, stack(0x000000a902a00000,0x000000a902b00000)]
  0x000001b64b79a000 JavaThread "Unconstrained build operations Thread 16" [_thread_blocked, id=14952, stack(0x000000a902b00000,0x000000a902c00000)]
  0x000001b64b79f000 JavaThread "Unconstrained build operations Thread 17" [_thread_blocked, id=12660, stack(0x000000a902c00000,0x000000a902d00000)]
  0x000001b64b799800 JavaThread "Unconstrained build operations Thread 18" [_thread_blocked, id=9052, stack(0x000000a902d00000,0x000000a902e00000)]
  0x000001b64b7a1800 JavaThread "Unconstrained build operations Thread 19" [_thread_blocked, id=14276, stack(0x000000a902e00000,0x000000a902f00000)]
  0x000001b64b7a1000 JavaThread "Unconstrained build operations Thread 20" [_thread_blocked, id=17396, stack(0x000000a902f00000,0x000000a903000000)]
  0x000001b64b7a5800 JavaThread "Unconstrained build operations Thread 21" [_thread_blocked, id=8684, stack(0x000000a903000000,0x000000a903100000)]
  0x000001b64b7a2800 JavaThread "Unconstrained build operations Thread 22" [_thread_blocked, id=1076, stack(0x000000a903100000,0x000000a903200000)]
  0x000001b64b7a0000 JavaThread "Unconstrained build operations Thread 23" [_thread_blocked, id=9308, stack(0x000000a903200000,0x000000a903300000)]
  0x000001b64b7a4000 JavaThread "Unconstrained build operations Thread 24" [_thread_blocked, id=16408, stack(0x000000a903300000,0x000000a903400000)]
  0x000001b64b7a3000 JavaThread "Unconstrained build operations Thread 25" [_thread_blocked, id=9448, stack(0x000000a903400000,0x000000a903500000)]
  0x000001b64b7a6800 JavaThread "Unconstrained build operations Thread 26" [_thread_blocked, id=16392, stack(0x000000a903500000,0x000000a903600000)]
  0x000001b64b7a5000 JavaThread "Unconstrained build operations Thread 27" [_thread_blocked, id=15860, stack(0x000000a903600000,0x000000a903700000)]
  0x000001b64b7a7800 JavaThread "Unconstrained build operations Thread 28" [_thread_blocked, id=17200, stack(0x000000a903700000,0x000000a903800000)]
  0x000001b64bea4000 JavaThread "Unconstrained build operations Thread 29" [_thread_blocked, id=13208, stack(0x000000a903800000,0x000000a903900000)]
  0x000001b64bea5000 JavaThread "Unconstrained build operations Thread 30" [_thread_blocked, id=15468, stack(0x000000a903900000,0x000000a903a00000)]
  0x000001b64bea8000 JavaThread "Unconstrained build operations Thread 31" [_thread_blocked, id=7004, stack(0x000000a903a00000,0x000000a903b00000)]
  0x000001b64bea9000 JavaThread "Unconstrained build operations Thread 32" [_thread_blocked, id=9732, stack(0x000000a903b00000,0x000000a903c00000)]
  0x000001b64bea9800 JavaThread "Unconstrained build operations Thread 33" [_thread_blocked, id=9040, stack(0x000000a903c00000,0x000000a903d00000)]
  0x000001b64bea6800 JavaThread "build event listener" [_thread_blocked, id=8928, stack(0x000000a903d00000,0x000000a903e00000)]
  0x000001b64beaa800 JavaThread "Memory manager" [_thread_blocked, id=16760, stack(0x000000a903e00000,0x000000a903f00000)]
  0x000001b64bea5800 JavaThread "Cache worker for Build Output Cleanup Cache (F:\RNP\Fun\projectRNcli\android\.gradle\buildOutputCleanup)" [_thread_blocked, id=6316, stack(0x000000a904000000,0x000000a904100000)]
  0x000001b64bea7800 JavaThread "included builds" [_thread_blocked, id=17148, stack(0x000000a903f00000,0x000000a904000000)]
  0x000001b64a9a7800 JavaThread "Execution worker for ':react-native-gradle-plugin'" [_thread_blocked, id=14656, stack(0x000000a904100000,0x000000a904200000)]
  0x000001b64a9a8800 JavaThread "Execution worker for ':react-native-gradle-plugin' Thread 2" [_thread_blocked, id=7612, stack(0x000000a904200000,0x000000a904300000)]
  0x000001b64a9a6800 JavaThread "Execution worker for ':react-native-gradle-plugin' Thread 3" [_thread_in_native, id=16816, stack(0x000000a904300000,0x000000a904400000)]
  0x000001b64a9a4000 JavaThread "Cache worker for execution history cache (F:\RNP\Fun\projectRNcli\node_modules\react-native-gradle-plugin\.gradle\7.3.3\executionHistory)" [_thread_blocked, id=2620, stack(0x000000a904400000,0x000000a904500000)]
  0x000001b64a9a9000 JavaThread "Unconstrained build operations Thread 34" [_thread_blocked, id=11660, stack(0x000000a904500000,0x000000a904600000)]
  0x000001b64a9aa000 JavaThread "Unconstrained build operations Thread 35" [_thread_blocked, id=17360, stack(0x000000a904600000,0x000000a904700000)]
  0x000001b64a9a6000 JavaThread "Unconstrained build operations Thread 36" [_thread_blocked, id=11544, stack(0x000000a904700000,0x000000a904800000)]
  0x000001b64a9aa800 JavaThread "Unconstrained build operations Thread 37" [_thread_blocked, id=16000, stack(0x000000a904800000,0x000000a904900000)]
  0x000001b64a9a5000 JavaThread "Unconstrained build operations Thread 38" [_thread_blocked, id=12936, stack(0x000000a904900000,0x000000a904a00000)]
  0x000001b64a9ad000 JavaThread "Unconstrained build operations Thread 39" [_thread_blocked, id=15668, stack(0x000000a904a00000,0x000000a904b00000)]
  0x000001b64a9ae000 JavaThread "Unconstrained build operations Thread 40" [_thread_blocked, id=1968, stack(0x000000a904b00000,0x000000a904c00000)]

Other Threads:
  0x000001b645568800 VMThread "VM Thread" [stack: 0x000000a97f000000,0x000000a97f100000] [id=2040]
  0x000001b645f78000 WatcherThread [stack: 0x000000a97fa00000,0x000000a97fb00000] [id=7832]
  0x000001b626cd8800 GCTaskThread "GC Thread#0" [stack: 0x000000a97eb00000,0x000000a97ec00000] [id=5884]
  0x000001b64609d800 GCTaskThread "GC Thread#1" [stack: 0x000000a97fb00000,0x000000a97fc00000] [id=11696]
  0x000001b646310800 GCTaskThread "GC Thread#2" [stack: 0x000000a97fc00000,0x000000a97fd00000] [id=15984]
  0x000001b646311000 GCTaskThread "GC Thread#3" [stack: 0x000000a97fd00000,0x000000a97fe00000] [id=13940]
  0x000001b626d0a000 ConcurrentGCThread "G1 Main Marker" [stack: 0x000000a97ec00000,0x000000a97ed00000] [id=9760]
  0x000001b626d0b800 ConcurrentGCThread "G1 Conc#0" [stack: 0x000000a97ed00000,0x000000a97ee00000] [id=12932]
  0x000001b626d9d800 ConcurrentGCThread "G1 Refine#0" [stack: 0x000000a97ee00000,0x000000a97ef00000] [id=9304]
  0x000001b626d9e800 ConcurrentGCThread "G1 Young RemSet Sampling" [stack: 0x000000a97ef00000,0x000000a97f000000] [id=12544]

Threads with active compile tasks:
C2 CompilerThread0    88024 7653       4       sun.net.www.protocol.jar.Handler::parseURL (212 bytes)

VM state:not at safepoint (normal execution)

VM Mutex/Monitor currently owned by a thread: None

Heap address: 0x0000000080000000, size: 2048 MB, Compressed Oops mode: 32-bit
Narrow klass base: 0x0000000000000000, Narrow klass shift: 3
Compressed class space size: 528482304 Address: 0x0000000100000000

Heap:
 garbage-first heap   total 262144K, used 60761K [0x0000000080000000, 0x0000000100000000)
  region size 1024K, 28 young (28672K), 17 survivors (17408K)
 Metaspace       used 69269K, capacity 71321K, committed 71560K, reserved 579584K
  class space    used 8967K, capacity 9786K, committed 9856K, reserved 516096K
Heap Regions: E=young(eden), S=young(survivor), O=old, HS=humongous(starts), HC=humongous(continues), CS=collection set, F=free, A=archive, TAMS=top-at-mark-start (previous, next)
|   0|0x0000000080000000, 0x0000000080100000, 0x0000000080100000|100%| O|  |TAMS 0x0000000080100000, 0x0000000080000000| Untracked 
|   1|0x0000000080100000, 0x0000000080200000, 0x0000000080200000|100%| O|  |TAMS 0x0000000080200000, 0x0000000080100000| Untracked 
|   2|0x0000000080200000, 0x0000000080300000, 0x0000000080300000|100%| O|  |TAMS 0x0000000080300000, 0x0000000080200000| Untracked 
|   3|0x0000000080300000, 0x0000000080400000, 0x0000000080400000|100%|HS|  |TAMS 0x0000000080400000, 0x0000000080300000| Complete 
|   4|0x0000000080400000, 0x0000000080500000, 0x0000000080500000|100%|HC|  |TAMS 0x0000000080500000, 0x0000000080400000| Complete 
|   5|0x0000000080500000, 0x0000000080600000, 0x0000000080600000|100%|HC|  |TAMS 0x0000000080600000, 0x0000000080500000| Complete 
|   6|0x0000000080600000, 0x0000000080700000, 0x0000000080700000|100%| O|  |TAMS 0x0000000080700000, 0x0000000080600000| Untracked 
|   7|0x0000000080700000, 0x0000000080800000, 0x0000000080800000|100%| O|  |TAMS 0x0000000080800000, 0x0000000080700000| Untracked 
|   8|0x0000000080800000, 0x0000000080900000, 0x0000000080900000|100%| O|  |TAMS 0x0000000080900000, 0x0000000080800000| Untracked 
|   9|0x0000000080900000, 0x0000000080a00000, 0x0000000080a00000|100%| O|  |TAMS 0x0000000080a00000, 0x0000000080900000| Untracked 
|  10|0x0000000080a00000, 0x0000000080b00000, 0x0000000080b00000|100%| O|  |TAMS 0x0000000080b00000, 0x0000000080a00000| Untracked 
|  11|0x0000000080b00000, 0x0000000080c00000, 0x0000000080c00000|100%| O|  |TAMS 0x0000000080c00000, 0x0000000080b00000| Untracked 
|  12|0x0000000080c00000, 0x0000000080d00000, 0x0000000080d00000|100%| O|  |TAMS 0x0000000080d00000, 0x0000000080c00000| Untracked 
|  13|0x0000000080d00000, 0x0000000080e00000, 0x0000000080e00000|100%| O|  |TAMS 0x0000000080e00000, 0x0000000080d00000| Untracked 
|  14|0x0000000080e00000, 0x0000000080f00000, 0x0000000080f00000|100%|HS|  |TAMS 0x0000000080f00000, 0x0000000080e00000| Complete 
|  15|0x0000000080f00000, 0x0000000081000000, 0x0000000081000000|100%|HS|  |TAMS 0x0000000081000000, 0x0000000080f00000| Complete 
|  16|0x0000000081000000, 0x0000000081100000, 0x0000000081100000|100%|HC|  |TAMS 0x0000000081100000, 0x0000000081000000| Complete 
|  17|0x0000000081100000, 0x0000000081200000, 0x0000000081200000|100%|HC|  |TAMS 0x0000000081200000, 0x0000000081100000| Complete 
|  18|0x0000000081200000, 0x0000000081300000, 0x0000000081300000|100%| O|  |TAMS 0x0000000081300000, 0x0000000081200000| Untracked 
|  19|0x0000000081300000, 0x0000000081400000, 0x0000000081400000|100%| O|  |TAMS 0x0000000081400000, 0x0000000081300000| Untracked 
|  20|0x0000000081400000, 0x0000000081500000, 0x0000000081500000|100%| O|  |TAMS 0x0000000081500000, 0x0000000081400000| Untracked 
|  21|0x0000000081500000, 0x0000000081600000, 0x0000000081600000|100%| O|  |TAMS 0x0000000081600000, 0x0000000081500000| Untracked 
|  22|0x0000000081600000, 0x0000000081700000, 0x0000000081700000|100%| O|  |TAMS 0x0000000081700000, 0x0000000081600000| Untracked 
|  23|0x0000000081700000, 0x0000000081800000, 0x0000000081800000|100%| O|  |TAMS 0x0000000081800000, 0x0000000081700000| Untracked 
|  24|0x0000000081800000, 0x0000000081900000, 0x0000000081900000|100%| O|  |TAMS 0x0000000081900000, 0x0000000081800000| Untracked 
|  25|0x0000000081900000, 0x0000000081a00000, 0x0000000081a00000|100%| O|  |TAMS 0x0000000081a00000, 0x0000000081900000| Untracked 
|  26|0x0000000081a00000, 0x0000000081b00000, 0x0000000081b00000|100%| O|  |TAMS 0x0000000081b00000, 0x0000000081a00000| Untracked 
|  27|0x0000000081b00000, 0x0000000081c00000, 0x0000000081c00000|100%| O|  |TAMS 0x0000000081c00000, 0x0000000081b00000| Untracked 
|  28|0x0000000081c00000, 0x0000000081d00000, 0x0000000081d00000|100%| O|  |TAMS 0x0000000081d00000, 0x0000000081c00000| Untracked 
|  29|0x0000000081d00000, 0x0000000081e00000, 0x0000000081e00000|100%| O|  |TAMS 0x0000000081e00000, 0x0000000081d00000| Untracked 
|  30|0x0000000081e00000, 0x0000000081f00000, 0x0000000081f00000|100%| O|  |TAMS 0x0000000081f00000, 0x0000000081e00000| Untracked 
|  31|0x0000000081f00000, 0x0000000082000000, 0x0000000082000000|100%| O|  |TAMS 0x0000000082000000, 0x0000000081f00000| Untracked 
|  32|0x0000000082000000, 0x00000000820ec200, 0x0000000082100000| 92%| O|  |TAMS 0x00000000820ec200, 0x0000000082000000| Untracked 
|  33|0x0000000082100000, 0x0000000082100000, 0x0000000082200000|  0%| F|  |TAMS 0x0000000082100000, 0x0000000082100000| Untracked 
|  34|0x0000000082200000, 0x0000000082200000, 0x0000000082300000|  0%| F|  |TAMS 0x0000000082200000, 0x0000000082200000| Untracked 
|  35|0x0000000082300000, 0x0000000082300000, 0x0000000082400000|  0%| F|  |TAMS 0x0000000082300000, 0x0000000082300000| Untracked 
|  36|0x0000000082400000, 0x0000000082400000, 0x0000000082500000|  0%| F|  |TAMS 0x0000000082400000, 0x0000000082400000| Untracked 
|  37|0x0000000082500000, 0x0000000082500000, 0x0000000082600000|  0%| F|  |TAMS 0x0000000082500000, 0x0000000082500000| Untracked 
|  38|0x0000000082600000, 0x0000000082600000, 0x0000000082700000|  0%| F|  |TAMS 0x0000000082600000, 0x0000000082600000| Untracked 
|  39|0x0000000082700000, 0x0000000082700000, 0x0000000082800000|  0%| F|  |TAMS 0x0000000082700000, 0x0000000082700000| Untracked 
|  40|0x0000000082800000, 0x0000000082800000, 0x0000000082900000|  0%| F|  |TAMS 0x0000000082800000, 0x0000000082800000| Untracked 
|  41|0x0000000082900000, 0x0000000082900000, 0x0000000082a00000|  0%| F|  |TAMS 0x0000000082900000, 0x0000000082900000| Untracked 
|  42|0x0000000082a00000, 0x0000000082a00000, 0x0000000082b00000|  0%| F|  |TAMS 0x0000000082a00000, 0x0000000082a00000| Untracked 
|  43|0x0000000082b00000, 0x0000000082b00000, 0x0000000082c00000|  0%| F|  |TAMS 0x0000000082b00000, 0x0000000082b00000| Untracked 
|  44|0x0000000082c00000, 0x0000000082c00000, 0x0000000082d00000|  0%| F|  |TAMS 0x0000000082c00000, 0x0000000082c00000| Untracked 
|  45|0x0000000082d00000, 0x0000000082d00000, 0x0000000082e00000|  0%| F|  |TAMS 0x0000000082d00000, 0x0000000082d00000| Untracked 
|  46|0x0000000082e00000, 0x0000000082e00000, 0x0000000082f00000|  0%| F|  |TAMS 0x0000000082e00000, 0x0000000082e00000| Untracked 
|  47|0x0000000082f00000, 0x0000000082f00000, 0x0000000083000000|  0%| F|  |TAMS 0x0000000082f00000, 0x0000000082f00000| Untracked 
|  48|0x0000000083000000, 0x0000000083000000, 0x0000000083100000|  0%| F|  |TAMS 0x0000000083000000, 0x0000000083000000| Untracked 
|  49|0x0000000083100000, 0x0000000083100000, 0x0000000083200000|  0%| F|  |TAMS 0x0000000083100000, 0x0000000083100000| Untracked 
|  50|0x0000000083200000, 0x0000000083200000, 0x0000000083300000|  0%| F|  |TAMS 0x0000000083200000, 0x0000000083200000| Untracked 
|  51|0x0000000083300000, 0x0000000083300000, 0x0000000083400000|  0%| F|  |TAMS 0x0000000083300000, 0x0000000083300000| Untracked 
|  52|0x0000000083400000, 0x0000000083400000, 0x0000000083500000|  0%| F|  |TAMS 0x0000000083400000, 0x0000000083400000| Untracked 
|  53|0x0000000083500000, 0x0000000083500000, 0x0000000083600000|  0%| F|  |TAMS 0x0000000083500000, 0x0000000083500000| Untracked 
|  54|0x0000000083600000, 0x0000000083600000, 0x0000000083700000|  0%| F|  |TAMS 0x0000000083600000, 0x0000000083600000| Untracked 
|  55|0x0000000083700000, 0x0000000083700000, 0x0000000083800000|  0%| F|  |TAMS 0x0000000083700000, 0x0000000083700000| Untracked 
|  56|0x0000000083800000, 0x0000000083800000, 0x0000000083900000|  0%| F|  |TAMS 0x0000000083800000, 0x0000000083800000| Untracked 
|  57|0x0000000083900000, 0x0000000083900000, 0x0000000083a00000|  0%| F|  |TAMS 0x0000000083900000, 0x0000000083900000| Untracked 
|  58|0x0000000083a00000, 0x0000000083a00000, 0x0000000083b00000|  0%| F|  |TAMS 0x0000000083a00000, 0x0000000083a00000| Untracked 
|  59|0x0000000083b00000, 0x0000000083b00000, 0x0000000083c00000|  0%| F|  |TAMS 0x0000000083b00000, 0x0000000083b00000| Untracked 
|  60|0x0000000083c00000, 0x0000000083c00000, 0x0000000083d00000|  0%| F|  |TAMS 0x0000000083c00000, 0x0000000083c00000| Untracked 
|  61|0x0000000083d00000, 0x0000000083d00000, 0x0000000083e00000|  0%| F|  |TAMS 0x0000000083d00000, 0x0000000083d00000| Untracked 
|  62|0x0000000083e00000, 0x0000000083e00000, 0x0000000083f00000|  0%| F|  |TAMS 0x0000000083e00000, 0x0000000083e00000| Untracked 
|  63|0x0000000083f00000, 0x0000000083f00000, 0x0000000084000000|  0%| F|  |TAMS 0x0000000083f00000, 0x0000000083f00000| Untracked 
|  64|0x0000000084000000, 0x0000000084000000, 0x0000000084100000|  0%| F|  |TAMS 0x0000000084000000, 0x0000000084000000| Untracked 
|  65|0x0000000084100000, 0x0000000084100000, 0x0000000084200000|  0%| F|  |TAMS 0x0000000084100000, 0x0000000084100000| Untracked 
|  66|0x0000000084200000, 0x0000000084200000, 0x0000000084300000|  0%| F|  |TAMS 0x0000000084200000, 0x0000000084200000| Untracked 
|  67|0x0000000084300000, 0x0000000084300000, 0x0000000084400000|  0%| F|  |TAMS 0x0000000084300000, 0x0000000084300000| Untracked 
|  68|0x0000000084400000, 0x0000000084400000, 0x0000000084500000|  0%| F|  |TAMS 0x0000000084400000, 0x0000000084400000| Untracked 
|  69|0x0000000084500000, 0x0000000084500000, 0x0000000084600000|  0%| F|  |TAMS 0x0000000084500000, 0x0000000084500000| Untracked 
|  70|0x0000000084600000, 0x0000000084600000, 0x0000000084700000|  0%| F|  |TAMS 0x0000000084600000, 0x0000000084600000| Untracked 
|  71|0x0000000084700000, 0x0000000084700000, 0x0000000084800000|  0%| F|  |TAMS 0x0000000084700000, 0x0000000084700000| Untracked 
|  72|0x0000000084800000, 0x0000000084800000, 0x0000000084900000|  0%| F|  |TAMS 0x0000000084800000, 0x0000000084800000| Untracked 
|  73|0x0000000084900000, 0x0000000084900000, 0x0000000084a00000|  0%| F|  |TAMS 0x0000000084900000, 0x0000000084900000| Untracked 
|  74|0x0000000084a00000, 0x0000000084a00000, 0x0000000084b00000|  0%| F|  |TAMS 0x0000000084a00000, 0x0000000084a00000| Untracked 
|  75|0x0000000084b00000, 0x0000000084b00000, 0x0000000084c00000|  0%| F|  |TAMS 0x0000000084b00000, 0x0000000084b00000| Untracked 
|  76|0x0000000084c00000, 0x0000000084c00000, 0x0000000084d00000|  0%| F|  |TAMS 0x0000000084c00000, 0x0000000084c00000| Untracked 
|  77|0x0000000084d00000, 0x0000000084d00000, 0x0000000084e00000|  0%| F|  |TAMS 0x0000000084d00000, 0x0000000084d00000| Untracked 
|  78|0x0000000084e00000, 0x0000000084e00000, 0x0000000084f00000|  0%| F|  |TAMS 0x0000000084e00000, 0x0000000084e00000| Untracked 
|  79|0x0000000084f00000, 0x0000000084f00000, 0x0000000085000000|  0%| F|  |TAMS 0x0000000084f00000, 0x0000000084f00000| Untracked 
|  80|0x0000000085000000, 0x0000000085000000, 0x0000000085100000|  0%| F|  |TAMS 0x0000000085000000, 0x0000000085000000| Untracked 
|  81|0x0000000085100000, 0x0000000085100000, 0x0000000085200000|  0%| F|  |TAMS 0x0000000085100000, 0x0000000085100000| Untracked 
|  82|0x0000000085200000, 0x0000000085200000, 0x0000000085300000|  0%| F|  |TAMS 0x0000000085200000, 0x0000000085200000| Untracked 
|  83|0x0000000085300000, 0x0000000085300000, 0x0000000085400000|  0%| F|  |TAMS 0x0000000085300000, 0x0000000085300000| Untracked 
|  84|0x0000000085400000, 0x0000000085400000, 0x0000000085500000|  0%| F|  |TAMS 0x0000000085400000, 0x0000000085400000| Untracked 
|  85|0x0000000085500000, 0x0000000085500000, 0x0000000085600000|  0%| F|  |TAMS 0x0000000085500000, 0x0000000085500000| Untracked 
|  86|0x0000000085600000, 0x000000008566a2e8, 0x0000000085700000| 41%| S|CS|TAMS 0x0000000085600000, 0x0000000085600000| Complete 
|  87|0x0000000085700000, 0x0000000085800000, 0x0000000085800000|100%| S|CS|TAMS 0x0000000085700000, 0x0000000085700000| Complete 
|  88|0x0000000085800000, 0x0000000085900000, 0x0000000085900000|100%| S|CS|TAMS 0x0000000085800000, 0x0000000085800000| Complete 
|  89|0x0000000085900000, 0x0000000085a00000, 0x0000000085a00000|100%| S|CS|TAMS 0x0000000085900000, 0x0000000085900000| Complete 
|  90|0x0000000085a00000, 0x0000000085b00000, 0x0000000085b00000|100%| S|CS|TAMS 0x0000000085a00000, 0x0000000085a00000| Complete 
|  91|0x0000000085b00000, 0x0000000085c00000, 0x0000000085c00000|100%| S|CS|TAMS 0x0000000085b00000, 0x0000000085b00000| Complete 
|  92|0x0000000085c00000, 0x0000000085d00000, 0x0000000085d00000|100%| S|CS|TAMS 0x0000000085c00000, 0x0000000085c00000| Complete 
|  93|0x0000000085d00000, 0x0000000085e00000, 0x0000000085e00000|100%| S|CS|TAMS 0x0000000085d00000, 0x0000000085d00000| Complete 
|  94|0x0000000085e00000, 0x0000000085f00000, 0x0000000085f00000|100%| S|CS|TAMS 0x0000000085e00000, 0x0000000085e00000| Complete 
|  95|0x0000000085f00000, 0x0000000086000000, 0x0000000086000000|100%| S|CS|TAMS 0x0000000085f00000, 0x0000000085f00000| Complete 
|  96|0x0000000086000000, 0x0000000086100000, 0x0000000086100000|100%| S|CS|TAMS 0x0000000086000000, 0x0000000086000000| Complete 
|  97|0x0000000086100000, 0x0000000086200000, 0x0000000086200000|100%| S|CS|TAMS 0x0000000086100000, 0x0000000086100000| Complete 
|  98|0x0000000086200000, 0x0000000086300000, 0x0000000086300000|100%| S|CS|TAMS 0x0000000086200000, 0x0000000086200000| Complete 
|  99|0x0000000086300000, 0x0000000086400000, 0x0000000086400000|100%| S|CS|TAMS 0x0000000086300000, 0x0000000086300000| Complete 
| 100|0x0000000086400000, 0x0000000086500000, 0x0000000086500000|100%| S|CS|TAMS 0x0000000086400000, 0x0000000086400000| Complete 
| 101|0x0000000086500000, 0x0000000086600000, 0x0000000086600000|100%| S|CS|TAMS 0x0000000086500000, 0x0000000086500000| Complete 
| 102|0x0000000086600000, 0x0000000086700000, 0x0000000086700000|100%| S|CS|TAMS 0x0000000086600000, 0x0000000086600000| Complete 
| 103|0x0000000086700000, 0x0000000086700000, 0x0000000086800000|  0%| F|  |TAMS 0x0000000086700000, 0x0000000086700000| Untracked 
| 104|0x0000000086800000, 0x0000000086800000, 0x0000000086900000|  0%| F|  |TAMS 0x0000000086800000, 0x0000000086800000| Untracked 
| 105|0x0000000086900000, 0x0000000086900000, 0x0000000086a00000|  0%| F|  |TAMS 0x0000000086900000, 0x0000000086900000| Untracked 
| 106|0x0000000086a00000, 0x0000000086a00000, 0x0000000086b00000|  0%| F|  |TAMS 0x0000000086a00000, 0x0000000086a00000| Untracked 
| 107|0x0000000086b00000, 0x0000000086b00000, 0x0000000086c00000|  0%| F|  |TAMS 0x0000000086b00000, 0x0000000086b00000| Untracked 
| 108|0x0000000086c00000, 0x0000000086c00000, 0x0000000086d00000|  0%| F|  |TAMS 0x0000000086c00000, 0x0000000086c00000| Untracked 
| 109|0x0000000086d00000, 0x0000000086d00000, 0x0000000086e00000|  0%| F|  |TAMS 0x0000000086d00000, 0x0000000086d00000| Untracked 
| 110|0x0000000086e00000, 0x0000000086e00000, 0x0000000086f00000|  0%| F|  |TAMS 0x0000000086e00000, 0x0000000086e00000| Untracked 
| 111|0x0000000086f00000, 0x0000000086f00000, 0x0000000087000000|  0%| F|  |TAMS 0x0000000086f00000, 0x0000000086f00000| Untracked 
| 112|0x0000000087000000, 0x0000000087000000, 0x0000000087100000|  0%| F|  |TAMS 0x0000000087000000, 0x0000000087000000| Untracked 
| 113|0x0000000087100000, 0x0000000087100000, 0x0000000087200000|  0%| F|  |TAMS 0x0000000087100000, 0x0000000087100000| Untracked 
| 114|0x0000000087200000, 0x0000000087200000, 0x0000000087300000|  0%| F|  |TAMS 0x0000000087200000, 0x0000000087200000| Untracked 
| 115|0x0000000087300000, 0x0000000087300000, 0x0000000087400000|  0%| F|  |TAMS 0x0000000087300000, 0x0000000087300000| Untracked 
| 116|0x0000000087400000, 0x0000000087400000, 0x0000000087500000|  0%| F|  |TAMS 0x0000000087400000, 0x0000000087400000| Untracked 
| 117|0x0000000087500000, 0x0000000087500000, 0x0000000087600000|  0%| F|  |TAMS 0x0000000087500000, 0x0000000087500000| Untracked 
| 118|0x0000000087600000, 0x0000000087600000, 0x0000000087700000|  0%| F|  |TAMS 0x0000000087600000, 0x0000000087600000| Untracked 
| 119|0x0000000087700000, 0x0000000087700000, 0x0000000087800000|  0%| F|  |TAMS 0x0000000087700000, 0x0000000087700000| Untracked 
| 120|0x0000000087800000, 0x0000000087800000, 0x0000000087900000|  0%| F|  |TAMS 0x0000000087800000, 0x0000000087800000| Untracked 
| 121|0x0000000087900000, 0x0000000087900000, 0x0000000087a00000|  0%| F|  |TAMS 0x0000000087900000, 0x0000000087900000| Untracked 
| 122|0x0000000087a00000, 0x0000000087a00000, 0x0000000087b00000|  0%| F|  |TAMS 0x0000000087a00000, 0x0000000087a00000| Untracked 
| 123|0x0000000087b00000, 0x0000000087b00000, 0x0000000087c00000|  0%| F|  |TAMS 0x0000000087b00000, 0x0000000087b00000| Untracked 
| 124|0x0000000087c00000, 0x0000000087c00000, 0x0000000087d00000|  0%| F|  |TAMS 0x0000000087c00000, 0x0000000087c00000| Untracked 
| 125|0x0000000087d00000, 0x0000000087d00000, 0x0000000087e00000|  0%| F|  |TAMS 0x0000000087d00000, 0x0000000087d00000| Untracked 
| 126|0x0000000087e00000, 0x0000000087e00000, 0x0000000087f00000|  0%| F|  |TAMS 0x0000000087e00000, 0x0000000087e00000| Untracked 
| 127|0x0000000087f00000, 0x0000000087f00000, 0x0000000088000000|  0%| F|  |TAMS 0x0000000087f00000, 0x0000000087f00000| Untracked 
| 128|0x0000000088000000, 0x0000000088000000, 0x0000000088100000|  0%| F|  |TAMS 0x0000000088000000, 0x0000000088000000| Untracked 
| 129|0x0000000088100000, 0x0000000088100000, 0x0000000088200000|  0%| F|  |TAMS 0x0000000088100000, 0x0000000088100000| Untracked 
| 130|0x0000000088200000, 0x0000000088200000, 0x0000000088300000|  0%| F|  |TAMS 0x0000000088200000, 0x0000000088200000| Untracked 
| 131|0x0000000088300000, 0x0000000088300000, 0x0000000088400000|  0%| F|  |TAMS 0x0000000088300000, 0x0000000088300000| Untracked 
| 132|0x0000000088400000, 0x0000000088400000, 0x0000000088500000|  0%| F|  |TAMS 0x0000000088400000, 0x0000000088400000| Untracked 
| 133|0x0000000088500000, 0x0000000088500000, 0x0000000088600000|  0%| F|  |TAMS 0x0000000088500000, 0x0000000088500000| Untracked 
| 134|0x0000000088600000, 0x0000000088600000, 0x0000000088700000|  0%| F|  |TAMS 0x0000000088600000, 0x0000000088600000| Untracked 
| 135|0x0000000088700000, 0x0000000088700000, 0x0000000088800000|  0%| F|  |TAMS 0x0000000088700000, 0x0000000088700000| Untracked 
| 136|0x0000000088800000, 0x0000000088800000, 0x0000000088900000|  0%| F|  |TAMS 0x0000000088800000, 0x0000000088800000| Untracked 
| 137|0x0000000088900000, 0x0000000088900000, 0x0000000088a00000|  0%| F|  |TAMS 0x0000000088900000, 0x0000000088900000| Untracked 
| 138|0x0000000088a00000, 0x0000000088a00000, 0x0000000088b00000|  0%| F|  |TAMS 0x0000000088a00000, 0x0000000088a00000| Untracked 
| 139|0x0000000088b00000, 0x0000000088b00000, 0x0000000088c00000|  0%| F|  |TAMS 0x0000000088b00000, 0x0000000088b00000| Untracked 
| 140|0x0000000088c00000, 0x0000000088c00000, 0x0000000088d00000|  0%| F|  |TAMS 0x0000000088c00000, 0x0000000088c00000| Untracked 
| 141|0x0000000088d00000, 0x0000000088d00000, 0x0000000088e00000|  0%| F|  |TAMS 0x0000000088d00000, 0x0000000088d00000| Untracked 
| 142|0x0000000088e00000, 0x0000000088e00000, 0x0000000088f00000|  0%| F|  |TAMS 0x0000000088e00000, 0x0000000088e00000| Untracked 
| 143|0x0000000088f00000, 0x0000000088f00000, 0x0000000089000000|  0%| F|  |TAMS 0x0000000088f00000, 0x0000000088f00000| Untracked 
| 144|0x0000000089000000, 0x0000000089000000, 0x0000000089100000|  0%| F|  |TAMS 0x0000000089000000, 0x0000000089000000| Untracked 
| 145|0x0000000089100000, 0x0000000089100000, 0x0000000089200000|  0%| F|  |TAMS 0x0000000089100000, 0x0000000089100000| Untracked 
| 146|0x0000000089200000, 0x0000000089200000, 0x0000000089300000|  0%| F|  |TAMS 0x0000000089200000, 0x0000000089200000| Untracked 
| 147|0x0000000089300000, 0x0000000089300000, 0x0000000089400000|  0%| F|  |TAMS 0x0000000089300000, 0x0000000089300000| Untracked 
| 148|0x0000000089400000, 0x0000000089400000, 0x0000000089500000|  0%| F|  |TAMS 0x0000000089400000, 0x0000000089400000| Untracked 
| 149|0x0000000089500000, 0x0000000089500000, 0x0000000089600000|  0%| F|  |TAMS 0x0000000089500000, 0x0000000089500000| Untracked 
| 150|0x0000000089600000, 0x0000000089600000, 0x0000000089700000|  0%| F|  |TAMS 0x0000000089600000, 0x0000000089600000| Untracked 
| 151|0x0000000089700000, 0x0000000089700000, 0x0000000089800000|  0%| F|  |TAMS 0x0000000089700000, 0x0000000089700000| Untracked 
| 152|0x0000000089800000, 0x0000000089800000, 0x0000000089900000|  0%| F|  |TAMS 0x0000000089800000, 0x0000000089800000| Untracked 
| 153|0x0000000089900000, 0x0000000089900000, 0x0000000089a00000|  0%| F|  |TAMS 0x0000000089900000, 0x0000000089900000| Untracked 
| 154|0x0000000089a00000, 0x0000000089a00000, 0x0000000089b00000|  0%| F|  |TAMS 0x0000000089a00000, 0x0000000089a00000| Untracked 
| 155|0x0000000089b00000, 0x0000000089b00000, 0x0000000089c00000|  0%| F|  |TAMS 0x0000000089b00000, 0x0000000089b00000| Untracked 
| 156|0x0000000089c00000, 0x0000000089c00000, 0x0000000089d00000|  0%| F|  |TAMS 0x0000000089c00000, 0x0000000089c00000| Untracked 
| 157|0x0000000089d00000, 0x0000000089d00000, 0x0000000089e00000|  0%| F|  |TAMS 0x0000000089d00000, 0x0000000089d00000| Untracked 
| 158|0x0000000089e00000, 0x0000000089e00000, 0x0000000089f00000|  0%| F|  |TAMS 0x0000000089e00000, 0x0000000089e00000| Untracked 
| 159|0x0000000089f00000, 0x0000000089f00000, 0x000000008a000000|  0%| F|  |TAMS 0x0000000089f00000, 0x0000000089f00000| Untracked 
| 160|0x000000008a000000, 0x000000008a000000, 0x000000008a100000|  0%| F|  |TAMS 0x000000008a000000, 0x000000008a000000| Untracked 
| 161|0x000000008a100000, 0x000000008a100000, 0x000000008a200000|  0%| F|  |TAMS 0x000000008a100000, 0x000000008a100000| Untracked 
| 162|0x000000008a200000, 0x000000008a200000, 0x000000008a300000|  0%| F|  |TAMS 0x000000008a200000, 0x000000008a200000| Untracked 
| 163|0x000000008a300000, 0x000000008a300000, 0x000000008a400000|  0%| F|  |TAMS 0x000000008a300000, 0x000000008a300000| Untracked 
| 164|0x000000008a400000, 0x000000008a400000, 0x000000008a500000|  0%| F|  |TAMS 0x000000008a400000, 0x000000008a400000| Untracked 
| 165|0x000000008a500000, 0x000000008a500000, 0x000000008a600000|  0%| F|  |TAMS 0x000000008a500000, 0x000000008a500000| Untracked 
| 166|0x000000008a600000, 0x000000008a600000, 0x000000008a700000|  0%| F|  |TAMS 0x000000008a600000, 0x000000008a600000| Untracked 
| 167|0x000000008a700000, 0x000000008a700000, 0x000000008a800000|  0%| F|  |TAMS 0x000000008a700000, 0x000000008a700000| Untracked 
| 168|0x000000008a800000, 0x000000008a800000, 0x000000008a900000|  0%| F|  |TAMS 0x000000008a800000, 0x000000008a800000| Untracked 
| 169|0x000000008a900000, 0x000000008a900000, 0x000000008aa00000|  0%| F|  |TAMS 0x000000008a900000, 0x000000008a900000| Untracked 
| 170|0x000000008aa00000, 0x000000008aa00000, 0x000000008ab00000|  0%| F|  |TAMS 0x000000008aa00000, 0x000000008aa00000| Untracked 
| 171|0x000000008ab00000, 0x000000008ab00000, 0x000000008ac00000|  0%| F|  |TAMS 0x000000008ab00000, 0x000000008ab00000| Untracked 
| 172|0x000000008ac00000, 0x000000008ac00000, 0x000000008ad00000|  0%| F|  |TAMS 0x000000008ac00000, 0x000000008ac00000| Untracked 
| 173|0x000000008ad00000, 0x000000008ad00000, 0x000000008ae00000|  0%| F|  |TAMS 0x000000008ad00000, 0x000000008ad00000| Untracked 
| 174|0x000000008ae00000, 0x000000008ae00000, 0x000000008af00000|  0%| F|  |TAMS 0x000000008ae00000, 0x000000008ae00000| Untracked 
| 175|0x000000008af00000, 0x000000008af00000, 0x000000008b000000|  0%| F|  |TAMS 0x000000008af00000, 0x000000008af00000| Untracked 
| 176|0x000000008b000000, 0x000000008b000000, 0x000000008b100000|  0%| F|  |TAMS 0x000000008b000000, 0x000000008b000000| Untracked 
| 177|0x000000008b100000, 0x000000008b100000, 0x000000008b200000|  0%| F|  |TAMS 0x000000008b100000, 0x000000008b100000| Untracked 
| 178|0x000000008b200000, 0x000000008b200000, 0x000000008b300000|  0%| F|  |TAMS 0x000000008b200000, 0x000000008b200000| Untracked 
| 179|0x000000008b300000, 0x000000008b300000, 0x000000008b400000|  0%| F|  |TAMS 0x000000008b300000, 0x000000008b300000| Untracked 
| 180|0x000000008b400000, 0x000000008b400000, 0x000000008b500000|  0%| F|  |TAMS 0x000000008b400000, 0x000000008b400000| Untracked 
| 181|0x000000008b500000, 0x000000008b500000, 0x000000008b600000|  0%| F|  |TAMS 0x000000008b500000, 0x000000008b500000| Untracked 
| 182|0x000000008b600000, 0x000000008b600000, 0x000000008b700000|  0%| F|  |TAMS 0x000000008b600000, 0x000000008b600000| Untracked 
| 183|0x000000008b700000, 0x000000008b700000, 0x000000008b800000|  0%| F|  |TAMS 0x000000008b700000, 0x000000008b700000| Untracked 
| 184|0x000000008b800000, 0x000000008b800000, 0x000000008b900000|  0%| F|  |TAMS 0x000000008b800000, 0x000000008b800000| Untracked 
| 185|0x000000008b900000, 0x000000008b900000, 0x000000008ba00000|  0%| F|  |TAMS 0x000000008b900000, 0x000000008b900000| Untracked 
| 186|0x000000008ba00000, 0x000000008ba00000, 0x000000008bb00000|  0%| F|  |TAMS 0x000000008ba00000, 0x000000008ba00000| Untracked 
| 187|0x000000008bb00000, 0x000000008bb00000, 0x000000008bc00000|  0%| F|  |TAMS 0x000000008bb00000, 0x000000008bb00000| Untracked 
| 188|0x000000008bc00000, 0x000000008bc00000, 0x000000008bd00000|  0%| F|  |TAMS 0x000000008bc00000, 0x000000008bc00000| Untracked 
| 189|0x000000008bd00000, 0x000000008bd00000, 0x000000008be00000|  0%| F|  |TAMS 0x000000008bd00000, 0x000000008bd00000| Untracked 
| 190|0x000000008be00000, 0x000000008be00000, 0x000000008bf00000|  0%| F|  |TAMS 0x000000008be00000, 0x000000008be00000| Untracked 
| 191|0x000000008bf00000, 0x000000008bf00000, 0x000000008c000000|  0%| F|  |TAMS 0x000000008bf00000, 0x000000008bf00000| Untracked 
| 192|0x000000008c000000, 0x000000008c000000, 0x000000008c100000|  0%| F|  |TAMS 0x000000008c000000, 0x000000008c000000| Untracked 
| 193|0x000000008c100000, 0x000000008c100000, 0x000000008c200000|  0%| F|  |TAMS 0x000000008c100000, 0x000000008c100000| Untracked 
| 194|0x000000008c200000, 0x000000008c200000, 0x000000008c300000|  0%| F|  |TAMS 0x000000008c200000, 0x000000008c200000| Untracked 
| 195|0x000000008c300000, 0x000000008c300000, 0x000000008c400000|  0%| F|  |TAMS 0x000000008c300000, 0x000000008c300000| Untracked 
| 196|0x000000008c400000, 0x000000008c400000, 0x000000008c500000|  0%| F|  |TAMS 0x000000008c400000, 0x000000008c400000| Untracked 
| 197|0x000000008c500000, 0x000000008c500000, 0x000000008c600000|  0%| F|  |TAMS 0x000000008c500000, 0x000000008c500000| Untracked 
| 198|0x000000008c600000, 0x000000008c600000, 0x000000008c700000|  0%| F|  |TAMS 0x000000008c600000, 0x000000008c600000| Untracked 
| 199|0x000000008c700000, 0x000000008c700000, 0x000000008c800000|  0%| F|  |TAMS 0x000000008c700000, 0x000000008c700000| Untracked 
| 200|0x000000008c800000, 0x000000008c800000, 0x000000008c900000|  0%| F|  |TAMS 0x000000008c800000, 0x000000008c800000| Untracked 
| 201|0x000000008c900000, 0x000000008c900000, 0x000000008ca00000|  0%| F|  |TAMS 0x000000008c900000, 0x000000008c900000| Untracked 
| 202|0x000000008ca00000, 0x000000008ca00000, 0x000000008cb00000|  0%| F|  |TAMS 0x000000008ca00000, 0x000000008ca00000| Untracked 
| 203|0x000000008cb00000, 0x000000008cb00000, 0x000000008cc00000|  0%| F|  |TAMS 0x000000008cb00000, 0x000000008cb00000| Untracked 
| 204|0x000000008cc00000, 0x000000008cc00000, 0x000000008cd00000|  0%| F|  |TAMS 0x000000008cc00000, 0x000000008cc00000| Untracked 
| 205|0x000000008cd00000, 0x000000008cd00000, 0x000000008ce00000|  0%| F|  |TAMS 0x000000008cd00000, 0x000000008cd00000| Untracked 
| 206|0x000000008ce00000, 0x000000008ce00000, 0x000000008cf00000|  0%| F|  |TAMS 0x000000008ce00000, 0x000000008ce00000| Untracked 
| 207|0x000000008cf00000, 0x000000008cf00000, 0x000000008d000000|  0%| F|  |TAMS 0x000000008cf00000, 0x000000008cf00000| Untracked 
| 208|0x000000008d000000, 0x000000008d000000, 0x000000008d100000|  0%| F|  |TAMS 0x000000008d000000, 0x000000008d000000| Untracked 
| 209|0x000000008d100000, 0x000000008d100000, 0x000000008d200000|  0%| F|  |TAMS 0x000000008d100000, 0x000000008d100000| Untracked 
| 210|0x000000008d200000, 0x000000008d200000, 0x000000008d300000|  0%| F|  |TAMS 0x000000008d200000, 0x000000008d200000| Untracked 
| 211|0x000000008d300000, 0x000000008d300000, 0x000000008d400000|  0%| F|  |TAMS 0x000000008d300000, 0x000000008d300000| Untracked 
| 212|0x000000008d400000, 0x000000008d400000, 0x000000008d500000|  0%| F|  |TAMS 0x000000008d400000, 0x000000008d400000| Untracked 
| 213|0x000000008d500000, 0x000000008d500000, 0x000000008d600000|  0%| F|  |TAMS 0x000000008d500000, 0x000000008d500000| Untracked 
| 214|0x000000008d600000, 0x000000008d600000, 0x000000008d700000|  0%| F|  |TAMS 0x000000008d600000, 0x000000008d600000| Untracked 
| 215|0x000000008d700000, 0x000000008d700000, 0x000000008d800000|  0%| F|  |TAMS 0x000000008d700000, 0x000000008d700000| Untracked 
| 216|0x000000008d800000, 0x000000008d800000, 0x000000008d900000|  0%| F|  |TAMS 0x000000008d800000, 0x000000008d800000| Untracked 
| 217|0x000000008d900000, 0x000000008d900000, 0x000000008da00000|  0%| F|  |TAMS 0x000000008d900000, 0x000000008d900000| Untracked 
| 218|0x000000008da00000, 0x000000008da00000, 0x000000008db00000|  0%| F|  |TAMS 0x000000008da00000, 0x000000008da00000| Untracked 
| 219|0x000000008db00000, 0x000000008db00000, 0x000000008dc00000|  0%| F|  |TAMS 0x000000008db00000, 0x000000008db00000| Untracked 
| 220|0x000000008dc00000, 0x000000008dc00000, 0x000000008dd00000|  0%| F|  |TAMS 0x000000008dc00000, 0x000000008dc00000| Untracked 
| 221|0x000000008dd00000, 0x000000008dd00000, 0x000000008de00000|  0%| F|  |TAMS 0x000000008dd00000, 0x000000008dd00000| Untracked 
| 222|0x000000008de00000, 0x000000008de00000, 0x000000008df00000|  0%| F|  |TAMS 0x000000008de00000, 0x000000008de00000| Untracked 
| 223|0x000000008df00000, 0x000000008df00000, 0x000000008e000000|  0%| F|  |TAMS 0x000000008df00000, 0x000000008df00000| Untracked 
| 224|0x000000008e000000, 0x000000008e000000, 0x000000008e100000|  0%| F|  |TAMS 0x000000008e000000, 0x000000008e000000| Untracked 
| 225|0x000000008e100000, 0x000000008e100000, 0x000000008e200000|  0%| F|  |TAMS 0x000000008e100000, 0x000000008e100000| Untracked 
| 226|0x000000008e200000, 0x000000008e200000, 0x000000008e300000|  0%| F|  |TAMS 0x000000008e200000, 0x000000008e200000| Untracked 
| 227|0x000000008e300000, 0x000000008e300000, 0x000000008e400000|  0%| F|  |TAMS 0x000000008e300000, 0x000000008e300000| Untracked 
| 228|0x000000008e400000, 0x000000008e400000, 0x000000008e500000|  0%| F|  |TAMS 0x000000008e400000, 0x000000008e400000| Untracked 
| 229|0x000000008e500000, 0x000000008e500000, 0x000000008e600000|  0%| F|  |TAMS 0x000000008e500000, 0x000000008e500000| Untracked 
| 230|0x000000008e600000, 0x000000008e600000, 0x000000008e700000|  0%| F|  |TAMS 0x000000008e600000, 0x000000008e600000| Untracked 
| 231|0x000000008e700000, 0x000000008e700000, 0x000000008e800000|  0%| F|  |TAMS 0x000000008e700000, 0x000000008e700000| Untracked 
| 232|0x000000008e800000, 0x000000008e800000, 0x000000008e900000|  0%| F|  |TAMS 0x000000008e800000, 0x000000008e800000| Untracked 
| 233|0x000000008e900000, 0x000000008e900000, 0x000000008ea00000|  0%| F|  |TAMS 0x000000008e900000, 0x000000008e900000| Untracked 
| 234|0x000000008ea00000, 0x000000008ea00000, 0x000000008eb00000|  0%| F|  |TAMS 0x000000008ea00000, 0x000000008ea00000| Untracked 
| 235|0x000000008eb00000, 0x000000008eb00000, 0x000000008ec00000|  0%| F|  |TAMS 0x000000008eb00000, 0x000000008eb00000| Untracked 
| 236|0x000000008ec00000, 0x000000008ec00000, 0x000000008ed00000|  0%| F|  |TAMS 0x000000008ec00000, 0x000000008ec00000| Untracked 
| 237|0x000000008ed00000, 0x000000008ed00000, 0x000000008ee00000|  0%| F|  |TAMS 0x000000008ed00000, 0x000000008ed00000| Untracked 
| 238|0x000000008ee00000, 0x000000008ee00000, 0x000000008ef00000|  0%| F|  |TAMS 0x000000008ee00000, 0x000000008ee00000| Untracked 
| 239|0x000000008ef00000, 0x000000008ef00000, 0x000000008f000000|  0%| F|  |TAMS 0x000000008ef00000, 0x000000008ef00000| Untracked 
| 240|0x000000008f000000, 0x000000008f000000, 0x000000008f100000|  0%| F|  |TAMS 0x000000008f000000, 0x000000008f000000| Untracked 
| 241|0x000000008f100000, 0x000000008f100000, 0x000000008f200000|  0%| F|  |TAMS 0x000000008f100000, 0x000000008f100000| Untracked 
| 242|0x000000008f200000, 0x000000008f200000, 0x000000008f300000|  0%| F|  |TAMS 0x000000008f200000, 0x000000008f200000| Untracked 
| 243|0x000000008f300000, 0x000000008f300000, 0x000000008f400000|  0%| F|  |TAMS 0x000000008f300000, 0x000000008f300000| Untracked 
| 244|0x000000008f400000, 0x000000008f400000, 0x000000008f500000|  0%| F|  |TAMS 0x000000008f400000, 0x000000008f400000| Untracked 
| 245|0x000000008f500000, 0x000000008f5d1520, 0x000000008f600000| 81%| E|  |TAMS 0x000000008f500000, 0x000000008f500000| Complete 
| 246|0x000000008f600000, 0x000000008f700000, 0x000000008f700000|100%| E|CS|TAMS 0x000000008f600000, 0x000000008f600000| Complete 
| 247|0x000000008f700000, 0x000000008f800000, 0x000000008f800000|100%| E|CS|TAMS 0x000000008f700000, 0x000000008f700000| Complete 
| 248|0x000000008f800000, 0x000000008f900000, 0x000000008f900000|100%| E|CS|TAMS 0x000000008f800000, 0x000000008f800000| Complete 
| 249|0x000000008f900000, 0x000000008fa00000, 0x000000008fa00000|100%| E|CS|TAMS 0x000000008f900000, 0x000000008f900000| Complete 
| 250|0x000000008fa00000, 0x000000008fb00000, 0x000000008fb00000|100%| E|CS|TAMS 0x000000008fa00000, 0x000000008fa00000| Complete 
| 251|0x000000008fb00000, 0x000000008fc00000, 0x000000008fc00000|100%| E|CS|TAMS 0x000000008fb00000, 0x000000008fb00000| Complete 
| 252|0x000000008fc00000, 0x000000008fd00000, 0x000000008fd00000|100%| E|CS|TAMS 0x000000008fc00000, 0x000000008fc00000| Complete 
| 253|0x000000008fd00000, 0x000000008fe00000, 0x000000008fe00000|100%| E|CS|TAMS 0x000000008fd00000, 0x000000008fd00000| Complete 
| 254|0x000000008fe00000, 0x000000008ff00000, 0x000000008ff00000|100%| E|CS|TAMS 0x000000008fe00000, 0x000000008fe00000| Complete 
| 255|0x000000008ff00000, 0x0000000090000000, 0x0000000090000000|100%| E|CS|TAMS 0x000000008ff00000, 0x000000008ff00000| Complete 

Card table byte_map: [0x000001b63e820000,0x000001b63ec20000] _byte_map_base: 0x000001b63e420000

Marking Bits (Prev, Next): (CMBitMap*) 0x000001b626d01438, (CMBitMap*) 0x000001b626d01470
 Prev Bits: [0x000001b63f020000, 0x000001b641020000)
 Next Bits: [0x000001b641020000, 0x000001b643020000)

Polling page: 0x000001b624a80000

Metaspace:

Usage:
  Non-class:     60.09 MB capacity,    58.89 MB ( 98%) used,  1020.39 KB (  2%) free+waste,   212.75 KB ( <1%) overhead. 
      Class:      9.56 MB capacity,     8.76 MB ( 92%) used,   716.63 KB (  7%) free+waste,   101.56 KB (  1%) overhead. 
       Both:     69.65 MB capacity,    67.65 MB ( 97%) used,     1.70 MB (  2%) free+waste,   314.31 KB ( <1%) overhead. 

Virtual space:
  Non-class space:       62.00 MB reserved,      60.26 MB ( 97%) committed 
      Class space:      504.00 MB reserved,       9.63 MB (  2%) committed 
             Both:      566.00 MB reserved,      69.88 MB ( 12%) committed 

Chunk freelists:
   Non-Class:  41.00 KB
       Class:  6.00 KB
        Both:  47.00 KB

MaxMetaspaceSize: 512.00 MB
CompressedClassSpaceSize: 504.00 MB
Initial GC threshold: 20.80 MB
Current GC threshold: 114.60 MB
CDS: off

CodeHeap 'non-profiled nmethods': size=120064Kb used=4380Kb max_used=4380Kb free=115683Kb
 bounds [0x000001b636ee0000, 0x000001b637330000, 0x000001b63e420000]
CodeHeap 'profiled nmethods': size=120000Kb used=16507Kb max_used=16507Kb free=103492Kb
 bounds [0x000001b62f9b0000, 0x000001b6309d0000, 0x000001b636ee0000]
CodeHeap 'non-nmethods': size=5696Kb used=2347Kb max_used=2386Kb free=3348Kb
 bounds [0x000001b62f420000, 0x000001b62f690000, 0x000001b62f9b0000]
 total_blobs=8513 nmethods=7649 adapters=776
 compilation: enabled
              stopped_count=0, restarted_count=0
 full_count=0

Compilation events (20 events):
Event: 81.744 Thread 0x000001b645e0a000 7647       3       jdk.internal.util.ArraysSupport::mismatch (73 bytes)
Event: 81.744 Thread 0x000001b645e0a000 nmethod 7647 0x000001b6309ca990 code [0x000001b6309cab60, 0x000001b6309caf38]
Event: 81.745 Thread 0x000001b645e0a000 7648       3       com.google.common.collect.RegularImmutableAsList::get (9 bytes)
Event: 81.745 Thread 0x000001b645e0a000 nmethod 7648 0x000001b6309cb110 code [0x000001b6309cb2c0, 0x000001b6309cb488]
Event: 81.746 Thread 0x000001b645e0a000 7649       3       com.google.common.collect.ImmutableSortedMap::size (8 bytes)
Event: 81.746 Thread 0x000001b645e0a000 nmethod 7649 0x000001b6309cb590 code [0x000001b6309cb740, 0x000001b6309cb908]
Event: 81.746 Thread 0x000001b645ddc000 nmethod 7643 0x000001b637322c90 code [0x000001b637322e40, 0x000001b6373233d8]
Event: 81.747 Thread 0x000001b645ddc000 7646 %     4       org.apache.commons.io.FilenameUtils::doNormalize @ 290 (534 bytes)
Event: 81.788 Thread 0x000001b645ddc000 nmethod 7646% 0x000001b637323590 code [0x000001b637323760, 0x000001b637324078]
Event: 82.974 Thread 0x000001b645ddc000 7650       4       java.util.concurrent.locks.AbstractQueuedSynchronizer$ConditionObject::addConditionWaiter (79 bytes)
Event: 82.988 Thread 0x000001b645ddc000 nmethod 7650 0x000001b637324590 code [0x000001b637324740, 0x000001b637324d18]
Event: 83.316 Thread 0x000001b645ddc000 7651   !   4       java.util.concurrent.locks.AbstractQueuedSynchronizer::acquireQueued (74 bytes)
Event: 83.357 Thread 0x000001b645ddc000 nmethod 7651 0x000001b637324e90 code [0x000001b637325060, 0x000001b637325ca8]
Event: 84.058 Thread 0x000001b645ddc000 7652       4       java.util.concurrent.locks.AbstractQueuedSynchronizer::enq (37 bytes)
Event: 84.083 Thread 0x000001b645ddc000 nmethod 7652 0x000001b637326090 code [0x000001b637326240, 0x000001b637326588]
Event: 84.671 Thread 0x000001b645ddc000 7653       4       sun.net.www.protocol.jar.Handler::parseURL (212 bytes)
Event: 84.693 Thread 0x000001b645e0a000 7655       3       java.time.chrono.IsoChronology::isLeapYear (36 bytes)
Event: 84.694 Thread 0x000001b645e0a000 nmethod 7655 0x000001b6309cba10 code [0x000001b6309cbbc0, 0x000001b6309cbe18]
Event: 84.701 Thread 0x000001b645e0a000 7656       1       java.util.Calendar::getZone (5 bytes)
Event: 84.701 Thread 0x000001b645e0a000 nmethod 7656 0x000001b637326690 code [0x000001b637326840, 0x000001b6373268f8]

GC Heap History (20 events):
Event: 3.021 GC heap before
{Heap before GC invocations=1 (full 0):
 garbage-first heap   total 262144K, used 19193K [0x0000000080000000, 0x0000000100000000)
  region size 1024K, 13 young (13312K), 2 survivors (2048K)
 Metaspace       used 10237K, capacity 10500K, committed 10624K, reserved 526336K
  class space    used 1045K, capacity 1140K, committed 1152K, reserved 516096K
}
Event: 3.025 GC heap after
{Heap after GC invocations=2 (full 0):
 garbage-first heap   total 262144K, used 9559K [0x0000000080000000, 0x0000000100000000)
  region size 1024K, 2 young (2048K), 2 survivors (2048K)
 Metaspace       used 10237K, capacity 10500K, committed 10624K, reserved 526336K
  class space    used 1045K, capacity 1140K, committed 1152K, reserved 516096K
}
Event: 4.702 GC heap before
{Heap before GC invocations=2 (full 0):
 garbage-first heap   total 262144K, used 39255K [0x0000000080000000, 0x0000000100000000)
  region size 1024K, 30 young (30720K), 2 survivors (2048K)
 Metaspace       used 11256K, capacity 11455K, committed 11520K, reserved 526336K
  class space    used 1148K, capacity 1245K, committed 1280K, reserved 516096K
}
Event: 4.707 GC heap after
{Heap after GC invocations=3 (full 0):
 garbage-first heap   total 262144K, used 14167K [0x0000000080000000, 0x0000000100000000)
  region size 1024K, 4 young (4096K), 4 survivors (4096K)
 Metaspace       used 11256K, capacity 11455K, committed 11520K, reserved 526336K
  class space    used 1148K, capacity 1245K, committed 1280K, reserved 516096K
}
Event: 7.527 GC heap before
{Heap before GC invocations=3 (full 0):
 garbage-first heap   total 262144K, used 55127K [0x0000000080000000, 0x0000000100000000)
  region size 1024K, 44 young (45056K), 4 survivors (4096K)
 Metaspace       used 18095K, capacity 18500K, committed 18688K, reserved 532480K
  class space    used 2122K, capacity 2275K, committed 2304K, reserved 516096K
}
Event: 7.536 GC heap after
{Heap after GC invocations=4 (full 0):
 garbage-first heap   total 262144K, used 17170K [0x0000000080000000, 0x0000000100000000)
  region size 1024K, 6 young (6144K), 6 survivors (6144K)
 Metaspace       used 18095K, capacity 18500K, committed 18688K, reserved 532480K
  class space    used 2122K, capacity 2275K, committed 2304K, reserved 516096K
}
Event: 8.228 GC heap before
{Heap before GC invocations=4 (full 0):
 garbage-first heap   total 262144K, used 36626K [0x0000000080000000, 0x0000000100000000)
  region size 1024K, 26 young (26624K), 6 survivors (6144K)
 Metaspace       used 20749K, capacity 21173K, committed 21296K, reserved 536576K
  class space    used 2482K, capacity 2659K, committed 2688K, reserved 516096K
}
Event: 8.242 GC heap after
{Heap after GC invocations=5 (full 0):
 garbage-first heap   total 262144K, used 17962K [0x0000000080000000, 0x0000000100000000)
  region size 1024K, 4 young (4096K), 4 survivors (4096K)
 Metaspace       used 20749K, capacity 21173K, committed 21296K, reserved 536576K
  class space    used 2482K, capacity 2659K, committed 2688K, reserved 516096K
}
Event: 11.864 GC heap before
{Heap before GC invocations=6 (full 0):
 garbage-first heap   total 262144K, used 77354K [0x0000000080000000, 0x0000000100000000)
  region size 1024K, 63 young (64512K), 4 survivors (4096K)
 Metaspace       used 26862K, capacity 27436K, committed 27696K, reserved 540672K
  class space    used 3425K, capacity 3668K, committed 3712K, reserved 516096K
}
Event: 11.878 GC heap after
{Heap after GC invocations=7 (full 0):
 garbage-first heap   total 262144K, used 19856K [0x0000000080000000, 0x0000000100000000)
  region size 1024K, 6 young (6144K), 6 survivors (6144K)
 Metaspace       used 26862K, capacity 27436K, committed 27696K, reserved 540672K
  class space    used 3425K, capacity 3668K, committed 3712K, reserved 516096K
}
Event: 13.555 GC heap before
{Heap before GC invocations=7 (full 0):
 garbage-first heap   total 262144K, used 72080K [0x0000000080000000, 0x0000000100000000)
  region size 1024K, 58 young (59392K), 6 survivors (6144K)
 Metaspace       used 34906K, capacity 35711K, committed 35920K, reserved 548864K
  class space    used 4422K, capacity 4747K, committed 4864K, reserved 516096K
}
Event: 13.574 GC heap after
{Heap after GC invocations=8 (full 0):
 garbage-first heap   total 262144K, used 23387K [0x0000000080000000, 0x0000000100000000)
  region size 1024K, 9 young (9216K), 9 survivors (9216K)
 Metaspace       used 34906K, capacity 35711K, committed 35920K, reserved 548864K
  class space    used 4422K, capacity 4747K, committed 4864K, reserved 516096K
}
Event: 50.631 GC heap before
{Heap before GC invocations=9 (full 0):
 garbage-first heap   total 262144K, used 142171K [0x0000000080000000, 0x0000000100000000)
  region size 1024K, 122 young (124928K), 9 survivors (9216K)
 Metaspace       used 44027K, capacity 45238K, committed 45520K, reserved 557056K
  class space    used 5499K, capacity 5960K, committed 6016K, reserved 516096K
}
Event: 50.678 GC heap after
{Heap after GC invocations=10 (full 0):
 garbage-first heap   total 262144K, used 30600K [0x0000000080000000, 0x0000000100000000)
  region size 1024K, 14 young (14336K), 14 survivors (14336K)
 Metaspace       used 44027K, capacity 45238K, committed 45520K, reserved 557056K
  class space    used 5499K, capacity 5960K, committed 6016K, reserved 516096K
}
Event: 56.857 GC heap before
{Heap before GC invocations=10 (full 0):
 garbage-first heap   total 262144K, used 168840K [0x0000000080000000, 0x0000000100000000)
  region size 1024K, 145 young (148480K), 14 survivors (14336K)
 Metaspace       used 54984K, capacity 56554K, committed 56784K, reserved 565248K
  class space    used 7069K, capacity 7728K, committed 7808K, reserved 516096K
}
Event: 56.896 GC heap after
{Heap after GC invocations=11 (full 0):
 garbage-first heap   total 262144K, used 40633K [0x0000000080000000, 0x0000000100000000)
  region size 1024K, 14 young (14336K), 14 survivors (14336K)
 Metaspace       used 54984K, capacity 56554K, committed 56784K, reserved 565248K
  class space    used 7069K, capacity 7728K, committed 7808K, reserved 516096K
}
Event: 58.581 GC heap before
{Heap before GC invocations=11 (full 0):
 garbage-first heap   total 262144K, used 85689K [0x0000000080000000, 0x0000000100000000)
  region size 1024K, 59 young (60416K), 14 survivors (14336K)
 Metaspace       used 58483K, capacity 60071K, committed 60296K, reserved 569344K
  class space    used 7542K, capacity 8197K, committed 8320K, reserved 516096K
}
Event: 58.612 GC heap after
{Heap after GC invocations=12 (full 0):
 garbage-first heap   total 262144K, used 41904K [0x0000000080000000, 0x0000000100000000)
  region size 1024K, 8 young (8192K), 8 survivors (8192K)
 Metaspace       used 58483K, capacity 60071K, committed 60296K, reserved 569344K
  class space    used 7542K, capacity 8197K, committed 8320K, reserved 516096K
}
Event: 75.188 GC heap before
{Heap before GC invocations=13 (full 0):
 garbage-first heap   total 262144K, used 190384K [0x0000000080000000, 0x0000000100000000)
  region size 1024K, 153 young (156672K), 8 survivors (8192K)
 Metaspace       used 68165K, capacity 70145K, committed 70280K, reserved 577536K
  class space    used 8800K, capacity 9566K, committed 9600K, reserved 516096K
}
Event: 75.225 GC heap after
{Heap after GC invocations=14 (full 0):
 garbage-first heap   total 262144K, used 50521K [0x0000000080000000, 0x0000000100000000)
  region size 1024K, 17 young (17408K), 17 survivors (17408K)
 Metaspace       used 68165K, capacity 70145K, committed 70280K, reserved 577536K
  class space    used 8800K, capacity 9566K, committed 9600K, reserved 516096K
}

Deoptimization events (20 events):
Event: 79.269 Thread 0x000001b64a9a4000 Uncommon trap: trap_request=0xffffffde fr.pc=0x000001b637129840 relative=0x00000000000009a0
Event: 79.269 Thread 0x000001b64a9a4000 Uncommon trap: reason=class_check action=maybe_recompile pc=0x000001b637129840 method=java.io.BufferedInputStream.read1([BII)I @ 39 c2
Event: 79.269 Thread 0x000001b64a9a4000 DEOPT PACKING pc=0x000001b637129840 sp=0x000000a9044fdc20
Event: 79.269 Thread 0x000001b64a9a4000 DEOPT UNPACKING pc=0x000001b62f46a1af sp=0x000000a9044fdb38 mode 2
Event: 79.693 Thread 0x000001b64a9a4000 Uncommon trap: trap_request=0xffffffde fr.pc=0x000001b637127418 relative=0x00000000000001b8
Event: 79.693 Thread 0x000001b64a9a4000 Uncommon trap: reason=class_check action=maybe_recompile pc=0x000001b637127418 method=java.io.BufferedInputStream.read1([BII)I @ 39 c2
Event: 79.693 Thread 0x000001b64a9a4000 DEOPT PACKING pc=0x000001b637127418 sp=0x000000a9044fdb80
Event: 79.693 Thread 0x000001b64a9a4000 DEOPT UNPACKING pc=0x000001b62f46a1af sp=0x000000a9044fdb28 mode 2
Event: 84.479 Thread 0x000001b64a9a6800 Uncommon trap: trap_request=0xffffff4d fr.pc=0x000001b637247154 relative=0x0000000000000494
Event: 84.479 Thread 0x000001b64a9a6800 Uncommon trap: reason=unstable_if action=reinterpret pc=0x000001b637247154 method=java.lang.StringLatin1.regionMatchesCI([BI[BII)Z @ 66 c2
Event: 84.479 Thread 0x000001b64a9a6800 DEOPT PACKING pc=0x000001b637247154 sp=0x000000a9043fa710
Event: 84.479 Thread 0x000001b64a9a6800 DEOPT UNPACKING pc=0x000001b62f46a1af sp=0x000000a9043fa588 mode 2
Event: 84.479 Thread 0x000001b64a9a6800 Uncommon trap: trap_request=0xffffff4d fr.pc=0x000001b637254d64 relative=0x0000000000000424
Event: 84.479 Thread 0x000001b64a9a6800 Uncommon trap: reason=unstable_if action=reinterpret pc=0x000001b637254d64 method=java.lang.StringLatin1.regionMatchesCI([BI[BII)Z @ 66 c2
Event: 84.479 Thread 0x000001b64a9a6800 DEOPT PACKING pc=0x000001b637254d64 sp=0x000000a9043fa660
Event: 84.479 Thread 0x000001b64a9a6800 DEOPT UNPACKING pc=0x000001b62f46a1af sp=0x000000a9043fa5c8 mode 2
Event: 84.701 Thread 0x000001b64a9a6800 Uncommon trap: trap_request=0xffffff4d fr.pc=0x000001b6371084b4 relative=0x0000000000000114
Event: 84.701 Thread 0x000001b64a9a6800 Uncommon trap: reason=unstable_if action=reinterpret pc=0x000001b6371084b4 method=java.util.zip.CRC32.updateBytesCheck([BII)V @ 1 c2
Event: 84.701 Thread 0x000001b64a9a6800 DEOPT PACKING pc=0x000001b6371084b4 sp=0x000000a9043f9be0
Event: 84.701 Thread 0x000001b64a9a6800 DEOPT UNPACKING pc=0x000001b62f46a1af sp=0x000000a9043f9ac8 mode 2

Classes redefined (0 events):
No events

Internal exceptions (20 events):
Event: 68.703 Thread 0x000001b646eed000 Exception <a 'java/lang/ClassNotFoundException'{0x000000008b44b128}: org/gradle/api/internal/DefaultDomainObjectCollectionCustomizer> (0x000000008b44b128) thrown at [./src/hotspot/share/classfile/systemDictionary.cpp, line 230]
Event: 68.706 Thread 0x000001b646eed000 Exception <a 'java/lang/ClassNotFoundException'{0x000000008b496190}: org/gradle/api/internal/DefaultNamedDomainObjectCollectionCustomizer> (0x000000008b496190) thrown at [./src/hotspot/share/classfile/systemDictionary.cpp, line 230]
Event: 68.709 Thread 0x000001b646eed000 Exception <a 'java/lang/ClassNotFoundException'{0x000000008b4e8498}: org/gradle/api/internal/DefaultNamedDomainObjectListCustomizer> (0x000000008b4e8498) thrown at [./src/hotspot/share/classfile/systemDictionary.cpp, line 230]
Event: 68.712 Thread 0x000001b646eed000 Exception <a 'java/lang/ClassNotFoundException'{0x000000008b342568}: org/gradle/api/internal/artifacts/DefaultArtifactRepositoryContainerCustomizer> (0x000000008b342568) thrown at [./src/hotspot/share/classfile/systemDictionary.cpp, line 230]
Event: 68.715 Thread 0x000001b646eed000 Exception <a 'java/lang/ClassNotFoundException'{0x000000008b391ec0}: org/gradle/api/internal/artifacts/dsl/DefaultRepositoryHandlerCustomizer> (0x000000008b391ec0) thrown at [./src/hotspot/share/classfile/systemDictionary.cpp, line 230]
Event: 68.720 Thread 0x000001b646eed000 Exception <a 'java/lang/ClassNotFoundException'{0x000000008b3f4558}: org/gradle/api/internal/artifacts/dsl/DefaultRepositoryHandler_DecoratedCustomizer> (0x000000008b3f4558) thrown at [./src/hotspot/share/classfile/systemDictionary.cpp, line 230]
Event: 68.733 Thread 0x000001b646eed000 Exception <a 'java/lang/ClassNotFoundException'{0x000000008b2cb790}: org/gradle/api/internal/artifacts/dsl/dependencies/DefaultDependencyHandler_DecoratedBeanInfo> (0x000000008b2cb790) thrown at [./src/hotspot/share/classfile/systemDictionary.cpp, line 230]
Event: 68.735 Thread 0x000001b646eed000 Exception <a 'java/lang/ClassNotFoundException'{0x000000008b10f7f0}: org/gradle/api/internal/artifacts/dsl/dependencies/DefaultDependencyHandlerBeanInfo> (0x000000008b10f7f0) thrown at [./src/hotspot/share/classfile/systemDictionary.cpp, line 230]
Event: 68.736 Thread 0x000001b646eed000 Exception <a 'java/lang/ClassNotFoundException'{0x000000008b153518}: org/gradle/api/internal/artifacts/dsl/dependencies/DefaultDependencyHandlerCustomizer> (0x000000008b153518) thrown at [./src/hotspot/share/classfile/systemDictionary.cpp, line 230]
Event: 68.739 Thread 0x000001b646eed000 Exception <a 'java/lang/ClassNotFoundException'{0x000000008b1be850}: org/gradle/api/internal/artifacts/dsl/dependencies/DefaultDependencyHandler_DecoratedCustomizer> (0x000000008b1be850) thrown at [./src/hotspot/share/classfile/systemDictionary.cpp, line 230]
Event: 69.126 Thread 0x000001b646eed000 Exception <a 'java/lang/NoSuchMethodError'{0x000000008aa47d68}: 'java.lang.Object java.lang.invoke.Invokers$Holder.linkToTargetMethod(java.lang.Object, int, java.lang.Object)'> (0x000000008aa47d68) thrown at [./src/hotspot/share/interpreter/linkResolver.cpp, line 773]
Event: 73.097 Thread 0x000001b64bea7800 Exception <a 'java/lang/NoSuchMethodError'{0x0000000089212c78}: 'java.lang.Object java.lang.invoke.Invokers$Holder.linkToTargetMethod(java.lang.Object, java.lang.Object, java.lang.Object, int, java.lang.Object, java.lang.Object)'> (0x0000000089212c78) thrown at [./src/hotspot/share/interpreter/linkResolver.cpp, line 773]
Event: 73.104 Thread 0x000001b64bea7800 Exception <a 'java/lang/NoSuchMethodError'{0x00000000892397a0}: 'java.lang.Object java.lang.invoke.DirectMethodHandle$Holder.invokeInterface(java.lang.Object, java.lang.Object, int)'> (0x00000000892397a0) thrown at [./src/hotspot/share/interpreter/linkResolver.cpp, line 773]
Event: 73.111 Thread 0x000001b64bea7800 Exception <a 'java/lang/NoSuchMethodError'{0x000000008924f7b0}: 'void java.lang.invoke.DirectMethodHandle$Holder.invokeStatic(java.lang.Object, java.lang.Object, java.lang.Object, int)'> (0x000000008924f7b0) thrown at [./src/hotspot/share/interpreter/linkResolver.cpp, line 773]
Event: 74.671 Thread 0x000001b64bea7800 Implicit null exception at 0x000001b6371c5d2c to 0x000001b6371c5d6b
Event: 75.883 Thread 0x000001b64bea7800 Exception <a 'java/lang/NoSuchMethodError'{0x000000008fb61638}: 'int java.lang.invoke.DirectMethodHandle$Holder.invokeSpecial(java.lang.Object, java.lang.Object, java.lang.Object, java.lang.Object, java.lang.Object)'> (0x000000008fb61638) thrown at [./src/hotspot/share/interpreter/linkResolver.cpp, line 773]
Event: 76.088 Thread 0x000001b64bea7800 Exception <a 'java/lang/NoSuchMethodError'{0x000000008fbd4ee8}: 'void java.lang.invoke.DirectMethodHandle$Holder.invokeInterface(java.lang.Object, java.lang.Object, java.lang.Object, java.lang.Object)'> (0x000000008fbd4ee8) thrown at [./src/hotspot/share/interpreter/linkResolver.cpp, line 773]
Event: 76.201 Thread 0x000001b64bea7800 Exception <a 'java/lang/NoSuchMethodError'{0x000000008fa0fb60}: <clinit>> (0x000000008fa0fb60) thrown at [./src/hotspot/share/prims/jni.cpp, line 1367]
Event: 77.858 Thread 0x000001b64bea7800 Exception <a 'java/lang/NoSuchMethodError'{0x000000008f91d008}: 'void java.lang.invoke.DirectMethodHandle$Holder.invokeVirtual(java.lang.Object, java.lang.Object)'> (0x000000008f91d008) thrown at [./src/hotspot/share/interpreter/linkResolver.cpp, line 773]
Event: 79.247 Thread 0x000001b64bea7800 Exception <a 'java/lang/NoSuchMethodError'{0x000000008f780ec0}: 'java.lang.Object java.lang.invoke.DirectMethodHandle$Holder.newInvokeSpecial(java.lang.Object, java.lang.Object, java.lang.Object, java.lang.Object)'> (0x000000008f780ec0) thrown at [./src/hotspot/share/interpreter/linkResolver.cpp, line 773]

Events (20 events):
Event: 84.692 loading class org/apache/tools/zip/GeneralPurposeBit
Event: 84.692 loading class org/apache/tools/zip/GeneralPurposeBit done
Event: 84.694 loading class org/apache/tools/zip/ZipOutputStream$CurrentEntry
Event: 84.694 loading class org/apache/tools/zip/ZipOutputStream$CurrentEntry done
Event: 84.695 loading class org/apache/tools/zip/Zip64ExtendedInformationExtraField
Event: 84.695 loading class org/apache/tools/zip/Zip64ExtendedInformationExtraField done
Event: 84.696 loading class org/apache/tools/zip/CentralDirectoryParsingZipExtraField
Event: 84.696 loading class org/apache/tools/zip/CentralDirectoryParsingZipExtraField done
Event: 84.697 loading class org/apache/tools/zip/ZipShort
Event: 84.697 loading class org/apache/tools/zip/ZipShort done
Event: 84.698 loading class org/apache/tools/zip/ZipUtil
Event: 84.698 loading class org/apache/tools/zip/ZipUtil done
Event: 84.699 loading class org/apache/tools/zip/UnsupportedZipFeatureException
Event: 84.699 loading class org/apache/tools/zip/UnsupportedZipFeatureException done
Event: 84.699 loading class org/apache/tools/zip/AbstractUnicodeExtraField
Event: 84.699 loading class org/apache/tools/zip/AbstractUnicodeExtraField done
Event: 84.700 loading class org/apache/tools/zip/UnicodePathExtraField
Event: 84.700 loading class org/apache/tools/zip/UnicodePathExtraField done
Event: 84.700 loading class org/apache/tools/zip/UnicodeCommentExtraField
Event: 84.700 loading class org/apache/tools/zip/UnicodeCommentExtraField done


Dynamic libraries:
0x00007ff706180000 - 0x00007ff70618d000 	C:\Program Files\OpenJDK\openjdk-11.0.15_10\bin\java.exe
0x00007ff8b7fb0000 - 0x00007ff8b81a8000 	C:\WINDOWS\SYSTEM32\ntdll.dll
0x00007ff8b7c60000 - 0x00007ff8b7d1f000 	C:\WINDOWS\System32\KERNEL32.DLL
0x00007ff8b56b0000 - 0x00007ff8b5982000 	C:\WINDOWS\System32\KERNELBASE.dll
0x00007ff8b5c80000 - 0x00007ff8b5d80000 	C:\WINDOWS\System32\ucrtbase.dll
0x00007ff8910e0000 - 0x00007ff8910f8000 	C:\Program Files\OpenJDK\openjdk-11.0.15_10\bin\jli.dll
0x00007ff8b7d90000 - 0x00007ff8b7f2d000 	C:\WINDOWS\System32\USER32.dll
0x00007ff8b5ec0000 - 0x00007ff8b5ee2000 	C:\WINDOWS\System32\win32u.dll
0x00007ff8b7300000 - 0x00007ff8b732b000 	C:\WINDOWS\System32\GDI32.dll
0x00007ff8b5ef0000 - 0x00007ff8b5fff000 	C:\WINDOWS\System32\gdi32full.dll
0x00007ff8b5b70000 - 0x00007ff8b5c0d000 	C:\WINDOWS\System32\msvcp_win.dll
0x00007ff88ef30000 - 0x00007ff88ef46000 	C:\Program Files\OpenJDK\openjdk-11.0.15_10\bin\VCRUNTIME140.dll
0x00007ff8a8310000 - 0x00007ff8a85aa000 	C:\WINDOWS\WinSxS\amd64_microsoft.windows.common-controls_6595b64144ccf1df_6.0.19041.1110_none_60b5254171f9507e\COMCTL32.dll
0x00007ff8b6560000 - 0x00007ff8b65fe000 	C:\WINDOWS\System32\msvcrt.dll
0x00007ff8b7f30000 - 0x00007ff8b7f62000 	C:\WINDOWS\System32\IMM32.DLL
0x00007ff882530000 - 0x00007ff8825da000 	C:\Program Files\OpenJDK\openjdk-11.0.15_10\bin\msvcp140.dll
0x00007ff84c410000 - 0x00007ff84cf61000 	C:\Program Files\OpenJDK\openjdk-11.0.15_10\bin\server\jvm.dll
0x00007ff8b6ee0000 - 0x00007ff8b6f8e000 	C:\WINDOWS\System32\ADVAPI32.dll
0x00007ff8b7260000 - 0x00007ff8b72fc000 	C:\WINDOWS\System32\sechost.dll
0x00007ff8b6ff0000 - 0x00007ff8b7115000 	C:\WINDOWS\System32\RPCRT4.dll
0x00007ff8b7d20000 - 0x00007ff8b7d28000 	C:\WINDOWS\System32\PSAPI.DLL
0x00007ff8b21e0000 - 0x00007ff8b21e9000 	C:\WINDOWS\SYSTEM32\WSOCK32.dll
0x00007ff8b7a40000 - 0x00007ff8b7aab000 	C:\WINDOWS\System32\WS2_32.dll
0x00007ff8abf20000 - 0x00007ff8abf47000 	C:\WINDOWS\SYSTEM32\WINMM.dll
0x00007ff8ad460000 - 0x00007ff8ad46a000 	C:\WINDOWS\SYSTEM32\VERSION.dll
0x00007ff8b4280000 - 0x00007ff8b4292000 	C:\WINDOWS\SYSTEM32\kernel.appcore.dll
0x00007ff88e970000 - 0x00007ff88e981000 	C:\Program Files\OpenJDK\openjdk-11.0.15_10\bin\verify.dll
0x00007ff8b3c70000 - 0x00007ff8b3e54000 	C:\WINDOWS\SYSTEM32\DBGHELP.DLL
0x00007ff89f4a0000 - 0x00007ff89f4cc000 	C:\WINDOWS\SYSTEM32\dbgcore.DLL
0x00007ff8b5d80000 - 0x00007ff8b5e02000 	C:\WINDOWS\System32\bcryptPrimitives.dll
0x00007ff8830c0000 - 0x00007ff8830e9000 	C:\Program Files\OpenJDK\openjdk-11.0.15_10\bin\java.dll
0x00007ff8ad060000 - 0x00007ff8ad06a000 	C:\Program Files\OpenJDK\openjdk-11.0.15_10\bin\jimage.dll
0x00007ff88db10000 - 0x00007ff88db28000 	C:\Program Files\OpenJDK\openjdk-11.0.15_10\bin\zip.dll
0x00007ff8b66b0000 - 0x00007ff8b6df3000 	C:\WINDOWS\System32\SHELL32.dll
0x00007ff8b33b0000 - 0x00007ff8b3b42000 	C:\WINDOWS\SYSTEM32\windows.storage.dll
0x00007ff8b61f0000 - 0x00007ff8b6544000 	C:\WINDOWS\System32\combase.dll
0x00007ff8b5110000 - 0x00007ff8b5140000 	C:\WINDOWS\SYSTEM32\Wldp.dll
0x00007ff8b6600000 - 0x00007ff8b66ad000 	C:\WINDOWS\System32\SHCORE.dll
0x00007ff8b7d30000 - 0x00007ff8b7d85000 	C:\WINDOWS\System32\shlwapi.dll
0x00007ff8b55f0000 - 0x00007ff8b560f000 	C:\WINDOWS\SYSTEM32\profapi.dll
0x00007ff88d7a0000 - 0x00007ff88d7b9000 	C:\Program Files\OpenJDK\openjdk-11.0.15_10\bin\net.dll
0x00007ff8adad0000 - 0x00007ff8adbdc000 	C:\WINDOWS\SYSTEM32\WINHTTP.dll
0x00007ff8b4e70000 - 0x00007ff8b4eda000 	C:\WINDOWS\system32\mswsock.dll
0x00007ff88aaa0000 - 0x00007ff88aab3000 	C:\Program Files\OpenJDK\openjdk-11.0.15_10\bin\nio.dll
0x00007ff8862c0000 - 0x00007ff8862e7000 	C:\Users\Tom\.gradle\native\e1d6ef7f7dcc3fd88c89a11ec53ec762bb8ba0a96d01ffa2cd45eb1d1d8dd5c5\windows-amd64\native-platform.dll
0x00007ff87e690000 - 0x00007ff87e7d4000 	C:\Users\Tom\.gradle\native\5664cfc778a61ccfe75a443a1ab52a65af34e5dc3c78e0209fed803814484fcb\windows-amd64\native-platform-file-events.dll
0x00007ff8ac170000 - 0x00007ff8ac179000 	C:\Program Files\OpenJDK\openjdk-11.0.15_10\bin\management.dll
0x00007ff8a9ab0000 - 0x00007ff8a9abc000 	C:\Program Files\OpenJDK\openjdk-11.0.15_10\bin\management_ext.dll
0x00007ff8b5060000 - 0x00007ff8b5078000 	C:\WINDOWS\SYSTEM32\CRYPTSP.dll
0x00007ff8b4720000 - 0x00007ff8b4754000 	C:\WINDOWS\system32\rsaenh.dll
0x00007ff8b5b40000 - 0x00007ff8b5b67000 	C:\WINDOWS\System32\bcrypt.dll
0x00007ff8b55b0000 - 0x00007ff8b55de000 	C:\WINDOWS\SYSTEM32\USERENV.dll
0x00007ff8b5080000 - 0x00007ff8b508c000 	C:\WINDOWS\SYSTEM32\CRYPTBASE.dll
0x00007ff8b4b10000 - 0x00007ff8b4b4b000 	C:\WINDOWS\SYSTEM32\IPHLPAPI.DLL
0x00007ff8b7120000 - 0x00007ff8b7128000 	C:\WINDOWS\System32\NSI.dll
0x00007ff8ae410000 - 0x00007ff8ae427000 	C:\WINDOWS\SYSTEM32\dhcpcsvc6.DLL
0x00007ff8aed40000 - 0x00007ff8aed5d000 	C:\WINDOWS\SYSTEM32\dhcpcsvc.DLL
0x00007ff8b4b60000 - 0x00007ff8b4c2a000 	C:\WINDOWS\SYSTEM32\DNSAPI.dll

dbghelp: loaded successfully - version: 4.0.5 - missing functions: none
symbol engine: initialized successfully - sym options: 0x614 - pdb path: .;C:\Program Files\OpenJDK\openjdk-11.0.15_10\bin;C:\WINDOWS\SYSTEM32;C:\WINDOWS\WinSxS\amd64_microsoft.windows.common-controls_6595b64144ccf1df_6.0.19041.1110_none_60b5254171f9507e;C:\Program Files\OpenJDK\openjdk-11.0.15_10\bin\server;C:\Users\Tom\.gradle\native\e1d6ef7f7dcc3fd88c89a11ec53ec762bb8ba0a96d01ffa2cd45eb1d1d8dd5c5\windows-amd64;C:\Users\Tom\.gradle\native\5664cfc778a61ccfe75a443a1ab52a65af34e5dc3c78e0209fed803814484fcb\windows-amd64

VM Arguments:
jvm_args: -XX:MaxMetaspaceSize=512m --add-opens=java.base/java.util=ALL-UNNAMED --add-opens=java.base/java.lang=ALL-UNNAMED --add-opens=java.base/java.lang.invoke=ALL-UNNAMED --add-opens=java.base/java.util=ALL-UNNAMED --add-opens=java.prefs/java.util.prefs=ALL-UNNAMED --add-opens=java.prefs/java.util.prefs=ALL-UNNAMED --add-opens=java.base/java.nio.charset=ALL-UNNAMED --add-opens=java.base/java.net=ALL-UNNAMED --add-opens=java.base/java.util.concurrent.atomic=ALL-UNNAMED -Xmx2048m -Dfile.encoding=windows-1252 -Duser.country=GB -Duser.language=en -Duser.variant 
java_command: org.gradle.launcher.daemon.bootstrap.GradleDaemon 7.3.3
java_class_path (initial): C:\Users\Tom\.gradle\wrapper\dists\gradle-7.3.3-all\4295vidhdd9hd3gbjyw1xqxpo\gradle-7.3.3\lib\gradle-launcher-7.3.3.jar
Launcher Type: SUN_STANDARD

[Global flags]
     intx CICompilerCount                          = 3                                         {product} {ergonomic}
   size_t CompressedClassSpaceSize                 = 528482304                                 {product} {ergonomic}
     uint ConcGCThreads                            = 1                                         {product} {ergonomic}
     uint G1ConcRefinementThreads                  = 4                                         {product} {ergonomic}
   size_t G1HeapRegionSize                         = 1048576                                   {product} {ergonomic}
    uintx GCDrainStackTargetSize                   = 64                                        {product} {ergonomic}
   size_t InitialHeapSize                          = 268435456                                 {product} {ergonomic}
   size_t MarkStackSize                            = 4194304                                   {product} {ergonomic}
   size_t MaxHeapSize                              = 2147483648                                {product} {command line}
   size_t MaxMetaspaceSize                         = 536870912                                 {product} {command line}
   size_t MaxNewSize                               = 1287651328                                {product} {ergonomic}
   size_t MinHeapDeltaBytes                        = 1048576                                   {product} {ergonomic}
    uintx NonNMethodCodeHeapSize                   = 5830732                                {pd product} {ergonomic}
    uintx NonProfiledCodeHeapSize                  = 122913754                              {pd product} {ergonomic}
    uintx ProfiledCodeHeapSize                     = 122913754                              {pd product} {ergonomic}
    uintx ReservedCodeCacheSize                    = 251658240                              {pd product} {ergonomic}
     bool SegmentedCodeCache                       = true                                      {product} {ergonomic}
     bool UseCompressedClassPointers               = true                                 {lp64_product} {ergonomic}
     bool UseCompressedOops                        = true                                 {lp64_product} {ergonomic}
     bool UseG1GC                                  = true                                      {product} {ergonomic}
     bool UseLargePagesIndividualAllocation        = false                                  {pd product} {ergonomic}

Logging:
Log output configuration:
 #0: stdout all=warning uptime,level,tags
 #1: stderr all=off uptime,level,tags

Environment Variables:
JAVA_HOME=C:\Program Files\OpenJDK\openjdk-11.0.15_10
CLASSPATH=F:\RNP\Fun\projectRNcli\android\\gradle\wrapper\gradle-wrapper.jar
PATH=F:\RNP\Fun\projectRNcli\android\node_modules\.bin;F:\RNP\Fun\projectRNcli\node_modules\.bin;F:\RNP\Fun\node_modules\.bin;F:\RNP\node_modules\.bin;F:\node_modules\.bin;C:\Program Files\nodejs;F:\RNP\Fun\projectRNcli\node_modules\.bin;F:\RNP\Fun\node_modules\.bin;F:\RNP\node_modules\.bin;F:\node_modules\.bin;C:\Program Files\nodejs\node_modules\npm\node_modules\@npmcli\run-script\lib\node-gyp-bin;C:\Python310\Scripts\;C:\Python310\;C:\Program Files\Common Files\Oracle\Java\javapath;C:\Program Files (x86)\Intel\Intel(R) Management Engine Components\iCLS\;C:\Program Files\Intel\Intel(R) Management Engine Components\iCLS\;C:\windows\system32;C:\windows;C:\windows\System32\Wbem;C:\windows\System32\WindowsPowerShell\v1.0\;C:\Program Files (x86)\Intel\Intel(R) Management Engine Components\DAL;C:\Program Files\Intel\Intel(R) Management Engine Components\DAL;C:\Program Files (x86)\Intel\Intel(R) Management Engine Components\IPT;C:\Program Files\Intel\Intel(R) Management Engine Components\IPT;C:\Program Files (x86)\NVIDIA Corporation\PhysX\Common;C:\WINDOWS\system32;C:\WINDOWS;C:\WINDOWS\System32\Wbem;C:\WINDOWS\System32\WindowsPowerShell\v1.0\;C:\WINDOWS\System32\OpenSSH\;C:\Program Files\Microchip\xc8\v2.36\bin;C:\ProgramData\chocolatey\bin;C:\Program Files\OpenJDK\openjdk-11.0.15_10\bin;C:\Program Files\nodejs\;C:\Program Files (x86)\Git\cmd;C:\Program Files (x86)\Gpg4win\..\GnuPG\bin;C:\Program Files (x86)\GnuPG\bin;C:\Program Files (x86)\Gpg4win\bin;C:\php-8.1.12-Win32-vs16-x64;C:\Program Files (x86)\ffmpeg-5.1.2-essentials_build\bin;C:\Users\Tom\AppData\Local\Microsoft\WindowsApps;C:\Users\Tom\AppData\Local\Programs\Microsoft VS Code\bin;C:\Users\Tom\AppData\Local\Android\Sdk\platform-tools;C:\Users\Tom\AppData\Roaming\npm;C:\Program Files (x86)\GnuPG;C:\Program Files (x86)\Gpg4win;C:\FFmpeg\bin\ffmpeg.exe;
USERNAME=Tom
LANG=en_GB.UTF-8
OS=Windows_NT
PROCESSOR_IDENTIFIER=Intel64 Family 6 Model 142 Stepping 10, GenuineIntel



---------------  S Y S T E M  ---------------

OS: Windows 10 , 64 bit Build 19041 (10.0.19041.2251)
OS uptime: 3 days 21:46 hours

CPU:total 4 (initial active 4) (2 cores per cpu, 2 threads per core) family 6 model 142 stepping 10 microcode 0xb4, cmov, cx8, fxsr, mmx, sse, sse2, sse3, ssse3, sse4.1, sse4.2, popcnt, avx, avx2, aes, clmul, erms, 3dnowpref, lzcnt, ht, tsc, tscinvbit, bmi1, bmi2, adx, fma

Memory: 4k page, system-wide physical 16299M (2551M free)
TotalPageFile size 16299M (AvailPageFile size 233M)
current process WorkingSet (physical memory assigned to process): 384M, peak: 406M
current process commit charge ("private bytes"): 473M, peak: 499M

vm_info: OpenJDK 64-Bit Server VM (11.0.15+10) for windows-amd64 JRE (11.0.15+10), built on Apr 21 2022 21:29:46 by "tester" with MS VC++ 15.5 (VS2017)

END.
