#
# There is insufficient memory for the Java Runtime Environment to continue.
# Native memory allocation (mmap) failed to map 32505856 bytes for Failed to commit area from 0x000000008ae00000 to 0x000000008cd00000 of length 32505856.
# Possible reasons:
#   The system is out of physical RAM or swap space
#   The process is running with CompressedOops enabled, and the Java Heap may be blocking the growth of the native heap
# Possible solutions:
#   Reduce memory load on the system
#   Increase physical memory or swap space
#   Check if swap backing store is full
#   Decrease Java heap size (-Xmx/-Xms)
#   Decrease number of Java threads
#   Decrease Java thread stack sizes (-Xss)
#   Set larger code cache with -XX:ReservedCodeCacheSize=
#   JVM is running with Unscaled Compressed Oops mode in which the Java heap is
#     placed in the first 4GB address space. The Java Heap base address is the
#     maximum limit for the native heap growth. Please use -XX:HeapBaseMinAddress
#     to set the Java Heap base and to place the Java Heap above 4GB virtual address.
# This output file may be truncated or incomplete.
#
#  Out of Memory Error (./src/hotspot/os/windows/os_windows.cpp:3390), pid=8660, tid=9536
#
# JRE version: OpenJDK Runtime Environment 18.9 (11.0.15+10) (build 11.0.15+10)
# Java VM: OpenJDK 64-Bit Server VM 18.9 (11.0.15+10, mixed mode, tiered, compressed oops, g1 gc, windows-amd64)
# No core dump will be written. Minidumps are not enabled by default on client versions of Windows
#

---------------  S U M M A R Y ------------

Command Line: org.jetbrains.kotlin.cli.jvm.K2JVMCompiler @C:\Users\Tom\Documents\Programmation\React Native\projectRNcli\node_modules\react-native-gradle-plugin\build\20220703_13941986044592998439.compiler.options

Host: Intel(R) Core(TM) i3-7020U CPU @ 2.30GHz, 4 cores, 7G,  Windows 10 , 64 bit Build 19041 (10.0.19041.1741)
Time: Sun Jul  3 15:52:45 2022 Romance Summer Time elapsed time: 24.101524 seconds (0d 0h 0m 24s)

---------------  T H R E A D  ---------------

Current thread (0x0000019da2603800):  VMThread "VM Thread" [stack: 0x0000000a98d00000,0x0000000a98e00000] [id=9536]

Stack: [0x0000000a98d00000,0x0000000a98e00000]
[error occurred during error reporting (printing stack bounds), id 0xc0000005, EXCEPTION_ACCESS_VIOLATION (0xc0000005) at pc=0x0000019d8beb112d]

Native frames: (J=compiled Java code, j=interpreted, Vv=VM code, C=native code)
V  [jvm.dll+0x64dd3a]
V  [jvm.dll+0x7906c9]
V  [jvm.dll+0x791d9c]
V  [jvm.dll+0x7923c5]
V  [jvm.dll+0x79237b]
V  [jvm.dll+0x64cdd0]
V  [jvm.dll+0x64d4e8]
C  [ntdll.dll+0xa209f]
C  [ntdll.dll+0x51454]
C  [ntdll.dll+0xa0bce]
C  0x0000019d8beb112d

VM_Operation (0x0000000a987f78e0): G1CollectForAllocation, mode: safepoint, requested by thread 0x0000019d81f31000


---------------  P R O C E S S  ---------------

Threads class SMR info:
_java_thread_list=0x0000019da364aa30, length=11, elements={
0x0000019d81f31000, 0x0000019da262d000, 0x0000019da262e000, 0x0000019da264b000,
0x0000019da264d000, 0x0000019da264e800, 0x0000019da2652000, 0x0000019da265b000,
0x0000019da266c800, 0x0000019da3134000, 0x0000019da573b800
}

Java Threads: ( => current thread )
  0x0000019d81f31000 JavaThread "main" [_thread_blocked, id=13904, stack(0x0000000a98700000,0x0000000a98800000)]
  0x0000019da262d000 JavaThread "Reference Handler" daemon [_thread_blocked, id=3424, stack(0x0000000a98e00000,0x0000000a98f00000)]
  0x0000019da262e000 JavaThread "Finalizer" daemon [_thread_blocked, id=8172, stack(0x0000000a98f00000,0x0000000a99000000)]
  0x0000019da264b000 JavaThread "Signal Dispatcher" daemon [_thread_blocked, id=13284, stack(0x0000000a99000000,0x0000000a99100000)]
  0x0000019da264d000 JavaThread "Attach Listener" daemon [_thread_blocked, id=12448, stack(0x0000000a99100000,0x0000000a99200000)]
  0x0000019da264e800 JavaThread "Service Thread" daemon [_thread_blocked, id=15872, stack(0x0000000a99200000,0x0000000a99300000)]
  0x0000019da2652000 JavaThread "C2 CompilerThread0" daemon [_thread_blocked, id=13668, stack(0x0000000a99300000,0x0000000a99400000)]
  0x0000019da265b000 JavaThread "C1 CompilerThread0" daemon [_thread_blocked, id=7960, stack(0x0000000a99400000,0x0000000a99500000)]
  0x0000019da266c800 JavaThread "Sweeper thread" daemon [_thread_blocked, id=7196, stack(0x0000000a99500000,0x0000000a99600000)]
  0x0000019da3134000 JavaThread "Common-Cleaner" daemon [_thread_blocked, id=11384, stack(0x0000000a99700000,0x0000000a99800000)]
  0x0000019da573b800 JavaThread "C2 CompilerThread1" daemon [_thread_blocked, id=13416, stack(0x0000000a99c00000,0x0000000a99d00000)]

Other Threads:
=>0x0000019da2603800 VMThread "VM Thread" [stack: 0x0000000a98d00000,0x0000000a98e00000] [id=9536]
  0x0000019da3128000 WatcherThread [stack: 0x0000000a99600000,0x0000000a99700000] [id=13256]
  0x0000019d81f48800 GCTaskThread "GC Thread#0" [stack: 0x0000000a98800000,0x0000000a98900000] [id=648]
  0x0000019da34fe800 GCTaskThread "GC Thread#1" [stack: 0x0000000a99800000,0x0000000a99900000] [id=660]
  0x0000019da3500000 GCTaskThread "GC Thread#2" [stack: 0x0000000a99900000,0x0000000a99a00000] [id=12440]
  0x0000019d81f7a000 ConcurrentGCThread "G1 Main Marker" [stack: 0x0000000a98900000,0x0000000a98a00000] [id=7720]
  0x0000019d81f7c800 ConcurrentGCThread "G1 Conc#0" [stack: 0x0000000a98a00000,0x0000000a98b00000] [id=5808]
  0x0000019d8200d000 ConcurrentGCThread "G1 Refine#0" [stack: 0x0000000a98b00000,0x0000000a98c00000] [id=17976]
  0x0000019da4e5c000 ConcurrentGCThread "G1 Refine#1" [stack: 0x0000000a99a00000,0x0000000a99b00000] [id=7592]
  0x0000019da4e5c800 ConcurrentGCThread "G1 Refine#2" [stack: 0x0000000a99b00000,0x0000000a99c00000] [id=7416]
  0x0000019d8200e000 ConcurrentGCThread "G1 Young RemSet Sampling" [stack: 0x0000000a98c00000,0x0000000a98d00000] [id=3000]

Threads with active compile tasks:
C2 CompilerThread0    24203 9530       4       org.jetbrains.kotlin.protobuf.GeneratedMessageLite::parseUnknownField (518 bytes)

VM state:at safepoint (normal execution)

VM Mutex/Monitor currently owned by a thread:  ([mutex/lock_event])
[0x0000019d81f26a00] Threads_lock - owner thread: 0x0000019da2603800
[0x0000019d81f2f200] Heap_lock - owner thread: 0x0000019d81f31000

Heap address: 0x0000000081400000, size: 2028 MB, Compressed Oops mode: 32-bit
Narrow klass base: 0x0000000000000000, Narrow klass shift: 3
Compressed class space size: 1073741824 Address: 0x0000000100000000

Heap:
 garbage-first heap   total 189440K, used 63839K [0x0000000081400000, 0x0000000100000000)
  region size 1024K, 8 young (8192K), 8 survivors (8192K)
 Metaspace       used 63039K, capacity 63889K, committed 64128K, reserved 1105920K
  class space    used 6892K, capacity 7236K, committed 7296K, reserved 1048576K
Heap Regions: E=young(eden), S=young(survivor), O=old, HS=humongous(starts), HC=humongous(continues), CS=collection set, F=free, A=archive, TAMS=top-at-mark-start (previous, next)
|   0|0x0000000081400000, 0x0000000081500000, 0x0000000081500000|100%|HS|  |TAMS 0x0000000081500000, 0x0000000081400000| Complete 
|   1|0x0000000081500000, 0x0000000081600000, 0x0000000081600000|100%|HC|  |TAMS 0x0000000081600000, 0x0000000081500000| Complete 
|   2|0x0000000081600000, 0x0000000081700000, 0x0000000081700000|100%|HC|  |TAMS 0x0000000081700000, 0x0000000081600000| Complete 
|   3|0x0000000081700000, 0x0000000081800000, 0x0000000081800000|100%| O|  |TAMS 0x0000000081800000, 0x0000000081700000| Untracked 
|   4|0x0000000081800000, 0x0000000081900000, 0x0000000081900000|100%| O|  |TAMS 0x0000000081900000, 0x0000000081800000| Untracked 
|   5|0x0000000081900000, 0x0000000081a00000, 0x0000000081a00000|100%|HS|  |TAMS 0x0000000081a00000, 0x0000000081900000| Complete 
|   6|0x0000000081a00000, 0x0000000081b00000, 0x0000000081b00000|100%|HC|  |TAMS 0x0000000081b00000, 0x0000000081a00000| Complete 
|   7|0x0000000081b00000, 0x0000000081c00000, 0x0000000081c00000|100%|HC|  |TAMS 0x0000000081c00000, 0x0000000081b00000| Complete 
|   8|0x0000000081c00000, 0x0000000081d00000, 0x0000000081d00000|100%| O|  |TAMS 0x0000000081d00000, 0x0000000081c00000| Untracked 
|   9|0x0000000081d00000, 0x0000000081e00000, 0x0000000081e00000|100%| O|  |TAMS 0x0000000081e00000, 0x0000000081d00000| Untracked 
|  10|0x0000000081e00000, 0x0000000081f00000, 0x0000000081f00000|100%| O|  |TAMS 0x0000000081f00000, 0x0000000081e00000| Untracked 
|  11|0x0000000081f00000, 0x0000000082000000, 0x0000000082000000|100%| O|  |TAMS 0x0000000082000000, 0x0000000081f00000| Untracked 
|  12|0x0000000082000000, 0x0000000082100000, 0x0000000082100000|100%| O|  |TAMS 0x0000000082100000, 0x0000000082000000| Untracked 
|  13|0x0000000082100000, 0x0000000082200000, 0x0000000082200000|100%| O|  |TAMS 0x0000000082200000, 0x0000000082100000| Untracked 
|  14|0x0000000082200000, 0x0000000082300000, 0x0000000082300000|100%| O|  |TAMS 0x0000000082300000, 0x0000000082200000| Untracked 
|  15|0x0000000082300000, 0x0000000082400000, 0x0000000082400000|100%| O|  |TAMS 0x0000000082400000, 0x0000000082300000| Untracked 
|  16|0x0000000082400000, 0x0000000082500000, 0x0000000082500000|100%| O|  |TAMS 0x0000000082500000, 0x0000000082400000| Untracked 
|  17|0x0000000082500000, 0x0000000082600000, 0x0000000082600000|100%| O|  |TAMS 0x0000000082600000, 0x0000000082500000| Untracked 
|  18|0x0000000082600000, 0x0000000082700000, 0x0000000082700000|100%| O|  |TAMS 0x0000000082700000, 0x0000000082600000| Untracked 
|  19|0x0000000082700000, 0x0000000082800000, 0x0000000082800000|100%| O|  |TAMS 0x0000000082800000, 0x0000000082700000| Untracked 
|  20|0x0000000082800000, 0x0000000082900000, 0x0000000082900000|100%| O|  |TAMS 0x0000000082900000, 0x0000000082800000| Untracked 
|  21|0x0000000082900000, 0x0000000082a00000, 0x0000000082a00000|100%| O|  |TAMS 0x00000000829cd400, 0x0000000082900000| Untracked 
|  22|0x0000000082a00000, 0x0000000082b00000, 0x0000000082b00000|100%|HS|  |TAMS 0x0000000082b00000, 0x0000000082a00000| Complete 
|  23|0x0000000082b00000, 0x0000000082c00000, 0x0000000082c00000|100%| O|  |TAMS 0x0000000082b00000, 0x0000000082b00000| Untracked 
|  24|0x0000000082c00000, 0x0000000082d00000, 0x0000000082d00000|100%| O|  |TAMS 0x0000000082d00000, 0x0000000082c00000| Untracked 
|  25|0x0000000082d00000, 0x0000000082e00000, 0x0000000082e00000|100%| O|  |TAMS 0x0000000082e00000, 0x0000000082d00000| Untracked 
|  26|0x0000000082e00000, 0x0000000082f00000, 0x0000000082f00000|100%| O|  |TAMS 0x0000000082f00000, 0x0000000082e00000| Untracked 
|  27|0x0000000082f00000, 0x0000000083000000, 0x0000000083000000|100%| O|  |TAMS 0x0000000083000000, 0x0000000082f00000| Untracked 
|  28|0x0000000083000000, 0x0000000083100000, 0x0000000083100000|100%| O|  |TAMS 0x0000000083100000, 0x0000000083000000| Untracked 
|  29|0x0000000083100000, 0x0000000083200000, 0x0000000083200000|100%|HS|  |TAMS 0x0000000083100000, 0x0000000083100000| Complete 
|  30|0x0000000083200000, 0x0000000083300000, 0x0000000083300000|100%|HC|  |TAMS 0x0000000083200000, 0x0000000083200000| Complete 
|  31|0x0000000083300000, 0x0000000083400000, 0x0000000083400000|100%|HC|  |TAMS 0x0000000083300000, 0x0000000083300000| Complete 
|  32|0x0000000083400000, 0x0000000083500000, 0x0000000083500000|100%|HC|  |TAMS 0x0000000083400000, 0x0000000083400000| Complete 
|  33|0x0000000083500000, 0x0000000083600000, 0x0000000083600000|100%|HC|  |TAMS 0x0000000083500000, 0x0000000083500000| Complete 
|  34|0x0000000083600000, 0x0000000083700000, 0x0000000083700000|100%| O|  |TAMS 0x0000000083600000, 0x0000000083600000| Untracked 
|  35|0x0000000083700000, 0x0000000083800000, 0x0000000083800000|100%| O|  |TAMS 0x0000000083700000, 0x0000000083700000| Untracked 
|  36|0x0000000083800000, 0x0000000083900000, 0x0000000083900000|100%| O|  |TAMS 0x0000000083800000, 0x0000000083800000| Untracked 
|  37|0x0000000083900000, 0x0000000083a00000, 0x0000000083a00000|100%| O|  |TAMS 0x0000000083900000, 0x0000000083900000| Untracked 
|  38|0x0000000083a00000, 0x0000000083b00000, 0x0000000083b00000|100%| O|  |TAMS 0x0000000083a00000, 0x0000000083a00000| Untracked 
|  39|0x0000000083b00000, 0x0000000083c00000, 0x0000000083c00000|100%| O|  |TAMS 0x0000000083b00000, 0x0000000083b00000| Untracked 
|  40|0x0000000083c00000, 0x0000000083d00000, 0x0000000083d00000|100%| O|  |TAMS 0x0000000083c00000, 0x0000000083c00000| Untracked 
|  41|0x0000000083d00000, 0x0000000083e00000, 0x0000000083e00000|100%| O|  |TAMS 0x0000000083d00000, 0x0000000083d00000| Untracked 
|  42|0x0000000083e00000, 0x0000000083f00000, 0x0000000083f00000|100%| O|  |TAMS 0x0000000083e00000, 0x0000000083e00000| Untracked 
|  43|0x0000000083f00000, 0x0000000083f00000, 0x0000000084000000|  0%| F|  |TAMS 0x0000000083f00000, 0x0000000083f00000| Untracked 
|  44|0x0000000084000000, 0x0000000084100000, 0x0000000084100000|100%| O|  |TAMS 0x0000000084000000, 0x0000000084000000| Untracked 
|  45|0x0000000084100000, 0x0000000084200000, 0x0000000084200000|100%| O|  |TAMS 0x0000000084100000, 0x0000000084100000| Untracked 
|  46|0x0000000084200000, 0x0000000084300000, 0x0000000084300000|100%| O|  |TAMS 0x0000000084200000, 0x0000000084200000| Untracked 
|  47|0x0000000084300000, 0x0000000084400000, 0x0000000084400000|100%| O|  |TAMS 0x0000000084300000, 0x0000000084300000| Untracked 
|  48|0x0000000084400000, 0x0000000084500000, 0x0000000084500000|100%| O|  |TAMS 0x0000000084400000, 0x0000000084400000| Untracked 
|  49|0x0000000084500000, 0x0000000084600000, 0x0000000084600000|100%| O|  |TAMS 0x0000000084500000, 0x0000000084500000| Untracked 
|  50|0x0000000084600000, 0x0000000084700000, 0x0000000084700000|100%| O|  |TAMS 0x0000000084600000, 0x0000000084600000| Untracked 
|  51|0x0000000084700000, 0x0000000084800000, 0x0000000084800000|100%| O|  |TAMS 0x0000000084700000, 0x0000000084700000| Untracked 
|  52|0x0000000084800000, 0x0000000084900000, 0x0000000084900000|100%| O|  |TAMS 0x0000000084800000, 0x0000000084800000| Untracked 
|  53|0x0000000084900000, 0x0000000084a00000, 0x0000000084a00000|100%| O|  |TAMS 0x0000000084900000, 0x0000000084900000| Untracked 
|  54|0x0000000084a00000, 0x0000000084b00000, 0x0000000084b00000|100%| O|  |TAMS 0x0000000084a00000, 0x0000000084a00000| Untracked 
|  55|0x0000000084b00000, 0x0000000084bf4800, 0x0000000084c00000| 95%| O|  |TAMS 0x0000000084b00000, 0x0000000084b00000| Untracked 
|  56|0x0000000084c00000, 0x0000000084c00000, 0x0000000084d00000|  0%| F|  |TAMS 0x0000000084c00000, 0x0000000084c00000| Untracked 
|  57|0x0000000084d00000, 0x0000000084d00000, 0x0000000084e00000|  0%| F|  |TAMS 0x0000000084d00000, 0x0000000084d00000| Untracked 
|  58|0x0000000084e00000, 0x0000000084e00000, 0x0000000084f00000|  0%| F|  |TAMS 0x0000000084e00000, 0x0000000084e00000| Untracked 
|  59|0x0000000084f00000, 0x0000000084f00000, 0x0000000085000000|  0%| F|  |TAMS 0x0000000084f00000, 0x0000000084f00000| Untracked 
|  60|0x0000000085000000, 0x0000000085000000, 0x0000000085100000|  0%| F|  |TAMS 0x0000000085000000, 0x0000000085000000| Untracked 
|  61|0x0000000085100000, 0x0000000085100000, 0x0000000085200000|  0%| F|  |TAMS 0x0000000085100000, 0x0000000085100000| Untracked 
|  62|0x0000000085200000, 0x0000000085200000, 0x0000000085300000|  0%| F|  |TAMS 0x0000000085200000, 0x0000000085200000| Untracked 
|  63|0x0000000085300000, 0x0000000085300000, 0x0000000085400000|  0%| F|  |TAMS 0x0000000085300000, 0x0000000085300000| Untracked 
|  64|0x0000000085400000, 0x0000000085400000, 0x0000000085500000|  0%| F|  |TAMS 0x0000000085400000, 0x0000000085400000| Untracked 
|  65|0x0000000085500000, 0x0000000085500000, 0x0000000085600000|  0%| F|  |TAMS 0x0000000085500000, 0x0000000085500000| Untracked 
|  66|0x0000000085600000, 0x0000000085600000, 0x0000000085700000|  0%| F|  |TAMS 0x0000000085600000, 0x0000000085600000| Untracked 
|  67|0x0000000085700000, 0x0000000085700000, 0x0000000085800000|  0%| F|  |TAMS 0x0000000085700000, 0x0000000085700000| Untracked 
|  68|0x0000000085800000, 0x0000000085800000, 0x0000000085900000|  0%| F|  |TAMS 0x0000000085800000, 0x0000000085800000| Untracked 
|  69|0x0000000085900000, 0x0000000085900000, 0x0000000085a00000|  0%| F|  |TAMS 0x0000000085900000, 0x0000000085900000| Untracked 
|  70|0x0000000085a00000, 0x0000000085a00000, 0x0000000085b00000|  0%| F|  |TAMS 0x0000000085a00000, 0x0000000085a00000| Untracked 
|  71|0x0000000085b00000, 0x0000000085b00000, 0x0000000085c00000|  0%| F|  |TAMS 0x0000000085b00000, 0x0000000085b00000| Untracked 
|  72|0x0000000085c00000, 0x0000000085c00000, 0x0000000085d00000|  0%| F|  |TAMS 0x0000000085c00000, 0x0000000085c00000| Untracked 
|  73|0x0000000085d00000, 0x0000000085d00000, 0x0000000085e00000|  0%| F|  |TAMS 0x0000000085d00000, 0x0000000085d00000| Untracked 
|  74|0x0000000085e00000, 0x0000000085e00000, 0x0000000085f00000|  0%| F|  |TAMS 0x0000000085e00000, 0x0000000085e00000| Untracked 
|  75|0x0000000085f00000, 0x0000000085f00000, 0x0000000086000000|  0%| F|  |TAMS 0x0000000085f00000, 0x0000000085f00000| Untracked 
|  76|0x0000000086000000, 0x0000000086000000, 0x0000000086100000|  0%| F|  |TAMS 0x0000000086000000, 0x0000000086000000| Untracked 
|  77|0x0000000086100000, 0x0000000086100000, 0x0000000086200000|  0%| F|  |TAMS 0x0000000086100000, 0x0000000086100000| Untracked 
|  78|0x0000000086200000, 0x0000000086200000, 0x0000000086300000|  0%| F|  |TAMS 0x0000000086200000, 0x0000000086200000| Untracked 
|  79|0x0000000086300000, 0x0000000086300000, 0x0000000086400000|  0%| F|  |TAMS 0x0000000086300000, 0x0000000086300000| Untracked 
|  80|0x0000000086400000, 0x0000000086400000, 0x0000000086500000|  0%| F|  |TAMS 0x0000000086400000, 0x0000000086400000| Untracked 
|  81|0x0000000086500000, 0x0000000086500000, 0x0000000086600000|  0%| F|  |TAMS 0x0000000086500000, 0x0000000086500000| Untracked 
|  82|0x0000000086600000, 0x0000000086600000, 0x0000000086700000|  0%| F|  |TAMS 0x0000000086600000, 0x0000000086600000| Untracked 
|  83|0x0000000086700000, 0x0000000086700000, 0x0000000086800000|  0%| F|  |TAMS 0x0000000086700000, 0x0000000086700000| Untracked 
|  84|0x0000000086800000, 0x0000000086800000, 0x0000000086900000|  0%| F|  |TAMS 0x0000000086800000, 0x0000000086800000| Untracked 
|  85|0x0000000086900000, 0x0000000086900000, 0x0000000086a00000|  0%| F|  |TAMS 0x0000000086900000, 0x0000000086900000| Untracked 
|  86|0x0000000086a00000, 0x0000000086a00000, 0x0000000086b00000|  0%| F|  |TAMS 0x0000000086a00000, 0x0000000086a00000| Untracked 
|  87|0x0000000086b00000, 0x0000000086b00000, 0x0000000086c00000|  0%| F|  |TAMS 0x0000000086b00000, 0x0000000086b00000| Untracked 
|  88|0x0000000086c00000, 0x0000000086c00000, 0x0000000086d00000|  0%| F|  |TAMS 0x0000000086c00000, 0x0000000086c00000| Untracked 
|  89|0x0000000086d00000, 0x0000000086d63650, 0x0000000086e00000| 38%| S|CS|TAMS 0x0000000086d00000, 0x0000000086d00000| Complete 
|  90|0x0000000086e00000, 0x0000000086f00000, 0x0000000086f00000|100%| S|CS|TAMS 0x0000000086e00000, 0x0000000086e00000| Complete 
|  91|0x0000000086f00000, 0x0000000086f00000, 0x0000000087000000|  0%| F|  |TAMS 0x0000000086f00000, 0x0000000086f00000| Untracked 
|  92|0x0000000087000000, 0x0000000087000000, 0x0000000087100000|  0%| F|  |TAMS 0x0000000087000000, 0x0000000087000000| Untracked 
|  93|0x0000000087100000, 0x0000000087100000, 0x0000000087200000|  0%| F|  |TAMS 0x0000000087100000, 0x0000000087100000| Untracked 
|  94|0x0000000087200000, 0x0000000087300000, 0x0000000087300000|100%| S|CS|TAMS 0x0000000087200000, 0x0000000087200000| Complete 
|  95|0x0000000087300000, 0x0000000087400000, 0x0000000087400000|100%| S|CS|TAMS 0x0000000087300000, 0x0000000087300000| Complete 
|  96|0x0000000087400000, 0x0000000087500000, 0x0000000087500000|100%| S|CS|TAMS 0x0000000087400000, 0x0000000087400000| Complete 
|  97|0x0000000087500000, 0x0000000087600000, 0x0000000087600000|100%| S|CS|TAMS 0x0000000087500000, 0x0000000087500000| Complete 
|  98|0x0000000087600000, 0x0000000087700000, 0x0000000087700000|100%| S|CS|TAMS 0x0000000087600000, 0x0000000087600000| Complete 
|  99|0x0000000087700000, 0x0000000087800000, 0x0000000087800000|100%| S|CS|TAMS 0x0000000087700000, 0x0000000087700000| Complete 
| 100|0x0000000087800000, 0x0000000087800000, 0x0000000087900000|  0%| F|  |TAMS 0x0000000087800000, 0x0000000087800000| Untracked 
| 101|0x0000000087900000, 0x0000000087900000, 0x0000000087a00000|  0%| F|  |TAMS 0x0000000087900000, 0x0000000087900000| Untracked 
| 102|0x0000000087a00000, 0x0000000087a00000, 0x0000000087b00000|  0%| F|  |TAMS 0x0000000087a00000, 0x0000000087a00000| Untracked 
| 103|0x0000000087b00000, 0x0000000087b00000, 0x0000000087c00000|  0%| F|  |TAMS 0x0000000087b00000, 0x0000000087b00000| Untracked 
| 104|0x0000000087c00000, 0x0000000087c00000, 0x0000000087d00000|  0%| F|  |TAMS 0x0000000087c00000, 0x0000000087c00000| Untracked 
| 105|0x0000000087d00000, 0x0000000087d00000, 0x0000000087e00000|  0%| F|  |TAMS 0x0000000087d00000, 0x0000000087d00000| Untracked 
| 106|0x0000000087e00000, 0x0000000087e00000, 0x0000000087f00000|  0%| F|  |TAMS 0x0000000087e00000, 0x0000000087e00000| Untracked 
| 107|0x0000000087f00000, 0x0000000087f00000, 0x0000000088000000|  0%| F|  |TAMS 0x0000000087f00000, 0x0000000087f00000| Untracked 
| 108|0x0000000088000000, 0x0000000088000000, 0x0000000088100000|  0%| F|  |TAMS 0x0000000088000000, 0x0000000088000000| Untracked 
| 109|0x0000000088100000, 0x0000000088100000, 0x0000000088200000|  0%| F|  |TAMS 0x0000000088100000, 0x0000000088100000| Untracked 
| 110|0x0000000088200000, 0x0000000088200000, 0x0000000088300000|  0%| F|  |TAMS 0x0000000088200000, 0x0000000088200000| Untracked 
| 111|0x0000000088300000, 0x0000000088300000, 0x0000000088400000|  0%| F|  |TAMS 0x0000000088300000, 0x0000000088300000| Untracked 
| 112|0x0000000088400000, 0x0000000088400000, 0x0000000088500000|  0%| F|  |TAMS 0x0000000088400000, 0x0000000088400000| Untracked 
| 113|0x0000000088500000, 0x0000000088500000, 0x0000000088600000|  0%| F|  |TAMS 0x0000000088500000, 0x0000000088500000| Untracked 
| 114|0x0000000088600000, 0x0000000088600000, 0x0000000088700000|  0%| F|  |TAMS 0x0000000088600000, 0x0000000088600000| Untracked 
| 115|0x0000000088700000, 0x0000000088700000, 0x0000000088800000|  0%| F|  |TAMS 0x0000000088700000, 0x0000000088700000| Untracked 
| 116|0x0000000088800000, 0x0000000088800000, 0x0000000088900000|  0%| F|  |TAMS 0x0000000088800000, 0x0000000088800000| Untracked 
| 117|0x0000000088900000, 0x0000000088900000, 0x0000000088a00000|  0%| F|  |TAMS 0x0000000088900000, 0x0000000088900000| Untracked 
| 118|0x0000000088a00000, 0x0000000088a00000, 0x0000000088b00000|  0%| F|  |TAMS 0x0000000088a00000, 0x0000000088a00000| Untracked 
| 119|0x0000000088b00000, 0x0000000088b00000, 0x0000000088c00000|  0%| F|  |TAMS 0x0000000088b00000, 0x0000000088b00000| Untracked 
| 120|0x0000000088c00000, 0x0000000088c00000, 0x0000000088d00000|  0%| F|  |TAMS 0x0000000088c00000, 0x0000000088c00000| Untracked 
| 121|0x0000000088d00000, 0x0000000088d00000, 0x0000000088e00000|  0%| F|  |TAMS 0x0000000088d00000, 0x0000000088d00000| Untracked 
| 122|0x0000000088e00000, 0x0000000088e00000, 0x0000000088f00000|  0%| F|  |TAMS 0x0000000088e00000, 0x0000000088e00000| Untracked 
| 123|0x0000000088f00000, 0x0000000088f00000, 0x0000000089000000|  0%| F|  |TAMS 0x0000000088f00000, 0x0000000088f00000| Untracked 
| 124|0x0000000089000000, 0x0000000089000000, 0x0000000089100000|  0%| F|  |TAMS 0x0000000089000000, 0x0000000089000000| Untracked 
| 125|0x0000000089100000, 0x0000000089100000, 0x0000000089200000|  0%| F|  |TAMS 0x0000000089100000, 0x0000000089100000| Untracked 
| 126|0x0000000089200000, 0x0000000089200000, 0x0000000089300000|  0%| F|  |TAMS 0x0000000089200000, 0x0000000089200000| Untracked 
| 127|0x0000000089300000, 0x0000000089300000, 0x0000000089400000|  0%| F|  |TAMS 0x0000000089300000, 0x0000000089300000| Untracked 
| 128|0x0000000089400000, 0x0000000089400000, 0x0000000089500000|  0%| F|  |TAMS 0x0000000089400000, 0x0000000089400000| Untracked 
| 129|0x0000000089500000, 0x0000000089500000, 0x0000000089600000|  0%| F|  |TAMS 0x0000000089500000, 0x0000000089500000| Untracked 
| 130|0x0000000089600000, 0x0000000089600000, 0x0000000089700000|  0%| F|  |TAMS 0x0000000089600000, 0x0000000089600000| Untracked 
| 131|0x0000000089700000, 0x0000000089700000, 0x0000000089800000|  0%| F|  |TAMS 0x0000000089700000, 0x0000000089700000| Untracked 
| 132|0x0000000089800000, 0x0000000089800000, 0x0000000089900000|  0%| F|  |TAMS 0x0000000089800000, 0x0000000089800000| Untracked 
| 133|0x0000000089900000, 0x0000000089900000, 0x0000000089a00000|  0%| F|  |TAMS 0x0000000089900000, 0x0000000089900000| Untracked 
| 134|0x0000000089a00000, 0x0000000089a00000, 0x0000000089b00000|  0%| F|  |TAMS 0x0000000089a00000, 0x0000000089a00000| Untracked 
| 135|0x0000000089b00000, 0x0000000089b00000, 0x0000000089c00000|  0%| F|  |TAMS 0x0000000089b00000, 0x0000000089b00000| Untracked 
| 136|0x0000000089c00000, 0x0000000089c00000, 0x0000000089d00000|  0%| F|  |TAMS 0x0000000089c00000, 0x0000000089c00000| Untracked 
| 137|0x0000000089d00000, 0x0000000089d00000, 0x0000000089e00000|  0%| F|  |TAMS 0x0000000089d00000, 0x0000000089d00000| Untracked 
| 138|0x0000000089e00000, 0x0000000089e00000, 0x0000000089f00000|  0%| F|  |TAMS 0x0000000089e00000, 0x0000000089e00000| Untracked 
| 139|0x0000000089f00000, 0x0000000089f00000, 0x000000008a000000|  0%| F|  |TAMS 0x0000000089f00000, 0x0000000089f00000| Untracked 
| 140|0x000000008a000000, 0x000000008a000000, 0x000000008a100000|  0%| F|  |TAMS 0x000000008a000000, 0x000000008a000000| Untracked 
| 141|0x000000008a100000, 0x000000008a100000, 0x000000008a200000|  0%| F|  |TAMS 0x000000008a100000, 0x000000008a100000| Untracked 
| 142|0x000000008a200000, 0x000000008a200000, 0x000000008a300000|  0%| F|  |TAMS 0x000000008a200000, 0x000000008a200000| Untracked 
| 143|0x000000008a300000, 0x000000008a300000, 0x000000008a400000|  0%| F|  |TAMS 0x000000008a300000, 0x000000008a300000| Untracked 
| 144|0x000000008a400000, 0x000000008a400000, 0x000000008a500000|  0%| F|  |TAMS 0x000000008a400000, 0x000000008a400000| Untracked 
| 145|0x000000008a500000, 0x000000008a500000, 0x000000008a600000|  0%| F|  |TAMS 0x000000008a500000, 0x000000008a500000| Untracked 
| 146|0x000000008a600000, 0x000000008a600000, 0x000000008a700000|  0%| F|  |TAMS 0x000000008a600000, 0x000000008a600000| Untracked 
| 147|0x000000008a700000, 0x000000008a700000, 0x000000008a800000|  0%| F|  |TAMS 0x000000008a700000, 0x000000008a700000| Untracked 
| 148|0x000000008a800000, 0x000000008a800000, 0x000000008a900000|  0%| F|  |TAMS 0x000000008a800000, 0x000000008a800000| Untracked 
| 149|0x000000008a900000, 0x000000008a900000, 0x000000008aa00000|  0%| F|  |TAMS 0x000000008a900000, 0x000000008a900000| Untracked 
| 150|0x000000008aa00000, 0x000000008aa00000, 0x000000008ab00000|  0%| F|  |TAMS 0x000000008aa00000, 0x000000008aa00000| Untracked 
| 151|0x000000008ab00000, 0x000000008ab00000, 0x000000008ac00000|  0%| F|  |TAMS 0x000000008ab00000, 0x000000008ab00000| Untracked 
| 152|0x000000008ac00000, 0x000000008ac00000, 0x000000008ad00000|  0%| F|  |TAMS 0x000000008ac00000, 0x000000008ac00000| Untracked 
| 153|0x000000008ad00000, 0x000000008ad00000, 0x000000008ae00000|  0%| F|  |TAMS 0x000000008ad00000, 0x000000008ad00000| Untracked 

Card table byte_map: [0x0000019d9b8d0000,0x0000019d9bcd0000] _byte_map_base: 0x0000019d9b4c6000

Marking Bits (Prev, Next): (CMBitMap*) 0x0000019d81f71730, (CMBitMap*) 0x0000019d81f716f8
 Prev Bits: [0x0000019d9e080000, 0x0000019da0030000)
 Next Bits: [0x0000019d9c0d0000, 0x0000019d9e080000)

Polling page: 0x0000019d81de0000

Metaspace:

Usage:
  Non-class:     55.33 MB capacity,    54.83 MB (>99%) used,   401.46 KB ( <1%) free+waste,   104.75 KB ( <1%) overhead. 
      Class:      7.07 MB capacity,     6.73 MB ( 95%) used,   297.85 KB (  4%) free+waste,    45.38 KB ( <1%) overhead. 
       Both:     62.39 MB capacity,    61.56 MB ( 99%) used,   699.31 KB (  1%) free+waste,   150.13 KB ( <1%) overhead. 

Virtual space:
  Non-class space:       56.00 MB reserved,      55.50 MB (>99%) committed 
      Class space:        1.00 GB reserved,       7.13 MB ( <1%) committed 
             Both:        1.05 GB reserved,      62.63 MB (  6%) committed 

Chunk freelists:
   Non-Class:  51.00 KB
       Class:  28.00 KB
        Both:  79.00 KB

MaxMetaspaceSize: 17179869184.00 GB
CompressedClassSpaceSize: 1.00 GB
Initial GC threshold: 20.80 MB
Current GC threshold: 73.13 MB
CDS: off

CodeHeap 'non-profiled nmethods': size=120064Kb used=5476Kb max_used=5476Kb free=114587Kb
 bounds [0x0000019d93970000, 0x0000019d93ed0000, 0x0000019d9aeb0000]
CodeHeap 'profiled nmethods': size=120000Kb used=28263Kb max_used=28263Kb free=91736Kb
 bounds [0x0000019d8c440000, 0x0000019d8dfe0000, 0x0000019d93970000]
CodeHeap 'non-nmethods': size=5696Kb used=1291Kb max_used=1361Kb free=4404Kb
 bounds [0x0000019d8beb0000, 0x0000019d8c120000, 0x0000019d8c440000]
 total_blobs=10018 nmethods=9441 adapters=488
 compilation: enabled
              stopped_count=0, restarted_count=0
 full_count=0

Compilation events (20 events):
Event: 24.010 Thread 0x0000019da2652000 nmethod 9440 0x0000019d93ebb410 code [0x0000019d93ebbdc0, 0x0000019d93ec26e8]
Event: 24.010 Thread 0x0000019da265b000 nmethod 9528 0x0000019d8dfd7590 code [0x0000019d8dfd7740, 0x0000019d8dfd7868]
Event: 24.010 Thread 0x0000019da265b000 9529       3       org.jetbrains.kotlin.load.java.structure.impl.classFiles.PlainJavaAnnotationArgument::<init> (84 bytes)
Event: 24.011 Thread 0x0000019da2652000 9444       4       org.jetbrains.kotlin.types.model.TypeSystemContextKt::convertVariance (71 bytes)
Event: 24.011 Thread 0x0000019da265b000 nmethod 9529 0x0000019d8dfd7910 code [0x0000019d8dfd7b20, 0x0000019d8dfd80e8]
Event: 24.012 Thread 0x0000019da2652000 nmethod 9444 0x0000019d93ec7b10 code [0x0000019d93ec7ca0, 0x0000019d93ec7d58]
Event: 24.012 Thread 0x0000019da2652000 9530       4       org.jetbrains.kotlin.protobuf.GeneratedMessageLite::parseUnknownField (518 bytes)
Event: 24.015 Thread 0x0000019da573b800 nmethod 9443 0x0000019d93ec7e90 code [0x0000019d93ec8040, 0x0000019d93ec8238]
Event: 24.015 Thread 0x0000019da573b800 9531       4       kotlin.text.StringsKt__StringsKt::indexOf (52 bytes)
Event: 24.022 Thread 0x0000019da573b800 nmethod 9531 0x0000019d93ec8510 code [0x0000019d93ec86c0, 0x0000019d93ec8928]
Event: 24.038 Thread 0x0000019da265b000 9532       3       org.jetbrains.kotlin.metadata.jvm.JvmProtoBuf$JvmFieldSignature::getSerializedSize (73 bytes)
Event: 24.039 Thread 0x0000019da265b000 nmethod 9532 0x0000019d8dfd8310 code [0x0000019d8dfd8560, 0x0000019d8dfd8c88]
Event: 24.043 Thread 0x0000019da265b000 9533       3       org.jetbrains.kotlin.load.java.structure.impl.classFiles.BinaryJavaAnnotationVisitor::addArgument (16 bytes)
Event: 24.043 Thread 0x0000019da265b000 nmethod 9533 0x0000019d8dfd8f10 code [0x0000019d8dfd90c0, 0x0000019d8dfd92a8]
Event: 24.045 Thread 0x0000019da265b000 9534       3       org.jetbrains.kotlin.com.intellij.psi.stubs.StubList::getChildrenStart (12 bytes)
Event: 24.046 Thread 0x0000019da265b000 nmethod 9534 0x0000019d8dfd9390 code [0x0000019d8dfd9580, 0x0000019d8dfd9a08]
Event: 24.047 Thread 0x0000019da265b000 9535       1       org.jetbrains.kotlin.com.intellij.psi.impl.file.PsiBinaryFileImpl::getManager (5 bytes)
Event: 24.047 Thread 0x0000019da265b000 nmethod 9535 0x0000019d93ec8b90 code [0x0000019d93ec8d40, 0x0000019d93ec8df8]
Event: 24.047 Thread 0x0000019da265b000 9536       1       org.jetbrains.kotlin.load.java.lazy.descriptors.LazyJavaAnnotationDescriptor::isFreshlySupportedTypeUseAnnotation (5 bytes)
Event: 24.047 Thread 0x0000019da265b000 nmethod 9536 0x0000019d93ec8e90 code [0x0000019d93ec9040, 0x0000019d93ec90f8]

GC Heap History (20 events):
Event: 1.055 GC heap after
{Heap after GC invocations=1 (full 0):
 garbage-first heap   total 131072K, used 5239K [0x0000000081400000, 0x0000000100000000)
  region size 1024K, 2 young (2048K), 2 survivors (2048K)
 Metaspace       used 9811K, capacity 9906K, committed 10112K, reserved 1058816K
  class space    used 825K, capacity 853K, committed 896K, reserved 1048576K
}
Event: 3.122 GC heap before
{Heap before GC invocations=1 (full 0):
 garbage-first heap   total 131072K, used 51319K [0x0000000081400000, 0x0000000100000000)
  region size 1024K, 48 young (49152K), 2 survivors (2048K)
 Metaspace       used 20929K, capacity 21203K, committed 21248K, reserved 1069056K
  class space    used 2191K, capacity 2283K, committed 2304K, reserved 1048576K
}
Event: 3.142 GC heap after
{Heap after GC invocations=2 (full 0):
 garbage-first heap   total 131072K, used 9298K [0x0000000081400000, 0x0000000100000000)
  region size 1024K, 6 young (6144K), 6 survivors (6144K)
 Metaspace       used 20929K, capacity 21203K, committed 21248K, reserved 1069056K
  class space    used 2191K, capacity 2283K, committed 2304K, reserved 1048576K
}
Event: 5.281 GC heap before
{Heap before GC invocations=3 (full 0):
 garbage-first heap   total 131072K, used 77906K [0x0000000081400000, 0x0000000100000000)
  region size 1024K, 54 young (55296K), 6 survivors (6144K)
 Metaspace       used 31045K, capacity 31562K, committed 31872K, reserved 1077248K
  class space    used 3652K, capacity 3881K, committed 3968K, reserved 1048576K
}
Event: 5.307 GC heap after
{Heap after GC invocations=4 (full 0):
 garbage-first heap   total 131072K, used 23627K [0x0000000081400000, 0x0000000100000000)
  region size 1024K, 7 young (7168K), 7 survivors (7168K)
 Metaspace       used 31045K, capacity 31562K, committed 31872K, reserved 1077248K
  class space    used 3652K, capacity 3881K, committed 3968K, reserved 1048576K
}
Event: 6.904 GC heap before
{Heap before GC invocations=4 (full 0):
 garbage-first heap   total 131072K, used 73803K [0x0000000081400000, 0x0000000100000000)
  region size 1024K, 55 young (56320K), 7 survivors (7168K)
 Metaspace       used 34840K, capacity 35370K, committed 35456K, reserved 1081344K
  class space    used 4254K, capacity 4463K, committed 4480K, reserved 1048576K
}
Event: 6.933 GC heap after
{Heap after GC invocations=5 (full 0):
 garbage-first heap   total 131072K, used 26858K [0x0000000081400000, 0x0000000100000000)
  region size 1024K, 7 young (7168K), 7 survivors (7168K)
 Metaspace       used 34840K, capacity 35370K, committed 35456K, reserved 1081344K
  class space    used 4254K, capacity 4463K, committed 4480K, reserved 1048576K
}
Event: 6.970 GC heap before
{Heap before GC invocations=5 (full 0):
 garbage-first heap   total 131072K, used 27882K [0x0000000081400000, 0x0000000100000000)
  region size 1024K, 8 young (8192K), 7 survivors (7168K)
 Metaspace       used 35170K, capacity 35658K, committed 35840K, reserved 1081344K
  class space    used 4291K, capacity 4495K, committed 4608K, reserved 1048576K
}
Event: 6.986 GC heap after
{Heap after GC invocations=6 (full 0):
 garbage-first heap   total 157696K, used 28469K [0x0000000081400000, 0x0000000100000000)
  region size 1024K, 1 young (1024K), 1 survivors (1024K)
 Metaspace       used 35170K, capacity 35658K, committed 35840K, reserved 1081344K
  class space    used 4291K, capacity 4495K, committed 4608K, reserved 1048576K
}
Event: 6.989 GC heap before
{Heap before GC invocations=6 (full 0):
 garbage-first heap   total 157696K, used 28469K [0x0000000081400000, 0x0000000100000000)
  region size 1024K, 2 young (2048K), 1 survivors (1024K)
 Metaspace       used 35188K, capacity 35658K, committed 35840K, reserved 1081344K
  class space    used 4293K, capacity 4495K, committed 4608K, reserved 1048576K
}
Event: 6.990 GC heap after
{Heap after GC invocations=7 (full 0):
 garbage-first heap   total 157696K, used 27777K [0x0000000081400000, 0x0000000100000000)
  region size 1024K, 1 young (1024K), 1 survivors (1024K)
 Metaspace       used 35188K, capacity 35658K, committed 35840K, reserved 1081344K
  class space    used 4293K, capacity 4495K, committed 4608K, reserved 1048576K
}
Event: 8.880 GC heap before
{Heap before GC invocations=8 (full 0):
 garbage-first heap   total 157696K, used 85121K [0x0000000081400000, 0x0000000100000000)
  region size 1024K, 47 young (48128K), 1 survivors (1024K)
 Metaspace       used 43844K, capacity 44402K, committed 44672K, reserved 1089536K
  class space    used 5147K, capacity 5378K, committed 5504K, reserved 1048576K
}
Event: 8.890 GC heap after
{Heap after GC invocations=9 (full 0):
 garbage-first heap   total 157696K, used 33799K [0x0000000081400000, 0x0000000100000000)
  region size 1024K, 6 young (6144K), 6 survivors (6144K)
 Metaspace       used 43844K, capacity 44402K, committed 44672K, reserved 1089536K
  class space    used 5147K, capacity 5378K, committed 5504K, reserved 1048576K
}
Event: 12.085 GC heap before
{Heap before GC invocations=10 (full 0):
 garbage-first heap   total 157696K, used 90119K [0x0000000081400000, 0x0000000100000000)
  region size 1024K, 56 young (57344K), 6 survivors (6144K)
 Metaspace       used 54046K, capacity 54794K, committed 55040K, reserved 1097728K
  class space    used 6314K, capacity 6615K, committed 6656K, reserved 1048576K
}
Event: 12.102 GC heap after
{Heap after GC invocations=11 (full 0):
 garbage-first heap   total 157696K, used 45219K [0x0000000081400000, 0x0000000100000000)
  region size 1024K, 7 young (7168K), 7 survivors (7168K)
 Metaspace       used 54046K, capacity 54794K, committed 55040K, reserved 1097728K
  class space    used 6314K, capacity 6615K, committed 6656K, reserved 1048576K
}
Event: 15.296 GC heap before
{Heap before GC invocations=11 (full 0):
 garbage-first heap   total 157696K, used 100515K [0x0000000081400000, 0x0000000100000000)
  region size 1024K, 61 young (62464K), 7 survivors (7168K)
 Metaspace       used 56424K, capacity 57226K, committed 57472K, reserved 1099776K
  class space    used 6418K, capacity 6735K, committed 6784K, reserved 1048576K
}
Event: 15.317 GC heap after
{Heap after GC invocations=12 (full 0):
 garbage-first heap   total 157696K, used 49876K [0x0000000081400000, 0x0000000100000000)
  region size 1024K, 6 young (6144K), 6 survivors (6144K)
 Metaspace       used 56424K, capacity 57226K, committed 57472K, reserved 1099776K
  class space    used 6418K, capacity 6735K, committed 6784K, reserved 1048576K
}
Event: 19.369 GC heap before
{Heap before GC invocations=12 (full 0):
 garbage-first heap   total 157696K, used 110292K [0x0000000081400000, 0x0000000100000000)
  region size 1024K, 64 young (65536K), 6 survivors (6144K)
 Metaspace       used 60752K, capacity 61570K, committed 61696K, reserved 1103872K
  class space    used 6769K, capacity 7087K, committed 7168K, reserved 1048576K
}
Event: 19.397 GC heap after
{Heap after GC invocations=13 (full 0):
 garbage-first heap   total 157696K, used 57974K [0x0000000081400000, 0x0000000100000000)
  region size 1024K, 7 young (7168K), 7 survivors (7168K)
 Metaspace       used 60752K, capacity 61570K, committed 61696K, reserved 1103872K
  class space    used 6769K, capacity 7087K, committed 7168K, reserved 1048576K
}
Event: 24.049 GC heap before
{Heap before GC invocations=13 (full 0):
 garbage-first heap   total 157696K, used 113270K [0x0000000081400000, 0x0000000100000000)
  region size 1024K, 61 young (62464K), 7 survivors (7168K)
 Metaspace       used 63039K, capacity 63889K, committed 64128K, reserved 1105920K
  class space    used 6892K, capacity 7236K, committed 7296K, reserved 1048576K
}

Deoptimization events (20 events):
Event: 23.235 Thread 0x0000019d81f31000 Uncommon trap: trap_request=0xffffffde fr.pc=0x0000019d93d3495c relative=0x00000000000004fc
Event: 23.235 Thread 0x0000019d81f31000 Uncommon trap: reason=class_check action=maybe_recompile pc=0x0000019d93d3495c method=org.jetbrains.kotlin.types.ClassifierBasedTypeConstructor.equals(Ljava/lang/Object;)Z @ 38 c2
Event: 23.235 Thread 0x0000019d81f31000 DEOPT PACKING pc=0x0000019d93d3495c sp=0x0000000a987f4b50
Event: 23.235 Thread 0x0000019d81f31000 DEOPT UNPACKING pc=0x0000019d8befa1af sp=0x0000000a987f4ad0 mode 2
Event: 23.240 Thread 0x0000019d81f31000 Uncommon trap: trap_request=0xffffffde fr.pc=0x0000019d93d3495c relative=0x00000000000004fc
Event: 23.240 Thread 0x0000019d81f31000 Uncommon trap: reason=class_check action=maybe_recompile pc=0x0000019d93d3495c method=org.jetbrains.kotlin.types.ClassifierBasedTypeConstructor.equals(Ljava/lang/Object;)Z @ 38 c2
Event: 23.240 Thread 0x0000019d81f31000 DEOPT PACKING pc=0x0000019d93d3495c sp=0x0000000a987f54e0
Event: 23.240 Thread 0x0000019d81f31000 DEOPT UNPACKING pc=0x0000019d8befa1af sp=0x0000000a987f5460 mode 2
Event: 23.466 Thread 0x0000019d81f31000 Uncommon trap: trap_request=0xffffff4d fr.pc=0x0000019d93e40088 relative=0x0000000000003ee8
Event: 23.466 Thread 0x0000019d81f31000 Uncommon trap: reason=unstable_if action=reinterpret pc=0x0000019d93e40088 method=org.jetbrains.kotlin.types.checker.ClassicTypeSystemContext$DefaultImpls.typeDepth(Lorg/jetbrains/kotlin/types/checker/ClassicTypeSystemContext;Lorg/jetbrains/kotlin/types/m
Event: 23.466 Thread 0x0000019d81f31000 DEOPT PACKING pc=0x0000019d93e40088 sp=0x0000000a987f6c90
Event: 23.466 Thread 0x0000019d81f31000 DEOPT UNPACKING pc=0x0000019d8befa1af sp=0x0000000a987f6c68 mode 2
Event: 23.923 Thread 0x0000019d81f31000 Uncommon trap: trap_request=0xffffffde fr.pc=0x0000019d93d51454 relative=0x0000000000000274
Event: 23.923 Thread 0x0000019d81f31000 Uncommon trap: reason=class_check action=maybe_recompile pc=0x0000019d93d51454 method=org.jetbrains.kotlin.com.intellij.openapi.util.UserDataHolderBase.putUserData(Lorg/jetbrains/kotlin/com/intellij/openapi/util/Key;Ljava/lang/Object;)V @ 19 c2
Event: 23.923 Thread 0x0000019d81f31000 DEOPT PACKING pc=0x0000019d93d51454 sp=0x0000000a987fbc60
Event: 23.923 Thread 0x0000019d81f31000 DEOPT UNPACKING pc=0x0000019d8befa1af sp=0x0000000a987fbc38 mode 2
Event: 23.923 Thread 0x0000019d81f31000 Uncommon trap: trap_request=0xffffffde fr.pc=0x0000019d93d51454 relative=0x0000000000000274
Event: 23.923 Thread 0x0000019d81f31000 Uncommon trap: reason=class_check action=maybe_recompile pc=0x0000019d93d51454 method=org.jetbrains.kotlin.com.intellij.openapi.util.UserDataHolderBase.putUserData(Lorg/jetbrains/kotlin/com/intellij/openapi/util/Key;Ljava/lang/Object;)V @ 19 c2
Event: 23.923 Thread 0x0000019d81f31000 DEOPT PACKING pc=0x0000019d93d51454 sp=0x0000000a987fbce0
Event: 23.923 Thread 0x0000019d81f31000 DEOPT UNPACKING pc=0x0000019d8befa1af sp=0x0000000a987fbcb8 mode 2

Classes redefined (0 events):
No events

Internal exceptions (20 events):
Event: 11.109 Thread 0x0000019d81f31000 Exception <a 'java/lang/NoSuchMethodError'{0x00000000894d3510}: 'java.lang.Object java.lang.invoke.DirectMethodHandle$Holder.invokeSpecial(java.lang.Object, java.lang.Object, java.lang.Object, java.lang.Object, java.lang.Object, int)'> (0x00000000894d3510) thrown at [./src/hotspot/share/interpreter/linkResolver.cpp, line 773]
Event: 11.111 Thread 0x0000019d81f31000 Exception <a 'java/lang/NoSuchMethodError'{0x00000000894d7358}: 'java.lang.Object java.lang.invoke.Invokers$Holder.linkToTargetMethod(java.lang.Object, java.lang.Object, java.lang.Object, int, java.lang.Object)'> (0x00000000894d7358) thrown at [./src/hotspot/share/interpreter/linkResolver.cpp, line 773]
Event: 12.904 Thread 0x0000019d81f31000 Exception <a 'java/lang/NoSuchMethodError'{0x000000008937ae50}: 'java.lang.Object java.lang.invoke.DirectMethodHandle$Holder.invokeSpecial(java.lang.Object, java.lang.Object, java.lang.Object, java.lang.Object, java.lang.Object, java.lang.Object, java.lang.Object, java.lang.Object, java.lang.Object)'> (0x000000008937ae50) thrown at [./src/hotspot/share/interpreter/linkResolver.cpp, line 773]
Event: 12.904 Thread 0x0000019d81f31000 Exception <a 'java/lang/NoSuchMethodError'{0x000000008937f048}: 'java.lang.Object java.lang.invoke.Invokers$Holder.linkToTargetMethod(java.lang.Object, java.lang.Object, java.lang.Object, java.lang.Object, java.lang.Object, java.lang.Object, java.lang.Object, java.lang.Object)'> (0x000000008937f048) thrown at [./src/hotspot/share/interpreter/linkResolver.cpp, line 773]
Event: 13.362 Thread 0x0000019d81f31000 Implicit null exception at 0x0000019d93be84d5 to 0x0000019d93be9030
Event: 13.363 Thread 0x0000019d81f31000 Implicit null exception at 0x0000019d93be192f to 0x0000019d93be195c
Event: 13.491 Thread 0x0000019d81f31000 Exception <a 'java/lang/NoSuchMethodError'{0x0000000088da4a88}: 'java.lang.Object java.lang.invoke.DirectMethodHandle$Holder.invokeStaticInit(java.lang.Object, java.lang.Object, java.lang.Object)'> (0x0000000088da4a88) thrown at [./src/hotspot/share/interpreter/linkResolver.cpp, line 773]
Event: 13.524 Thread 0x0000019d81f31000 Exception <a 'java/lang/NoSuchMethodError'{0x0000000088dd9758}: 'java.lang.Object java.lang.invoke.DirectMethodHandle$Holder.invokeStatic(java.lang.Object, int, java.lang.Object, java.lang.Object)'> (0x0000000088dd9758) thrown at [./src/hotspot/share/interpreter/linkResolver.cpp, line 773]
Event: 13.525 Thread 0x0000019d81f31000 Exception <a 'java/lang/NoSuchMethodError'{0x0000000088de1570}: 'java.lang.Object java.lang.invoke.DirectMethodHandle$Holder.invokeStatic(java.lang.Object, int, java.lang.Object)'> (0x0000000088de1570) thrown at [./src/hotspot/share/interpreter/linkResolver.cpp, line 773]
Event: 13.527 Thread 0x0000019d81f31000 Exception <a 'java/lang/NoSuchMethodError'{0x0000000088de7b40}: 'int java.lang.invoke.DirectMethodHandle$Holder.invokeInterface(java.lang.Object, java.lang.Object)'> (0x0000000088de7b40) thrown at [./src/hotspot/share/interpreter/linkResolver.cpp, line 773]
Event: 15.816 Thread 0x0000019d81f31000 Exception <a 'java/lang/NoSuchMethodError'{0x0000000089e51ac0}: 'java.lang.Object java.lang.invoke.Invokers$Holder.linkToTargetMethod(java.lang.Object, java.lang.Object, java.lang.Object, java.lang.Object, java.lang.Object, java.lang.Object)'> (0x0000000089e51ac0) thrown at [./src/hotspot/share/interpreter/linkResolver.cpp, line 773]
Event: 15.930 Thread 0x0000019d81f31000 Implicit null exception at 0x0000019d939cb0de to 0x0000019d939cb84a
Event: 15.930 Thread 0x0000019d81f31000 Implicit null exception at 0x0000019d939aa2af to 0x0000019d939aa31d
Event: 16.009 Thread 0x0000019d81f31000 Implicit null exception at 0x0000019d93c81c3b to 0x0000019d93c854ec
Event: 17.660 Thread 0x0000019d81f31000 Exception <a 'java/lang/NoSuchMethodError'{0x00000000889d7a88}: 'java.lang.Object java.lang.invoke.Invokers$Holder.linkToTargetMethod(java.lang.Object, java.lang.Object, java.lang.Object, java.lang.Object, java.lang.Object, java.lang.Object, java.lang.Object)'> (0x00000000889d7a88) thrown at [./src/hotspot/share/interpreter/linkResolver.cpp, line 773]
Event: 17.809 Thread 0x0000019d81f31000 Exception <a 'java/lang/NoSuchMethodError'{0x000000008871d5b8}: 'java.lang.Object java.lang.invoke.DirectMethodHandle$Holder.invokeInterface(java.lang.Object, java.lang.Object, java.lang.Object)'> (0x000000008871d5b8) thrown at [./src/hotspot/share/interpreter/linkResolver.cpp, line 773]
Event: 17.810 Thread 0x0000019d81f31000 Exception <a 'java/lang/IncompatibleClassChangeError'{0x0000000088720a90}: Found class java.lang.Object, but interface was expected> (0x0000000088720a90) thrown at [./src/hotspot/share/interpreter/linkResolver.cpp, line 839]
Event: 18.458 Thread 0x0000019d81f31000 Implicit null exception at 0x0000019d93d17af4 to 0x0000019d93d180fc
Event: 19.484 Thread 0x0000019d81f31000 Exception <a 'java/lang/NoSuchMethodError'{0x000000008aba7d30}: 'java.lang.Object java.lang.invoke.Invokers$Holder.linkToTargetMethod(java.lang.Object, java.lang.Object, java.lang.Object, int, int, java.lang.Object)'> (0x000000008aba7d30) thrown at [./src/hotspot/share/interpreter/linkResolver.cpp, line 773]
Event: 19.645 Thread 0x0000019d81f31000 Exception <a 'java/lang/NoSuchMethodError'{0x000000008a833dc0}: 'int java.lang.invoke.DirectMethodHandle$Holder.invokeStaticInit(java.lang.Object, int)'> (0x000000008a833dc0) thrown at [./src/hotspot/share/interpreter/linkResolver.cpp, line 773]

Events (20 events):
Event: 23.880 loading class org/jetbrains/kotlin/types/expressions/PatternMatchingTypingVisitor$checkWhenCondition$1 done
Event: 23.881 loading class org/jetbrains/kotlin/types/expressions/PatternMatchingTypingVisitor$Subject$None
Event: 23.881 loading class org/jetbrains/kotlin/types/expressions/PatternMatchingTypingVisitor$Subject$None done
Event: 23.885 loading class org/jetbrains/kotlin/com/intellij/psi/impl/source/codeStyle/CodeEditUtil
Event: 23.885 loading class org/jetbrains/kotlin/com/intellij/psi/impl/source/codeStyle/CodeEditUtil done
Event: 23.925 loading class org/jetbrains/kotlin/types/expressions/PatternMatchingTypingVisitor$inferTypeForWhenExpression$resolvedCall$1
Event: 23.925 loading class org/jetbrains/kotlin/types/expressions/PatternMatchingTypingVisitor$inferTypeForWhenExpression$resolvedCall$1 done
Event: 23.926 loading class java/util/Collections$CopiesList
Event: 23.943 loading class java/util/Collections$CopiesList done
Event: 23.946 loading class org/jetbrains/kotlin/resolve/calls/tower/MemberScopeTowerLevel$collectMembers$3
Event: 23.946 loading class org/jetbrains/kotlin/resolve/calls/tower/MemberScopeTowerLevel$collectMembers$3 done
Event: 23.947 loading class org/jetbrains/kotlin/resolve/OverridingUtilsKt
Event: 23.947 loading class org/jetbrains/kotlin/resolve/OverridingUtilsKt done
Event: 23.956 loading class org/jetbrains/kotlin/resolve/calls/model/SmartCastDiagnostic
Event: 23.956 loading class org/jetbrains/kotlin/resolve/calls/model/SmartCastDiagnostic done
Event: 23.962 loading class org/jetbrains/kotlin/resolve/calls/smartcasts/SingleSmartCast
Event: 23.962 loading class org/jetbrains/kotlin/resolve/calls/smartcasts/SingleSmartCast done
Event: 23.962 loading class org/jetbrains/kotlin/resolve/calls/smartcasts/ExplicitSmartCasts
Event: 23.962 loading class org/jetbrains/kotlin/resolve/calls/smartcasts/ExplicitSmartCasts done
Event: 24.048 Executing VM operation: G1CollectForAllocation


Dynamic libraries:
0x00007ff70e300000 - 0x00007ff70e30d000 	C:\Program Files\OpenJDK\openjdk-11.0.15_10\bin\java.exe
0x00007ff9caeb0000 - 0x00007ff9cb0a7000 	C:\WINDOWS\SYSTEM32\ntdll.dll
0x00007ff9cac10000 - 0x00007ff9caccd000 	C:\WINDOWS\System32\KERNEL32.DLL
0x00007ff9c8810000 - 0x00007ff9c8add000 	C:\WINDOWS\System32\KERNELBASE.dll
0x00007ff9c8c80000 - 0x00007ff9c8d80000 	C:\WINDOWS\System32\ucrtbase.dll
0x00007ff9a56f0000 - 0x00007ff9a5706000 	C:\Program Files\OpenJDK\openjdk-11.0.15_10\bin\VCRUNTIME140.dll
0x00007ff9a5610000 - 0x00007ff9a5628000 	C:\Program Files\OpenJDK\openjdk-11.0.15_10\bin\jli.dll
0x00007ff9c9d10000 - 0x00007ff9c9eb0000 	C:\WINDOWS\System32\USER32.dll
0x00007ff9b8a90000 - 0x00007ff9b8d2a000 	C:\WINDOWS\WinSxS\amd64_microsoft.windows.common-controls_6595b64144ccf1df_6.0.19041.1110_none_60b5254171f9507e\COMCTL32.dll
0x00007ff9c8680000 - 0x00007ff9c86a2000 	C:\WINDOWS\System32\win32u.dll
0x00007ff9ca2c0000 - 0x00007ff9ca2ea000 	C:\WINDOWS\System32\GDI32.dll
0x00007ff9ca2f0000 - 0x00007ff9ca38e000 	C:\WINDOWS\System32\msvcrt.dll
0x00007ff9c8ae0000 - 0x00007ff9c8beb000 	C:\WINDOWS\System32\gdi32full.dll
0x00007ff9c8720000 - 0x00007ff9c87bd000 	C:\WINDOWS\System32\msvcp_win.dll
0x00007ff9c8f10000 - 0x00007ff9c8f40000 	C:\WINDOWS\System32\IMM32.DLL
0x00007ff989b40000 - 0x00007ff989bea000 	C:\Program Files\OpenJDK\openjdk-11.0.15_10\bin\msvcp140.dll
0x00007ff978240000 - 0x00007ff978d91000 	C:\Program Files\OpenJDK\openjdk-11.0.15_10\bin\server\jvm.dll
0x00007ff9c9560000 - 0x00007ff9c960e000 	C:\WINDOWS\System32\ADVAPI32.dll
0x00007ff9ca080000 - 0x00007ff9ca11c000 	C:\WINDOWS\System32\sechost.dll
0x00007ff9c9b30000 - 0x00007ff9c9c55000 	C:\WINDOWS\System32\RPCRT4.dll
0x00007ff9c9f10000 - 0x00007ff9c9f18000 	C:\WINDOWS\System32\PSAPI.DLL
0x00007ff9c02a0000 - 0x00007ff9c02a9000 	C:\WINDOWS\SYSTEM32\WSOCK32.dll
0x00007ff9cacd0000 - 0x00007ff9cad3b000 	C:\WINDOWS\System32\WS2_32.dll
0x00007ff9bb4b0000 - 0x00007ff9bb4d7000 	C:\WINDOWS\SYSTEM32\WINMM.dll
0x00007ff9bf190000 - 0x00007ff9bf19a000 	C:\WINDOWS\SYSTEM32\VERSION.dll
0x00007ff9c6eb0000 - 0x00007ff9c6ec2000 	C:\WINDOWS\SYSTEM32\kernel.appcore.dll
0x00007ff9a51a0000 - 0x00007ff9a51b1000 	C:\Program Files\OpenJDK\openjdk-11.0.15_10\bin\verify.dll
0x00007ff9c6b70000 - 0x00007ff9c6d54000 	C:\WINDOWS\SYSTEM32\DBGHELP.DLL
0x00007ff9c25c0000 - 0x00007ff9c25ec000 	C:\WINDOWS\SYSTEM32\dbgcore.DLL
0x00007ff9c8bf0000 - 0x00007ff9c8c72000 	C:\WINDOWS\System32\bcryptPrimitives.dll
0x00007ff9a5170000 - 0x00007ff9a5199000 	C:\Program Files\OpenJDK\openjdk-11.0.15_10\bin\java.dll
0x00007ff9a9a10000 - 0x00007ff9a9a1a000 	C:\Program Files\OpenJDK\openjdk-11.0.15_10\bin\jimage.dll
0x00007ff9a3bf0000 - 0x00007ff9a3c08000 	C:\Program Files\OpenJDK\openjdk-11.0.15_10\bin\zip.dll
0x00007ff9ca440000 - 0x00007ff9cab84000 	C:\WINDOWS\System32\SHELL32.dll
0x00007ff9c63d0000 - 0x00007ff9c6b64000 	C:\WINDOWS\SYSTEM32\windows.storage.dll
0x00007ff9c9690000 - 0x00007ff9c99e4000 	C:\WINDOWS\System32\combase.dll
0x00007ff9c8030000 - 0x00007ff9c805c000 	C:\WINDOWS\SYSTEM32\Wldp.dll
0x00007ff9ca390000 - 0x00007ff9ca43d000 	C:\WINDOWS\System32\SHCORE.dll
0x00007ff9c9eb0000 - 0x00007ff9c9f05000 	C:\WINDOWS\System32\shlwapi.dll
0x00007ff9c8510000 - 0x00007ff9c852f000 	C:\WINDOWS\SYSTEM32\profapi.dll
0x00007ff9a3bd0000 - 0x00007ff9a3be9000 	C:\Program Files\OpenJDK\openjdk-11.0.15_10\bin\net.dll
0x00007ff9c00d0000 - 0x00007ff9c01da000 	C:\WINDOWS\SYSTEM32\WINHTTP.dll
0x00007ff9c7d90000 - 0x00007ff9c7dfa000 	C:\WINDOWS\system32\mswsock.dll
0x00007ff9a31a0000 - 0x00007ff9a31b3000 	C:\Program Files\OpenJDK\openjdk-11.0.15_10\bin\nio.dll

dbghelp: loaded successfully - version: 4.0.5 - missing functions: none
symbol engine: initialized successfully - sym options: 0x614 - pdb path: .;C:\Program Files\OpenJDK\openjdk-11.0.15_10\bin;C:\WINDOWS\SYSTEM32;C:\WINDOWS\WinSxS\amd64_microsoft.windows.common-controls_6595b64144ccf1df_6.0.19041.1110_none_60b5254171f9507e;C:\Program Files\OpenJDK\openjdk-11.0.15_10\bin\server

VM Arguments:
java_command: org.jetbrains.kotlin.cli.jvm.K2JVMCompiler @C:\Users\Tom\Documents\Programmation\React Native\projectRNcli\node_modules\react-native-gradle-plugin\build\20220703_13941986044592998439.compiler.options
java_class_path (initial): C:\Users\Tom\.gradle\caches\modules-2\files-2.1\org.jetbrains.kotlin\kotlin-compiler-embeddable\1.6.10\88f2073f4020cdb83132cfe940ceb9a60aba54ea\kotlin-compiler-embeddable-1.6.10.jar;C:\Users\Tom\.gradle\caches\modules-2\files-2.1\org.jetbrains.kotlin\kotlin-reflect\1.6.10\1cbe9c92c12a94eea200d23c2bbaedaf3daf5132\kotlin-reflect-1.6.10.jar;C:\Users\Tom\.gradle\caches\modules-2\files-2.1\org.jetbrains.kotlin\kotlin-stdlib\1.6.10\b8af3fe6f1ca88526914929add63cf5e7c5049af\kotlin-stdlib-1.6.10.jar;C:\Users\Tom\.gradle\caches\modules-2\files-2.1\org.jetbrains.kotlin\kotlin-script-runtime\1.6.10\d0a7ff2e2500ef497ed0214ae40ad3c8387a6164\kotlin-script-runtime-1.6.10.jar;C:\Users\Tom\.gradle\caches\modules-2\files-2.1\org.jetbrains.kotlin\kotlin-daemon-embeddable\1.6.10\a56d79bcbea411fa6058e4ecffc2de73e742bd2a\kotlin-daemon-embeddable-1.6.10.jar;C:\Users\Tom\.gradle\caches\modules-2\files-2.1\org.jetbrains.intellij.deps\trove4j\1.0.20181211\216c2e14b070f334479d800987affe4054cd563f\trove4j-1.0.20181211.jar;C:\Users\Tom\.gradle\caches\modules-2\files-2.1\net.java.dev.jna\jna\5.6.0\330f2244e9030119ab3030fc3fededc86713d9cc\jna-5.6.0.jar;C:\Users\Tom\.gradle\caches\modules-2\files-2.1\org.jetbrains\annotations\13.0\919f0dfe192fb4e063e7dacadee7f8bb9a2672a9\annotations-13.0.jar;C:\Users\Tom\.gradle\caches\modules-2\files-2.1\org.jetbrains.kotlin\kotlin-stdlib-common\1.6.10\c118700e3a33c8a0d9adc920e9dec0831171925\kotlin-stdlib-common-1.6.10.jar
Launcher Type: SUN_STANDARD

[Global flags]
     intx CICompilerCount                          = 3                                         {product} {ergonomic}
     uint ConcGCThreads                            = 1                                         {product} {ergonomic}
     uint G1ConcRefinementThreads                  = 4                                         {product} {ergonomic}
   size_t G1HeapRegionSize                         = 1048576                                   {product} {ergonomic}
    uintx GCDrainStackTargetSize                   = 64                                        {product} {ergonomic}
   size_t InitialHeapSize                          = 134217728                                 {product} {ergonomic}
   size_t MarkStackSize                            = 4194304                                   {product} {ergonomic}
   size_t MaxHeapSize                              = 2126512128                                {product} {ergonomic}
   size_t MaxNewSize                               = 1275068416                                {product} {ergonomic}
   size_t MinHeapDeltaBytes                        = 1048576                                   {product} {ergonomic}
    uintx NonNMethodCodeHeapSize                   = 5830732                                {pd product} {ergonomic}
    uintx NonProfiledCodeHeapSize                  = 122913754                              {pd product} {ergonomic}
    uintx ProfiledCodeHeapSize                     = 122913754                              {pd product} {ergonomic}
    uintx ReservedCodeCacheSize                    = 251658240                              {pd product} {ergonomic}
     bool SegmentedCodeCache                       = true                                      {product} {ergonomic}
     bool UseCompressedClassPointers               = true                                 {lp64_product} {ergonomic}
     bool UseCompressedOops                        = true                                 {lp64_product} {ergonomic}
     bool UseG1GC                                  = true                                      {product} {ergonomic}
     bool UseLargePagesIndividualAllocation        = false                                  {pd product} {ergonomic}

Logging:
Log output configuration:
 #0: stdout all=warning uptime,level,tags
 #1: stderr all=off uptime,level,tags

Environment Variables:
JAVA_HOME=C:\Program Files\OpenJDK\openjdk-11.0.15_10
CLASSPATH=C:\Users\Tom\Documents\Programmation\React Native\projectRNcli\android\\gradle\wrapper\gradle-wrapper.jar
PATH=C:\Users\Tom\Documents\Programmation\React Native\projectRNcli\android\node_modules\.bin;C:\Users\Tom\Documents\Programmation\React Native\projectRNcli\node_modules\.bin;C:\Users\Tom\Documents\Programmation\React Native\node_modules\.bin;C:\Users\Tom\Documents\Programmation\node_modules\.bin;C:\Users\Tom\Documents\node_modules\.bin;C:\Users\Tom\node_modules\.bin;C:\Users\node_modules\.bin;C:\node_modules\.bin;C:\Program Files\nodejs;C:\Users\Tom\Documents\Programmation\React Native\projectRNcli\node_modules\.bin;C:\Users\Tom\Documents\Programmation\React Native\node_modules\.bin;C:\Users\Tom\Documents\Programmation\node_modules\.bin;C:\Users\Tom\Documents\node_modules\.bin;C:\Users\Tom\node_modules\.bin;C:\Users\node_modules\.bin;C:\node_modules\.bin;C:\Program Files\nodejs\node_modules\npm\node_modules\@npmcli\run-script\lib\node-gyp-bin;C:\Python310\Scripts\;C:\Python310\;C:\Program Files\Common Files\Oracle\Java\javapath;C:\Program Files (x86)\Intel\Intel(R) Management Engine Components\iCLS\;C:\Program Files\Intel\Intel(R) Management Engine Components\iCLS\;C:\windows\system32;C:\windows;C:\windows\System32\Wbem;C:\windows\System32\WindowsPowerShell\v1.0\;C:\Program Files (x86)\Intel\Intel(R) Management Engine Components\DAL;C:\Program Files\Intel\Intel(R) Management Engine Components\DAL;C:\Program Files (x86)\Intel\Intel(R) Management Engine Components\IPT;C:\Program Files\Intel\Intel(R) Management Engine Components\IPT;C:\Program Files (x86)\NVIDIA Corporation\PhysX\Common;C:\WINDOWS\system32;C:\WINDOWS;C:\WINDOWS\System32\Wbem;C:\WINDOWS\System32\WindowsPowerShell\v1.0\;C:\WINDOWS\System32\OpenSSH\;C:\Program Files\Microchip\xc8\v2.36\bin;C:\ProgramData\chocolatey\bin;C:\Program Files\OpenJDK\openjdk-11.0.15_10\bin;C:\Program Files\nodejs\;C:\Users\Tom\AppData\Local\Microsoft\WindowsApps;C:\Users\Tom\AppData\Local\Programs\Microsoft VS Code\bin;C:\Users\Tom\AppData\Local\Android\Sdk\platform-tools;C:\Users\Tom\AppData\Roaming\npm;C:\Users\Tom\Documents\Pro
USERNAME=Tom
LANG=en_GB.UTF-8
OS=Windows_NT
PROCESSOR_IDENTIFIER=Intel64 Family 6 Model 142 Stepping 10, GenuineIntel



---------------  S Y S T E M  ---------------

OS: Windows 10 , 64 bit Build 19041 (10.0.19041.1741)
OS uptime: 0 days 3:59 hours

CPU:total 4 (initial active 4) (2 cores per cpu, 2 threads per core) family 6 model 142 stepping 10 microcode 0xb4, cmov, cx8, fxsr, mmx, sse, sse2, sse3, ssse3, sse4.1, sse4.2, popcnt, avx, avx2, aes, clmul, erms, 3dnowpref, lzcnt, ht, tsc, tscinvbit, bmi1, bmi2, adx, fma

Memory: 4k page, system-wide physical 8107M (385M free)
TotalPageFile size 8107M (AvailPageFile size 18M)
current process WorkingSet (physical memory assigned to process): 330M, peak: 337M
current process commit charge ("private bytes"): 372M, peak: 403M

vm_info: OpenJDK 64-Bit Server VM (11.0.15+10) for windows-amd64 JRE (11.0.15+10), built on Apr 21 2022 21:29:46 by "tester" with MS VC++ 15.5 (VS2017)

END.
