#
# There is insufficient memory for the Java Runtime Environment to continue.
# Native memory allocation (malloc) failed to allocate 1048576 bytes for AllocateHeap
# Possible reasons:
#   The system is out of physical RAM or swap space
#   The process is running with CompressedOops enabled, and the Java Heap may be blocking the growth of the native heap
# Possible solutions:
#   Reduce memory load on the system
#   Increase physical memory or swap space
#   Check if swap backing store is full
#   Decrease Java heap size (-Xmx/-Xms)
#   Decrease number of Java threads
#   Decrease Java thread stack sizes (-Xss)
#   Set larger code cache with -XX:ReservedCodeCacheSize=
#   JVM is running with Unscaled Compressed Oops mode in which the Java heap is
#     placed in the first 4GB address space. The Java Heap base address is the
#     maximum limit for the native heap growth. Please use -XX:HeapBaseMinAddress
#     to set the Java Heap base and to place the Java Heap above 4GB virtual address.
# This output file may be truncated or incomplete.
#
#  Out of Memory Error (./src/hotspot/share/memory/allocation.cpp:46), pid=17924, tid=17076
#
# JRE version: OpenJDK Runtime Environment 18.9 (11.0.15+10) (build 11.0.15+10)
# Java VM: OpenJDK 64-Bit Server VM 18.9 (11.0.15+10, mixed mode, tiered, compressed oops, g1 gc, windows-amd64)
# No core dump will be written. Minidumps are not enabled by default on client versions of Windows
#

---------------  S U M M A R Y ------------

Command Line: -XX:MaxMetaspaceSize=512m --add-opens=java.base/java.util=ALL-UNNAMED --add-opens=java.base/java.lang=ALL-UNNAMED --add-opens=java.base/java.lang.invoke=ALL-UNNAMED --add-opens=java.base/java.util=ALL-UNNAMED --add-opens=java.prefs/java.util.prefs=ALL-UNNAMED --add-opens=java.prefs/java.util.prefs=ALL-UNNAMED --add-opens=java.base/java.nio.charset=ALL-UNNAMED --add-opens=java.base/java.net=ALL-UNNAMED --add-opens=java.base/java.util.concurrent.atomic=ALL-UNNAMED -Xmx2048m -Dfile.encoding=windows-1252 -Duser.country=GB -Duser.language=en -Duser.variant org.gradle.launcher.daemon.bootstrap.GradleDaemon 7.3.3

Host: Intel(R) Core(TM) i3-7020U CPU @ 2.30GHz, 4 cores, 7G,  Windows 10 , 64 bit Build 19041 (10.0.19041.1741)
Time: Sun Jul  3 16:37:18 2022 Romance Summer Time elapsed time: 158.131728 seconds (0d 0h 2m 38s)

---------------  T H R E A D  ---------------

Current thread (0x000001df58d02800):  VMThread "VM Thread" [stack: 0x00000087a6800000,0x00000087a6900000] [id=17076]

Stack: [0x00000087a6800000,0x00000087a6900000]
[error occurred during error reporting (printing stack bounds), id 0xc0000005, EXCEPTION_ACCESS_VIOLATION (0xc0000005) at pc=0x000001df42c6112d]

Native frames: (J=compiled Java code, j=interpreted, Vv=VM code, C=native code)
V  [jvm.dll+0x64dd3a]
V  [jvm.dll+0x7906c9]
V  [jvm.dll+0x791d9c]
V  [jvm.dll+0x7923c5]
V  [jvm.dll+0x79237b]
V  [jvm.dll+0x64cdd0]
V  [jvm.dll+0x64d4e8]
C  [ntdll.dll+0xa209f]
C  [ntdll.dll+0x51454]
C  [ntdll.dll+0xa0bce]
C  0x000001df42c6112d

VM_Operation (0x00000087aabf4ba0): CollectForMetadataAllocation, mode: safepoint, requested by thread 0x000001df5fa15800


---------------  P R O C E S S  ---------------

Threads class SMR info:
_java_thread_list=0x000001df63516b00, length=87, elements={
0x000001df3a503000, 0x000001df58d07000, 0x000001df58d54000, 0x000001df58d6d000,
0x000001df58d70800, 0x000001df58d73000, 0x000001df58d78800, 0x000001df58d7d000,
0x000001df58d88000, 0x000001df597dc800, 0x000001df5a289800, 0x000001df5a66d000,
0x000001df5a7a6800, 0x000001df5a4ed800, 0x000001df5a4a1800, 0x000001df5a4a2000,
0x000001df59d3a000, 0x000001df5ac0e000, 0x000001df5ada7000, 0x000001df5ae52800,
0x000001df5aba4800, 0x000001df5aba5800, 0x000001df5aba0800, 0x000001df5aba7000,
0x000001df5aba6800, 0x000001df5aba1800, 0x000001df5aba4000, 0x000001df5aba2000,
0x000001df5aba3000, 0x000001df5bad0000, 0x000001df5bad2800, 0x000001df5bad3800,
0x000001df5bad5000, 0x000001df5bacf800, 0x000001df5bad1800, 0x000001df5bad6000,
0x000001df5bad6800, 0x000001df5bad1000, 0x000001df5bad9000, 0x000001df5badc800,
0x000001df5bada800, 0x000001df5badd000, 0x000001df5badb800, 0x000001df5bada000,
0x000001df5bad7800, 0x000001df5bade000, 0x000001df5bad8800, 0x000001df5fa12800,
0x000001df5fa11800, 0x000001df5fa13800, 0x000001df5fa11000, 0x000001df5fa0d800,
0x000001df5fa0f000, 0x000001df5fa14000, 0x000001df5fa10000, 0x000001df5fa0e800,
0x000001df5fa15000, 0x000001df5fa1a000, 0x000001df5fa19000, 0x000001df5fa1a800,
0x000001df5fa16800, 0x000001df5fa17800, 0x000001df5fa18000, 0x000001df5fa1b800,
0x000001df5fa15800, 0x000001df5fa1c800, 0x000001df5b198000, 0x000001df5b19d800,
0x000001df5b19e800, 0x000001df5b19c000, 0x000001df5b19b000, 0x000001df5b199000,
0x000001df5b19f800, 0x000001df5b19d000, 0x000001df5b1a6000, 0x000001df5b1a5000,
0x000001df5b1a6800, 0x000001df5b1a1000, 0x000001df5b1a3800, 0x000001df5b1a1800,
0x000001df5b1a2800, 0x000001df5afd9000, 0x000001df5afd5000, 0x000001df5afd5800,
0x000001df5afd4000, 0x000001df5afda800, 0x000001df5afdb800
}

Java Threads: ( => current thread )
  0x000001df3a503000 JavaThread "main" [_thread_blocked, id=10844, stack(0x00000087a6200000,0x00000087a6300000)]
  0x000001df58d07000 JavaThread "Reference Handler" daemon [_thread_blocked, id=15868, stack(0x00000087a6900000,0x00000087a6a00000)]
  0x000001df58d54000 JavaThread "Finalizer" daemon [_thread_blocked, id=13304, stack(0x00000087a6a00000,0x00000087a6b00000)]
  0x000001df58d6d000 JavaThread "Signal Dispatcher" daemon [_thread_blocked, id=16380, stack(0x00000087a6b00000,0x00000087a6c00000)]
  0x000001df58d70800 JavaThread "Attach Listener" daemon [_thread_blocked, id=8360, stack(0x00000087a6c00000,0x00000087a6d00000)]
  0x000001df58d73000 JavaThread "Service Thread" daemon [_thread_blocked, id=17496, stack(0x00000087a6d00000,0x00000087a6e00000)]
  0x000001df58d78800 JavaThread "C2 CompilerThread0" daemon [_thread_blocked, id=14144, stack(0x00000087a6e00000,0x00000087a6f00000)]
  0x000001df58d7d000 JavaThread "C1 CompilerThread0" daemon [_thread_blocked, id=12544, stack(0x00000087a6f00000,0x00000087a7000000)]
  0x000001df58d88000 JavaThread "Sweeper thread" daemon [_thread_blocked, id=14964, stack(0x00000087a7000000,0x00000087a7100000)]
  0x000001df597dc800 JavaThread "Common-Cleaner" daemon [_thread_blocked, id=7960, stack(0x00000087a7100000,0x00000087a7200000)]
  0x000001df5a289800 JavaThread "Daemon health stats" [_thread_blocked, id=14332, stack(0x00000087a7500000,0x00000087a7600000)]
  0x000001df5a66d000 JavaThread "Incoming local TCP Connector on port 49933" [_thread_in_native, id=3368, stack(0x00000087a7600000,0x00000087a7700000)]
  0x000001df5a7a6800 JavaThread "Daemon periodic checks" [_thread_blocked, id=3844, stack(0x00000087a7700000,0x00000087a7800000)]
  0x000001df5a4ed800 JavaThread "Daemon" [_thread_blocked, id=15684, stack(0x00000087a7800000,0x00000087a7900000)]
  0x000001df5a4a1800 JavaThread "Handler for socket connection from /127.0.0.1:49933 to /127.0.0.1:49934" [_thread_in_native, id=5964, stack(0x00000087a7900000,0x00000087a7a00000)]
  0x000001df5a4a2000 JavaThread "Cancel handler" [_thread_blocked, id=10740, stack(0x00000087a7a00000,0x00000087a7b00000)]
  0x000001df59d3a000 JavaThread "Daemon worker" [_thread_blocked, id=13612, stack(0x00000087a7b00000,0x00000087a7c00000)]
  0x000001df5ac0e000 JavaThread "Asynchronous log dispatcher for DefaultDaemonConnection: socket connection from /127.0.0.1:49933 to /127.0.0.1:49934" [_thread_blocked, id=8872, stack(0x00000087a7c00000,0x00000087a7d00000)]
  0x000001df5ada7000 JavaThread "Stdin handler" [_thread_blocked, id=13960, stack(0x00000087a7d00000,0x00000087a7e00000)]
  0x000001df5ae52800 JavaThread "Daemon client event forwarder" [_thread_blocked, id=11332, stack(0x00000087a7e00000,0x00000087a7f00000)]
  0x000001df5aba4800 JavaThread "Cache worker for journal cache (C:\Users\Tom\.gradle\caches\journal-1)" [_thread_blocked, id=16284, stack(0x00000087a8000000,0x00000087a8100000)]
  0x000001df5aba5800 JavaThread "File lock request listener" [_thread_in_native, id=4320, stack(0x00000087a8100000,0x00000087a8200000)]
  0x000001df5aba0800 JavaThread "Cache worker for file hash cache (C:\Users\Tom\.gradle\caches\7.3.3\fileHashes)" [_thread_blocked, id=14812, stack(0x00000087a8200000,0x00000087a8300000)]
  0x000001df5aba7000 JavaThread "Cache worker for file hash cache (C:\Users\Tom\Documents\Programmation\React Native\projectRNcli\android\.gradle\7.3.3\fileHashes)" [_thread_blocked, id=5092, stack(0x00000087a8300000,0x00000087a8400000)]
  0x000001df5aba6800 JavaThread "File watcher server" daemon [_thread_blocked, id=16200, stack(0x00000087a8400000,0x00000087a8500000)]
  0x000001df5aba1800 JavaThread "File watcher consumer" daemon [_thread_blocked, id=17104, stack(0x00000087a8500000,0x00000087a8600000)]
  0x000001df5aba4000 JavaThread "Cache worker for checksums cache (C:\Users\Tom\Documents\Programmation\React Native\projectRNcli\android\.gradle\7.3.3\checksums)" [_thread_blocked, id=13700, stack(0x00000087a8600000,0x00000087a8700000)]
  0x000001df5aba2000 JavaThread "Cache worker for cache directory md-supplier (C:\Users\Tom\.gradle\caches\7.3.3\md-supplier)" [_thread_blocked, id=5660, stack(0x00000087a8700000,0x00000087a8800000)]
  0x000001df5aba3000 JavaThread "Cache worker for cache directory md-rule (C:\Users\Tom\.gradle\caches\7.3.3\md-rule)" [_thread_blocked, id=14952, stack(0x00000087a8800000,0x00000087a8900000)]
  0x000001df5bad0000 JavaThread "Cache worker for execution history cache (C:\Users\Tom\.gradle\caches\7.3.3\executionHistory)" [_thread_blocked, id=10340, stack(0x00000087a8900000,0x00000087a8a00000)]
  0x000001df5bad2800 JavaThread "jar transforms" [_thread_blocked, id=4388, stack(0x00000087a6100000,0x00000087a6200000)]
  0x000001df5bad3800 JavaThread "jar transforms Thread 2" [_thread_blocked, id=15224, stack(0x00000087a8a00000,0x00000087a8b00000)]
  0x000001df5bad5000 JavaThread "Cache worker for file content cache (C:\Users\Tom\.gradle\caches\7.3.3\fileContent)" [_thread_blocked, id=8248, stack(0x00000087a8b00000,0x00000087a8c00000)]
  0x000001df5bacf800 JavaThread "jar transforms Thread 3" [_thread_blocked, id=15028, stack(0x00000087a8c00000,0x00000087a8d00000)]
  0x000001df5bad1800 JavaThread "jar transforms Thread 4" [_thread_blocked, id=1280, stack(0x00000087a8d00000,0x00000087a8e00000)]
  0x000001df5bad6000 JavaThread "Cache worker for kotlin-dsl (C:\Users\Tom\.gradle\caches\7.3.3\kotlin-dsl)" [_thread_blocked, id=16404, stack(0x00000087a9100000,0x00000087a9200000)]
  0x000001df5bad6800 JavaThread "Cache worker for dependencies-accessors (C:\Users\Tom\Documents\Programmation\React Native\projectRNcli\android\.gradle\7.3.3\dependencies-accessors)" [_thread_blocked, id=9408, stack(0x00000087a9000000,0x00000087a9100000)]
  0x000001df5bad1000 JavaThread "Cache worker for Build Output Cleanup Cache (C:\Users\Tom\Documents\Programmation\React Native\projectRNcli\node_modules\react-native-gradle-plugin\.gradle\buildOutputCleanup)" [_thread_blocked, id=15036, stack(0x00000087a9200000,0x00000087a9300000)]
  0x000001df5bad9000 JavaThread "Unconstrained build operations" [_thread_blocked, id=8956, stack(0x00000087a5f00000,0x00000087a6000000)]
  0x000001df5badc800 JavaThread "Unconstrained build operations Thread 2" [_thread_blocked, id=16000, stack(0x00000087a6000000,0x00000087a6100000)]
  0x000001df5bada800 JavaThread "Unconstrained build operations Thread 3" [_thread_blocked, id=9544, stack(0x00000087a9300000,0x00000087a9400000)]
  0x000001df5badd000 JavaThread "Unconstrained build operations Thread 4" [_thread_blocked, id=16624, stack(0x00000087a9400000,0x00000087a9500000)]
  0x000001df5badb800 JavaThread "Unconstrained build operations Thread 5" [_thread_blocked, id=12428, stack(0x00000087a9500000,0x00000087a9600000)]
  0x000001df5bada000 JavaThread "Unconstrained build operations Thread 6" [_thread_blocked, id=1600, stack(0x00000087a9600000,0x00000087a9700000)]
  0x000001df5bad7800 JavaThread "Unconstrained build operations Thread 7" [_thread_blocked, id=17216, stack(0x00000087a9700000,0x00000087a9800000)]
  0x000001df5bade000 JavaThread "Unconstrained build operations Thread 8" [_thread_blocked, id=1396, stack(0x00000087a9800000,0x00000087a9900000)]
  0x000001df5bad8800 JavaThread "Unconstrained build operations Thread 9" [_thread_blocked, id=14328, stack(0x00000087a9900000,0x00000087a9a00000)]
  0x000001df5fa12800 JavaThread "Unconstrained build operations Thread 10" [_thread_blocked, id=2696, stack(0x00000087a9a00000,0x00000087a9b00000)]
  0x000001df5fa11800 JavaThread "Unconstrained build operations Thread 11" [_thread_blocked, id=15508, stack(0x00000087a9b00000,0x00000087a9c00000)]
  0x000001df5fa13800 JavaThread "Unconstrained build operations Thread 12" [_thread_blocked, id=4868, stack(0x00000087a9c00000,0x00000087a9d00000)]
  0x000001df5fa11000 JavaThread "Unconstrained build operations Thread 13" [_thread_blocked, id=16348, stack(0x00000087a9d00000,0x00000087a9e00000)]
  0x000001df5fa0d800 JavaThread "Unconstrained build operations Thread 14" [_thread_blocked, id=3876, stack(0x00000087a9e00000,0x00000087a9f00000)]
  0x000001df5fa0f000 JavaThread "Unconstrained build operations Thread 15" [_thread_blocked, id=13232, stack(0x00000087a9f00000,0x00000087aa000000)]
  0x000001df5fa14000 JavaThread "Unconstrained build operations Thread 16" [_thread_blocked, id=11188, stack(0x00000087aa000000,0x00000087aa100000)]
  0x000001df5fa10000 JavaThread "Unconstrained build operations Thread 17" [_thread_blocked, id=13728, stack(0x00000087aa100000,0x00000087aa200000)]
  0x000001df5fa0e800 JavaThread "Unconstrained build operations Thread 18" [_thread_blocked, id=14304, stack(0x00000087aa200000,0x00000087aa300000)]
  0x000001df5fa15000 JavaThread "Unconstrained build operations Thread 19" [_thread_blocked, id=7732, stack(0x00000087aa300000,0x00000087aa400000)]
  0x000001df5fa1a000 JavaThread "Unconstrained build operations Thread 20" [_thread_blocked, id=13596, stack(0x00000087aa400000,0x00000087aa500000)]
  0x000001df5fa19000 JavaThread "Unconstrained build operations Thread 21" [_thread_blocked, id=16932, stack(0x00000087aa500000,0x00000087aa600000)]
  0x000001df5fa1a800 JavaThread "Unconstrained build operations Thread 22" [_thread_blocked, id=15132, stack(0x00000087aa600000,0x00000087aa700000)]
  0x000001df5fa16800 JavaThread "Unconstrained build operations Thread 23" [_thread_blocked, id=6352, stack(0x00000087aa700000,0x00000087aa800000)]
  0x000001df5fa17800 JavaThread "Unconstrained build operations Thread 24" [_thread_blocked, id=17148, stack(0x00000087aa800000,0x00000087aa900000)]
  0x000001df5fa18000 JavaThread "Unconstrained build operations Thread 25" [_thread_blocked, id=7416, stack(0x00000087aa900000,0x00000087aaa00000)]
  0x000001df5fa1b800 JavaThread "Unconstrained build operations Thread 26" [_thread_blocked, id=15608, stack(0x00000087aaa00000,0x00000087aab00000)]
  0x000001df5fa15800 JavaThread "Unconstrained build operations Thread 27" [_thread_blocked, id=17936, stack(0x00000087aab00000,0x00000087aac00000)]
  0x000001df5fa1c800 JavaThread "Unconstrained build operations Thread 28" [_thread_blocked, id=10784, stack(0x00000087aac00000,0x00000087aad00000)]
  0x000001df5b198000 JavaThread "Unconstrained build operations Thread 29" [_thread_blocked, id=18388, stack(0x00000087aad00000,0x00000087aae00000)]
  0x000001df5b19d800 JavaThread "Unconstrained build operations Thread 30" [_thread_blocked, id=14680, stack(0x00000087aae00000,0x00000087aaf00000)]
  0x000001df5b19e800 JavaThread "Unconstrained build operations Thread 31" [_thread_blocked, id=4956, stack(0x00000087aaf00000,0x00000087ab000000)]
  0x000001df5b19c000 JavaThread "Unconstrained build operations Thread 32" [_thread_blocked, id=11192, stack(0x00000087ab000000,0x00000087ab100000)]
  0x000001df5b19b000 JavaThread "Unconstrained build operations Thread 33" [_thread_blocked, id=8380, stack(0x00000087ab100000,0x00000087ab200000)]
  0x000001df5b199000 JavaThread "build event listener" [_thread_blocked, id=17084, stack(0x00000087ab200000,0x00000087ab300000)]
  0x000001df5b19f800 JavaThread "Memory manager" [_thread_blocked, id=7032, stack(0x00000087ab300000,0x00000087ab400000)]
  0x000001df5b19d000 JavaThread "Cache worker for Build Output Cleanup Cache (C:\Users\Tom\Documents\Programmation\React Native\projectRNcli\android\.gradle\buildOutputCleanup)" [_thread_blocked, id=11008, stack(0x00000087ab400000,0x00000087ab500000)]
  0x000001df5b1a6000 JavaThread "Cache worker for execution history cache (C:\Users\Tom\Documents\Programmation\React Native\projectRNcli\node_modules\react-native-gradle-plugin\.gradle\7.3.3\executionHistory)" [_thread_blocked, id=14100, stack(0x00000087ab900000,0x00000087aba00000)]
  0x000001df5b1a5000 JavaThread "Unconstrained build operations Thread 34" [_thread_blocked, id=15836, stack(0x00000087aba00000,0x00000087abb00000)]
  0x000001df5b1a6800 JavaThread "Unconstrained build operations Thread 35" [_thread_blocked, id=8916, stack(0x00000087abb00000,0x00000087abc00000)]
  0x000001df5b1a1000 JavaThread "Unconstrained build operations Thread 36" [_thread_blocked, id=11244, stack(0x00000087abc00000,0x00000087abd00000)]
  0x000001df5b1a3800 JavaThread "Unconstrained build operations Thread 37" [_thread_blocked, id=3496, stack(0x00000087abd00000,0x00000087abe00000)]
  0x000001df5b1a1800 JavaThread "Unconstrained build operations Thread 38" [_thread_blocked, id=17768, stack(0x00000087abe00000,0x00000087abf00000)]
  0x000001df5b1a2800 JavaThread "Unconstrained build operations Thread 39" [_thread_blocked, id=7904, stack(0x00000087abf00000,0x00000087ac000000)]
  0x000001df5afd9000 JavaThread "Unconstrained build operations Thread 40" [_thread_blocked, id=11056, stack(0x00000087ac000000,0x00000087ac100000)]
  0x000001df5afd5000 JavaThread "Execution worker for ':'" [_thread_blocked, id=7792, stack(0x00000087ab700000,0x00000087ab800000)]
  0x000001df5afd5800 JavaThread "Execution worker for ':' Thread 2" [_thread_blocked, id=3624, stack(0x00000087ab800000,0x00000087ab900000)]
  0x000001df5afd4000 JavaThread "Execution worker for ':' Thread 3" [_thread_blocked, id=2596, stack(0x00000087ac100000,0x00000087ac200000)]
  0x000001df5afda800 JavaThread "Cache worker for execution history cache (C:\Users\Tom\Documents\Programmation\React Native\projectRNcli\android\.gradle\7.3.3\executionHistory)" [_thread_blocked, id=15080, stack(0x00000087ac200000,0x00000087ac300000)]
  0x000001df5afdb800 JavaThread "WorkerExecutor Queue" [_thread_blocked, id=11456, stack(0x00000087ab500000,0x00000087ab600000)]

Other Threads:
=>0x000001df58d02800 VMThread "VM Thread" [stack: 0x00000087a6800000,0x00000087a6900000] [id=17076]
  0x000001df59855000 WatcherThread [stack: 0x00000087a7200000,0x00000087a7300000] [id=10300]
  0x000001df3a51b800 GCTaskThread "GC Thread#0" [stack: 0x00000087a6300000,0x00000087a6400000] [id=15368]
  0x000001df59b67000 GCTaskThread "GC Thread#1" [stack: 0x00000087a7300000,0x00000087a7400000] [id=8576]
  0x000001df59ad4800 GCTaskThread "GC Thread#2" [stack: 0x00000087a7400000,0x00000087a7500000] [id=17372]
  0x000001df5a38a000 GCTaskThread "GC Thread#3" [stack: 0x00000087a7f00000,0x00000087a8000000] [id=14536]
  0x000001df3a54d000 ConcurrentGCThread "G1 Main Marker" [stack: 0x00000087a6400000,0x00000087a6500000] [id=5392]
  0x000001df3a54e800 ConcurrentGCThread "G1 Conc#0" [stack: 0x00000087a6500000,0x00000087a6600000] [id=13820]
  0x000001df3a5dd000 ConcurrentGCThread "G1 Refine#0" [stack: 0x00000087a6600000,0x00000087a6700000] [id=12908]
  0x000001df3a5de000 ConcurrentGCThread "G1 Young RemSet Sampling" [stack: 0x00000087a6700000,0x00000087a6800000] [id=8076]

Threads with active compile tasks:
C2 CompilerThread0   158332 12663       4       com.android.tools.r8.internal.U6::a (4191 bytes)

VM state:at safepoint (normal execution)

VM Mutex/Monitor currently owned by a thread:  ([mutex/lock_event])
[0x000001df3a4fe560] Threads_lock - owner thread: 0x000001df58d02800
[0x000001df3a4ff250] Heap_lock - owner thread: 0x000001df5fa15800

Heap address: 0x0000000080000000, size: 2048 MB, Compressed Oops mode: 32-bit
Narrow klass base: 0x0000000000000000, Narrow klass shift: 3
Compressed class space size: 528482304 Address: 0x0000000100000000

Heap:
 garbage-first heap   total 220160K, used 141606K [0x0000000080000000, 0x0000000100000000)
  region size 1024K, 11 young (11264K), 5 survivors (5120K)
 Metaspace       used 104750K, capacity 107787K, committed 107856K, reserved 626688K
  class space    used 13584K, capacity 14835K, committed 14848K, reserved 516096K
Heap Regions: E=young(eden), S=young(survivor), O=old, HS=humongous(starts), HC=humongous(continues), CS=collection set, F=free, A=archive, TAMS=top-at-mark-start (previous, next)
|   0|0x0000000080000000, 0x0000000080100000, 0x0000000080100000|100%| O|  |TAMS 0x0000000080100000, 0x0000000080100000| Untracked 
|   1|0x0000000080100000, 0x0000000080200000, 0x0000000080200000|100%| O|  |TAMS 0x0000000080200000, 0x0000000080200000| Untracked 
|   2|0x0000000080200000, 0x0000000080300000, 0x0000000080300000|100%| O|  |TAMS 0x0000000080300000, 0x0000000080300000| Untracked 
|   3|0x0000000080300000, 0x0000000080400000, 0x0000000080400000|100%|HS|  |TAMS 0x0000000080400000, 0x0000000080400000| Complete 
|   4|0x0000000080400000, 0x0000000080500000, 0x0000000080500000|100%|HC|  |TAMS 0x0000000080500000, 0x0000000080500000| Complete 
|   5|0x0000000080500000, 0x0000000080600000, 0x0000000080600000|100%|HC|  |TAMS 0x0000000080600000, 0x0000000080600000| Complete 
|   6|0x0000000080600000, 0x0000000080700000, 0x0000000080700000|100%| O|  |TAMS 0x0000000080700000, 0x0000000080700000| Untracked 
|   7|0x0000000080700000, 0x0000000080800000, 0x0000000080800000|100%| O|  |TAMS 0x0000000080800000, 0x0000000080800000| Untracked 
|   8|0x0000000080800000, 0x0000000080900000, 0x0000000080900000|100%| O|  |TAMS 0x0000000080900000, 0x0000000080900000| Untracked 
|   9|0x0000000080900000, 0x0000000080a00000, 0x0000000080a00000|100%| O|  |TAMS 0x0000000080a00000, 0x0000000080a00000| Untracked 
|  10|0x0000000080a00000, 0x0000000080b00000, 0x0000000080b00000|100%| O|  |TAMS 0x0000000080b00000, 0x0000000080b00000| Untracked 
|  11|0x0000000080b00000, 0x0000000080c00000, 0x0000000080c00000|100%| O|  |TAMS 0x0000000080c00000, 0x0000000080c00000| Untracked 
|  12|0x0000000080c00000, 0x0000000080d00000, 0x0000000080d00000|100%| O|  |TAMS 0x0000000080d00000, 0x0000000080d00000| Untracked 
|  13|0x0000000080d00000, 0x0000000080e00000, 0x0000000080e00000|100%| O|  |TAMS 0x0000000080e00000, 0x0000000080e00000| Untracked 
|  14|0x0000000080e00000, 0x0000000080f00000, 0x0000000080f00000|100%| O|  |TAMS 0x0000000080f00000, 0x0000000080f00000| Untracked 
|  15|0x0000000080f00000, 0x0000000081000000, 0x0000000081000000|100%| O|  |TAMS 0x0000000081000000, 0x0000000081000000| Untracked 
|  16|0x0000000081000000, 0x0000000081100000, 0x0000000081100000|100%| O|  |TAMS 0x0000000081100000, 0x0000000081100000| Untracked 
|  17|0x0000000081100000, 0x0000000081200000, 0x0000000081200000|100%|HS|  |TAMS 0x0000000081200000, 0x0000000081200000| Complete 
|  18|0x0000000081200000, 0x0000000081300000, 0x0000000081300000|100%| O|  |TAMS 0x0000000081300000, 0x0000000081300000| Untracked 
|  19|0x0000000081300000, 0x0000000081400000, 0x0000000081400000|100%| O|  |TAMS 0x0000000081400000, 0x0000000081400000| Untracked 
|  20|0x0000000081400000, 0x0000000081500000, 0x0000000081500000|100%| O|  |TAMS 0x0000000081500000, 0x0000000081500000| Untracked 
|  21|0x0000000081500000, 0x0000000081600000, 0x0000000081600000|100%| O|  |TAMS 0x0000000081600000, 0x0000000081600000| Untracked 
|  22|0x0000000081600000, 0x0000000081700000, 0x0000000081700000|100%| O|  |TAMS 0x0000000081700000, 0x0000000081700000| Untracked 
|  23|0x0000000081700000, 0x0000000081800000, 0x0000000081800000|100%| O|  |TAMS 0x0000000081800000, 0x0000000081800000| Untracked 
|  24|0x0000000081800000, 0x0000000081900000, 0x0000000081900000|100%| O|  |TAMS 0x0000000081900000, 0x0000000081900000| Untracked 
|  25|0x0000000081900000, 0x0000000081a00000, 0x0000000081a00000|100%| O|  |TAMS 0x0000000081a00000, 0x0000000081a00000| Untracked 
|  26|0x0000000081a00000, 0x0000000081b00000, 0x0000000081b00000|100%| O|  |TAMS 0x0000000081b00000, 0x0000000081b00000| Untracked 
|  27|0x0000000081b00000, 0x0000000081c00000, 0x0000000081c00000|100%| O|  |TAMS 0x0000000081c00000, 0x0000000081c00000| Untracked 
|  28|0x0000000081c00000, 0x0000000081d00000, 0x0000000081d00000|100%|HS|  |TAMS 0x0000000081d00000, 0x0000000081d00000| Complete 
|  29|0x0000000081d00000, 0x0000000081e00000, 0x0000000081e00000|100%|HC|  |TAMS 0x0000000081e00000, 0x0000000081e00000| Complete 
|  30|0x0000000081e00000, 0x0000000081f00000, 0x0000000081f00000|100%|HC|  |TAMS 0x0000000081f00000, 0x0000000081f00000| Complete 
|  31|0x0000000081f00000, 0x0000000082000000, 0x0000000082000000|100%| O|  |TAMS 0x0000000082000000, 0x0000000082000000| Untracked 
|  32|0x0000000082000000, 0x0000000082100000, 0x0000000082100000|100%| O|  |TAMS 0x0000000082100000, 0x0000000082100000| Untracked 
|  33|0x0000000082100000, 0x0000000082200000, 0x0000000082200000|100%| O|  |TAMS 0x0000000082200000, 0x0000000082200000| Untracked 
|  34|0x0000000082200000, 0x0000000082300000, 0x0000000082300000|100%| O|  |TAMS 0x0000000082300000, 0x0000000082300000| Untracked 
|  35|0x0000000082300000, 0x0000000082400000, 0x0000000082400000|100%| O|  |TAMS 0x0000000082400000, 0x0000000082400000| Untracked 
|  36|0x0000000082400000, 0x0000000082500000, 0x0000000082500000|100%| O|  |TAMS 0x0000000082500000, 0x0000000082500000| Untracked 
|  37|0x0000000082500000, 0x0000000082600000, 0x0000000082600000|100%| O|  |TAMS 0x0000000082600000, 0x0000000082600000| Untracked 
|  38|0x0000000082600000, 0x0000000082700000, 0x0000000082700000|100%|HS|  |TAMS 0x0000000082700000, 0x0000000082700000| Complete 
|  39|0x0000000082700000, 0x0000000082800000, 0x0000000082800000|100%|HS|  |TAMS 0x0000000082800000, 0x0000000082800000| Complete 
|  40|0x0000000082800000, 0x0000000082900000, 0x0000000082900000|100%| O|  |TAMS 0x0000000082900000, 0x0000000082900000| Untracked 
|  41|0x0000000082900000, 0x0000000082a00000, 0x0000000082a00000|100%| O|  |TAMS 0x0000000082a00000, 0x0000000082a00000| Untracked 
|  42|0x0000000082a00000, 0x0000000082b00000, 0x0000000082b00000|100%| O|  |TAMS 0x0000000082b00000, 0x0000000082b00000| Untracked 
|  43|0x0000000082b00000, 0x0000000082c00000, 0x0000000082c00000|100%| O|  |TAMS 0x0000000082c00000, 0x0000000082c00000| Untracked 
|  44|0x0000000082c00000, 0x0000000082d00000, 0x0000000082d00000|100%| O|  |TAMS 0x0000000082d00000, 0x0000000082d00000| Untracked 
|  45|0x0000000082d00000, 0x0000000082e00000, 0x0000000082e00000|100%| O|  |TAMS 0x0000000082e00000, 0x0000000082e00000| Untracked 
|  46|0x0000000082e00000, 0x0000000082f00000, 0x0000000082f00000|100%| O|  |TAMS 0x0000000082f00000, 0x0000000082f00000| Untracked 
|  47|0x0000000082f00000, 0x0000000083000000, 0x0000000083000000|100%|HS|  |TAMS 0x0000000083000000, 0x0000000083000000| Complete 
|  48|0x0000000083000000, 0x0000000083100000, 0x0000000083100000|100%|HC|  |TAMS 0x0000000083100000, 0x0000000083100000| Complete 
|  49|0x0000000083100000, 0x0000000083200000, 0x0000000083200000|100%| O|  |TAMS 0x0000000083200000, 0x0000000083200000| Untracked 
|  50|0x0000000083200000, 0x0000000083300000, 0x0000000083300000|100%| O|  |TAMS 0x0000000083300000, 0x0000000083300000| Untracked 
|  51|0x0000000083300000, 0x0000000083400000, 0x0000000083400000|100%| O|  |TAMS 0x0000000083400000, 0x0000000083400000| Untracked 
|  52|0x0000000083400000, 0x0000000083500000, 0x0000000083500000|100%| O|  |TAMS 0x0000000083500000, 0x0000000083500000| Untracked 
|  53|0x0000000083500000, 0x0000000083600000, 0x0000000083600000|100%| O|  |TAMS 0x0000000083600000, 0x0000000083600000| Untracked 
|  54|0x0000000083600000, 0x0000000083700000, 0x0000000083700000|100%| O|  |TAMS 0x0000000083700000, 0x0000000083700000| Untracked 
|  55|0x0000000083700000, 0x0000000083800000, 0x0000000083800000|100%| O|  |TAMS 0x0000000083800000, 0x0000000083800000| Untracked 
|  56|0x0000000083800000, 0x0000000083900000, 0x0000000083900000|100%| O|  |TAMS 0x0000000083900000, 0x0000000083900000| Untracked 
|  57|0x0000000083900000, 0x0000000083a00000, 0x0000000083a00000|100%| O|  |TAMS 0x0000000083a00000, 0x0000000083a00000| Untracked 
|  58|0x0000000083a00000, 0x0000000083b00000, 0x0000000083b00000|100%| O|  |TAMS 0x0000000083b00000, 0x0000000083b00000| Untracked 
|  59|0x0000000083b00000, 0x0000000083c00000, 0x0000000083c00000|100%| O|  |TAMS 0x0000000083c00000, 0x0000000083c00000| Untracked 
|  60|0x0000000083c00000, 0x0000000083d00000, 0x0000000083d00000|100%| O|  |TAMS 0x0000000083d00000, 0x0000000083d00000| Untracked 
|  61|0x0000000083d00000, 0x0000000083e00000, 0x0000000083e00000|100%| O|  |TAMS 0x0000000083e00000, 0x0000000083e00000| Untracked 
|  62|0x0000000083e00000, 0x0000000083f00000, 0x0000000083f00000|100%| O|  |TAMS 0x0000000083f00000, 0x0000000083f00000| Untracked 
|  63|0x0000000083f00000, 0x0000000084000000, 0x0000000084000000|100%| O|  |TAMS 0x0000000084000000, 0x0000000084000000| Untracked 
|  64|0x0000000084000000, 0x0000000084100000, 0x0000000084100000|100%| O|  |TAMS 0x0000000084100000, 0x0000000084100000| Untracked 
|  65|0x0000000084100000, 0x0000000084200000, 0x0000000084200000|100%| O|  |TAMS 0x0000000084200000, 0x0000000084200000| Untracked 
|  66|0x0000000084200000, 0x0000000084300000, 0x0000000084300000|100%| O|  |TAMS 0x0000000084300000, 0x0000000084300000| Untracked 
|  67|0x0000000084300000, 0x0000000084400000, 0x0000000084400000|100%| O|  |TAMS 0x0000000084400000, 0x0000000084400000| Untracked 
|  68|0x0000000084400000, 0x0000000084500000, 0x0000000084500000|100%| O|  |TAMS 0x0000000084500000, 0x0000000084500000| Untracked 
|  69|0x0000000084500000, 0x0000000084600000, 0x0000000084600000|100%| O|  |TAMS 0x0000000084600000, 0x0000000084600000| Untracked 
|  70|0x0000000084600000, 0x0000000084700000, 0x0000000084700000|100%| O|  |TAMS 0x0000000084700000, 0x0000000084700000| Untracked 
|  71|0x0000000084700000, 0x0000000084800000, 0x0000000084800000|100%| O|  |TAMS 0x0000000084800000, 0x0000000084800000| Untracked 
|  72|0x0000000084800000, 0x0000000084900000, 0x0000000084900000|100%| O|  |TAMS 0x0000000084900000, 0x0000000084900000| Untracked 
|  73|0x0000000084900000, 0x0000000084a00000, 0x0000000084a00000|100%| O|  |TAMS 0x0000000084a00000, 0x0000000084a00000| Untracked 
|  74|0x0000000084a00000, 0x0000000084b00000, 0x0000000084b00000|100%| O|  |TAMS 0x0000000084b00000, 0x0000000084b00000| Untracked 
|  75|0x0000000084b00000, 0x0000000084c00000, 0x0000000084c00000|100%| O|  |TAMS 0x0000000084c00000, 0x0000000084c00000| Untracked 
|  76|0x0000000084c00000, 0x0000000084d00000, 0x0000000084d00000|100%| O|  |TAMS 0x0000000084d00000, 0x0000000084d00000| Untracked 
|  77|0x0000000084d00000, 0x0000000084e00000, 0x0000000084e00000|100%| O|  |TAMS 0x0000000084e00000, 0x0000000084e00000| Untracked 
|  78|0x0000000084e00000, 0x0000000084f00000, 0x0000000084f00000|100%| O|  |TAMS 0x0000000084f00000, 0x0000000084f00000| Untracked 
|  79|0x0000000084f00000, 0x0000000085000000, 0x0000000085000000|100%| O|  |TAMS 0x0000000085000000, 0x0000000085000000| Untracked 
|  80|0x0000000085000000, 0x0000000085100000, 0x0000000085100000|100%| O|  |TAMS 0x0000000085100000, 0x0000000085100000| Untracked 
|  81|0x0000000085100000, 0x0000000085200000, 0x0000000085200000|100%| O|  |TAMS 0x0000000085200000, 0x0000000085200000| Untracked 
|  82|0x0000000085200000, 0x0000000085300000, 0x0000000085300000|100%| O|  |TAMS 0x0000000085300000, 0x0000000085300000| Untracked 
|  83|0x0000000085300000, 0x0000000085400000, 0x0000000085400000|100%| O|  |TAMS 0x0000000085400000, 0x0000000085400000| Untracked 
|  84|0x0000000085400000, 0x0000000085500000, 0x0000000085500000|100%| O|  |TAMS 0x0000000085500000, 0x0000000085500000| Untracked 
|  85|0x0000000085500000, 0x0000000085600000, 0x0000000085600000|100%| O|  |TAMS 0x0000000085600000, 0x0000000085600000| Untracked 
|  86|0x0000000085600000, 0x0000000085700000, 0x0000000085700000|100%| O|  |TAMS 0x0000000085700000, 0x0000000085700000| Untracked 
|  87|0x0000000085700000, 0x0000000085800000, 0x0000000085800000|100%| O|  |TAMS 0x0000000085800000, 0x0000000085800000| Untracked 
|  88|0x0000000085800000, 0x0000000085900000, 0x0000000085900000|100%| O|  |TAMS 0x0000000085900000, 0x0000000085900000| Untracked 
|  89|0x0000000085900000, 0x0000000085a00000, 0x0000000085a00000|100%| O|  |TAMS 0x0000000085a00000, 0x0000000085a00000| Untracked 
|  90|0x0000000085a00000, 0x0000000085b00000, 0x0000000085b00000|100%| O|  |TAMS 0x0000000085b00000, 0x0000000085b00000| Untracked 
|  91|0x0000000085b00000, 0x0000000085c00000, 0x0000000085c00000|100%| O|  |TAMS 0x0000000085c00000, 0x0000000085c00000| Untracked 
|  92|0x0000000085c00000, 0x0000000085d00000, 0x0000000085d00000|100%| O|  |TAMS 0x0000000085d00000, 0x0000000085d00000| Untracked 
|  93|0x0000000085d00000, 0x0000000085e00000, 0x0000000085e00000|100%| O|  |TAMS 0x0000000085e00000, 0x0000000085e00000| Untracked 
|  94|0x0000000085e00000, 0x0000000085f00000, 0x0000000085f00000|100%| O|  |TAMS 0x0000000085f00000, 0x0000000085f00000| Untracked 
|  95|0x0000000085f00000, 0x0000000086000000, 0x0000000086000000|100%| O|  |TAMS 0x0000000086000000, 0x0000000086000000| Untracked 
|  96|0x0000000086000000, 0x0000000086100000, 0x0000000086100000|100%| O|  |TAMS 0x0000000086100000, 0x0000000086100000| Untracked 
|  97|0x0000000086100000, 0x0000000086200000, 0x0000000086200000|100%| O|  |TAMS 0x0000000086200000, 0x0000000086200000| Untracked 
|  98|0x0000000086200000, 0x0000000086300000, 0x0000000086300000|100%| O|  |TAMS 0x0000000086300000, 0x0000000086300000| Untracked 
|  99|0x0000000086300000, 0x0000000086400000, 0x0000000086400000|100%| O|  |TAMS 0x0000000086400000, 0x0000000086400000| Untracked 
| 100|0x0000000086400000, 0x0000000086500000, 0x0000000086500000|100%|HS|  |TAMS 0x0000000086500000, 0x0000000086500000| Complete 
| 101|0x0000000086500000, 0x0000000086600000, 0x0000000086600000|100%|HC|  |TAMS 0x0000000086600000, 0x0000000086600000| Complete 
| 102|0x0000000086600000, 0x0000000086700000, 0x0000000086700000|100%| O|  |TAMS 0x0000000086700000, 0x0000000086700000| Untracked 
| 103|0x0000000086700000, 0x0000000086800000, 0x0000000086800000|100%| O|  |TAMS 0x0000000086800000, 0x0000000086800000| Untracked 
| 104|0x0000000086800000, 0x0000000086900000, 0x0000000086900000|100%| O|  |TAMS 0x0000000086900000, 0x0000000086900000| Untracked 
| 105|0x0000000086900000, 0x0000000086a00000, 0x0000000086a00000|100%| O|  |TAMS 0x0000000086a00000, 0x0000000086a00000| Untracked 
| 106|0x0000000086a00000, 0x0000000086b00000, 0x0000000086b00000|100%| O|  |TAMS 0x0000000086b00000, 0x0000000086b00000| Untracked 
| 107|0x0000000086b00000, 0x0000000086c00000, 0x0000000086c00000|100%| O|  |TAMS 0x0000000086c00000, 0x0000000086c00000| Untracked 
| 108|0x0000000086c00000, 0x0000000086d00000, 0x0000000086d00000|100%| O|  |TAMS 0x0000000086d00000, 0x0000000086d00000| Untracked 
| 109|0x0000000086d00000, 0x0000000086e00000, 0x0000000086e00000|100%| O|  |TAMS 0x0000000086e00000, 0x0000000086e00000| Untracked 
| 110|0x0000000086e00000, 0x0000000086f00000, 0x0000000086f00000|100%| O|  |TAMS 0x0000000086f00000, 0x0000000086f00000| Untracked 
| 111|0x0000000086f00000, 0x0000000087000000, 0x0000000087000000|100%| O|  |TAMS 0x0000000087000000, 0x0000000087000000| Untracked 
| 112|0x0000000087000000, 0x0000000087100000, 0x0000000087100000|100%| O|  |TAMS 0x0000000087100000, 0x0000000087100000| Untracked 
| 113|0x0000000087100000, 0x0000000087200000, 0x0000000087200000|100%| O|  |TAMS 0x0000000087200000, 0x0000000087200000| Untracked 
| 114|0x0000000087200000, 0x0000000087300000, 0x0000000087300000|100%| O|  |TAMS 0x0000000087300000, 0x0000000087300000| Untracked 
| 115|0x0000000087300000, 0x0000000087400000, 0x0000000087400000|100%| O|  |TAMS 0x0000000087400000, 0x0000000087400000| Untracked 
| 116|0x0000000087400000, 0x0000000087500000, 0x0000000087500000|100%| O|  |TAMS 0x0000000087457200, 0x0000000087500000| Untracked 
| 117|0x0000000087500000, 0x0000000087600000, 0x0000000087600000|100%| O|  |TAMS 0x0000000087500000, 0x0000000087600000| Untracked 
| 118|0x0000000087600000, 0x0000000087700000, 0x0000000087700000|100%| O|  |TAMS 0x0000000087600000, 0x0000000087700000| Untracked 
| 119|0x0000000087700000, 0x0000000087800000, 0x0000000087800000|100%| O|  |TAMS 0x0000000087700000, 0x0000000087800000| Untracked 
| 120|0x0000000087800000, 0x0000000087900000, 0x0000000087900000|100%| O|  |TAMS 0x0000000087800000, 0x0000000087900000| Untracked 
| 121|0x0000000087900000, 0x0000000087a00000, 0x0000000087a00000|100%| O|  |TAMS 0x0000000087900000, 0x0000000087a00000| Untracked 
| 122|0x0000000087a00000, 0x0000000087b00000, 0x0000000087b00000|100%| O|  |TAMS 0x0000000087a00000, 0x0000000087b00000| Untracked 
| 123|0x0000000087b00000, 0x0000000087c00000, 0x0000000087c00000|100%| O|  |TAMS 0x0000000087b00000, 0x0000000087c00000| Untracked 
| 124|0x0000000087c00000, 0x0000000087d00000, 0x0000000087d00000|100%| O|  |TAMS 0x0000000087c00000, 0x0000000087d00000| Untracked 
| 125|0x0000000087d00000, 0x0000000087e00000, 0x0000000087e00000|100%| O|  |TAMS 0x0000000087d00000, 0x0000000087e00000| Untracked 
| 126|0x0000000087e00000, 0x0000000087f00000, 0x0000000087f00000|100%| O|  |TAMS 0x0000000087e00000, 0x0000000087f00000| Untracked 
| 127|0x0000000087f00000, 0x0000000088000000, 0x0000000088000000|100%| O|  |TAMS 0x0000000087f00000, 0x0000000088000000| Untracked 
| 128|0x0000000088000000, 0x0000000088052c00, 0x0000000088100000| 32%| O|  |TAMS 0x0000000088000000, 0x0000000088052c00| Untracked 
| 129|0x0000000088100000, 0x0000000088100000, 0x0000000088200000|  0%| F|  |TAMS 0x0000000088100000, 0x0000000088100000| Untracked 
| 130|0x0000000088200000, 0x0000000088200000, 0x0000000088300000|  0%| F|  |TAMS 0x0000000088200000, 0x0000000088200000| Untracked 
| 131|0x0000000088300000, 0x0000000088300000, 0x0000000088400000|  0%| F|  |TAMS 0x0000000088300000, 0x0000000088300000| Untracked 
| 132|0x0000000088400000, 0x0000000088400000, 0x0000000088500000|  0%| F|  |TAMS 0x0000000088400000, 0x0000000088400000| Untracked 
| 133|0x0000000088500000, 0x0000000088500000, 0x0000000088600000|  0%| F|  |TAMS 0x0000000088500000, 0x0000000088500000| Untracked 
| 134|0x0000000088600000, 0x0000000088600000, 0x0000000088700000|  0%| F|  |TAMS 0x0000000088600000, 0x0000000088600000| Untracked 
| 135|0x0000000088700000, 0x0000000088700000, 0x0000000088800000|  0%| F|  |TAMS 0x0000000088700000, 0x0000000088700000| Untracked 
| 136|0x0000000088800000, 0x0000000088800000, 0x0000000088900000|  0%| F|  |TAMS 0x0000000088800000, 0x0000000088800000| Untracked 
| 137|0x0000000088900000, 0x0000000088900000, 0x0000000088a00000|  0%| F|  |TAMS 0x0000000088900000, 0x0000000088900000| Untracked 
| 138|0x0000000088a00000, 0x0000000088a00000, 0x0000000088b00000|  0%| F|  |TAMS 0x0000000088a00000, 0x0000000088a00000| Untracked 
| 139|0x0000000088b00000, 0x0000000088b00000, 0x0000000088c00000|  0%| F|  |TAMS 0x0000000088b00000, 0x0000000088b00000| Untracked 
| 140|0x0000000088c00000, 0x0000000088c00000, 0x0000000088d00000|  0%| F|  |TAMS 0x0000000088c00000, 0x0000000088c00000| Untracked 
| 141|0x0000000088d00000, 0x0000000088d00000, 0x0000000088e00000|  0%| F|  |TAMS 0x0000000088d00000, 0x0000000088d00000| Untracked 
| 142|0x0000000088e00000, 0x0000000088e00000, 0x0000000088f00000|  0%| F|  |TAMS 0x0000000088e00000, 0x0000000088e00000| Untracked 
| 143|0x0000000088f00000, 0x0000000088f00000, 0x0000000089000000|  0%| F|  |TAMS 0x0000000088f00000, 0x0000000088f00000| Untracked 
| 144|0x0000000089000000, 0x0000000089000000, 0x0000000089100000|  0%| F|  |TAMS 0x0000000089000000, 0x0000000089000000| Untracked 
| 145|0x0000000089100000, 0x0000000089100000, 0x0000000089200000|  0%| F|  |TAMS 0x0000000089100000, 0x0000000089100000| Untracked 
| 146|0x0000000089200000, 0x0000000089200000, 0x0000000089300000|  0%| F|  |TAMS 0x0000000089200000, 0x0000000089200000| Untracked 
| 147|0x0000000089300000, 0x0000000089300000, 0x0000000089400000|  0%| F|  |TAMS 0x0000000089300000, 0x0000000089300000| Untracked 
| 148|0x0000000089400000, 0x0000000089400000, 0x0000000089500000|  0%| F|  |TAMS 0x0000000089400000, 0x0000000089400000| Untracked 
| 149|0x0000000089500000, 0x0000000089500000, 0x0000000089600000|  0%| F|  |TAMS 0x0000000089500000, 0x0000000089500000| Untracked 
| 150|0x0000000089600000, 0x0000000089600000, 0x0000000089700000|  0%| F|  |TAMS 0x0000000089600000, 0x0000000089600000| Untracked 
| 151|0x0000000089700000, 0x0000000089700000, 0x0000000089800000|  0%| F|  |TAMS 0x0000000089700000, 0x0000000089700000| Untracked 
| 152|0x0000000089800000, 0x0000000089800000, 0x0000000089900000|  0%| F|  |TAMS 0x0000000089800000, 0x0000000089800000| Untracked 
| 153|0x0000000089900000, 0x0000000089900000, 0x0000000089a00000|  0%| F|  |TAMS 0x0000000089900000, 0x0000000089900000| Untracked 
| 154|0x0000000089a00000, 0x0000000089a00000, 0x0000000089b00000|  0%| F|  |TAMS 0x0000000089a00000, 0x0000000089a00000| Untracked 
| 155|0x0000000089b00000, 0x0000000089b00000, 0x0000000089c00000|  0%| F|  |TAMS 0x0000000089b00000, 0x0000000089b00000| Untracked 
| 156|0x0000000089c00000, 0x0000000089c00000, 0x0000000089d00000|  0%| F|  |TAMS 0x0000000089c00000, 0x0000000089c00000| Untracked 
| 157|0x0000000089d00000, 0x0000000089d00000, 0x0000000089e00000|  0%| F|  |TAMS 0x0000000089d00000, 0x0000000089d00000| Untracked 
| 158|0x0000000089e00000, 0x0000000089e00000, 0x0000000089f00000|  0%| F|  |TAMS 0x0000000089e00000, 0x0000000089e00000| Untracked 
| 159|0x0000000089f00000, 0x0000000089f00000, 0x000000008a000000|  0%| F|  |TAMS 0x0000000089f00000, 0x0000000089f00000| Untracked 
| 160|0x000000008a000000, 0x000000008a000000, 0x000000008a100000|  0%| F|  |TAMS 0x000000008a000000, 0x000000008a000000| Untracked 
| 161|0x000000008a100000, 0x000000008a100000, 0x000000008a200000|  0%| F|  |TAMS 0x000000008a100000, 0x000000008a100000| Untracked 
| 162|0x000000008a200000, 0x000000008a200000, 0x000000008a300000|  0%| F|  |TAMS 0x000000008a200000, 0x000000008a200000| Untracked 
| 163|0x000000008a300000, 0x000000008a300000, 0x000000008a400000|  0%| F|  |TAMS 0x000000008a300000, 0x000000008a300000| Untracked 
| 164|0x000000008a400000, 0x000000008a400000, 0x000000008a500000|  0%| F|  |TAMS 0x000000008a400000, 0x000000008a400000| Untracked 
| 165|0x000000008a500000, 0x000000008a500000, 0x000000008a600000|  0%| F|  |TAMS 0x000000008a500000, 0x000000008a500000| Untracked 
| 166|0x000000008a600000, 0x000000008a600000, 0x000000008a700000|  0%| F|  |TAMS 0x000000008a600000, 0x000000008a600000| Untracked 
| 167|0x000000008a700000, 0x000000008a700000, 0x000000008a800000|  0%| F|  |TAMS 0x000000008a700000, 0x000000008a700000| Untracked 
| 168|0x000000008a800000, 0x000000008a800000, 0x000000008a900000|  0%| F|  |TAMS 0x000000008a800000, 0x000000008a800000| Untracked 
| 169|0x000000008a900000, 0x000000008a900000, 0x000000008aa00000|  0%| F|  |TAMS 0x000000008a900000, 0x000000008a900000| Untracked 
| 170|0x000000008aa00000, 0x000000008aa00000, 0x000000008ab00000|  0%| F|  |TAMS 0x000000008aa00000, 0x000000008aa00000| Untracked 
| 171|0x000000008ab00000, 0x000000008ab00000, 0x000000008ac00000|  0%| F|  |TAMS 0x000000008ab00000, 0x000000008ab00000| Untracked 
| 172|0x000000008ac00000, 0x000000008ac00000, 0x000000008ad00000|  0%| F|  |TAMS 0x000000008ac00000, 0x000000008ac00000| Untracked 
| 173|0x000000008ad00000, 0x000000008ad00000, 0x000000008ae00000|  0%| F|  |TAMS 0x000000008ad00000, 0x000000008ad00000| Untracked 
| 174|0x000000008ae00000, 0x000000008ae00000, 0x000000008af00000|  0%| F|  |TAMS 0x000000008ae00000, 0x000000008ae00000| Untracked 
| 175|0x000000008af00000, 0x000000008af00000, 0x000000008b000000|  0%| F|  |TAMS 0x000000008af00000, 0x000000008af00000| Untracked 
| 176|0x000000008b000000, 0x000000008b0f6f30, 0x000000008b100000| 96%| S|CS|TAMS 0x000000008b000000, 0x000000008b000000| Complete 
| 177|0x000000008b100000, 0x000000008b200000, 0x000000008b200000|100%| S|CS|TAMS 0x000000008b100000, 0x000000008b100000| Complete 
| 178|0x000000008b200000, 0x000000008b300000, 0x000000008b300000|100%| S|CS|TAMS 0x000000008b200000, 0x000000008b200000| Complete 
| 179|0x000000008b300000, 0x000000008b400000, 0x000000008b400000|100%| S|CS|TAMS 0x000000008b300000, 0x000000008b300000| Complete 
| 180|0x000000008b400000, 0x000000008b500000, 0x000000008b500000|100%| S|CS|TAMS 0x000000008b400000, 0x000000008b400000| Complete 
| 181|0x000000008b500000, 0x000000008b500000, 0x000000008b600000|  0%| F|  |TAMS 0x000000008b500000, 0x000000008b500000| Untracked 
| 182|0x000000008b600000, 0x000000008b600000, 0x000000008b700000|  0%| F|  |TAMS 0x000000008b600000, 0x000000008b600000| Untracked 
| 183|0x000000008b700000, 0x000000008b700000, 0x000000008b800000|  0%| F|  |TAMS 0x000000008b700000, 0x000000008b700000| Untracked 
| 184|0x000000008b800000, 0x000000008b800000, 0x000000008b900000|  0%| F|  |TAMS 0x000000008b800000, 0x000000008b800000| Untracked 
| 185|0x000000008b900000, 0x000000008b900000, 0x000000008ba00000|  0%| F|  |TAMS 0x000000008b900000, 0x000000008b900000| Untracked 
| 186|0x000000008ba00000, 0x000000008ba00000, 0x000000008bb00000|  0%| F|  |TAMS 0x000000008ba00000, 0x000000008ba00000| Untracked 
| 187|0x000000008bb00000, 0x000000008bb00000, 0x000000008bc00000|  0%| F|  |TAMS 0x000000008bb00000, 0x000000008bb00000| Untracked 
| 188|0x000000008bc00000, 0x000000008bc00000, 0x000000008bd00000|  0%| F|  |TAMS 0x000000008bc00000, 0x000000008bc00000| Untracked 
| 189|0x000000008bd00000, 0x000000008bd00000, 0x000000008be00000|  0%| F|  |TAMS 0x000000008bd00000, 0x000000008bd00000| Untracked 
| 190|0x000000008be00000, 0x000000008be00000, 0x000000008bf00000|  0%| F|  |TAMS 0x000000008be00000, 0x000000008be00000| Untracked 
| 191|0x000000008bf00000, 0x000000008bf00000, 0x000000008c000000|  0%| F|  |TAMS 0x000000008bf00000, 0x000000008bf00000| Untracked 
| 192|0x000000008c000000, 0x000000008c000000, 0x000000008c100000|  0%| F|  |TAMS 0x000000008c000000, 0x000000008c000000| Untracked 
| 193|0x000000008c100000, 0x000000008c100000, 0x000000008c200000|  0%| F|  |TAMS 0x000000008c100000, 0x000000008c100000| Untracked 
| 194|0x000000008c200000, 0x000000008c200000, 0x000000008c300000|  0%| F|  |TAMS 0x000000008c200000, 0x000000008c200000| Untracked 
| 195|0x000000008c300000, 0x000000008c300000, 0x000000008c400000|  0%| F|  |TAMS 0x000000008c300000, 0x000000008c300000| Untracked 
| 196|0x000000008c400000, 0x000000008c400000, 0x000000008c500000|  0%| F|  |TAMS 0x000000008c400000, 0x000000008c400000| Untracked 
| 197|0x000000008c500000, 0x000000008c500000, 0x000000008c600000|  0%| F|  |TAMS 0x000000008c500000, 0x000000008c500000| Untracked 
| 198|0x000000008c600000, 0x000000008c600000, 0x000000008c700000|  0%| F|  |TAMS 0x000000008c600000, 0x000000008c600000| Untracked 
| 199|0x000000008c700000, 0x000000008c700000, 0x000000008c800000|  0%| F|  |TAMS 0x000000008c700000, 0x000000008c700000| Untracked 
| 200|0x000000008c800000, 0x000000008c800000, 0x000000008c900000|  0%| F|  |TAMS 0x000000008c800000, 0x000000008c800000| Untracked 
| 201|0x000000008c900000, 0x000000008c900000, 0x000000008ca00000|  0%| F|  |TAMS 0x000000008c900000, 0x000000008c900000| Untracked 
| 202|0x000000008ca00000, 0x000000008ca00000, 0x000000008cb00000|  0%| F|  |TAMS 0x000000008ca00000, 0x000000008ca00000| Untracked 
| 203|0x000000008cb00000, 0x000000008cb00000, 0x000000008cc00000|  0%| F|  |TAMS 0x000000008cb00000, 0x000000008cb00000| Untracked 
| 204|0x000000008cc00000, 0x000000008cc00000, 0x000000008cd00000|  0%| F|  |TAMS 0x000000008cc00000, 0x000000008cc00000| Untracked 
| 205|0x000000008cd00000, 0x000000008cd00000, 0x000000008ce00000|  0%| F|  |TAMS 0x000000008cd00000, 0x000000008cd00000| Untracked 
| 206|0x000000008ce00000, 0x000000008ce00000, 0x000000008cf00000|  0%| F|  |TAMS 0x000000008ce00000, 0x000000008ce00000| Untracked 
| 207|0x000000008cf00000, 0x000000008cf00000, 0x000000008d000000|  0%| F|  |TAMS 0x000000008cf00000, 0x000000008cf00000| Untracked 
| 208|0x000000008d000000, 0x000000008d000000, 0x000000008d100000|  0%| F|  |TAMS 0x000000008d000000, 0x000000008d000000| Untracked 
| 209|0x000000008d100000, 0x000000008d1a2c58, 0x000000008d200000| 63%| E|  |TAMS 0x000000008d100000, 0x000000008d100000| Complete 
| 210|0x000000008d200000, 0x000000008d300000, 0x000000008d300000|100%| E|CS|TAMS 0x000000008d200000, 0x000000008d200000| Complete 
| 211|0x000000008d300000, 0x000000008d400000, 0x000000008d400000|100%| E|CS|TAMS 0x000000008d300000, 0x000000008d300000| Complete 
| 212|0x000000008d400000, 0x000000008d500000, 0x000000008d500000|100%| E|CS|TAMS 0x000000008d400000, 0x000000008d400000| Complete 
| 213|0x000000008d500000, 0x000000008d600000, 0x000000008d600000|100%| E|CS|TAMS 0x000000008d500000, 0x000000008d500000| Complete 
| 214|0x000000008d600000, 0x000000008d700000, 0x000000008d700000|100%| E|CS|TAMS 0x000000008d600000, 0x000000008d600000| Complete 

Card table byte_map: [0x000001df52060000,0x000001df52460000] _byte_map_base: 0x000001df51c60000

Marking Bits (Prev, Next): (CMBitMap*) 0x000001df3a5445c0, (CMBitMap*) 0x000001df3a544588
 Prev Bits: [0x000001df54860000, 0x000001df56860000)
 Next Bits: [0x000001df52860000, 0x000001df54860000)

Polling page: 0x000001df383c0000

Metaspace:

Usage:
  Non-class:     90.77 MB capacity,    89.03 MB ( 98%) used,     1.42 MB (  2%) free+waste,   327.19 KB ( <1%) overhead. 
      Class:     14.49 MB capacity,    13.27 MB ( 92%) used,     1.07 MB (  7%) free+waste,   154.75 KB (  1%) overhead. 
       Both:    105.26 MB capacity,   102.30 MB ( 97%) used,     2.49 MB (  2%) free+waste,   481.94 KB ( <1%) overhead. 

Virtual space:
  Non-class space:      108.00 MB reserved,      90.83 MB ( 84%) committed 
      Class space:      504.00 MB reserved,      14.50 MB (  3%) committed 
             Both:      612.00 MB reserved,     105.33 MB ( 17%) committed 

Chunk freelists:
   Non-Class:  56.00 KB
       Class:  13.00 KB
        Both:  69.00 KB

MaxMetaspaceSize: 512.00 MB
CompressedClassSpaceSize: 504.00 MB
Initial GC threshold: 20.80 MB
Current GC threshold: 173.16 MB
CDS: off

CodeHeap 'non-profiled nmethods': size=120064Kb used=8028Kb max_used=8028Kb free=112035Kb
 bounds [0x000001df4a720000, 0x000001df4af00000, 0x000001df51c60000]
CodeHeap 'profiled nmethods': size=120000Kb used=29701Kb max_used=29701Kb free=90298Kb
 bounds [0x000001df431f0000, 0x000001df44f00000, 0x000001df4a720000]
CodeHeap 'non-nmethods': size=5696Kb used=2400Kb max_used=2447Kb free=3295Kb
 bounds [0x000001df42c60000, 0x000001df42ee0000, 0x000001df431f0000]
 total_blobs=13570 nmethods=12642 adapters=840
 compilation: enabled
              stopped_count=0, restarted_count=0
 full_count=0

Compilation events (20 events):
Event: 157.947 Thread 0x000001df58d7d000 12759       2       java.util.ArrayDeque::add (7 bytes)
Event: 157.947 Thread 0x000001df58d7d000 nmethod 12759 0x000001df44eebb90 code [0x000001df44eebd40, 0x000001df44eebe68]
Event: 157.947 Thread 0x000001df58d7d000 12756       2       com.android.tools.r8.ir.conversion.k$$Lambda$1539/0x0000000100e57840::accept (16 bytes)
Event: 157.948 Thread 0x000001df58d7d000 nmethod 12756 0x000001df44eebf10 code [0x000001df44eec100, 0x000001df44eec658]
Event: 157.948 Thread 0x000001df58d7d000 12760       2       com.android.tools.r8.graph.G0::a (138 bytes)
Event: 157.949 Thread 0x000001df58d7d000 nmethod 12760 0x000001df44eec990 code [0x000001df44eecbc0, 0x000001df44eed308]
Event: 157.949 Thread 0x000001df58d7d000 12761       2       com.android.tools.r8.graph.D0::<init> (38 bytes)
Event: 157.950 Thread 0x000001df58d7d000 nmethod 12761 0x000001df44eed710 code [0x000001df44eed8e0, 0x000001df44eedc48]
Event: 157.950 Thread 0x000001df58d7d000 12757       2       com.android.tools.r8.ir.conversion.k$$Lambda$1542/0x0000000100e58440::get$Lambda (10 bytes)
Event: 157.950 Thread 0x000001df58d7d000 nmethod 12757 0x000001df44eedd90 code [0x000001df44eedf40, 0x000001df44eee138]
Event: 157.950 Thread 0x000001df58d7d000 12758       2       com.android.tools.r8.ir.conversion.k$$Lambda$1542/0x0000000100e58440::<init> (15 bytes)
Event: 157.950 Thread 0x000001df58d78800 nmethod 12742 0x000001df4aef6d10 code [0x000001df4aef6ec0, 0x000001df4aef7078]
Event: 157.950 Thread 0x000001df58d7d000 nmethod 12758 0x000001df44eee210 code [0x000001df44eee3c0, 0x000001df44eee558]
Event: 157.950 Thread 0x000001df58d78800 12663       4       com.android.tools.r8.internal.U6::a (4191 bytes)
Event: 157.956 Thread 0x000001df58d7d000 12763  s!   2       jdk.internal.loader.URLClassPath::getLoader (194 bytes)
Event: 157.958 Thread 0x000001df58d7d000 nmethod 12763 0x000001df44eee610 code [0x000001df44eee8c0, 0x000001df44eef618]
Event: 157.963 Thread 0x000001df58d7d000 12765       2       com.android.tools.r8.internal.oh::c (47 bytes)
Event: 157.964 Thread 0x000001df58d7d000 nmethod 12765 0x000001df44eefe10 code [0x000001df44ef0000, 0x000001df44ef0388]
Event: 158.034 Thread 0x000001df58d7d000 12768       2       com.android.tools.r8.graph.T::a (53 bytes)
Event: 158.035 Thread 0x000001df58d7d000 nmethod 12768 0x000001df44ef0610 code [0x000001df44ef08a0, 0x000001df44ef11a8]

GC Heap History (20 events):
Event: 155.875 GC heap before
{Heap before GC invocations=60 (full 0):
 garbage-first heap   total 131072K, used 114426K [0x0000000080000000, 0x0000000100000000)
  region size 1024K, 6 young (6144K), 1 survivors (1024K)
 Metaspace       used 100890K, capacity 103632K, committed 103888K, reserved 606208K
  class space    used 12989K, capacity 14107K, committed 14208K, reserved 516096K
}
Event: 155.880 GC heap after
{Heap after GC invocations=61 (full 0):
 garbage-first heap   total 131072K, used 110191K [0x0000000080000000, 0x0000000100000000)
  region size 1024K, 1 young (1024K), 1 survivors (1024K)
 Metaspace       used 100890K, capacity 103632K, committed 103888K, reserved 606208K
  class space    used 12989K, capacity 14107K, committed 14208K, reserved 516096K
}
Event: 156.191 GC heap before
{Heap before GC invocations=61 (full 0):
 garbage-first heap   total 131072K, used 115311K [0x0000000080000000, 0x0000000100000000)
  region size 1024K, 6 young (6144K), 1 survivors (1024K)
 Metaspace       used 101197K, capacity 103947K, committed 104144K, reserved 606208K
  class space    used 13025K, capacity 14147K, committed 14208K, reserved 516096K
}
Event: 156.198 GC heap after
{Heap after GC invocations=62 (full 0):
 garbage-first heap   total 131072K, used 111096K [0x0000000080000000, 0x0000000100000000)
  region size 1024K, 1 young (1024K), 1 survivors (1024K)
 Metaspace       used 101197K, capacity 103947K, committed 104144K, reserved 606208K
  class space    used 13025K, capacity 14147K, committed 14208K, reserved 516096K
}
Event: 156.400 GC heap before
{Heap before GC invocations=62 (full 0):
 garbage-first heap   total 131072K, used 116216K [0x0000000080000000, 0x0000000100000000)
  region size 1024K, 6 young (6144K), 1 survivors (1024K)
 Metaspace       used 101329K, capacity 104058K, committed 104144K, reserved 606208K
  class space    used 13034K, capacity 14138K, committed 14208K, reserved 516096K
}
Event: 156.405 GC heap after
{Heap after GC invocations=63 (full 0):
 garbage-first heap   total 131072K, used 112085K [0x0000000080000000, 0x0000000100000000)
  region size 1024K, 1 young (1024K), 1 survivors (1024K)
 Metaspace       used 101329K, capacity 104058K, committed 104144K, reserved 606208K
  class space    used 13034K, capacity 14138K, committed 14208K, reserved 516096K
}
Event: 156.462 GC heap before
{Heap before GC invocations=63 (full 0):
 garbage-first heap   total 131072K, used 117205K [0x0000000080000000, 0x0000000100000000)
  region size 1024K, 6 young (6144K), 1 survivors (1024K)
 Metaspace       used 101512K, capacity 104272K, committed 104400K, reserved 608256K
  class space    used 13068K, capacity 14189K, committed 14208K, reserved 516096K
}
Event: 156.469 GC heap after
{Heap after GC invocations=64 (full 0):
 garbage-first heap   total 157696K, used 113119K [0x0000000080000000, 0x0000000100000000)
  region size 1024K, 1 young (1024K), 1 survivors (1024K)
 Metaspace       used 101512K, capacity 104272K, committed 104400K, reserved 608256K
  class space    used 13068K, capacity 14189K, committed 14208K, reserved 516096K
}
Event: 156.678 GC heap before
{Heap before GC invocations=65 (full 0):
 garbage-first heap   total 157696K, used 127455K [0x0000000080000000, 0x0000000100000000)
  region size 1024K, 16 young (16384K), 1 survivors (1024K)
 Metaspace       used 101656K, capacity 104444K, committed 104656K, reserved 608256K
  class space    used 13093K, capacity 14204K, committed 14208K, reserved 516096K
}
Event: 156.690 GC heap after
{Heap after GC invocations=66 (full 0):
 garbage-first heap   total 157696K, used 117057K [0x0000000080000000, 0x0000000100000000)
  region size 1024K, 2 young (2048K), 2 survivors (2048K)
 Metaspace       used 101656K, capacity 104444K, committed 104656K, reserved 608256K
  class space    used 13093K, capacity 14204K, committed 14208K, reserved 516096K
}
Event: 156.881 GC heap before
{Heap before GC invocations=66 (full 0):
 garbage-first heap   total 157696K, used 130369K [0x0000000080000000, 0x0000000100000000)
  region size 1024K, 15 young (15360K), 2 survivors (2048K)
 Metaspace       used 101698K, capacity 104514K, committed 104656K, reserved 608256K
  class space    used 13097K, capacity 14205K, committed 14208K, reserved 516096K
}
Event: 156.894 GC heap after
{Heap after GC invocations=67 (full 0):
 garbage-first heap   total 157696K, used 121180K [0x0000000080000000, 0x0000000100000000)
  region size 1024K, 2 young (2048K), 2 survivors (2048K)
 Metaspace       used 101698K, capacity 104514K, committed 104656K, reserved 608256K
  class space    used 13097K, capacity 14205K, committed 14208K, reserved 516096K
}
Event: 156.989 GC heap before
{Heap before GC invocations=67 (full 0):
 garbage-first heap   total 157696K, used 132444K [0x0000000080000000, 0x0000000100000000)
  region size 1024K, 14 young (14336K), 2 survivors (2048K)
 Metaspace       used 101908K, capacity 104767K, committed 105040K, reserved 608256K
  class space    used 13136K, capacity 14272K, committed 14336K, reserved 516096K
}
Event: 157.000 GC heap after
{Heap after GC invocations=68 (full 0):
 garbage-first heap   total 157696K, used 124583K [0x0000000080000000, 0x0000000100000000)
  region size 1024K, 2 young (2048K), 2 survivors (2048K)
 Metaspace       used 101908K, capacity 104767K, committed 105040K, reserved 608256K
  class space    used 13136K, capacity 14272K, committed 14336K, reserved 516096K
}
Event: 157.241 GC heap before
{Heap before GC invocations=68 (full 0):
 garbage-first heap   total 157696K, used 133799K [0x0000000080000000, 0x0000000100000000)
  region size 1024K, 11 young (11264K), 2 survivors (2048K)
 Metaspace       used 102990K, capacity 105881K, committed 105936K, reserved 608256K
  class space    used 13280K, capacity 14429K, committed 14464K, reserved 516096K
}
Event: 157.256 GC heap after
{Heap after GC invocations=69 (full 0):
 garbage-first heap   total 220160K, used 126079K [0x0000000080000000, 0x0000000100000000)
  region size 1024K, 2 young (2048K), 2 survivors (2048K)
 Metaspace       used 102990K, capacity 105881K, committed 105936K, reserved 608256K
  class space    used 13280K, capacity 14429K, committed 14464K, reserved 516096K
}
Event: 157.782 GC heap before
{Heap before GC invocations=70 (full 0):
 garbage-first heap   total 220160K, used 155775K [0x0000000080000000, 0x0000000100000000)
  region size 1024K, 32 young (32768K), 2 survivors (2048K)
 Metaspace       used 103969K, capacity 106991K, committed 107216K, reserved 612352K
  class space    used 13448K, capacity 14680K, committed 14720K, reserved 516096K
}
Event: 157.800 GC heap after
{Heap after GC invocations=71 (full 0):
 garbage-first heap   total 220160K, used 131291K [0x0000000080000000, 0x0000000100000000)
  region size 1024K, 4 young (4096K), 4 survivors (4096K)
 Metaspace       used 103969K, capacity 106991K, committed 107216K, reserved 612352K
  class space    used 13448K, capacity 14680K, committed 14720K, reserved 516096K
}
Event: 157.991 GC heap before
{Heap before GC invocations=71 (full 0):
 garbage-first heap   total 220160K, used 162011K [0x0000000080000000, 0x0000000100000000)
  region size 1024K, 34 young (34816K), 4 survivors (4096K)
 Metaspace       used 104727K, capacity 107787K, committed 107856K, reserved 618496K
  class space    used 13577K, capacity 14835K, committed 14848K, reserved 516096K
}
Event: 158.023 GC heap after
{Heap after GC invocations=72 (full 0):
 garbage-first heap   total 220160K, used 136486K [0x0000000080000000, 0x0000000100000000)
  region size 1024K, 5 young (5120K), 5 survivors (5120K)
 Metaspace       used 104727K, capacity 107787K, committed 107856K, reserved 618496K
  class space    used 13577K, capacity 14835K, committed 14848K, reserved 516096K
}

Deoptimization events (20 events):
Event: 157.917 Thread 0x000001df5b1a1000 DEOPT PACKING pc=0x000001df44e76fbe sp=0x00000087abcf9430
Event: 157.917 Thread 0x000001df5b1a1000 DEOPT UNPACKING pc=0x000001df42caa95e sp=0x00000087abcf89a8 mode 0
Event: 157.920 Thread 0x000001df5b1a1000 DEOPT PACKING pc=0x000001df44e76fbe sp=0x00000087abcf9430
Event: 157.920 Thread 0x000001df5b1a1000 DEOPT UNPACKING pc=0x000001df42caa95e sp=0x00000087abcf89a8 mode 0
Event: 157.922 Thread 0x000001df5b1a1000 DEOPT PACKING pc=0x000001df44e76fbe sp=0x00000087abcf9010
Event: 157.922 Thread 0x000001df5b1a1000 DEOPT UNPACKING pc=0x000001df42caa95e sp=0x00000087abcf8588 mode 0
Event: 157.925 Thread 0x000001df5b1a1000 DEOPT PACKING pc=0x000001df44e76fbe sp=0x00000087abcf9010
Event: 157.925 Thread 0x000001df5b1a1000 DEOPT UNPACKING pc=0x000001df42caa95e sp=0x00000087abcf8588 mode 0
Event: 157.927 Thread 0x000001df5bada800 DEOPT PACKING pc=0x000001df44e76fbe sp=0x00000087a93f8c60
Event: 157.927 Thread 0x000001df5bada800 DEOPT UNPACKING pc=0x000001df42caa95e sp=0x00000087a93f81d8 mode 0
Event: 157.931 Thread 0x000001df5b1a1000 DEOPT PACKING pc=0x000001df44e76fbe sp=0x00000087abcf9430
Event: 157.931 Thread 0x000001df5b1a1000 DEOPT UNPACKING pc=0x000001df42caa95e sp=0x00000087abcf89a8 mode 0
Event: 157.950 Thread 0x000001df5fa15800 Uncommon trap: trap_request=0xffffff4d fr.pc=0x000001df4aee62a8 relative=0x0000000000000088
Event: 157.950 Thread 0x000001df5b1a1000 Uncommon trap: trap_request=0xffffff4d fr.pc=0x000001df4aee62a8 relative=0x0000000000000088
Event: 157.950 Thread 0x000001df5fa15800 Uncommon trap: reason=unstable_if action=reinterpret pc=0x000001df4aee62a8 method=java.lang.Integer.compare(II)I @ 11 c2
Event: 157.950 Thread 0x000001df5b1a1000 Uncommon trap: reason=unstable_if action=reinterpret pc=0x000001df4aee62a8 method=java.lang.Integer.compare(II)I @ 11 c2
Event: 157.950 Thread 0x000001df5fa15800 DEOPT PACKING pc=0x000001df4aee62a8 sp=0x00000087aabf99e0
Event: 157.950 Thread 0x000001df5b1a1000 DEOPT PACKING pc=0x000001df4aee62a8 sp=0x00000087abcf9c00
Event: 157.950 Thread 0x000001df5b1a1000 DEOPT UNPACKING pc=0x000001df42caa1af sp=0x00000087abcf9b30 mode 2
Event: 157.950 Thread 0x000001df5fa15800 DEOPT UNPACKING pc=0x000001df42caa1af sp=0x00000087aabf9910 mode 2

Classes redefined (0 events):
No events

Internal exceptions (20 events):
Event: 155.153 Thread 0x000001df5fa10000 Exception <a 'java/lang/NoSuchMethodError'{0x0000000087d6d168}: 'java.lang.Object java.lang.invoke.DirectMethodHandle$Holder.invokeStatic(java.lang.Object, java.lang.Object, java.lang.Object, java.lang.Object, java.lang.Object, java.lang.Object, java.lang.Object, java.lang.Object, java.lang.Object, java.lang.Object, java.lang.Object, java.lang.Object, java.lang.Object, java.lang.Object, java.lang.Object, java.lang.Object, java.lang.Object, java.lang.Object, int, java.lang.Object)'> (0x0000000087d6d168) thr
Event: 155.154 Thread 0x000001df5fa10000 Exception <a 'java/lang/NoSuchMethodError'{0x0000000087d73d90}: 'java.lang.Object java.lang.invoke.DirectMethodHandle$Holder.invokeStaticInit(java.lang.Object, java.lang.Object, java.lang.Object, java.lang.Object, java.lang.Object, java.lang.Object, java.lang.Object, java.lang.Object, java.lang.Object, java.lang.Object, java.lang.Object, java.lang.Object, java.lang.Object, java.lang.Object, java.lang.Object, java.lang.Object, java.lang.Object, java.lang.Object, int, java.lang.Object)'> (0x0000000087d73d90)
Event: 155.311 Thread 0x000001df5bada800 Exception <a 'java/lang/IncompatibleClassChangeError'{0x0000000087c78348}: Found class java.lang.Object, but interface was expected> (0x0000000087c78348) thrown at [./src/hotspot/share/interpreter/linkResolver.cpp, line 839]
Event: 155.731 Thread 0x000001df5fa15800 Exception <a 'java/lang/NoSuchMethodError'{0x0000000087fe55d8}: 'long java.lang.invoke.DirectMethodHandle$Holder.invokeStatic(java.lang.Object, long, java.lang.Object)'> (0x0000000087fe55d8) thrown at [./src/hotspot/share/interpreter/linkResolver.cpp, line 773]
Event: 155.731 Thread 0x000001df5b1a1000 Exception <a 'java/lang/NoSuchMethodError'{0x0000000087fe2a00}: 'long java.lang.invoke.DirectMethodHandle$Holder.invokeStatic(java.lang.Object, long, java.lang.Object)'> (0x0000000087fe2a00) thrown at [./src/hotspot/share/interpreter/linkResolver.cpp, line 773]
Event: 156.436 Thread 0x000001df5fa15800 Exception <a 'java/lang/NoSuchMethodError'{0x0000000087da1dd8}: 'int java.lang.invoke.DirectMethodHandle$Holder.invokeVirtual(java.lang.Object, java.lang.Object, java.lang.Object, java.lang.Object)'> (0x0000000087da1dd8) thrown at [./src/hotspot/share/interpreter/linkResolver.cpp, line 773]
Event: 156.436 Thread 0x000001df5b1a1000 Exception <a 'java/lang/NoSuchMethodError'{0x0000000087d8a2a8}: 'int java.lang.invoke.DirectMethodHandle$Holder.invokeVirtual(java.lang.Object, java.lang.Object, java.lang.Object, java.lang.Object)'> (0x0000000087d8a2a8) thrown at [./src/hotspot/share/interpreter/linkResolver.cpp, line 773]
Event: 156.436 Thread 0x000001df5fa10000 Exception <a 'java/lang/NoSuchMethodError'{0x0000000087d9fa70}: 'int java.lang.invoke.DirectMethodHandle$Holder.invokeVirtual(java.lang.Object, java.lang.Object, java.lang.Object, java.lang.Object)'> (0x0000000087d9fa70) thrown at [./src/hotspot/share/interpreter/linkResolver.cpp, line 773]
Event: 156.538 Thread 0x000001df5fa15800 Exception <a 'java/lang/NoSuchMethodError'{0x000000008953a320}: 'long java.lang.invoke.DirectMethodHandle$Holder.invokeStatic(java.lang.Object, java.lang.Object)'> (0x000000008953a320) thrown at [./src/hotspot/share/interpreter/linkResolver.cpp, line 773]
Event: 156.940 Thread 0x000001df5fa10000 Exception <a 'java/lang/IncompatibleClassChangeError'{0x00000000892ccac8}: Found class java.lang.Object, but interface was expected> (0x00000000892ccac8) thrown at [./src/hotspot/share/interpreter/linkResolver.cpp, line 839]
Event: 156.942 Thread 0x000001df5fa10000 Exception <a 'java/lang/NoSuchMethodError'{0x00000000892d4b10}: 'java.lang.Object java.lang.invoke.DirectMethodHandle$Holder.newInvokeSpecial(java.lang.Object, int)'> (0x00000000892d4b10) thrown at [./src/hotspot/share/interpreter/linkResolver.cpp, line 773]
Event: 156.943 Thread 0x000001df5bada800 Exception <a 'java/lang/NoSuchMethodError'{0x000000008921e600}: 'java.lang.Object java.lang.invoke.DirectMethodHandle$Holder.newInvokeSpecial(java.lang.Object, int)'> (0x000000008921e600) thrown at [./src/hotspot/share/interpreter/linkResolver.cpp, line 773]
Event: 156.944 Thread 0x000001df5fa15800 Exception <a 'java/lang/NoSuchMethodError'{0x00000000892bf7c0}: 'java.lang.Object java.lang.invoke.DirectMethodHandle$Holder.newInvokeSpecial(java.lang.Object, int)'> (0x00000000892bf7c0) thrown at [./src/hotspot/share/interpreter/linkResolver.cpp, line 773]
Event: 156.947 Thread 0x000001df5fa15800 Exception <a 'java/lang/IncompatibleClassChangeError'{0x00000000892f1bd8}: Found class java.lang.Object, but interface was expected> (0x00000000892f1bd8) thrown at [./src/hotspot/share/interpreter/linkResolver.cpp, line 839]
Event: 156.947 Thread 0x000001df5b1a1000 Exception <a 'java/lang/IncompatibleClassChangeError'{0x00000000892ede38}: Found class java.lang.Object, but interface was expected> (0x00000000892ede38) thrown at [./src/hotspot/share/interpreter/linkResolver.cpp, line 839]
Event: 156.950 Thread 0x000001df5fa10000 Exception <a 'java/lang/IncompatibleClassChangeError'{0x00000000892e69b8}: Found class java.lang.Object, but interface was expected> (0x00000000892e69b8) thrown at [./src/hotspot/share/interpreter/linkResolver.cpp, line 839]
Event: 156.951 Thread 0x000001df5fa15800 Exception <a 'java/lang/IncompatibleClassChangeError'{0x0000000089102278}: Found class java.lang.Object, but interface was expected> (0x0000000089102278) thrown at [./src/hotspot/share/interpreter/linkResolver.cpp, line 839]
Event: 157.050 Thread 0x000001df5fa10000 Exception <a 'java/lang/IncompatibleClassChangeError'{0x00000000898fe148}: Found class java.lang.Object, but interface was expected> (0x00000000898fe148) thrown at [./src/hotspot/share/interpreter/linkResolver.cpp, line 839]
Event: 157.050 Thread 0x000001df5fa15800 Exception <a 'java/lang/IncompatibleClassChangeError'{0x0000000089702538}: Found class java.lang.Object, but interface was expected> (0x0000000089702538) thrown at [./src/hotspot/share/interpreter/linkResolver.cpp, line 839]
Event: 157.766 Thread 0x000001df5b1a1000 Exception <a 'java/lang/NoSuchMethodError'{0x000000008b93c060}: 'java.lang.Object java.lang.invoke.DirectMethodHandle$Holder.invokeStatic(java.lang.Object, int, java.lang.Object, java.lang.Object)'> (0x000000008b93c060) thrown at [./src/hotspot/share/interpreter/linkResolver.cpp, line 773]

Events (20 events):
Event: 157.986 loading class com/android/tools/r8/internal/FB done
Event: 157.987 loading class com/android/tools/r8/internal/Dg
Event: 157.987 loading class com/android/tools/r8/internal/Dg done
Event: 157.988 loading class com/android/tools/r8/internal/vt
Event: 157.988 loading class com/android/tools/r8/internal/vt done
Event: 157.989 loading class com/android/tools/r8/internal/IG
Event: 157.989 loading class com/android/tools/r8/internal/IG done
Event: 157.990 loading class com/android/tools/r8/internal/X0
Event: 157.990 loading class com/android/tools/r8/internal/X0 done
Event: 157.990 loading class com/android/tools/r8/internal/ag
Event: 157.990 loading class com/android/tools/r8/internal/ag done
Event: 157.991 Executing VM operation: G1CollectForAllocation
Event: 158.023 Executing VM operation: G1CollectForAllocation done
Event: 158.030 loading class com/android/tools/r8/internal/h1
Event: 158.030 loading class com/android/tools/r8/internal/h1 done
Event: 158.031 loading class com/android/tools/r8/internal/Da
Event: 158.031 loading class com/android/tools/r8/internal/Da done
Event: 158.032 loading class com/android/tools/r8/internal/n1
Event: 158.032 loading class com/android/tools/r8/internal/n1 done
Event: 158.065 Executing VM operation: CollectForMetadataAllocation


Dynamic libraries:
0x00007ff70e300000 - 0x00007ff70e30d000 	C:\Program Files\OpenJDK\openjdk-11.0.15_10\bin\java.exe
0x00007ff9caeb0000 - 0x00007ff9cb0a7000 	C:\WINDOWS\SYSTEM32\ntdll.dll
0x00007ff9cac10000 - 0x00007ff9caccd000 	C:\WINDOWS\System32\KERNEL32.DLL
0x00007ff9c8810000 - 0x00007ff9c8add000 	C:\WINDOWS\System32\KERNELBASE.dll
0x00007ff9c8c80000 - 0x00007ff9c8d80000 	C:\WINDOWS\System32\ucrtbase.dll
0x00007ff9a5610000 - 0x00007ff9a5628000 	C:\Program Files\OpenJDK\openjdk-11.0.15_10\bin\jli.dll
0x00007ff9a56f0000 - 0x00007ff9a5706000 	C:\Program Files\OpenJDK\openjdk-11.0.15_10\bin\VCRUNTIME140.dll
0x00007ff9b8a90000 - 0x00007ff9b8d2a000 	C:\WINDOWS\WinSxS\amd64_microsoft.windows.common-controls_6595b64144ccf1df_6.0.19041.1110_none_60b5254171f9507e\COMCTL32.dll
0x00007ff9c9d10000 - 0x00007ff9c9eb0000 	C:\WINDOWS\System32\USER32.dll
0x00007ff9ca2f0000 - 0x00007ff9ca38e000 	C:\WINDOWS\System32\msvcrt.dll
0x00007ff9c8680000 - 0x00007ff9c86a2000 	C:\WINDOWS\System32\win32u.dll
0x00007ff9ca2c0000 - 0x00007ff9ca2ea000 	C:\WINDOWS\System32\GDI32.dll
0x00007ff9c8ae0000 - 0x00007ff9c8beb000 	C:\WINDOWS\System32\gdi32full.dll
0x00007ff9c8720000 - 0x00007ff9c87bd000 	C:\WINDOWS\System32\msvcp_win.dll
0x00007ff9c8f10000 - 0x00007ff9c8f40000 	C:\WINDOWS\System32\IMM32.DLL
0x00007ff989b40000 - 0x00007ff989bea000 	C:\Program Files\OpenJDK\openjdk-11.0.15_10\bin\msvcp140.dll
0x00007ff978240000 - 0x00007ff978d91000 	C:\Program Files\OpenJDK\openjdk-11.0.15_10\bin\server\jvm.dll
0x00007ff9c9560000 - 0x00007ff9c960e000 	C:\WINDOWS\System32\ADVAPI32.dll
0x00007ff9ca080000 - 0x00007ff9ca11c000 	C:\WINDOWS\System32\sechost.dll
0x00007ff9c9b30000 - 0x00007ff9c9c55000 	C:\WINDOWS\System32\RPCRT4.dll
0x00007ff9c9f10000 - 0x00007ff9c9f18000 	C:\WINDOWS\System32\PSAPI.DLL
0x00007ff9bb4b0000 - 0x00007ff9bb4d7000 	C:\WINDOWS\SYSTEM32\WINMM.dll
0x00007ff9c02a0000 - 0x00007ff9c02a9000 	C:\WINDOWS\SYSTEM32\WSOCK32.dll
0x00007ff9cacd0000 - 0x00007ff9cad3b000 	C:\WINDOWS\System32\WS2_32.dll
0x00007ff9bf190000 - 0x00007ff9bf19a000 	C:\WINDOWS\SYSTEM32\VERSION.dll
0x00007ff9c6eb0000 - 0x00007ff9c6ec2000 	C:\WINDOWS\SYSTEM32\kernel.appcore.dll
0x00007ff9a51a0000 - 0x00007ff9a51b1000 	C:\Program Files\OpenJDK\openjdk-11.0.15_10\bin\verify.dll
0x00007ff9c6b70000 - 0x00007ff9c6d54000 	C:\WINDOWS\SYSTEM32\DBGHELP.DLL
0x00007ff9c25c0000 - 0x00007ff9c25ec000 	C:\WINDOWS\SYSTEM32\dbgcore.DLL
0x00007ff9c8bf0000 - 0x00007ff9c8c72000 	C:\WINDOWS\System32\bcryptPrimitives.dll
0x00007ff9a5170000 - 0x00007ff9a5199000 	C:\Program Files\OpenJDK\openjdk-11.0.15_10\bin\java.dll
0x00007ff9a9a10000 - 0x00007ff9a9a1a000 	C:\Program Files\OpenJDK\openjdk-11.0.15_10\bin\jimage.dll
0x00007ff9a3bf0000 - 0x00007ff9a3c08000 	C:\Program Files\OpenJDK\openjdk-11.0.15_10\bin\zip.dll
0x00007ff9ca440000 - 0x00007ff9cab84000 	C:\WINDOWS\System32\SHELL32.dll
0x00007ff9c63d0000 - 0x00007ff9c6b64000 	C:\WINDOWS\SYSTEM32\windows.storage.dll
0x00007ff9c9690000 - 0x00007ff9c99e4000 	C:\WINDOWS\System32\combase.dll
0x00007ff9c8030000 - 0x00007ff9c805c000 	C:\WINDOWS\SYSTEM32\Wldp.dll
0x00007ff9ca390000 - 0x00007ff9ca43d000 	C:\WINDOWS\System32\SHCORE.dll
0x00007ff9c9eb0000 - 0x00007ff9c9f05000 	C:\WINDOWS\System32\shlwapi.dll
0x00007ff9c8510000 - 0x00007ff9c852f000 	C:\WINDOWS\SYSTEM32\profapi.dll
0x00007ff9a3bd0000 - 0x00007ff9a3be9000 	C:\Program Files\OpenJDK\openjdk-11.0.15_10\bin\net.dll
0x00007ff9c00d0000 - 0x00007ff9c01da000 	C:\WINDOWS\SYSTEM32\WINHTTP.dll
0x00007ff9c7d90000 - 0x00007ff9c7dfa000 	C:\WINDOWS\system32\mswsock.dll
0x00007ff9a31a0000 - 0x00007ff9a31b3000 	C:\Program Files\OpenJDK\openjdk-11.0.15_10\bin\nio.dll
0x00007ff9c3dc0000 - 0x00007ff9c3de7000 	C:\Users\Tom\.gradle\native\e1d6ef7f7dcc3fd88c89a11ec53ec762bb8ba0a96d01ffa2cd45eb1d1d8dd5c5\windows-amd64\native-platform.dll
0x00007ff98ac40000 - 0x00007ff98ad84000 	C:\Users\Tom\.gradle\native\5664cfc778a61ccfe75a443a1ab52a65af34e5dc3c78e0209fed803814484fcb\windows-amd64\native-platform-file-events.dll
0x00007ff9a9a20000 - 0x00007ff9a9a29000 	C:\Program Files\OpenJDK\openjdk-11.0.15_10\bin\management.dll
0x00007ff9a6560000 - 0x00007ff9a656c000 	C:\Program Files\OpenJDK\openjdk-11.0.15_10\bin\management_ext.dll
0x00007ff9c7f80000 - 0x00007ff9c7f98000 	C:\WINDOWS\SYSTEM32\CRYPTSP.dll
0x00007ff9c7640000 - 0x00007ff9c7674000 	C:\WINDOWS\system32\rsaenh.dll
0x00007ff9c8d80000 - 0x00007ff9c8da7000 	C:\WINDOWS\System32\bcrypt.dll
0x00007ff9c8490000 - 0x00007ff9c84be000 	C:\WINDOWS\SYSTEM32\USERENV.dll
0x00007ff9c7fa0000 - 0x00007ff9c7fac000 	C:\WINDOWS\SYSTEM32\CRYPTBASE.dll
0x00007ff9c7a30000 - 0x00007ff9c7a6b000 	C:\WINDOWS\SYSTEM32\IPHLPAPI.DLL
0x00007ff9cad40000 - 0x00007ff9cad48000 	C:\WINDOWS\System32\NSI.dll
0x00007ff9c0490000 - 0x00007ff9c04a7000 	C:\WINDOWS\SYSTEM32\dhcpcsvc6.DLL
0x00007ff9c0eb0000 - 0x00007ff9c0ecd000 	C:\WINDOWS\SYSTEM32\dhcpcsvc.DLL
0x00007ff9c7ac0000 - 0x00007ff9c7b8b000 	C:\WINDOWS\SYSTEM32\DNSAPI.dll

dbghelp: loaded successfully - version: 4.0.5 - missing functions: none
symbol engine: initialized successfully - sym options: 0x614 - pdb path: .;C:\Program Files\OpenJDK\openjdk-11.0.15_10\bin;C:\WINDOWS\SYSTEM32;C:\WINDOWS\WinSxS\amd64_microsoft.windows.common-controls_6595b64144ccf1df_6.0.19041.1110_none_60b5254171f9507e;C:\Program Files\OpenJDK\openjdk-11.0.15_10\bin\server;C:\Users\Tom\.gradle\native\e1d6ef7f7dcc3fd88c89a11ec53ec762bb8ba0a96d01ffa2cd45eb1d1d8dd5c5\windows-amd64;C:\Users\Tom\.gradle\native\5664cfc778a61ccfe75a443a1ab52a65af34e5dc3c78e0209fed803814484fcb\windows-amd64

VM Arguments:
jvm_args: -XX:MaxMetaspaceSize=512m --add-opens=java.base/java.util=ALL-UNNAMED --add-opens=java.base/java.lang=ALL-UNNAMED --add-opens=java.base/java.lang.invoke=ALL-UNNAMED --add-opens=java.base/java.util=ALL-UNNAMED --add-opens=java.prefs/java.util.prefs=ALL-UNNAMED --add-opens=java.prefs/java.util.prefs=ALL-UNNAMED --add-opens=java.base/java.nio.charset=ALL-UNNAMED --add-opens=java.base/java.net=ALL-UNNAMED --add-opens=java.base/java.util.concurrent.atomic=ALL-UNNAMED -Xmx2048m -Dfile.encoding=windows-1252 -Duser.country=GB -Duser.language=en -Duser.variant 
java_command: org.gradle.launcher.daemon.bootstrap.GradleDaemon 7.3.3
java_class_path (initial): C:\Users\Tom\.gradle\wrapper\dists\gradle-7.3.3-all\4295vidhdd9hd3gbjyw1xqxpo\gradle-7.3.3\lib\gradle-launcher-7.3.3.jar
Launcher Type: SUN_STANDARD

[Global flags]
     intx CICompilerCount                          = 3                                         {product} {ergonomic}
   size_t CompressedClassSpaceSize                 = 528482304                                 {product} {ergonomic}
     uint ConcGCThreads                            = 1                                         {product} {ergonomic}
     uint G1ConcRefinementThreads                  = 4                                         {product} {ergonomic}
   size_t G1HeapRegionSize                         = 1048576                                   {product} {ergonomic}
    uintx GCDrainStackTargetSize                   = 64                                        {product} {ergonomic}
   size_t InitialHeapSize                          = 134217728                                 {product} {ergonomic}
   size_t MarkStackSize                            = 4194304                                   {product} {ergonomic}
   size_t MaxHeapSize                              = 2147483648                                {product} {command line}
   size_t MaxMetaspaceSize                         = 536870912                                 {product} {command line}
   size_t MaxNewSize                               = 1287651328                                {product} {ergonomic}
   size_t MinHeapDeltaBytes                        = 1048576                                   {product} {ergonomic}
    uintx NonNMethodCodeHeapSize                   = 5830732                                {pd product} {ergonomic}
    uintx NonProfiledCodeHeapSize                  = 122913754                              {pd product} {ergonomic}
    uintx ProfiledCodeHeapSize                     = 122913754                              {pd product} {ergonomic}
    uintx ReservedCodeCacheSize                    = 251658240                              {pd product} {ergonomic}
     bool SegmentedCodeCache                       = true                                      {product} {ergonomic}
     bool UseCompressedClassPointers               = true                                 {lp64_product} {ergonomic}
     bool UseCompressedOops                        = true                                 {lp64_product} {ergonomic}
     bool UseG1GC                                  = true                                      {product} {ergonomic}
     bool UseLargePagesIndividualAllocation        = false                                  {pd product} {ergonomic}

Logging:
Log output configuration:
 #0: stdout all=warning uptime,level,tags
 #1: stderr all=off uptime,level,tags

Environment Variables:
JAVA_HOME=C:\Program Files\OpenJDK\openjdk-11.0.15_10
CLASSPATH=C:\Users\Tom\Documents\Programmation\React Native\projectRNcli\android\\gradle\wrapper\gradle-wrapper.jar
PATH=C:\Users\Tom\Documents\Programmation\React Native\projectRNcli\android\node_modules\.bin;C:\Users\Tom\Documents\Programmation\React Native\projectRNcli\node_modules\.bin;C:\Users\Tom\Documents\Programmation\React Native\node_modules\.bin;C:\Users\Tom\Documents\Programmation\node_modules\.bin;C:\Users\Tom\Documents\node_modules\.bin;C:\Users\Tom\node_modules\.bin;C:\Users\node_modules\.bin;C:\node_modules\.bin;C:\Program Files\nodejs;C:\Users\Tom\Documents\Programmation\React Native\projectRNcli\node_modules\.bin;C:\Users\Tom\Documents\Programmation\React Native\node_modules\.bin;C:\Users\Tom\Documents\Programmation\node_modules\.bin;C:\Users\Tom\Documents\node_modules\.bin;C:\Users\Tom\node_modules\.bin;C:\Users\node_modules\.bin;C:\node_modules\.bin;C:\Program Files\nodejs\node_modules\npm\node_modules\@npmcli\run-script\lib\node-gyp-bin;C:\Python310\Scripts\;C:\Python310\;C:\Program Files\Common Files\Oracle\Java\javapath;C:\Program Files (x86)\Intel\Intel(R) Management Engine Components\iCLS\;C:\Program Files\Intel\Intel(R) Management Engine Components\iCLS\;C:\windows\system32;C:\windows;C:\windows\System32\Wbem;C:\windows\System32\WindowsPowerShell\v1.0\;C:\Program Files (x86)\Intel\Intel(R) Management Engine Components\DAL;C:\Program Files\Intel\Intel(R) Management Engine Components\DAL;C:\Program Files (x86)\Intel\Intel(R) Management Engine Components\IPT;C:\Program Files\Intel\Intel(R) Management Engine Components\IPT;C:\Program Files (x86)\NVIDIA Corporation\PhysX\Common;C:\WINDOWS\system32;C:\WINDOWS;C:\WINDOWS\System32\Wbem;C:\WINDOWS\System32\WindowsPowerShell\v1.0\;C:\WINDOWS\System32\OpenSSH\;C:\Program Files\Microchip\xc8\v2.36\bin;C:\ProgramData\chocolatey\bin;C:\Program Files\OpenJDK\openjdk-11.0.15_10\bin;C:\Program Files\nodejs\;C:\Users\Tom\AppData\Local\Microsoft\WindowsApps;C:\Users\Tom\AppData\Local\Programs\Microsoft VS Code\bin;C:\Users\Tom\AppData\Local\Android\Sdk\platform-tools;C:\Users\Tom\AppData\Roaming\npm;C:\Users\Tom\Documents\Pro
USERNAME=Tom
LANG=en_GB.UTF-8
OS=Windows_NT
PROCESSOR_IDENTIFIER=Intel64 Family 6 Model 142 Stepping 10, GenuineIntel



---------------  S Y S T E M  ---------------

OS: Windows 10 , 64 bit Build 19041 (10.0.19041.1741)
OS uptime: 0 days 4:44 hours

CPU:total 4 (initial active 4) (2 cores per cpu, 2 threads per core) family 6 model 142 stepping 10 microcode 0xb4, cmov, cx8, fxsr, mmx, sse, sse2, sse3, ssse3, sse4.1, sse4.2, popcnt, avx, avx2, aes, clmul, erms, 3dnowpref, lzcnt, ht, tsc, tscinvbit, bmi1, bmi2, adx, fma

Memory: 4k page, system-wide physical 8107M (384M free)
TotalPageFile size 8107M (AvailPageFile size 0M)
current process WorkingSet (physical memory assigned to process): 445M, peak: 458M
current process commit charge ("private bytes"): 533M, peak: 534M

vm_info: OpenJDK 64-Bit Server VM (11.0.15+10) for windows-amd64 JRE (11.0.15+10), built on Apr 21 2022 21:29:46 by "tester" with MS VC++ 15.5 (VS2017)

END.
