#
# There is insufficient memory for the Java Runtime Environment to continue.
# Native memory allocation (mmap) failed to map 150994944 bytes for Failed to commit area from 0x000000008b900000 to 0x0000000094900000 of length 150994944.
# Possible reasons:
#   The system is out of physical RAM or swap space
#   The process is running with CompressedOops enabled, and the Java Heap may be blocking the growth of the native heap
# Possible solutions:
#   Reduce memory load on the system
#   Increase physical memory or swap space
#   Check if swap backing store is full
#   Decrease Java heap size (-Xmx/-Xms)
#   Decrease number of Java threads
#   Decrease Java thread stack sizes (-Xss)
#   Set larger code cache with -XX:ReservedCodeCacheSize=
#   JVM is running with Unscaled Compressed Oops mode in which the Java heap is
#     placed in the first 4GB address space. The Java Heap base address is the
#     maximum limit for the native heap growth. Please use -XX:HeapBaseMinAddress
#     to set the Java Heap base and to place the Java Heap above 4GB virtual address.
# This output file may be truncated or incomplete.
#
#  Out of Memory Error (./src/hotspot/os/windows/os_windows.cpp:3390), pid=15304, tid=15568
#
# JRE version: OpenJDK Runtime Environment 18.9 (11.0.15+10) (build 11.0.15+10)
# Java VM: OpenJDK 64-Bit Server VM 18.9 (11.0.15+10, mixed mode, tiered, compressed oops, g1 gc, windows-amd64)
# No core dump will be written. Minidumps are not enabled by default on client versions of Windows
#

---------------  S U M M A R Y ------------

Command Line: -XX:MaxMetaspaceSize=512m --add-opens=java.base/java.util=ALL-UNNAMED --add-opens=java.base/java.lang=ALL-UNNAMED --add-opens=java.base/java.lang.invoke=ALL-UNNAMED --add-opens=java.base/java.util=ALL-UNNAMED --add-opens=java.prefs/java.util.prefs=ALL-UNNAMED --add-opens=java.prefs/java.util.prefs=ALL-UNNAMED --add-opens=java.base/java.nio.charset=ALL-UNNAMED --add-opens=java.base/java.net=ALL-UNNAMED --add-opens=java.base/java.util.concurrent.atomic=ALL-UNNAMED -Xmx2048m -Dfile.encoding=windows-1252 -Duser.country=GB -Duser.language=en -Duser.variant org.gradle.launcher.daemon.bootstrap.GradleDaemon 7.3.3

Host: Intel(R) Core(TM) i3-7020U CPU @ 2.30GHz, 4 cores, 7G,  Windows 10 , 64 bit Build 19041 (10.0.19041.1741)
Time: Sun Jul  3 16:46:58 2022 Romance Summer Time elapsed time: 61.603996 seconds (0d 0h 1m 1s)

---------------  T H R E A D  ---------------

Current thread (0x00000226fff10000):  VMThread "VM Thread" [stack: 0x00000047d0300000,0x00000047d0400000] [id=15568]

Stack: [0x00000047d0300000,0x00000047d0400000]
[error occurred during error reporting (printing stack bounds), id 0xc0000005, EXCEPTION_ACCESS_VIOLATION (0xc0000005) at pc=0x00000226ede4112d]

Native frames: (J=compiled Java code, j=interpreted, Vv=VM code, C=native code)
V  [jvm.dll+0x64dd3a]
V  [jvm.dll+0x7906c9]
V  [jvm.dll+0x791d9c]
V  [jvm.dll+0x7923c5]
V  [jvm.dll+0x79237b]
V  [jvm.dll+0x64cdd0]
V  [jvm.dll+0x64d4e8]
C  [ntdll.dll+0xa209f]
C  [ntdll.dll+0x51454]
C  [ntdll.dll+0xa0bce]
C  0x00000226ede4112d

VM_Operation (0x00000047d2ef7e60): G1CollectForAllocation, mode: safepoint, requested by thread 0x0000022684c5e800


---------------  P R O C E S S  ---------------

Threads class SMR info:
_java_thread_list=0x00000226883b5df0, length=89, elements={
0x00000226e56e2000, 0x00000226fff23800, 0x00000226fff1a000, 0x00000226fff78000,
0x00000226fff7c000, 0x00000226fff7c800, 0x0000022684900800, 0x0000022684905000,
0x0000022684971800, 0x0000022684a64000, 0x0000022685548800, 0x0000022686393000,
0x0000022685bb0800, 0x00000226868ee800, 0x0000022685a59800, 0x0000022685676800,
0x00000226857c6000, 0x0000022685ff6000, 0x00000226855d8800, 0x00000226864c6800,
0x000002268756f000, 0x0000022687572000, 0x0000022687570800, 0x0000022687573000,
0x0000022687573800, 0x0000022687571800, 0x0000022687575800, 0x000002268756f800,
0x0000022687574800, 0x0000022684c5a800, 0x0000022684c59000, 0x0000022684c55800,
0x0000022684c5c000, 0x0000022684c57800, 0x0000022684c5f800, 0x0000022684c60800,
0x0000022684c61000, 0x0000022684c5e000, 0x0000022684c5e800, 0x0000022684c62000,
0x0000022684c62800, 0x0000022684c63800, 0x0000022684c64800, 0x0000022687028800,
0x0000022687029800, 0x000002268702c800, 0x000002268702d800, 0x000002268702b000,
0x0000022687027800, 0x000002268702e000, 0x000002268702f000, 0x000002268702b800,
0x0000022687030000, 0x000002268702a000, 0x0000022687036800, 0x0000022687034000,
0x0000022687030800, 0x0000022687031800, 0x0000022687032000, 0x0000022687033000,
0x0000022687035800, 0x0000022687034800, 0x0000022687da7000, 0x0000022687da4800,
0x0000022687da3000, 0x0000022687da5800, 0x0000022687da7800, 0x0000022687da8800,
0x0000022687da9800, 0x0000022687da3800, 0x0000022687da6000, 0x0000022687dae000,
0x0000022687dac000, 0x0000022687dad800, 0x0000022687daf000, 0x0000022687db0800,
0x0000022687dab000, 0x0000022687db1800, 0x000002268a8cd800, 0x000002268a8cf800,
0x000002268a8d2000, 0x000002268a8cf000, 0x000002268a8ce000, 0x000002268a8d4000,
0x000002268a8d0800, 0x000002268a8d5800, 0x000002268a8d7000, 0x000002268a8d1800,
0x00000226874bc800
}

Java Threads: ( => current thread )
  0x00000226e56e2000 JavaThread "main" [_thread_blocked, id=7428, stack(0x00000047cfd00000,0x00000047cfe00000)]
  0x00000226fff23800 JavaThread "Reference Handler" daemon [_thread_blocked, id=17948, stack(0x00000047d0400000,0x00000047d0500000)]
  0x00000226fff1a000 JavaThread "Finalizer" daemon [_thread_blocked, id=17392, stack(0x00000047d0500000,0x00000047d0600000)]
  0x00000226fff78000 JavaThread "Signal Dispatcher" daemon [_thread_blocked, id=7684, stack(0x00000047d0600000,0x00000047d0700000)]
  0x00000226fff7c000 JavaThread "Attach Listener" daemon [_thread_blocked, id=7728, stack(0x00000047d0700000,0x00000047d0800000)]
  0x00000226fff7c800 JavaThread "Service Thread" daemon [_thread_blocked, id=10908, stack(0x00000047d0800000,0x00000047d0900000)]
  0x0000022684900800 JavaThread "C2 CompilerThread0" daemon [_thread_in_native, id=7004, stack(0x00000047d0900000,0x00000047d0a00000)]
  0x0000022684905000 JavaThread "C1 CompilerThread0" daemon [_thread_blocked, id=17428, stack(0x00000047d0a00000,0x00000047d0b00000)]
  0x0000022684971800 JavaThread "Sweeper thread" daemon [_thread_blocked, id=10836, stack(0x00000047d0b00000,0x00000047d0c00000)]
  0x0000022684a64000 JavaThread "Common-Cleaner" daemon [_thread_blocked, id=16792, stack(0x00000047d0c00000,0x00000047d0d00000)]
  0x0000022685548800 JavaThread "Daemon health stats" [_thread_blocked, id=8628, stack(0x00000047d1100000,0x00000047d1200000)]
  0x0000022686393000 JavaThread "Incoming local TCP Connector on port 50150" [_thread_in_native, id=16892, stack(0x00000047d0e00000,0x00000047d0f00000)]
  0x0000022685bb0800 JavaThread "Daemon periodic checks" [_thread_blocked, id=16492, stack(0x00000047d1200000,0x00000047d1300000)]
  0x00000226868ee800 JavaThread "Daemon" [_thread_blocked, id=10936, stack(0x00000047d1300000,0x00000047d1400000)]
  0x0000022685a59800 JavaThread "Handler for socket connection from /127.0.0.1:50150 to /127.0.0.1:50151" [_thread_in_native, id=17548, stack(0x00000047d1400000,0x00000047d1500000)]
  0x0000022685676800 JavaThread "Cancel handler" [_thread_blocked, id=12744, stack(0x00000047d1500000,0x00000047d1600000)]
  0x00000226857c6000 JavaThread "Daemon worker" [_thread_blocked, id=2044, stack(0x00000047d1600000,0x00000047d1700000)]
  0x0000022685ff6000 JavaThread "Asynchronous log dispatcher for DefaultDaemonConnection: socket connection from /127.0.0.1:50150 to /127.0.0.1:50151" [_thread_blocked, id=16076, stack(0x00000047d1700000,0x00000047d1800000)]
  0x00000226855d8800 JavaThread "Stdin handler" [_thread_blocked, id=8000, stack(0x00000047d1800000,0x00000047d1900000)]
  0x00000226864c6800 JavaThread "Daemon client event forwarder" [_thread_blocked, id=8232, stack(0x00000047d1900000,0x00000047d1a00000)]
  0x000002268756f000 JavaThread "Cache worker for journal cache (C:\Users\Tom\.gradle\caches\journal-1)" [_thread_blocked, id=7836, stack(0x00000047d1b00000,0x00000047d1c00000)]
  0x0000022687572000 JavaThread "File lock request listener" [_thread_in_native, id=15312, stack(0x00000047d1c00000,0x00000047d1d00000)]
  0x0000022687570800 JavaThread "Cache worker for file hash cache (C:\Users\Tom\.gradle\caches\7.3.3\fileHashes)" [_thread_blocked, id=16524, stack(0x00000047d1d00000,0x00000047d1e00000)]
  0x0000022687573000 JavaThread "Cache worker for file hash cache (C:\Users\Tom\Documents\Programmation\React Native\projectRNcli\android\.gradle\7.3.3\fileHashes)" [_thread_blocked, id=11784, stack(0x00000047d1e00000,0x00000047d1f00000)]
  0x0000022687573800 JavaThread "File watcher server" daemon [_thread_blocked, id=8244, stack(0x00000047d1f00000,0x00000047d2000000)]
  0x0000022687571800 JavaThread "File watcher consumer" daemon [_thread_blocked, id=16956, stack(0x00000047d2000000,0x00000047d2100000)]
  0x0000022687575800 JavaThread "Cache worker for checksums cache (C:\Users\Tom\Documents\Programmation\React Native\projectRNcli\android\.gradle\7.3.3\checksums)" [_thread_blocked, id=9056, stack(0x00000047d2100000,0x00000047d2200000)]
  0x000002268756f800 JavaThread "Cache worker for cache directory md-supplier (C:\Users\Tom\.gradle\caches\7.3.3\md-supplier)" [_thread_blocked, id=17776, stack(0x00000047d2200000,0x00000047d2300000)]
  0x0000022687574800 JavaThread "Cache worker for cache directory md-rule (C:\Users\Tom\.gradle\caches\7.3.3\md-rule)" [_thread_blocked, id=17004, stack(0x00000047d2300000,0x00000047d2400000)]
  0x0000022684c5a800 JavaThread "Cache worker for execution history cache (C:\Users\Tom\.gradle\caches\7.3.3\executionHistory)" [_thread_blocked, id=16116, stack(0x00000047d2400000,0x00000047d2500000)]
  0x0000022684c59000 JavaThread "jar transforms" [_thread_blocked, id=4192, stack(0x00000047d2600000,0x00000047d2700000)]
  0x0000022684c55800 JavaThread "jar transforms Thread 2" [_thread_blocked, id=13924, stack(0x00000047d2700000,0x00000047d2800000)]
  0x0000022684c5c000 JavaThread "Cache worker for file content cache (C:\Users\Tom\.gradle\caches\7.3.3\fileContent)" [_thread_blocked, id=15364, stack(0x00000047d2800000,0x00000047d2900000)]
  0x0000022684c57800 JavaThread "jar transforms Thread 3" [_thread_blocked, id=6704, stack(0x00000047d2500000,0x00000047d2600000)]
  0x0000022684c5f800 JavaThread "jar transforms Thread 4" [_thread_blocked, id=17028, stack(0x00000047d2a00000,0x00000047d2b00000)]
  0x0000022684c60800 JavaThread "Cache worker for kotlin-dsl (C:\Users\Tom\.gradle\caches\7.3.3\kotlin-dsl)" [_thread_blocked, id=13752, stack(0x00000047d2b00000,0x00000047d2c00000)]
  0x0000022684c61000 JavaThread "Cache worker for dependencies-accessors (C:\Users\Tom\Documents\Programmation\React Native\projectRNcli\android\.gradle\7.3.3\dependencies-accessors)" [_thread_blocked, id=14124, stack(0x00000047d2c00000,0x00000047d2d00000)]
  0x0000022684c5e000 JavaThread "Cache worker for Build Output Cleanup Cache (C:\Users\Tom\Documents\Programmation\React Native\projectRNcli\node_modules\react-native-gradle-plugin\.gradle\buildOutputCleanup)" [_thread_blocked, id=10344, stack(0x00000047d2900000,0x00000047d2a00000)]
  0x0000022684c5e800 JavaThread "Unconstrained build operations" [_thread_blocked, id=5596, stack(0x00000047d2e00000,0x00000047d2f00000)]
  0x0000022684c62000 JavaThread "Unconstrained build operations Thread 2" [_thread_blocked, id=17276, stack(0x00000047d2f00000,0x00000047d3000000)]
  0x0000022684c62800 JavaThread "Unconstrained build operations Thread 3" [_thread_blocked, id=5384, stack(0x00000047d3000000,0x00000047d3100000)]
  0x0000022684c63800 JavaThread "Unconstrained build operations Thread 4" [_thread_blocked, id=692, stack(0x00000047d3100000,0x00000047d3200000)]
  0x0000022684c64800 JavaThread "Unconstrained build operations Thread 5" [_thread_blocked, id=15544, stack(0x00000047d3200000,0x00000047d3300000)]
  0x0000022687028800 JavaThread "Unconstrained build operations Thread 6" [_thread_blocked, id=17916, stack(0x00000047d3300000,0x00000047d3400000)]
  0x0000022687029800 JavaThread "Unconstrained build operations Thread 7" [_thread_blocked, id=2328, stack(0x00000047d3400000,0x00000047d3500000)]
  0x000002268702c800 JavaThread "Unconstrained build operations Thread 8" [_thread_blocked, id=9044, stack(0x00000047d3500000,0x00000047d3600000)]
  0x000002268702d800 JavaThread "Unconstrained build operations Thread 9" [_thread_blocked, id=14796, stack(0x00000047d3600000,0x00000047d3700000)]
  0x000002268702b000 JavaThread "Unconstrained build operations Thread 10" [_thread_blocked, id=4144, stack(0x00000047d3700000,0x00000047d3800000)]
  0x0000022687027800 JavaThread "Unconstrained build operations Thread 11" [_thread_blocked, id=3728, stack(0x00000047d3800000,0x00000047d3900000)]
  0x000002268702e000 JavaThread "Unconstrained build operations Thread 12" [_thread_blocked, id=10304, stack(0x00000047d3900000,0x00000047d3a00000)]
  0x000002268702f000 JavaThread "Unconstrained build operations Thread 13" [_thread_blocked, id=12560, stack(0x00000047d3a00000,0x00000047d3b00000)]
  0x000002268702b800 JavaThread "Unconstrained build operations Thread 14" [_thread_blocked, id=4080, stack(0x00000047d3b00000,0x00000047d3c00000)]
  0x0000022687030000 JavaThread "Unconstrained build operations Thread 15" [_thread_blocked, id=13004, stack(0x00000047d3c00000,0x00000047d3d00000)]
  0x000002268702a000 JavaThread "Unconstrained build operations Thread 16" [_thread_blocked, id=6788, stack(0x00000047d3d00000,0x00000047d3e00000)]
  0x0000022687036800 JavaThread "Unconstrained build operations Thread 17" [_thread_blocked, id=3552, stack(0x00000047d3e00000,0x00000047d3f00000)]
  0x0000022687034000 JavaThread "Unconstrained build operations Thread 18" [_thread_blocked, id=13264, stack(0x00000047d3f00000,0x00000047d4000000)]
  0x0000022687030800 JavaThread "Unconstrained build operations Thread 19" [_thread_blocked, id=5644, stack(0x00000047d4000000,0x00000047d4100000)]
  0x0000022687031800 JavaThread "Unconstrained build operations Thread 20" [_thread_blocked, id=15520, stack(0x00000047d4100000,0x00000047d4200000)]
  0x0000022687032000 JavaThread "Unconstrained build operations Thread 21" [_thread_blocked, id=12316, stack(0x00000047d4200000,0x00000047d4300000)]
  0x0000022687033000 JavaThread "Unconstrained build operations Thread 22" [_thread_blocked, id=13984, stack(0x00000047d4300000,0x00000047d4400000)]
  0x0000022687035800 JavaThread "Unconstrained build operations Thread 23" [_thread_blocked, id=4540, stack(0x00000047d4400000,0x00000047d4500000)]
  0x0000022687034800 JavaThread "Unconstrained build operations Thread 24" [_thread_blocked, id=3764, stack(0x00000047d4500000,0x00000047d4600000)]
  0x0000022687da7000 JavaThread "Unconstrained build operations Thread 25" [_thread_blocked, id=10044, stack(0x00000047d4600000,0x00000047d4700000)]
  0x0000022687da4800 JavaThread "Unconstrained build operations Thread 26" [_thread_blocked, id=15484, stack(0x00000047d4700000,0x00000047d4800000)]
  0x0000022687da3000 JavaThread "Unconstrained build operations Thread 27" [_thread_blocked, id=13144, stack(0x00000047d4800000,0x00000047d4900000)]
  0x0000022687da5800 JavaThread "Unconstrained build operations Thread 28" [_thread_blocked, id=13048, stack(0x00000047d4900000,0x00000047d4a00000)]
  0x0000022687da7800 JavaThread "Unconstrained build operations Thread 29" [_thread_blocked, id=10500, stack(0x00000047d4a00000,0x00000047d4b00000)]
  0x0000022687da8800 JavaThread "Unconstrained build operations Thread 30" [_thread_blocked, id=16472, stack(0x00000047d4b00000,0x00000047d4c00000)]
  0x0000022687da9800 JavaThread "Unconstrained build operations Thread 31" [_thread_blocked, id=16812, stack(0x00000047d4c00000,0x00000047d4d00000)]
  0x0000022687da3800 JavaThread "Unconstrained build operations Thread 32" [_thread_blocked, id=7624, stack(0x00000047d4d00000,0x00000047d4e00000)]
  0x0000022687da6000 JavaThread "Unconstrained build operations Thread 33" [_thread_blocked, id=13696, stack(0x00000047d4e00000,0x00000047d4f00000)]
  0x0000022687dae000 JavaThread "build event listener" [_thread_blocked, id=12772, stack(0x00000047d2d00000,0x00000047d2e00000)]
  0x0000022687dac000 JavaThread "Memory manager" [_thread_blocked, id=9380, stack(0x00000047d5000000,0x00000047d5100000)]
  0x0000022687dad800 JavaThread "Cache worker for Build Output Cleanup Cache (C:\Users\Tom\Documents\Programmation\React Native\projectRNcli\android\.gradle\buildOutputCleanup)" [_thread_blocked, id=18160, stack(0x00000047d4f00000,0x00000047d5000000)]
  0x0000022687daf000 JavaThread "included builds" [_thread_blocked, id=7096, stack(0x00000047d5100000,0x00000047d5200000)]
  0x0000022687db0800 JavaThread "Cache worker for execution history cache (C:\Users\Tom\Documents\Programmation\React Native\projectRNcli\node_modules\react-native-gradle-plugin\.gradle\7.3.3\executionHistory)" [_thread_blocked, id=11660, stack(0x00000047d5500000,0x00000047d5600000)]
  0x0000022687dab000 JavaThread "Unconstrained build operations Thread 34" [_thread_blocked, id=16568, stack(0x00000047cfa00000,0x00000047cfb00000)]
  0x0000022687db1800 JavaThread "Unconstrained build operations Thread 35" [_thread_blocked, id=6136, stack(0x00000047d5600000,0x00000047d5700000)]
  0x000002268a8cd800 JavaThread "Unconstrained build operations Thread 36" [_thread_blocked, id=2820, stack(0x00000047d5700000,0x00000047d5800000)]
  0x000002268a8cf800 JavaThread "Unconstrained build operations Thread 37" [_thread_blocked, id=4444, stack(0x00000047d5800000,0x00000047d5900000)]
  0x000002268a8d2000 JavaThread "Unconstrained build operations Thread 38" [_thread_blocked, id=8432, stack(0x00000047d5900000,0x00000047d5a00000)]
  0x000002268a8cf000 JavaThread "Unconstrained build operations Thread 39" [_thread_blocked, id=8336, stack(0x00000047d5a00000,0x00000047d5b00000)]
  0x000002268a8ce000 JavaThread "Unconstrained build operations Thread 40" [_thread_blocked, id=4432, stack(0x00000047d5b00000,0x00000047d5c00000)]
  0x000002268a8d4000 JavaThread "Execution worker for ':'" [_thread_blocked, id=15556, stack(0x00000047d5c00000,0x00000047d5d00000)]
  0x000002268a8d0800 JavaThread "Execution worker for ':' Thread 2" [_thread_blocked, id=10844, stack(0x00000047d5d00000,0x00000047d5e00000)]
  0x000002268a8d5800 JavaThread "Execution worker for ':' Thread 3" [_thread_blocked, id=11708, stack(0x00000047d5e00000,0x00000047d5f00000)]
  0x000002268a8d7000 JavaThread "Cache worker for execution history cache (C:\Users\Tom\Documents\Programmation\React Native\projectRNcli\android\.gradle\7.3.3\executionHistory)" [_thread_blocked, id=17724, stack(0x00000047d5f00000,0x00000047d6000000)]
  0x000002268a8d1800 JavaThread "WorkerExecutor Queue" [_thread_blocked, id=32, stack(0x00000047d6000000,0x00000047d6100000)]
  0x00000226874bc800 JavaThread "C2 CompilerThread1" daemon [_thread_blocked, id=18168, stack(0x00000047d5400000,0x00000047d5500000)]

Other Threads:
=>0x00000226fff10000 VMThread "VM Thread" [stack: 0x00000047d0300000,0x00000047d0400000] [id=15568]
  0x0000022684aaa800 WatcherThread [stack: 0x00000047d0d00000,0x00000047d0e00000] [id=15424]
  0x00000226e56fa000 GCTaskThread "GC Thread#0" [stack: 0x00000047cfe00000,0x00000047cff00000] [id=12792]
  0x000002268505c800 GCTaskThread "GC Thread#1" [stack: 0x00000047d0f00000,0x00000047d1000000] [id=7716]
  0x0000022684d78800 GCTaskThread "GC Thread#2" [stack: 0x00000047d1000000,0x00000047d1100000] [id=13816]
  0x00000226856c9000 GCTaskThread "GC Thread#3" [stack: 0x00000047d1a00000,0x00000047d1b00000] [id=2176]
  0x00000226e572d000 ConcurrentGCThread "G1 Main Marker" [stack: 0x00000047cff00000,0x00000047d0000000] [id=9488]
  0x00000226e572e000 ConcurrentGCThread "G1 Conc#0" [stack: 0x00000047d0000000,0x00000047d0100000] [id=8364]
  0x00000226e57bb000 ConcurrentGCThread "G1 Refine#0" [stack: 0x00000047d0100000,0x00000047d0200000] [id=13564]
  0x00000226e57bc000 ConcurrentGCThread "G1 Young RemSet Sampling" [stack: 0x00000047d0200000,0x00000047d0300000] [id=12128]

Threads with active compile tasks:
C2 CompilerThread0    61676 12641 %     4       com.android.tools.r8.internal.U6::a @ 2560 (6044 bytes)
C2 CompilerThread1    61677 12709       4       com.android.tools.r8.internal.ko::a (63 bytes)

VM state:at safepoint (normal execution)

VM Mutex/Monitor currently owned by a thread:  ([mutex/lock_event])
[0x00000226e56ddd40] Threads_lock - owner thread: 0x00000226fff10000
[0x00000226e56e1850] Heap_lock - owner thread: 0x0000022684c5e800

Heap address: 0x0000000080000000, size: 2048 MB, Compressed Oops mode: 32-bit
Narrow klass base: 0x0000000000000000, Narrow klass shift: 3
Compressed class space size: 528482304 Address: 0x0000000100000000

Heap:
 garbage-first heap   total 336896K, used 137452K [0x0000000080000000, 0x0000000100000000)
  region size 1024K, 4 young (4096K), 4 survivors (4096K)
 Metaspace       used 105036K, capacity 108081K, committed 108240K, reserved 610304K
  class space    used 13629K, capacity 14877K, committed 14976K, reserved 516096K
Heap Regions: E=young(eden), S=young(survivor), O=old, HS=humongous(starts), HC=humongous(continues), CS=collection set, F=free, A=archive, TAMS=top-at-mark-start (previous, next)
|   0|0x0000000080000000, 0x0000000080100000, 0x0000000080100000|100%| O|  |TAMS 0x0000000080100000, 0x0000000080000000| Updating 
|   1|0x0000000080100000, 0x0000000080200000, 0x0000000080200000|100%| O|  |TAMS 0x0000000080200000, 0x0000000080100000| Updating 
|   2|0x0000000080200000, 0x0000000080300000, 0x0000000080300000|100%| O|  |TAMS 0x0000000080300000, 0x0000000080200000| Updating 
|   3|0x0000000080300000, 0x0000000080400000, 0x0000000080400000|100%|HS|  |TAMS 0x0000000080400000, 0x0000000080300000| Complete 
|   4|0x0000000080400000, 0x0000000080500000, 0x0000000080500000|100%|HC|  |TAMS 0x0000000080500000, 0x0000000080400000| Complete 
|   5|0x0000000080500000, 0x0000000080600000, 0x0000000080600000|100%|HC|  |TAMS 0x0000000080600000, 0x0000000080500000| Complete 
|   6|0x0000000080600000, 0x0000000080700000, 0x0000000080700000|100%| O|  |TAMS 0x0000000080700000, 0x0000000080600000| Updating 
|   7|0x0000000080700000, 0x0000000080800000, 0x0000000080800000|100%| O|  |TAMS 0x0000000080800000, 0x0000000080700000| Updating 
|   8|0x0000000080800000, 0x0000000080900000, 0x0000000080900000|100%| O|  |TAMS 0x0000000080900000, 0x0000000080800000| Updating 
|   9|0x0000000080900000, 0x0000000080a00000, 0x0000000080a00000|100%| O|  |TAMS 0x0000000080a00000, 0x0000000080900000| Updating 
|  10|0x0000000080a00000, 0x0000000080b00000, 0x0000000080b00000|100%| O|  |TAMS 0x0000000080b00000, 0x0000000080a00000| Updating 
|  11|0x0000000080b00000, 0x0000000080c00000, 0x0000000080c00000|100%| O|  |TAMS 0x0000000080c00000, 0x0000000080b00000| Updating 
|  12|0x0000000080c00000, 0x0000000080d00000, 0x0000000080d00000|100%| O|  |TAMS 0x0000000080d00000, 0x0000000080c00000| Updating 
|  13|0x0000000080d00000, 0x0000000080e00000, 0x0000000080e00000|100%| O|  |TAMS 0x0000000080e00000, 0x0000000080d00000| Updating 
|  14|0x0000000080e00000, 0x0000000080f00000, 0x0000000080f00000|100%| O|  |TAMS 0x0000000080f00000, 0x0000000080e00000| Updating 
|  15|0x0000000080f00000, 0x0000000081000000, 0x0000000081000000|100%| O|  |TAMS 0x0000000081000000, 0x0000000080f00000| Updating 
|  16|0x0000000081000000, 0x0000000081100000, 0x0000000081100000|100%| O|  |TAMS 0x0000000081100000, 0x0000000081000000| Updating 
|  17|0x0000000081100000, 0x0000000081200000, 0x0000000081200000|100%| O|  |TAMS 0x0000000081200000, 0x0000000081100000| Updating 
|  18|0x0000000081200000, 0x0000000081300000, 0x0000000081300000|100%| O|  |TAMS 0x0000000081300000, 0x0000000081200000| Updating 
|  19|0x0000000081300000, 0x0000000081400000, 0x0000000081400000|100%| O|  |TAMS 0x0000000081400000, 0x0000000081300000| Updating 
|  20|0x0000000081400000, 0x0000000081500000, 0x0000000081500000|100%| O|  |TAMS 0x0000000081500000, 0x0000000081400000| Updating 
|  21|0x0000000081500000, 0x0000000081600000, 0x0000000081600000|100%| O|  |TAMS 0x0000000081600000, 0x0000000081500000| Updating 
|  22|0x0000000081600000, 0x0000000081700000, 0x0000000081700000|100%| O|  |TAMS 0x0000000081700000, 0x0000000081600000| Updating 
|  23|0x0000000081700000, 0x0000000081800000, 0x0000000081800000|100%| O|  |TAMS 0x0000000081800000, 0x0000000081700000| Updating 
|  24|0x0000000081800000, 0x0000000081900000, 0x0000000081900000|100%| O|  |TAMS 0x0000000081900000, 0x0000000081800000| Updating 
|  25|0x0000000081900000, 0x0000000081a00000, 0x0000000081a00000|100%| O|  |TAMS 0x0000000081a00000, 0x0000000081900000| Updating 
|  26|0x0000000081a00000, 0x0000000081b00000, 0x0000000081b00000|100%| O|  |TAMS 0x0000000081b00000, 0x0000000081a00000| Updating 
|  27|0x0000000081b00000, 0x0000000081c00000, 0x0000000081c00000|100%|HS|  |TAMS 0x0000000081c00000, 0x0000000081b00000| Complete 
|  28|0x0000000081c00000, 0x0000000081d00000, 0x0000000081d00000|100%|HS|  |TAMS 0x0000000081d00000, 0x0000000081c00000| Complete 
|  29|0x0000000081d00000, 0x0000000081e00000, 0x0000000081e00000|100%|HC|  |TAMS 0x0000000081e00000, 0x0000000081d00000| Complete 
|  30|0x0000000081e00000, 0x0000000081f00000, 0x0000000081f00000|100%|HC|  |TAMS 0x0000000081f00000, 0x0000000081e00000| Complete 
|  31|0x0000000081f00000, 0x0000000082000000, 0x0000000082000000|100%| O|  |TAMS 0x0000000082000000, 0x0000000081f00000| Updating 
|  32|0x0000000082000000, 0x0000000082100000, 0x0000000082100000|100%| O|  |TAMS 0x0000000082100000, 0x0000000082000000| Updating 
|  33|0x0000000082100000, 0x0000000082200000, 0x0000000082200000|100%| O|  |TAMS 0x0000000082200000, 0x0000000082100000| Updating 
|  34|0x0000000082200000, 0x0000000082300000, 0x0000000082300000|100%| O|  |TAMS 0x0000000082300000, 0x0000000082200000| Updating 
|  35|0x0000000082300000, 0x0000000082400000, 0x0000000082400000|100%| O|  |TAMS 0x0000000082400000, 0x0000000082300000| Updating 
|  36|0x0000000082400000, 0x0000000082500000, 0x0000000082500000|100%| O|  |TAMS 0x0000000082500000, 0x0000000082400000| Updating 
|  37|0x0000000082500000, 0x0000000082600000, 0x0000000082600000|100%| O|  |TAMS 0x0000000082600000, 0x0000000082500000| Updating 
|  38|0x0000000082600000, 0x0000000082700000, 0x0000000082700000|100%| O|  |TAMS 0x0000000082700000, 0x0000000082600000| Updating 
|  39|0x0000000082700000, 0x0000000082800000, 0x0000000082800000|100%| O|  |TAMS 0x0000000082800000, 0x0000000082700000| Updating 
|  40|0x0000000082800000, 0x0000000082900000, 0x0000000082900000|100%| O|  |TAMS 0x0000000082900000, 0x0000000082800000| Updating 
|  41|0x0000000082900000, 0x0000000082a00000, 0x0000000082a00000|100%| O|  |TAMS 0x0000000082a00000, 0x0000000082900000| Updating 
|  42|0x0000000082a00000, 0x0000000082b00000, 0x0000000082b00000|100%| O|  |TAMS 0x0000000082b00000, 0x0000000082a00000| Updating 
|  43|0x0000000082b00000, 0x0000000082c00000, 0x0000000082c00000|100%| O|  |TAMS 0x0000000082c00000, 0x0000000082b00000| Updating 
|  44|0x0000000082c00000, 0x0000000082d00000, 0x0000000082d00000|100%|HS|  |TAMS 0x0000000082d00000, 0x0000000082c00000| Complete 
|  45|0x0000000082d00000, 0x0000000082e00000, 0x0000000082e00000|100%|HS|  |TAMS 0x0000000082e00000, 0x0000000082d00000| Complete 
|  46|0x0000000082e00000, 0x0000000082f00000, 0x0000000082f00000|100%|HS|  |TAMS 0x0000000082f00000, 0x0000000082e00000| Complete 
|  47|0x0000000082f00000, 0x0000000083000000, 0x0000000083000000|100%|HC|  |TAMS 0x0000000083000000, 0x0000000082f00000| Complete 
|  48|0x0000000083000000, 0x0000000083100000, 0x0000000083100000|100%| O|  |TAMS 0x0000000083100000, 0x0000000083000000| Updating 
|  49|0x0000000083100000, 0x0000000083200000, 0x0000000083200000|100%| O|  |TAMS 0x0000000083200000, 0x0000000083100000| Updating 
|  50|0x0000000083200000, 0x0000000083300000, 0x0000000083300000|100%| O|  |TAMS 0x0000000083300000, 0x0000000083200000| Updating 
|  51|0x0000000083300000, 0x0000000083400000, 0x0000000083400000|100%| O|  |TAMS 0x0000000083400000, 0x0000000083300000| Updating 
|  52|0x0000000083400000, 0x0000000083500000, 0x0000000083500000|100%| O|  |TAMS 0x0000000083500000, 0x0000000083400000| Updating 
|  53|0x0000000083500000, 0x0000000083600000, 0x0000000083600000|100%| O|  |TAMS 0x0000000083600000, 0x0000000083500000| Updating 
|  54|0x0000000083600000, 0x0000000083700000, 0x0000000083700000|100%| O|  |TAMS 0x0000000083700000, 0x0000000083600000| Updating 
|  55|0x0000000083700000, 0x0000000083800000, 0x0000000083800000|100%| O|  |TAMS 0x0000000083800000, 0x0000000083700000| Updating 
|  56|0x0000000083800000, 0x0000000083900000, 0x0000000083900000|100%| O|  |TAMS 0x0000000083900000, 0x0000000083800000| Updating 
|  57|0x0000000083900000, 0x0000000083a00000, 0x0000000083a00000|100%| O|  |TAMS 0x0000000083a00000, 0x0000000083900000| Updating 
|  58|0x0000000083a00000, 0x0000000083b00000, 0x0000000083b00000|100%| O|  |TAMS 0x0000000083b00000, 0x0000000083a00000| Updating 
|  59|0x0000000083b00000, 0x0000000083c00000, 0x0000000083c00000|100%| O|  |TAMS 0x0000000083c00000, 0x0000000083b00000| Updating 
|  60|0x0000000083c00000, 0x0000000083d00000, 0x0000000083d00000|100%| O|  |TAMS 0x0000000083d00000, 0x0000000083c00000| Updating 
|  61|0x0000000083d00000, 0x0000000083e00000, 0x0000000083e00000|100%| O|  |TAMS 0x0000000083e00000, 0x0000000083d00000| Updating 
|  62|0x0000000083e00000, 0x0000000083f00000, 0x0000000083f00000|100%| O|  |TAMS 0x0000000083f00000, 0x0000000083e00000| Updating 
|  63|0x0000000083f00000, 0x0000000084000000, 0x0000000084000000|100%| O|  |TAMS 0x0000000084000000, 0x0000000083f00000| Updating 
|  64|0x0000000084000000, 0x0000000084100000, 0x0000000084100000|100%| O|  |TAMS 0x0000000084100000, 0x0000000084000000| Updating 
|  65|0x0000000084100000, 0x0000000084200000, 0x0000000084200000|100%| O|  |TAMS 0x0000000084200000, 0x0000000084100000| Updating 
|  66|0x0000000084200000, 0x0000000084300000, 0x0000000084300000|100%| O|  |TAMS 0x0000000084300000, 0x0000000084200000| Updating 
|  67|0x0000000084300000, 0x0000000084400000, 0x0000000084400000|100%| O|  |TAMS 0x0000000084400000, 0x0000000084300000| Updating 
|  68|0x0000000084400000, 0x0000000084500000, 0x0000000084500000|100%| O|  |TAMS 0x0000000084500000, 0x0000000084400000| Updating 
|  69|0x0000000084500000, 0x0000000084600000, 0x0000000084600000|100%| O|  |TAMS 0x0000000084600000, 0x0000000084500000| Updating 
|  70|0x0000000084600000, 0x0000000084700000, 0x0000000084700000|100%| O|  |TAMS 0x0000000084700000, 0x0000000084600000| Updating 
|  71|0x0000000084700000, 0x0000000084800000, 0x0000000084800000|100%| O|  |TAMS 0x0000000084800000, 0x0000000084700000| Updating 
|  72|0x0000000084800000, 0x0000000084900000, 0x0000000084900000|100%| O|  |TAMS 0x0000000084900000, 0x0000000084800000| Updating 
|  73|0x0000000084900000, 0x0000000084a00000, 0x0000000084a00000|100%| O|  |TAMS 0x0000000084a00000, 0x0000000084900000| Updating 
|  74|0x0000000084a00000, 0x0000000084b00000, 0x0000000084b00000|100%| O|  |TAMS 0x0000000084b00000, 0x0000000084a00000| Updating 
|  75|0x0000000084b00000, 0x0000000084c00000, 0x0000000084c00000|100%| O|  |TAMS 0x0000000084c00000, 0x0000000084b00000| Updating 
|  76|0x0000000084c00000, 0x0000000084d00000, 0x0000000084d00000|100%| O|  |TAMS 0x0000000084d00000, 0x0000000084c00000| Updating 
|  77|0x0000000084d00000, 0x0000000084e00000, 0x0000000084e00000|100%| O|  |TAMS 0x0000000084e00000, 0x0000000084d00000| Updating 
|  78|0x0000000084e00000, 0x0000000084f00000, 0x0000000084f00000|100%| O|  |TAMS 0x0000000084f00000, 0x0000000084e00000| Updating 
|  79|0x0000000084f00000, 0x0000000085000000, 0x0000000085000000|100%| O|  |TAMS 0x0000000085000000, 0x0000000084f00000| Updating 
|  80|0x0000000085000000, 0x0000000085100000, 0x0000000085100000|100%| O|  |TAMS 0x0000000085100000, 0x0000000085000000| Updating 
|  81|0x0000000085100000, 0x0000000085200000, 0x0000000085200000|100%| O|  |TAMS 0x0000000085200000, 0x0000000085100000| Updating 
|  82|0x0000000085200000, 0x0000000085300000, 0x0000000085300000|100%| O|  |TAMS 0x0000000085300000, 0x0000000085200000| Updating 
|  83|0x0000000085300000, 0x0000000085400000, 0x0000000085400000|100%| O|  |TAMS 0x0000000085400000, 0x0000000085300000| Updating 
|  84|0x0000000085400000, 0x0000000085500000, 0x0000000085500000|100%| O|  |TAMS 0x0000000085500000, 0x0000000085400000| Updating 
|  85|0x0000000085500000, 0x0000000085600000, 0x0000000085600000|100%| O|  |TAMS 0x0000000085600000, 0x0000000085500000| Updating 
|  86|0x0000000085600000, 0x0000000085700000, 0x0000000085700000|100%| O|  |TAMS 0x0000000085700000, 0x0000000085600000| Updating 
|  87|0x0000000085700000, 0x0000000085800000, 0x0000000085800000|100%| O|  |TAMS 0x0000000085800000, 0x0000000085700000| Updating 
|  88|0x0000000085800000, 0x0000000085900000, 0x0000000085900000|100%| O|  |TAMS 0x0000000085900000, 0x0000000085800000| Updating 
|  89|0x0000000085900000, 0x0000000085a00000, 0x0000000085a00000|100%| O|  |TAMS 0x0000000085a00000, 0x0000000085900000| Updating 
|  90|0x0000000085a00000, 0x0000000085b00000, 0x0000000085b00000|100%| O|  |TAMS 0x0000000085b00000, 0x0000000085a00000| Updating 
|  91|0x0000000085b00000, 0x0000000085c00000, 0x0000000085c00000|100%| O|  |TAMS 0x0000000085c00000, 0x0000000085b00000| Updating 
|  92|0x0000000085c00000, 0x0000000085d00000, 0x0000000085d00000|100%| O|  |TAMS 0x0000000085d00000, 0x0000000085c00000| Updating 
|  93|0x0000000085d00000, 0x0000000085e00000, 0x0000000085e00000|100%| O|  |TAMS 0x0000000085e00000, 0x0000000085d00000| Updating 
|  94|0x0000000085e00000, 0x0000000085f00000, 0x0000000085f00000|100%|HS|  |TAMS 0x0000000085f00000, 0x0000000085e00000| Complete 
|  95|0x0000000085f00000, 0x0000000086000000, 0x0000000086000000|100%|HC|  |TAMS 0x0000000086000000, 0x0000000085f00000| Complete 
|  96|0x0000000086000000, 0x0000000086100000, 0x0000000086100000|100%| O|  |TAMS 0x0000000086100000, 0x0000000086000000| Updating 
|  97|0x0000000086100000, 0x0000000086200000, 0x0000000086200000|100%| O|  |TAMS 0x0000000086200000, 0x0000000086100000| Updating 
|  98|0x0000000086200000, 0x0000000086300000, 0x0000000086300000|100%| O|  |TAMS 0x0000000086300000, 0x0000000086200000| Updating 
|  99|0x0000000086300000, 0x0000000086400000, 0x0000000086400000|100%| O|  |TAMS 0x0000000086400000, 0x0000000086300000| Updating 
| 100|0x0000000086400000, 0x0000000086500000, 0x0000000086500000|100%| O|  |TAMS 0x0000000086500000, 0x0000000086400000| Updating 
| 101|0x0000000086500000, 0x0000000086600000, 0x0000000086600000|100%| O|  |TAMS 0x0000000086600000, 0x0000000086500000| Updating 
| 102|0x0000000086600000, 0x0000000086700000, 0x0000000086700000|100%| O|  |TAMS 0x0000000086700000, 0x0000000086600000| Updating 
| 103|0x0000000086700000, 0x0000000086800000, 0x0000000086800000|100%| O|  |TAMS 0x0000000086800000, 0x0000000086700000| Updating 
| 104|0x0000000086800000, 0x0000000086900000, 0x0000000086900000|100%| O|  |TAMS 0x0000000086900000, 0x0000000086800000| Updating 
| 105|0x0000000086900000, 0x0000000086a00000, 0x0000000086a00000|100%| O|  |TAMS 0x0000000086a00000, 0x0000000086900000| Updating 
| 106|0x0000000086a00000, 0x0000000086b00000, 0x0000000086b00000|100%| O|  |TAMS 0x0000000086b00000, 0x0000000086a00000| Updating 
| 107|0x0000000086b00000, 0x0000000086c00000, 0x0000000086c00000|100%| O|  |TAMS 0x0000000086c00000, 0x0000000086b00000| Updating 
| 108|0x0000000086c00000, 0x0000000086d00000, 0x0000000086d00000|100%| O|  |TAMS 0x0000000086d00000, 0x0000000086c00000| Updating 
| 109|0x0000000086d00000, 0x0000000086e00000, 0x0000000086e00000|100%| O|  |TAMS 0x0000000086e00000, 0x0000000086d00000| Updating 
| 110|0x0000000086e00000, 0x0000000086f00000, 0x0000000086f00000|100%| O|  |TAMS 0x0000000086f00000, 0x0000000086e00000| Updating 
| 111|0x0000000086f00000, 0x0000000087000000, 0x0000000087000000|100%| O|  |TAMS 0x0000000087000000, 0x0000000086f00000| Updating 
| 112|0x0000000087000000, 0x0000000087100000, 0x0000000087100000|100%| O|  |TAMS 0x0000000087100000, 0x0000000087000000| Updating 
| 113|0x0000000087100000, 0x0000000087200000, 0x0000000087200000|100%| O|  |TAMS 0x0000000087200000, 0x0000000087100000| Updating 
| 114|0x0000000087200000, 0x0000000087300000, 0x0000000087300000|100%| O|  |TAMS 0x0000000087300000, 0x0000000087200000| Updating 
| 115|0x0000000087300000, 0x0000000087400000, 0x0000000087400000|100%| O|  |TAMS 0x0000000087400000, 0x0000000087300000| Updating 
| 116|0x0000000087400000, 0x0000000087500000, 0x0000000087500000|100%| O|  |TAMS 0x0000000087500000, 0x0000000087400000| Updating 
| 117|0x0000000087500000, 0x0000000087600000, 0x0000000087600000|100%| O|  |TAMS 0x0000000087600000, 0x0000000087500000| Updating 
| 118|0x0000000087600000, 0x0000000087700000, 0x0000000087700000|100%| O|  |TAMS 0x0000000087700000, 0x0000000087600000| Updating 
| 119|0x0000000087700000, 0x0000000087800000, 0x0000000087800000|100%| O|  |TAMS 0x0000000087800000, 0x0000000087700000| Updating 
| 120|0x0000000087800000, 0x0000000087900000, 0x0000000087900000|100%| O|  |TAMS 0x0000000087900000, 0x0000000087800000| Updating 
| 121|0x0000000087900000, 0x0000000087a00000, 0x0000000087a00000|100%| O|  |TAMS 0x000000008795da00, 0x0000000087900000| Updating 
| 122|0x0000000087a00000, 0x0000000087b00000, 0x0000000087b00000|100%| O|  |TAMS 0x0000000087a00000, 0x0000000087a00000| Untracked 
| 123|0x0000000087b00000, 0x0000000087c00000, 0x0000000087c00000|100%| O|  |TAMS 0x0000000087b00000, 0x0000000087b00000| Untracked 
| 124|0x0000000087c00000, 0x0000000087d00000, 0x0000000087d00000|100%| O|  |TAMS 0x0000000087c00000, 0x0000000087c00000| Untracked 
| 125|0x0000000087d00000, 0x0000000087e00000, 0x0000000087e00000|100%| O|  |TAMS 0x0000000087d00000, 0x0000000087d00000| Untracked 
| 126|0x0000000087e00000, 0x0000000087f00000, 0x0000000087f00000|100%| O|  |TAMS 0x0000000087e00000, 0x0000000087e00000| Untracked 
| 127|0x0000000087f00000, 0x0000000088000000, 0x0000000088000000|100%| O|  |TAMS 0x0000000087f00000, 0x0000000087f00000| Untracked 
| 128|0x0000000088000000, 0x0000000088100000, 0x0000000088100000|100%| O|  |TAMS 0x0000000088000000, 0x0000000088000000| Untracked 
| 129|0x0000000088100000, 0x0000000088200000, 0x0000000088200000|100%| O|  |TAMS 0x0000000088100000, 0x0000000088100000| Untracked 
| 130|0x0000000088200000, 0x000000008826f200, 0x0000000088300000| 43%| O|  |TAMS 0x0000000088200000, 0x0000000088200000| Untracked 
| 131|0x0000000088300000, 0x0000000088300000, 0x0000000088400000|  0%| F|  |TAMS 0x0000000088300000, 0x0000000088300000| Untracked 
| 132|0x0000000088400000, 0x0000000088400000, 0x0000000088500000|  0%| F|  |TAMS 0x0000000088400000, 0x0000000088400000| Untracked 
| 133|0x0000000088500000, 0x0000000088500000, 0x0000000088600000|  0%| F|  |TAMS 0x0000000088500000, 0x0000000088500000| Untracked 
| 134|0x0000000088600000, 0x0000000088600000, 0x0000000088700000|  0%| F|  |TAMS 0x0000000088600000, 0x0000000088600000| Untracked 
| 135|0x0000000088700000, 0x0000000088700000, 0x0000000088800000|  0%| F|  |TAMS 0x0000000088700000, 0x0000000088700000| Untracked 
| 136|0x0000000088800000, 0x0000000088800000, 0x0000000088900000|  0%| F|  |TAMS 0x0000000088800000, 0x0000000088800000| Untracked 
| 137|0x0000000088900000, 0x0000000088900000, 0x0000000088a00000|  0%| F|  |TAMS 0x0000000088900000, 0x0000000088900000| Untracked 
| 138|0x0000000088a00000, 0x0000000088a00000, 0x0000000088b00000|  0%| F|  |TAMS 0x0000000088a00000, 0x0000000088a00000| Untracked 
| 139|0x0000000088b00000, 0x0000000088b00000, 0x0000000088c00000|  0%| F|  |TAMS 0x0000000088b00000, 0x0000000088b00000| Untracked 
| 140|0x0000000088c00000, 0x0000000088c00000, 0x0000000088d00000|  0%| F|  |TAMS 0x0000000088c00000, 0x0000000088c00000| Untracked 
| 141|0x0000000088d00000, 0x0000000088d00000, 0x0000000088e00000|  0%| F|  |TAMS 0x0000000088d00000, 0x0000000088d00000| Untracked 
| 142|0x0000000088e00000, 0x0000000088e00000, 0x0000000088f00000|  0%| F|  |TAMS 0x0000000088e00000, 0x0000000088e00000| Untracked 
| 143|0x0000000088f00000, 0x0000000088f00000, 0x0000000089000000|  0%| F|  |TAMS 0x0000000088f00000, 0x0000000088f00000| Untracked 
| 144|0x0000000089000000, 0x0000000089000000, 0x0000000089100000|  0%| F|  |TAMS 0x0000000089000000, 0x0000000089000000| Untracked 
| 145|0x0000000089100000, 0x0000000089100000, 0x0000000089200000|  0%| F|  |TAMS 0x0000000089100000, 0x0000000089100000| Untracked 
| 146|0x0000000089200000, 0x0000000089200000, 0x0000000089300000|  0%| F|  |TAMS 0x0000000089200000, 0x0000000089200000| Untracked 
| 147|0x0000000089300000, 0x0000000089300000, 0x0000000089400000|  0%| F|  |TAMS 0x0000000089300000, 0x0000000089300000| Untracked 
| 148|0x0000000089400000, 0x0000000089400000, 0x0000000089500000|  0%| F|  |TAMS 0x0000000089400000, 0x0000000089400000| Untracked 
| 149|0x0000000089500000, 0x0000000089500000, 0x0000000089600000|  0%| F|  |TAMS 0x0000000089500000, 0x0000000089500000| Untracked 
| 150|0x0000000089600000, 0x0000000089600000, 0x0000000089700000|  0%| F|  |TAMS 0x0000000089600000, 0x0000000089600000| Untracked 
| 151|0x0000000089700000, 0x0000000089700000, 0x0000000089800000|  0%| F|  |TAMS 0x0000000089700000, 0x0000000089700000| Untracked 
| 152|0x0000000089800000, 0x0000000089800000, 0x0000000089900000|  0%| F|  |TAMS 0x0000000089800000, 0x0000000089800000| Untracked 
| 153|0x0000000089900000, 0x0000000089900000, 0x0000000089a00000|  0%| F|  |TAMS 0x0000000089900000, 0x0000000089900000| Untracked 
| 154|0x0000000089a00000, 0x0000000089a00000, 0x0000000089b00000|  0%| F|  |TAMS 0x0000000089a00000, 0x0000000089a00000| Untracked 
| 155|0x0000000089b00000, 0x0000000089bcbe80, 0x0000000089c00000| 79%| S|CS|TAMS 0x0000000089b00000, 0x0000000089b00000| Complete 
| 156|0x0000000089c00000, 0x0000000089c00000, 0x0000000089d00000|  0%| F|  |TAMS 0x0000000089c00000, 0x0000000089c00000| Untracked 
| 157|0x0000000089d00000, 0x0000000089d00000, 0x0000000089e00000|  0%| F|  |TAMS 0x0000000089d00000, 0x0000000089d00000| Untracked 
| 158|0x0000000089e00000, 0x0000000089f00000, 0x0000000089f00000|100%| S|CS|TAMS 0x0000000089e00000, 0x0000000089e00000| Complete 
| 159|0x0000000089f00000, 0x0000000089f00000, 0x000000008a000000|  0%| F|  |TAMS 0x0000000089f00000, 0x0000000089f00000| Untracked 
| 160|0x000000008a000000, 0x000000008a000000, 0x000000008a100000|  0%| F|  |TAMS 0x000000008a000000, 0x000000008a000000| Untracked 
| 161|0x000000008a100000, 0x000000008a200000, 0x000000008a200000|100%| S|CS|TAMS 0x000000008a100000, 0x000000008a100000| Complete 
| 162|0x000000008a200000, 0x000000008a300000, 0x000000008a300000|100%| S|CS|TAMS 0x000000008a200000, 0x000000008a200000| Complete 
| 163|0x000000008a300000, 0x000000008a300000, 0x000000008a400000|  0%| F|  |TAMS 0x000000008a300000, 0x000000008a300000| Untracked 
| 164|0x000000008a400000, 0x000000008a400000, 0x000000008a500000|  0%| F|  |TAMS 0x000000008a400000, 0x000000008a400000| Untracked 
| 165|0x000000008a500000, 0x000000008a500000, 0x000000008a600000|  0%| F|  |TAMS 0x000000008a500000, 0x000000008a500000| Untracked 
| 166|0x000000008a600000, 0x000000008a600000, 0x000000008a700000|  0%| F|  |TAMS 0x000000008a600000, 0x000000008a600000| Untracked 
| 167|0x000000008a700000, 0x000000008a700000, 0x000000008a800000|  0%| F|  |TAMS 0x000000008a700000, 0x000000008a700000| Untracked 
| 168|0x000000008a800000, 0x000000008a800000, 0x000000008a900000|  0%| F|  |TAMS 0x000000008a800000, 0x000000008a800000| Untracked 
| 169|0x000000008a900000, 0x000000008a900000, 0x000000008aa00000|  0%| F|  |TAMS 0x000000008a900000, 0x000000008a900000| Untracked 
| 170|0x000000008aa00000, 0x000000008aa00000, 0x000000008ab00000|  0%| F|  |TAMS 0x000000008aa00000, 0x000000008aa00000| Untracked 
| 171|0x000000008ab00000, 0x000000008ab00000, 0x000000008ac00000|  0%| F|  |TAMS 0x000000008ab00000, 0x000000008ab00000| Untracked 
| 172|0x000000008ac00000, 0x000000008ac00000, 0x000000008ad00000|  0%| F|  |TAMS 0x000000008ac00000, 0x000000008ac00000| Untracked 
| 173|0x000000008ad00000, 0x000000008ad00000, 0x000000008ae00000|  0%| F|  |TAMS 0x000000008ad00000, 0x000000008ad00000| Untracked 
| 174|0x000000008ae00000, 0x000000008ae00000, 0x000000008af00000|  0%| F|  |TAMS 0x000000008ae00000, 0x000000008ae00000| Untracked 
| 175|0x000000008af00000, 0x000000008af00000, 0x000000008b000000|  0%| F|  |TAMS 0x000000008af00000, 0x000000008af00000| Untracked 
| 176|0x000000008b000000, 0x000000008b000000, 0x000000008b100000|  0%| F|  |TAMS 0x000000008b000000, 0x000000008b000000| Untracked 
| 177|0x000000008b100000, 0x000000008b100000, 0x000000008b200000|  0%| F|  |TAMS 0x000000008b100000, 0x000000008b100000| Untracked 
| 178|0x000000008b200000, 0x000000008b200000, 0x000000008b300000|  0%| F|  |TAMS 0x000000008b200000, 0x000000008b200000| Untracked 
| 179|0x000000008b300000, 0x000000008b300000, 0x000000008b400000|  0%| F|  |TAMS 0x000000008b300000, 0x000000008b300000| Untracked 
| 180|0x000000008b400000, 0x000000008b400000, 0x000000008b500000|  0%| F|  |TAMS 0x000000008b400000, 0x000000008b400000| Untracked 
| 181|0x000000008b500000, 0x000000008b500000, 0x000000008b600000|  0%| F|  |TAMS 0x000000008b500000, 0x000000008b500000| Untracked 
| 182|0x000000008b600000, 0x000000008b600000, 0x000000008b700000|  0%| F|  |TAMS 0x000000008b600000, 0x000000008b600000| Untracked 
| 183|0x000000008b700000, 0x000000008b700000, 0x000000008b800000|  0%| F|  |TAMS 0x000000008b700000, 0x000000008b700000| Untracked 
| 184|0x000000008b800000, 0x000000008b800000, 0x000000008b900000|  0%| F|  |TAMS 0x000000008b800000, 0x000000008b800000| Untracked 

Card table byte_map: [0x00000226fd240000,0x00000226fd640000] _byte_map_base: 0x00000226fce40000

Marking Bits (Prev, Next): (CMBitMap*) 0x00000226e5724560, (CMBitMap*) 0x00000226e5724528
 Prev Bits: [0x0000022680000000, 0x0000022682000000)
 Next Bits: [0x00000226fda40000, 0x00000226ffa40000)

Polling page: 0x00000226e4ec0000

Metaspace:

Usage:
  Non-class:     91.02 MB capacity,    89.27 MB ( 98%) used,     1.44 MB (  2%) free+waste,   323.81 KB ( <1%) overhead. 
      Class:     14.53 MB capacity,    13.31 MB ( 92%) used,     1.07 MB (  7%) free+waste,   153.50 KB (  1%) overhead. 
       Both:    105.55 MB capacity,   102.58 MB ( 97%) used,     2.51 MB (  2%) free+waste,   477.31 KB ( <1%) overhead. 

Virtual space:
  Non-class space:       92.00 MB reserved,      91.08 MB ( 99%) committed 
      Class space:      504.00 MB reserved,      14.63 MB (  3%) committed 
             Both:      596.00 MB reserved,     105.70 MB ( 18%) committed 

Chunk freelists:
   Non-Class:  60.00 KB
       Class:  35.00 KB
        Both:  95.00 KB

MaxMetaspaceSize: 512.00 MB
CompressedClassSpaceSize: 504.00 MB
Initial GC threshold: 20.80 MB
Current GC threshold: 175.55 MB
CDS: off

CodeHeap 'non-profiled nmethods': size=120064Kb used=8239Kb max_used=8239Kb free=111824Kb
 bounds [0x00000226f5900000, 0x00000226f6110000, 0x00000226fce40000]
CodeHeap 'profiled nmethods': size=120000Kb used=29027Kb max_used=29027Kb free=90972Kb
 bounds [0x00000226ee3d0000, 0x00000226f0030000, 0x00000226f5900000]
CodeHeap 'non-nmethods': size=5696Kb used=2400Kb max_used=2447Kb free=3295Kb
 bounds [0x00000226ede40000, 0x00000226ee0c0000, 0x00000226ee3d0000]
 total_blobs=13607 nmethods=12677 adapters=842
 compilation: enabled
              stopped_count=0, restarted_count=0
 full_count=0

Compilation events (20 events):
Event: 61.462 Thread 0x00000226874bc800 nmethod 12728 0x00000226f6108010 code [0x00000226f61081a0, 0x00000226f61081f8]
Event: 61.462 Thread 0x00000226874bc800 12688       4       com.android.tools.r8.graph.G0::a (16 bytes)
Event: 61.472 Thread 0x00000226874bc800 nmethod 12688 0x00000226f6108310 code [0x00000226f61084e0, 0x00000226f6108b08]
Event: 61.473 Thread 0x00000226874bc800 12686       4       com.android.tools.r8.graph.G0::a (42 bytes)
Event: 61.482 Thread 0x0000022684905000 12738       2       com.android.tools.r8.graph.T::a (53 bytes)
Event: 61.484 Thread 0x0000022684905000 nmethod 12738 0x00000226f0027790 code [0x00000226f0027a20, 0x00000226f0028328]
Event: 61.488 Thread 0x00000226874bc800 nmethod 12686 0x00000226f6108e90 code [0x00000226f61090a0, 0x00000226f6109810]
Event: 61.488 Thread 0x00000226874bc800 12680       4       com.android.tools.r8.graph.G0::b (207 bytes)
Event: 61.534 Thread 0x00000226874bc800 nmethod 12680 0x00000226f610a010 code [0x00000226f610a280, 0x00000226f610acf0]
Event: 61.534 Thread 0x0000022684905000 12740       2       com.android.tools.r8.graph.e::a (8 bytes)
Event: 61.534 Thread 0x00000226874bc800 12657       4       com.android.tools.r8.internal.t4::<init> (5 bytes)
Event: 61.534 Thread 0x0000022684905000 nmethod 12740 0x00000226f0028890 code [0x00000226f0028a40, 0x00000226f0028b38]
Event: 61.534 Thread 0x0000022684905000 12741       2       com.android.tools.r8.graph.c::a (16 bytes)
Event: 61.534 Thread 0x00000226874bc800 nmethod 12657 0x00000226f610b490 code [0x00000226f610b620, 0x00000226f610b678]
Event: 61.534 Thread 0x00000226874bc800 12699       4       java.util.Collections$UnmodifiableCollection::<init> (22 bytes)
Event: 61.534 Thread 0x0000022684905000 nmethod 12741 0x00000226f0028c10 code [0x00000226f0028dc0, 0x00000226f0028eb8]
Event: 61.537 Thread 0x00000226874bc800 nmethod 12699 0x00000226f610b790 code [0x00000226f610b920, 0x00000226f610ba58]
Event: 61.537 Thread 0x00000226874bc800 12742       4       com.android.tools.r8.internal.jt$$Lambda$1548/0x0000000100e5ac40::accept (16 bytes)
Event: 61.538 Thread 0x00000226874bc800 nmethod 12742 0x00000226f610bb10 code [0x00000226f610bca0, 0x00000226f610bd98]
Event: 61.538 Thread 0x00000226874bc800 12709       4       com.android.tools.r8.internal.ko::a (63 bytes)

GC Heap History (20 events):
Event: 58.501 GC heap after
{Heap after GC invocations=44 (full 0):
 garbage-first heap   total 131072K, used 97173K [0x0000000080000000, 0x0000000100000000)
  region size 1024K, 2 young (2048K), 2 survivors (2048K)
 Metaspace       used 97602K, capacity 100299K, committed 100560K, reserved 604160K
  class space    used 12535K, capacity 13610K, committed 13696K, reserved 516096K
}
Event: 58.728 GC heap before
{Heap before GC invocations=44 (full 0):
 garbage-first heap   total 131072K, used 113557K [0x0000000080000000, 0x0000000100000000)
  region size 1024K, 17 young (17408K), 2 survivors (2048K)
 Metaspace       used 97911K, capacity 100672K, committed 100816K, reserved 604160K
  class space    used 12582K, capacity 13649K, committed 13696K, reserved 516096K
}
Event: 58.737 GC heap after
{Heap after GC invocations=45 (full 0):
 garbage-first heap   total 131072K, used 101214K [0x0000000080000000, 0x0000000100000000)
  region size 1024K, 3 young (3072K), 3 survivors (3072K)
 Metaspace       used 97911K, capacity 100672K, committed 100816K, reserved 604160K
  class space    used 12582K, capacity 13649K, committed 13696K, reserved 516096K
}
Event: 58.821 GC heap before
{Heap before GC invocations=45 (full 0):
 garbage-first heap   total 131072K, used 113502K [0x0000000080000000, 0x0000000100000000)
  region size 1024K, 15 young (15360K), 3 survivors (3072K)
 Metaspace       used 98025K, capacity 100785K, committed 100816K, reserved 604160K
  class space    used 12598K, capacity 13687K, committed 13696K, reserved 516096K
}
Event: 58.829 GC heap after
{Heap after GC invocations=46 (full 0):
 garbage-first heap   total 157696K, used 103175K [0x0000000080000000, 0x0000000100000000)
  region size 1024K, 2 young (2048K), 2 survivors (2048K)
 Metaspace       used 98025K, capacity 100785K, committed 100816K, reserved 604160K
  class space    used 12598K, capacity 13687K, committed 13696K, reserved 516096K
}
Event: 59.086 GC heap before
{Heap before GC invocations=46 (full 0):
 garbage-first heap   total 157696K, used 124679K [0x0000000080000000, 0x0000000100000000)
  region size 1024K, 24 young (24576K), 2 survivors (2048K)
 Metaspace       used 99027K, capacity 101752K, committed 101968K, reserved 606208K
  class space    used 12725K, capacity 13795K, committed 13824K, reserved 516096K
}
Event: 59.093 GC heap after
{Heap after GC invocations=47 (full 0):
 garbage-first heap   total 157696K, used 108073K [0x0000000080000000, 0x0000000100000000)
  region size 1024K, 3 young (3072K), 3 survivors (3072K)
 Metaspace       used 99027K, capacity 101752K, committed 101968K, reserved 606208K
  class space    used 12725K, capacity 13795K, committed 13824K, reserved 516096K
}
Event: 59.305 GC heap before
{Heap before GC invocations=48 (full 0):
 garbage-first heap   total 157696K, used 127529K [0x0000000080000000, 0x0000000100000000)
  region size 1024K, 23 young (23552K), 3 survivors (3072K)
 Metaspace       used 99680K, capacity 102449K, committed 102608K, reserved 606208K
  class space    used 12819K, capacity 13900K, committed 13952K, reserved 516096K
}
Event: 59.310 GC heap after
{Heap after GC invocations=49 (full 0):
 garbage-first heap   total 157696K, used 110759K [0x0000000080000000, 0x0000000100000000)
  region size 1024K, 3 young (3072K), 3 survivors (3072K)
 Metaspace       used 99680K, capacity 102449K, committed 102608K, reserved 606208K
  class space    used 12819K, capacity 13900K, committed 13952K, reserved 516096K
}
Event: 59.750 GC heap before
{Heap before GC invocations=49 (full 0):
 garbage-first heap   total 157696K, used 130215K [0x0000000080000000, 0x0000000100000000)
  region size 1024K, 22 young (22528K), 3 survivors (3072K)
 Metaspace       used 101542K, capacity 104310K, committed 104400K, reserved 608256K
  class space    used 13080K, capacity 14184K, committed 14208K, reserved 516096K
}
Event: 59.758 GC heap after
{Heap after GC invocations=50 (full 0):
 garbage-first heap   total 157696K, used 112096K [0x0000000080000000, 0x0000000100000000)
  region size 1024K, 3 young (3072K), 3 survivors (3072K)
 Metaspace       used 101542K, capacity 104310K, committed 104400K, reserved 608256K
  class space    used 13080K, capacity 14184K, committed 14208K, reserved 516096K
}
Event: 60.008 GC heap before
{Heap before GC invocations=50 (full 0):
 garbage-first heap   total 157696K, used 129504K [0x0000000080000000, 0x0000000100000000)
  region size 1024K, 21 young (21504K), 3 survivors (3072K)
 Metaspace       used 101765K, capacity 104610K, committed 104656K, reserved 608256K
  class space    used 13098K, capacity 14195K, committed 14208K, reserved 516096K
}
Event: 60.025 GC heap after
{Heap after GC invocations=51 (full 0):
 garbage-first heap   total 189440K, used 117012K [0x0000000080000000, 0x0000000100000000)
  region size 1024K, 3 young (3072K), 3 survivors (3072K)
 Metaspace       used 101765K, capacity 104610K, committed 104656K, reserved 608256K
  class space    used 13098K, capacity 14195K, committed 14208K, reserved 516096K
}
Event: 60.516 GC heap before
{Heap before GC invocations=52 (full 0):
 garbage-first heap   total 189440K, used 144660K [0x0000000080000000, 0x0000000100000000)
  region size 1024K, 30 young (30720K), 3 survivors (3072K)
 Metaspace       used 103310K, capacity 106181K, committed 106448K, reserved 608256K
  class space    used 13320K, capacity 14444K, committed 14464K, reserved 516096K
}
Event: 60.537 GC heap after
{Heap after GC invocations=53 (full 0):
 garbage-first heap   total 189440K, used 122379K [0x0000000080000000, 0x0000000100000000)
  region size 1024K, 4 young (4096K), 4 survivors (4096K)
 Metaspace       used 103310K, capacity 106181K, committed 106448K, reserved 608256K
  class space    used 13320K, capacity 14444K, committed 14464K, reserved 516096K
}
Event: 60.826 GC heap before
{Heap before GC invocations=53 (full 0):
 garbage-first heap   total 189440K, used 149003K [0x0000000080000000, 0x0000000100000000)
  region size 1024K, 30 young (30720K), 4 survivors (4096K)
 Metaspace       used 104152K, capacity 107182K, committed 107216K, reserved 610304K
  class space    used 13468K, capacity 14690K, committed 14720K, reserved 516096K
}
Event: 60.865 GC heap after
{Heap after GC invocations=54 (full 0):
 garbage-first heap   total 189440K, used 128374K [0x0000000080000000, 0x0000000100000000)
  region size 1024K, 4 young (4096K), 4 survivors (4096K)
 Metaspace       used 104152K, capacity 107182K, committed 107216K, reserved 610304K
  class space    used 13468K, capacity 14690K, committed 14720K, reserved 516096K
}
Event: 61.099 GC heap before
{Heap before GC invocations=54 (full 0):
 garbage-first heap   total 189440K, used 152950K [0x0000000080000000, 0x0000000100000000)
  region size 1024K, 28 young (28672K), 4 survivors (4096K)
 Metaspace       used 104274K, capacity 107341K, committed 107472K, reserved 610304K
  class space    used 13491K, capacity 14720K, committed 14720K, reserved 516096K
}
Event: 61.117 GC heap after
{Heap after GC invocations=55 (full 0):
 garbage-first heap   total 189440K, used 133049K [0x0000000080000000, 0x0000000100000000)
  region size 1024K, 4 young (4096K), 4 survivors (4096K)
 Metaspace       used 104274K, capacity 107341K, committed 107472K, reserved 610304K
  class space    used 13491K, capacity 14720K, committed 14720K, reserved 516096K
}
Event: 61.541 GC heap before
{Heap before GC invocations=55 (full 0):
 garbage-first heap   total 189440K, used 155577K [0x0000000080000000, 0x0000000100000000)
  region size 1024K, 26 young (26624K), 4 survivors (4096K)
 Metaspace       used 105036K, capacity 108081K, committed 108240K, reserved 610304K
  class space    used 13629K, capacity 14877K, committed 14976K, reserved 516096K
}

Deoptimization events (20 events):
Event: 61.063 Thread 0x000002268702f000 Uncommon trap: trap_request=0xffffffde fr.pc=0x00000226f60d4d84 relative=0x0000000000000404
Event: 61.066 Thread 0x000002268702b800 Uncommon trap: trap_request=0xffffffde fr.pc=0x00000226f60d4d84 relative=0x0000000000000404
Event: 61.070 Thread 0x000002268702f000 Uncommon trap: reason=class_check action=maybe_recompile pc=0x00000226f60d4d84 method=com.android.tools.r8.internal.ad.a(I)Ljava/lang/Object; @ 9 c2
Event: 61.070 Thread 0x000002268702b800 Uncommon trap: reason=class_check action=maybe_recompile pc=0x00000226f60d4d84 method=com.android.tools.r8.internal.ad.a(I)Ljava/lang/Object; @ 9 c2
Event: 61.070 Thread 0x000002268702f000 DEOPT PACKING pc=0x00000226f60d4d84 sp=0x00000047d3afa1e0
Event: 61.070 Thread 0x000002268702f000 DEOPT UNPACKING pc=0x00000226ede8a1af sp=0x00000047d3afa0d0 mode 2
Event: 61.070 Thread 0x000002268702b800 DEOPT PACKING pc=0x00000226f60d4d84 sp=0x00000047d3bfa0a0
Event: 61.070 Thread 0x000002268702b800 DEOPT UNPACKING pc=0x00000226ede8a1af sp=0x00000047d3bf9f90 mode 2
Event: 61.070 Thread 0x000002268702b800 Uncommon trap: trap_request=0xffffffc6 fr.pc=0x00000226f60d4de8 relative=0x0000000000000468
Event: 61.070 Thread 0x000002268702f000 Uncommon trap: trap_request=0xffffffc6 fr.pc=0x00000226f60d4de8 relative=0x0000000000000468
Event: 61.071 Thread 0x000002268702b800 Uncommon trap: reason=bimorphic_or_optimized_type_check action=maybe_recompile pc=0x00000226f60d4de8 method=com.android.tools.r8.internal.Jj.hasNext()Z @ 9 c2
Event: 61.071 Thread 0x000002268702f000 Uncommon trap: reason=bimorphic_or_optimized_type_check action=maybe_recompile pc=0x00000226f60d4de8 method=com.android.tools.r8.internal.Jj.hasNext()Z @ 9 c2
Event: 61.071 Thread 0x000002268702b800 DEOPT PACKING pc=0x00000226f60d4de8 sp=0x00000047d3bfa050
Event: 61.071 Thread 0x000002268702b800 DEOPT UNPACKING pc=0x00000226ede8a1af sp=0x00000047d3bfa008 mode 2
Event: 61.071 Thread 0x000002268702f000 DEOPT PACKING pc=0x00000226f60d4de8 sp=0x00000047d3afa190
Event: 61.071 Thread 0x000002268702f000 DEOPT UNPACKING pc=0x00000226ede8a1af sp=0x00000047d3afa148 mode 2
Event: 61.250 Thread 0x000002268702f000 Uncommon trap: trap_request=0xffffff4d fr.pc=0x00000226f60ef4a8 relative=0x0000000000000088
Event: 61.250 Thread 0x000002268702f000 Uncommon trap: reason=unstable_if action=reinterpret pc=0x00000226f60ef4a8 method=java.lang.Integer.compare(II)I @ 11 c2
Event: 61.250 Thread 0x000002268702f000 DEOPT PACKING pc=0x00000226f60ef4a8 sp=0x00000047d3af9ac0
Event: 61.250 Thread 0x000002268702f000 DEOPT UNPACKING pc=0x00000226ede8a1af sp=0x00000047d3af99f0 mode 2

Classes redefined (0 events):
No events

Internal exceptions (20 events):
Event: 59.327 Thread 0x0000022684c5e800 Exception <a 'sun/nio/fs/WindowsException'{0x00000000896c5ed8}> (0x00000000896c5ed8) thrown at [./src/hotspot/share/prims/jni.cpp, line 617]
Event: 59.375 Thread 0x0000022687029800 Exception <a 'java/lang/NoSuchMethodError'{0x00000000894267e0}: 'java.lang.Object java.lang.invoke.DirectMethodHandle$Holder.invokeStatic(java.lang.Object, java.lang.Object, java.lang.Object, java.lang.Object, java.lang.Object, java.lang.Object, java.lang.Object, java.lang.Object, java.lang.Object, java.lang.Object, java.lang.Object, java.lang.Object, java.lang.Object, java.lang.Object, java.lang.Object, java.lang.Object, java.lang.Object, java.lang.Object, int, java.lang.Object)'> (0x00000000894267e0) thr
Event: 59.375 Thread 0x0000022687029800 Exception <a 'java/lang/NoSuchMethodError'{0x000000008942c868}: 'java.lang.Object java.lang.invoke.DirectMethodHandle$Holder.invokeStaticInit(java.lang.Object, java.lang.Object, java.lang.Object, java.lang.Object, java.lang.Object, java.lang.Object, java.lang.Object, java.lang.Object, java.lang.Object, java.lang.Object, java.lang.Object, java.lang.Object, java.lang.Object, java.lang.Object, java.lang.Object, java.lang.Object, java.lang.Object, java.lang.Object, int, java.lang.Object)'> (0x000000008942c868)
Event: 59.416 Thread 0x000002268702b800 Exception <a 'java/lang/IncompatibleClassChangeError'{0x00000000893462a8}: Found class java.lang.Object, but interface was expected> (0x00000000893462a8) thrown at [./src/hotspot/share/interpreter/linkResolver.cpp, line 839]
Event: 59.416 Thread 0x0000022684c5e800 Exception <a 'java/lang/IncompatibleClassChangeError'{0x0000000089491b20}: Found class java.lang.Object, but interface was expected> (0x0000000089491b20) thrown at [./src/hotspot/share/interpreter/linkResolver.cpp, line 839]
Event: 59.416 Thread 0x0000022687029800 Exception <a 'java/lang/IncompatibleClassChangeError'{0x00000000894b79a8}: Found class java.lang.Object, but interface was expected> (0x00000000894b79a8) thrown at [./src/hotspot/share/interpreter/linkResolver.cpp, line 839]
Event: 59.708 Thread 0x000002268702f000 Exception <a 'java/lang/NoSuchMethodError'{0x00000000889c3728}: 'int java.lang.invoke.DirectMethodHandle$Holder.invokeVirtual(java.lang.Object, java.lang.Object, java.lang.Object, java.lang.Object)'> (0x00000000889c3728) thrown at [./src/hotspot/share/interpreter/linkResolver.cpp, line 773]
Event: 59.708 Thread 0x0000022687029800 Exception <a 'java/lang/NoSuchMethodError'{0x00000000889aceb0}: 'int java.lang.invoke.DirectMethodHandle$Holder.invokeVirtual(java.lang.Object, java.lang.Object, java.lang.Object, java.lang.Object)'> (0x00000000889aceb0) thrown at [./src/hotspot/share/interpreter/linkResolver.cpp, line 773]
Event: 59.825 Thread 0x000002268702b800 Exception <a 'java/lang/NoSuchMethodError'{0x00000000896cade8}: 'long java.lang.invoke.DirectMethodHandle$Holder.invokeStatic(java.lang.Object, java.lang.Object)'> (0x00000000896cade8) thrown at [./src/hotspot/share/interpreter/linkResolver.cpp, line 773]
Event: 60.082 Thread 0x0000022687029800 Exception <a 'java/lang/IncompatibleClassChangeError'{0x000000008b7e02a0}: Found class java.lang.Object, but interface was expected> (0x000000008b7e02a0) thrown at [./src/hotspot/share/interpreter/linkResolver.cpp, line 839]
Event: 60.086 Thread 0x0000022687029800 Exception <a 'java/lang/NoSuchMethodError'{0x000000008b7e8038}: 'java.lang.Object java.lang.invoke.DirectMethodHandle$Holder.newInvokeSpecial(java.lang.Object, int)'> (0x000000008b7e8038) thrown at [./src/hotspot/share/interpreter/linkResolver.cpp, line 773]
Event: 60.087 Thread 0x000002268702f000 Exception <a 'java/lang/NoSuchMethodError'{0x000000008b7fd960}: 'java.lang.Object java.lang.invoke.DirectMethodHandle$Holder.newInvokeSpecial(java.lang.Object, int)'> (0x000000008b7fd960) thrown at [./src/hotspot/share/interpreter/linkResolver.cpp, line 773]
Event: 60.092 Thread 0x0000022687029800 Exception <a 'java/lang/IncompatibleClassChangeError'{0x000000008b669710}: Found class java.lang.Object, but interface was expected> (0x000000008b669710) thrown at [./src/hotspot/share/interpreter/linkResolver.cpp, line 839]
Event: 60.092 Thread 0x000002268702f000 Exception <a 'java/lang/IncompatibleClassChangeError'{0x000000008b604e90}: Found class java.lang.Object, but interface was expected> (0x000000008b604e90) thrown at [./src/hotspot/share/interpreter/linkResolver.cpp, line 839]
Event: 60.092 Thread 0x000002268702b800 Exception <a 'java/lang/IncompatibleClassChangeError'{0x000000008b654da8}: Found class java.lang.Object, but interface was expected> (0x000000008b654da8) thrown at [./src/hotspot/share/interpreter/linkResolver.cpp, line 839]
Event: 60.093 Thread 0x000002268702b800 Exception <a 'java/lang/IncompatibleClassChangeError'{0x000000008b65ec38}: Found class java.lang.Object, but interface was expected> (0x000000008b65ec38) thrown at [./src/hotspot/share/interpreter/linkResolver.cpp, line 839]
Event: 60.241 Thread 0x000002268702b800 Exception <a 'java/lang/IncompatibleClassChangeError'{0x000000008ac20690}: Found class java.lang.Object, but interface was expected> (0x000000008ac20690) thrown at [./src/hotspot/share/interpreter/linkResolver.cpp, line 839]
Event: 60.704 Thread 0x0000022687029800 Exception <a 'java/lang/NoSuchMethodError'{0x000000008a856c88}: 'java.lang.Object java.lang.invoke.DirectMethodHandle$Holder.invokeStatic(java.lang.Object, int, java.lang.Object, java.lang.Object)'> (0x000000008a856c88) thrown at [./src/hotspot/share/interpreter/linkResolver.cpp, line 773]
Event: 61.497 Thread 0x000002268702f000 Exception <a 'java/lang/NoSuchMethodError'{0x000000008a37c3f8}: 'java.lang.Object java.lang.invoke.DirectMethodHandle$Holder.invokeVirtual(java.lang.Object, java.lang.Object, int, java.lang.Object)'> (0x000000008a37c3f8) thrown at [./src/hotspot/share/interpreter/linkResolver.cpp, line 773]
Event: 61.531 Thread 0x0000022687029800 Exception <a 'java/lang/NoSuchMethodError'{0x000000008a341c78}: 'java.lang.Object java.lang.invoke.DirectMethodHandle$Holder.invokeVirtual(java.lang.Object, java.lang.Object, int, java.lang.Object)'> (0x000000008a341c78) thrown at [./src/hotspot/share/interpreter/linkResolver.cpp, line 773]

Events (20 events):
Event: 61.495 loading class com/android/tools/r8/internal/V4 done
Event: 61.496 loading class com/android/tools/r8/graph/d0
Event: 61.496 loading class com/android/tools/r8/graph/d0 done
Event: 61.496 loading class com/android/tools/r8/internal/e5$a
Event: 61.496 loading class com/android/tools/r8/internal/e5$a done
Event: 61.497 Executing VM operation: BulkRevokeBias
Event: 61.497 loading class com/android/tools/r8/graph/d0
Event: 61.497 loading class com/android/tools/r8/graph/d0 done
Event: 61.521 Executing VM operation: BulkRevokeBias done
Event: 61.531 Executing VM operation: RevokeBias
Event: 61.531 loading class com/android/tools/r8/graph/d0
Event: 61.531 loading class com/android/tools/r8/graph/d0 done
Event: 61.531 loading class com/android/tools/r8/internal/e5
Event: 61.531 loading class com/android/tools/r8/internal/e5 done
Event: 61.532 Executing VM operation: RevokeBias done
Event: 61.534 loading class com/android/tools/r8/internal/e5
Event: 61.534 loading class com/android/tools/r8/internal/e5 done
Event: 61.538 loading class com/android/tools/r8/internal/l4$a
Event: 61.538 loading class com/android/tools/r8/internal/l4$a done
Event: 61.540 Executing VM operation: G1CollectForAllocation


Dynamic libraries:
0x00007ff70e300000 - 0x00007ff70e30d000 	C:\Program Files\OpenJDK\openjdk-11.0.15_10\bin\java.exe
0x00007ff9caeb0000 - 0x00007ff9cb0a7000 	C:\WINDOWS\SYSTEM32\ntdll.dll
0x00007ff9cac10000 - 0x00007ff9caccd000 	C:\WINDOWS\System32\KERNEL32.DLL
0x00007ff9c8810000 - 0x00007ff9c8add000 	C:\WINDOWS\System32\KERNELBASE.dll
0x00007ff9c8c80000 - 0x00007ff9c8d80000 	C:\WINDOWS\System32\ucrtbase.dll
0x00007ff9a56f0000 - 0x00007ff9a5706000 	C:\Program Files\OpenJDK\openjdk-11.0.15_10\bin\VCRUNTIME140.dll
0x00007ff9a5610000 - 0x00007ff9a5628000 	C:\Program Files\OpenJDK\openjdk-11.0.15_10\bin\jli.dll
0x00007ff9c9d10000 - 0x00007ff9c9eb0000 	C:\WINDOWS\System32\USER32.dll
0x00007ff9c8680000 - 0x00007ff9c86a2000 	C:\WINDOWS\System32\win32u.dll
0x00007ff9ca2c0000 - 0x00007ff9ca2ea000 	C:\WINDOWS\System32\GDI32.dll
0x00007ff9b8a90000 - 0x00007ff9b8d2a000 	C:\WINDOWS\WinSxS\amd64_microsoft.windows.common-controls_6595b64144ccf1df_6.0.19041.1110_none_60b5254171f9507e\COMCTL32.dll
0x00007ff9c8ae0000 - 0x00007ff9c8beb000 	C:\WINDOWS\System32\gdi32full.dll
0x00007ff9ca2f0000 - 0x00007ff9ca38e000 	C:\WINDOWS\System32\msvcrt.dll
0x00007ff9c8720000 - 0x00007ff9c87bd000 	C:\WINDOWS\System32\msvcp_win.dll
0x00007ff9c8f10000 - 0x00007ff9c8f40000 	C:\WINDOWS\System32\IMM32.DLL
0x00007ff989b40000 - 0x00007ff989bea000 	C:\Program Files\OpenJDK\openjdk-11.0.15_10\bin\msvcp140.dll
0x00007ff978240000 - 0x00007ff978d91000 	C:\Program Files\OpenJDK\openjdk-11.0.15_10\bin\server\jvm.dll
0x00007ff9c9560000 - 0x00007ff9c960e000 	C:\WINDOWS\System32\ADVAPI32.dll
0x00007ff9ca080000 - 0x00007ff9ca11c000 	C:\WINDOWS\System32\sechost.dll
0x00007ff9c9b30000 - 0x00007ff9c9c55000 	C:\WINDOWS\System32\RPCRT4.dll
0x00007ff9c9f10000 - 0x00007ff9c9f18000 	C:\WINDOWS\System32\PSAPI.DLL
0x00007ff9bb4b0000 - 0x00007ff9bb4d7000 	C:\WINDOWS\SYSTEM32\WINMM.dll
0x00007ff9c02a0000 - 0x00007ff9c02a9000 	C:\WINDOWS\SYSTEM32\WSOCK32.dll
0x00007ff9cacd0000 - 0x00007ff9cad3b000 	C:\WINDOWS\System32\WS2_32.dll
0x00007ff9bf190000 - 0x00007ff9bf19a000 	C:\WINDOWS\SYSTEM32\VERSION.dll
0x00007ff9c6eb0000 - 0x00007ff9c6ec2000 	C:\WINDOWS\SYSTEM32\kernel.appcore.dll
0x00007ff9a51a0000 - 0x00007ff9a51b1000 	C:\Program Files\OpenJDK\openjdk-11.0.15_10\bin\verify.dll
0x00007ff9c6b70000 - 0x00007ff9c6d54000 	C:\WINDOWS\SYSTEM32\DBGHELP.DLL
0x00007ff9c25c0000 - 0x00007ff9c25ec000 	C:\WINDOWS\SYSTEM32\dbgcore.DLL
0x00007ff9c8bf0000 - 0x00007ff9c8c72000 	C:\WINDOWS\System32\bcryptPrimitives.dll
0x00007ff9a5170000 - 0x00007ff9a5199000 	C:\Program Files\OpenJDK\openjdk-11.0.15_10\bin\java.dll
0x00007ff9a9a10000 - 0x00007ff9a9a1a000 	C:\Program Files\OpenJDK\openjdk-11.0.15_10\bin\jimage.dll
0x00007ff9a3bf0000 - 0x00007ff9a3c08000 	C:\Program Files\OpenJDK\openjdk-11.0.15_10\bin\zip.dll
0x00007ff9ca440000 - 0x00007ff9cab84000 	C:\WINDOWS\System32\SHELL32.dll
0x00007ff9c63d0000 - 0x00007ff9c6b64000 	C:\WINDOWS\SYSTEM32\windows.storage.dll
0x00007ff9c9690000 - 0x00007ff9c99e4000 	C:\WINDOWS\System32\combase.dll
0x00007ff9c8030000 - 0x00007ff9c805c000 	C:\WINDOWS\SYSTEM32\Wldp.dll
0x00007ff9ca390000 - 0x00007ff9ca43d000 	C:\WINDOWS\System32\SHCORE.dll
0x00007ff9c9eb0000 - 0x00007ff9c9f05000 	C:\WINDOWS\System32\shlwapi.dll
0x00007ff9c8510000 - 0x00007ff9c852f000 	C:\WINDOWS\SYSTEM32\profapi.dll
0x00007ff9a3bd0000 - 0x00007ff9a3be9000 	C:\Program Files\OpenJDK\openjdk-11.0.15_10\bin\net.dll
0x00007ff9c00d0000 - 0x00007ff9c01da000 	C:\WINDOWS\SYSTEM32\WINHTTP.dll
0x00007ff9c7d90000 - 0x00007ff9c7dfa000 	C:\WINDOWS\system32\mswsock.dll
0x00007ff9a31a0000 - 0x00007ff9a31b3000 	C:\Program Files\OpenJDK\openjdk-11.0.15_10\bin\nio.dll
0x00007ff9b65f0000 - 0x00007ff9b6617000 	C:\Users\Tom\.gradle\native\e1d6ef7f7dcc3fd88c89a11ec53ec762bb8ba0a96d01ffa2cd45eb1d1d8dd5c5\windows-amd64\native-platform.dll
0x00007ff998b10000 - 0x00007ff998c54000 	C:\Users\Tom\.gradle\native\5664cfc778a61ccfe75a443a1ab52a65af34e5dc3c78e0209fed803814484fcb\windows-amd64\native-platform-file-events.dll
0x00007ff9a9a20000 - 0x00007ff9a9a29000 	C:\Program Files\OpenJDK\openjdk-11.0.15_10\bin\management.dll
0x00007ff9a6560000 - 0x00007ff9a656c000 	C:\Program Files\OpenJDK\openjdk-11.0.15_10\bin\management_ext.dll
0x00007ff9c7f80000 - 0x00007ff9c7f98000 	C:\WINDOWS\SYSTEM32\CRYPTSP.dll
0x00007ff9c7640000 - 0x00007ff9c7674000 	C:\WINDOWS\system32\rsaenh.dll
0x00007ff9c8d80000 - 0x00007ff9c8da7000 	C:\WINDOWS\System32\bcrypt.dll
0x00007ff9c8490000 - 0x00007ff9c84be000 	C:\WINDOWS\SYSTEM32\USERENV.dll
0x00007ff9c7fa0000 - 0x00007ff9c7fac000 	C:\WINDOWS\SYSTEM32\CRYPTBASE.dll
0x00007ff9c7a30000 - 0x00007ff9c7a6b000 	C:\WINDOWS\SYSTEM32\IPHLPAPI.DLL
0x00007ff9cad40000 - 0x00007ff9cad48000 	C:\WINDOWS\System32\NSI.dll
0x00007ff9c0490000 - 0x00007ff9c04a7000 	C:\WINDOWS\SYSTEM32\dhcpcsvc6.DLL
0x00007ff9c0eb0000 - 0x00007ff9c0ecd000 	C:\WINDOWS\SYSTEM32\dhcpcsvc.DLL
0x00007ff9c7ac0000 - 0x00007ff9c7b8b000 	C:\WINDOWS\SYSTEM32\DNSAPI.dll

dbghelp: loaded successfully - version: 4.0.5 - missing functions: none
symbol engine: initialized successfully - sym options: 0x614 - pdb path: .;C:\Program Files\OpenJDK\openjdk-11.0.15_10\bin;C:\WINDOWS\SYSTEM32;C:\WINDOWS\WinSxS\amd64_microsoft.windows.common-controls_6595b64144ccf1df_6.0.19041.1110_none_60b5254171f9507e;C:\Program Files\OpenJDK\openjdk-11.0.15_10\bin\server;C:\Users\Tom\.gradle\native\e1d6ef7f7dcc3fd88c89a11ec53ec762bb8ba0a96d01ffa2cd45eb1d1d8dd5c5\windows-amd64;C:\Users\Tom\.gradle\native\5664cfc778a61ccfe75a443a1ab52a65af34e5dc3c78e0209fed803814484fcb\windows-amd64

VM Arguments:
jvm_args: -XX:MaxMetaspaceSize=512m --add-opens=java.base/java.util=ALL-UNNAMED --add-opens=java.base/java.lang=ALL-UNNAMED --add-opens=java.base/java.lang.invoke=ALL-UNNAMED --add-opens=java.base/java.util=ALL-UNNAMED --add-opens=java.prefs/java.util.prefs=ALL-UNNAMED --add-opens=java.prefs/java.util.prefs=ALL-UNNAMED --add-opens=java.base/java.nio.charset=ALL-UNNAMED --add-opens=java.base/java.net=ALL-UNNAMED --add-opens=java.base/java.util.concurrent.atomic=ALL-UNNAMED -Xmx2048m -Dfile.encoding=windows-1252 -Duser.country=GB -Duser.language=en -Duser.variant 
java_command: org.gradle.launcher.daemon.bootstrap.GradleDaemon 7.3.3
java_class_path (initial): C:\Users\Tom\.gradle\wrapper\dists\gradle-7.3.3-all\4295vidhdd9hd3gbjyw1xqxpo\gradle-7.3.3\lib\gradle-launcher-7.3.3.jar
Launcher Type: SUN_STANDARD

[Global flags]
     intx CICompilerCount                          = 3                                         {product} {ergonomic}
   size_t CompressedClassSpaceSize                 = 528482304                                 {product} {ergonomic}
     uint ConcGCThreads                            = 1                                         {product} {ergonomic}
     uint G1ConcRefinementThreads                  = 4                                         {product} {ergonomic}
   size_t G1HeapRegionSize                         = 1048576                                   {product} {ergonomic}
    uintx GCDrainStackTargetSize                   = 64                                        {product} {ergonomic}
   size_t InitialHeapSize                          = 134217728                                 {product} {ergonomic}
   size_t MarkStackSize                            = 4194304                                   {product} {ergonomic}
   size_t MaxHeapSize                              = 2147483648                                {product} {command line}
   size_t MaxMetaspaceSize                         = 536870912                                 {product} {command line}
   size_t MaxNewSize                               = 1287651328                                {product} {ergonomic}
   size_t MinHeapDeltaBytes                        = 1048576                                   {product} {ergonomic}
    uintx NonNMethodCodeHeapSize                   = 5830732                                {pd product} {ergonomic}
    uintx NonProfiledCodeHeapSize                  = 122913754                              {pd product} {ergonomic}
    uintx ProfiledCodeHeapSize                     = 122913754                              {pd product} {ergonomic}
    uintx ReservedCodeCacheSize                    = 251658240                              {pd product} {ergonomic}
     bool SegmentedCodeCache                       = true                                      {product} {ergonomic}
     bool UseCompressedClassPointers               = true                                 {lp64_product} {ergonomic}
     bool UseCompressedOops                        = true                                 {lp64_product} {ergonomic}
     bool UseG1GC                                  = true                                      {product} {ergonomic}
     bool UseLargePagesIndividualAllocation        = false                                  {pd product} {ergonomic}

Logging:
Log output configuration:
 #0: stdout all=warning uptime,level,tags
 #1: stderr all=off uptime,level,tags

Environment Variables:
JAVA_HOME=C:\Program Files\OpenJDK\openjdk-11.0.15_10
CLASSPATH=C:\Users\Tom\Documents\Programmation\React Native\projectRNcli\android\\gradle\wrapper\gradle-wrapper.jar
PATH=C:\Users\Tom\Documents\Programmation\React Native\projectRNcli\android\node_modules\.bin;C:\Users\Tom\Documents\Programmation\React Native\projectRNcli\node_modules\.bin;C:\Users\Tom\Documents\Programmation\React Native\node_modules\.bin;C:\Users\Tom\Documents\Programmation\node_modules\.bin;C:\Users\Tom\Documents\node_modules\.bin;C:\Users\Tom\node_modules\.bin;C:\Users\node_modules\.bin;C:\node_modules\.bin;C:\Program Files\nodejs;C:\Users\Tom\Documents\Programmation\React Native\projectRNcli\node_modules\.bin;C:\Users\Tom\Documents\Programmation\React Native\node_modules\.bin;C:\Users\Tom\Documents\Programmation\node_modules\.bin;C:\Users\Tom\Documents\node_modules\.bin;C:\Users\Tom\node_modules\.bin;C:\Users\node_modules\.bin;C:\node_modules\.bin;C:\Program Files\nodejs\node_modules\npm\node_modules\@npmcli\run-script\lib\node-gyp-bin;C:\Python310\Scripts\;C:\Python310\;C:\Program Files\Common Files\Oracle\Java\javapath;C:\Program Files (x86)\Intel\Intel(R) Management Engine Components\iCLS\;C:\Program Files\Intel\Intel(R) Management Engine Components\iCLS\;C:\windows\system32;C:\windows;C:\windows\System32\Wbem;C:\windows\System32\WindowsPowerShell\v1.0\;C:\Program Files (x86)\Intel\Intel(R) Management Engine Components\DAL;C:\Program Files\Intel\Intel(R) Management Engine Components\DAL;C:\Program Files (x86)\Intel\Intel(R) Management Engine Components\IPT;C:\Program Files\Intel\Intel(R) Management Engine Components\IPT;C:\Program Files (x86)\NVIDIA Corporation\PhysX\Common;C:\WINDOWS\system32;C:\WINDOWS;C:\WINDOWS\System32\Wbem;C:\WINDOWS\System32\WindowsPowerShell\v1.0\;C:\WINDOWS\System32\OpenSSH\;C:\Program Files\Microchip\xc8\v2.36\bin;C:\ProgramData\chocolatey\bin;C:\Program Files\OpenJDK\openjdk-11.0.15_10\bin;C:\Program Files\nodejs\;C:\Users\Tom\AppData\Local\Microsoft\WindowsApps;C:\Users\Tom\AppData\Local\Programs\Microsoft VS Code\bin;C:\Users\Tom\AppData\Local\Android\Sdk\platform-tools;C:\Users\Tom\AppData\Roaming\npm;C:\Users\Tom\Documents\Pro
USERNAME=Tom
LANG=en_GB.UTF-8
OS=Windows_NT
PROCESSOR_IDENTIFIER=Intel64 Family 6 Model 142 Stepping 10, GenuineIntel



---------------  S Y S T E M  ---------------

OS: Windows 10 , 64 bit Build 19041 (10.0.19041.1741)
OS uptime: 0 days 4:54 hours

CPU:total 4 (initial active 4) (2 cores per cpu, 2 threads per core) family 6 model 142 stepping 10 microcode 0xb4, cmov, cx8, fxsr, mmx, sse, sse2, sse3, ssse3, sse4.1, sse4.2, popcnt, avx, avx2, aes, clmul, erms, 3dnowpref, lzcnt, ht, tsc, tscinvbit, bmi1, bmi2, adx, fma

Memory: 4k page, system-wide physical 8107M (581M free)
TotalPageFile size 8107M (AvailPageFile size 141M)
current process WorkingSet (physical memory assigned to process): 488M, peak: 488M
current process commit charge ("private bytes"): 537M, peak: 681M

vm_info: OpenJDK 64-Bit Server VM (11.0.15+10) for windows-amd64 JRE (11.0.15+10), built on Apr 21 2022 21:29:46 by "tester" with MS VC++ 15.5 (VS2017)

END.
