#
# There is insufficient memory for the Java Runtime Environment to continue.
# Native memory allocation (malloc) failed to allocate 393776 bytes for Chunk::new
# Possible reasons:
#   The system is out of physical RAM or swap space
#   The process is running with CompressedOops enabled, and the Java Heap may be blocking the growth of the native heap
# Possible solutions:
#   Reduce memory load on the system
#   Increase physical memory or swap space
#   Check if swap backing store is full
#   Decrease Java heap size (-Xmx/-Xms)
#   Decrease number of Java threads
#   Decrease Java thread stack sizes (-Xss)
#   Set larger code cache with -XX:ReservedCodeCacheSize=
#   JVM is running with Unscaled Compressed Oops mode in which the Java heap is
#     placed in the first 4GB address space. The Java Heap base address is the
#     maximum limit for the native heap growth. Please use -XX:HeapBaseMinAddress
#     to set the Java Heap base and to place the Java Heap above 4GB virtual address.
# This output file may be truncated or incomplete.
#
#  Out of Memory Error (./src/hotspot/share/memory/arena.cpp:197), pid=9236, tid=12064
#
# JRE version: OpenJDK Runtime Environment 18.9 (11.0.15+10) (build 11.0.15+10)
# Java VM: OpenJDK 64-Bit Server VM 18.9 (11.0.15+10, mixed mode, tiered, compressed oops, g1 gc, windows-amd64)
# No core dump will be written. Minidumps are not enabled by default on client versions of Windows
#

---------------  S U M M A R Y ------------

Command Line: -XX:MaxMetaspaceSize=512m --add-opens=java.base/java.util=ALL-UNNAMED --add-opens=java.base/java.lang=ALL-UNNAMED --add-opens=java.base/java.lang.invoke=ALL-UNNAMED --add-opens=java.base/java.util=ALL-UNNAMED --add-opens=java.prefs/java.util.prefs=ALL-UNNAMED --add-opens=java.prefs/java.util.prefs=ALL-UNNAMED --add-opens=java.base/java.nio.charset=ALL-UNNAMED --add-opens=java.base/java.net=ALL-UNNAMED --add-opens=java.base/java.util.concurrent.atomic=ALL-UNNAMED -Xmx2048m -Dfile.encoding=windows-1252 -Duser.country=GB -Duser.language=en -Duser.variant org.gradle.launcher.daemon.bootstrap.GradleDaemon 7.3.3

Host: Intel(R) Core(TM) i3-7020U CPU @ 2.30GHz, 4 cores, 7G,  Windows 10 , 64 bit Build 19041 (10.0.19041.1741)
Time: Sun Jul  3 21:41:11 2022 Romance Summer Time elapsed time: 37.816837 seconds (0d 0h 0m 37s)

---------------  T H R E A D  ---------------

Current thread (0x000001827f5fd000):  JavaThread "C2 CompilerThread0" daemon [_thread_in_native, id=12064, stack(0x0000007a8d500000,0x0000007a8d600000)]


Current CompileTask:
C2:  37816 8029       4       org.objectweb.asm.Frame::merge (395 bytes)

Stack: [0x0000007a8d500000,0x0000007a8d600000]
Native frames: (J=compiled Java code, j=interpreted, Vv=VM code, C=native code)
V  [jvm.dll+0x64dd3a]
V  [jvm.dll+0x7906c9]
V  [jvm.dll+0x791d9c]
V  [jvm.dll+0x792463]
V  [jvm.dll+0x265048]
V  [jvm.dll+0xc9da1]
V  [jvm.dll+0xca35c]
V  [jvm.dll+0x37c167]
V  [jvm.dll+0x1b3381]
V  [jvm.dll+0x21e192]
V  [jvm.dll+0x21d25a]
V  [jvm.dll+0x19dd21]
V  [jvm.dll+0x22cc80]
V  [jvm.dll+0x22af81]
V  [jvm.dll+0x75254c]
V  [jvm.dll+0x74b12d]
V  [jvm.dll+0x64c8a6]
C  [ucrtbase.dll+0x21bb2]
C  [KERNEL32.DLL+0x17034]
C  [ntdll.dll+0x52651]


---------------  P R O C E S S  ---------------

Threads class SMR info:
_java_thread_list=0x000001821c3050f0, length=84, elements={
0x0000018273ddf800, 0x000001827f59f000, 0x000001827f5a2800, 0x000001827f5f6000,
0x000001827f5f7000, 0x000001827f5fa000, 0x000001827f5fd000, 0x000001827f5fe800,
0x0000018215067000, 0x000001821516b800, 0x0000018217abf800, 0x00000182153d9800,
0x0000018217f35000, 0x000001821529d000, 0x000001821529d800, 0x000001821529c000,
0x000001821529e800, 0x000001821529f000, 0x00000182152a0000, 0x00000182152a1000,
0x000001821529b000, 0x00000182152a1800, 0x00000182176d8000, 0x00000182176d5000,
0x00000182176d4000, 0x00000182176d5800, 0x00000182176d9000, 0x00000182176d6800,
0x00000182176d7800, 0x00000182176d3800, 0x00000182176dd000, 0x00000182176da000,
0x00000182176de000, 0x00000182176df800, 0x00000182176e0800, 0x00000182176e1000,
0x00000182176db800, 0x00000182176e2000, 0x00000182176dc800, 0x000001821ace5800,
0x000001821ace7800, 0x000001821ace8000, 0x000001821ace5000, 0x000001821ace9800,
0x000001821aceb800, 0x000001821ace9000, 0x000001821acea800, 0x000001821acec000,
0x000001821ace6800, 0x000001821acf2000, 0x000001821acf1000, 0x000001821aced000,
0x000001821acef800, 0x000001821acee800, 0x000001821acf0000, 0x000001821acf2800,
0x000001821acf3800, 0x000001821acee000, 0x000001821aaf3000, 0x000001821aaf2000,
0x000001821aaf4000, 0x000001821aaf6000, 0x000001821aaf5800, 0x000001821aaf4800,
0x000001821aaf1800, 0x000001821aafa800, 0x000001821aaf9800, 0x000001821aafc000,
0x000001821aafb000, 0x000001821aafd000, 0x000001821aaf7000, 0x000001821aafd800,
0x000001821aaf8000, 0x000001821aafe800, 0x000001821aaf8800, 0x0000018218958800,
0x0000018218953000, 0x0000018218954800, 0x0000018218954000, 0x0000018218958000,
0x000001821895c000, 0x0000018218959800, 0x000001821895a800, 0x000001821b320800
}

Java Threads: ( => current thread )
  0x0000018273ddf800 JavaThread "main" [_thread_blocked, id=9616, stack(0x0000007a8c900000,0x0000007a8ca00000)]
  0x000001827f59f000 JavaThread "Reference Handler" daemon [_thread_blocked, id=5196, stack(0x0000007a8d000000,0x0000007a8d100000)]
  0x000001827f5a2800 JavaThread "Finalizer" daemon [_thread_blocked, id=13784, stack(0x0000007a8d100000,0x0000007a8d200000)]
  0x000001827f5f6000 JavaThread "Signal Dispatcher" daemon [_thread_blocked, id=4392, stack(0x0000007a8d200000,0x0000007a8d300000)]
  0x000001827f5f7000 JavaThread "Attach Listener" daemon [_thread_blocked, id=10524, stack(0x0000007a8d300000,0x0000007a8d400000)]
  0x000001827f5fa000 JavaThread "Service Thread" daemon [_thread_blocked, id=13856, stack(0x0000007a8d400000,0x0000007a8d500000)]
=>0x000001827f5fd000 JavaThread "C2 CompilerThread0" daemon [_thread_in_native, id=12064, stack(0x0000007a8d500000,0x0000007a8d600000)]
  0x000001827f5fe800 JavaThread "C1 CompilerThread0" daemon [_thread_blocked, id=17524, stack(0x0000007a8d600000,0x0000007a8d700000)]
  0x0000018215067000 JavaThread "Sweeper thread" daemon [_thread_blocked, id=13760, stack(0x0000007a8d700000,0x0000007a8d800000)]
  0x000001821516b800 JavaThread "Common-Cleaner" daemon [_thread_blocked, id=17756, stack(0x0000007a8d800000,0x0000007a8d900000)]
  0x0000018217abf800 JavaThread "Daemon health stats" [_thread_blocked, id=5844, stack(0x0000007a8dd00000,0x0000007a8de00000)]
  0x00000182153d9800 JavaThread "Incoming local TCP Connector on port 56984" [_thread_in_native, id=18332, stack(0x0000007a8da00000,0x0000007a8db00000)]
  0x0000018217f35000 JavaThread "Daemon periodic checks" [_thread_blocked, id=9096, stack(0x0000007a8de00000,0x0000007a8df00000)]
  0x000001821529d000 JavaThread "Daemon" [_thread_blocked, id=1876, stack(0x0000007a8df00000,0x0000007a8e000000)]
  0x000001821529d800 JavaThread "Handler for socket connection from /127.0.0.1:56984 to /127.0.0.1:56985" [_thread_in_native, id=10976, stack(0x0000007a8e000000,0x0000007a8e100000)]
  0x000001821529c000 JavaThread "Cancel handler" [_thread_blocked, id=17372, stack(0x0000007a8e100000,0x0000007a8e200000)]
  0x000001821529e800 JavaThread "Daemon worker" [_thread_blocked, id=10024, stack(0x0000007a8e200000,0x0000007a8e300000)]
  0x000001821529f000 JavaThread "Asynchronous log dispatcher for DefaultDaemonConnection: socket connection from /127.0.0.1:56984 to /127.0.0.1:56985" [_thread_blocked, id=372, stack(0x0000007a8e300000,0x0000007a8e400000)]
  0x00000182152a0000 JavaThread "Stdin handler" [_thread_blocked, id=14576, stack(0x0000007a8e400000,0x0000007a8e500000)]
  0x00000182152a1000 JavaThread "Daemon client event forwarder" [_thread_blocked, id=10284, stack(0x0000007a8e500000,0x0000007a8e600000)]
  0x000001821529b000 JavaThread "Cache worker for journal cache (C:\Users\Tom\.gradle\caches\journal-1)" [_thread_blocked, id=11036, stack(0x0000007a8e600000,0x0000007a8e700000)]
  0x00000182152a1800 JavaThread "File lock request listener" [_thread_in_native, id=12172, stack(0x0000007a8e700000,0x0000007a8e800000)]
  0x00000182176d8000 JavaThread "Cache worker for file hash cache (C:\Users\Tom\.gradle\caches\7.3.3\fileHashes)" [_thread_blocked, id=7652, stack(0x0000007a8e800000,0x0000007a8e900000)]
  0x00000182176d5000 JavaThread "Cache worker for file hash cache (C:\Users\Tom\Documents\Programmation\React Native\projectRNcli\android\.gradle\7.3.3\fileHashes)" [_thread_blocked, id=11188, stack(0x0000007a8ea00000,0x0000007a8eb00000)]
  0x00000182176d4000 JavaThread "File watcher server" daemon [_thread_in_native, id=4136, stack(0x0000007a8ec00000,0x0000007a8ed00000)]
  0x00000182176d5800 JavaThread "File watcher consumer" daemon [_thread_blocked, id=5876, stack(0x0000007a8ed00000,0x0000007a8ee00000)]
  0x00000182176d9000 JavaThread "Cache worker for checksums cache (C:\Users\Tom\Documents\Programmation\React Native\projectRNcli\android\.gradle\7.3.3\checksums)" [_thread_blocked, id=6076, stack(0x0000007a8ee00000,0x0000007a8ef00000)]
  0x00000182176d6800 JavaThread "Cache worker for cache directory md-supplier (C:\Users\Tom\.gradle\caches\7.3.3\md-supplier)" [_thread_blocked, id=17060, stack(0x0000007a8eb00000,0x0000007a8ec00000)]
  0x00000182176d7800 JavaThread "Cache worker for cache directory md-rule (C:\Users\Tom\.gradle\caches\7.3.3\md-rule)" [_thread_blocked, id=8728, stack(0x0000007a8f000000,0x0000007a8f100000)]
  0x00000182176d3800 JavaThread "Cache worker for execution history cache (C:\Users\Tom\.gradle\caches\7.3.3\executionHistory)" [_thread_blocked, id=13212, stack(0x0000007a8f100000,0x0000007a8f200000)]
  0x00000182176dd000 JavaThread "jar transforms" [_thread_blocked, id=16184, stack(0x0000007a8f200000,0x0000007a8f300000)]
  0x00000182176da000 JavaThread "jar transforms Thread 2" [_thread_blocked, id=17292, stack(0x0000007a8f300000,0x0000007a8f400000)]
  0x00000182176de000 JavaThread "Cache worker for file content cache (C:\Users\Tom\.gradle\caches\7.3.3\fileContent)" [_thread_blocked, id=14964, stack(0x0000007a8f400000,0x0000007a8f500000)]
  0x00000182176df800 JavaThread "jar transforms Thread 3" [_thread_blocked, id=2912, stack(0x0000007a8f500000,0x0000007a8f600000)]
  0x00000182176e0800 JavaThread "jar transforms Thread 4" [_thread_blocked, id=1104, stack(0x0000007a8f600000,0x0000007a8f700000)]
  0x00000182176e1000 JavaThread "Cache worker for kotlin-dsl (C:\Users\Tom\.gradle\caches\7.3.3\kotlin-dsl)" [_thread_blocked, id=2968, stack(0x0000007a8f700000,0x0000007a8f800000)]
  0x00000182176db800 JavaThread "Cache worker for dependencies-accessors (C:\Users\Tom\Documents\Programmation\React Native\projectRNcli\android\.gradle\7.3.3\dependencies-accessors)" [_thread_blocked, id=7840, stack(0x0000007a8f800000,0x0000007a8f900000)]
  0x00000182176e2000 JavaThread "Cache worker for Build Output Cleanup Cache (C:\Users\Tom\Documents\Programmation\React Native\projectRNcli\node_modules\react-native-gradle-plugin\.gradle\buildOutputCleanup)" [_thread_blocked, id=17508, stack(0x0000007a8f900000,0x0000007a8fa00000)]
  0x00000182176dc800 JavaThread "Unconstrained build operations" [_thread_blocked, id=8592, stack(0x0000007a8fa00000,0x0000007a8fb00000)]
  0x000001821ace5800 JavaThread "Unconstrained build operations Thread 2" [_thread_blocked, id=16276, stack(0x0000007a8fb00000,0x0000007a8fc00000)]
  0x000001821ace7800 JavaThread "Unconstrained build operations Thread 3" [_thread_blocked, id=7224, stack(0x0000007a8fc00000,0x0000007a8fd00000)]
  0x000001821ace8000 JavaThread "Unconstrained build operations Thread 4" [_thread_blocked, id=5212, stack(0x0000007a8fd00000,0x0000007a8fe00000)]
  0x000001821ace5000 JavaThread "Unconstrained build operations Thread 5" [_thread_blocked, id=8456, stack(0x0000007a8fe00000,0x0000007a8ff00000)]
  0x000001821ace9800 JavaThread "Unconstrained build operations Thread 6" [_thread_blocked, id=532, stack(0x0000007a8ff00000,0x0000007a90000000)]
  0x000001821aceb800 JavaThread "Unconstrained build operations Thread 7" [_thread_blocked, id=13640, stack(0x0000007a90000000,0x0000007a90100000)]
  0x000001821ace9000 JavaThread "Unconstrained build operations Thread 8" [_thread_blocked, id=16172, stack(0x0000007a90100000,0x0000007a90200000)]
  0x000001821acea800 JavaThread "Unconstrained build operations Thread 9" [_thread_blocked, id=17884, stack(0x0000007a90200000,0x0000007a90300000)]
  0x000001821acec000 JavaThread "Unconstrained build operations Thread 10" [_thread_blocked, id=16904, stack(0x0000007a90300000,0x0000007a90400000)]
  0x000001821ace6800 JavaThread "Unconstrained build operations Thread 11" [_thread_blocked, id=2248, stack(0x0000007a90400000,0x0000007a90500000)]
  0x000001821acf2000 JavaThread "Unconstrained build operations Thread 12" [_thread_blocked, id=9240, stack(0x0000007a90500000,0x0000007a90600000)]
  0x000001821acf1000 JavaThread "Unconstrained build operations Thread 13" [_thread_blocked, id=13788, stack(0x0000007a90600000,0x0000007a90700000)]
  0x000001821aced000 JavaThread "Unconstrained build operations Thread 14" [_thread_blocked, id=6168, stack(0x0000007a90700000,0x0000007a90800000)]
  0x000001821acef800 JavaThread "Unconstrained build operations Thread 15" [_thread_blocked, id=16432, stack(0x0000007a90800000,0x0000007a90900000)]
  0x000001821acee800 JavaThread "Unconstrained build operations Thread 16" [_thread_blocked, id=11296, stack(0x0000007a90900000,0x0000007a90a00000)]
  0x000001821acf0000 JavaThread "Unconstrained build operations Thread 17" [_thread_blocked, id=11792, stack(0x0000007a90a00000,0x0000007a90b00000)]
  0x000001821acf2800 JavaThread "Unconstrained build operations Thread 18" [_thread_blocked, id=10848, stack(0x0000007a90b00000,0x0000007a90c00000)]
  0x000001821acf3800 JavaThread "Unconstrained build operations Thread 19" [_thread_blocked, id=16468, stack(0x0000007a90c00000,0x0000007a90d00000)]
  0x000001821acee000 JavaThread "Unconstrained build operations Thread 20" [_thread_blocked, id=3560, stack(0x0000007a90d00000,0x0000007a90e00000)]
  0x000001821aaf3000 JavaThread "Unconstrained build operations Thread 21" [_thread_blocked, id=8816, stack(0x0000007a90e00000,0x0000007a90f00000)]
  0x000001821aaf2000 JavaThread "Unconstrained build operations Thread 22" [_thread_blocked, id=11880, stack(0x0000007a90f00000,0x0000007a91000000)]
  0x000001821aaf4000 JavaThread "Unconstrained build operations Thread 23" [_thread_blocked, id=8396, stack(0x0000007a91000000,0x0000007a91100000)]
  0x000001821aaf6000 JavaThread "Unconstrained build operations Thread 24" [_thread_blocked, id=13488, stack(0x0000007a91100000,0x0000007a91200000)]
  0x000001821aaf5800 JavaThread "Unconstrained build operations Thread 25" [_thread_blocked, id=17856, stack(0x0000007a91200000,0x0000007a91300000)]
  0x000001821aaf4800 JavaThread "Unconstrained build operations Thread 26" [_thread_blocked, id=13700, stack(0x0000007a91300000,0x0000007a91400000)]
  0x000001821aaf1800 JavaThread "Unconstrained build operations Thread 27" [_thread_blocked, id=10412, stack(0x0000007a91400000,0x0000007a91500000)]
  0x000001821aafa800 JavaThread "Unconstrained build operations Thread 28" [_thread_blocked, id=11456, stack(0x0000007a91500000,0x0000007a91600000)]
  0x000001821aaf9800 JavaThread "Unconstrained build operations Thread 29" [_thread_blocked, id=8424, stack(0x0000007a91600000,0x0000007a91700000)]
  0x000001821aafc000 JavaThread "Unconstrained build operations Thread 30" [_thread_blocked, id=4540, stack(0x0000007a91700000,0x0000007a91800000)]
  0x000001821aafb000 JavaThread "Unconstrained build operations Thread 31" [_thread_blocked, id=7400, stack(0x0000007a91800000,0x0000007a91900000)]
  0x000001821aafd000 JavaThread "Unconstrained build operations Thread 32" [_thread_blocked, id=14832, stack(0x0000007a91900000,0x0000007a91a00000)]
  0x000001821aaf7000 JavaThread "Unconstrained build operations Thread 33" [_thread_blocked, id=9540, stack(0x0000007a91a00000,0x0000007a91b00000)]
  0x000001821aafd800 JavaThread "build event listener" [_thread_blocked, id=3468, stack(0x0000007a91b00000,0x0000007a91c00000)]
  0x000001821aaf8000 JavaThread "Memory manager" [_thread_blocked, id=5596, stack(0x0000007a91c00000,0x0000007a91d00000)]
  0x000001821aafe800 JavaThread "Cache worker for Build Output Cleanup Cache (C:\Users\Tom\Documents\Programmation\React Native\projectRNcli\android\.gradle\buildOutputCleanup)" [_thread_blocked, id=9024, stack(0x0000007a8ef00000,0x0000007a8f000000)]
  0x000001821aaf8800 JavaThread "included builds" [_thread_blocked, id=14980, stack(0x0000007a91e00000,0x0000007a91f00000)]
  0x0000018218958800 JavaThread "Cache worker for execution history cache (C:\Users\Tom\Documents\Programmation\React Native\projectRNcli\node_modules\react-native-gradle-plugin\.gradle\7.3.3\executionHistory)" [_thread_blocked, id=8104, stack(0x0000007a92200000,0x0000007a92300000)]
  0x0000018218953000 JavaThread "Unconstrained build operations Thread 34" [_thread_blocked, id=14380, stack(0x0000007a92300000,0x0000007a92400000)]
  0x0000018218954800 JavaThread "Unconstrained build operations Thread 35" [_thread_blocked, id=15752, stack(0x0000007a92400000,0x0000007a92500000)]
  0x0000018218954000 JavaThread "Unconstrained build operations Thread 36" [_thread_blocked, id=15316, stack(0x0000007a92500000,0x0000007a92600000)]
  0x0000018218958000 JavaThread "Unconstrained build operations Thread 37" [_thread_blocked, id=5760, stack(0x0000007a92600000,0x0000007a92700000)]
  0x000001821895c000 JavaThread "Unconstrained build operations Thread 38" [_thread_blocked, id=7356, stack(0x0000007a92700000,0x0000007a92800000)]
  0x0000018218959800 JavaThread "Unconstrained build operations Thread 39" [_thread_blocked, id=15308, stack(0x0000007a92800000,0x0000007a92900000)]
  0x000001821895a800 JavaThread "Unconstrained build operations Thread 40" [_thread_blocked, id=3220, stack(0x0000007a92900000,0x0000007a92a00000)]
  0x000001821b320800 JavaThread "C2 CompilerThread1" daemon [_thread_blocked, id=11376, stack(0x0000007a91d00000,0x0000007a91e00000)]

Other Threads:
  0x000001827f589800 VMThread "VM Thread" [stack: 0x0000007a8cf00000,0x0000007a8d000000] [id=15560]
  0x00000182151b1000 WatcherThread [stack: 0x0000007a8d900000,0x0000007a8da00000] [id=17772]
  0x0000018273df8800 GCTaskThread "GC Thread#0" [stack: 0x0000007a8ca00000,0x0000007a8cb00000] [id=12836]
  0x0000018215450000 GCTaskThread "GC Thread#1" [stack: 0x0000007a8db00000,0x0000007a8dc00000] [id=6664]
  0x0000018215451000 GCTaskThread "GC Thread#2" [stack: 0x0000007a8dc00000,0x0000007a8dd00000] [id=3184]
  0x0000018216484800 GCTaskThread "GC Thread#3" [stack: 0x0000007a8e900000,0x0000007a8ea00000] [id=15600]
  0x0000018273e29800 ConcurrentGCThread "G1 Main Marker" [stack: 0x0000007a8cb00000,0x0000007a8cc00000] [id=13468]
  0x0000018273e2b000 ConcurrentGCThread "G1 Conc#0" [stack: 0x0000007a8cc00000,0x0000007a8cd00000] [id=17148]
  0x0000018273eb8800 ConcurrentGCThread "G1 Refine#0" [stack: 0x0000007a8cd00000,0x0000007a8ce00000] [id=4616]
  0x0000018273eb9800 ConcurrentGCThread "G1 Young RemSet Sampling" [stack: 0x0000007a8ce00000,0x0000007a8cf00000] [id=15156]

Threads with active compile tasks:
C2 CompilerThread0    37892 8029       4       org.objectweb.asm.Frame::merge (395 bytes)

VM state:at safepoint (normal execution)

VM Mutex/Monitor currently owned by a thread:  ([mutex/lock_event])
[0x0000018273ddc890] Threads_lock - owner thread: 0x000001827f589800
[0x0000018273ddcf50] Heap_lock - owner thread: 0x000001821529e800

Heap address: 0x0000000080000000, size: 2048 MB, Compressed Oops mode: 32-bit
Narrow klass base: 0x0000000000000000, Narrow klass shift: 3
Compressed class space size: 528482304 Address: 0x0000000100000000

Heap:
 garbage-first heap   total 157696K, used 65084K [0x0000000080000000, 0x0000000100000000)
  region size 1024K, 10 young (10240K), 7 survivors (7168K)
 Metaspace       used 74339K, capacity 76501K, committed 76624K, reserved 598016K
  class space    used 9541K, capacity 10418K, committed 10496K, reserved 516096K
Heap Regions: E=young(eden), S=young(survivor), O=old, HS=humongous(starts), HC=humongous(continues), CS=collection set, F=free, A=archive, TAMS=top-at-mark-start (previous, next)
|   0|0x0000000080000000, 0x0000000080100000, 0x0000000080100000|100%| O|  |TAMS 0x0000000080100000, 0x0000000080100000| Untracked 
|   1|0x0000000080100000, 0x0000000080200000, 0x0000000080200000|100%| O|  |TAMS 0x0000000080200000, 0x0000000080200000| Untracked 
|   2|0x0000000080200000, 0x0000000080300000, 0x0000000080300000|100%| O|  |TAMS 0x0000000080300000, 0x0000000080300000| Untracked 
|   3|0x0000000080300000, 0x0000000080400000, 0x0000000080400000|100%|HS|  |TAMS 0x0000000080400000, 0x0000000080400000| Complete 
|   4|0x0000000080400000, 0x0000000080500000, 0x0000000080500000|100%|HC|  |TAMS 0x0000000080500000, 0x0000000080500000| Complete 
|   5|0x0000000080500000, 0x0000000080600000, 0x0000000080600000|100%|HC|  |TAMS 0x0000000080600000, 0x0000000080600000| Complete 
|   6|0x0000000080600000, 0x0000000080700000, 0x0000000080700000|100%| O|  |TAMS 0x0000000080700000, 0x0000000080700000| Untracked 
|   7|0x0000000080700000, 0x0000000080800000, 0x0000000080800000|100%| O|  |TAMS 0x0000000080800000, 0x0000000080800000| Untracked 
|   8|0x0000000080800000, 0x0000000080900000, 0x0000000080900000|100%| O|  |TAMS 0x0000000080900000, 0x0000000080900000| Untracked 
|   9|0x0000000080900000, 0x0000000080a00000, 0x0000000080a00000|100%| O|  |TAMS 0x0000000080a00000, 0x0000000080a00000| Untracked 
|  10|0x0000000080a00000, 0x0000000080b00000, 0x0000000080b00000|100%| O|  |TAMS 0x0000000080b00000, 0x0000000080b00000| Untracked 
|  11|0x0000000080b00000, 0x0000000080c00000, 0x0000000080c00000|100%| O|  |TAMS 0x0000000080c00000, 0x0000000080c00000| Untracked 
|  12|0x0000000080c00000, 0x0000000080d00000, 0x0000000080d00000|100%| O|  |TAMS 0x0000000080d00000, 0x0000000080d00000| Untracked 
|  13|0x0000000080d00000, 0x0000000080e00000, 0x0000000080e00000|100%| O|  |TAMS 0x0000000080e00000, 0x0000000080e00000| Untracked 
|  14|0x0000000080e00000, 0x0000000080f00000, 0x0000000080f00000|100%| O|  |TAMS 0x0000000080f00000, 0x0000000080f00000| Untracked 
|  15|0x0000000080f00000, 0x0000000081000000, 0x0000000081000000|100%| O|  |TAMS 0x0000000081000000, 0x0000000081000000| Untracked 
|  16|0x0000000081000000, 0x0000000081100000, 0x0000000081100000|100%| O|  |TAMS 0x0000000081100000, 0x0000000081100000| Untracked 
|  17|0x0000000081100000, 0x0000000081200000, 0x0000000081200000|100%|HS|  |TAMS 0x0000000081200000, 0x0000000081200000| Complete 
|  18|0x0000000081200000, 0x0000000081300000, 0x0000000081300000|100%| O|  |TAMS 0x0000000081300000, 0x0000000081300000| Untracked 
|  19|0x0000000081300000, 0x0000000081400000, 0x0000000081400000|100%| O|  |TAMS 0x0000000081400000, 0x0000000081400000| Untracked 
|  20|0x0000000081400000, 0x0000000081500000, 0x0000000081500000|100%| O|  |TAMS 0x0000000081500000, 0x0000000081500000| Untracked 
|  21|0x0000000081500000, 0x0000000081600000, 0x0000000081600000|100%| O|  |TAMS 0x0000000081600000, 0x0000000081600000| Untracked 
|  22|0x0000000081600000, 0x0000000081700000, 0x0000000081700000|100%| O|  |TAMS 0x0000000081700000, 0x0000000081700000| Untracked 
|  23|0x0000000081700000, 0x0000000081800000, 0x0000000081800000|100%|HS|  |TAMS 0x0000000081800000, 0x0000000081800000| Complete 
|  24|0x0000000081800000, 0x0000000081900000, 0x0000000081900000|100%|HC|  |TAMS 0x0000000081900000, 0x0000000081900000| Complete 
|  25|0x0000000081900000, 0x0000000081a00000, 0x0000000081a00000|100%|HC|  |TAMS 0x0000000081a00000, 0x0000000081a00000| Complete 
|  26|0x0000000081a00000, 0x0000000081b00000, 0x0000000081b00000|100%| O|  |TAMS 0x0000000081b00000, 0x0000000081b00000| Untracked 
|  27|0x0000000081b00000, 0x0000000081c00000, 0x0000000081c00000|100%| O|  |TAMS 0x0000000081c00000, 0x0000000081c00000| Untracked 
|  28|0x0000000081c00000, 0x0000000081d00000, 0x0000000081d00000|100%| O|  |TAMS 0x0000000081d00000, 0x0000000081d00000| Untracked 
|  29|0x0000000081d00000, 0x0000000081e00000, 0x0000000081e00000|100%| O|  |TAMS 0x0000000081e00000, 0x0000000081e00000| Untracked 
|  30|0x0000000081e00000, 0x0000000081f00000, 0x0000000081f00000|100%| O|  |TAMS 0x0000000081f00000, 0x0000000081f00000| Untracked 
|  31|0x0000000081f00000, 0x0000000082000000, 0x0000000082000000|100%| O|  |TAMS 0x0000000082000000, 0x0000000082000000| Untracked 
|  32|0x0000000082000000, 0x0000000082100000, 0x0000000082100000|100%| O|  |TAMS 0x0000000082100000, 0x0000000082100000| Untracked 
|  33|0x0000000082100000, 0x0000000082200000, 0x0000000082200000|100%| O|  |TAMS 0x00000000821c9400, 0x0000000082200000| Untracked 
|  34|0x0000000082200000, 0x0000000082300000, 0x0000000082300000|100%| O|  |TAMS 0x0000000082200000, 0x0000000082300000| Untracked 
|  35|0x0000000082300000, 0x0000000082400000, 0x0000000082400000|100%| O|  |TAMS 0x0000000082300000, 0x0000000082400000| Untracked 
|  36|0x0000000082400000, 0x0000000082500000, 0x0000000082500000|100%| O|  |TAMS 0x0000000082400000, 0x0000000082500000| Untracked 
|  37|0x0000000082500000, 0x0000000082600000, 0x0000000082600000|100%| O|  |TAMS 0x0000000082500000, 0x0000000082600000| Untracked 
|  38|0x0000000082600000, 0x0000000082700000, 0x0000000082700000|100%| O|  |TAMS 0x0000000082600000, 0x0000000082700000| Untracked 
|  39|0x0000000082700000, 0x0000000082800000, 0x0000000082800000|100%|HS|  |TAMS 0x0000000082700000, 0x0000000082800000| Complete 
|  40|0x0000000082800000, 0x0000000082900000, 0x0000000082900000|100%| O|  |TAMS 0x0000000082800000, 0x0000000082900000| Untracked 
|  41|0x0000000082900000, 0x0000000082a00000, 0x0000000082a00000|100%| O|  |TAMS 0x0000000082900000, 0x0000000082a00000| Untracked 
|  42|0x0000000082a00000, 0x0000000082b00000, 0x0000000082b00000|100%|HS|  |TAMS 0x0000000082a00000, 0x0000000082b00000| Complete 
|  43|0x0000000082b00000, 0x0000000082c00000, 0x0000000082c00000|100%|HS|  |TAMS 0x0000000082b00000, 0x0000000082c00000| Complete 
|  44|0x0000000082c00000, 0x0000000082d00000, 0x0000000082d00000|100%|HC|  |TAMS 0x0000000082c00000, 0x0000000082d00000| Complete 
|  45|0x0000000082d00000, 0x0000000082e00000, 0x0000000082e00000|100%| O|  |TAMS 0x0000000082d00000, 0x0000000082e00000| Untracked 
|  46|0x0000000082e00000, 0x0000000082f00000, 0x0000000082f00000|100%| O|  |TAMS 0x0000000082e00000, 0x0000000082f00000| Untracked 
|  47|0x0000000082f00000, 0x0000000083000000, 0x0000000083000000|100%| O|  |TAMS 0x0000000082f00000, 0x0000000083000000| Untracked 
|  48|0x0000000083000000, 0x0000000083100000, 0x0000000083100000|100%| O|  |TAMS 0x0000000083000000, 0x0000000083100000| Untracked 
|  49|0x0000000083100000, 0x0000000083200000, 0x0000000083200000|100%| O|  |TAMS 0x0000000083100000, 0x0000000083200000| Untracked 
|  50|0x0000000083200000, 0x0000000083300000, 0x0000000083300000|100%| O|  |TAMS 0x0000000083200000, 0x0000000083300000| Untracked 
|  51|0x0000000083300000, 0x0000000083400000, 0x0000000083400000|100%| O|  |TAMS 0x0000000083300000, 0x0000000083400000| Untracked 
|  52|0x0000000083400000, 0x0000000083500000, 0x0000000083500000|100%| O|  |TAMS 0x0000000083400000, 0x0000000083500000| Untracked 
|  53|0x0000000083500000, 0x0000000083600000, 0x0000000083600000|100%| O|  |TAMS 0x0000000083500000, 0x0000000083600000| Untracked 
|  54|0x0000000083600000, 0x0000000083700000, 0x0000000083700000|100%| O|  |TAMS 0x0000000083600000, 0x0000000083700000| Untracked 
|  55|0x0000000083700000, 0x0000000083721600, 0x0000000083800000| 13%| O|  |TAMS 0x0000000083700000, 0x0000000083721600| Untracked 
|  56|0x0000000083800000, 0x0000000083800000, 0x0000000083900000|  0%| F|  |TAMS 0x0000000083800000, 0x0000000083800000| Untracked 
|  57|0x0000000083900000, 0x0000000083900000, 0x0000000083a00000|  0%| F|  |TAMS 0x0000000083900000, 0x0000000083900000| Untracked 
|  58|0x0000000083a00000, 0x0000000083a00000, 0x0000000083b00000|  0%| F|  |TAMS 0x0000000083a00000, 0x0000000083a00000| Untracked 
|  59|0x0000000083b00000, 0x0000000083b00000, 0x0000000083c00000|  0%| F|  |TAMS 0x0000000083b00000, 0x0000000083b00000| Untracked 
|  60|0x0000000083c00000, 0x0000000083c00000, 0x0000000083d00000|  0%| F|  |TAMS 0x0000000083c00000, 0x0000000083c00000| Untracked 
|  61|0x0000000083d00000, 0x0000000083d00000, 0x0000000083e00000|  0%| F|  |TAMS 0x0000000083d00000, 0x0000000083d00000| Untracked 
|  62|0x0000000083e00000, 0x0000000083e00000, 0x0000000083f00000|  0%| F|  |TAMS 0x0000000083e00000, 0x0000000083e00000| Untracked 
|  63|0x0000000083f00000, 0x0000000083f00000, 0x0000000084000000|  0%| F|  |TAMS 0x0000000083f00000, 0x0000000083f00000| Untracked 
|  64|0x0000000084000000, 0x0000000084000000, 0x0000000084100000|  0%| F|  |TAMS 0x0000000084000000, 0x0000000084000000| Untracked 
|  65|0x0000000084100000, 0x0000000084100000, 0x0000000084200000|  0%| F|  |TAMS 0x0000000084100000, 0x0000000084100000| Untracked 
|  66|0x0000000084200000, 0x0000000084200000, 0x0000000084300000|  0%| F|  |TAMS 0x0000000084200000, 0x0000000084200000| Untracked 
|  67|0x0000000084300000, 0x0000000084300000, 0x0000000084400000|  0%| F|  |TAMS 0x0000000084300000, 0x0000000084300000| Untracked 
|  68|0x0000000084400000, 0x0000000084400000, 0x0000000084500000|  0%| F|  |TAMS 0x0000000084400000, 0x0000000084400000| Untracked 
|  69|0x0000000084500000, 0x0000000084500000, 0x0000000084600000|  0%| F|  |TAMS 0x0000000084500000, 0x0000000084500000| Untracked 
|  70|0x0000000084600000, 0x0000000084600000, 0x0000000084700000|  0%| F|  |TAMS 0x0000000084600000, 0x0000000084600000| Untracked 
|  71|0x0000000084700000, 0x0000000084700000, 0x0000000084800000|  0%| F|  |TAMS 0x0000000084700000, 0x0000000084700000| Untracked 
|  72|0x0000000084800000, 0x0000000084800000, 0x0000000084900000|  0%| F|  |TAMS 0x0000000084800000, 0x0000000084800000| Untracked 
|  73|0x0000000084900000, 0x0000000084900000, 0x0000000084a00000|  0%| F|  |TAMS 0x0000000084900000, 0x0000000084900000| Untracked 
|  74|0x0000000084a00000, 0x0000000084a00000, 0x0000000084b00000|  0%| F|  |TAMS 0x0000000084a00000, 0x0000000084a00000| Untracked 
|  75|0x0000000084b00000, 0x0000000084b00000, 0x0000000084c00000|  0%| F|  |TAMS 0x0000000084b00000, 0x0000000084b00000| Untracked 
|  76|0x0000000084c00000, 0x0000000084c00000, 0x0000000084d00000|  0%| F|  |TAMS 0x0000000084c00000, 0x0000000084c00000| Untracked 
|  77|0x0000000084d00000, 0x0000000084d00000, 0x0000000084e00000|  0%| F|  |TAMS 0x0000000084d00000, 0x0000000084d00000| Untracked 
|  78|0x0000000084e00000, 0x0000000084e00000, 0x0000000084f00000|  0%| F|  |TAMS 0x0000000084e00000, 0x0000000084e00000| Untracked 
|  79|0x0000000084f00000, 0x0000000084f00000, 0x0000000085000000|  0%| F|  |TAMS 0x0000000084f00000, 0x0000000084f00000| Untracked 
|  80|0x0000000085000000, 0x0000000085000000, 0x0000000085100000|  0%| F|  |TAMS 0x0000000085000000, 0x0000000085000000| Untracked 
|  81|0x0000000085100000, 0x0000000085100000, 0x0000000085200000|  0%| F|  |TAMS 0x0000000085100000, 0x0000000085100000| Untracked 
|  82|0x0000000085200000, 0x0000000085200000, 0x0000000085300000|  0%| F|  |TAMS 0x0000000085200000, 0x0000000085200000| Untracked 
|  83|0x0000000085300000, 0x0000000085300000, 0x0000000085400000|  0%| F|  |TAMS 0x0000000085300000, 0x0000000085300000| Untracked 
|  84|0x0000000085400000, 0x0000000085400000, 0x0000000085500000|  0%| F|  |TAMS 0x0000000085400000, 0x0000000085400000| Untracked 
|  85|0x0000000085500000, 0x0000000085500000, 0x0000000085600000|  0%| F|  |TAMS 0x0000000085500000, 0x0000000085500000| Untracked 
|  86|0x0000000085600000, 0x0000000085600000, 0x0000000085700000|  0%| F|  |TAMS 0x0000000085600000, 0x0000000085600000| Untracked 
|  87|0x0000000085700000, 0x0000000085700000, 0x0000000085800000|  0%| F|  |TAMS 0x0000000085700000, 0x0000000085700000| Untracked 
|  88|0x0000000085800000, 0x0000000085800000, 0x0000000085900000|  0%| F|  |TAMS 0x0000000085800000, 0x0000000085800000| Untracked 
|  89|0x0000000085900000, 0x0000000085900000, 0x0000000085a00000|  0%| F|  |TAMS 0x0000000085900000, 0x0000000085900000| Untracked 
|  90|0x0000000085a00000, 0x0000000085a00000, 0x0000000085b00000|  0%| F|  |TAMS 0x0000000085a00000, 0x0000000085a00000| Untracked 
|  91|0x0000000085b00000, 0x0000000085b00000, 0x0000000085c00000|  0%| F|  |TAMS 0x0000000085b00000, 0x0000000085b00000| Untracked 
|  92|0x0000000085c00000, 0x0000000085c00000, 0x0000000085d00000|  0%| F|  |TAMS 0x0000000085c00000, 0x0000000085c00000| Untracked 
|  93|0x0000000085d00000, 0x0000000085d00000, 0x0000000085e00000|  0%| F|  |TAMS 0x0000000085d00000, 0x0000000085d00000| Untracked 
|  94|0x0000000085e00000, 0x0000000085e00000, 0x0000000085f00000|  0%| F|  |TAMS 0x0000000085e00000, 0x0000000085e00000| Untracked 
|  95|0x0000000085f00000, 0x0000000085f00000, 0x0000000086000000|  0%| F|  |TAMS 0x0000000085f00000, 0x0000000085f00000| Untracked 
|  96|0x0000000086000000, 0x0000000086000000, 0x0000000086100000|  0%| F|  |TAMS 0x0000000086000000, 0x0000000086000000| Untracked 
|  97|0x0000000086100000, 0x0000000086100000, 0x0000000086200000|  0%| F|  |TAMS 0x0000000086100000, 0x0000000086100000| Untracked 
|  98|0x0000000086200000, 0x0000000086200000, 0x0000000086300000|  0%| F|  |TAMS 0x0000000086200000, 0x0000000086200000| Untracked 
|  99|0x0000000086300000, 0x0000000086300000, 0x0000000086400000|  0%| F|  |TAMS 0x0000000086300000, 0x0000000086300000| Untracked 
| 100|0x0000000086400000, 0x000000008646ddc0, 0x0000000086500000| 42%| S|CS|TAMS 0x0000000086400000, 0x0000000086400000| Complete 
| 101|0x0000000086500000, 0x0000000086600000, 0x0000000086600000|100%| S|CS|TAMS 0x0000000086500000, 0x0000000086500000| Complete 
| 102|0x0000000086600000, 0x0000000086700000, 0x0000000086700000|100%| S|CS|TAMS 0x0000000086600000, 0x0000000086600000| Complete 
| 103|0x0000000086700000, 0x0000000086800000, 0x0000000086800000|100%| S|CS|TAMS 0x0000000086700000, 0x0000000086700000| Complete 
| 104|0x0000000086800000, 0x0000000086900000, 0x0000000086900000|100%| S|CS|TAMS 0x0000000086800000, 0x0000000086800000| Complete 
| 105|0x0000000086900000, 0x0000000086a00000, 0x0000000086a00000|100%| S|CS|TAMS 0x0000000086900000, 0x0000000086900000| Complete 
| 106|0x0000000086a00000, 0x0000000086b00000, 0x0000000086b00000|100%| S|CS|TAMS 0x0000000086a00000, 0x0000000086a00000| Complete 
| 107|0x0000000086b00000, 0x0000000086b00000, 0x0000000086c00000|  0%| F|  |TAMS 0x0000000086b00000, 0x0000000086b00000| Untracked 
| 108|0x0000000086c00000, 0x0000000086c00000, 0x0000000086d00000|  0%| F|  |TAMS 0x0000000086c00000, 0x0000000086c00000| Untracked 
| 109|0x0000000086d00000, 0x0000000086d00000, 0x0000000086e00000|  0%| F|  |TAMS 0x0000000086d00000, 0x0000000086d00000| Untracked 
| 110|0x0000000086e00000, 0x0000000086e00000, 0x0000000086f00000|  0%| F|  |TAMS 0x0000000086e00000, 0x0000000086e00000| Untracked 
| 111|0x0000000086f00000, 0x0000000086f00000, 0x0000000087000000|  0%| F|  |TAMS 0x0000000086f00000, 0x0000000086f00000| Untracked 
| 112|0x0000000087000000, 0x0000000087000000, 0x0000000087100000|  0%| F|  |TAMS 0x0000000087000000, 0x0000000087000000| Untracked 
| 113|0x0000000087100000, 0x0000000087100000, 0x0000000087200000|  0%| F|  |TAMS 0x0000000087100000, 0x0000000087100000| Untracked 
| 114|0x0000000087200000, 0x0000000087200000, 0x0000000087300000|  0%| F|  |TAMS 0x0000000087200000, 0x0000000087200000| Untracked 
| 115|0x0000000087300000, 0x0000000087300000, 0x0000000087400000|  0%| F|  |TAMS 0x0000000087300000, 0x0000000087300000| Untracked 
| 116|0x0000000087400000, 0x0000000087400000, 0x0000000087500000|  0%| F|  |TAMS 0x0000000087400000, 0x0000000087400000| Untracked 
| 117|0x0000000087500000, 0x0000000087500000, 0x0000000087600000|  0%| F|  |TAMS 0x0000000087500000, 0x0000000087500000| Untracked 
| 118|0x0000000087600000, 0x0000000087600000, 0x0000000087700000|  0%| F|  |TAMS 0x0000000087600000, 0x0000000087600000| Untracked 
| 119|0x0000000087700000, 0x0000000087700000, 0x0000000087800000|  0%| F|  |TAMS 0x0000000087700000, 0x0000000087700000| Untracked 
| 120|0x0000000087800000, 0x0000000087800000, 0x0000000087900000|  0%| F|  |TAMS 0x0000000087800000, 0x0000000087800000| Untracked 
| 121|0x0000000087900000, 0x0000000087900000, 0x0000000087a00000|  0%| F|  |TAMS 0x0000000087900000, 0x0000000087900000| Untracked 
| 122|0x0000000087a00000, 0x0000000087a00000, 0x0000000087b00000|  0%| F|  |TAMS 0x0000000087a00000, 0x0000000087a00000| Untracked 
| 123|0x0000000087b00000, 0x0000000087b00000, 0x0000000087c00000|  0%| F|  |TAMS 0x0000000087b00000, 0x0000000087b00000| Untracked 
| 124|0x0000000087c00000, 0x0000000087c00000, 0x0000000087d00000|  0%| F|  |TAMS 0x0000000087c00000, 0x0000000087c00000| Untracked 
| 125|0x0000000087d00000, 0x0000000087d00000, 0x0000000087e00000|  0%| F|  |TAMS 0x0000000087d00000, 0x0000000087d00000| Untracked 
| 126|0x0000000087e00000, 0x0000000087e00000, 0x0000000087f00000|  0%| F|  |TAMS 0x0000000087e00000, 0x0000000087e00000| Untracked 
| 127|0x0000000087f00000, 0x0000000087f00000, 0x0000000088000000|  0%| F|  |TAMS 0x0000000087f00000, 0x0000000087f00000| Untracked 
| 128|0x0000000088000000, 0x0000000088000000, 0x0000000088100000|  0%| F|  |TAMS 0x0000000088000000, 0x0000000088000000| Untracked 
| 129|0x0000000088100000, 0x0000000088100000, 0x0000000088200000|  0%| F|  |TAMS 0x0000000088100000, 0x0000000088100000| Untracked 
| 130|0x0000000088200000, 0x0000000088200000, 0x0000000088300000|  0%| F|  |TAMS 0x0000000088200000, 0x0000000088200000| Untracked 
| 131|0x0000000088300000, 0x0000000088300000, 0x0000000088400000|  0%| F|  |TAMS 0x0000000088300000, 0x0000000088300000| Untracked 
| 132|0x0000000088400000, 0x0000000088400000, 0x0000000088500000|  0%| F|  |TAMS 0x0000000088400000, 0x0000000088400000| Untracked 
| 133|0x0000000088500000, 0x0000000088500000, 0x0000000088600000|  0%| F|  |TAMS 0x0000000088500000, 0x0000000088500000| Untracked 
| 134|0x0000000088600000, 0x0000000088600000, 0x0000000088700000|  0%| F|  |TAMS 0x0000000088600000, 0x0000000088600000| Untracked 
| 135|0x0000000088700000, 0x0000000088700000, 0x0000000088800000|  0%| F|  |TAMS 0x0000000088700000, 0x0000000088700000| Untracked 
| 136|0x0000000088800000, 0x0000000088800000, 0x0000000088900000|  0%| F|  |TAMS 0x0000000088800000, 0x0000000088800000| Untracked 
| 137|0x0000000088900000, 0x0000000088900000, 0x0000000088a00000|  0%| F|  |TAMS 0x0000000088900000, 0x0000000088900000| Untracked 
| 138|0x0000000088a00000, 0x0000000088a00000, 0x0000000088b00000|  0%| F|  |TAMS 0x0000000088a00000, 0x0000000088a00000| Untracked 
| 139|0x0000000088b00000, 0x0000000088b00000, 0x0000000088c00000|  0%| F|  |TAMS 0x0000000088b00000, 0x0000000088b00000| Untracked 
| 140|0x0000000088c00000, 0x0000000088c00000, 0x0000000088d00000|  0%| F|  |TAMS 0x0000000088c00000, 0x0000000088c00000| Untracked 
| 141|0x0000000088d00000, 0x0000000088d00000, 0x0000000088e00000|  0%| F|  |TAMS 0x0000000088d00000, 0x0000000088d00000| Untracked 
| 142|0x0000000088e00000, 0x0000000088e00000, 0x0000000088f00000|  0%| F|  |TAMS 0x0000000088e00000, 0x0000000088e00000| Untracked 
| 143|0x0000000088f00000, 0x0000000088f00000, 0x0000000089000000|  0%| F|  |TAMS 0x0000000088f00000, 0x0000000088f00000| Untracked 
| 144|0x0000000089000000, 0x0000000089000000, 0x0000000089100000|  0%| F|  |TAMS 0x0000000089000000, 0x0000000089000000| Untracked 
| 145|0x0000000089100000, 0x0000000089100000, 0x0000000089200000|  0%| F|  |TAMS 0x0000000089100000, 0x0000000089100000| Untracked 
| 146|0x0000000089200000, 0x0000000089200000, 0x0000000089300000|  0%| F|  |TAMS 0x0000000089200000, 0x0000000089200000| Untracked 
| 147|0x0000000089300000, 0x0000000089300000, 0x0000000089400000|  0%| F|  |TAMS 0x0000000089300000, 0x0000000089300000| Untracked 
| 148|0x0000000089400000, 0x0000000089400000, 0x0000000089500000|  0%| F|  |TAMS 0x0000000089400000, 0x0000000089400000| Untracked 
| 149|0x0000000089500000, 0x0000000089500000, 0x0000000089600000|  0%| F|  |TAMS 0x0000000089500000, 0x0000000089500000| Untracked 
| 150|0x0000000089600000, 0x0000000089600000, 0x0000000089700000|  0%| F|  |TAMS 0x0000000089600000, 0x0000000089600000| Untracked 
| 151|0x0000000089700000, 0x0000000089800000, 0x0000000089800000|100%| E|  |TAMS 0x0000000089700000, 0x0000000089700000| Complete 
| 152|0x0000000089800000, 0x0000000089900000, 0x0000000089900000|100%| E|CS|TAMS 0x0000000089800000, 0x0000000089800000| Complete 
| 153|0x0000000089900000, 0x0000000089a00000, 0x0000000089a00000|100%| E|CS|TAMS 0x0000000089900000, 0x0000000089900000| Complete 

Card table byte_map: [0x000001827e770000,0x000001827eb70000] _byte_map_base: 0x000001827e370000

Marking Bits (Prev, Next): (CMBitMap*) 0x0000018273e20ee0, (CMBitMap*) 0x0000018273e20ea8
 Prev Bits: [0x0000018211000000, 0x0000018213000000)
 Next Bits: [0x000001820f000000, 0x0000018211000000)

Polling page: 0x0000018273be0000

Metaspace:

Usage:
  Non-class:     64.53 MB capacity,    63.28 MB ( 98%) used,     1.04 MB (  2%) free+waste,   218.75 KB ( <1%) overhead. 
      Class:     10.17 MB capacity,     9.32 MB ( 92%) used,   772.93 KB (  7%) free+waste,   103.69 KB ( <1%) overhead. 
       Both:     74.71 MB capacity,    72.60 MB ( 97%) used,     1.80 MB (  2%) free+waste,   322.44 KB ( <1%) overhead. 

Virtual space:
  Non-class space:       80.00 MB reserved,      64.58 MB ( 81%) committed 
      Class space:      504.00 MB reserved,      10.25 MB (  2%) committed 
             Both:      584.00 MB reserved,      74.83 MB ( 13%) committed 

Chunk freelists:
   Non-Class:  45.00 KB
       Class:  14.00 KB
        Both:  59.00 KB

MaxMetaspaceSize: 512.00 MB
CompressedClassSpaceSize: 504.00 MB
Initial GC threshold: 20.80 MB
Current GC threshold: 99.32 MB
CDS: off

CodeHeap 'non-profiled nmethods': size=120064Kb used=4906Kb max_used=4906Kb free=115157Kb
 bounds [0x0000018207ac0000, 0x0000018207f90000, 0x000001820f000000]
CodeHeap 'profiled nmethods': size=120000Kb used=17563Kb max_used=17563Kb free=102436Kb
 bounds [0x0000018200590000, 0x00000182016c0000, 0x0000018207ac0000]
CodeHeap 'non-nmethods': size=5696Kb used=2356Kb max_used=2402Kb free=3339Kb
 bounds [0x0000018200000000, 0x0000018200270000, 0x0000018200590000]
 total_blobs=8887 nmethods=8012 adapters=787
 compilation: enabled
              stopped_count=0, restarted_count=0
 full_count=0

Compilation events (20 events):
Event: 37.708 Thread 0x000001827f5fe800 8025       3       org.objectweb.asm.AnnotationWriter::visitEnd (44 bytes)
Event: 37.708 Thread 0x000001827f5fe800 nmethod 8025 0x00000182016b2110 code [0x00000182016b22c0, 0x00000182016b2458]
Event: 37.709 Thread 0x000001827f5fe800 8026       3       org.gradle.api.internal.attributes.DefaultImmutableAttributesFactory::mutable (9 bytes)
Event: 37.709 Thread 0x000001827f5fe800 nmethod 8026 0x00000182016b2590 code [0x00000182016b2760, 0x00000182016b2a98]
Event: 37.709 Thread 0x000001827f5fe800 8027       3       org.gradle.api.internal.attributes.DefaultMutableAttributeContainer::<init> (7 bytes)
Event: 37.709 Thread 0x000001827f5fd000 nmethod 8024 0x0000018207f88810 code [0x0000018207f889c0, 0x0000018207f88ce8]
Event: 37.710 Thread 0x000001827f5fe800 nmethod 8027 0x00000182016b2c10 code [0x00000182016b2de0, 0x00000182016b3098]
Event: 37.711 Thread 0x000001821b320800 8028       4       org.objectweb.asm.MethodWriter::endCurrentBasicBlockWithNoSuccessor (94 bytes)
Event: 37.711 Thread 0x000001827f5fd000 8029       4       org.objectweb.asm.Frame::merge (395 bytes)
Event: 37.712 Thread 0x000001827f5fe800 8030       3       com.google.common.collect.Lists::newArrayList (36 bytes)
Event: 37.713 Thread 0x000001827f5fe800 nmethod 8030 0x00000182016b3190 code [0x00000182016b33e0, 0x00000182016b3d18]
Event: 37.727 Thread 0x000001827f5fe800 8032       3       com.google.common.reflect.Types$JavaVersion$4::usedInGenericType (8 bytes)
Event: 37.727 Thread 0x000001827f5fe800 nmethod 8032 0x00000182016b3f90 code [0x00000182016b4180, 0x00000182016b45a8]
Event: 37.727 Thread 0x000001827f5fe800 8034       3       org.gradle.internal.instantiation.generator.ManagedObjectFactory::displayNameFor (73 bytes)
Event: 37.729 Thread 0x000001827f5fe800 nmethod 8034 0x00000182016b4710 code [0x00000182016b4a60, 0x00000182016b6078]
Event: 37.729 Thread 0x000001827f5fe800 8033       3       com.google.common.reflect.Types$JavaVersion$3::usedInGenericType (8 bytes)
Event: 37.729 Thread 0x000001827f5fe800 nmethod 8033 0x00000182016b6790 code [0x00000182016b6980, 0x00000182016b6d48]
Event: 37.734 Thread 0x000001821b320800 nmethod 8028 0x0000018207f88e90 code [0x0000018207f89040, 0x0000018207f89798]
Event: 37.734 Thread 0x000001821b320800 8031       4       java.lang.Class::getTypeParameters (19 bytes)
Event: 37.775 Thread 0x000001821b320800 nmethod 8031 0x0000018207f89b10 code [0x0000018207f89d20, 0x0000018207f8a5f0]

GC Heap History (20 events):
Event: 7.012 GC heap before
{Heap before GC invocations=3 (full 0):
 garbage-first heap   total 131072K, used 60369K [0x0000000080000000, 0x0000000100000000)
  region size 1024K, 52 young (53248K), 6 survivors (6144K)
 Metaspace       used 20737K, capacity 21173K, committed 21296K, reserved 536576K
  class space    used 2480K, capacity 2659K, committed 2688K, reserved 516096K
}
Event: 7.028 GC heap after
{Heap after GC invocations=4 (full 0):
 garbage-first heap   total 131072K, used 17163K [0x0000000080000000, 0x0000000100000000)
  region size 1024K, 3 young (3072K), 3 survivors (3072K)
 Metaspace       used 20737K, capacity 21173K, committed 21296K, reserved 536576K
  class space    used 2480K, capacity 2659K, committed 2688K, reserved 516096K
}
Event: 8.860 GC heap before
{Heap before GC invocations=5 (full 0):
 garbage-first heap   total 131072K, used 73483K [0x0000000080000000, 0x0000000100000000)
  region size 1024K, 58 young (59392K), 3 survivors (3072K)
 Metaspace       used 26750K, capacity 27349K, committed 27440K, reserved 540672K
  class space    used 3411K, capacity 3639K, committed 3712K, reserved 516096K
}
Event: 8.876 GC heap after
{Heap after GC invocations=6 (full 0):
 garbage-first heap   total 131072K, used 19121K [0x0000000080000000, 0x0000000100000000)
  region size 1024K, 5 young (5120K), 5 survivors (5120K)
 Metaspace       used 26750K, capacity 27349K, committed 27440K, reserved 540672K
  class space    used 3411K, capacity 3639K, committed 3712K, reserved 516096K
}
Event: 10.999 GC heap before
{Heap before GC invocations=6 (full 0):
 garbage-first heap   total 131072K, used 71345K [0x0000000080000000, 0x0000000100000000)
  region size 1024K, 57 young (58368K), 5 survivors (5120K)
 Metaspace       used 34918K, capacity 35720K, committed 35920K, reserved 548864K
  class space    used 4428K, capacity 4750K, committed 4864K, reserved 516096K
}
Event: 11.020 GC heap after
{Heap after GC invocations=7 (full 0):
 garbage-first heap   total 131072K, used 22726K [0x0000000080000000, 0x0000000100000000)
  region size 1024K, 6 young (6144K), 6 survivors (6144K)
 Metaspace       used 34918K, capacity 35720K, committed 35920K, reserved 548864K
  class space    used 4428K, capacity 4750K, committed 4864K, reserved 516096K
}
Event: 13.355 GC heap before
{Heap before GC invocations=8 (full 0):
 garbage-first heap   total 131072K, used 87238K [0x0000000080000000, 0x0000000100000000)
  region size 1024K, 66 young (67584K), 6 survivors (6144K)
 Metaspace       used 40114K, capacity 41146K, committed 41424K, reserved 552960K
  class space    used 5005K, capacity 5383K, committed 5504K, reserved 516096K
}
Event: 13.375 GC heap after
{Heap after GC invocations=9 (full 0):
 garbage-first heap   total 157696K, used 27772K [0x0000000080000000, 0x0000000100000000)
  region size 1024K, 9 young (9216K), 9 survivors (9216K)
 Metaspace       used 40114K, capacity 41146K, committed 41424K, reserved 552960K
  class space    used 5005K, capacity 5383K, committed 5504K, reserved 516096K
}
Event: 24.060 GC heap before
{Heap before GC invocations=9 (full 0):
 garbage-first heap   total 157696K, used 102524K [0x0000000080000000, 0x0000000100000000)
  region size 1024K, 82 young (83968K), 9 survivors (9216K)
 Metaspace       used 46082K, capacity 47348K, committed 47696K, reserved 559104K
  class space    used 5827K, capacity 6282K, committed 6400K, reserved 516096K
}
Event: 24.085 GC heap after
{Heap after GC invocations=10 (full 0):
 garbage-first heap   total 157696K, used 30999K [0x0000000080000000, 0x0000000100000000)
  region size 1024K, 9 young (9216K), 9 survivors (9216K)
 Metaspace       used 46082K, capacity 47348K, committed 47696K, reserved 559104K
  class space    used 5827K, capacity 6282K, committed 6400K, reserved 516096K
}
Event: 27.599 GC heap before
{Heap before GC invocations=10 (full 0):
 garbage-first heap   total 157696K, used 120087K [0x0000000080000000, 0x0000000100000000)
  region size 1024K, 92 young (94208K), 9 survivors (9216K)
 Metaspace       used 53396K, capacity 54821K, committed 54864K, reserved 565248K
  class space    used 6793K, capacity 7387K, committed 7424K, reserved 516096K
}
Event: 27.625 GC heap after
{Heap after GC invocations=11 (full 0):
 garbage-first heap   total 157696K, used 39713K [0x0000000080000000, 0x0000000100000000)
  region size 1024K, 9 young (9216K), 9 survivors (9216K)
 Metaspace       used 53396K, capacity 54821K, committed 54864K, reserved 565248K
  class space    used 6793K, capacity 7387K, committed 7424K, reserved 516096K
}
Event: 29.766 GC heap before
{Heap before GC invocations=11 (full 0):
 garbage-first heap   total 157696K, used 103201K [0x0000000080000000, 0x0000000100000000)
  region size 1024K, 72 young (73728K), 9 survivors (9216K)
 Metaspace       used 58524K, capacity 60079K, committed 60240K, reserved 569344K
  class space    used 7547K, capacity 8180K, committed 8192K, reserved 516096K
}
Event: 29.793 GC heap after
{Heap after GC invocations=12 (full 0):
 garbage-first heap   total 157696K, used 42131K [0x0000000080000000, 0x0000000100000000)
  region size 1024K, 8 young (8192K), 8 survivors (8192K)
 Metaspace       used 58524K, capacity 60079K, committed 60240K, reserved 569344K
  class space    used 7547K, capacity 8180K, committed 8192K, reserved 516096K
}
Event: 32.111 GC heap before
{Heap before GC invocations=13 (full 0):
 garbage-first heap   total 157696K, used 125075K [0x0000000080000000, 0x0000000100000000)
  region size 1024K, 89 young (91136K), 8 survivors (8192K)
 Metaspace       used 63912K, capacity 65747K, committed 66000K, reserved 573440K
  class space    used 8265K, capacity 9010K, committed 9088K, reserved 516096K
}
Event: 32.134 GC heap after
{Heap after GC invocations=14 (full 0):
 garbage-first heap   total 157696K, used 45701K [0x0000000080000000, 0x0000000100000000)
  region size 1024K, 6 young (6144K), 6 survivors (6144K)
 Metaspace       used 63912K, capacity 65747K, committed 66000K, reserved 573440K
  class space    used 8265K, capacity 9010K, committed 9088K, reserved 516096K
}
Event: 36.068 GC heap before
{Heap before GC invocations=14 (full 0):
 garbage-first heap   total 157696K, used 126597K [0x0000000080000000, 0x0000000100000000)
  region size 1024K, 85 young (87040K), 6 survivors (6144K)
 Metaspace       used 68972K, capacity 71073K, committed 71248K, reserved 579584K
  class space    used 8896K, capacity 9719K, committed 9728K, reserved 516096K
}
Event: 36.106 GC heap after
{Heap after GC invocations=15 (full 0):
 garbage-first heap   total 157696K, used 53695K [0x0000000080000000, 0x0000000100000000)
  region size 1024K, 11 young (11264K), 11 survivors (11264K)
 Metaspace       used 68972K, capacity 71073K, committed 71248K, reserved 579584K
  class space    used 8896K, capacity 9719K, committed 9728K, reserved 516096K
}
Event: 37.743 GC heap before
{Heap before GC invocations=15 (full 0):
 garbage-first heap   total 157696K, used 102847K [0x0000000080000000, 0x0000000100000000)
  region size 1024K, 58 young (59392K), 11 survivors (11264K)
 Metaspace       used 73785K, capacity 75925K, committed 75984K, reserved 589824K
  class space    used 9498K, capacity 10354K, committed 10368K, reserved 516096K
}
Event: 37.774 GC heap after
{Heap after GC invocations=16 (full 0):
 garbage-first heap   total 157696K, used 63036K [0x0000000080000000, 0x0000000100000000)
  region size 1024K, 7 young (7168K), 7 survivors (7168K)
 Metaspace       used 73785K, capacity 75925K, committed 75984K, reserved 589824K
  class space    used 9498K, capacity 10354K, committed 10368K, reserved 516096K
}

Deoptimization events (20 events):
Event: 36.280 Thread 0x000001821529e800 DEOPT PACKING pc=0x000001820065dc2e sp=0x0000007a8e2eaac0
Event: 36.280 Thread 0x000001821529e800 DEOPT UNPACKING pc=0x000001820004a95e sp=0x0000007a8e2e9f30 mode 0
Event: 36.444 Thread 0x000001821529e800 DEOPT PACKING pc=0x000001820134e59e sp=0x0000007a8e2f84e0
Event: 36.444 Thread 0x000001821529e800 DEOPT UNPACKING pc=0x000001820004a95e sp=0x0000007a8e2f7a40 mode 0
Event: 36.470 Thread 0x000001821529e800 Uncommon trap: trap_request=0xffffff4d fr.pc=0x0000018207ec299c relative=0x0000000000004d9c
Event: 36.470 Thread 0x000001821529e800 Uncommon trap: reason=unstable_if action=reinterpret pc=0x0000018207ec299c method=org.gradle.internal.reflect.PropertyAccessorType.of(Ljava/lang/reflect/Method;)Lorg/gradle/internal/reflect/PropertyAccessorType; @ 56 c2
Event: 36.470 Thread 0x000001821529e800 DEOPT PACKING pc=0x0000018207ec299c sp=0x0000007a8e2f9a50
Event: 36.470 Thread 0x000001821529e800 DEOPT UNPACKING pc=0x000001820004a1af sp=0x0000007a8e2f9a28 mode 2
Event: 36.480 Thread 0x000001821529e800 Uncommon trap: trap_request=0xffffff4d fr.pc=0x0000018207de359c relative=0x000000000000033c
Event: 36.480 Thread 0x000001821529e800 Uncommon trap: reason=unstable_if action=reinterpret pc=0x0000018207de359c method=org.gradle.internal.reflect.PropertyAccessorType.of(Ljava/lang/reflect/Method;)Lorg/gradle/internal/reflect/PropertyAccessorType; @ 56 c2
Event: 36.480 Thread 0x000001821529e800 DEOPT PACKING pc=0x0000018207de359c sp=0x0000007a8e2f9b90
Event: 36.480 Thread 0x000001821529e800 DEOPT UNPACKING pc=0x000001820004a1af sp=0x0000007a8e2f9b50 mode 2
Event: 36.780 Thread 0x000001821529e800 Uncommon trap: trap_request=0xffffff4d fr.pc=0x0000018207b48cf4 relative=0x0000000000000054
Event: 36.780 Thread 0x000001821529e800 Uncommon trap: reason=unstable_if action=reinterpret pc=0x0000018207b48cf4 method=java.util.regex.Pattern.has(I)Z @ 6 c2
Event: 36.780 Thread 0x000001821529e800 DEOPT PACKING pc=0x0000018207b48cf4 sp=0x0000007a8e2f6020
Event: 36.780 Thread 0x000001821529e800 DEOPT UNPACKING pc=0x000001820004a1af sp=0x0000007a8e2f5fb0 mode 2
Event: 37.681 Thread 0x000001821529e800 Uncommon trap: trap_request=0xffffff4d fr.pc=0x0000018207f85f24 relative=0x00000000000001e4
Event: 37.681 Thread 0x000001821529e800 Uncommon trap: reason=unstable_if action=reinterpret pc=0x0000018207f85f24 method=org.apache.xerces.dom.DeferredDocumentImpl.clearChunkValue([[Ljava/lang/Object;II)Ljava/lang/String; @ 59 c2
Event: 37.681 Thread 0x000001821529e800 DEOPT PACKING pc=0x0000018207f85f24 sp=0x0000007a8e2f6d00
Event: 37.681 Thread 0x000001821529e800 DEOPT UNPACKING pc=0x000001820004a1af sp=0x0000007a8e2f6ca0 mode 2

Classes redefined (0 events):
No events

Internal exceptions (20 events):
Event: 36.194 Thread 0x000001821529e800 Exception <a 'java/security/PrivilegedActionException'{0x00000000898c8568}> (0x00000000898c8568) thrown at [./src/hotspot/share/prims/jvm.cpp, line 1306]
Event: 36.194 Thread 0x000001821529e800 Exception <a 'java/security/PrivilegedActionException'{0x00000000898ca2c8}> (0x00000000898ca2c8) thrown at [./src/hotspot/share/prims/jvm.cpp, line 1306]
Event: 36.338 Thread 0x000001821529e800 Exception <a 'java/lang/ClassNotFoundException'{0x000000008934c430}: org/gradle/api/internal/artifacts/repositories/DefaultMavenArtifactRepository_DecoratedBeanInfo> (0x000000008934c430) thrown at [./src/hotspot/share/classfile/systemDictionary.cpp, line 230]
Event: 36.340 Thread 0x000001821529e800 Exception <a 'java/lang/ClassNotFoundException'{0x0000000089398710}: org/gradle/api/internal/artifacts/repositories/DefaultMavenArtifactRepositoryBeanInfo> (0x0000000089398710) thrown at [./src/hotspot/share/classfile/systemDictionary.cpp, line 230]
Event: 36.342 Thread 0x000001821529e800 Exception <a 'java/lang/ClassNotFoundException'{0x00000000893e84e0}: org/gradle/api/internal/artifacts/repositories/AbstractAuthenticationSupportedRepositoryBeanInfo> (0x00000000893e84e0) thrown at [./src/hotspot/share/classfile/systemDictionary.cpp, line 230]
Event: 36.344 Thread 0x000001821529e800 Exception <a 'java/lang/ClassNotFoundException'{0x000000008923a218}: org/gradle/api/internal/artifacts/repositories/AbstractResolutionAwareArtifactRepositoryBeanInfo> (0x000000008923a218) thrown at [./src/hotspot/share/classfile/systemDictionary.cpp, line 230]
Event: 36.348 Thread 0x000001821529e800 Exception <a 'java/lang/ClassNotFoundException'{0x0000000089283a48}: org/gradle/api/internal/artifacts/repositories/AbstractArtifactRepositoryBeanInfo> (0x0000000089283a48) thrown at [./src/hotspot/share/classfile/systemDictionary.cpp, line 230]
Event: 36.351 Thread 0x000001821529e800 Exception <a 'java/lang/ClassNotFoundException'{0x00000000892cfb00}: org/gradle/api/internal/artifacts/repositories/AbstractArtifactRepositoryCustomizer> (0x00000000892cfb00) thrown at [./src/hotspot/share/classfile/systemDictionary.cpp, line 230]
Event: 36.357 Thread 0x000001821529e800 Exception <a 'java/lang/ClassNotFoundException'{0x000000008913e008}: org/gradle/api/internal/artifacts/repositories/AbstractResolutionAwareArtifactRepositoryCustomizer> (0x000000008913e008) thrown at [./src/hotspot/share/classfile/systemDictionary.cpp, line 230]
Event: 36.360 Thread 0x000001821529e800 Exception <a 'java/lang/ClassNotFoundException'{0x0000000089197e30}: org/gradle/api/internal/artifacts/repositories/AbstractAuthenticationSupportedRepositoryCustomizer> (0x0000000089197e30) thrown at [./src/hotspot/share/classfile/systemDictionary.cpp, line 230]
Event: 36.364 Thread 0x000001821529e800 Exception <a 'java/lang/ClassNotFoundException'{0x00000000891f44a0}: org/gradle/api/internal/artifacts/repositories/DefaultMavenArtifactRepositoryCustomizer> (0x00000000891f44a0) thrown at [./src/hotspot/share/classfile/systemDictionary.cpp, line 230]
Event: 36.368 Thread 0x000001821529e800 Exception <a 'java/lang/ClassNotFoundException'{0x000000008905aba8}: org/gradle/api/internal/artifacts/repositories/DefaultMavenArtifactRepository_DecoratedCustomizer> (0x000000008905aba8) thrown at [./src/hotspot/share/classfile/systemDictionary.cpp, line 230]
Event: 36.397 Thread 0x000001821529e800 Exception <a 'java/lang/ClassNotFoundException'{0x0000000088f7a180}: org/gradle/api/internal/artifacts/repositories/DefaultMavenRepositoryContentDescriptorBeanInfo> (0x0000000088f7a180) thrown at [./src/hotspot/share/classfile/systemDictionary.cpp, line 230]
Event: 36.400 Thread 0x000001821529e800 Exception <a 'java/lang/ClassNotFoundException'{0x0000000088fc9008}: org/gradle/api/internal/artifacts/repositories/DefaultRepositoryContentDescriptorBeanInfo> (0x0000000088fc9008) thrown at [./src/hotspot/share/classfile/systemDictionary.cpp, line 230]
Event: 36.402 Thread 0x000001821529e800 Exception <a 'java/lang/ClassNotFoundException'{0x0000000088e1ab68}: org/gradle/api/internal/artifacts/repositories/DefaultRepositoryContentDescriptorCustomizer> (0x0000000088e1ab68) thrown at [./src/hotspot/share/classfile/systemDictionary.cpp, line 230]
Event: 36.408 Thread 0x000001821529e800 Exception <a 'java/lang/ClassNotFoundException'{0x0000000088e78cd8}: org/gradle/api/internal/artifacts/repositories/DefaultMavenRepositoryContentDescriptorCustomizer> (0x0000000088e78cd8) thrown at [./src/hotspot/share/classfile/systemDictionary.cpp, line 230]
Event: 36.495 Thread 0x000001821529e800 Exception <a 'java/lang/ClassNotFoundException'{0x0000000088d94c40}: build_cvbukk2z1pyuj3j1kj9euvn36BeanInfo> (0x0000000088d94c40) thrown at [./src/hotspot/share/classfile/systemDictionary.cpp, line 230]
Event: 36.495 Thread 0x000001821529e800 Exception <a 'java/lang/ClassNotFoundException'{0x0000000088dd9648}: build_cvbukk2z1pyuj3j1kj9euvn36Customizer> (0x0000000088dd9648) thrown at [./src/hotspot/share/classfile/systemDictionary.cpp, line 230]
Event: 37.189 Thread 0x000001821529e800 Exception <a 'java/lang/NoSuchMethodError'{0x0000000087712890}: 'java.lang.Object java.lang.invoke.DirectMethodHandle$Holder.invokeSpecial(java.lang.Object, java.lang.Object, int, int, java.lang.Object, java.lang.Object, java.lang.Object)'> (0x0000000087712890) thrown at [./src/hotspot/share/interpreter/linkResolver.cpp, line 773]
Event: 37.190 Thread 0x000001821529e800 Exception <a 'java/lang/NoSuchMethodError'{0x0000000087716e10}: 'java.lang.Object java.lang.invoke.DelegatingMethodHandle$Holder.reinvoke_L(java.lang.Object, int, int, java.lang.Object, java.lang.Object, java.lang.Object)'> (0x0000000087716e10) thrown at [./src/hotspot/share/interpreter/linkResolver.cpp, line 773]

Events (20 events):
Event: 37.733 loading class com/google/protobuf/Message$Builder
Event: 37.733 loading class com/google/protobuf/Message$Builder done
Event: 37.733 loading class com/google/protobuf/MessageLite$Builder
Event: 37.733 loading class com/google/protobuf/MessageLite$Builder done
Event: 37.734 loading class com/google/protobuf/AbstractMessageLite$Builder
Event: 37.734 loading class com/google/protobuf/AbstractMessageLite$Builder done
Event: 37.735 loading class com/google/wireless/android/sdk/stats/GradleBuildProfileSpan$ExecutionType
Event: 37.735 loading class com/google/wireless/android/sdk/stats/GradleBuildProfileSpan$ExecutionType done
Event: 37.737 loading class com/android/builder/profile/Recorder$VoidBlock
Event: 37.737 loading class com/android/builder/profile/Recorder$VoidBlock done
Event: 37.737 loading class com/google/wireless/android/sdk/stats/GradleBuildVariant$Builder
Event: 37.737 loading class com/google/wireless/android/sdk/stats/GradleBuildVariant$Builder done
Event: 37.740 loading class com/google/wireless/android/sdk/stats/GradleBuildVariantOrBuilder
Event: 37.740 loading class com/google/wireless/android/sdk/stats/GradleBuildVariantOrBuilder done
Event: 37.742 Executing VM operation: CollectForMetadataAllocation
Event: 37.774 Executing VM operation: CollectForMetadataAllocation done
Event: 37.775 loading class com/android/build/gradle/internal/profile/AnalyticsResourceManager
Event: 37.775 loading class com/android/build/gradle/internal/profile/AnalyticsResourceManager done
Event: 37.777 loading class com/android/build/gradle/internal/profile/AnalyticsConfiguratorService$State
Event: 37.777 loading class com/android/build/gradle/internal/profile/AnalyticsConfiguratorService$State done


Dynamic libraries:
0x00007ff797360000 - 0x00007ff79736d000 	C:\Program Files\OpenJDK\openjdk-11.0.15_10\bin\java.exe
0x00007ff9caeb0000 - 0x00007ff9cb0a7000 	C:\WINDOWS\SYSTEM32\ntdll.dll
0x00007ff9cac10000 - 0x00007ff9caccd000 	C:\WINDOWS\System32\KERNEL32.DLL
0x00007ff9c8810000 - 0x00007ff9c8add000 	C:\WINDOWS\System32\KERNELBASE.dll
0x00007ff9c8c80000 - 0x00007ff9c8d80000 	C:\WINDOWS\System32\ucrtbase.dll
0x00007ff9b4170000 - 0x00007ff9b4188000 	C:\Program Files\OpenJDK\openjdk-11.0.15_10\bin\jli.dll
0x00007ff9c9d10000 - 0x00007ff9c9eb0000 	C:\WINDOWS\System32\USER32.dll
0x00007ff9c8680000 - 0x00007ff9c86a2000 	C:\WINDOWS\System32\win32u.dll
0x00007ff9ca2c0000 - 0x00007ff9ca2ea000 	C:\WINDOWS\System32\GDI32.dll
0x00007ff9c8ae0000 - 0x00007ff9c8beb000 	C:\WINDOWS\System32\gdi32full.dll
0x00007ff9c8720000 - 0x00007ff9c87bd000 	C:\WINDOWS\System32\msvcp_win.dll
0x00007ff9a9a20000 - 0x00007ff9a9a36000 	C:\Program Files\OpenJDK\openjdk-11.0.15_10\bin\VCRUNTIME140.dll
0x00007ff9b8a90000 - 0x00007ff9b8d2a000 	C:\WINDOWS\WinSxS\amd64_microsoft.windows.common-controls_6595b64144ccf1df_6.0.19041.1110_none_60b5254171f9507e\COMCTL32.dll
0x00007ff9ca2f0000 - 0x00007ff9ca38e000 	C:\WINDOWS\System32\msvcrt.dll
0x00007ff9c8f10000 - 0x00007ff9c8f40000 	C:\WINDOWS\System32\IMM32.DLL
0x00007ff987f40000 - 0x00007ff987fea000 	C:\Program Files\OpenJDK\openjdk-11.0.15_10\bin\msvcp140.dll
0x00007ff97b920000 - 0x00007ff97c471000 	C:\Program Files\OpenJDK\openjdk-11.0.15_10\bin\server\jvm.dll
0x00007ff9c9560000 - 0x00007ff9c960e000 	C:\WINDOWS\System32\ADVAPI32.dll
0x00007ff9ca080000 - 0x00007ff9ca11c000 	C:\WINDOWS\System32\sechost.dll
0x00007ff9c9b30000 - 0x00007ff9c9c55000 	C:\WINDOWS\System32\RPCRT4.dll
0x00007ff9c9f10000 - 0x00007ff9c9f18000 	C:\WINDOWS\System32\PSAPI.DLL
0x00007ff9b6a80000 - 0x00007ff9b6a89000 	C:\WINDOWS\SYSTEM32\WSOCK32.dll
0x00007ff9cacd0000 - 0x00007ff9cad3b000 	C:\WINDOWS\System32\WS2_32.dll
0x00007ff9bb4b0000 - 0x00007ff9bb4d7000 	C:\WINDOWS\SYSTEM32\WINMM.dll
0x00007ff9bf190000 - 0x00007ff9bf19a000 	C:\WINDOWS\SYSTEM32\VERSION.dll
0x00007ff9c6eb0000 - 0x00007ff9c6ec2000 	C:\WINDOWS\SYSTEM32\kernel.appcore.dll
0x00007ff9a8470000 - 0x00007ff9a8481000 	C:\Program Files\OpenJDK\openjdk-11.0.15_10\bin\verify.dll
0x00007ff9c6b70000 - 0x00007ff9c6d54000 	C:\WINDOWS\SYSTEM32\DBGHELP.DLL
0x00007ff9c25c0000 - 0x00007ff9c25ec000 	C:\WINDOWS\SYSTEM32\dbgcore.DLL
0x00007ff9c8bf0000 - 0x00007ff9c8c72000 	C:\WINDOWS\System32\bcryptPrimitives.dll
0x00007ff9a33e0000 - 0x00007ff9a3409000 	C:\Program Files\OpenJDK\openjdk-11.0.15_10\bin\java.dll
0x00007ff9b6a30000 - 0x00007ff9b6a3a000 	C:\Program Files\OpenJDK\openjdk-11.0.15_10\bin\jimage.dll
0x00007ff9a3c30000 - 0x00007ff9a3c48000 	C:\Program Files\OpenJDK\openjdk-11.0.15_10\bin\zip.dll
0x00007ff9ca440000 - 0x00007ff9cab84000 	C:\WINDOWS\System32\SHELL32.dll
0x00007ff9c63d0000 - 0x00007ff9c6b64000 	C:\WINDOWS\SYSTEM32\windows.storage.dll
0x00007ff9c9690000 - 0x00007ff9c99e4000 	C:\WINDOWS\System32\combase.dll
0x00007ff9c8030000 - 0x00007ff9c805c000 	C:\WINDOWS\SYSTEM32\Wldp.dll
0x00007ff9ca390000 - 0x00007ff9ca43d000 	C:\WINDOWS\System32\SHCORE.dll
0x00007ff9c9eb0000 - 0x00007ff9c9f05000 	C:\WINDOWS\System32\shlwapi.dll
0x00007ff9c8510000 - 0x00007ff9c852f000 	C:\WINDOWS\SYSTEM32\profapi.dll
0x00007ff9a23b0000 - 0x00007ff9a23c9000 	C:\Program Files\OpenJDK\openjdk-11.0.15_10\bin\net.dll
0x00007ff9c00d0000 - 0x00007ff9c01da000 	C:\WINDOWS\SYSTEM32\WINHTTP.dll
0x00007ff9c7d90000 - 0x00007ff9c7dfa000 	C:\WINDOWS\system32\mswsock.dll
0x00007ff9a1050000 - 0x00007ff9a1063000 	C:\Program Files\OpenJDK\openjdk-11.0.15_10\bin\nio.dll
0x00007ff9a0f10000 - 0x00007ff9a0f37000 	C:\Users\Tom\.gradle\native\e1d6ef7f7dcc3fd88c89a11ec53ec762bb8ba0a96d01ffa2cd45eb1d1d8dd5c5\windows-amd64\native-platform.dll
0x00007ff97b7d0000 - 0x00007ff97b914000 	C:\Users\Tom\.gradle\native\5664cfc778a61ccfe75a443a1ab52a65af34e5dc3c78e0209fed803814484fcb\windows-amd64\native-platform-file-events.dll
0x00007ff9b3720000 - 0x00007ff9b3729000 	C:\Program Files\OpenJDK\openjdk-11.0.15_10\bin\management.dll
0x00007ff9af130000 - 0x00007ff9af13c000 	C:\Program Files\OpenJDK\openjdk-11.0.15_10\bin\management_ext.dll
0x00007ff9c7f80000 - 0x00007ff9c7f98000 	C:\WINDOWS\SYSTEM32\CRYPTSP.dll
0x00007ff9c7640000 - 0x00007ff9c7674000 	C:\WINDOWS\system32\rsaenh.dll
0x00007ff9c8d80000 - 0x00007ff9c8da7000 	C:\WINDOWS\System32\bcrypt.dll
0x00007ff9c8490000 - 0x00007ff9c84be000 	C:\WINDOWS\SYSTEM32\USERENV.dll
0x00007ff9c7fa0000 - 0x00007ff9c7fac000 	C:\WINDOWS\SYSTEM32\CRYPTBASE.dll
0x00007ff9c7a30000 - 0x00007ff9c7a6b000 	C:\WINDOWS\SYSTEM32\IPHLPAPI.DLL
0x00007ff9cad40000 - 0x00007ff9cad48000 	C:\WINDOWS\System32\NSI.dll
0x00007ff9c0490000 - 0x00007ff9c04a7000 	C:\WINDOWS\SYSTEM32\dhcpcsvc6.DLL
0x00007ff9c0eb0000 - 0x00007ff9c0ecd000 	C:\WINDOWS\SYSTEM32\dhcpcsvc.DLL
0x00007ff9c7ac0000 - 0x00007ff9c7b8b000 	C:\WINDOWS\SYSTEM32\DNSAPI.dll

dbghelp: loaded successfully - version: 4.0.5 - missing functions: none
symbol engine: initialized successfully - sym options: 0x614 - pdb path: .;C:\Program Files\OpenJDK\openjdk-11.0.15_10\bin;C:\WINDOWS\SYSTEM32;C:\WINDOWS\WinSxS\amd64_microsoft.windows.common-controls_6595b64144ccf1df_6.0.19041.1110_none_60b5254171f9507e;C:\Program Files\OpenJDK\openjdk-11.0.15_10\bin\server;C:\Users\Tom\.gradle\native\e1d6ef7f7dcc3fd88c89a11ec53ec762bb8ba0a96d01ffa2cd45eb1d1d8dd5c5\windows-amd64;C:\Users\Tom\.gradle\native\5664cfc778a61ccfe75a443a1ab52a65af34e5dc3c78e0209fed803814484fcb\windows-amd64

VM Arguments:
jvm_args: -XX:MaxMetaspaceSize=512m --add-opens=java.base/java.util=ALL-UNNAMED --add-opens=java.base/java.lang=ALL-UNNAMED --add-opens=java.base/java.lang.invoke=ALL-UNNAMED --add-opens=java.base/java.util=ALL-UNNAMED --add-opens=java.prefs/java.util.prefs=ALL-UNNAMED --add-opens=java.prefs/java.util.prefs=ALL-UNNAMED --add-opens=java.base/java.nio.charset=ALL-UNNAMED --add-opens=java.base/java.net=ALL-UNNAMED --add-opens=java.base/java.util.concurrent.atomic=ALL-UNNAMED -Xmx2048m -Dfile.encoding=windows-1252 -Duser.country=GB -Duser.language=en -Duser.variant 
java_command: org.gradle.launcher.daemon.bootstrap.GradleDaemon 7.3.3
java_class_path (initial): C:\Users\Tom\.gradle\wrapper\dists\gradle-7.3.3-all\4295vidhdd9hd3gbjyw1xqxpo\gradle-7.3.3\lib\gradle-launcher-7.3.3.jar
Launcher Type: SUN_STANDARD

[Global flags]
     intx CICompilerCount                          = 3                                         {product} {ergonomic}
   size_t CompressedClassSpaceSize                 = 528482304                                 {product} {ergonomic}
     uint ConcGCThreads                            = 1                                         {product} {ergonomic}
     uint G1ConcRefinementThreads                  = 4                                         {product} {ergonomic}
   size_t G1HeapRegionSize                         = 1048576                                   {product} {ergonomic}
    uintx GCDrainStackTargetSize                   = 64                                        {product} {ergonomic}
   size_t InitialHeapSize                          = 134217728                                 {product} {ergonomic}
   size_t MarkStackSize                            = 4194304                                   {product} {ergonomic}
   size_t MaxHeapSize                              = 2147483648                                {product} {command line}
   size_t MaxMetaspaceSize                         = 536870912                                 {product} {command line}
   size_t MaxNewSize                               = 1287651328                                {product} {ergonomic}
   size_t MinHeapDeltaBytes                        = 1048576                                   {product} {ergonomic}
    uintx NonNMethodCodeHeapSize                   = 5830732                                {pd product} {ergonomic}
    uintx NonProfiledCodeHeapSize                  = 122913754                              {pd product} {ergonomic}
    uintx ProfiledCodeHeapSize                     = 122913754                              {pd product} {ergonomic}
    uintx ReservedCodeCacheSize                    = 251658240                              {pd product} {ergonomic}
     bool SegmentedCodeCache                       = true                                      {product} {ergonomic}
     bool UseCompressedClassPointers               = true                                 {lp64_product} {ergonomic}
     bool UseCompressedOops                        = true                                 {lp64_product} {ergonomic}
     bool UseG1GC                                  = true                                      {product} {ergonomic}
     bool UseLargePagesIndividualAllocation        = false                                  {pd product} {ergonomic}

Logging:
Log output configuration:
 #0: stdout all=warning uptime,level,tags
 #1: stderr all=off uptime,level,tags

Environment Variables:
JAVA_HOME=C:\Program Files\OpenJDK\openjdk-11.0.15_10
CLASSPATH=C:\Users\Tom\Documents\Programmation\React Native\projectRNcli\android\\gradle\wrapper\gradle-wrapper.jar
PATH=C:\Users\Tom\Documents\Programmation\React Native\projectRNcli\android\node_modules\.bin;C:\Users\Tom\Documents\Programmation\React Native\projectRNcli\node_modules\.bin;C:\Users\Tom\Documents\Programmation\React Native\node_modules\.bin;C:\Users\Tom\Documents\Programmation\node_modules\.bin;C:\Users\Tom\Documents\node_modules\.bin;C:\Users\Tom\node_modules\.bin;C:\Users\node_modules\.bin;C:\node_modules\.bin;C:\Program Files\nodejs;C:\Users\Tom\Documents\Programmation\React Native\projectRNcli\node_modules\.bin;C:\Users\Tom\Documents\Programmation\React Native\node_modules\.bin;C:\Users\Tom\Documents\Programmation\node_modules\.bin;C:\Users\Tom\Documents\node_modules\.bin;C:\Users\Tom\node_modules\.bin;C:\Users\node_modules\.bin;C:\node_modules\.bin;C:\Program Files\nodejs\node_modules\npm\node_modules\@npmcli\run-script\lib\node-gyp-bin;C:\Python310\Scripts\;C:\Python310\;C:\Program Files\Common Files\Oracle\Java\javapath;C:\Program Files (x86)\Intel\Intel(R) Management Engine Components\iCLS\;C:\Program Files\Intel\Intel(R) Management Engine Components\iCLS\;C:\windows\system32;C:\windows;C:\windows\System32\Wbem;C:\windows\System32\WindowsPowerShell\v1.0\;C:\Program Files (x86)\Intel\Intel(R) Management Engine Components\DAL;C:\Program Files\Intel\Intel(R) Management Engine Components\DAL;C:\Program Files (x86)\Intel\Intel(R) Management Engine Components\IPT;C:\Program Files\Intel\Intel(R) Management Engine Components\IPT;C:\Program Files (x86)\NVIDIA Corporation\PhysX\Common;C:\WINDOWS\system32;C:\WINDOWS;C:\WINDOWS\System32\Wbem;C:\WINDOWS\System32\WindowsPowerShell\v1.0\;C:\WINDOWS\System32\OpenSSH\;C:\Program Files\Microchip\xc8\v2.36\bin;C:\ProgramData\chocolatey\bin;C:\Program Files\OpenJDK\openjdk-11.0.15_10\bin;C:\Program Files\nodejs\;C:\Users\Tom\AppData\Local\Microsoft\WindowsApps;C:\Users\Tom\AppData\Local\Programs\Microsoft VS Code\bin;C:\Users\Tom\AppData\Local\Android\Sdk\platform-tools;C:\Users\Tom\AppData\Roaming\npm;;C:\Users\Tom\Documents\Pr
USERNAME=Tom
LANG=en_GB.UTF-8
OS=Windows_NT
PROCESSOR_IDENTIFIER=Intel64 Family 6 Model 142 Stepping 10, GenuineIntel



---------------  S Y S T E M  ---------------

OS: Windows 10 , 64 bit Build 19041 (10.0.19041.1741)
OS uptime: 0 days 9:48 hours

CPU:total 4 (initial active 4) (2 cores per cpu, 2 threads per core) family 6 model 142 stepping 10 microcode 0xb4, cmov, cx8, fxsr, mmx, sse, sse2, sse3, ssse3, sse4.1, sse4.2, popcnt, avx, avx2, aes, clmul, erms, 3dnowpref, lzcnt, ht, tsc, tscinvbit, bmi1, bmi2, adx, fma

Memory: 4k page, system-wide physical 8107M (1084M free)
TotalPageFile size 8107M (AvailPageFile size 3M)
current process WorkingSet (physical memory assigned to process): 361M, peak: 361M
current process commit charge ("private bytes"): 401M, peak: 404M

vm_info: OpenJDK 64-Bit Server VM (11.0.15+10) for windows-amd64 JRE (11.0.15+10), built on Apr 21 2022 21:29:46 by "tester" with MS VC++ 15.5 (VS2017)

END.
