#
# There is insufficient memory for the Java Runtime Environment to continue.
# Native memory allocation (malloc) failed to allocate 1509296 bytes for Chunk::new
# Possible reasons:
#   The system is out of physical RAM or swap space
#   The process is running with CompressedOops enabled, and the Java Heap may be blocking the growth of the native heap
# Possible solutions:
#   Reduce memory load on the system
#   Increase physical memory or swap space
#   Check if swap backing store is full
#   Decrease Java heap size (-Xmx/-Xms)
#   Decrease number of Java threads
#   Decrease Java thread stack sizes (-Xss)
#   Set larger code cache with -XX:ReservedCodeCacheSize=
#   JVM is running with Unscaled Compressed Oops mode in which the Java heap is
#     placed in the first 4GB address space. The Java Heap base address is the
#     maximum limit for the native heap growth. Please use -XX:HeapBaseMinAddress
#     to set the Java Heap base and to place the Java Heap above 4GB virtual address.
# This output file may be truncated or incomplete.
#
#  Out of Memory Error (./src/hotspot/share/memory/arena.cpp:197), pid=13500, tid=5212
#
# JRE version: OpenJDK Runtime Environment 18.9 (11.0.15+10) (build 11.0.15+10)
# Java VM: OpenJDK 64-Bit Server VM 18.9 (11.0.15+10, mixed mode, tiered, compressed oops, g1 gc, windows-amd64)
# No core dump will be written. Minidumps are not enabled by default on client versions of Windows
#

---------------  S U M M A R Y ------------

Command Line: -XX:MaxMetaspaceSize=512m --add-opens=java.base/java.util=ALL-UNNAMED --add-opens=java.base/java.lang=ALL-UNNAMED --add-opens=java.base/java.lang.invoke=ALL-UNNAMED --add-opens=java.base/java.util=ALL-UNNAMED --add-opens=java.prefs/java.util.prefs=ALL-UNNAMED --add-opens=java.prefs/java.util.prefs=ALL-UNNAMED --add-opens=java.base/java.nio.charset=ALL-UNNAMED --add-opens=java.base/java.net=ALL-UNNAMED --add-opens=java.base/java.util.concurrent.atomic=ALL-UNNAMED -Xmx2048m -Dfile.encoding=windows-1252 -Duser.country=GB -Duser.language=en -Duser.variant org.gradle.launcher.daemon.bootstrap.GradleDaemon 7.3.3

Host: Intel(R) Core(TM) i3-7020U CPU @ 2.30GHz, 4 cores, 7G,  Windows 10 , 64 bit Build 19041 (10.0.19041.1741)
Time: Sun Jul  3 16:13:41 2022 Romance Summer Time elapsed time: 123.757630 seconds (0d 0h 2m 3s)

---------------  T H R E A D  ---------------

Current thread (0x00000242a584d000):  JavaThread "C2 CompilerThread1" daemon [_thread_in_native, id=5212, stack(0x00000052c4d00000,0x00000052c4e00000)]


Current CompileTask:
C2: 123757 15727 % !   4       java.util.jar.Attributes::read @ 155 (354 bytes)

Stack: [0x00000052c4d00000,0x00000052c4e00000]
Native frames: (J=compiled Java code, j=interpreted, Vv=VM code, C=native code)
V  [jvm.dll+0x64dd3a]
V  [jvm.dll+0x7906c9]
V  [jvm.dll+0x791d9c]
V  [jvm.dll+0x792463]
V  [jvm.dll+0x265048]
V  [jvm.dll+0xc9da1]
V  [jvm.dll+0xca35c]
V  [jvm.dll+0x37c122]
V  [jvm.dll+0x347153]
V  [jvm.dll+0x34647a]
V  [jvm.dll+0x21e085]
V  [jvm.dll+0x21d25a]
V  [jvm.dll+0x19dd21]
V  [jvm.dll+0x22cc80]
V  [jvm.dll+0x22af81]
V  [jvm.dll+0x75254c]
V  [jvm.dll+0x74b12d]
V  [jvm.dll+0x64c8a6]
C  [ucrtbase.dll+0x21bb2]
C  [KERNEL32.DLL+0x17034]
C  [ntdll.dll+0x52651]


---------------  P R O C E S S  ---------------

Threads class SMR info:
_java_thread_list=0x00000242a993b780, length=91, elements={
0x00000242f8482000, 0x000002429ef1f800, 0x000002429ef18800, 0x000002429ef75000,
0x000002429ef79000, 0x000002429ef7a000, 0x000002429ef7d000, 0x000002429ef7e000,
0x000002429f8fd800, 0x000002429f9f5000, 0x00000242a19a9800, 0x00000242a117b800,
0x00000242a2498800, 0x00000242a0e9a800, 0x00000242a0daf800, 0x00000242a0efe000,
0x00000242a0a26800, 0x00000242a0a27000, 0x000002429fd77800, 0x00000242a1947800,
0x00000242a0ffe800, 0x00000242a0ffa800, 0x00000242a0fff000, 0x00000242a1000000,
0x00000242a1001000, 0x00000242a0ffb000, 0x00000242a0ffc000, 0x00000242a0ffc800,
0x00000242a0ffd800, 0x00000242a1e8d800, 0x00000242a1e8a800, 0x00000242a1e8f000,
0x00000242a1e89800, 0x00000242a1e8b000, 0x00000242a1e90000, 0x00000242a1e8c000,
0x00000242a1e8d000, 0x00000242a1e92800, 0x00000242a1e91800, 0x00000242a1e8e800,
0x00000242a1e94000, 0x00000242a1e98000, 0x00000242a1e93800, 0x00000242a1e96000,
0x00000242a1e95000, 0x00000242a1e96800, 0x00000242a1e97800, 0x00000242a354f000,
0x00000242a354f800, 0x00000242a354d800, 0x00000242a3550800, 0x00000242a3551800,
0x00000242a3552000, 0x00000242a3553000, 0x00000242a3554000, 0x00000242a354e000,
0x00000242a3554800, 0x00000242a3555800, 0x00000242a355b000, 0x00000242a355c000,
0x00000242a3556800, 0x00000242a3557000, 0x00000242a3558000, 0x00000242a3559800,
0x00000242a3558800, 0x00000242a355a800, 0x00000242a3169800, 0x00000242a3168800,
0x00000242a3167000, 0x00000242a316c000, 0x00000242a316b000, 0x00000242a3166800,
0x00000242a316a800, 0x00000242a316d000, 0x00000242a5cd1800, 0x00000242a5cd3800,
0x00000242a5cd2000, 0x00000242a5cd3000, 0x00000242a5cce000, 0x00000242a5cd5800,
0x00000242a5cd6000, 0x00000242a5cd4800, 0x00000242a5cd0800, 0x00000242a5cda800,
0x00000242a5cd8000, 0x00000242a5cdb000, 0x00000242a5cdc000, 0x00000242a5cdc800,
0x00000242a5cd7000, 0x00000242a5cd9800, 0x00000242a584d000
}

Java Threads: ( => current thread )
  0x00000242f8482000 JavaThread "main" [_thread_blocked, id=7732, stack(0x00000052bf600000,0x00000052bf700000)]
  0x000002429ef1f800 JavaThread "Reference Handler" daemon [_thread_blocked, id=11656, stack(0x00000052bfd00000,0x00000052bfe00000)]
  0x000002429ef18800 JavaThread "Finalizer" daemon [_thread_blocked, id=10632, stack(0x00000052bfe00000,0x00000052bff00000)]
  0x000002429ef75000 JavaThread "Signal Dispatcher" daemon [_thread_blocked, id=18108, stack(0x00000052bff00000,0x00000052c0000000)]
  0x000002429ef79000 JavaThread "Attach Listener" daemon [_thread_blocked, id=17684, stack(0x00000052c0000000,0x00000052c0100000)]
  0x000002429ef7a000 JavaThread "Service Thread" daemon [_thread_blocked, id=8380, stack(0x00000052c0100000,0x00000052c0200000)]
  0x000002429ef7d000 JavaThread "C2 CompilerThread0" daemon [_thread_in_native, id=18388, stack(0x00000052c0200000,0x00000052c0300000)]
  0x000002429ef7e000 JavaThread "C1 CompilerThread0" daemon [_thread_blocked, id=18072, stack(0x00000052c0300000,0x00000052c0400000)]
  0x000002429f8fd800 JavaThread "Sweeper thread" daemon [_thread_blocked, id=17788, stack(0x00000052c0400000,0x00000052c0500000)]
  0x000002429f9f5000 JavaThread "Common-Cleaner" daemon [_thread_blocked, id=3960, stack(0x00000052c0500000,0x00000052c0600000)]
  0x00000242a19a9800 JavaThread "Daemon health stats" [_thread_blocked, id=12776, stack(0x00000052c0a00000,0x00000052c0b00000)]
  0x00000242a117b800 JavaThread "Incoming local TCP Connector on port 49396" [_thread_in_native, id=2588, stack(0x00000052c0700000,0x00000052c0800000)]
  0x00000242a2498800 JavaThread "Daemon periodic checks" [_thread_blocked, id=17180, stack(0x00000052c0b00000,0x00000052c0c00000)]
  0x00000242a0e9a800 JavaThread "Daemon" [_thread_blocked, id=17588, stack(0x00000052c0c00000,0x00000052c0d00000)]
  0x00000242a0daf800 JavaThread "Handler for socket connection from /127.0.0.1:49396 to /127.0.0.1:49397" [_thread_in_native, id=7636, stack(0x00000052c0d00000,0x00000052c0e00000)]
  0x00000242a0efe000 JavaThread "Cancel handler" [_thread_blocked, id=17616, stack(0x00000052c0e00000,0x00000052c0f00000)]
  0x00000242a0a26800 JavaThread "Daemon worker" [_thread_blocked, id=8920, stack(0x00000052c0f00000,0x00000052c1000000)]
  0x00000242a0a27000 JavaThread "Asynchronous log dispatcher for DefaultDaemonConnection: socket connection from /127.0.0.1:49396 to /127.0.0.1:49397" [_thread_blocked, id=13984, stack(0x00000052c1000000,0x00000052c1100000)]
  0x000002429fd77800 JavaThread "Stdin handler" [_thread_blocked, id=10628, stack(0x00000052c1100000,0x00000052c1200000)]
  0x00000242a1947800 JavaThread "Daemon client event forwarder" [_thread_blocked, id=2312, stack(0x00000052c1200000,0x00000052c1300000)]
  0x00000242a0ffe800 JavaThread "Cache worker for journal cache (C:\Users\Tom\.gradle\caches\journal-1)" [_thread_blocked, id=7348, stack(0x00000052c1400000,0x00000052c1500000)]
  0x00000242a0ffa800 JavaThread "File lock request listener" [_thread_in_native, id=13020, stack(0x00000052c1500000,0x00000052c1600000)]
  0x00000242a0fff000 JavaThread "Cache worker for file hash cache (C:\Users\Tom\.gradle\caches\7.3.3\fileHashes)" [_thread_blocked, id=9036, stack(0x00000052c1600000,0x00000052c1700000)]
  0x00000242a1000000 JavaThread "Cache worker for file hash cache (C:\Users\Tom\Documents\Programmation\React Native\projectRNcli\android\.gradle\7.3.3\fileHashes)" [_thread_blocked, id=8768, stack(0x00000052c1700000,0x00000052c1800000)]
  0x00000242a1001000 JavaThread "File watcher server" daemon [_thread_in_native, id=11144, stack(0x00000052c1800000,0x00000052c1900000)]
  0x00000242a0ffb000 JavaThread "File watcher consumer" daemon [_thread_blocked, id=18248, stack(0x00000052c1900000,0x00000052c1a00000)]
  0x00000242a0ffc000 JavaThread "Cache worker for checksums cache (C:\Users\Tom\Documents\Programmation\React Native\projectRNcli\android\.gradle\7.3.3\checksums)" [_thread_blocked, id=18092, stack(0x00000052c1a00000,0x00000052c1b00000)]
  0x00000242a0ffc800 JavaThread "Cache worker for cache directory md-supplier (C:\Users\Tom\.gradle\caches\7.3.3\md-supplier)" [_thread_blocked, id=16692, stack(0x00000052c1b00000,0x00000052c1c00000)]
  0x00000242a0ffd800 JavaThread "Cache worker for cache directory md-rule (C:\Users\Tom\.gradle\caches\7.3.3\md-rule)" [_thread_blocked, id=2152, stack(0x00000052c1c00000,0x00000052c1d00000)]
  0x00000242a1e8d800 JavaThread "Cache worker for execution history cache (C:\Users\Tom\.gradle\caches\7.3.3\executionHistory)" [_thread_blocked, id=14952, stack(0x00000052c1d00000,0x00000052c1e00000)]
  0x00000242a1e8a800 JavaThread "jar transforms" [_thread_blocked, id=15224, stack(0x00000052c1f00000,0x00000052c2000000)]
  0x00000242a1e8f000 JavaThread "jar transforms Thread 2" [_thread_blocked, id=10340, stack(0x00000052c2000000,0x00000052c2100000)]
  0x00000242a1e89800 JavaThread "Cache worker for file content cache (C:\Users\Tom\.gradle\caches\7.3.3\fileContent)" [_thread_blocked, id=10024, stack(0x00000052c2100000,0x00000052c2200000)]
  0x00000242a1e8b000 JavaThread "jar transforms Thread 3" [_thread_blocked, id=4388, stack(0x00000052c1e00000,0x00000052c1f00000)]
  0x00000242a1e90000 JavaThread "jar transforms Thread 4" [_thread_blocked, id=9220, stack(0x00000052c2200000,0x00000052c2300000)]
  0x00000242a1e8c000 JavaThread "Cache worker for kotlin-dsl (C:\Users\Tom\.gradle\caches\7.3.3\kotlin-dsl)" [_thread_blocked, id=9392, stack(0x00000052c2400000,0x00000052c2500000)]
  0x00000242a1e8d000 JavaThread "Cache worker for dependencies-accessors (C:\Users\Tom\Documents\Programmation\React Native\projectRNcli\android\.gradle\7.3.3\dependencies-accessors)" [_thread_blocked, id=11848, stack(0x00000052c2500000,0x00000052c2600000)]
  0x00000242a1e92800 JavaThread "Cache worker for Build Output Cleanup Cache (C:\Users\Tom\Documents\Programmation\React Native\projectRNcli\node_modules\react-native-gradle-plugin\.gradle\buildOutputCleanup)" [_thread_blocked, id=11520, stack(0x00000052c2600000,0x00000052c2700000)]
  0x00000242a1e91800 JavaThread "Unconstrained build operations" [_thread_blocked, id=9112, stack(0x00000052c2300000,0x00000052c2400000)]
  0x00000242a1e8e800 JavaThread "Unconstrained build operations Thread 2" [_thread_blocked, id=14836, stack(0x00000052c2700000,0x00000052c2800000)]
  0x00000242a1e94000 JavaThread "Unconstrained build operations Thread 3" [_thread_blocked, id=3036, stack(0x00000052c2800000,0x00000052c2900000)]
  0x00000242a1e98000 JavaThread "Unconstrained build operations Thread 4" [_thread_blocked, id=2072, stack(0x00000052c2900000,0x00000052c2a00000)]
  0x00000242a1e93800 JavaThread "Unconstrained build operations Thread 5" [_thread_blocked, id=16404, stack(0x00000052c2a00000,0x00000052c2b00000)]
  0x00000242a1e96000 JavaThread "Unconstrained build operations Thread 6" [_thread_blocked, id=11128, stack(0x00000052c2b00000,0x00000052c2c00000)]
  0x00000242a1e95000 JavaThread "Unconstrained build operations Thread 7" [_thread_blocked, id=15376, stack(0x00000052c2c00000,0x00000052c2d00000)]
  0x00000242a1e96800 JavaThread "Unconstrained build operations Thread 8" [_thread_blocked, id=2428, stack(0x00000052c2d00000,0x00000052c2e00000)]
  0x00000242a1e97800 JavaThread "Unconstrained build operations Thread 9" [_thread_blocked, id=5520, stack(0x00000052c2e00000,0x00000052c2f00000)]
  0x00000242a354f000 JavaThread "Unconstrained build operations Thread 10" [_thread_blocked, id=1336, stack(0x00000052c2f00000,0x00000052c3000000)]
  0x00000242a354f800 JavaThread "Unconstrained build operations Thread 11" [_thread_in_native, id=18016, stack(0x00000052c3000000,0x00000052c3100000)]
  0x00000242a354d800 JavaThread "Unconstrained build operations Thread 12" [_thread_blocked, id=13460, stack(0x00000052c3100000,0x00000052c3200000)]
  0x00000242a3550800 JavaThread "Unconstrained build operations Thread 13" [_thread_blocked, id=12296, stack(0x00000052c3200000,0x00000052c3300000)]
  0x00000242a3551800 JavaThread "Unconstrained build operations Thread 14" [_thread_blocked, id=17500, stack(0x00000052c3300000,0x00000052c3400000)]
  0x00000242a3552000 JavaThread "Unconstrained build operations Thread 15" [_thread_in_native, id=6288, stack(0x00000052c3400000,0x00000052c3500000)]
  0x00000242a3553000 JavaThread "Unconstrained build operations Thread 16" [_thread_blocked, id=7308, stack(0x00000052c3500000,0x00000052c3600000)]
  0x00000242a3554000 JavaThread "Unconstrained build operations Thread 17" [_thread_blocked, id=7816, stack(0x00000052c3600000,0x00000052c3700000)]
  0x00000242a354e000 JavaThread "Unconstrained build operations Thread 18" [_thread_blocked, id=2728, stack(0x00000052c3700000,0x00000052c3800000)]
  0x00000242a3554800 JavaThread "Unconstrained build operations Thread 19" [_thread_blocked, id=12588, stack(0x00000052c3800000,0x00000052c3900000)]
  0x00000242a3555800 JavaThread "Unconstrained build operations Thread 20" [_thread_blocked, id=14364, stack(0x00000052c3900000,0x00000052c3a00000)]
  0x00000242a355b000 JavaThread "Unconstrained build operations Thread 21" [_thread_blocked, id=16036, stack(0x00000052c3a00000,0x00000052c3b00000)]
  0x00000242a355c000 JavaThread "Unconstrained build operations Thread 22" [_thread_blocked, id=6680, stack(0x00000052c3b00000,0x00000052c3c00000)]
  0x00000242a3556800 JavaThread "Unconstrained build operations Thread 23" [_thread_blocked, id=15892, stack(0x00000052c3c00000,0x00000052c3d00000)]
  0x00000242a3557000 JavaThread "Unconstrained build operations Thread 24" [_thread_blocked, id=7848, stack(0x00000052c3d00000,0x00000052c3e00000)]
  0x00000242a3558000 JavaThread "Unconstrained build operations Thread 25" [_thread_blocked, id=10232, stack(0x00000052c3e00000,0x00000052c3f00000)]
  0x00000242a3559800 JavaThread "Unconstrained build operations Thread 26" [_thread_blocked, id=14556, stack(0x00000052c3f00000,0x00000052c4000000)]
  0x00000242a3558800 JavaThread "Unconstrained build operations Thread 27" [_thread_blocked, id=15112, stack(0x00000052c4000000,0x00000052c4100000)]
  0x00000242a355a800 JavaThread "Unconstrained build operations Thread 28" [_thread_blocked, id=3292, stack(0x00000052c4100000,0x00000052c4200000)]
  0x00000242a3169800 JavaThread "Unconstrained build operations Thread 29" [_thread_in_native, id=15788, stack(0x00000052c4200000,0x00000052c4300000)]
  0x00000242a3168800 JavaThread "Unconstrained build operations Thread 30" [_thread_blocked, id=18356, stack(0x00000052c4300000,0x00000052c4400000)]
  0x00000242a3167000 JavaThread "Unconstrained build operations Thread 31" [_thread_blocked, id=15028, stack(0x00000052c4400000,0x00000052c4500000)]
  0x00000242a316c000 JavaThread "Unconstrained build operations Thread 32" [_thread_blocked, id=14152, stack(0x00000052c4500000,0x00000052c4600000)]
  0x00000242a316b000 JavaThread "Unconstrained build operations Thread 33" [_thread_blocked, id=18284, stack(0x00000052c4600000,0x00000052c4700000)]
  0x00000242a3166800 JavaThread "build event listener" [_thread_blocked, id=1604, stack(0x00000052c4700000,0x00000052c4800000)]
  0x00000242a316a800 JavaThread "Memory manager" [_thread_blocked, id=8488, stack(0x00000052c4800000,0x00000052c4900000)]
  0x00000242a316d000 JavaThread "Cache worker for Build Output Cleanup Cache (C:\Users\Tom\Documents\Programmation\React Native\projectRNcli\android\.gradle\buildOutputCleanup)" [_thread_blocked, id=1128, stack(0x00000052c4c00000,0x00000052c4d00000)]
  0x00000242a5cd1800 JavaThread "Cache worker for execution history cache (C:\Users\Tom\Documents\Programmation\React Native\projectRNcli\node_modules\react-native-gradle-plugin\.gradle\7.3.3\executionHistory)" [_thread_blocked, id=11188, stack(0x00000052c5100000,0x00000052c5200000)]
  0x00000242a5cd3800 JavaThread "Unconstrained build operations Thread 34" [_thread_blocked, id=17932, stack(0x00000052c5200000,0x00000052c5300000)]
  0x00000242a5cd2000 JavaThread "Unconstrained build operations Thread 35" [_thread_in_native, id=5224, stack(0x00000052c5300000,0x00000052c5400000)]
  0x00000242a5cd3000 JavaThread "Unconstrained build operations Thread 36" [_thread_blocked, id=1844, stack(0x00000052c5400000,0x00000052c5500000)]
  0x00000242a5cce000 JavaThread "Unconstrained build operations Thread 37" [_thread_blocked, id=6956, stack(0x00000052c5500000,0x00000052c5600000)]
  0x00000242a5cd5800 JavaThread "Unconstrained build operations Thread 38" [_thread_blocked, id=3184, stack(0x00000052c5600000,0x00000052c5700000)]
  0x00000242a5cd6000 JavaThread "Unconstrained build operations Thread 39" [_thread_blocked, id=10220, stack(0x00000052c5700000,0x00000052c5800000)]
  0x00000242a5cd4800 JavaThread "Unconstrained build operations Thread 40" [_thread_blocked, id=2624, stack(0x00000052c5800000,0x00000052c5900000)]
  0x00000242a5cd0800 JavaThread "Execution worker for ':'" [_thread_blocked, id=944, stack(0x00000052bf500000,0x00000052bf600000)]
  0x00000242a5cda800 JavaThread "Execution worker for ':' Thread 2" [_thread_blocked, id=14464, stack(0x00000052c4900000,0x00000052c4a00000)]
  0x00000242a5cd8000 JavaThread "Execution worker for ':' Thread 3" [_thread_blocked, id=1492, stack(0x00000052c4e00000,0x00000052c4f00000)]
  0x00000242a5cdb000 JavaThread "Cache worker for execution history cache (C:\Users\Tom\Documents\Programmation\React Native\projectRNcli\android\.gradle\7.3.3\executionHistory)" [_thread_blocked, id=2444, stack(0x00000052c4f00000,0x00000052c5000000)]
  0x00000242a5cdc000 JavaThread "WorkerExecutor Queue" [_thread_blocked, id=7792, stack(0x00000052bf400000,0x00000052bf500000)]
  0x00000242a5cdc800 JavaThread "WorkerExecutor Queue Thread 2" [_thread_blocked, id=16348, stack(0x00000052c5b00000,0x00000052c5c00000)]
  0x00000242a5cd7000 JavaThread "WorkerExecutor Queue Thread 3" [_thread_blocked, id=12252, stack(0x00000052c5c00000,0x00000052c5d00000)]
  0x00000242a5cd9800 JavaThread "WorkerExecutor Queue Thread 4" [_thread_blocked, id=18180, stack(0x00000052c5d00000,0x00000052c5e00000)]
=>0x00000242a584d000 JavaThread "C2 CompilerThread1" daemon [_thread_in_native, id=5212, stack(0x00000052c4d00000,0x00000052c4e00000)]

Other Threads:
  0x000002429ef0a000 VMThread "VM Thread" [stack: 0x00000052bfc00000,0x00000052bfd00000] [id=16556]
  0x000002429fa1a800 WatcherThread [stack: 0x00000052c0600000,0x00000052c0700000] [id=15108]
  0x00000242f849b000 GCTaskThread "GC Thread#0" [stack: 0x00000052bf700000,0x00000052bf800000] [id=10044]
  0x00000242a061b000 GCTaskThread "GC Thread#1" [stack: 0x00000052c0800000,0x00000052c0900000] [id=11192]
  0x00000242a03b6800 GCTaskThread "GC Thread#2" [stack: 0x00000052c0900000,0x00000052c0a00000] [id=8572]
  0x000002429fd6e800 GCTaskThread "GC Thread#3" [stack: 0x00000052c1300000,0x00000052c1400000] [id=8248]
  0x00000242f84cc800 ConcurrentGCThread "G1 Main Marker" [stack: 0x00000052bf800000,0x00000052bf900000] [id=14820]
  0x00000242f84ce000 ConcurrentGCThread "G1 Conc#0" [stack: 0x00000052bf900000,0x00000052bfa00000] [id=16260]
  0x00000242f855c800 ConcurrentGCThread "G1 Refine#0" [stack: 0x00000052bfa00000,0x00000052bfb00000] [id=13728]
  0x00000242f855d800 ConcurrentGCThread "G1 Young RemSet Sampling" [stack: 0x00000052bfb00000,0x00000052bfc00000] [id=7432]

Threads with active compile tasks:
C2 CompilerThread0   124196 15750       4       org.objectweb.asm.signature.SignatureReader::parseType (411 bytes)
C2 CompilerThread1   124196 15727 % !   4       java.util.jar.Attributes::read @ 155 (354 bytes)

VM state:not at safepoint (normal execution)

VM Mutex/Monitor currently owned by a thread: None

Heap address: 0x0000000080000000, size: 2048 MB, Compressed Oops mode: 32-bit
Narrow klass base: 0x0000000000000000, Narrow klass shift: 3
Compressed class space size: 528482304 Address: 0x0000000100000000

Heap:
 garbage-first heap   total 275456K, used 169120K [0x0000000080000000, 0x0000000100000000)
  region size 1024K, 66 young (67584K), 2 survivors (2048K)
 Metaspace       used 112115K, capacity 115037K, committed 115208K, reserved 616448K
  class space    used 13949K, capacity 15088K, committed 15104K, reserved 516096K
Heap Regions: E=young(eden), S=young(survivor), O=old, HS=humongous(starts), HC=humongous(continues), CS=collection set, F=free, A=archive, TAMS=top-at-mark-start (previous, next)
|   0|0x0000000080000000, 0x0000000080100000, 0x0000000080100000|100%| O|  |TAMS 0x0000000080100000, 0x0000000080000000| Untracked 
|   1|0x0000000080100000, 0x0000000080200000, 0x0000000080200000|100%| O|  |TAMS 0x0000000080200000, 0x0000000080100000| Untracked 
|   2|0x0000000080200000, 0x0000000080300000, 0x0000000080300000|100%| O|  |TAMS 0x0000000080300000, 0x0000000080200000| Untracked 
|   3|0x0000000080300000, 0x0000000080400000, 0x0000000080400000|100%|HS|  |TAMS 0x0000000080400000, 0x0000000080300000| Complete 
|   4|0x0000000080400000, 0x0000000080500000, 0x0000000080500000|100%|HC|  |TAMS 0x0000000080500000, 0x0000000080400000| Complete 
|   5|0x0000000080500000, 0x0000000080600000, 0x0000000080600000|100%|HC|  |TAMS 0x0000000080600000, 0x0000000080500000| Complete 
|   6|0x0000000080600000, 0x0000000080700000, 0x0000000080700000|100%| O|  |TAMS 0x0000000080700000, 0x0000000080600000| Untracked 
|   7|0x0000000080700000, 0x0000000080800000, 0x0000000080800000|100%| O|  |TAMS 0x0000000080800000, 0x0000000080700000| Untracked 
|   8|0x0000000080800000, 0x0000000080900000, 0x0000000080900000|100%| O|  |TAMS 0x0000000080900000, 0x0000000080800000| Untracked 
|   9|0x0000000080900000, 0x0000000080a00000, 0x0000000080a00000|100%| O|  |TAMS 0x0000000080a00000, 0x0000000080900000| Untracked 
|  10|0x0000000080a00000, 0x0000000080b00000, 0x0000000080b00000|100%| O|  |TAMS 0x0000000080b00000, 0x0000000080a00000| Untracked 
|  11|0x0000000080b00000, 0x0000000080c00000, 0x0000000080c00000|100%| O|  |TAMS 0x0000000080c00000, 0x0000000080b00000| Untracked 
|  12|0x0000000080c00000, 0x0000000080d00000, 0x0000000080d00000|100%| O|  |TAMS 0x0000000080d00000, 0x0000000080c00000| Untracked 
|  13|0x0000000080d00000, 0x0000000080e00000, 0x0000000080e00000|100%| O|  |TAMS 0x0000000080e00000, 0x0000000080d00000| Untracked 
|  14|0x0000000080e00000, 0x0000000080f00000, 0x0000000080f00000|100%| O|  |TAMS 0x0000000080f00000, 0x0000000080e00000| Untracked 
|  15|0x0000000080f00000, 0x0000000081000000, 0x0000000081000000|100%| O|  |TAMS 0x0000000081000000, 0x0000000080f00000| Untracked 
|  16|0x0000000081000000, 0x0000000081100000, 0x0000000081100000|100%| O|  |TAMS 0x0000000081100000, 0x0000000081000000| Untracked 
|  17|0x0000000081100000, 0x0000000081200000, 0x0000000081200000|100%|HS|  |TAMS 0x0000000081200000, 0x0000000081100000| Complete 
|  18|0x0000000081200000, 0x0000000081300000, 0x0000000081300000|100%| O|  |TAMS 0x0000000081300000, 0x0000000081200000| Untracked 
|  19|0x0000000081300000, 0x0000000081400000, 0x0000000081400000|100%| O|  |TAMS 0x0000000081400000, 0x0000000081300000| Untracked 
|  20|0x0000000081400000, 0x0000000081500000, 0x0000000081500000|100%| O|  |TAMS 0x0000000081500000, 0x0000000081400000| Untracked 
|  21|0x0000000081500000, 0x0000000081600000, 0x0000000081600000|100%| O|  |TAMS 0x0000000081600000, 0x0000000081500000| Untracked 
|  22|0x0000000081600000, 0x0000000081700000, 0x0000000081700000|100%| O|  |TAMS 0x0000000081700000, 0x0000000081600000| Untracked 
|  23|0x0000000081700000, 0x0000000081800000, 0x0000000081800000|100%| O|  |TAMS 0x0000000081800000, 0x0000000081700000| Untracked 
|  24|0x0000000081800000, 0x0000000081900000, 0x0000000081900000|100%| O|  |TAMS 0x0000000081900000, 0x0000000081800000| Untracked 
|  25|0x0000000081900000, 0x0000000081a00000, 0x0000000081a00000|100%| O|  |TAMS 0x0000000081a00000, 0x0000000081900000| Untracked 
|  26|0x0000000081a00000, 0x0000000081b00000, 0x0000000081b00000|100%| O|  |TAMS 0x0000000081b00000, 0x0000000081a00000| Untracked 
|  27|0x0000000081b00000, 0x0000000081c00000, 0x0000000081c00000|100%| O|  |TAMS 0x0000000081c00000, 0x0000000081b00000| Untracked 
|  28|0x0000000081c00000, 0x0000000081d00000, 0x0000000081d00000|100%|HS|  |TAMS 0x0000000081d00000, 0x0000000081c00000| Complete 
|  29|0x0000000081d00000, 0x0000000081e00000, 0x0000000081e00000|100%|HC|  |TAMS 0x0000000081e00000, 0x0000000081d00000| Complete 
|  30|0x0000000081e00000, 0x0000000081f00000, 0x0000000081f00000|100%|HC|  |TAMS 0x0000000081f00000, 0x0000000081e00000| Complete 
|  31|0x0000000081f00000, 0x0000000082000000, 0x0000000082000000|100%| O|  |TAMS 0x0000000082000000, 0x0000000081f00000| Untracked 
|  32|0x0000000082000000, 0x0000000082100000, 0x0000000082100000|100%| O|  |TAMS 0x0000000082100000, 0x0000000082000000| Untracked 
|  33|0x0000000082100000, 0x0000000082200000, 0x0000000082200000|100%| O|  |TAMS 0x0000000082200000, 0x0000000082100000| Untracked 
|  34|0x0000000082200000, 0x0000000082300000, 0x0000000082300000|100%| O|  |TAMS 0x0000000082300000, 0x0000000082200000| Untracked 
|  35|0x0000000082300000, 0x0000000082400000, 0x0000000082400000|100%| O|  |TAMS 0x0000000082400000, 0x0000000082300000| Untracked 
|  36|0x0000000082400000, 0x0000000082500000, 0x0000000082500000|100%| O|  |TAMS 0x0000000082500000, 0x0000000082400000| Untracked 
|  37|0x0000000082500000, 0x0000000082600000, 0x0000000082600000|100%| O|  |TAMS 0x0000000082600000, 0x0000000082500000| Untracked 
|  38|0x0000000082600000, 0x0000000082700000, 0x0000000082700000|100%| O|  |TAMS 0x0000000082700000, 0x0000000082600000| Untracked 
|  39|0x0000000082700000, 0x0000000082800000, 0x0000000082800000|100%| O|  |TAMS 0x0000000082800000, 0x0000000082700000| Untracked 
|  40|0x0000000082800000, 0x0000000082900000, 0x0000000082900000|100%|HS|  |TAMS 0x0000000082900000, 0x0000000082800000| Complete 
|  41|0x0000000082900000, 0x0000000082a00000, 0x0000000082a00000|100%|HS|  |TAMS 0x0000000082a00000, 0x0000000082900000| Complete 
|  42|0x0000000082a00000, 0x0000000082b00000, 0x0000000082b00000|100%|HS|  |TAMS 0x0000000082b00000, 0x0000000082a00000| Complete 
|  43|0x0000000082b00000, 0x0000000082c00000, 0x0000000082c00000|100%|HC|  |TAMS 0x0000000082c00000, 0x0000000082b00000| Complete 
|  44|0x0000000082c00000, 0x0000000082d00000, 0x0000000082d00000|100%| O|  |TAMS 0x0000000082d00000, 0x0000000082c00000| Untracked 
|  45|0x0000000082d00000, 0x0000000082e00000, 0x0000000082e00000|100%| O|  |TAMS 0x0000000082e00000, 0x0000000082d00000| Untracked 
|  46|0x0000000082e00000, 0x0000000082f00000, 0x0000000082f00000|100%| O|  |TAMS 0x0000000082f00000, 0x0000000082e00000| Untracked 
|  47|0x0000000082f00000, 0x0000000083000000, 0x0000000083000000|100%| O|  |TAMS 0x0000000083000000, 0x0000000082f00000| Untracked 
|  48|0x0000000083000000, 0x0000000083100000, 0x0000000083100000|100%| O|  |TAMS 0x0000000083100000, 0x0000000083000000| Untracked 
|  49|0x0000000083100000, 0x0000000083200000, 0x0000000083200000|100%| O|  |TAMS 0x0000000083200000, 0x0000000083100000| Untracked 
|  50|0x0000000083200000, 0x0000000083300000, 0x0000000083300000|100%| O|  |TAMS 0x0000000083300000, 0x0000000083200000| Untracked 
|  51|0x0000000083300000, 0x0000000083400000, 0x0000000083400000|100%| O|  |TAMS 0x0000000083400000, 0x0000000083300000| Untracked 
|  52|0x0000000083400000, 0x0000000083500000, 0x0000000083500000|100%| O|  |TAMS 0x0000000083500000, 0x0000000083400000| Untracked 
|  53|0x0000000083500000, 0x0000000083600000, 0x0000000083600000|100%| O|  |TAMS 0x0000000083600000, 0x0000000083500000| Untracked 
|  54|0x0000000083600000, 0x0000000083700000, 0x0000000083700000|100%| O|  |TAMS 0x0000000083700000, 0x0000000083600000| Untracked 
|  55|0x0000000083700000, 0x0000000083800000, 0x0000000083800000|100%| O|  |TAMS 0x0000000083800000, 0x0000000083700000| Untracked 
|  56|0x0000000083800000, 0x0000000083900000, 0x0000000083900000|100%| O|  |TAMS 0x0000000083900000, 0x0000000083800000| Untracked 
|  57|0x0000000083900000, 0x0000000083a00000, 0x0000000083a00000|100%| O|  |TAMS 0x0000000083a00000, 0x0000000083900000| Untracked 
|  58|0x0000000083a00000, 0x0000000083b00000, 0x0000000083b00000|100%| O|  |TAMS 0x0000000083b00000, 0x0000000083a00000| Untracked 
|  59|0x0000000083b00000, 0x0000000083c00000, 0x0000000083c00000|100%| O|  |TAMS 0x0000000083c00000, 0x0000000083b00000| Untracked 
|  60|0x0000000083c00000, 0x0000000083d00000, 0x0000000083d00000|100%| O|  |TAMS 0x0000000083d00000, 0x0000000083c00000| Untracked 
|  61|0x0000000083d00000, 0x0000000083e00000, 0x0000000083e00000|100%| O|  |TAMS 0x0000000083e00000, 0x0000000083d00000| Untracked 
|  62|0x0000000083e00000, 0x0000000083f00000, 0x0000000083f00000|100%| O|  |TAMS 0x0000000083f00000, 0x0000000083e00000| Untracked 
|  63|0x0000000083f00000, 0x0000000084000000, 0x0000000084000000|100%| O|  |TAMS 0x0000000084000000, 0x0000000083f00000| Untracked 
|  64|0x0000000084000000, 0x0000000084100000, 0x0000000084100000|100%| O|  |TAMS 0x0000000084100000, 0x0000000084000000| Untracked 
|  65|0x0000000084100000, 0x0000000084200000, 0x0000000084200000|100%| O|  |TAMS 0x0000000084200000, 0x0000000084100000| Untracked 
|  66|0x0000000084200000, 0x0000000084300000, 0x0000000084300000|100%| O|  |TAMS 0x0000000084300000, 0x0000000084200000| Untracked 
|  67|0x0000000084300000, 0x0000000084400000, 0x0000000084400000|100%| O|  |TAMS 0x0000000084400000, 0x0000000084300000| Untracked 
|  68|0x0000000084400000, 0x0000000084500000, 0x0000000084500000|100%| O|  |TAMS 0x0000000084500000, 0x0000000084400000| Untracked 
|  69|0x0000000084500000, 0x0000000084600000, 0x0000000084600000|100%| O|  |TAMS 0x0000000084600000, 0x0000000084500000| Untracked 
|  70|0x0000000084600000, 0x0000000084700000, 0x0000000084700000|100%| O|  |TAMS 0x0000000084700000, 0x0000000084600000| Untracked 
|  71|0x0000000084700000, 0x0000000084800000, 0x0000000084800000|100%| O|  |TAMS 0x0000000084800000, 0x0000000084700000| Untracked 
|  72|0x0000000084800000, 0x0000000084900000, 0x0000000084900000|100%| O|  |TAMS 0x0000000084900000, 0x0000000084800000| Untracked 
|  73|0x0000000084900000, 0x0000000084a00000, 0x0000000084a00000|100%| O|  |TAMS 0x0000000084a00000, 0x0000000084900000| Untracked 
|  74|0x0000000084a00000, 0x0000000084b00000, 0x0000000084b00000|100%| O|  |TAMS 0x0000000084b00000, 0x0000000084a00000| Untracked 
|  75|0x0000000084b00000, 0x0000000084c00000, 0x0000000084c00000|100%| O|  |TAMS 0x0000000084c00000, 0x0000000084b00000| Untracked 
|  76|0x0000000084c00000, 0x0000000084d00000, 0x0000000084d00000|100%| O|  |TAMS 0x0000000084d00000, 0x0000000084c00000| Untracked 
|  77|0x0000000084d00000, 0x0000000084e00000, 0x0000000084e00000|100%| O|  |TAMS 0x0000000084e00000, 0x0000000084d00000| Untracked 
|  78|0x0000000084e00000, 0x0000000084f00000, 0x0000000084f00000|100%| O|  |TAMS 0x0000000084f00000, 0x0000000084e00000| Untracked 
|  79|0x0000000084f00000, 0x0000000085000000, 0x0000000085000000|100%| O|  |TAMS 0x0000000085000000, 0x0000000084f00000| Untracked 
|  80|0x0000000085000000, 0x0000000085100000, 0x0000000085100000|100%| O|  |TAMS 0x0000000085100000, 0x0000000085000000| Untracked 
|  81|0x0000000085100000, 0x0000000085200000, 0x0000000085200000|100%| O|  |TAMS 0x0000000085200000, 0x0000000085100000| Untracked 
|  82|0x0000000085200000, 0x0000000085300000, 0x0000000085300000|100%| O|  |TAMS 0x0000000085300000, 0x0000000085200000| Untracked 
|  83|0x0000000085300000, 0x0000000085400000, 0x0000000085400000|100%| O|  |TAMS 0x0000000085400000, 0x0000000085300000| Untracked 
|  84|0x0000000085400000, 0x0000000085500000, 0x0000000085500000|100%| O|  |TAMS 0x0000000085500000, 0x0000000085400000| Untracked 
|  85|0x0000000085500000, 0x0000000085600000, 0x0000000085600000|100%| O|  |TAMS 0x0000000085600000, 0x0000000085500000| Untracked 
|  86|0x0000000085600000, 0x0000000085700000, 0x0000000085700000|100%| O|  |TAMS 0x0000000085700000, 0x0000000085600000| Untracked 
|  87|0x0000000085700000, 0x0000000085700000, 0x0000000085800000|  0%| F|  |TAMS 0x0000000085700000, 0x0000000085700000| Untracked 
|  88|0x0000000085800000, 0x0000000085900000, 0x0000000085900000|100%| O|  |TAMS 0x0000000085900000, 0x0000000085800000| Untracked 
|  89|0x0000000085900000, 0x0000000085a00000, 0x0000000085a00000|100%| O|  |TAMS 0x0000000085933000, 0x0000000085900000| Untracked 
|  90|0x0000000085a00000, 0x0000000085a00000, 0x0000000085b00000|  0%| F|  |TAMS 0x0000000085a00000, 0x0000000085a00000| Untracked 
|  91|0x0000000085b00000, 0x0000000085b00000, 0x0000000085c00000|  0%| F|  |TAMS 0x0000000085b00000, 0x0000000085b00000| Untracked 
|  92|0x0000000085c00000, 0x0000000085d00000, 0x0000000085d00000|100%| O|  |TAMS 0x0000000085d00000, 0x0000000085c00000| Untracked 
|  93|0x0000000085d00000, 0x0000000085d00000, 0x0000000085e00000|  0%| F|  |TAMS 0x0000000085d00000, 0x0000000085d00000| Untracked 
|  94|0x0000000085e00000, 0x0000000085f00000, 0x0000000085f00000|100%| O|  |TAMS 0x0000000085f00000, 0x0000000085e00000| Untracked 
|  95|0x0000000085f00000, 0x0000000085f00000, 0x0000000086000000|  0%| F|  |TAMS 0x0000000085f00000, 0x0000000085f00000| Untracked 
|  96|0x0000000086000000, 0x0000000086000000, 0x0000000086100000|  0%| F|  |TAMS 0x0000000086000000, 0x0000000086000000| Untracked 
|  97|0x0000000086100000, 0x0000000086100000, 0x0000000086200000|  0%| F|  |TAMS 0x0000000086100000, 0x0000000086100000| Untracked 
|  98|0x0000000086200000, 0x0000000086200000, 0x0000000086300000|  0%| F|  |TAMS 0x0000000086200000, 0x0000000086200000| Untracked 
|  99|0x0000000086300000, 0x0000000086400000, 0x0000000086400000|100%| O|  |TAMS 0x0000000086300000, 0x0000000086300000| Untracked 
| 100|0x0000000086400000, 0x0000000086500000, 0x0000000086500000|100%| O|  |TAMS 0x0000000086400000, 0x0000000086400000| Untracked 
| 101|0x0000000086500000, 0x0000000086528000, 0x0000000086600000| 15%| O|  |TAMS 0x0000000086500000, 0x0000000086500000| Untracked 
| 102|0x0000000086600000, 0x0000000086700000, 0x0000000086700000|100%| O|  |TAMS 0x0000000086700000, 0x0000000086600000| Untracked 
| 103|0x0000000086700000, 0x0000000086700000, 0x0000000086800000|  0%| F|  |TAMS 0x0000000086700000, 0x0000000086700000| Untracked 
| 104|0x0000000086800000, 0x0000000086800000, 0x0000000086900000|  0%| F|  |TAMS 0x0000000086800000, 0x0000000086800000| Untracked 
| 105|0x0000000086900000, 0x0000000086900000, 0x0000000086a00000|  0%| F|  |TAMS 0x0000000086900000, 0x0000000086900000| Untracked 
| 106|0x0000000086a00000, 0x0000000086a00000, 0x0000000086b00000|  0%| F|  |TAMS 0x0000000086a00000, 0x0000000086a00000| Untracked 
| 107|0x0000000086b00000, 0x0000000086c00000, 0x0000000086c00000|100%| O|  |TAMS 0x0000000086c00000, 0x0000000086b00000| Untracked 
| 108|0x0000000086c00000, 0x0000000086c00000, 0x0000000086d00000|  0%| F|  |TAMS 0x0000000086c00000, 0x0000000086c00000| Untracked 
| 109|0x0000000086d00000, 0x0000000086d00000, 0x0000000086e00000|  0%| F|  |TAMS 0x0000000086d00000, 0x0000000086d00000| Untracked 
| 110|0x0000000086e00000, 0x0000000086e00000, 0x0000000086f00000|  0%| F|  |TAMS 0x0000000086e00000, 0x0000000086e00000| Untracked 
| 111|0x0000000086f00000, 0x0000000086f00000, 0x0000000087000000|  0%| F|  |TAMS 0x0000000086f00000, 0x0000000086f00000| Untracked 
| 112|0x0000000087000000, 0x0000000087000000, 0x0000000087100000|  0%| F|  |TAMS 0x0000000087000000, 0x0000000087000000| Untracked 
| 113|0x0000000087100000, 0x0000000087100000, 0x0000000087200000|  0%| F|  |TAMS 0x0000000087100000, 0x0000000087100000| Untracked 
| 114|0x0000000087200000, 0x0000000087200000, 0x0000000087300000|  0%| F|  |TAMS 0x0000000087200000, 0x0000000087200000| Untracked 
| 115|0x0000000087300000, 0x0000000087300000, 0x0000000087400000|  0%| F|  |TAMS 0x0000000087300000, 0x0000000087300000| Untracked 
| 116|0x0000000087400000, 0x0000000087400000, 0x0000000087500000|  0%| F|  |TAMS 0x0000000087400000, 0x0000000087400000| Untracked 
| 117|0x0000000087500000, 0x0000000087500000, 0x0000000087600000|  0%| F|  |TAMS 0x0000000087500000, 0x0000000087500000| Untracked 
| 118|0x0000000087600000, 0x0000000087600000, 0x0000000087700000|  0%| F|  |TAMS 0x0000000087600000, 0x0000000087600000| Untracked 
| 119|0x0000000087700000, 0x0000000087700000, 0x0000000087800000|  0%| F|  |TAMS 0x0000000087700000, 0x0000000087700000| Untracked 
| 120|0x0000000087800000, 0x0000000087800000, 0x0000000087900000|  0%| F|  |TAMS 0x0000000087800000, 0x0000000087800000| Untracked 
| 121|0x0000000087900000, 0x0000000087900000, 0x0000000087a00000|  0%| F|  |TAMS 0x0000000087900000, 0x0000000087900000| Untracked 
| 122|0x0000000087a00000, 0x0000000087a00000, 0x0000000087b00000|  0%| F|  |TAMS 0x0000000087a00000, 0x0000000087a00000| Untracked 
| 123|0x0000000087b00000, 0x0000000087b00000, 0x0000000087c00000|  0%| F|  |TAMS 0x0000000087b00000, 0x0000000087b00000| Untracked 
| 124|0x0000000087c00000, 0x0000000087c00000, 0x0000000087d00000|  0%| F|  |TAMS 0x0000000087c00000, 0x0000000087c00000| Untracked 
| 125|0x0000000087d00000, 0x0000000087d00000, 0x0000000087e00000|  0%| F|  |TAMS 0x0000000087d00000, 0x0000000087d00000| Untracked 
| 126|0x0000000087e00000, 0x0000000087e00000, 0x0000000087f00000|  0%| F|  |TAMS 0x0000000087e00000, 0x0000000087e00000| Untracked 
| 127|0x0000000087f00000, 0x0000000087f00000, 0x0000000088000000|  0%| F|  |TAMS 0x0000000087f00000, 0x0000000087f00000| Untracked 
| 128|0x0000000088000000, 0x0000000088100000, 0x0000000088100000|100%| O|  |TAMS 0x0000000088100000, 0x0000000088000000| Untracked 
| 129|0x0000000088100000, 0x0000000088100000, 0x0000000088200000|  0%| F|  |TAMS 0x0000000088100000, 0x0000000088100000| Untracked 
| 130|0x0000000088200000, 0x0000000088300000, 0x0000000088300000|100%| O|  |TAMS 0x0000000088300000, 0x0000000088200000| Untracked 
| 131|0x0000000088300000, 0x0000000088300000, 0x0000000088400000|  0%| F|  |TAMS 0x0000000088300000, 0x0000000088300000| Untracked 
| 132|0x0000000088400000, 0x0000000088400000, 0x0000000088500000|  0%| F|  |TAMS 0x0000000088400000, 0x0000000088400000| Untracked 
| 133|0x0000000088500000, 0x0000000088600000, 0x0000000088600000|100%| O|  |TAMS 0x0000000088600000, 0x0000000088500000| Untracked 
| 134|0x0000000088600000, 0x0000000088600000, 0x0000000088700000|  0%| F|  |TAMS 0x0000000088600000, 0x0000000088600000| Untracked 
| 135|0x0000000088700000, 0x0000000088700000, 0x0000000088800000|  0%| F|  |TAMS 0x0000000088700000, 0x0000000088700000| Untracked 
| 136|0x0000000088800000, 0x0000000088800000, 0x0000000088900000|  0%| F|  |TAMS 0x0000000088800000, 0x0000000088800000| Untracked 
| 137|0x0000000088900000, 0x0000000088a00000, 0x0000000088a00000|100%| O|  |TAMS 0x0000000088a00000, 0x0000000088900000| Untracked 
| 138|0x0000000088a00000, 0x0000000088a00000, 0x0000000088b00000|  0%| F|  |TAMS 0x0000000088a00000, 0x0000000088a00000| Untracked 
| 139|0x0000000088b00000, 0x0000000088b00000, 0x0000000088c00000|  0%| F|  |TAMS 0x0000000088b00000, 0x0000000088b00000| Untracked 
| 140|0x0000000088c00000, 0x0000000088c00000, 0x0000000088d00000|  0%| F|  |TAMS 0x0000000088c00000, 0x0000000088c00000| Untracked 
| 141|0x0000000088d00000, 0x0000000088d00000, 0x0000000088e00000|  0%| F|  |TAMS 0x0000000088d00000, 0x0000000088d00000| Untracked 
| 142|0x0000000088e00000, 0x0000000088e00000, 0x0000000088f00000|  0%| F|  |TAMS 0x0000000088e00000, 0x0000000088e00000| Untracked 
| 143|0x0000000088f00000, 0x0000000088f00000, 0x0000000089000000|  0%| F|  |TAMS 0x0000000088f00000, 0x0000000088f00000| Untracked 
| 144|0x0000000089000000, 0x0000000089000000, 0x0000000089100000|  0%| F|  |TAMS 0x0000000089000000, 0x0000000089000000| Untracked 
| 145|0x0000000089100000, 0x0000000089100000, 0x0000000089200000|  0%| F|  |TAMS 0x0000000089100000, 0x0000000089100000| Untracked 
| 146|0x0000000089200000, 0x0000000089200000, 0x0000000089300000|  0%| F|  |TAMS 0x0000000089200000, 0x0000000089200000| Untracked 
| 147|0x0000000089300000, 0x0000000089300000, 0x0000000089400000|  0%| F|  |TAMS 0x0000000089300000, 0x0000000089300000| Untracked 
| 148|0x0000000089400000, 0x0000000089400000, 0x0000000089500000|  0%| F|  |TAMS 0x0000000089400000, 0x0000000089400000| Untracked 
| 149|0x0000000089500000, 0x0000000089500000, 0x0000000089600000|  0%| F|  |TAMS 0x0000000089500000, 0x0000000089500000| Untracked 
| 150|0x0000000089600000, 0x0000000089600000, 0x0000000089700000|  0%| F|  |TAMS 0x0000000089600000, 0x0000000089600000| Untracked 
| 151|0x0000000089700000, 0x0000000089700000, 0x0000000089800000|  0%| F|  |TAMS 0x0000000089700000, 0x0000000089700000| Untracked 
| 152|0x0000000089800000, 0x0000000089800000, 0x0000000089900000|  0%| F|  |TAMS 0x0000000089800000, 0x0000000089800000| Untracked 
| 153|0x0000000089900000, 0x0000000089900000, 0x0000000089a00000|  0%| F|  |TAMS 0x0000000089900000, 0x0000000089900000| Untracked 
| 154|0x0000000089a00000, 0x0000000089a00000, 0x0000000089b00000|  0%| F|  |TAMS 0x0000000089a00000, 0x0000000089a00000| Untracked 
| 155|0x0000000089b00000, 0x0000000089b00000, 0x0000000089c00000|  0%| F|  |TAMS 0x0000000089b00000, 0x0000000089b00000| Untracked 
| 156|0x0000000089c00000, 0x0000000089c00000, 0x0000000089d00000|  0%| F|  |TAMS 0x0000000089c00000, 0x0000000089c00000| Untracked 
| 157|0x0000000089d00000, 0x0000000089d00000, 0x0000000089e00000|  0%| F|  |TAMS 0x0000000089d00000, 0x0000000089d00000| Untracked 
| 158|0x0000000089e00000, 0x0000000089e00000, 0x0000000089f00000|  0%| F|  |TAMS 0x0000000089e00000, 0x0000000089e00000| Untracked 
| 159|0x0000000089f00000, 0x0000000089f00000, 0x000000008a000000|  0%| F|  |TAMS 0x0000000089f00000, 0x0000000089f00000| Untracked 
| 160|0x000000008a000000, 0x000000008a000000, 0x000000008a100000|  0%| F|  |TAMS 0x000000008a000000, 0x000000008a000000| Untracked 
| 161|0x000000008a100000, 0x000000008a100000, 0x000000008a200000|  0%| F|  |TAMS 0x000000008a100000, 0x000000008a100000| Untracked 
| 162|0x000000008a200000, 0x000000008a200000, 0x000000008a300000|  0%| F|  |TAMS 0x000000008a200000, 0x000000008a200000| Untracked 
| 163|0x000000008a300000, 0x000000008a300000, 0x000000008a400000|  0%| F|  |TAMS 0x000000008a300000, 0x000000008a300000| Untracked 
| 164|0x000000008a400000, 0x000000008a400000, 0x000000008a500000|  0%| F|  |TAMS 0x000000008a400000, 0x000000008a400000| Untracked 
| 165|0x000000008a500000, 0x000000008a500000, 0x000000008a600000|  0%| F|  |TAMS 0x000000008a500000, 0x000000008a500000| Untracked 
| 166|0x000000008a600000, 0x000000008a600000, 0x000000008a700000|  0%| F|  |TAMS 0x000000008a600000, 0x000000008a600000| Untracked 
| 167|0x000000008a700000, 0x000000008a700000, 0x000000008a800000|  0%| F|  |TAMS 0x000000008a700000, 0x000000008a700000| Untracked 
| 168|0x000000008a800000, 0x000000008a800000, 0x000000008a900000|  0%| F|  |TAMS 0x000000008a800000, 0x000000008a800000| Untracked 
| 169|0x000000008a900000, 0x000000008a900000, 0x000000008aa00000|  0%| F|  |TAMS 0x000000008a900000, 0x000000008a900000| Untracked 
| 170|0x000000008aa00000, 0x000000008aa00000, 0x000000008ab00000|  0%| F|  |TAMS 0x000000008aa00000, 0x000000008aa00000| Untracked 
| 171|0x000000008ab00000, 0x000000008ab00000, 0x000000008ac00000|  0%| F|  |TAMS 0x000000008ab00000, 0x000000008ab00000| Untracked 
| 172|0x000000008ac00000, 0x000000008ac00000, 0x000000008ad00000|  0%| F|  |TAMS 0x000000008ac00000, 0x000000008ac00000| Untracked 
| 173|0x000000008ad00000, 0x000000008ae00000, 0x000000008ae00000|100%| S|CS|TAMS 0x000000008ad00000, 0x000000008ad00000| Complete 
| 174|0x000000008ae00000, 0x000000008af00000, 0x000000008af00000|100%| S|CS|TAMS 0x000000008ae00000, 0x000000008ae00000| Complete 
| 175|0x000000008af00000, 0x000000008af00000, 0x000000008b000000|  0%| F|  |TAMS 0x000000008af00000, 0x000000008af00000| Untracked 
| 176|0x000000008b000000, 0x000000008b000000, 0x000000008b100000|  0%| F|  |TAMS 0x000000008b000000, 0x000000008b000000| Untracked 
| 177|0x000000008b100000, 0x000000008b100000, 0x000000008b200000|  0%| F|  |TAMS 0x000000008b100000, 0x000000008b100000| Untracked 
| 178|0x000000008b200000, 0x000000008b200000, 0x000000008b300000|  0%| F|  |TAMS 0x000000008b200000, 0x000000008b200000| Untracked 
| 179|0x000000008b300000, 0x000000008b300000, 0x000000008b400000|  0%| F|  |TAMS 0x000000008b300000, 0x000000008b300000| Untracked 
| 180|0x000000008b400000, 0x000000008b400000, 0x000000008b500000|  0%| F|  |TAMS 0x000000008b400000, 0x000000008b400000| Untracked 
| 181|0x000000008b500000, 0x000000008b500000, 0x000000008b600000|  0%| F|  |TAMS 0x000000008b500000, 0x000000008b500000| Untracked 
| 182|0x000000008b600000, 0x000000008b600000, 0x000000008b700000|  0%| F|  |TAMS 0x000000008b600000, 0x000000008b600000| Untracked 
| 183|0x000000008b700000, 0x000000008b700000, 0x000000008b800000|  0%| F|  |TAMS 0x000000008b700000, 0x000000008b700000| Untracked 
| 184|0x000000008b800000, 0x000000008b800000, 0x000000008b900000|  0%| F|  |TAMS 0x000000008b800000, 0x000000008b800000| Untracked 
| 185|0x000000008b900000, 0x000000008b900000, 0x000000008ba00000|  0%| F|  |TAMS 0x000000008b900000, 0x000000008b900000| Untracked 
| 186|0x000000008ba00000, 0x000000008ba00000, 0x000000008bb00000|  0%| F|  |TAMS 0x000000008ba00000, 0x000000008ba00000| Untracked 
| 187|0x000000008bb00000, 0x000000008bb00000, 0x000000008bc00000|  0%| F|  |TAMS 0x000000008bb00000, 0x000000008bb00000| Untracked 
| 188|0x000000008bc00000, 0x000000008bc00000, 0x000000008bd00000|  0%| F|  |TAMS 0x000000008bc00000, 0x000000008bc00000| Untracked 
| 189|0x000000008bd00000, 0x000000008bd00000, 0x000000008be00000|  0%| F|  |TAMS 0x000000008bd00000, 0x000000008bd00000| Untracked 
| 190|0x000000008be00000, 0x000000008be00000, 0x000000008bf00000|  0%| F|  |TAMS 0x000000008be00000, 0x000000008be00000| Untracked 
| 191|0x000000008bf00000, 0x000000008bf00000, 0x000000008c000000|  0%| F|  |TAMS 0x000000008bf00000, 0x000000008bf00000| Untracked 
| 192|0x000000008c000000, 0x000000008c000000, 0x000000008c100000|  0%| F|  |TAMS 0x000000008c000000, 0x000000008c000000| Untracked 
| 193|0x000000008c100000, 0x000000008c100000, 0x000000008c200000|  0%| F|  |TAMS 0x000000008c100000, 0x000000008c100000| Untracked 
| 194|0x000000008c200000, 0x000000008c200000, 0x000000008c300000|  0%| F|  |TAMS 0x000000008c200000, 0x000000008c200000| Untracked 
| 195|0x000000008c300000, 0x000000008c300000, 0x000000008c400000|  0%| F|  |TAMS 0x000000008c300000, 0x000000008c300000| Untracked 
| 196|0x000000008c400000, 0x000000008c400000, 0x000000008c500000|  0%| F|  |TAMS 0x000000008c400000, 0x000000008c400000| Untracked 
| 197|0x000000008c500000, 0x000000008c500000, 0x000000008c600000|  0%| F|  |TAMS 0x000000008c500000, 0x000000008c500000| Untracked 
| 198|0x000000008c600000, 0x000000008c600000, 0x000000008c700000|  0%| F|  |TAMS 0x000000008c600000, 0x000000008c600000| Untracked 
| 199|0x000000008c700000, 0x000000008c700000, 0x000000008c800000|  0%| F|  |TAMS 0x000000008c700000, 0x000000008c700000| Untracked 
| 200|0x000000008c800000, 0x000000008c800000, 0x000000008c900000|  0%| F|  |TAMS 0x000000008c800000, 0x000000008c800000| Untracked 
| 201|0x000000008c900000, 0x000000008c900000, 0x000000008ca00000|  0%| F|  |TAMS 0x000000008c900000, 0x000000008c900000| Untracked 
| 202|0x000000008ca00000, 0x000000008ca00000, 0x000000008cb00000|  0%| F|  |TAMS 0x000000008ca00000, 0x000000008ca00000| Untracked 
| 203|0x000000008cb00000, 0x000000008cb63ff8, 0x000000008cc00000| 39%| E|  |TAMS 0x000000008cb00000, 0x000000008cb00000| Complete 
| 204|0x000000008cc00000, 0x000000008cd00000, 0x000000008cd00000|100%| E|CS|TAMS 0x000000008cc00000, 0x000000008cc00000| Complete 
| 205|0x000000008cd00000, 0x000000008ce00000, 0x000000008ce00000|100%| E|  |TAMS 0x000000008cd00000, 0x000000008cd00000| Complete 
| 206|0x000000008ce00000, 0x000000008cf00000, 0x000000008cf00000|100%| O|  |TAMS 0x000000008cf00000, 0x000000008ce00000| Untracked 
| 207|0x000000008cf00000, 0x000000008d000000, 0x000000008d000000|100%| O|  |TAMS 0x000000008d000000, 0x000000008cf00000| Untracked 
| 208|0x000000008d000000, 0x000000008d100000, 0x000000008d100000|100%| E|CS|TAMS 0x000000008d000000, 0x000000008d000000| Complete 
| 209|0x000000008d100000, 0x000000008d200000, 0x000000008d200000|100%| E|CS|TAMS 0x000000008d100000, 0x000000008d100000| Complete 
| 210|0x000000008d200000, 0x000000008d300000, 0x000000008d300000|100%| E|CS|TAMS 0x000000008d200000, 0x000000008d200000| Complete 
| 211|0x000000008d300000, 0x000000008d400000, 0x000000008d400000|100%| E|CS|TAMS 0x000000008d300000, 0x000000008d300000| Complete 
| 212|0x000000008d400000, 0x000000008d500000, 0x000000008d500000|100%| E|CS|TAMS 0x000000008d400000, 0x000000008d400000| Complete 
| 213|0x000000008d500000, 0x000000008d600000, 0x000000008d600000|100%| E|CS|TAMS 0x000000008d500000, 0x000000008d500000| Complete 
| 214|0x000000008d600000, 0x000000008d700000, 0x000000008d700000|100%| E|CS|TAMS 0x000000008d600000, 0x000000008d600000| Complete 
| 215|0x000000008d700000, 0x000000008d800000, 0x000000008d800000|100%| E|CS|TAMS 0x000000008d700000, 0x000000008d700000| Complete 
| 216|0x000000008d800000, 0x000000008d900000, 0x000000008d900000|100%| E|CS|TAMS 0x000000008d800000, 0x000000008d800000| Complete 
| 217|0x000000008d900000, 0x000000008da00000, 0x000000008da00000|100%| E|CS|TAMS 0x000000008d900000, 0x000000008d900000| Complete 
| 218|0x000000008da00000, 0x000000008db00000, 0x000000008db00000|100%| E|CS|TAMS 0x000000008da00000, 0x000000008da00000| Complete 
| 219|0x000000008db00000, 0x000000008dc00000, 0x000000008dc00000|100%| E|CS|TAMS 0x000000008db00000, 0x000000008db00000| Complete 
| 220|0x000000008dc00000, 0x000000008dd00000, 0x000000008dd00000|100%| E|CS|TAMS 0x000000008dc00000, 0x000000008dc00000| Complete 
| 221|0x000000008dd00000, 0x000000008de00000, 0x000000008de00000|100%| E|CS|TAMS 0x000000008dd00000, 0x000000008dd00000| Complete 
| 222|0x000000008de00000, 0x000000008df00000, 0x000000008df00000|100%| E|CS|TAMS 0x000000008de00000, 0x000000008de00000| Complete 
| 223|0x000000008df00000, 0x000000008e000000, 0x000000008e000000|100%| E|CS|TAMS 0x000000008df00000, 0x000000008df00000| Complete 
| 224|0x000000008e000000, 0x000000008e100000, 0x000000008e100000|100%| E|CS|TAMS 0x000000008e000000, 0x000000008e000000| Complete 
| 225|0x000000008e100000, 0x000000008e200000, 0x000000008e200000|100%| E|CS|TAMS 0x000000008e100000, 0x000000008e100000| Complete 
| 226|0x000000008e200000, 0x000000008e300000, 0x000000008e300000|100%| E|CS|TAMS 0x000000008e200000, 0x000000008e200000| Complete 
| 227|0x000000008e300000, 0x000000008e400000, 0x000000008e400000|100%| E|CS|TAMS 0x000000008e300000, 0x000000008e300000| Complete 
| 228|0x000000008e400000, 0x000000008e500000, 0x000000008e500000|100%| E|CS|TAMS 0x000000008e400000, 0x000000008e400000| Complete 
| 229|0x000000008e500000, 0x000000008e600000, 0x000000008e600000|100%| E|CS|TAMS 0x000000008e500000, 0x000000008e500000| Complete 
| 230|0x000000008e600000, 0x000000008e700000, 0x000000008e700000|100%| E|CS|TAMS 0x000000008e600000, 0x000000008e600000| Complete 
| 231|0x000000008e700000, 0x000000008e800000, 0x000000008e800000|100%| E|CS|TAMS 0x000000008e700000, 0x000000008e700000| Complete 
| 232|0x000000008e800000, 0x000000008e900000, 0x000000008e900000|100%| E|CS|TAMS 0x000000008e800000, 0x000000008e800000| Complete 
| 233|0x000000008e900000, 0x000000008ea00000, 0x000000008ea00000|100%| E|CS|TAMS 0x000000008e900000, 0x000000008e900000| Complete 
| 234|0x000000008ea00000, 0x000000008eb00000, 0x000000008eb00000|100%| E|CS|TAMS 0x000000008ea00000, 0x000000008ea00000| Complete 
| 235|0x000000008eb00000, 0x000000008ec00000, 0x000000008ec00000|100%| E|CS|TAMS 0x000000008eb00000, 0x000000008eb00000| Complete 
| 236|0x000000008ec00000, 0x000000008ed00000, 0x000000008ed00000|100%| E|CS|TAMS 0x000000008ec00000, 0x000000008ec00000| Complete 
| 237|0x000000008ed00000, 0x000000008ee00000, 0x000000008ee00000|100%| E|CS|TAMS 0x000000008ed00000, 0x000000008ed00000| Complete 
| 238|0x000000008ee00000, 0x000000008ef00000, 0x000000008ef00000|100%| E|CS|TAMS 0x000000008ee00000, 0x000000008ee00000| Complete 
| 239|0x000000008ef00000, 0x000000008f000000, 0x000000008f000000|100%| E|CS|TAMS 0x000000008ef00000, 0x000000008ef00000| Complete 
| 240|0x000000008f000000, 0x000000008f100000, 0x000000008f100000|100%| E|CS|TAMS 0x000000008f000000, 0x000000008f000000| Complete 
| 241|0x000000008f100000, 0x000000008f200000, 0x000000008f200000|100%| E|CS|TAMS 0x000000008f100000, 0x000000008f100000| Complete 
| 242|0x000000008f200000, 0x000000008f300000, 0x000000008f300000|100%| E|CS|TAMS 0x000000008f200000, 0x000000008f200000| Complete 
| 243|0x000000008f300000, 0x000000008f400000, 0x000000008f400000|100%| E|CS|TAMS 0x000000008f300000, 0x000000008f300000| Complete 
| 244|0x000000008f400000, 0x000000008f500000, 0x000000008f500000|100%| E|CS|TAMS 0x000000008f400000, 0x000000008f400000| Complete 
| 245|0x000000008f500000, 0x000000008f600000, 0x000000008f600000|100%| E|CS|TAMS 0x000000008f500000, 0x000000008f500000| Complete 
| 246|0x000000008f600000, 0x000000008f700000, 0x000000008f700000|100%| E|CS|TAMS 0x000000008f600000, 0x000000008f600000| Complete 
| 247|0x000000008f700000, 0x000000008f800000, 0x000000008f800000|100%| E|CS|TAMS 0x000000008f700000, 0x000000008f700000| Complete 
| 248|0x000000008f800000, 0x000000008f900000, 0x000000008f900000|100%| E|CS|TAMS 0x000000008f800000, 0x000000008f800000| Complete 
| 249|0x000000008f900000, 0x000000008fa00000, 0x000000008fa00000|100%| E|CS|TAMS 0x000000008f900000, 0x000000008f900000| Complete 
| 250|0x000000008fa00000, 0x000000008fb00000, 0x000000008fb00000|100%| E|CS|TAMS 0x000000008fa00000, 0x000000008fa00000| Complete 
| 251|0x000000008fb00000, 0x000000008fc00000, 0x000000008fc00000|100%| E|CS|TAMS 0x000000008fb00000, 0x000000008fb00000| Complete 
| 252|0x000000008fc00000, 0x000000008fd00000, 0x000000008fd00000|100%| E|CS|TAMS 0x000000008fc00000, 0x000000008fc00000| Complete 
| 253|0x000000008fd00000, 0x000000008fe00000, 0x000000008fe00000|100%| E|CS|TAMS 0x000000008fd00000, 0x000000008fd00000| Complete 
| 254|0x000000008fe00000, 0x000000008ff00000, 0x000000008ff00000|100%| E|CS|TAMS 0x000000008fe00000, 0x000000008fe00000| Complete 
| 255|0x000000008ff00000, 0x0000000090000000, 0x0000000090000000|100%| E|CS|TAMS 0x000000008ff00000, 0x000000008ff00000| Complete 
| 256|0x0000000090000000, 0x0000000090100000, 0x0000000090100000|100%| E|CS|TAMS 0x0000000090000000, 0x0000000090000000| Complete 
| 257|0x0000000090100000, 0x0000000090200000, 0x0000000090200000|100%| E|CS|TAMS 0x0000000090100000, 0x0000000090100000| Complete 
| 258|0x0000000090200000, 0x0000000090300000, 0x0000000090300000|100%| E|CS|TAMS 0x0000000090200000, 0x0000000090200000| Complete 
| 259|0x0000000090300000, 0x0000000090400000, 0x0000000090400000|100%| E|CS|TAMS 0x0000000090300000, 0x0000000090300000| Complete 
| 260|0x0000000090400000, 0x0000000090500000, 0x0000000090500000|100%| E|CS|TAMS 0x0000000090400000, 0x0000000090400000| Complete 
| 261|0x0000000090500000, 0x0000000090600000, 0x0000000090600000|100%| E|CS|TAMS 0x0000000090500000, 0x0000000090500000| Complete 
| 262|0x0000000090600000, 0x0000000090700000, 0x0000000090700000|100%| E|CS|TAMS 0x0000000090600000, 0x0000000090600000| Complete 
| 263|0x0000000090700000, 0x0000000090800000, 0x0000000090800000|100%| E|CS|TAMS 0x0000000090700000, 0x0000000090700000| Complete 
| 264|0x0000000090800000, 0x0000000090900000, 0x0000000090900000|100%| E|CS|TAMS 0x0000000090800000, 0x0000000090800000| Complete 
| 265|0x0000000090900000, 0x0000000090a00000, 0x0000000090a00000|100%| E|CS|TAMS 0x0000000090900000, 0x0000000090900000| Complete 
| 266|0x0000000090a00000, 0x0000000090b00000, 0x0000000090b00000|100%| E|CS|TAMS 0x0000000090a00000, 0x0000000090a00000| Complete 
| 267|0x0000000090b00000, 0x0000000090c00000, 0x0000000090c00000|100%| E|CS|TAMS 0x0000000090b00000, 0x0000000090b00000| Complete 
| 268|0x0000000090c00000, 0x0000000090d00000, 0x0000000090d00000|100%| E|CS|TAMS 0x0000000090c00000, 0x0000000090c00000| Complete 

Card table byte_map: [0x00000242980f0000,0x00000242984f0000] _byte_map_base: 0x0000024297cf0000

Marking Bits (Prev, Next): (CMBitMap*) 0x00000242f84c3d70, (CMBitMap*) 0x00000242f84c3d38
 Prev Bits: [0x000002429a8f0000, 0x000002429c8f0000)
 Next Bits: [0x00000242988f0000, 0x000002429a8f0000)

Polling page: 0x0000024280000000

Metaspace:

Usage:
  Non-class:     97.61 MB capacity,    95.87 MB ( 98%) used,     1.44 MB (  1%) free+waste,   311.94 KB ( <1%) overhead. 
      Class:     14.73 MB capacity,    13.62 MB ( 92%) used,   999.27 KB (  7%) free+waste,   139.56 KB ( <1%) overhead. 
       Both:    112.34 MB capacity,   109.49 MB ( 97%) used,     2.41 MB (  2%) free+waste,   451.50 KB ( <1%) overhead. 

Virtual space:
  Non-class space:       98.00 MB reserved,      97.76 MB (>99%) committed 
      Class space:      504.00 MB reserved,      14.75 MB (  3%) committed 
             Both:      602.00 MB reserved,     112.51 MB ( 19%) committed 

Chunk freelists:
   Non-Class:  27.00 KB
       Class:  16.00 KB
        Both:  43.00 KB

MaxMetaspaceSize: 512.00 MB
CompressedClassSpaceSize: 504.00 MB
Initial GC threshold: 20.80 MB
Current GC threshold: 171.27 MB
CDS: off

CodeHeap 'non-profiled nmethods': size=120064Kb used=11878Kb max_used=11878Kb free=108185Kb
 bounds [0x0000024290160000, 0x0000024290d00000, 0x00000242976a0000]
CodeHeap 'profiled nmethods': size=120000Kb used=36547Kb max_used=36547Kb free=83452Kb
 bounds [0x0000024288c30000, 0x000002428aff0000, 0x0000024290160000]
CodeHeap 'non-nmethods': size=5696Kb used=2421Kb max_used=2475Kb free=3274Kb
 bounds [0x00000242886a0000, 0x0000024288920000, 0x0000024288c30000]
 total_blobs=16611 nmethods=15655 adapters=868
 compilation: enabled
              stopped_count=0, restarted_count=0
 full_count=0

Compilation events (20 events):
Event: 123.526 Thread 0x000002429ef7e000 15741       3       java.text.DateFormatSymbols::<init> (60 bytes)
Event: 123.526 Thread 0x000002429ef7e000 nmethod 15741 0x000002428af76b10 code [0x000002428af76ce0, 0x000002428af77028]
Event: 123.537 Thread 0x00000242a584d000 nmethod 15725 0x0000024290ce6d90 code [0x0000024290ce70a0, 0x0000024290ce9130]
Event: 123.537 Thread 0x00000242a584d000 15727 % !   4       java.util.jar.Attributes::read @ 155 (354 bytes)
Event: 123.637 Thread 0x000002429ef7e000 15745       3       org.objectweb.asm.ClassWriter::toByteArray (1360 bytes)
Event: 123.646 Thread 0x000002429ef7e000 nmethod 15745 0x000002428af77110 code [0x000002428af779a0, 0x000002428af7b0d8]
Event: 123.646 Thread 0x000002429ef7e000 15747       3       org.objectweb.asm.ClassReader::<init> (367 bytes)
Event: 123.648 Thread 0x000002429ef7e000 nmethod 15747 0x000002428af7cc90 code [0x000002428af7cfc0, 0x000002428af7e618]
Event: 123.648 Thread 0x000002429ef7e000 15746       1       org.objectweb.asm.SymbolTable::getConstantPoolCount (5 bytes)
Event: 123.649 Thread 0x000002429ef7e000 nmethod 15746 0x0000024290cea410 code [0x0000024290cea5c0, 0x0000024290cea678]
Event: 123.649 Thread 0x000002429ef7e000 15748       1       com.android.tools.build.jetifier.processor.transform.bytecode.CoreRemapperImpl::getClassRemapper (5 bytes)
Event: 123.649 Thread 0x000002429ef7e000 nmethod 15748 0x0000024290cea710 code [0x0000024290cea8c0, 0x0000024290cea978]
Event: 123.649 Thread 0x000002429ef7e000 15749       1       com.android.tools.build.jetifier.processor.transform.bytecode.CoreRemapperImpl::getChangesDone (5 bytes)
Event: 123.649 Thread 0x000002429ef7e000 nmethod 15749 0x0000024290ceaa10 code [0x0000024290ceabc0, 0x0000024290ceac78]
Event: 123.680 Thread 0x000002429ef7d000 nmethod 15647 0x0000024290cead10 code [0x0000024290ceb4c0, 0x0000024290cf3238]
Event: 123.682 Thread 0x000002429ef7d000 15750       4       org.objectweb.asm.signature.SignatureReader::parseType (411 bytes)
Event: 123.738 Thread 0x000002429ef7e000 15752       3       java.lang.String::replace (42 bytes)
Event: 123.738 Thread 0x000002429ef7e000 nmethod 15752 0x000002428af7ed90 code [0x000002428af7ef60, 0x000002428af7f278]
Event: 123.746 Thread 0x000002429ef7e000 15753   !   3       javax.crypto.Cipher::chooseFirstProvider (298 bytes)
Event: 123.748 Thread 0x000002429ef7e000 nmethod 15753 0x000002428af7f390 code [0x000002428af7f6e0, 0x000002428af80e98]

GC Heap History (20 events):
Event: 75.866 GC heap before
{Heap before GC invocations=66 (full 0):
 garbage-first heap   total 275456K, used 224293K [0x0000000080000000, 0x0000000100000000)
  region size 1024K, 37 young (37888K), 1 survivors (1024K)
 Metaspace       used 101854K, capacity 104712K, committed 104968K, reserved 608256K
  class space    used 13174K, capacity 14276K, committed 14336K, reserved 516096K
}
Event: 75.871 GC heap after
{Heap after GC invocations=67 (full 0):
 garbage-first heap   total 275456K, used 189096K [0x0000000080000000, 0x0000000100000000)
  region size 1024K, 1 young (1024K), 1 survivors (1024K)
 Metaspace       used 101854K, capacity 104712K, committed 104968K, reserved 608256K
  class space    used 13174K, capacity 14276K, committed 14336K, reserved 516096K
}
Event: 79.224 GC heap before
{Heap before GC invocations=68 (full 0):
 garbage-first heap   total 275456K, used 180086K [0x0000000080000000, 0x0000000100000000)
  region size 1024K, 39 young (39936K), 1 survivors (1024K)
 Metaspace       used 102123K, capacity 104858K, committed 104968K, reserved 608256K
  class space    used 13182K, capacity 14281K, committed 14336K, reserved 516096K
}
Event: 79.228 GC heap after
{Heap after GC invocations=69 (full 0):
 garbage-first heap   total 275456K, used 131856K [0x0000000080000000, 0x0000000100000000)
  region size 1024K, 1 young (1024K), 1 survivors (1024K)
 Metaspace       used 102123K, capacity 104858K, committed 104968K, reserved 608256K
  class space    used 13182K, capacity 14281K, committed 14336K, reserved 516096K
}
Event: 84.005 GC heap before
{Heap before GC invocations=69 (full 0):
 garbage-first heap   total 275456K, used 143120K [0x0000000080000000, 0x0000000100000000)
  region size 1024K, 13 young (13312K), 1 survivors (1024K)
 Metaspace       used 102161K, capacity 104922K, committed 105224K, reserved 608256K
  class space    used 13182K, capacity 14281K, committed 14336K, reserved 516096K
}
Event: 84.010 GC heap after
{Heap after GC invocations=70 (full 0):
 garbage-first heap   total 275456K, used 124981K [0x0000000080000000, 0x0000000100000000)
  region size 1024K, 1 young (1024K), 1 survivors (1024K)
 Metaspace       used 102161K, capacity 104922K, committed 105224K, reserved 608256K
  class space    used 13182K, capacity 14281K, committed 14336K, reserved 516096K
}
Event: 89.274 GC heap before
{Heap before GC invocations=70 (full 0):
 garbage-first heap   total 275456K, used 143413K [0x0000000080000000, 0x0000000100000000)
  region size 1024K, 21 young (21504K), 1 survivors (1024K)
 Metaspace       used 102213K, capacity 105016K, committed 105224K, reserved 608256K
  class space    used 13184K, capacity 14286K, committed 14336K, reserved 516096K
}
Event: 89.278 GC heap after
{Heap after GC invocations=71 (full 0):
 garbage-first heap   total 275456K, used 125025K [0x0000000080000000, 0x0000000100000000)
  region size 1024K, 1 young (1024K), 1 survivors (1024K)
 Metaspace       used 102213K, capacity 105016K, committed 105224K, reserved 608256K
  class space    used 13184K, capacity 14286K, committed 14336K, reserved 516096K
}
Event: 89.840 GC heap before
{Heap before GC invocations=72 (full 0):
 garbage-first heap   total 275456K, used 188513K [0x0000000080000000, 0x0000000100000000)
  region size 1024K, 14 young (14336K), 1 survivors (1024K)
 Metaspace       used 102218K, capacity 105016K, committed 105224K, reserved 608256K
  class space    used 13184K, capacity 14286K, committed 14336K, reserved 516096K
}
Event: 89.845 GC heap after
{Heap after GC invocations=73 (full 0):
 garbage-first heap   total 275456K, used 120423K [0x0000000080000000, 0x0000000100000000)
  region size 1024K, 4 young (4096K), 4 survivors (4096K)
 Metaspace       used 102218K, capacity 105016K, committed 105224K, reserved 608256K
  class space    used 13184K, capacity 14286K, committed 14336K, reserved 516096K
}
Event: 94.757 GC heap before
{Heap before GC invocations=74 (full 0):
 garbage-first heap   total 275456K, used 222823K [0x0000000080000000, 0x0000000100000000)
  region size 1024K, 62 young (63488K), 4 survivors (4096K)
 Metaspace       used 102263K, capacity 105027K, committed 105224K, reserved 608256K
  class space    used 13185K, capacity 14287K, committed 14336K, reserved 516096K
}
Event: 94.762 GC heap after
{Heap after GC invocations=75 (full 0):
 garbage-first heap   total 275456K, used 102278K [0x0000000080000000, 0x0000000100000000)
  region size 1024K, 2 young (2048K), 2 survivors (2048K)
 Metaspace       used 102263K, capacity 105027K, committed 105224K, reserved 608256K
  class space    used 13185K, capacity 14287K, committed 14336K, reserved 516096K
}
Event: 101.424 GC heap before
{Heap before GC invocations=75 (full 0):
 garbage-first heap   total 275456K, used 174982K [0x0000000080000000, 0x0000000100000000)
  region size 1024K, 74 young (75776K), 2 survivors (2048K)
 Metaspace       used 102313K, capacity 105103K, committed 105224K, reserved 608256K
  class space    used 13186K, capacity 14289K, committed 14336K, reserved 516096K
}
Event: 101.430 GC heap after
{Heap after GC invocations=76 (full 0):
 garbage-first heap   total 275456K, used 103697K [0x0000000080000000, 0x0000000100000000)
  region size 1024K, 4 young (4096K), 4 survivors (4096K)
 Metaspace       used 102313K, capacity 105103K, committed 105224K, reserved 608256K
  class space    used 13186K, capacity 14289K, committed 14336K, reserved 516096K
}
Event: 106.579 GC heap before
{Heap before GC invocations=76 (full 0):
 garbage-first heap   total 275456K, used 191761K [0x0000000080000000, 0x0000000100000000)
  region size 1024K, 81 young (82944K), 4 survivors (4096K)
 Metaspace       used 102415K, capacity 105235K, committed 105480K, reserved 608256K
  class space    used 13186K, capacity 14289K, committed 14336K, reserved 516096K
}
Event: 106.583 GC heap after
{Heap after GC invocations=77 (full 0):
 garbage-first heap   total 275456K, used 102604K [0x0000000080000000, 0x0000000100000000)
  region size 1024K, 2 young (2048K), 2 survivors (2048K)
 Metaspace       used 102415K, capacity 105235K, committed 105480K, reserved 608256K
  class space    used 13186K, capacity 14289K, committed 14336K, reserved 516096K
}
Event: 115.049 GC heap before
{Heap before GC invocations=77 (full 0):
 garbage-first heap   total 275456K, used 203980K [0x0000000080000000, 0x0000000100000000)
  region size 1024K, 102 young (104448K), 2 survivors (2048K)
 Metaspace       used 105243K, capacity 108140K, committed 108296K, reserved 610304K
  class space    used 13408K, capacity 14552K, committed 14592K, reserved 516096K
}
Event: 115.068 GC heap after
{Heap after GC invocations=78 (full 0):
 garbage-first heap   total 275456K, used 112127K [0x0000000080000000, 0x0000000100000000)
  region size 1024K, 12 young (12288K), 12 survivors (12288K)
 Metaspace       used 105243K, capacity 108140K, committed 108296K, reserved 610304K
  class space    used 13408K, capacity 14552K, committed 14592K, reserved 516096K
}
Event: 120.054 GC heap before
{Heap before GC invocations=78 (full 0):
 garbage-first heap   total 275456K, used 213503K [0x0000000080000000, 0x0000000100000000)
  region size 1024K, 104 young (106496K), 12 survivors (12288K)
 Metaspace       used 110511K, capacity 113333K, committed 113544K, reserved 616448K
  class space    used 13814K, capacity 14929K, committed 14976K, reserved 516096K
}
Event: 120.065 GC heap after
{Heap after GC invocations=79 (full 0):
 garbage-first heap   total 275456K, used 105632K [0x0000000080000000, 0x0000000100000000)
  region size 1024K, 2 young (2048K), 2 survivors (2048K)
 Metaspace       used 110511K, capacity 113333K, committed 113544K, reserved 616448K
  class space    used 13814K, capacity 14929K, committed 14976K, reserved 516096K
}

Deoptimization events (20 events):
Event: 123.634 Thread 0x00000242a3552000 Uncommon trap: trap_request=0xffffff4d fr.pc=0x0000024290995d64 relative=0x0000000000000724
Event: 123.634 Thread 0x00000242a3552000 Uncommon trap: reason=unstable_if action=reinterpret pc=0x0000024290995d64 method=org.objectweb.asm.ClassReader.<init>([BIZ)V @ 130 c2
Event: 123.634 Thread 0x00000242a3552000 DEOPT PACKING pc=0x0000024290995d64 sp=0x00000052c34fb470
Event: 123.634 Thread 0x00000242a3552000 DEOPT UNPACKING pc=0x00000242886ea1af sp=0x00000052c34fb3f8 mode 2
Event: 123.634 Thread 0x00000242a3552000 Uncommon trap: trap_request=0xffffff4d fr.pc=0x0000024290a17674 relative=0x0000000000008ad4
Event: 123.634 Thread 0x00000242a3552000 Uncommon trap: reason=unstable_if action=reinterpret pc=0x0000024290a17674 method=org.objectweb.asm.ClassReader.accept(Lorg/objectweb/asm/ClassVisitor;[Lorg/objectweb/asm/Attribute;I)V @ 445 c2
Event: 123.634 Thread 0x00000242a3552000 DEOPT PACKING pc=0x0000024290a17674 sp=0x00000052c34fb3a0
Event: 123.634 Thread 0x00000242a3552000 DEOPT UNPACKING pc=0x00000242886ea1af sp=0x00000052c34fb358 mode 2
Event: 123.639 Thread 0x00000242a3552000 Uncommon trap: trap_request=0xffffff4d fr.pc=0x000002429048adec relative=0x00000000000004ac
Event: 123.639 Thread 0x00000242a3552000 Uncommon trap: reason=unstable_if action=reinterpret pc=0x000002429048adec method=java.lang.String.replace(CC)Ljava/lang/String; @ 9 c2
Event: 123.639 Thread 0x00000242a3552000 DEOPT PACKING pc=0x000002429048adec sp=0x00000052c34fabd0
Event: 123.639 Thread 0x00000242a3552000 DEOPT UNPACKING pc=0x00000242886ea1af sp=0x00000052c34fab80 mode 2
Event: 123.639 Thread 0x00000242a3552000 Uncommon trap: trap_request=0xffffff4d fr.pc=0x000002429085abe4 relative=0x0000000000000244
Event: 123.639 Thread 0x00000242a3552000 Uncommon trap: reason=unstable_if action=reinterpret pc=0x000002429085abe4 method=java.lang.String.indexOf(II)I @ 4 c2
Event: 123.639 Thread 0x00000242a3552000 DEOPT PACKING pc=0x000002429085abe4 sp=0x00000052c34fad60
Event: 123.639 Thread 0x00000242a3552000 DEOPT UNPACKING pc=0x00000242886ea1af sp=0x00000052c34faaa0 mode 2
Event: 123.640 Thread 0x00000242a3552000 Uncommon trap: trap_request=0xffffff4d fr.pc=0x0000024290652bf0 relative=0x00000000000001b0
Event: 123.640 Thread 0x00000242a3552000 Uncommon trap: reason=unstable_if action=reinterpret pc=0x0000024290652bf0 method=java.lang.String.indexOf(II)I @ 4 c2
Event: 123.640 Thread 0x00000242a3552000 DEOPT PACKING pc=0x0000024290652bf0 sp=0x00000052c34fac10
Event: 123.640 Thread 0x00000242a3552000 DEOPT UNPACKING pc=0x00000242886ea1af sp=0x00000052c34fab10 mode 2

Classes redefined (0 events):
No events

Internal exceptions (20 events):
Event: 112.672 Thread 0x00000242a0a26800 Implicit null exception at 0x0000024290b1f5e8 to 0x0000024290b1f818
Event: 113.697 Thread 0x00000242a0a26800 Implicit null exception at 0x0000024290b0dff4 to 0x0000024290b0e24c
Event: 115.361 Thread 0x00000242a0a26800 Implicit null exception at 0x0000024290b6fa15 to 0x0000024290b74598
Event: 115.361 Thread 0x00000242a0a26800 Implicit null exception at 0x0000024290b6fa15 to 0x0000024290b74598
Event: 115.424 Thread 0x00000242a0a26800 Implicit null exception at 0x0000024290b6fa15 to 0x0000024290b74598
Event: 115.906 Thread 0x00000242a0a26800 Exception <a 'java/lang/NoSuchMethodError'{0x000000008fd86680}: <clinit>> (0x000000008fd86680) thrown at [./src/hotspot/share/prims/jni.cpp, line 1367]
Event: 115.970 Thread 0x00000242a0a26800 Exception <a 'java/lang/NoSuchMethodError'{0x000000008fccd1f8}: <clinit>> (0x000000008fccd1f8) thrown at [./src/hotspot/share/prims/jni.cpp, line 1367]
Event: 119.626 Thread 0x00000242a5cd0800 Exception <a 'sun/nio/fs/WindowsException'{0x000000008b37d218}> (0x000000008b37d218) thrown at [./src/hotspot/share/prims/jni.cpp, line 617]
Event: 119.626 Thread 0x00000242a5cd0800 Exception <a 'sun/nio/fs/WindowsException'{0x000000008b37e120}> (0x000000008b37e120) thrown at [./src/hotspot/share/prims/jni.cpp, line 617]
Event: 119.626 Thread 0x00000242a5cd0800 Exception <a 'sun/nio/fs/WindowsException'{0x000000008b37e488}> (0x000000008b37e488) thrown at [./src/hotspot/share/prims/jni.cpp, line 617]
Event: 119.627 Thread 0x00000242a5cd0800 Exception <a 'sun/nio/fs/WindowsException'{0x000000008b37f350}> (0x000000008b37f350) thrown at [./src/hotspot/share/prims/jni.cpp, line 617]
Event: 119.627 Thread 0x00000242a5cd0800 Exception <a 'sun/nio/fs/WindowsException'{0x000000008b37f698}> (0x000000008b37f698) thrown at [./src/hotspot/share/prims/jni.cpp, line 617]
Event: 119.627 Thread 0x00000242a5cd0800 Exception <a 'sun/nio/fs/WindowsException'{0x000000008b384dd0}> (0x000000008b384dd0) thrown at [./src/hotspot/share/prims/jni.cpp, line 617]
Event: 122.262 Thread 0x00000242a3552000 Exception <a 'java/net/SocketTimeoutException'{0x000000008fa9d128}: Read timed out> (0x000000008fa9d128) thrown at [./src/hotspot/share/prims/jni.cpp, line 638]
Event: 122.346 Thread 0x00000242a3552000 Exception <a 'sun/nio/fs/WindowsException'{0x000000008f581d88}> (0x000000008f581d88) thrown at [./src/hotspot/share/prims/jni.cpp, line 617]
Event: 123.310 Thread 0x00000242a1e97800 Exception <a 'java/net/SocketTimeoutException'{0x000000008ecda6e8}: Read timed out> (0x000000008ecda6e8) thrown at [./src/hotspot/share/prims/jni.cpp, line 638]
Event: 123.355 Thread 0x00000242a3552000 Exception <a 'sun/nio/fs/WindowsException'{0x000000008ebeccc0}> (0x000000008ebeccc0) thrown at [./src/hotspot/share/prims/jni.cpp, line 617]
Event: 123.383 Thread 0x00000242a1e97800 Exception <a 'sun/nio/fs/WindowsException'{0x000000008e92b298}> (0x000000008e92b298) thrown at [./src/hotspot/share/prims/jni.cpp, line 617]
Event: 123.631 Thread 0x00000242a3550800 Exception <a 'sun/nio/fs/WindowsException'{0x000000008e4ae0c8}> (0x000000008e4ae0c8) thrown at [./src/hotspot/share/prims/jni.cpp, line 617]
Event: 123.641 Thread 0x00000242a3552000 Exception <a 'sun/nio/fs/WindowsException'{0x000000008e20bec8}> (0x000000008e20bec8) thrown at [./src/hotspot/share/prims/jni.cpp, line 617]

Events (20 events):
Event: 123.736 loading class org/jdom2/input/sax/SAXHandlerFactory
Event: 123.736 loading class org/jdom2/input/sax/SAXHandlerFactory done
Event: 123.737 loading class org/jdom2/JDOMFactory
Event: 123.737 loading class org/jdom2/JDOMFactory done
Event: 123.738 loading class org/jdom2/input/sax/DefaultSAXHandlerFactory
Event: 123.738 loading class org/jdom2/input/sax/DefaultSAXHandlerFactory done
Event: 123.739 loading class org/jdom2/input/sax/SAXHandler
Event: 123.739 loading class org/jdom2/input/sax/SAXHandler done
Event: 123.740 loading class org/jdom2/input/sax/DefaultSAXHandlerFactory$DefaultSAXHandler
Event: 123.740 loading class org/jdom2/input/sax/DefaultSAXHandlerFactory$DefaultSAXHandler done
Event: 123.741 loading class org/jdom2/DefaultJDOMFactory
Event: 123.741 loading class org/jdom2/DefaultJDOMFactory done
Event: 123.744 loading class org/jdom2/input/sax/XMLReaders$FactorySupplier
Event: 123.744 loading class org/jdom2/input/sax/XMLReaders$FactorySupplier done
Event: 123.745 loading class org/jdom2/Parent
Event: 123.745 loading class org/jdom2/Parent done
Event: 123.746 loading class org/jdom2/NamespaceAware
Event: 123.746 loading class org/jdom2/NamespaceAware done
Event: 123.747 loading class org/jdom2/Content
Event: 123.747 loading class org/jdom2/Content done


Dynamic libraries:
0x00007ff70e300000 - 0x00007ff70e30d000 	C:\Program Files\OpenJDK\openjdk-11.0.15_10\bin\java.exe
0x00007ff9caeb0000 - 0x00007ff9cb0a7000 	C:\WINDOWS\SYSTEM32\ntdll.dll
0x00007ff9cac10000 - 0x00007ff9caccd000 	C:\WINDOWS\System32\KERNEL32.DLL
0x00007ff9c8810000 - 0x00007ff9c8add000 	C:\WINDOWS\System32\KERNELBASE.dll
0x00007ff9c8c80000 - 0x00007ff9c8d80000 	C:\WINDOWS\System32\ucrtbase.dll
0x00007ff9a5610000 - 0x00007ff9a5628000 	C:\Program Files\OpenJDK\openjdk-11.0.15_10\bin\jli.dll
0x00007ff9a56f0000 - 0x00007ff9a5706000 	C:\Program Files\OpenJDK\openjdk-11.0.15_10\bin\VCRUNTIME140.dll
0x00007ff9c9d10000 - 0x00007ff9c9eb0000 	C:\WINDOWS\System32\USER32.dll
0x00007ff9c8680000 - 0x00007ff9c86a2000 	C:\WINDOWS\System32\win32u.dll
0x00007ff9ca2c0000 - 0x00007ff9ca2ea000 	C:\WINDOWS\System32\GDI32.dll
0x00007ff9b8a90000 - 0x00007ff9b8d2a000 	C:\WINDOWS\WinSxS\amd64_microsoft.windows.common-controls_6595b64144ccf1df_6.0.19041.1110_none_60b5254171f9507e\COMCTL32.dll
0x00007ff9c8ae0000 - 0x00007ff9c8beb000 	C:\WINDOWS\System32\gdi32full.dll
0x00007ff9ca2f0000 - 0x00007ff9ca38e000 	C:\WINDOWS\System32\msvcrt.dll
0x00007ff9c8720000 - 0x00007ff9c87bd000 	C:\WINDOWS\System32\msvcp_win.dll
0x00007ff9c8f10000 - 0x00007ff9c8f40000 	C:\WINDOWS\System32\IMM32.DLL
0x00007ff989b40000 - 0x00007ff989bea000 	C:\Program Files\OpenJDK\openjdk-11.0.15_10\bin\msvcp140.dll
0x00007ff978240000 - 0x00007ff978d91000 	C:\Program Files\OpenJDK\openjdk-11.0.15_10\bin\server\jvm.dll
0x00007ff9c9560000 - 0x00007ff9c960e000 	C:\WINDOWS\System32\ADVAPI32.dll
0x00007ff9ca080000 - 0x00007ff9ca11c000 	C:\WINDOWS\System32\sechost.dll
0x00007ff9c9b30000 - 0x00007ff9c9c55000 	C:\WINDOWS\System32\RPCRT4.dll
0x00007ff9c9f10000 - 0x00007ff9c9f18000 	C:\WINDOWS\System32\PSAPI.DLL
0x00007ff9c02a0000 - 0x00007ff9c02a9000 	C:\WINDOWS\SYSTEM32\WSOCK32.dll
0x00007ff9cacd0000 - 0x00007ff9cad3b000 	C:\WINDOWS\System32\WS2_32.dll
0x00007ff9bb4b0000 - 0x00007ff9bb4d7000 	C:\WINDOWS\SYSTEM32\WINMM.dll
0x00007ff9bf190000 - 0x00007ff9bf19a000 	C:\WINDOWS\SYSTEM32\VERSION.dll
0x00007ff9c6eb0000 - 0x00007ff9c6ec2000 	C:\WINDOWS\SYSTEM32\kernel.appcore.dll
0x00007ff9a51a0000 - 0x00007ff9a51b1000 	C:\Program Files\OpenJDK\openjdk-11.0.15_10\bin\verify.dll
0x00007ff9c6b70000 - 0x00007ff9c6d54000 	C:\WINDOWS\SYSTEM32\DBGHELP.DLL
0x00007ff9c25c0000 - 0x00007ff9c25ec000 	C:\WINDOWS\SYSTEM32\dbgcore.DLL
0x00007ff9c8bf0000 - 0x00007ff9c8c72000 	C:\WINDOWS\System32\bcryptPrimitives.dll
0x00007ff9a5170000 - 0x00007ff9a5199000 	C:\Program Files\OpenJDK\openjdk-11.0.15_10\bin\java.dll
0x00007ff9a9a10000 - 0x00007ff9a9a1a000 	C:\Program Files\OpenJDK\openjdk-11.0.15_10\bin\jimage.dll
0x00007ff9a3bf0000 - 0x00007ff9a3c08000 	C:\Program Files\OpenJDK\openjdk-11.0.15_10\bin\zip.dll
0x00007ff9ca440000 - 0x00007ff9cab84000 	C:\WINDOWS\System32\SHELL32.dll
0x00007ff9c63d0000 - 0x00007ff9c6b64000 	C:\WINDOWS\SYSTEM32\windows.storage.dll
0x00007ff9c9690000 - 0x00007ff9c99e4000 	C:\WINDOWS\System32\combase.dll
0x00007ff9c8030000 - 0x00007ff9c805c000 	C:\WINDOWS\SYSTEM32\Wldp.dll
0x00007ff9ca390000 - 0x00007ff9ca43d000 	C:\WINDOWS\System32\SHCORE.dll
0x00007ff9c9eb0000 - 0x00007ff9c9f05000 	C:\WINDOWS\System32\shlwapi.dll
0x00007ff9c8510000 - 0x00007ff9c852f000 	C:\WINDOWS\SYSTEM32\profapi.dll
0x00007ff9a3bd0000 - 0x00007ff9a3be9000 	C:\Program Files\OpenJDK\openjdk-11.0.15_10\bin\net.dll
0x00007ff9c00d0000 - 0x00007ff9c01da000 	C:\WINDOWS\SYSTEM32\WINHTTP.dll
0x00007ff9c7d90000 - 0x00007ff9c7dfa000 	C:\WINDOWS\system32\mswsock.dll
0x00007ff9a31a0000 - 0x00007ff9a31b3000 	C:\Program Files\OpenJDK\openjdk-11.0.15_10\bin\nio.dll
0x00007ff9c05a0000 - 0x00007ff9c05c7000 	C:\Users\Tom\.gradle\native\e1d6ef7f7dcc3fd88c89a11ec53ec762bb8ba0a96d01ffa2cd45eb1d1d8dd5c5\windows-amd64\native-platform.dll
0x00007ff98aa30000 - 0x00007ff98ab74000 	C:\Users\Tom\.gradle\native\5664cfc778a61ccfe75a443a1ab52a65af34e5dc3c78e0209fed803814484fcb\windows-amd64\native-platform-file-events.dll
0x00007ff9a9a20000 - 0x00007ff9a9a29000 	C:\Program Files\OpenJDK\openjdk-11.0.15_10\bin\management.dll
0x00007ff9a6560000 - 0x00007ff9a656c000 	C:\Program Files\OpenJDK\openjdk-11.0.15_10\bin\management_ext.dll
0x00007ff9c7f80000 - 0x00007ff9c7f98000 	C:\WINDOWS\SYSTEM32\CRYPTSP.dll
0x00007ff9c7640000 - 0x00007ff9c7674000 	C:\WINDOWS\system32\rsaenh.dll
0x00007ff9c8d80000 - 0x00007ff9c8da7000 	C:\WINDOWS\System32\bcrypt.dll
0x00007ff9c8490000 - 0x00007ff9c84be000 	C:\WINDOWS\SYSTEM32\USERENV.dll
0x00007ff9c7fa0000 - 0x00007ff9c7fac000 	C:\WINDOWS\SYSTEM32\CRYPTBASE.dll
0x00007ff9c7a30000 - 0x00007ff9c7a6b000 	C:\WINDOWS\SYSTEM32\IPHLPAPI.DLL
0x00007ff9cad40000 - 0x00007ff9cad48000 	C:\WINDOWS\System32\NSI.dll
0x00007ff9c0490000 - 0x00007ff9c04a7000 	C:\WINDOWS\SYSTEM32\dhcpcsvc6.DLL
0x00007ff9c0eb0000 - 0x00007ff9c0ecd000 	C:\WINDOWS\SYSTEM32\dhcpcsvc.DLL
0x00007ff9c7ac0000 - 0x00007ff9c7b8b000 	C:\WINDOWS\SYSTEM32\DNSAPI.dll
0x00007ff9b6aa0000 - 0x00007ff9b6ac6000 	C:\Program Files\OpenJDK\openjdk-11.0.15_10\bin\sunec.dll
0x00007ff9c72a0000 - 0x00007ff9c72d3000 	C:\WINDOWS\SYSTEM32\ntmarta.dll
0x00007ff9b7d60000 - 0x00007ff9b7d6a000 	C:\Windows\System32\rasadhlp.dll
0x00007ff9b9690000 - 0x00007ff9b9710000 	C:\WINDOWS\System32\fwpuclnt.dll
0x00007ff9b6a90000 - 0x00007ff9b6a9e000 	C:\Program Files\OpenJDK\openjdk-11.0.15_10\bin\sunmscapi.dll
0x00007ff9c8db0000 - 0x00007ff9c8f06000 	C:\WINDOWS\System32\CRYPT32.dll
0x00007ff9c80a0000 - 0x00007ff9c80c7000 	C:\WINDOWS\SYSTEM32\ncrypt.dll
0x00007ff9c8060000 - 0x00007ff9c809b000 	C:\WINDOWS\SYSTEM32\NTASN1.dll

dbghelp: loaded successfully - version: 4.0.5 - missing functions: none
symbol engine: initialized successfully - sym options: 0x614 - pdb path: .;C:\Program Files\OpenJDK\openjdk-11.0.15_10\bin;C:\WINDOWS\SYSTEM32;C:\WINDOWS\WinSxS\amd64_microsoft.windows.common-controls_6595b64144ccf1df_6.0.19041.1110_none_60b5254171f9507e;C:\Program Files\OpenJDK\openjdk-11.0.15_10\bin\server;C:\Users\Tom\.gradle\native\e1d6ef7f7dcc3fd88c89a11ec53ec762bb8ba0a96d01ffa2cd45eb1d1d8dd5c5\windows-amd64;C:\Users\Tom\.gradle\native\5664cfc778a61ccfe75a443a1ab52a65af34e5dc3c78e0209fed803814484fcb\windows-amd64

VM Arguments:
jvm_args: -XX:MaxMetaspaceSize=512m --add-opens=java.base/java.util=ALL-UNNAMED --add-opens=java.base/java.lang=ALL-UNNAMED --add-opens=java.base/java.lang.invoke=ALL-UNNAMED --add-opens=java.base/java.util=ALL-UNNAMED --add-opens=java.prefs/java.util.prefs=ALL-UNNAMED --add-opens=java.prefs/java.util.prefs=ALL-UNNAMED --add-opens=java.base/java.nio.charset=ALL-UNNAMED --add-opens=java.base/java.net=ALL-UNNAMED --add-opens=java.base/java.util.concurrent.atomic=ALL-UNNAMED -Xmx2048m -Dfile.encoding=windows-1252 -Duser.country=GB -Duser.language=en -Duser.variant 
java_command: org.gradle.launcher.daemon.bootstrap.GradleDaemon 7.3.3
java_class_path (initial): C:\Users\Tom\.gradle\wrapper\dists\gradle-7.3.3-all\4295vidhdd9hd3gbjyw1xqxpo\gradle-7.3.3\lib\gradle-launcher-7.3.3.jar
Launcher Type: SUN_STANDARD

[Global flags]
     intx CICompilerCount                          = 3                                         {product} {ergonomic}
   size_t CompressedClassSpaceSize                 = 528482304                                 {product} {ergonomic}
     uint ConcGCThreads                            = 1                                         {product} {ergonomic}
     uint G1ConcRefinementThreads                  = 4                                         {product} {ergonomic}
   size_t G1HeapRegionSize                         = 1048576                                   {product} {ergonomic}
    uintx GCDrainStackTargetSize                   = 64                                        {product} {ergonomic}
   size_t InitialHeapSize                          = 134217728                                 {product} {ergonomic}
   size_t MarkStackSize                            = 4194304                                   {product} {ergonomic}
   size_t MaxHeapSize                              = 2147483648                                {product} {command line}
   size_t MaxMetaspaceSize                         = 536870912                                 {product} {command line}
   size_t MaxNewSize                               = 1287651328                                {product} {ergonomic}
   size_t MinHeapDeltaBytes                        = 1048576                                   {product} {ergonomic}
    uintx NonNMethodCodeHeapSize                   = 5830732                                {pd product} {ergonomic}
    uintx NonProfiledCodeHeapSize                  = 122913754                              {pd product} {ergonomic}
    uintx ProfiledCodeHeapSize                     = 122913754                              {pd product} {ergonomic}
    uintx ReservedCodeCacheSize                    = 251658240                              {pd product} {ergonomic}
     bool SegmentedCodeCache                       = true                                      {product} {ergonomic}
     bool UseCompressedClassPointers               = true                                 {lp64_product} {ergonomic}
     bool UseCompressedOops                        = true                                 {lp64_product} {ergonomic}
     bool UseG1GC                                  = true                                      {product} {ergonomic}
     bool UseLargePagesIndividualAllocation        = false                                  {pd product} {ergonomic}

Logging:
Log output configuration:
 #0: stdout all=warning uptime,level,tags
 #1: stderr all=off uptime,level,tags

Environment Variables:
JAVA_HOME=C:\Program Files\OpenJDK\openjdk-11.0.15_10
CLASSPATH=C:\Users\Tom\Documents\Programmation\React Native\projectRNcli\android\\gradle\wrapper\gradle-wrapper.jar
PATH=C:\Users\Tom\Documents\Programmation\React Native\projectRNcli\android\node_modules\.bin;C:\Users\Tom\Documents\Programmation\React Native\projectRNcli\node_modules\.bin;C:\Users\Tom\Documents\Programmation\React Native\node_modules\.bin;C:\Users\Tom\Documents\Programmation\node_modules\.bin;C:\Users\Tom\Documents\node_modules\.bin;C:\Users\Tom\node_modules\.bin;C:\Users\node_modules\.bin;C:\node_modules\.bin;C:\Program Files\nodejs;C:\Users\Tom\Documents\Programmation\React Native\projectRNcli\node_modules\.bin;C:\Users\Tom\Documents\Programmation\React Native\node_modules\.bin;C:\Users\Tom\Documents\Programmation\node_modules\.bin;C:\Users\Tom\Documents\node_modules\.bin;C:\Users\Tom\node_modules\.bin;C:\Users\node_modules\.bin;C:\node_modules\.bin;C:\Program Files\nodejs\node_modules\npm\node_modules\@npmcli\run-script\lib\node-gyp-bin;C:\Python310\Scripts\;C:\Python310\;C:\Program Files\Common Files\Oracle\Java\javapath;C:\Program Files (x86)\Intel\Intel(R) Management Engine Components\iCLS\;C:\Program Files\Intel\Intel(R) Management Engine Components\iCLS\;C:\windows\system32;C:\windows;C:\windows\System32\Wbem;C:\windows\System32\WindowsPowerShell\v1.0\;C:\Program Files (x86)\Intel\Intel(R) Management Engine Components\DAL;C:\Program Files\Intel\Intel(R) Management Engine Components\DAL;C:\Program Files (x86)\Intel\Intel(R) Management Engine Components\IPT;C:\Program Files\Intel\Intel(R) Management Engine Components\IPT;C:\Program Files (x86)\NVIDIA Corporation\PhysX\Common;C:\WINDOWS\system32;C:\WINDOWS;C:\WINDOWS\System32\Wbem;C:\WINDOWS\System32\WindowsPowerShell\v1.0\;C:\WINDOWS\System32\OpenSSH\;C:\Program Files\Microchip\xc8\v2.36\bin;C:\ProgramData\chocolatey\bin;C:\Program Files\OpenJDK\openjdk-11.0.15_10\bin;C:\Program Files\nodejs\;C:\Users\Tom\AppData\Local\Microsoft\WindowsApps;C:\Users\Tom\AppData\Local\Programs\Microsoft VS Code\bin;C:\Users\Tom\AppData\Local\Android\Sdk\platform-tools;C:\Users\Tom\AppData\Roaming\npm;C:\Users\Tom\Documents\Pro
USERNAME=Tom
LANG=en_GB.UTF-8
OS=Windows_NT
PROCESSOR_IDENTIFIER=Intel64 Family 6 Model 142 Stepping 10, GenuineIntel



---------------  S Y S T E M  ---------------

OS: Windows 10 , 64 bit Build 19041 (10.0.19041.1741)
OS uptime: 0 days 4:20 hours

CPU:total 4 (initial active 4) (2 cores per cpu, 2 threads per core) family 6 model 142 stepping 10 microcode 0xb4, cmov, cx8, fxsr, mmx, sse, sse2, sse3, ssse3, sse4.1, sse4.2, popcnt, avx, avx2, aes, clmul, erms, 3dnowpref, lzcnt, ht, tsc, tscinvbit, bmi1, bmi2, adx, fma

Memory: 4k page, system-wide physical 8107M (628M free)
TotalPageFile size 8107M (AvailPageFile size 39M)
current process WorkingSet (physical memory assigned to process): 582M, peak: 584M
current process commit charge ("private bytes"): 620M, peak: 621M

vm_info: OpenJDK 64-Bit Server VM (11.0.15+10) for windows-amd64 JRE (11.0.15+10), built on Apr 21 2022 21:29:46 by "tester" with MS VC++ 15.5 (VS2017)

END.
