#
# There is insufficient memory for the Java Runtime Environment to continue.
# Native memory allocation (malloc) failed to allocate 32744 bytes for ChunkPool::allocate
# Possible reasons:
#   The system is out of physical RAM or swap space
#   The process is running with CompressedOops enabled, and the Java Heap may be blocking the growth of the native heap
# Possible solutions:
#   Reduce memory load on the system
#   Increase physical memory or swap space
#   Check if swap backing store is full
#   Decrease Java heap size (-Xmx/-Xms)
#   Decrease number of Java threads
#   Decrease Java thread stack sizes (-Xss)
#   Set larger code cache with -XX:ReservedCodeCacheSize=
#   JVM is running with Unscaled Compressed Oops mode in which the Java heap is
#     placed in the first 4GB address space. The Java Heap base address is the
#     maximum limit for the native heap growth. Please use -XX:HeapBaseMinAddress
#     to set the Java Heap base and to place the Java Heap above 4GB virtual address.
# This output file may be truncated or incomplete.
#
#  Out of Memory Error (./src/hotspot/share/memory/arena.cpp:81), pid=8308, tid=12820
#
# JRE version: OpenJDK Runtime Environment 18.9 (11.0.15+10) (build 11.0.15+10)
# Java VM: OpenJDK 64-Bit Server VM 18.9 (11.0.15+10, mixed mode, tiered, compressed oops, g1 gc, windows-amd64)
# No core dump will be written. Minidumps are not enabled by default on client versions of Windows
#

---------------  S U M M A R Y ------------

Command Line: -Xmx64m -Xms64m -Dorg.gradle.appname=gradlew org.gradle.wrapper.GradleWrapperMain app:installDebug -PreactNativeDevServerPort=8081

Host: Intel(R) Core(TM) i3-7020U CPU @ 2.30GHz, 4 cores, 7G,  Windows 10 , 64 bit Build 19041 (10.0.19041.1741)
Time: Sun Jul  3 22:40:09 2022 Romance Summer Time elapsed time: 75.346885 seconds (0d 0h 1m 15s)

---------------  T H R E A D  ---------------

Current thread (0x000001ec79ae9800):  JavaThread "C2 CompilerThread0" daemon [_thread_in_native, id=12820, stack(0x000000e3f4100000,0x000000e3f4200000)]


Current CompileTask:
C2:  75347 1821       4       org.gradle.internal.logging.text.AbstractLineChoppingStyledTextOutput$2::execute (77 bytes)

Stack: [0x000000e3f4100000,0x000000e3f4200000]
Native frames: (J=compiled Java code, j=interpreted, Vv=VM code, C=native code)
V  [jvm.dll+0x64dd3a]
V  [jvm.dll+0x7906c9]
V  [jvm.dll+0x791d9c]
V  [jvm.dll+0x792463]
V  [jvm.dll+0x265048]
V  [jvm.dll+0xc9ffb]
V  [jvm.dll+0xca35c]
V  [jvm.dll+0xc9eb2]
V  [jvm.dll+0x62b8cf]
V  [jvm.dll+0x8e12a]
V  [jvm.dll+0x55b748]
V  [jvm.dll+0x55aa50]
V  [jvm.dll+0x21fa51]
V  [jvm.dll+0x21d138]
V  [jvm.dll+0x19dd21]
V  [jvm.dll+0x22cc80]
V  [jvm.dll+0x22af81]
V  [jvm.dll+0x75254c]
V  [jvm.dll+0x74b12d]
V  [jvm.dll+0x64c8a6]
C  [ucrtbase.dll+0x21bb2]
C  [KERNEL32.DLL+0x17034]
C  [ntdll.dll+0x52651]


---------------  P R O C E S S  ---------------

Threads class SMR info:
_java_thread_list=0x000001ec7a34d1e0, length=11, elements={
0x000001ec6e48f000, 0x000001ec79a82000, 0x000001ec79a8c800, 0x000001ec79ae1000,
0x000001ec79ae3000, 0x000001ec79ae4800, 0x000001ec79ae9800, 0x000001ec79aee000,
0x000001ec79af8800, 0x000001ec79d69800, 0x000001ec7a918000
}

Java Threads: ( => current thread )
  0x000001ec6e48f000 JavaThread "main" [_thread_blocked, id=11800, stack(0x000000e3f3500000,0x000000e3f3600000)]
  0x000001ec79a82000 JavaThread "Reference Handler" daemon [_thread_blocked, id=2448, stack(0x000000e3f3c00000,0x000000e3f3d00000)]
  0x000001ec79a8c800 JavaThread "Finalizer" daemon [_thread_blocked, id=13260, stack(0x000000e3f3d00000,0x000000e3f3e00000)]
  0x000001ec79ae1000 JavaThread "Signal Dispatcher" daemon [_thread_blocked, id=7984, stack(0x000000e3f3e00000,0x000000e3f3f00000)]
  0x000001ec79ae3000 JavaThread "Attach Listener" daemon [_thread_blocked, id=6260, stack(0x000000e3f3f00000,0x000000e3f4000000)]
  0x000001ec79ae4800 JavaThread "Service Thread" daemon [_thread_blocked, id=10376, stack(0x000000e3f4000000,0x000000e3f4100000)]
=>0x000001ec79ae9800 JavaThread "C2 CompilerThread0" daemon [_thread_in_native, id=12820, stack(0x000000e3f4100000,0x000000e3f4200000)]
  0x000001ec79aee000 JavaThread "C1 CompilerThread0" daemon [_thread_blocked, id=11112, stack(0x000000e3f4200000,0x000000e3f4300000)]
  0x000001ec79af8800 JavaThread "Sweeper thread" daemon [_thread_blocked, id=10900, stack(0x000000e3f4300000,0x000000e3f4400000)]
  0x000001ec79d69800 JavaThread "Common-Cleaner" daemon [_thread_blocked, id=12616, stack(0x000000e3f4500000,0x000000e3f4600000)]
  0x000001ec7a918000 JavaThread "DisconnectableInputStream source reader" daemon [_thread_in_native, id=11668, stack(0x000000e3f4b00000,0x000000e3f4c00000)]

Other Threads:
  0x000001ec79a5b800 VMThread "VM Thread" [stack: 0x000000e3f3b00000,0x000000e3f3c00000] [id=10292]
  0x000001ec79d5c000 WatcherThread [stack: 0x000000e3f4400000,0x000000e3f4500000] [id=12952]
  0x000001ec6e4a8000 GCTaskThread "GC Thread#0" [stack: 0x000000e3f3600000,0x000000e3f3700000] [id=6436]
  0x000001ec7a404000 GCTaskThread "GC Thread#1" [stack: 0x000000e3f4700000,0x000000e3f4800000] [id=2472]
  0x000001ec7a0e9000 GCTaskThread "GC Thread#2" [stack: 0x000000e3f4900000,0x000000e3f4a00000] [id=12648]
  0x000001ec79e9b800 GCTaskThread "GC Thread#3" [stack: 0x000000e3f4a00000,0x000000e3f4b00000] [id=4148]
  0x000001ec6e4af800 ConcurrentGCThread "G1 Main Marker" [stack: 0x000000e3f3700000,0x000000e3f3800000] [id=13280]
  0x000001ec6e4b1000 ConcurrentGCThread "G1 Conc#0" [stack: 0x000000e3f3800000,0x000000e3f3900000] [id=10816]
  0x000001ec6e505000 ConcurrentGCThread "G1 Refine#0" [stack: 0x000000e3f3900000,0x000000e3f3a00000] [id=3480]
  0x000001ec6e506000 ConcurrentGCThread "G1 Young RemSet Sampling" [stack: 0x000000e3f3a00000,0x000000e3f3b00000] [id=2864]

Threads with active compile tasks:
C2 CompilerThread0    75411 1821       4       org.gradle.internal.logging.text.AbstractLineChoppingStyledTextOutput$2::execute (77 bytes)

VM state:not at safepoint (normal execution)

VM Mutex/Monitor currently owned by a thread: None

Heap address: 0x00000000fc000000, size: 64 MB, Compressed Oops mode: 32-bit
Narrow klass base: 0x0000000000000000, Narrow klass shift: 3
Compressed class space size: 1073741824 Address: 0x0000000100000000

Heap:
 garbage-first heap   total 65536K, used 15858K [0x00000000fc000000, 0x0000000100000000)
  region size 1024K, 10 young (10240K), 4 survivors (4096K)
 Metaspace       used 17675K, capacity 17977K, committed 18304K, reserved 1064960K
  class space    used 1959K, capacity 2104K, committed 2176K, reserved 1048576K
Heap Regions: E=young(eden), S=young(survivor), O=old, HS=humongous(starts), HC=humongous(continues), CS=collection set, F=free, A=archive, TAMS=top-at-mark-start (previous, next)
|   0|0x00000000fc000000, 0x00000000fc100000, 0x00000000fc100000|100%|HS|  |TAMS 0x00000000fc000000, 0x00000000fc000000| Complete 
|   1|0x00000000fc100000, 0x00000000fc200000, 0x00000000fc200000|100%|HC|  |TAMS 0x00000000fc100000, 0x00000000fc100000| Complete 
|   2|0x00000000fc200000, 0x00000000fc300000, 0x00000000fc300000|100%|HC|  |TAMS 0x00000000fc200000, 0x00000000fc200000| Complete 
|   3|0x00000000fc300000, 0x00000000fc400000, 0x00000000fc400000|100%| O|  |TAMS 0x00000000fc300000, 0x00000000fc300000| Untracked 
|   4|0x00000000fc400000, 0x00000000fc500000, 0x00000000fc500000|100%| O|  |TAMS 0x00000000fc400000, 0x00000000fc400000| Untracked 
|   5|0x00000000fc500000, 0x00000000fc600000, 0x00000000fc600000|100%| O|  |TAMS 0x00000000fc500000, 0x00000000fc500000| Untracked 
|   6|0x00000000fc600000, 0x00000000fc6fe600, 0x00000000fc700000| 99%| O|  |TAMS 0x00000000fc600000, 0x00000000fc600000| Untracked 
|   7|0x00000000fc700000, 0x00000000fc700000, 0x00000000fc800000|  0%| F|  |TAMS 0x00000000fc700000, 0x00000000fc700000| Untracked 
|   8|0x00000000fc800000, 0x00000000fc800000, 0x00000000fc900000|  0%| F|  |TAMS 0x00000000fc800000, 0x00000000fc800000| Untracked 
|   9|0x00000000fc900000, 0x00000000fc900000, 0x00000000fca00000|  0%| F|  |TAMS 0x00000000fc900000, 0x00000000fc900000| Untracked 
|  10|0x00000000fca00000, 0x00000000fca00000, 0x00000000fcb00000|  0%| F|  |TAMS 0x00000000fca00000, 0x00000000fca00000| Untracked 
|  11|0x00000000fcb00000, 0x00000000fcb00000, 0x00000000fcc00000|  0%| F|  |TAMS 0x00000000fcb00000, 0x00000000fcb00000| Untracked 
|  12|0x00000000fcc00000, 0x00000000fcc00000, 0x00000000fcd00000|  0%| F|  |TAMS 0x00000000fcc00000, 0x00000000fcc00000| Untracked 
|  13|0x00000000fcd00000, 0x00000000fcd00000, 0x00000000fce00000|  0%| F|  |TAMS 0x00000000fcd00000, 0x00000000fcd00000| Untracked 
|  14|0x00000000fce00000, 0x00000000fce00000, 0x00000000fcf00000|  0%| F|  |TAMS 0x00000000fce00000, 0x00000000fce00000| Untracked 
|  15|0x00000000fcf00000, 0x00000000fcf00000, 0x00000000fd000000|  0%| F|  |TAMS 0x00000000fcf00000, 0x00000000fcf00000| Untracked 
|  16|0x00000000fd000000, 0x00000000fd000000, 0x00000000fd100000|  0%| F|  |TAMS 0x00000000fd000000, 0x00000000fd000000| Untracked 
|  17|0x00000000fd100000, 0x00000000fd100000, 0x00000000fd200000|  0%| F|  |TAMS 0x00000000fd100000, 0x00000000fd100000| Untracked 
|  18|0x00000000fd200000, 0x00000000fd200000, 0x00000000fd300000|  0%| F|  |TAMS 0x00000000fd200000, 0x00000000fd200000| Untracked 
|  19|0x00000000fd300000, 0x00000000fd300000, 0x00000000fd400000|  0%| F|  |TAMS 0x00000000fd300000, 0x00000000fd300000| Untracked 
|  20|0x00000000fd400000, 0x00000000fd400000, 0x00000000fd500000|  0%| F|  |TAMS 0x00000000fd400000, 0x00000000fd400000| Untracked 
|  21|0x00000000fd500000, 0x00000000fd500000, 0x00000000fd600000|  0%| F|  |TAMS 0x00000000fd500000, 0x00000000fd500000| Untracked 
|  22|0x00000000fd600000, 0x00000000fd600000, 0x00000000fd700000|  0%| F|  |TAMS 0x00000000fd600000, 0x00000000fd600000| Untracked 
|  23|0x00000000fd700000, 0x00000000fd700000, 0x00000000fd800000|  0%| F|  |TAMS 0x00000000fd700000, 0x00000000fd700000| Untracked 
|  24|0x00000000fd800000, 0x00000000fd800000, 0x00000000fd900000|  0%| F|  |TAMS 0x00000000fd800000, 0x00000000fd800000| Untracked 
|  25|0x00000000fd900000, 0x00000000fd900000, 0x00000000fda00000|  0%| F|  |TAMS 0x00000000fd900000, 0x00000000fd900000| Untracked 
|  26|0x00000000fda00000, 0x00000000fda00000, 0x00000000fdb00000|  0%| F|  |TAMS 0x00000000fda00000, 0x00000000fda00000| Untracked 
|  27|0x00000000fdb00000, 0x00000000fdb00000, 0x00000000fdc00000|  0%| F|  |TAMS 0x00000000fdb00000, 0x00000000fdb00000| Untracked 
|  28|0x00000000fdc00000, 0x00000000fdc00000, 0x00000000fdd00000|  0%| F|  |TAMS 0x00000000fdc00000, 0x00000000fdc00000| Untracked 
|  29|0x00000000fdd00000, 0x00000000fdd00000, 0x00000000fde00000|  0%| F|  |TAMS 0x00000000fdd00000, 0x00000000fdd00000| Untracked 
|  30|0x00000000fde00000, 0x00000000fde00000, 0x00000000fdf00000|  0%| F|  |TAMS 0x00000000fde00000, 0x00000000fde00000| Untracked 
|  31|0x00000000fdf00000, 0x00000000fdf00000, 0x00000000fe000000|  0%| F|  |TAMS 0x00000000fdf00000, 0x00000000fdf00000| Untracked 
|  32|0x00000000fe000000, 0x00000000fe000000, 0x00000000fe100000|  0%| F|  |TAMS 0x00000000fe000000, 0x00000000fe000000| Untracked 
|  33|0x00000000fe100000, 0x00000000fe100000, 0x00000000fe200000|  0%| F|  |TAMS 0x00000000fe100000, 0x00000000fe100000| Untracked 
|  34|0x00000000fe200000, 0x00000000fe200000, 0x00000000fe300000|  0%| F|  |TAMS 0x00000000fe200000, 0x00000000fe200000| Untracked 
|  35|0x00000000fe300000, 0x00000000fe37e3d0, 0x00000000fe400000| 49%| S|CS|TAMS 0x00000000fe300000, 0x00000000fe300000| Complete 
|  36|0x00000000fe400000, 0x00000000fe500000, 0x00000000fe500000|100%| S|CS|TAMS 0x00000000fe400000, 0x00000000fe400000| Complete 
|  37|0x00000000fe500000, 0x00000000fe600000, 0x00000000fe600000|100%| S|CS|TAMS 0x00000000fe500000, 0x00000000fe500000| Complete 
|  38|0x00000000fe600000, 0x00000000fe700000, 0x00000000fe700000|100%| S|CS|TAMS 0x00000000fe600000, 0x00000000fe600000| Complete 
|  39|0x00000000fe700000, 0x00000000fe700000, 0x00000000fe800000|  0%| F|  |TAMS 0x00000000fe700000, 0x00000000fe700000| Untracked 
|  40|0x00000000fe800000, 0x00000000fe800000, 0x00000000fe900000|  0%| F|  |TAMS 0x00000000fe800000, 0x00000000fe800000| Untracked 
|  41|0x00000000fe900000, 0x00000000fe900000, 0x00000000fea00000|  0%| F|  |TAMS 0x00000000fe900000, 0x00000000fe900000| Untracked 
|  42|0x00000000fea00000, 0x00000000fea00000, 0x00000000feb00000|  0%| F|  |TAMS 0x00000000fea00000, 0x00000000fea00000| Untracked 
|  43|0x00000000feb00000, 0x00000000feb00000, 0x00000000fec00000|  0%| F|  |TAMS 0x00000000feb00000, 0x00000000feb00000| Untracked 
|  44|0x00000000fec00000, 0x00000000fec00000, 0x00000000fed00000|  0%| F|  |TAMS 0x00000000fec00000, 0x00000000fec00000| Untracked 
|  45|0x00000000fed00000, 0x00000000fed00000, 0x00000000fee00000|  0%| F|  |TAMS 0x00000000fed00000, 0x00000000fed00000| Untracked 
|  46|0x00000000fee00000, 0x00000000fee00000, 0x00000000fef00000|  0%| F|  |TAMS 0x00000000fee00000, 0x00000000fee00000| Untracked 
|  47|0x00000000fef00000, 0x00000000fef00000, 0x00000000ff000000|  0%| F|  |TAMS 0x00000000fef00000, 0x00000000fef00000| Untracked 
|  48|0x00000000ff000000, 0x00000000ff000000, 0x00000000ff100000|  0%| F|  |TAMS 0x00000000ff000000, 0x00000000ff000000| Untracked 
|  49|0x00000000ff100000, 0x00000000ff100000, 0x00000000ff200000|  0%| F|  |TAMS 0x00000000ff100000, 0x00000000ff100000| Untracked 
|  50|0x00000000ff200000, 0x00000000ff200000, 0x00000000ff300000|  0%| F|  |TAMS 0x00000000ff200000, 0x00000000ff200000| Untracked 
|  51|0x00000000ff300000, 0x00000000ff300000, 0x00000000ff400000|  0%| F|  |TAMS 0x00000000ff300000, 0x00000000ff300000| Untracked 
|  52|0x00000000ff400000, 0x00000000ff400000, 0x00000000ff500000|  0%| F|  |TAMS 0x00000000ff400000, 0x00000000ff400000| Untracked 
|  53|0x00000000ff500000, 0x00000000ff500000, 0x00000000ff600000|  0%| F|  |TAMS 0x00000000ff500000, 0x00000000ff500000| Untracked 
|  54|0x00000000ff600000, 0x00000000ff600000, 0x00000000ff700000|  0%| F|  |TAMS 0x00000000ff600000, 0x00000000ff600000| Untracked 
|  55|0x00000000ff700000, 0x00000000ff700000, 0x00000000ff800000|  0%| F|  |TAMS 0x00000000ff700000, 0x00000000ff700000| Untracked 
|  56|0x00000000ff800000, 0x00000000ff800000, 0x00000000ff900000|  0%| F|  |TAMS 0x00000000ff800000, 0x00000000ff800000| Untracked 
|  57|0x00000000ff900000, 0x00000000ff900000, 0x00000000ffa00000|  0%| F|  |TAMS 0x00000000ff900000, 0x00000000ff900000| Untracked 
|  58|0x00000000ffa00000, 0x00000000ffa00800, 0x00000000ffb00000|  0%| E|  |TAMS 0x00000000ffa00000, 0x00000000ffa00000| Complete 
|  59|0x00000000ffb00000, 0x00000000ffc00000, 0x00000000ffc00000|100%| E|CS|TAMS 0x00000000ffb00000, 0x00000000ffb00000| Complete 
|  60|0x00000000ffc00000, 0x00000000ffd00000, 0x00000000ffd00000|100%| E|CS|TAMS 0x00000000ffc00000, 0x00000000ffc00000| Complete 
|  61|0x00000000ffd00000, 0x00000000ffe00000, 0x00000000ffe00000|100%| E|CS|TAMS 0x00000000ffd00000, 0x00000000ffd00000| Complete 
|  62|0x00000000ffe00000, 0x00000000fff00000, 0x00000000fff00000|100%| E|CS|TAMS 0x00000000ffe00000, 0x00000000ffe00000| Complete 
|  63|0x00000000fff00000, 0x0000000100000000, 0x0000000100000000|100%| E|CS|TAMS 0x00000000fff00000, 0x00000000fff00000| Complete 

Card table byte_map: [0x000001ec6e2b0000,0x000001ec6e2d0000] _byte_map_base: 0x000001ec6dad0000

Marking Bits (Prev, Next): (CMBitMap*) 0x000001ec6e4ae888, (CMBitMap*) 0x000001ec6e4ae8c0
 Prev Bits: [0x000001ec6e2f0000, 0x000001ec6e3f0000)
 Next Bits: [0x000001ec76bf0000, 0x000001ec76cf0000)

Polling page: 0x000001ec6c490000

Metaspace:

Usage:
  Non-class:     15.50 MB capacity,    15.35 MB (>99%) used,   129.24 KB ( <1%) free+waste,    27.56 KB ( <1%) overhead. 
      Class:      2.05 MB capacity,     1.91 MB ( 93%) used,   131.50 KB (  6%) free+waste,    13.44 KB ( <1%) overhead. 
       Both:     17.56 MB capacity,    17.26 MB ( 98%) used,   260.74 KB (  1%) free+waste,    41.00 KB ( <1%) overhead. 

Virtual space:
  Non-class space:       16.00 MB reserved,      15.75 MB ( 98%) committed 
      Class space:        1.00 GB reserved,       2.13 MB ( <1%) committed 
             Both:        1.02 GB reserved,      17.88 MB (  2%) committed 

Chunk freelists:
   Non-Class:  0 bytes
       Class:  8.00 KB
        Both:  8.00 KB

MaxMetaspaceSize: 17179869184.00 GB
CompressedClassSpaceSize: 1.00 GB
Initial GC threshold: 20.80 MB
Current GC threshold: 20.80 MB
CDS: off

CodeHeap 'non-profiled nmethods': size=120064Kb used=704Kb max_used=704Kb free=119359Kb
 bounds [0x000001ec07ac0000, 0x000001ec07d30000, 0x000001ec0f000000]
CodeHeap 'profiled nmethods': size=120000Kb used=3648Kb max_used=3648Kb free=116352Kb
 bounds [0x000001ec00590000, 0x000001ec00920000, 0x000001ec07ac0000]
CodeHeap 'non-nmethods': size=5696Kb used=1173Kb max_used=1187Kb free=4522Kb
 bounds [0x000001ec00000000, 0x000001ec00270000, 0x000001ec00590000]
 total_blobs=2263 nmethods=1823 adapters=353
 compilation: enabled
              stopped_count=0, restarted_count=0
 full_count=0

Compilation events (20 events):
Event: 75.310 Thread 0x000001ec79aee000 nmethod 1813 0x000001ec0091c490 code [0x000001ec0091c640, 0x000001ec0091c878]
Event: 75.311 Thread 0x000001ec79aee000 1814       3       java.net.URI::match (56 bytes)
Event: 75.311 Thread 0x000001ec79aee000 nmethod 1814 0x000001ec0091c990 code [0x000001ec0091cb40, 0x000001ec0091cdf8]
Event: 75.311 Thread 0x000001ec79aee000 1815       3       java.net.URI$Parser::scan (76 bytes)
Event: 75.312 Thread 0x000001ec79aee000 nmethod 1815 0x000001ec0091ce90 code [0x000001ec0091d0e0, 0x000001ec0091d978]
Event: 75.317 Thread 0x000001ec79aee000 1816       3       java.lang.Enum::equals (11 bytes)
Event: 75.317 Thread 0x000001ec79aee000 nmethod 1816 0x000001ec0091dd10 code [0x000001ec0091dec0, 0x000001ec0091e018]
Event: 75.318 Thread 0x000001ec79ae9800 1817       4       org.gradle.internal.logging.text.AbstractLineChoppingStyledTextOutput$StateContext::isCurrentCharEquals (70 bytes)
Event: 75.318 Thread 0x000001ec79aee000 1818       3       java.nio.CharBuffer::hasArray (20 bytes)
Event: 75.318 Thread 0x000001ec79aee000 nmethod 1818 0x000001ec0091e090 code [0x000001ec0091e240, 0x000001ec0091e3d8]
Event: 75.319 Thread 0x000001ec79aee000 1819       3       java.nio.ByteBuffer::hasArray (20 bytes)
Event: 75.319 Thread 0x000001ec79aee000 nmethod 1819 0x000001ec0091e490 code [0x000001ec0091e640, 0x000001ec0091e7d8]
Event: 75.320 Thread 0x000001ec79aee000 1822       3       java.nio.CharBuffer::limit (8 bytes)
Event: 75.320 Thread 0x000001ec79aee000 nmethod 1822 0x000001ec0091e890 code [0x000001ec0091ea40, 0x000001ec0091eb88]
Event: 75.320 Thread 0x000001ec79aee000 1824       3       java.nio.CharBuffer::limit (6 bytes)
Event: 75.320 Thread 0x000001ec79aee000 nmethod 1824 0x000001ec0091ec10 code [0x000001ec0091ede0, 0x000001ec0091ef88]
Event: 75.321 Thread 0x000001ec79ae9800 nmethod 1817 0x000001ec07b6f910 code [0x000001ec07b6fac0, 0x000001ec07b6fbe8]
Event: 75.321 Thread 0x000001ec79ae9800 1820       4       org.gradle.internal.logging.text.AbstractLineChoppingStyledTextOutput$StateContext::hasChar (25 bytes)
Event: 75.322 Thread 0x000001ec79ae9800 nmethod 1820 0x000001ec07b6fd90 code [0x000001ec07b6ff20, 0x000001ec07b6ffb8]
Event: 75.322 Thread 0x000001ec79ae9800 1821       4       org.gradle.internal.logging.text.AbstractLineChoppingStyledTextOutput$2::execute (77 bytes)

GC Heap History (6 events):
Event: 0.704 GC heap before
{Heap before GC invocations=0 (full 0):
 garbage-first heap   total 65536K, used 16384K [0x00000000fc000000, 0x0000000100000000)
  region size 1024K, 14 young (14336K), 0 survivors (0K)
 Metaspace       used 7862K, capacity 8017K, committed 8192K, reserved 1056768K
  class space    used 693K, capacity 754K, committed 768K, reserved 1048576K
}
Event: 0.708 GC heap after
{Heap after GC invocations=1 (full 0):
 garbage-first heap   total 65536K, used 3646K [0x00000000fc000000, 0x0000000100000000)
  region size 1024K, 2 young (2048K), 2 survivors (2048K)
 Metaspace       used 7862K, capacity 8017K, committed 8192K, reserved 1056768K
  class space    used 693K, capacity 754K, committed 768K, reserved 1048576K
}
Event: 1.101 GC heap before
{Heap before GC invocations=1 (full 0):
 garbage-first heap   total 65536K, used 17982K [0x00000000fc000000, 0x0000000100000000)
  region size 1024K, 13 young (13312K), 2 survivors (2048K)
 Metaspace       used 10906K, capacity 11096K, committed 11264K, reserved 1058816K
  class space    used 1136K, capacity 1210K, committed 1280K, reserved 1048576K
}
Event: 1.107 GC heap after
{Heap after GC invocations=2 (full 0):
 garbage-first heap   total 65536K, used 9209K [0x00000000fc000000, 0x0000000100000000)
  region size 1024K, 2 young (2048K), 2 survivors (2048K)
 Metaspace       used 10906K, capacity 11096K, committed 11264K, reserved 1058816K
  class space    used 1136K, capacity 1210K, committed 1280K, reserved 1048576K
}
Event: 5.735 GC heap before
{Heap before GC invocations=2 (full 0):
 garbage-first heap   total 65536K, used 32761K [0x00000000fc000000, 0x0000000100000000)
  region size 1024K, 25 young (25600K), 2 survivors (2048K)
 Metaspace       used 16080K, capacity 16318K, committed 16512K, reserved 1064960K
  class space    used 1809K, capacity 1909K, committed 1920K, reserved 1048576K
}
Event: 5.779 GC heap after
{Heap after GC invocations=3 (full 0):
 garbage-first heap   total 65536K, used 10738K [0x00000000fc000000, 0x0000000100000000)
  region size 1024K, 4 young (4096K), 4 survivors (4096K)
 Metaspace       used 16080K, capacity 16318K, committed 16512K, reserved 1064960K
  class space    used 1809K, capacity 1909K, committed 1920K, reserved 1048576K
}

Deoptimization events (20 events):
Event: 10.054 Thread 0x000001ec6e48f000 Uncommon trap: trap_request=0xffffffde fr.pc=0x000001ec07b49678 relative=0x0000000000000558
Event: 10.054 Thread 0x000001ec6e48f000 Uncommon trap: reason=class_check action=maybe_recompile pc=0x000001ec07b49678 method=java.io.DataInputStream.readInt()I @ 4 c2
Event: 10.054 Thread 0x000001ec6e48f000 DEOPT PACKING pc=0x000001ec07b49678 sp=0x000000e3f35fd170
Event: 10.054 Thread 0x000001ec6e48f000 DEOPT UNPACKING pc=0x000001ec0004a1af sp=0x000000e3f35fd0c8 mode 2
Event: 10.054 Thread 0x000001ec6e48f000 Uncommon trap: trap_request=0xffffffde fr.pc=0x000001ec07b3e574 relative=0x0000000000001374
Event: 10.054 Thread 0x000001ec6e48f000 Uncommon trap: reason=class_check action=maybe_recompile pc=0x000001ec07b3e574 method=java.io.DataInputStream.readUnsignedShort()I @ 4 c2
Event: 10.054 Thread 0x000001ec6e48f000 DEOPT PACKING pc=0x000001ec07b3e574 sp=0x000000e3f35fd250
Event: 10.054 Thread 0x000001ec6e48f000 DEOPT UNPACKING pc=0x000001ec0004a1af sp=0x000000e3f35fd1c8 mode 2
Event: 75.310 Thread 0x000001ec6e48f000 Uncommon trap: trap_request=0xffffff4d fr.pc=0x000001ec07aeabe8 relative=0x0000000000000048
Event: 75.310 Thread 0x000001ec6e48f000 Uncommon trap: reason=unstable_if action=reinterpret pc=0x000001ec07aeabe8 method=java.net.URI.match(CJJ)Z @ 19 c2
Event: 75.311 Thread 0x000001ec6e48f000 DEOPT PACKING pc=0x000001ec07aeabe8 sp=0x000000e3f35fcec0
Event: 75.311 Thread 0x000001ec6e48f000 DEOPT UNPACKING pc=0x000001ec0004a1af sp=0x000000e3f35fce48 mode 2
Event: 75.311 Thread 0x000001ec6e48f000 Uncommon trap: trap_request=0xffffff4d fr.pc=0x000001ec07b51728 relative=0x00000000000001e8
Event: 75.311 Thread 0x000001ec6e48f000 Uncommon trap: reason=unstable_if action=reinterpret pc=0x000001ec07b51728 method=java.net.URI.match(CJJ)Z @ 19 c2
Event: 75.311 Thread 0x000001ec6e48f000 DEOPT PACKING pc=0x000001ec07b51728 sp=0x000000e3f35fcdc0
Event: 75.311 Thread 0x000001ec6e48f000 DEOPT UNPACKING pc=0x000001ec0004a1af sp=0x000000e3f35fccc0 mode 2
Event: 75.311 Thread 0x000001ec6e48f000 Uncommon trap: trap_request=0xffffff4d fr.pc=0x000001ec07b55f80 relative=0x00000000000001c0
Event: 75.311 Thread 0x000001ec6e48f000 Uncommon trap: reason=unstable_if action=reinterpret pc=0x000001ec07b55f80 method=java.net.URI$Parser.scan(IILjava/lang/String;)I @ 26 c2
Event: 75.311 Thread 0x000001ec6e48f000 DEOPT PACKING pc=0x000001ec07b55f80 sp=0x000000e3f35fcff0
Event: 75.311 Thread 0x000001ec6e48f000 DEOPT UNPACKING pc=0x000001ec0004a1af sp=0x000000e3f35fcf80 mode 2

Classes redefined (0 events):
No events

Internal exceptions (20 events):
Event: 0.968 Thread 0x000001ec6e48f000 Implicit null exception at 0x000001ec07b03f75 to 0x000001ec07b04144
Event: 1.023 Thread 0x000001ec6e48f000 Exception <a 'java/lang/NoClassDefFoundError'{0x00000000ff753538}: org/slf4j/impl/StaticMarkerBinder> (0x00000000ff753538) thrown at [./src/hotspot/share/classfile/systemDictionary.cpp, line 219]
Event: 1.048 Thread 0x000001ec6e48f000 Exception <a 'java/lang/NoSuchMethodError'{0x00000000ff646598}: 'java.lang.Object java.lang.invoke.DirectMethodHandle$Holder.invokeVirtual(java.lang.Object, java.lang.Object, java.lang.Object, java.lang.Object, java.lang.Object, java.lang.Object, java.lang.Object)'> (0x00000000ff646598) thrown at [./src/hotspot/share/interpreter/linkResolver.cpp, line 773]
Event: 1.051 Thread 0x000001ec6e48f000 Exception <a 'java/lang/NoSuchMethodError'{0x00000000ff659610}: 'java.lang.Object java.lang.invoke.Invokers$Holder.invoker(java.lang.Object, java.lang.Object, java.lang.Object)'> (0x00000000ff659610) thrown at [./src/hotspot/share/interpreter/linkResolver.cpp, line 773]
Event: 1.055 Thread 0x000001ec6e48f000 Exception <a 'java/lang/NoSuchMethodError'{0x00000000ff66a0e0}: 'void java.lang.invoke.DelegatingMethodHandle$Holder.delegate(java.lang.Object, java.lang.Object, int, java.lang.Object)'> (0x00000000ff66a0e0) thrown at [./src/hotspot/share/interpreter/linkResolver.cpp, line 773]
Event: 1.250 Thread 0x000001ec6e48f000 Exception <a 'java/lang/NoSuchMethodError'{0x00000000ffa41340}: 'java.lang.Object java.lang.invoke.DirectMethodHandle$Holder.invokeInterface(java.lang.Object, java.lang.Object, java.lang.Object)'> (0x00000000ffa41340) thrown at [./src/hotspot/share/interpreter/linkResolver.cpp, line 773]
Event: 1.349 Thread 0x000001ec6e48f000 Exception <a 'java/lang/NoSuchMethodError'{0x00000000ff7c8270}: 'java.lang.Object java.lang.invoke.DirectMethodHandle$Holder.invokeStaticInit(java.lang.Object, java.lang.Object, java.lang.Object)'> (0x00000000ff7c8270) thrown at [./src/hotspot/share/interpreter/linkResolver.cpp, line 773]
Event: 1.467 Thread 0x000001ec6e48f000 Exception <a 'java/lang/NoSuchMethodError'{0x00000000ff042ca0}: 'java.lang.Object java.lang.invoke.DirectMethodHandle$Holder.invokeStaticInit(java.lang.Object, int, int, int, int)'> (0x00000000ff042ca0) thrown at [./src/hotspot/share/interpreter/linkResolver.cpp, line 773]
Event: 1.724 Thread 0x000001ec6e48f000 Exception <a 'java/lang/NoSuchMethodError'{0x00000000ff098930}: 'java.lang.Object java.lang.invoke.DirectMethodHandle$Holder.invokeStaticInit(java.lang.Object, java.lang.Object, int, int, int, int)'> (0x00000000ff098930) thrown at [./src/hotspot/share/interpreter/linkResolver.cpp, line 773]
Event: 2.063 Thread 0x000001ec6e48f000 Implicit null exception at 0x000001ec07af83f4 to 0x000001ec07af88f8
Event: 2.063 Thread 0x000001ec6e48f000 Implicit null exception at 0x000001ec07b055f4 to 0x000001ec07b05acc
Event: 2.077 Thread 0x000001ec6e48f000 Exception <a 'java/net/ConnectException'{0x00000000fefb8088}: Connection refused: no further information> (0x00000000fefb8088) thrown at [./src/hotspot/share/prims/jni.cpp, line 638]
Event: 5.877 Thread 0x000001ec7a918000 Exception <a 'java/lang/NoSuchMethodError'{0x00000000fffb4f10}: 'void java.lang.invoke.DirectMethodHandle$Holder.invokeStatic(java.lang.Object, long)'> (0x00000000fffb4f10) thrown at [./src/hotspot/share/interpreter/linkResolver.cpp, line 773]
Event: 5.878 Thread 0x000001ec7a918000 Exception <a 'java/lang/NoSuchMethodError'{0x00000000fffba120}: 'java.lang.Object java.lang.invoke.DirectMethodHandle$Holder.invokeStatic(java.lang.Object, long)'> (0x00000000fffba120) thrown at [./src/hotspot/share/interpreter/linkResolver.cpp, line 773]
Event: 5.919 Thread 0x000001ec7a918000 Exception <a 'java/lang/NoSuchMethodError'{0x00000000fffc8260}: 'java.lang.Object java.lang.invoke.DirectMethodHandle$Holder.invokeStaticInit(java.lang.Object, java.lang.Object, long, java.lang.Object)'> (0x00000000fffc8260) thrown at [./src/hotspot/share/interpreter/linkResolver.cpp, line 773]
Event: 5.920 Thread 0x000001ec7a918000 Exception <a 'java/lang/NoSuchMethodError'{0x00000000fffce458}: 'java.lang.Object java.lang.invoke.DirectMethodHandle$Holder.invokeStatic(java.lang.Object, java.lang.Object, long)'> (0x00000000fffce458) thrown at [./src/hotspot/share/interpreter/linkResolver.cpp, line 773]
Event: 5.921 Thread 0x000001ec7a918000 Exception <a 'java/lang/NoSuchMethodError'{0x00000000fffd4728}: 'java.lang.Object java.lang.invoke.Invokers$Holder.linkToTargetMethod(java.lang.Object, long, java.lang.Object)'> (0x00000000fffd4728) thrown at [./src/hotspot/share/interpreter/linkResolver.cpp, line 773]
Event: 75.300 Thread 0x000001ec6e48f000 Exception <a 'java/io/IOException'{0x00000000ffd7e380}> (0x00000000ffd7e380) thrown at [./src/hotspot/share/prims/jni.cpp, line 617]
Event: 75.308 Thread 0x000001ec6e48f000 Exception <a 'java/lang/NoSuchMethodError'{0x00000000ffb30238}: 'int java.lang.invoke.DirectMethodHandle$Holder.invokeVirtual(java.lang.Object, java.lang.Object)'> (0x00000000ffb30238) thrown at [./src/hotspot/share/interpreter/linkResolver.cpp, line 773]
Event: 75.313 Thread 0x000001ec7b050000 Exception <a 'java/io/IOException'{0x00000000ffd82ad0}> (0x00000000ffd82ad0) thrown at [./src/hotspot/share/prims/jni.cpp, line 617]

Events (20 events):
Event: 75.314 loading class org/gradle/internal/remote/internal/inet/SocketConnection$1
Event: 75.314 loading class org/gradle/internal/remote/internal/inet/SocketConnection$1 done
Event: 75.315 loading class java/util/concurrent/ConcurrentLinkedQueue$Itr
Event: 75.315 loading class java/util/concurrent/ConcurrentLinkedQueue$Itr done
Event: 75.317 Executing VM operation: RevokeBias
Event: 75.317 Executing VM operation: RevokeBias done
Event: 75.321 loading class org/gradle/execution/MultipleBuildFailures
Event: 75.321 loading class org/gradle/execution/MultipleBuildFailures done
Event: 75.322 loading class org/gradle/internal/logging/services/LoggingBackedStyledTextOutput
Event: 75.322 loading class org/gradle/internal/logging/services/LoggingBackedStyledTextOutput done
Event: 75.322 loading class org/gradle/internal/buildevents/BuildExceptionReporter$FailureDetails
Event: 75.322 loading class org/gradle/internal/buildevents/BuildExceptionReporter$FailureDetails done
Event: 75.324 loading class org/gradle/internal/buildevents/BuildExceptionReporter$ExceptionStyle
Event: 75.324 loading class org/gradle/internal/buildevents/BuildExceptionReporter$ExceptionStyle done
Event: 75.325 loading class org/gradle/internal/logging/text/BufferingStyledTextOutput
Event: 75.325 loading class org/gradle/internal/logging/text/BufferingStyledTextOutput done
Event: 75.326 loading class org/gradle/internal/logging/text/BufferingStyledTextOutput$1
Event: 75.326 loading class org/gradle/internal/logging/text/BufferingStyledTextOutput$1 done
Event: 75.327 loading class org/gradle/internal/buildevents/BuildExceptionReporter$ContextImpl
Event: 75.327 loading class org/gradle/internal/buildevents/BuildExceptionReporter$ContextImpl done


Dynamic libraries:
0x00007ff74a750000 - 0x00007ff74a75d000 	C:\Program Files\OpenJDK\openjdk-11.0.15_10\bin\java.exe
0x00007ffa81210000 - 0x00007ffa81407000 	C:\WINDOWS\SYSTEM32\ntdll.dll
0x00007ffa7f420000 - 0x00007ffa7f4dd000 	C:\WINDOWS\System32\KERNEL32.DLL
0x00007ffa7ee60000 - 0x00007ffa7f12d000 	C:\WINDOWS\System32\KERNELBASE.dll
0x00007ffa7ea90000 - 0x00007ffa7eb90000 	C:\WINDOWS\System32\ucrtbase.dll
0x00007ffa60b20000 - 0x00007ffa60b36000 	C:\Program Files\OpenJDK\openjdk-11.0.15_10\bin\VCRUNTIME140.dll
0x00007ffa5fcd0000 - 0x00007ffa5fce8000 	C:\Program Files\OpenJDK\openjdk-11.0.15_10\bin\jli.dll
0x00007ffa800f0000 - 0x00007ffa80290000 	C:\WINDOWS\System32\USER32.dll
0x00007ffa71e90000 - 0x00007ffa7212a000 	C:\WINDOWS\WinSxS\amd64_microsoft.windows.common-controls_6595b64144ccf1df_6.0.19041.1110_none_60b5254171f9507e\COMCTL32.dll
0x00007ffa7eb90000 - 0x00007ffa7ebb2000 	C:\WINDOWS\System32\win32u.dll
0x00007ffa802c0000 - 0x00007ffa8035e000 	C:\WINDOWS\System32\msvcrt.dll
0x00007ffa80290000 - 0x00007ffa802ba000 	C:\WINDOWS\System32\GDI32.dll
0x00007ffa7f160000 - 0x00007ffa7f26b000 	C:\WINDOWS\System32\gdi32full.dll
0x00007ffa7e980000 - 0x00007ffa7ea1d000 	C:\WINDOWS\System32\msvcp_win.dll
0x00007ffa80d80000 - 0x00007ffa80db0000 	C:\WINDOWS\System32\IMM32.DLL
0x00007ffa391e0000 - 0x00007ffa3928a000 	C:\Program Files\OpenJDK\openjdk-11.0.15_10\bin\msvcp140.dll
0x00007ffa31830000 - 0x00007ffa32381000 	C:\Program Files\OpenJDK\openjdk-11.0.15_10\bin\server\jvm.dll
0x00007ffa81120000 - 0x00007ffa811ce000 	C:\WINDOWS\System32\ADVAPI32.dll
0x00007ffa806a0000 - 0x00007ffa8073c000 	C:\WINDOWS\System32\sechost.dll
0x00007ffa7fe30000 - 0x00007ffa7ff55000 	C:\WINDOWS\System32\RPCRT4.dll
0x00007ffa7f6b0000 - 0x00007ffa7f6b8000 	C:\WINDOWS\System32\PSAPI.DLL
0x00007ffa7a460000 - 0x00007ffa7a469000 	C:\WINDOWS\SYSTEM32\WSOCK32.dll
0x00007ffa73ef0000 - 0x00007ffa73f17000 	C:\WINDOWS\SYSTEM32\WINMM.dll
0x00007ffa797d0000 - 0x00007ffa797da000 	C:\WINDOWS\SYSTEM32\VERSION.dll
0x00007ffa80430000 - 0x00007ffa8049b000 	C:\WINDOWS\System32\WS2_32.dll
0x00007ffa7d500000 - 0x00007ffa7d512000 	C:\WINDOWS\SYSTEM32\kernel.appcore.dll
0x00007ffa5fcb0000 - 0x00007ffa5fcc1000 	C:\Program Files\OpenJDK\openjdk-11.0.15_10\bin\verify.dll
0x00007ffa7cee0000 - 0x00007ffa7d0c4000 	C:\WINDOWS\SYSTEM32\DBGHELP.DLL
0x00007ffa6d0c0000 - 0x00007ffa6d0ec000 	C:\WINDOWS\SYSTEM32\dbgcore.DLL
0x00007ffa7ebc0000 - 0x00007ffa7ec42000 	C:\WINDOWS\System32\bcryptPrimitives.dll
0x00007ffa5c9f0000 - 0x00007ffa5ca19000 	C:\Program Files\OpenJDK\openjdk-11.0.15_10\bin\java.dll
0x00007ffa675c0000 - 0x00007ffa675ca000 	C:\Program Files\OpenJDK\openjdk-11.0.15_10\bin\jimage.dll
0x00007ffa5fa10000 - 0x00007ffa5fa28000 	C:\Program Files\OpenJDK\openjdk-11.0.15_10\bin\zip.dll
0x00007ffa7f6e0000 - 0x00007ffa7fe24000 	C:\WINDOWS\System32\SHELL32.dll
0x00007ffa7c670000 - 0x00007ffa7ce04000 	C:\WINDOWS\SYSTEM32\windows.storage.dll
0x00007ffa80dc0000 - 0x00007ffa81114000 	C:\WINDOWS\System32\combase.dll
0x00007ffa7e2c0000 - 0x00007ffa7e2ec000 	C:\WINDOWS\SYSTEM32\Wldp.dll
0x00007ffa80580000 - 0x00007ffa8062d000 	C:\WINDOWS\System32\SHCORE.dll
0x00007ffa7f5c0000 - 0x00007ffa7f615000 	C:\WINDOWS\System32\shlwapi.dll
0x00007ffa7e870000 - 0x00007ffa7e88f000 	C:\WINDOWS\SYSTEM32\profapi.dll
0x00007ffa5c500000 - 0x00007ffa5c519000 	C:\Program Files\OpenJDK\openjdk-11.0.15_10\bin\net.dll
0x00007ffa74120000 - 0x00007ffa7422a000 	C:\WINDOWS\SYSTEM32\WINHTTP.dll
0x00007ffa7e020000 - 0x00007ffa7e08a000 	C:\WINDOWS\system32\mswsock.dll
0x00007ffa5c4e0000 - 0x00007ffa5c4f3000 	C:\Program Files\OpenJDK\openjdk-11.0.15_10\bin\nio.dll
0x00007ffa5bd40000 - 0x00007ffa5bd67000 	C:\Users\Tom\.gradle\native\e1d6ef7f7dcc3fd88c89a11ec53ec762bb8ba0a96d01ffa2cd45eb1d1d8dd5c5\windows-amd64\native-platform.dll
0x00007ffa66f90000 - 0x00007ffa66f9a000 	C:\Users\Tom\.gradle\native\jansi\1.18\windows64\jansi.dll
0x00007ffa60b10000 - 0x00007ffa60b19000 	C:\Program Files\OpenJDK\openjdk-11.0.15_10\bin\management.dll
0x00007ffa5c9e0000 - 0x00007ffa5c9ec000 	C:\Program Files\OpenJDK\openjdk-11.0.15_10\bin\management_ext.dll
0x00007ffa7e220000 - 0x00007ffa7e238000 	C:\WINDOWS\SYSTEM32\CRYPTSP.dll
0x00007ffa7d9a0000 - 0x00007ffa7d9d4000 	C:\WINDOWS\system32\rsaenh.dll
0x00007ffa7f130000 - 0x00007ffa7f157000 	C:\WINDOWS\System32\bcrypt.dll
0x00007ffa7e7f0000 - 0x00007ffa7e81e000 	C:\WINDOWS\SYSTEM32\USERENV.dll
0x00007ffa7e210000 - 0x00007ffa7e21c000 	C:\WINDOWS\SYSTEM32\CRYPTBASE.dll
0x00007ffa7dd10000 - 0x00007ffa7dd4b000 	C:\WINDOWS\SYSTEM32\IPHLPAPI.DLL
0x00007ffa80db0000 - 0x00007ffa80db8000 	C:\WINDOWS\System32\NSI.dll
0x00007ffa76a20000 - 0x00007ffa76a37000 	C:\WINDOWS\SYSTEM32\dhcpcsvc6.DLL
0x00007ffa796e0000 - 0x00007ffa796fd000 	C:\WINDOWS\SYSTEM32\dhcpcsvc.DLL
0x00007ffa7dd50000 - 0x00007ffa7de1b000 	C:\WINDOWS\SYSTEM32\DNSAPI.dll

dbghelp: loaded successfully - version: 4.0.5 - missing functions: none
symbol engine: initialized successfully - sym options: 0x614 - pdb path: .;C:\Program Files\OpenJDK\openjdk-11.0.15_10\bin;C:\WINDOWS\SYSTEM32;C:\WINDOWS\WinSxS\amd64_microsoft.windows.common-controls_6595b64144ccf1df_6.0.19041.1110_none_60b5254171f9507e;C:\Program Files\OpenJDK\openjdk-11.0.15_10\bin\server;C:\Users\Tom\.gradle\native\e1d6ef7f7dcc3fd88c89a11ec53ec762bb8ba0a96d01ffa2cd45eb1d1d8dd5c5\windows-amd64;C:\Users\Tom\.gradle\native\jansi\1.18\windows64

VM Arguments:
jvm_args: -Xmx64m -Xms64m -Dorg.gradle.appname=gradlew 
java_command: org.gradle.wrapper.GradleWrapperMain app:installDebug -PreactNativeDevServerPort=8081
java_class_path (initial): C:\Users\Tom\Documents\Programmation\React Native\projectRNcli\android\\gradle\wrapper\gradle-wrapper.jar
Launcher Type: SUN_STANDARD

[Global flags]
     intx CICompilerCount                          = 3                                         {product} {ergonomic}
     uint ConcGCThreads                            = 1                                         {product} {ergonomic}
     uint G1ConcRefinementThreads                  = 4                                         {product} {ergonomic}
   size_t G1HeapRegionSize                         = 1048576                                   {product} {ergonomic}
    uintx GCDrainStackTargetSize                   = 64                                        {product} {ergonomic}
   size_t InitialHeapSize                          = 67108864                                  {product} {command line}
   size_t MarkStackSize                            = 4194304                                   {product} {ergonomic}
   size_t MaxHeapSize                              = 67108864                                  {product} {command line}
   size_t MaxNewSize                               = 39845888                                  {product} {ergonomic}
   size_t MinHeapDeltaBytes                        = 1048576                                   {product} {ergonomic}
    uintx NonNMethodCodeHeapSize                   = 5830732                                {pd product} {ergonomic}
    uintx NonProfiledCodeHeapSize                  = 122913754                              {pd product} {ergonomic}
    uintx ProfiledCodeHeapSize                     = 122913754                              {pd product} {ergonomic}
    uintx ReservedCodeCacheSize                    = 251658240                              {pd product} {ergonomic}
     bool SegmentedCodeCache                       = true                                      {product} {ergonomic}
     bool UseCompressedClassPointers               = true                                 {lp64_product} {ergonomic}
     bool UseCompressedOops                        = true                                 {lp64_product} {ergonomic}
     bool UseG1GC                                  = true                                      {product} {ergonomic}
     bool UseLargePagesIndividualAllocation        = false                                  {pd product} {ergonomic}

Logging:
Log output configuration:
 #0: stdout all=warning uptime,level,tags
 #1: stderr all=off uptime,level,tags

Environment Variables:
JAVA_HOME=C:\Program Files\OpenJDK\openjdk-11.0.15_10
CLASSPATH=C:\Users\Tom\Documents\Programmation\React Native\projectRNcli\android\\gradle\wrapper\gradle-wrapper.jar
PATH=C:\Users\Tom\Documents\Programmation\React Native\projectRNcli\android\node_modules\.bin;C:\Users\Tom\Documents\Programmation\React Native\projectRNcli\node_modules\.bin;C:\Users\Tom\Documents\Programmation\React Native\node_modules\.bin;C:\Users\Tom\Documents\Programmation\node_modules\.bin;C:\Users\Tom\Documents\node_modules\.bin;C:\Users\Tom\node_modules\.bin;C:\Users\node_modules\.bin;C:\node_modules\.bin;C:\Program Files\nodejs;C:\Users\Tom\Documents\Programmation\React Native\projectRNcli\node_modules\.bin;C:\Users\Tom\Documents\Programmation\React Native\node_modules\.bin;C:\Users\Tom\Documents\Programmation\node_modules\.bin;C:\Users\Tom\Documents\node_modules\.bin;C:\Users\Tom\node_modules\.bin;C:\Users\node_modules\.bin;C:\node_modules\.bin;C:\Program Files\nodejs\node_modules\npm\node_modules\@npmcli\run-script\lib\node-gyp-bin;C:\Python310\Scripts\;C:\Python310\;C:\Program Files\Common Files\Oracle\Java\javapath;C:\Program Files (x86)\Intel\Intel(R) Management Engine Components\iCLS\;C:\Program Files\Intel\Intel(R) Management Engine Components\iCLS\;C:\windows\system32;C:\windows;C:\windows\System32\Wbem;C:\windows\System32\WindowsPowerShell\v1.0\;C:\Program Files (x86)\Intel\Intel(R) Management Engine Components\DAL;C:\Program Files\Intel\Intel(R) Management Engine Components\DAL;C:\Program Files (x86)\Intel\Intel(R) Management Engine Components\IPT;C:\Program Files\Intel\Intel(R) Management Engine Components\IPT;C:\Program Files (x86)\NVIDIA Corporation\PhysX\Common;C:\WINDOWS\system32;C:\WINDOWS;C:\WINDOWS\System32\Wbem;C:\WINDOWS\System32\WindowsPowerShell\v1.0\;C:\WINDOWS\System32\OpenSSH\;C:\Program Files\Microchip\xc8\v2.36\bin;C:\ProgramData\chocolatey\bin;C:\Program Files\OpenJDK\openjdk-11.0.15_10\bin;C:\Program Files\nodejs\;C:\Users\Tom\AppData\Local\Microsoft\WindowsApps;C:\Users\Tom\AppData\Local\Programs\Microsoft VS Code\bin;C:\Users\Tom\AppData\Local\Android\Sdk\platform-tools;C:\Users\Tom\AppData\Roaming\npm;;C:\Users\Tom\Documents\Pr
USERNAME=Tom
LANG=en_GB.UTF-8
OS=Windows_NT
PROCESSOR_IDENTIFIER=Intel64 Family 6 Model 142 Stepping 10, GenuineIntel



---------------  S Y S T E M  ---------------

OS: Windows 10 , 64 bit Build 19041 (10.0.19041.1741)
OS uptime: 0 days 0:54 hours

CPU:total 4 (initial active 4) (2 cores per cpu, 2 threads per core) family 6 model 142 stepping 10 microcode 0xb4, cmov, cx8, fxsr, mmx, sse, sse2, sse3, ssse3, sse4.1, sse4.2, popcnt, avx, avx2, aes, clmul, erms, 3dnowpref, lzcnt, ht, tsc, tscinvbit, bmi1, bmi2, adx, fma

Memory: 4k page, system-wide physical 8107M (1225M free)
TotalPageFile size 8107M (AvailPageFile size 227M)
current process WorkingSet (physical memory assigned to process): 94M, peak: 98M
current process commit charge ("private bytes"): 155M, peak: 162M

vm_info: OpenJDK 64-Bit Server VM (11.0.15+10) for windows-amd64 JRE (11.0.15+10), built on Apr 21 2022 21:29:46 by "tester" with MS VC++ 15.5 (VS2017)

END.
