#
# There is insufficient memory for the Java Runtime Environment to continue.
# Native memory allocation (mmap) failed to map 181403648 bytes for Failed to commit area from 0x000000008ea00000 to 0x0000000099700000 of length 181403648.
# Possible reasons:
#   The system is out of physical RAM or swap space
#   The process is running with CompressedOops enabled, and the Java Heap may be blocking the growth of the native heap
# Possible solutions:
#   Reduce memory load on the system
#   Increase physical memory or swap space
#   Check if swap backing store is full
#   Decrease Java heap size (-Xmx/-Xms)
#   Decrease number of Java threads
#   Decrease Java thread stack sizes (-Xss)
#   Set larger code cache with -XX:ReservedCodeCacheSize=
#   JVM is running with Unscaled Compressed Oops mode in which the Java heap is
#     placed in the first 4GB address space. The Java Heap base address is the
#     maximum limit for the native heap growth. Please use -XX:HeapBaseMinAddress
#     to set the Java Heap base and to place the Java Heap above 4GB virtual address.
# This output file may be truncated or incomplete.
#
#  Out of Memory Error (./src/hotspot/os/windows/os_windows.cpp:3390), pid=17332, tid=3968
#
# JRE version: OpenJDK Runtime Environment 18.9 (11.0.15+10) (build 11.0.15+10)
# Java VM: OpenJDK 64-Bit Server VM 18.9 (11.0.15+10, mixed mode, tiered, compressed oops, g1 gc, windows-amd64)
# No core dump will be written. Minidumps are not enabled by default on client versions of Windows
#

---------------  S U M M A R Y ------------

Command Line: -XX:MaxMetaspaceSize=512m --add-opens=java.base/java.util=ALL-UNNAMED --add-opens=java.base/java.lang=ALL-UNNAMED --add-opens=java.base/java.lang.invoke=ALL-UNNAMED --add-opens=java.base/java.util=ALL-UNNAMED --add-opens=java.prefs/java.util.prefs=ALL-UNNAMED --add-opens=java.prefs/java.util.prefs=ALL-UNNAMED --add-opens=java.base/java.nio.charset=ALL-UNNAMED --add-opens=java.base/java.net=ALL-UNNAMED --add-opens=java.base/java.util.concurrent.atomic=ALL-UNNAMED -Xmx2048m -Dfile.encoding=windows-1252 -Duser.country=GB -Duser.language=en -Duser.variant org.gradle.launcher.daemon.bootstrap.GradleDaemon 7.3.3

Host: Intel(R) Core(TM) i3-7020U CPU @ 2.30GHz, 4 cores, 7G,  Windows 10 , 64 bit Build 19041 (10.0.19041.1741)
Time: Sun Jul  3 17:30:09 2022 Romance Summer Time elapsed time: 75.692513 seconds (0d 0h 1m 15s)

---------------  T H R E A D  ---------------

Current thread (0x0000019162bef800):  VMThread "VM Thread" [stack: 0x0000005487600000,0x0000005487700000] [id=3968]

Stack: [0x0000005487600000,0x0000005487700000]
[error occurred during error reporting (printing stack bounds), id 0xc0000005, EXCEPTION_ACCESS_VIOLATION (0xc0000005) at pc=0x000001914cb3112d]

Native frames: (J=compiled Java code, j=interpreted, Vv=VM code, C=native code)
V  [jvm.dll+0x64dd3a]
V  [jvm.dll+0x7906c9]
V  [jvm.dll+0x791d9c]
V  [jvm.dll+0x7923c5]
V  [jvm.dll+0x79237b]
V  [jvm.dll+0x64cdd0]
V  [jvm.dll+0x64d4e8]
C  [ntdll.dll+0xa209f]
C  [ntdll.dll+0x51454]
C  [ntdll.dll+0xa0bce]
C  0x000001914cb3112d

VM_Operation (0x000000548b8f95c0): G1CollectForAllocation, mode: safepoint, requested by thread 0x0000019163d55000


---------------  P R O C E S S  ---------------

Threads class SMR info:
_java_thread_list=0x000001916bcee270, length=88, elements={
0x00000191443d3800, 0x0000019162c03000, 0x0000019162bfb800, 0x0000019162c58000,
0x0000019162c5c000, 0x0000019162c5d800, 0x0000019163563800, 0x0000019163568000,
0x0000019163572800, 0x00000191636c9000, 0x0000019164748800, 0x00000191645af800,
0x0000019166b37800, 0x0000019166383800, 0x0000019166581000, 0x00000191642c6800,
0x0000019166480800, 0x0000019164d21800, 0x0000019163807800, 0x0000019163808000,
0x00000191637fd000, 0x00000191637fd800, 0x00000191637ff800, 0x00000191637fe800,
0x0000019163800000, 0x0000019163801000, 0x00000191637fb800, 0x0000019163802000,
0x00000191637fc000, 0x00000191664b7000, 0x00000191664b9800, 0x00000191664b8000,
0x00000191664bc000, 0x00000191664b6800, 0x00000191664bd000, 0x00000191664be800,
0x00000191664c3800, 0x00000191664c0000, 0x00000191664bf800, 0x00000191664c2800,
0x00000191664c1000, 0x00000191664bd800, 0x00000191664c4000, 0x00000191664c5000,
0x00000191664c1800, 0x0000019163d4f800, 0x0000019163d4c000, 0x0000019163d51000,
0x0000019163d52000, 0x0000019163d52800, 0x0000019163d4d000, 0x0000019163d53800,
0x0000019163d4d800, 0x0000019163d50000, 0x0000019163d54000, 0x0000019163d4e800,
0x0000019163d58800, 0x0000019163d59000, 0x0000019163d5b000, 0x0000019163d57800,
0x0000019163d5a000, 0x0000019163d56800, 0x0000019163d55000, 0x0000019163d56000,
0x0000019166df9000, 0x0000019166dfd000, 0x0000019166dff800, 0x0000019166dff000,
0x0000019166dfc800, 0x0000019166dfa000, 0x0000019166e00800, 0x0000019166dfe000,
0x0000019166dfa800, 0x0000019166dfb800, 0x0000019166e06000, 0x0000019166e07800,
0x0000019166e05800, 0x0000019166e07000, 0x0000019166e02000, 0x0000019166e03800,
0x0000019169749800, 0x0000019169748000, 0x000001916974a800, 0x0000019169749000,
0x000001916974d000, 0x0000019169747800, 0x0000019169750800, 0x000001917176f800
}

Java Threads: ( => current thread )
  0x00000191443d3800 JavaThread "main" [_thread_blocked, id=11432, stack(0x0000005487000000,0x0000005487100000)]
  0x0000019162c03000 JavaThread "Reference Handler" daemon [_thread_blocked, id=7928, stack(0x0000005487700000,0x0000005487800000)]
  0x0000019162bfb800 JavaThread "Finalizer" daemon [_thread_blocked, id=16100, stack(0x0000005487800000,0x0000005487900000)]
  0x0000019162c58000 JavaThread "Signal Dispatcher" daemon [_thread_blocked, id=5420, stack(0x0000005487900000,0x0000005487a00000)]
  0x0000019162c5c000 JavaThread "Attach Listener" daemon [_thread_blocked, id=5256, stack(0x0000005487a00000,0x0000005487b00000)]
  0x0000019162c5d800 JavaThread "Service Thread" daemon [_thread_blocked, id=17700, stack(0x0000005487b00000,0x0000005487c00000)]
  0x0000019163563800 JavaThread "C2 CompilerThread0" daemon [_thread_blocked, id=10992, stack(0x0000005487c00000,0x0000005487d00000)]
  0x0000019163568000 JavaThread "C1 CompilerThread0" daemon [_thread_blocked, id=8528, stack(0x0000005487d00000,0x0000005487e00000)]
  0x0000019163572800 JavaThread "Sweeper thread" daemon [_thread_blocked, id=4000, stack(0x0000005487e00000,0x0000005487f00000)]
  0x00000191636c9000 JavaThread "Common-Cleaner" daemon [_thread_blocked, id=12348, stack(0x0000005487f00000,0x0000005488000000)]
  0x0000019164748800 JavaThread "Daemon health stats" [_thread_blocked, id=11016, stack(0x0000005488400000,0x0000005488500000)]
  0x00000191645af800 JavaThread "Incoming local TCP Connector on port 51120" [_thread_in_native, id=7852, stack(0x0000005488100000,0x0000005488200000)]
  0x0000019166b37800 JavaThread "Daemon periodic checks" [_thread_blocked, id=6572, stack(0x0000005488500000,0x0000005488600000)]
  0x0000019166383800 JavaThread "Daemon" [_thread_blocked, id=8608, stack(0x0000005488600000,0x0000005488700000)]
  0x0000019166581000 JavaThread "Handler for socket connection from /127.0.0.1:51120 to /127.0.0.1:51121" [_thread_in_native, id=13684, stack(0x0000005488700000,0x0000005488800000)]
  0x00000191642c6800 JavaThread "Cancel handler" [_thread_blocked, id=15252, stack(0x0000005488800000,0x0000005488900000)]
  0x0000019166480800 JavaThread "Daemon worker" [_thread_blocked, id=5792, stack(0x0000005488900000,0x0000005488a00000)]
  0x0000019164d21800 JavaThread "Asynchronous log dispatcher for DefaultDaemonConnection: socket connection from /127.0.0.1:51120 to /127.0.0.1:51121" [_thread_blocked, id=13816, stack(0x0000005488a00000,0x0000005488b00000)]
  0x0000019163807800 JavaThread "Stdin handler" [_thread_blocked, id=7640, stack(0x0000005488b00000,0x0000005488c00000)]
  0x0000019163808000 JavaThread "Daemon client event forwarder" [_thread_blocked, id=14916, stack(0x0000005488c00000,0x0000005488d00000)]
  0x00000191637fd000 JavaThread "Cache worker for journal cache (C:\Users\Tom\.gradle\caches\journal-1)" [_thread_blocked, id=15084, stack(0x0000005488e00000,0x0000005488f00000)]
  0x00000191637fd800 JavaThread "File lock request listener" [_thread_in_native, id=7224, stack(0x0000005488f00000,0x0000005489000000)]
  0x00000191637ff800 JavaThread "Cache worker for file hash cache (C:\Users\Tom\.gradle\caches\7.3.3\fileHashes)" [_thread_blocked, id=11800, stack(0x0000005489000000,0x0000005489100000)]
  0x00000191637fe800 JavaThread "Cache worker for file hash cache (C:\Users\Tom\Documents\Programmation\React Native\projectRNcli\android\.gradle\7.3.3\fileHashes)" [_thread_blocked, id=15092, stack(0x0000005489100000,0x0000005489200000)]
  0x0000019163800000 JavaThread "File watcher server" daemon [_thread_blocked, id=10796, stack(0x0000005489200000,0x0000005489300000)]
  0x0000019163801000 JavaThread "File watcher consumer" daemon [_thread_blocked, id=17940, stack(0x0000005489300000,0x0000005489400000)]
  0x00000191637fb800 JavaThread "Cache worker for checksums cache (C:\Users\Tom\Documents\Programmation\React Native\projectRNcli\android\.gradle\7.3.3\checksums)" [_thread_blocked, id=15368, stack(0x0000005489400000,0x0000005489500000)]
  0x0000019163802000 JavaThread "Cache worker for cache directory md-supplier (C:\Users\Tom\.gradle\caches\7.3.3\md-supplier)" [_thread_blocked, id=3960, stack(0x0000005489500000,0x0000005489600000)]
  0x00000191637fc000 JavaThread "Cache worker for cache directory md-rule (C:\Users\Tom\.gradle\caches\7.3.3\md-rule)" [_thread_blocked, id=10620, stack(0x0000005489600000,0x0000005489700000)]
  0x00000191664b7000 JavaThread "Cache worker for execution history cache (C:\Users\Tom\.gradle\caches\7.3.3\executionHistory)" [_thread_blocked, id=13536, stack(0x0000005489800000,0x0000005489900000)]
  0x00000191664b9800 JavaThread "jar transforms" [_thread_blocked, id=6236, stack(0x0000005489900000,0x0000005489a00000)]
  0x00000191664b8000 JavaThread "jar transforms Thread 2" [_thread_blocked, id=14460, stack(0x0000005489a00000,0x0000005489b00000)]
  0x00000191664bc000 JavaThread "Cache worker for file content cache (C:\Users\Tom\.gradle\caches\7.3.3\fileContent)" [_thread_blocked, id=4148, stack(0x0000005489b00000,0x0000005489c00000)]
  0x00000191664b6800 JavaThread "jar transforms Thread 3" [_thread_blocked, id=2132, stack(0x0000005489700000,0x0000005489800000)]
  0x00000191664bd000 JavaThread "jar transforms Thread 4" [_thread_blocked, id=4228, stack(0x0000005489c00000,0x0000005489d00000)]
  0x00000191664be800 JavaThread "Cache worker for kotlin-dsl (C:\Users\Tom\.gradle\caches\7.3.3\kotlin-dsl)" [_thread_blocked, id=7936, stack(0x0000005489e00000,0x0000005489f00000)]
  0x00000191664c3800 JavaThread "Cache worker for dependencies-accessors (C:\Users\Tom\Documents\Programmation\React Native\projectRNcli\android\.gradle\7.3.3\dependencies-accessors)" [_thread_blocked, id=1432, stack(0x0000005489f00000,0x000000548a000000)]
  0x00000191664c0000 JavaThread "Cache worker for Build Output Cleanup Cache (C:\Users\Tom\Documents\Programmation\React Native\projectRNcli\node_modules\react-native-gradle-plugin\.gradle\buildOutputCleanup)" [_thread_blocked, id=17028, stack(0x0000005489d00000,0x0000005489e00000)]
  0x00000191664bf800 JavaThread "Unconstrained build operations" [_thread_blocked, id=7952, stack(0x000000548a000000,0x000000548a100000)]
  0x00000191664c2800 JavaThread "Unconstrained build operations Thread 2" [_thread_blocked, id=11952, stack(0x000000548a100000,0x000000548a200000)]
  0x00000191664c1000 JavaThread "Unconstrained build operations Thread 3" [_thread_blocked, id=13204, stack(0x000000548a200000,0x000000548a300000)]
  0x00000191664bd800 JavaThread "Unconstrained build operations Thread 4" [_thread_blocked, id=1572, stack(0x000000548a300000,0x000000548a400000)]
  0x00000191664c4000 JavaThread "Unconstrained build operations Thread 5" [_thread_blocked, id=16416, stack(0x000000548a400000,0x000000548a500000)]
  0x00000191664c5000 JavaThread "Unconstrained build operations Thread 6" [_thread_blocked, id=14780, stack(0x000000548a500000,0x000000548a600000)]
  0x00000191664c1800 JavaThread "Unconstrained build operations Thread 7" [_thread_blocked, id=16900, stack(0x000000548a600000,0x000000548a700000)]
  0x0000019163d4f800 JavaThread "Unconstrained build operations Thread 8" [_thread_blocked, id=13976, stack(0x000000548a700000,0x000000548a800000)]
  0x0000019163d4c000 JavaThread "Unconstrained build operations Thread 9" [_thread_blocked, id=13480, stack(0x000000548a800000,0x000000548a900000)]
  0x0000019163d51000 JavaThread "Unconstrained build operations Thread 10" [_thread_blocked, id=7784, stack(0x000000548a900000,0x000000548aa00000)]
  0x0000019163d52000 JavaThread "Unconstrained build operations Thread 11" [_thread_blocked, id=4636, stack(0x000000548aa00000,0x000000548ab00000)]
  0x0000019163d52800 JavaThread "Unconstrained build operations Thread 12" [_thread_blocked, id=11360, stack(0x000000548ab00000,0x000000548ac00000)]
  0x0000019163d4d000 JavaThread "Unconstrained build operations Thread 13" [_thread_blocked, id=5760, stack(0x000000548ac00000,0x000000548ad00000)]
  0x0000019163d53800 JavaThread "Unconstrained build operations Thread 14" [_thread_blocked, id=12416, stack(0x000000548ad00000,0x000000548ae00000)]
  0x0000019163d4d800 JavaThread "Unconstrained build operations Thread 15" [_thread_blocked, id=11860, stack(0x000000548ae00000,0x000000548af00000)]
  0x0000019163d50000 JavaThread "Unconstrained build operations Thread 16" [_thread_blocked, id=14924, stack(0x000000548af00000,0x000000548b000000)]
  0x0000019163d54000 JavaThread "Unconstrained build operations Thread 17" [_thread_blocked, id=16744, stack(0x000000548b000000,0x000000548b100000)]
  0x0000019163d4e800 JavaThread "Unconstrained build operations Thread 18" [_thread_blocked, id=2496, stack(0x000000548b100000,0x000000548b200000)]
  0x0000019163d58800 JavaThread "Unconstrained build operations Thread 19" [_thread_blocked, id=5740, stack(0x000000548b200000,0x000000548b300000)]
  0x0000019163d59000 JavaThread "Unconstrained build operations Thread 20" [_thread_blocked, id=18164, stack(0x000000548b300000,0x000000548b400000)]
  0x0000019163d5b000 JavaThread "Unconstrained build operations Thread 21" [_thread_blocked, id=7012, stack(0x000000548b400000,0x000000548b500000)]
  0x0000019163d57800 JavaThread "Unconstrained build operations Thread 22" [_thread_blocked, id=7480, stack(0x000000548b500000,0x000000548b600000)]
  0x0000019163d5a000 JavaThread "Unconstrained build operations Thread 23" [_thread_blocked, id=11484, stack(0x000000548b600000,0x000000548b700000)]
  0x0000019163d56800 JavaThread "Unconstrained build operations Thread 24" [_thread_blocked, id=8852, stack(0x000000548b700000,0x000000548b800000)]
  0x0000019163d55000 JavaThread "Unconstrained build operations Thread 25" [_thread_blocked, id=15268, stack(0x000000548b800000,0x000000548b900000)]
  0x0000019163d56000 JavaThread "Unconstrained build operations Thread 26" [_thread_blocked, id=10488, stack(0x000000548b900000,0x000000548ba00000)]
  0x0000019166df9000 JavaThread "Unconstrained build operations Thread 27" [_thread_blocked, id=13500, stack(0x000000548ba00000,0x000000548bb00000)]
  0x0000019166dfd000 JavaThread "Unconstrained build operations Thread 28" [_thread_blocked, id=17340, stack(0x000000548bb00000,0x000000548bc00000)]
  0x0000019166dff800 JavaThread "Unconstrained build operations Thread 29" [_thread_blocked, id=17188, stack(0x000000548bc00000,0x000000548bd00000)]
  0x0000019166dff000 JavaThread "Unconstrained build operations Thread 30" [_thread_blocked, id=8048, stack(0x000000548bd00000,0x000000548be00000)]
  0x0000019166dfc800 JavaThread "Unconstrained build operations Thread 31" [_thread_blocked, id=12476, stack(0x000000548be00000,0x000000548bf00000)]
  0x0000019166dfa000 JavaThread "Unconstrained build operations Thread 32" [_thread_blocked, id=10312, stack(0x000000548bf00000,0x000000548c000000)]
  0x0000019166e00800 JavaThread "Unconstrained build operations Thread 33" [_thread_blocked, id=17184, stack(0x000000548c000000,0x000000548c100000)]
  0x0000019166dfe000 JavaThread "build event listener" [_thread_blocked, id=18384, stack(0x0000005486f00000,0x0000005487000000)]
  0x0000019166dfa800 JavaThread "Memory manager" [_thread_blocked, id=12148, stack(0x000000548c100000,0x000000548c200000)]
  0x0000019166dfb800 JavaThread "Cache worker for Build Output Cleanup Cache (C:\Users\Tom\Documents\Programmation\React Native\projectRNcli\android\.gradle\buildOutputCleanup)" [_thread_blocked, id=15640, stack(0x000000548c200000,0x000000548c300000)]
  0x0000019166e06000 JavaThread "included builds" [_thread_blocked, id=8152, stack(0x000000548c600000,0x000000548c700000)]
  0x0000019166e07800 JavaThread "Cache worker for execution history cache (C:\Users\Tom\Documents\Programmation\React Native\projectRNcli\node_modules\react-native-gradle-plugin\.gradle\7.3.3\executionHistory)" [_thread_blocked, id=17780, stack(0x000000548ca00000,0x000000548cb00000)]
  0x0000019166e05800 JavaThread "Unconstrained build operations Thread 34" [_thread_blocked, id=7744, stack(0x000000548cb00000,0x000000548cc00000)]
  0x0000019166e07000 JavaThread "Unconstrained build operations Thread 35" [_thread_blocked, id=9352, stack(0x000000548cc00000,0x000000548cd00000)]
  0x0000019166e02000 JavaThread "Unconstrained build operations Thread 36" [_thread_blocked, id=10024, stack(0x000000548cd00000,0x000000548ce00000)]
  0x0000019166e03800 JavaThread "Unconstrained build operations Thread 37" [_thread_blocked, id=9380, stack(0x000000548ce00000,0x000000548cf00000)]
  0x0000019169749800 JavaThread "Unconstrained build operations Thread 38" [_thread_blocked, id=15616, stack(0x000000548cf00000,0x000000548d000000)]
  0x0000019169748000 JavaThread "Unconstrained build operations Thread 39" [_thread_blocked, id=5132, stack(0x000000548d000000,0x000000548d100000)]
  0x000001916974a800 JavaThread "Unconstrained build operations Thread 40" [_thread_blocked, id=12904, stack(0x000000548d100000,0x000000548d200000)]
  0x0000019169749000 JavaThread "Execution worker for ':'" [_thread_blocked, id=6368, stack(0x0000005486e00000,0x0000005486f00000)]
  0x000001916974d000 JavaThread "Execution worker for ':' Thread 2" [_thread_blocked, id=9504, stack(0x000000548c500000,0x000000548c600000)]
  0x0000019169747800 JavaThread "Execution worker for ':' Thread 3" [_thread_blocked, id=13576, stack(0x000000548c700000,0x000000548c800000)]
  0x0000019169750800 JavaThread "Cache worker for execution history cache (C:\Users\Tom\Documents\Programmation\React Native\projectRNcli\android\.gradle\7.3.3\executionHistory)" [_thread_blocked, id=14920, stack(0x000000548c800000,0x000000548c900000)]
  0x000001917176f800 JavaThread "C2 CompilerThread1" daemon [_thread_blocked, id=16728, stack(0x0000005486d00000,0x0000005486e00000)]

Other Threads:
=>0x0000019162bef800 VMThread "VM Thread" [stack: 0x0000005487600000,0x0000005487700000] [id=3968]
  0x0000019163704800 WatcherThread [stack: 0x0000005488000000,0x0000005488100000] [id=18268]
  0x00000191443ec000 GCTaskThread "GC Thread#0" [stack: 0x0000005487100000,0x0000005487200000] [id=5592]
  0x00000191640b7800 GCTaskThread "GC Thread#1" [stack: 0x0000005488200000,0x0000005488300000] [id=2896]
  0x0000019163ed6800 GCTaskThread "GC Thread#2" [stack: 0x0000005488300000,0x0000005488400000] [id=10660]
  0x0000019165657000 GCTaskThread "GC Thread#3" [stack: 0x0000005488d00000,0x0000005488e00000] [id=12740]
  0x000001914441d800 ConcurrentGCThread "G1 Main Marker" [stack: 0x0000005487200000,0x0000005487300000] [id=7492]
  0x000001914441f000 ConcurrentGCThread "G1 Conc#0" [stack: 0x0000005487300000,0x0000005487400000] [id=10232]
  0x0000019162a70800 ConcurrentGCThread "G1 Refine#0" [stack: 0x0000005487400000,0x0000005487500000] [id=11672]
  0x0000019162a71000 ConcurrentGCThread "G1 Young RemSet Sampling" [stack: 0x0000005487500000,0x0000005487600000] [id=8284]

Threads with active compile tasks:
C2 CompilerThread0    75827 13988       4       com.android.tools.r8.graph.A0::c (177 bytes)
C1 CompilerThread0    75827 14075       2       com.android.tools.r8.internal.m4::a (98 bytes)
C2 CompilerThread1    75828 13899       4       com.android.tools.r8.internal.U6::a (4191 bytes)

VM state:at safepoint (normal execution)

VM Mutex/Monitor currently owned by a thread:  ([mutex/lock_event])
[0x00000191443d0850] Threads_lock - owner thread: 0x0000019162bef800
[0x00000191443d0bb0] Heap_lock - owner thread: 0x0000019163d55000

Heap address: 0x0000000080000000, size: 2048 MB, Compressed Oops mode: 32-bit
Narrow klass base: 0x0000000000000000, Narrow klass shift: 3
Compressed class space size: 528482304 Address: 0x0000000100000000

Heap:
 garbage-first heap   total 416768K, used 159733K [0x0000000080000000, 0x0000000100000000)
  region size 1024K, 2 young (2048K), 2 survivors (2048K)
 Metaspace       used 108167K, capacity 111465K, committed 111740K, reserved 612352K
  class space    used 14141K, capacity 15433K, committed 15616K, reserved 516096K
Heap Regions: E=young(eden), S=young(survivor), O=old, HS=humongous(starts), HC=humongous(continues), CS=collection set, F=free, A=archive, TAMS=top-at-mark-start (previous, next)
|   0|0x0000000080000000, 0x0000000080100000, 0x0000000080100000|100%| O|  |TAMS 0x0000000080100000, 0x0000000080000000| Untracked 
|   1|0x0000000080100000, 0x0000000080200000, 0x0000000080200000|100%| O|  |TAMS 0x0000000080200000, 0x0000000080100000| Untracked 
|   2|0x0000000080200000, 0x0000000080300000, 0x0000000080300000|100%| O|  |TAMS 0x0000000080300000, 0x0000000080200000| Untracked 
|   3|0x0000000080300000, 0x0000000080400000, 0x0000000080400000|100%|HS|  |TAMS 0x0000000080400000, 0x0000000080300000| Complete 
|   4|0x0000000080400000, 0x0000000080500000, 0x0000000080500000|100%|HC|  |TAMS 0x0000000080500000, 0x0000000080400000| Complete 
|   5|0x0000000080500000, 0x0000000080600000, 0x0000000080600000|100%|HC|  |TAMS 0x0000000080600000, 0x0000000080500000| Complete 
|   6|0x0000000080600000, 0x0000000080700000, 0x0000000080700000|100%| O|  |TAMS 0x0000000080700000, 0x0000000080600000| Untracked 
|   7|0x0000000080700000, 0x0000000080800000, 0x0000000080800000|100%| O|  |TAMS 0x0000000080800000, 0x0000000080700000| Untracked 
|   8|0x0000000080800000, 0x0000000080900000, 0x0000000080900000|100%| O|  |TAMS 0x0000000080900000, 0x0000000080800000| Untracked 
|   9|0x0000000080900000, 0x0000000080a00000, 0x0000000080a00000|100%| O|  |TAMS 0x0000000080a00000, 0x0000000080900000| Complete 
|  10|0x0000000080a00000, 0x0000000080b00000, 0x0000000080b00000|100%| O|  |TAMS 0x0000000080b00000, 0x0000000080a00000| Complete 
|  11|0x0000000080b00000, 0x0000000080c00000, 0x0000000080c00000|100%| O|  |TAMS 0x0000000080c00000, 0x0000000080b00000| Untracked 
|  12|0x0000000080c00000, 0x0000000080d00000, 0x0000000080d00000|100%| O|  |TAMS 0x0000000080d00000, 0x0000000080c00000| Untracked 
|  13|0x0000000080d00000, 0x0000000080e00000, 0x0000000080e00000|100%| O|  |TAMS 0x0000000080e00000, 0x0000000080d00000| Untracked 
|  14|0x0000000080e00000, 0x0000000080f00000, 0x0000000080f00000|100%| O|  |TAMS 0x0000000080f00000, 0x0000000080e00000| Untracked 
|  15|0x0000000080f00000, 0x0000000081000000, 0x0000000081000000|100%| O|  |TAMS 0x0000000081000000, 0x0000000080f00000| Untracked 
|  16|0x0000000081000000, 0x0000000081100000, 0x0000000081100000|100%|HS|  |TAMS 0x0000000081100000, 0x0000000081000000| Complete 
|  17|0x0000000081100000, 0x0000000081200000, 0x0000000081200000|100%| O|  |TAMS 0x0000000081200000, 0x0000000081100000| Untracked 
|  18|0x0000000081200000, 0x0000000081300000, 0x0000000081300000|100%| O|  |TAMS 0x0000000081300000, 0x0000000081200000| Untracked 
|  19|0x0000000081300000, 0x0000000081400000, 0x0000000081400000|100%| O|  |TAMS 0x0000000081400000, 0x0000000081300000| Untracked 
|  20|0x0000000081400000, 0x0000000081500000, 0x0000000081500000|100%| O|  |TAMS 0x0000000081500000, 0x0000000081400000| Untracked 
|  21|0x0000000081500000, 0x0000000081600000, 0x0000000081600000|100%| O|  |TAMS 0x0000000081600000, 0x0000000081500000| Complete 
|  22|0x0000000081600000, 0x0000000081700000, 0x0000000081700000|100%| O|  |TAMS 0x0000000081700000, 0x0000000081600000| Untracked 
|  23|0x0000000081700000, 0x0000000081800000, 0x0000000081800000|100%| O|  |TAMS 0x0000000081800000, 0x0000000081700000| Untracked 
|  24|0x0000000081800000, 0x0000000081900000, 0x0000000081900000|100%| O|  |TAMS 0x0000000081900000, 0x0000000081800000| Untracked 
|  25|0x0000000081900000, 0x0000000081a00000, 0x0000000081a00000|100%| O|  |TAMS 0x0000000081a00000, 0x0000000081900000| Untracked 
|  26|0x0000000081a00000, 0x0000000081b00000, 0x0000000081b00000|100%| O|  |TAMS 0x0000000081b00000, 0x0000000081a00000| Untracked 
|  27|0x0000000081b00000, 0x0000000081c00000, 0x0000000081c00000|100%| O|  |TAMS 0x0000000081c00000, 0x0000000081b00000| Complete 
|  28|0x0000000081c00000, 0x0000000081d00000, 0x0000000081d00000|100%|HS|  |TAMS 0x0000000081d00000, 0x0000000081c00000| Complete 
|  29|0x0000000081d00000, 0x0000000081e00000, 0x0000000081e00000|100%|HC|  |TAMS 0x0000000081e00000, 0x0000000081d00000| Complete 
|  30|0x0000000081e00000, 0x0000000081f00000, 0x0000000081f00000|100%|HC|  |TAMS 0x0000000081f00000, 0x0000000081e00000| Complete 
|  31|0x0000000081f00000, 0x0000000082000000, 0x0000000082000000|100%| O|  |TAMS 0x0000000082000000, 0x0000000081f00000| Untracked 
|  32|0x0000000082000000, 0x0000000082100000, 0x0000000082100000|100%| O|  |TAMS 0x0000000082100000, 0x0000000082000000| Untracked 
|  33|0x0000000082100000, 0x0000000082200000, 0x0000000082200000|100%| O|  |TAMS 0x0000000082200000, 0x0000000082100000| Untracked 
|  34|0x0000000082200000, 0x0000000082300000, 0x0000000082300000|100%| O|  |TAMS 0x0000000082300000, 0x0000000082200000| Untracked 
|  35|0x0000000082300000, 0x0000000082400000, 0x0000000082400000|100%| O|  |TAMS 0x0000000082400000, 0x0000000082300000| Untracked 
|  36|0x0000000082400000, 0x0000000082500000, 0x0000000082500000|100%| O|  |TAMS 0x0000000082500000, 0x0000000082400000| Complete 
|  37|0x0000000082500000, 0x0000000082600000, 0x0000000082600000|100%| O|  |TAMS 0x0000000082600000, 0x0000000082500000| Untracked 
|  38|0x0000000082600000, 0x0000000082700000, 0x0000000082700000|100%| O|  |TAMS 0x0000000082700000, 0x0000000082600000| Untracked 
|  39|0x0000000082700000, 0x0000000082800000, 0x0000000082800000|100%| O|  |TAMS 0x0000000082800000, 0x0000000082700000| Untracked 
|  40|0x0000000082800000, 0x0000000082900000, 0x0000000082900000|100%|HS|  |TAMS 0x0000000082900000, 0x0000000082800000| Complete 
|  41|0x0000000082900000, 0x0000000082a00000, 0x0000000082a00000|100%|HS|  |TAMS 0x0000000082a00000, 0x0000000082900000| Complete 
|  42|0x0000000082a00000, 0x0000000082b00000, 0x0000000082b00000|100%|HS|  |TAMS 0x0000000082b00000, 0x0000000082a00000| Complete 
|  43|0x0000000082b00000, 0x0000000082c00000, 0x0000000082c00000|100%|HC|  |TAMS 0x0000000082c00000, 0x0000000082b00000| Complete 
|  44|0x0000000082c00000, 0x0000000082d00000, 0x0000000082d00000|100%| O|  |TAMS 0x0000000082d00000, 0x0000000082c00000| Untracked 
|  45|0x0000000082d00000, 0x0000000082e00000, 0x0000000082e00000|100%| O|  |TAMS 0x0000000082e00000, 0x0000000082d00000| Untracked 
|  46|0x0000000082e00000, 0x0000000082f00000, 0x0000000082f00000|100%| O|  |TAMS 0x0000000082f00000, 0x0000000082e00000| Untracked 
|  47|0x0000000082f00000, 0x0000000083000000, 0x0000000083000000|100%| O|  |TAMS 0x0000000083000000, 0x0000000082f00000| Untracked 
|  48|0x0000000083000000, 0x0000000083100000, 0x0000000083100000|100%| O|  |TAMS 0x0000000083100000, 0x0000000083000000| Untracked 
|  49|0x0000000083100000, 0x0000000083200000, 0x0000000083200000|100%| O|  |TAMS 0x0000000083200000, 0x0000000083100000| Untracked 
|  50|0x0000000083200000, 0x0000000083300000, 0x0000000083300000|100%| O|  |TAMS 0x0000000083300000, 0x0000000083200000| Untracked 
|  51|0x0000000083300000, 0x0000000083400000, 0x0000000083400000|100%| O|  |TAMS 0x0000000083400000, 0x0000000083300000| Untracked 
|  52|0x0000000083400000, 0x0000000083500000, 0x0000000083500000|100%| O|  |TAMS 0x0000000083500000, 0x0000000083400000| Complete 
|  53|0x0000000083500000, 0x0000000083600000, 0x0000000083600000|100%| O|  |TAMS 0x0000000083600000, 0x0000000083500000| Untracked 
|  54|0x0000000083600000, 0x0000000083700000, 0x0000000083700000|100%| O|  |TAMS 0x0000000083700000, 0x0000000083600000| Untracked 
|  55|0x0000000083700000, 0x0000000083800000, 0x0000000083800000|100%| O|  |TAMS 0x0000000083800000, 0x0000000083700000| Untracked 
|  56|0x0000000083800000, 0x0000000083900000, 0x0000000083900000|100%| O|  |TAMS 0x0000000083900000, 0x0000000083800000| Complete 
|  57|0x0000000083900000, 0x0000000083a00000, 0x0000000083a00000|100%| O|  |TAMS 0x0000000083a00000, 0x0000000083900000| Complete 
|  58|0x0000000083a00000, 0x0000000083b00000, 0x0000000083b00000|100%| O|  |TAMS 0x0000000083b00000, 0x0000000083a00000| Untracked 
|  59|0x0000000083b00000, 0x0000000083c00000, 0x0000000083c00000|100%| O|  |TAMS 0x0000000083c00000, 0x0000000083b00000| Complete 
|  60|0x0000000083c00000, 0x0000000083d00000, 0x0000000083d00000|100%| O|  |TAMS 0x0000000083d00000, 0x0000000083c00000| Untracked 
|  61|0x0000000083d00000, 0x0000000083e00000, 0x0000000083e00000|100%| O|  |TAMS 0x0000000083e00000, 0x0000000083d00000| Complete 
|  62|0x0000000083e00000, 0x0000000083f00000, 0x0000000083f00000|100%| O|  |TAMS 0x0000000083f00000, 0x0000000083e00000| Complete 
|  63|0x0000000083f00000, 0x0000000084000000, 0x0000000084000000|100%| O|  |TAMS 0x0000000084000000, 0x0000000083f00000| Untracked 
|  64|0x0000000084000000, 0x0000000084100000, 0x0000000084100000|100%| O|  |TAMS 0x0000000084100000, 0x0000000084000000| Untracked 
|  65|0x0000000084100000, 0x0000000084200000, 0x0000000084200000|100%| O|  |TAMS 0x0000000084200000, 0x0000000084100000| Untracked 
|  66|0x0000000084200000, 0x0000000084300000, 0x0000000084300000|100%| O|  |TAMS 0x0000000084300000, 0x0000000084200000| Complete 
|  67|0x0000000084300000, 0x0000000084400000, 0x0000000084400000|100%| O|  |TAMS 0x0000000084400000, 0x0000000084300000| Complete 
|  68|0x0000000084400000, 0x0000000084500000, 0x0000000084500000|100%| O|  |TAMS 0x0000000084500000, 0x0000000084400000| Untracked 
|  69|0x0000000084500000, 0x0000000084600000, 0x0000000084600000|100%| O|  |TAMS 0x0000000084600000, 0x0000000084500000| Untracked 
|  70|0x0000000084600000, 0x0000000084700000, 0x0000000084700000|100%| O|  |TAMS 0x0000000084700000, 0x0000000084600000| Untracked 
|  71|0x0000000084700000, 0x0000000084800000, 0x0000000084800000|100%| O|  |TAMS 0x0000000084800000, 0x0000000084700000| Complete 
|  72|0x0000000084800000, 0x0000000084900000, 0x0000000084900000|100%| O|  |TAMS 0x0000000084900000, 0x0000000084800000| Complete 
|  73|0x0000000084900000, 0x0000000084a00000, 0x0000000084a00000|100%| O|  |TAMS 0x0000000084a00000, 0x0000000084900000| Untracked 
|  74|0x0000000084a00000, 0x0000000084b00000, 0x0000000084b00000|100%| O|  |TAMS 0x0000000084b00000, 0x0000000084a00000| Untracked 
|  75|0x0000000084b00000, 0x0000000084c00000, 0x0000000084c00000|100%| O|  |TAMS 0x0000000084c00000, 0x0000000084b00000| Untracked 
|  76|0x0000000084c00000, 0x0000000084d00000, 0x0000000084d00000|100%| O|  |TAMS 0x0000000084d00000, 0x0000000084c00000| Complete 
|  77|0x0000000084d00000, 0x0000000084e00000, 0x0000000084e00000|100%| O|  |TAMS 0x0000000084e00000, 0x0000000084d00000| Complete 
|  78|0x0000000084e00000, 0x0000000084f00000, 0x0000000084f00000|100%| O|  |TAMS 0x0000000084f00000, 0x0000000084e00000| Untracked 
|  79|0x0000000084f00000, 0x0000000085000000, 0x0000000085000000|100%| O|  |TAMS 0x0000000085000000, 0x0000000084f00000| Untracked 
|  80|0x0000000085000000, 0x0000000085100000, 0x0000000085100000|100%| O|  |TAMS 0x0000000085100000, 0x0000000085000000| Complete 
|  81|0x0000000085100000, 0x0000000085200000, 0x0000000085200000|100%| O|  |TAMS 0x0000000085200000, 0x0000000085100000| Complete 
|  82|0x0000000085200000, 0x0000000085300000, 0x0000000085300000|100%| O|  |TAMS 0x0000000085300000, 0x0000000085200000| Untracked 
|  83|0x0000000085300000, 0x0000000085400000, 0x0000000085400000|100%| O|  |TAMS 0x0000000085400000, 0x0000000085300000| Complete 
|  84|0x0000000085400000, 0x0000000085500000, 0x0000000085500000|100%| O|  |TAMS 0x0000000085500000, 0x0000000085400000| Complete 
|  85|0x0000000085500000, 0x0000000085600000, 0x0000000085600000|100%| O|  |TAMS 0x0000000085600000, 0x0000000085500000| Untracked 
|  86|0x0000000085600000, 0x0000000085700000, 0x0000000085700000|100%| O|  |TAMS 0x0000000085700000, 0x0000000085600000| Untracked 
|  87|0x0000000085700000, 0x0000000085800000, 0x0000000085800000|100%| O|  |TAMS 0x0000000085800000, 0x0000000085700000| Untracked 
|  88|0x0000000085800000, 0x0000000085900000, 0x0000000085900000|100%| O|  |TAMS 0x0000000085900000, 0x0000000085800000| Untracked 
|  89|0x0000000085900000, 0x0000000085a00000, 0x0000000085a00000|100%| O|  |TAMS 0x0000000085a00000, 0x0000000085900000| Untracked 
|  90|0x0000000085a00000, 0x0000000085b00000, 0x0000000085b00000|100%| O|  |TAMS 0x0000000085b00000, 0x0000000085a00000| Complete 
|  91|0x0000000085b00000, 0x0000000085c00000, 0x0000000085c00000|100%| O|  |TAMS 0x0000000085c00000, 0x0000000085b00000| Complete 
|  92|0x0000000085c00000, 0x0000000085d00000, 0x0000000085d00000|100%| O|  |TAMS 0x0000000085d00000, 0x0000000085c00000| Complete 
|  93|0x0000000085d00000, 0x0000000085e00000, 0x0000000085e00000|100%| O|  |TAMS 0x0000000085e00000, 0x0000000085d00000| Untracked 
|  94|0x0000000085e00000, 0x0000000085f00000, 0x0000000085f00000|100%| O|  |TAMS 0x0000000085f00000, 0x0000000085e00000| Untracked 
|  95|0x0000000085f00000, 0x0000000086000000, 0x0000000086000000|100%| O|  |TAMS 0x0000000086000000, 0x0000000085f00000| Untracked 
|  96|0x0000000086000000, 0x0000000086100000, 0x0000000086100000|100%| O|  |TAMS 0x0000000086100000, 0x0000000086000000| Complete 
|  97|0x0000000086100000, 0x0000000086200000, 0x0000000086200000|100%|HS|  |TAMS 0x0000000086200000, 0x0000000086100000| Complete 
|  98|0x0000000086200000, 0x0000000086300000, 0x0000000086300000|100%|HC|  |TAMS 0x0000000086300000, 0x0000000086200000| Complete 
|  99|0x0000000086300000, 0x0000000086400000, 0x0000000086400000|100%| O|  |TAMS 0x0000000086400000, 0x0000000086300000| Untracked 
| 100|0x0000000086400000, 0x0000000086500000, 0x0000000086500000|100%| O|  |TAMS 0x0000000086500000, 0x0000000086400000| Untracked 
| 101|0x0000000086500000, 0x0000000086600000, 0x0000000086600000|100%| O|  |TAMS 0x0000000086600000, 0x0000000086500000| Untracked 
| 102|0x0000000086600000, 0x0000000086700000, 0x0000000086700000|100%| O|  |TAMS 0x0000000086700000, 0x0000000086600000| Untracked 
| 103|0x0000000086700000, 0x0000000086800000, 0x0000000086800000|100%| O|  |TAMS 0x0000000086800000, 0x0000000086700000| Complete 
| 104|0x0000000086800000, 0x0000000086900000, 0x0000000086900000|100%| O|  |TAMS 0x0000000086900000, 0x0000000086800000| Complete 
| 105|0x0000000086900000, 0x0000000086a00000, 0x0000000086a00000|100%| O|  |TAMS 0x0000000086a00000, 0x0000000086900000| Complete 
| 106|0x0000000086a00000, 0x0000000086b00000, 0x0000000086b00000|100%| O|  |TAMS 0x0000000086b00000, 0x0000000086a00000| Complete 
| 107|0x0000000086b00000, 0x0000000086c00000, 0x0000000086c00000|100%| O|  |TAMS 0x0000000086c00000, 0x0000000086b00000| Complete 
| 108|0x0000000086c00000, 0x0000000086d00000, 0x0000000086d00000|100%| O|  |TAMS 0x0000000086d00000, 0x0000000086c00000| Complete 
| 109|0x0000000086d00000, 0x0000000086e00000, 0x0000000086e00000|100%| O|  |TAMS 0x0000000086e00000, 0x0000000086d00000| Untracked 
| 110|0x0000000086e00000, 0x0000000086f00000, 0x0000000086f00000|100%| O|  |TAMS 0x0000000086f00000, 0x0000000086e00000| Complete 
| 111|0x0000000086f00000, 0x0000000087000000, 0x0000000087000000|100%| O|  |TAMS 0x0000000087000000, 0x0000000086f00000| Complete 
| 112|0x0000000087000000, 0x0000000087100000, 0x0000000087100000|100%| O|  |TAMS 0x0000000087100000, 0x0000000087000000| Complete 
| 113|0x0000000087100000, 0x0000000087200000, 0x0000000087200000|100%| O|  |TAMS 0x0000000087200000, 0x0000000087100000| Complete 
| 114|0x0000000087200000, 0x0000000087300000, 0x0000000087300000|100%| O|  |TAMS 0x0000000087300000, 0x0000000087200000| Complete 
| 115|0x0000000087300000, 0x0000000087400000, 0x0000000087400000|100%| O|  |TAMS 0x0000000087400000, 0x0000000087300000| Complete 
| 116|0x0000000087400000, 0x0000000087400000, 0x0000000087500000|  0%| F|  |TAMS 0x0000000087400000, 0x0000000087400000| Untracked 
| 117|0x0000000087500000, 0x0000000087600000, 0x0000000087600000|100%| O|  |TAMS 0x0000000087600000, 0x0000000087500000| Complete 
| 118|0x0000000087600000, 0x0000000087700000, 0x0000000087700000|100%| O|  |TAMS 0x0000000087700000, 0x0000000087600000| Untracked 
| 119|0x0000000087700000, 0x0000000087800000, 0x0000000087800000|100%| O|  |TAMS 0x0000000087800000, 0x0000000087700000| Untracked 
| 120|0x0000000087800000, 0x0000000087900000, 0x0000000087900000|100%| O|  |TAMS 0x0000000087900000, 0x0000000087800000| Complete 
| 121|0x0000000087900000, 0x0000000087a00000, 0x0000000087a00000|100%| O|  |TAMS 0x0000000087a00000, 0x0000000087900000| Untracked 
| 122|0x0000000087a00000, 0x0000000087b00000, 0x0000000087b00000|100%| O|  |TAMS 0x0000000087b00000, 0x0000000087a00000| Complete 
| 123|0x0000000087b00000, 0x0000000087c00000, 0x0000000087c00000|100%| O|  |TAMS 0x0000000087c00000, 0x0000000087b00000| Untracked 
| 124|0x0000000087c00000, 0x0000000087d00000, 0x0000000087d00000|100%| O|  |TAMS 0x0000000087d00000, 0x0000000087c00000| Untracked 
| 125|0x0000000087d00000, 0x0000000087e00000, 0x0000000087e00000|100%| O|  |TAMS 0x0000000087e00000, 0x0000000087d00000| Untracked 
| 126|0x0000000087e00000, 0x0000000087f00000, 0x0000000087f00000|100%| O|  |TAMS 0x0000000087f00000, 0x0000000087e00000| Untracked 
| 127|0x0000000087f00000, 0x0000000088000000, 0x0000000088000000|100%| O|  |TAMS 0x0000000088000000, 0x0000000087f00000| Untracked 
| 128|0x0000000088000000, 0x0000000088100000, 0x0000000088100000|100%| O|  |TAMS 0x0000000088100000, 0x0000000088000000| Untracked 
| 129|0x0000000088100000, 0x0000000088200000, 0x0000000088200000|100%| O|  |TAMS 0x0000000088200000, 0x0000000088100000| Untracked 
| 130|0x0000000088200000, 0x0000000088300000, 0x0000000088300000|100%| O|  |TAMS 0x0000000088300000, 0x0000000088200000| Complete 
| 131|0x0000000088300000, 0x0000000088400000, 0x0000000088400000|100%| O|  |TAMS 0x0000000088400000, 0x0000000088300000| Complete 
| 132|0x0000000088400000, 0x0000000088500000, 0x0000000088500000|100%| O|  |TAMS 0x0000000088500000, 0x0000000088400000| Untracked 
| 133|0x0000000088500000, 0x0000000088600000, 0x0000000088600000|100%| O|  |TAMS 0x0000000088600000, 0x0000000088500000| Untracked 
| 134|0x0000000088600000, 0x0000000088700000, 0x0000000088700000|100%| O|  |TAMS 0x0000000088700000, 0x0000000088600000| Untracked 
| 135|0x0000000088700000, 0x0000000088800000, 0x0000000088800000|100%| O|  |TAMS 0x0000000088800000, 0x0000000088700000| Complete 
| 136|0x0000000088800000, 0x0000000088900000, 0x0000000088900000|100%| O|  |TAMS 0x0000000088900000, 0x0000000088800000| Untracked 
| 137|0x0000000088900000, 0x0000000088a00000, 0x0000000088a00000|100%| O|  |TAMS 0x0000000088a00000, 0x0000000088900000| Untracked 
| 138|0x0000000088a00000, 0x0000000088b00000, 0x0000000088b00000|100%| O|  |TAMS 0x0000000088b00000, 0x0000000088a00000| Untracked 
| 139|0x0000000088b00000, 0x0000000088c00000, 0x0000000088c00000|100%| O|  |TAMS 0x0000000088c00000, 0x0000000088b00000| Untracked 
| 140|0x0000000088c00000, 0x0000000088d00000, 0x0000000088d00000|100%| O|  |TAMS 0x0000000088d00000, 0x0000000088c00000| Untracked 
| 141|0x0000000088d00000, 0x0000000088e00000, 0x0000000088e00000|100%| O|  |TAMS 0x0000000088e00000, 0x0000000088d00000| Untracked 
| 142|0x0000000088e00000, 0x0000000088f00000, 0x0000000088f00000|100%| O|  |TAMS 0x0000000088f00000, 0x0000000088e00000| Untracked 
| 143|0x0000000088f00000, 0x0000000089000000, 0x0000000089000000|100%| O|  |TAMS 0x0000000089000000, 0x0000000088f00000| Untracked 
| 144|0x0000000089000000, 0x0000000089100000, 0x0000000089100000|100%| O|  |TAMS 0x0000000089000000, 0x0000000089000000| Untracked 
| 145|0x0000000089100000, 0x0000000089200000, 0x0000000089200000|100%| O|  |TAMS 0x0000000089100000, 0x0000000089100000| Untracked 
| 146|0x0000000089200000, 0x0000000089300000, 0x0000000089300000|100%| O|  |TAMS 0x0000000089200000, 0x0000000089200000| Untracked 
| 147|0x0000000089300000, 0x0000000089400000, 0x0000000089400000|100%| O|  |TAMS 0x0000000089300000, 0x0000000089300000| Untracked 
| 148|0x0000000089400000, 0x0000000089500000, 0x0000000089500000|100%| O|  |TAMS 0x0000000089400000, 0x0000000089400000| Untracked 
| 149|0x0000000089500000, 0x0000000089600000, 0x0000000089600000|100%| O|  |TAMS 0x0000000089500000, 0x0000000089500000| Untracked 
| 150|0x0000000089600000, 0x0000000089700000, 0x0000000089700000|100%| O|  |TAMS 0x0000000089600000, 0x0000000089600000| Untracked 
| 151|0x0000000089700000, 0x0000000089800000, 0x0000000089800000|100%| O|  |TAMS 0x0000000089700000, 0x0000000089700000| Untracked 
| 152|0x0000000089800000, 0x0000000089900000, 0x0000000089900000|100%| O|  |TAMS 0x0000000089800000, 0x0000000089800000| Untracked 
| 153|0x0000000089900000, 0x0000000089a00000, 0x0000000089a00000|100%| O|  |TAMS 0x0000000089900000, 0x0000000089900000| Untracked 
| 154|0x0000000089a00000, 0x0000000089b00000, 0x0000000089b00000|100%| O|  |TAMS 0x0000000089a00000, 0x0000000089a00000| Untracked 
| 155|0x0000000089b00000, 0x0000000089b7f400, 0x0000000089c00000| 49%| O|  |TAMS 0x0000000089b00000, 0x0000000089b00000| Untracked 
| 156|0x0000000089c00000, 0x0000000089c00000, 0x0000000089d00000|  0%| F|  |TAMS 0x0000000089c00000, 0x0000000089c00000| Untracked 
| 157|0x0000000089d00000, 0x0000000089d00000, 0x0000000089e00000|  0%| F|  |TAMS 0x0000000089d00000, 0x0000000089d00000| Untracked 
| 158|0x0000000089e00000, 0x0000000089e00000, 0x0000000089f00000|  0%| F|  |TAMS 0x0000000089e00000, 0x0000000089e00000| Untracked 
| 159|0x0000000089f00000, 0x0000000089f00000, 0x000000008a000000|  0%| F|  |TAMS 0x0000000089f00000, 0x0000000089f00000| Untracked 
| 160|0x000000008a000000, 0x000000008a000000, 0x000000008a100000|  0%| F|  |TAMS 0x000000008a000000, 0x000000008a000000| Untracked 
| 161|0x000000008a100000, 0x000000008a100000, 0x000000008a200000|  0%| F|  |TAMS 0x000000008a100000, 0x000000008a100000| Untracked 
| 162|0x000000008a200000, 0x000000008a200000, 0x000000008a300000|  0%| F|  |TAMS 0x000000008a200000, 0x000000008a200000| Untracked 
| 163|0x000000008a300000, 0x000000008a300000, 0x000000008a400000|  0%| F|  |TAMS 0x000000008a300000, 0x000000008a300000| Untracked 
| 164|0x000000008a400000, 0x000000008a400000, 0x000000008a500000|  0%| F|  |TAMS 0x000000008a400000, 0x000000008a400000| Untracked 
| 165|0x000000008a500000, 0x000000008a500000, 0x000000008a600000|  0%| F|  |TAMS 0x000000008a500000, 0x000000008a500000| Untracked 
| 166|0x000000008a600000, 0x000000008a600000, 0x000000008a700000|  0%| F|  |TAMS 0x000000008a600000, 0x000000008a600000| Untracked 
| 167|0x000000008a700000, 0x000000008a700000, 0x000000008a800000|  0%| F|  |TAMS 0x000000008a700000, 0x000000008a700000| Untracked 
| 168|0x000000008a800000, 0x000000008a800000, 0x000000008a900000|  0%| F|  |TAMS 0x000000008a800000, 0x000000008a800000| Untracked 
| 169|0x000000008a900000, 0x000000008a900000, 0x000000008aa00000|  0%| F|  |TAMS 0x000000008a900000, 0x000000008a900000| Untracked 
| 170|0x000000008aa00000, 0x000000008aa00000, 0x000000008ab00000|  0%| F|  |TAMS 0x000000008aa00000, 0x000000008aa00000| Untracked 
| 171|0x000000008ab00000, 0x000000008ab00000, 0x000000008ac00000|  0%| F|  |TAMS 0x000000008ab00000, 0x000000008ab00000| Untracked 
| 172|0x000000008ac00000, 0x000000008ac00000, 0x000000008ad00000|  0%| F|  |TAMS 0x000000008ac00000, 0x000000008ac00000| Untracked 
| 173|0x000000008ad00000, 0x000000008ad00000, 0x000000008ae00000|  0%| F|  |TAMS 0x000000008ad00000, 0x000000008ad00000| Untracked 
| 174|0x000000008ae00000, 0x000000008ae00000, 0x000000008af00000|  0%| F|  |TAMS 0x000000008ae00000, 0x000000008ae00000| Untracked 
| 175|0x000000008af00000, 0x000000008af00000, 0x000000008b000000|  0%| F|  |TAMS 0x000000008af00000, 0x000000008af00000| Untracked 
| 176|0x000000008b000000, 0x000000008b000000, 0x000000008b100000|  0%| F|  |TAMS 0x000000008b000000, 0x000000008b000000| Untracked 
| 177|0x000000008b100000, 0x000000008b100000, 0x000000008b200000|  0%| F|  |TAMS 0x000000008b100000, 0x000000008b100000| Untracked 
| 178|0x000000008b200000, 0x000000008b200000, 0x000000008b300000|  0%| F|  |TAMS 0x000000008b200000, 0x000000008b200000| Untracked 
| 179|0x000000008b300000, 0x000000008b300000, 0x000000008b400000|  0%| F|  |TAMS 0x000000008b300000, 0x000000008b300000| Untracked 
| 180|0x000000008b400000, 0x000000008b400000, 0x000000008b500000|  0%| F|  |TAMS 0x000000008b400000, 0x000000008b400000| Untracked 
| 181|0x000000008b500000, 0x000000008b500000, 0x000000008b600000|  0%| F|  |TAMS 0x000000008b500000, 0x000000008b500000| Untracked 
| 182|0x000000008b600000, 0x000000008b600000, 0x000000008b700000|  0%| F|  |TAMS 0x000000008b600000, 0x000000008b600000| Untracked 
| 183|0x000000008b700000, 0x000000008b700000, 0x000000008b800000|  0%| F|  |TAMS 0x000000008b700000, 0x000000008b700000| Untracked 
| 184|0x000000008b800000, 0x000000008b800000, 0x000000008b900000|  0%| F|  |TAMS 0x000000008b800000, 0x000000008b800000| Untracked 
| 185|0x000000008b900000, 0x000000008b900000, 0x000000008ba00000|  0%| F|  |TAMS 0x000000008b900000, 0x000000008b900000| Untracked 
| 186|0x000000008ba00000, 0x000000008ba00000, 0x000000008bb00000|  0%| F|  |TAMS 0x000000008ba00000, 0x000000008ba00000| Untracked 
| 187|0x000000008bb00000, 0x000000008bb00000, 0x000000008bc00000|  0%| F|  |TAMS 0x000000008bb00000, 0x000000008bb00000| Untracked 
| 188|0x000000008bc00000, 0x000000008bc00000, 0x000000008bd00000|  0%| F|  |TAMS 0x000000008bc00000, 0x000000008bc00000| Untracked 
| 189|0x000000008bd00000, 0x000000008bd00000, 0x000000008be00000|  0%| F|  |TAMS 0x000000008bd00000, 0x000000008bd00000| Untracked 
| 190|0x000000008be00000, 0x000000008be00000, 0x000000008bf00000|  0%| F|  |TAMS 0x000000008be00000, 0x000000008be00000| Untracked 
| 191|0x000000008bf00000, 0x000000008bf00000, 0x000000008c000000|  0%| F|  |TAMS 0x000000008bf00000, 0x000000008bf00000| Untracked 
| 192|0x000000008c000000, 0x000000008c000000, 0x000000008c100000|  0%| F|  |TAMS 0x000000008c000000, 0x000000008c000000| Untracked 
| 193|0x000000008c100000, 0x000000008c100000, 0x000000008c200000|  0%| F|  |TAMS 0x000000008c100000, 0x000000008c100000| Untracked 
| 194|0x000000008c200000, 0x000000008c200000, 0x000000008c300000|  0%| F|  |TAMS 0x000000008c200000, 0x000000008c200000| Untracked 
| 195|0x000000008c300000, 0x000000008c300000, 0x000000008c400000|  0%| F|  |TAMS 0x000000008c300000, 0x000000008c300000| Untracked 
| 196|0x000000008c400000, 0x000000008c400000, 0x000000008c500000|  0%| F|  |TAMS 0x000000008c400000, 0x000000008c400000| Untracked 
| 197|0x000000008c500000, 0x000000008c500000, 0x000000008c600000|  0%| F|  |TAMS 0x000000008c500000, 0x000000008c500000| Untracked 
| 198|0x000000008c600000, 0x000000008c600000, 0x000000008c700000|  0%| F|  |TAMS 0x000000008c600000, 0x000000008c600000| Untracked 
| 199|0x000000008c700000, 0x000000008c700000, 0x000000008c800000|  0%| F|  |TAMS 0x000000008c700000, 0x000000008c700000| Untracked 
| 200|0x000000008c800000, 0x000000008c800000, 0x000000008c900000|  0%| F|  |TAMS 0x000000008c800000, 0x000000008c800000| Untracked 
| 201|0x000000008c900000, 0x000000008c900000, 0x000000008ca00000|  0%| F|  |TAMS 0x000000008c900000, 0x000000008c900000| Untracked 
| 202|0x000000008ca00000, 0x000000008ca00000, 0x000000008cb00000|  0%| F|  |TAMS 0x000000008ca00000, 0x000000008ca00000| Untracked 
| 203|0x000000008cb00000, 0x000000008cb00000, 0x000000008cc00000|  0%| F|  |TAMS 0x000000008cb00000, 0x000000008cb00000| Untracked 
| 204|0x000000008cc00000, 0x000000008cc00000, 0x000000008cd00000|  0%| F|  |TAMS 0x000000008cc00000, 0x000000008cc00000| Untracked 
| 205|0x000000008cd00000, 0x000000008cd00000, 0x000000008ce00000|  0%| F|  |TAMS 0x000000008cd00000, 0x000000008cd00000| Untracked 
| 206|0x000000008ce00000, 0x000000008ce00000, 0x000000008cf00000|  0%| F|  |TAMS 0x000000008ce00000, 0x000000008ce00000| Untracked 
| 207|0x000000008cf00000, 0x000000008cf00000, 0x000000008d000000|  0%| F|  |TAMS 0x000000008cf00000, 0x000000008cf00000| Untracked 
| 208|0x000000008d000000, 0x000000008d000000, 0x000000008d100000|  0%| F|  |TAMS 0x000000008d000000, 0x000000008d000000| Untracked 
| 209|0x000000008d100000, 0x000000008d100000, 0x000000008d200000|  0%| F|  |TAMS 0x000000008d100000, 0x000000008d100000| Untracked 
| 210|0x000000008d200000, 0x000000008d200000, 0x000000008d300000|  0%| F|  |TAMS 0x000000008d200000, 0x000000008d200000| Untracked 
| 211|0x000000008d300000, 0x000000008d300000, 0x000000008d400000|  0%| F|  |TAMS 0x000000008d300000, 0x000000008d300000| Untracked 
| 212|0x000000008d400000, 0x000000008d400000, 0x000000008d500000|  0%| F|  |TAMS 0x000000008d400000, 0x000000008d400000| Untracked 
| 213|0x000000008d500000, 0x000000008d500000, 0x000000008d600000|  0%| F|  |TAMS 0x000000008d500000, 0x000000008d500000| Untracked 
| 214|0x000000008d600000, 0x000000008d600000, 0x000000008d700000|  0%| F|  |TAMS 0x000000008d600000, 0x000000008d600000| Untracked 
| 215|0x000000008d700000, 0x000000008d700000, 0x000000008d800000|  0%| F|  |TAMS 0x000000008d700000, 0x000000008d700000| Untracked 
| 216|0x000000008d800000, 0x000000008d800000, 0x000000008d900000|  0%| F|  |TAMS 0x000000008d800000, 0x000000008d800000| Untracked 
| 217|0x000000008d900000, 0x000000008d900000, 0x000000008da00000|  0%| F|  |TAMS 0x000000008d900000, 0x000000008d900000| Untracked 
| 218|0x000000008da00000, 0x000000008da00000, 0x000000008db00000|  0%| F|  |TAMS 0x000000008da00000, 0x000000008da00000| Untracked 
| 219|0x000000008db00000, 0x000000008db00000, 0x000000008dc00000|  0%| F|  |TAMS 0x000000008db00000, 0x000000008db00000| Untracked 
| 220|0x000000008dc00000, 0x000000008dc00000, 0x000000008dd00000|  0%| F|  |TAMS 0x000000008dc00000, 0x000000008dc00000| Untracked 
| 221|0x000000008dd00000, 0x000000008dd00000, 0x000000008de00000|  0%| F|  |TAMS 0x000000008dd00000, 0x000000008dd00000| Untracked 
| 222|0x000000008de00000, 0x000000008de00000, 0x000000008df00000|  0%| F|  |TAMS 0x000000008de00000, 0x000000008de00000| Untracked 
| 223|0x000000008df00000, 0x000000008df00000, 0x000000008e000000|  0%| F|  |TAMS 0x000000008df00000, 0x000000008df00000| Untracked 
| 224|0x000000008e000000, 0x000000008e000000, 0x000000008e100000|  0%| F|  |TAMS 0x000000008e000000, 0x000000008e000000| Untracked 
| 225|0x000000008e100000, 0x000000008e100000, 0x000000008e200000|  0%| F|  |TAMS 0x000000008e100000, 0x000000008e100000| Untracked 
| 226|0x000000008e200000, 0x000000008e27e170, 0x000000008e300000| 49%| S|CS|TAMS 0x000000008e200000, 0x000000008e200000| Complete 
| 227|0x000000008e300000, 0x000000008e400000, 0x000000008e400000|100%| S|CS|TAMS 0x000000008e300000, 0x000000008e300000| Complete 
| 228|0x000000008e400000, 0x000000008e400000, 0x000000008e500000|  0%| F|  |TAMS 0x000000008e400000, 0x000000008e400000| Untracked 
| 229|0x000000008e500000, 0x000000008e500000, 0x000000008e600000|  0%| F|  |TAMS 0x000000008e500000, 0x000000008e500000| Untracked 
| 230|0x000000008e600000, 0x000000008e600000, 0x000000008e700000|  0%| F|  |TAMS 0x000000008e600000, 0x000000008e600000| Untracked 
| 231|0x000000008e700000, 0x000000008e700000, 0x000000008e800000|  0%| F|  |TAMS 0x000000008e700000, 0x000000008e700000| Untracked 
| 232|0x000000008e800000, 0x000000008e800000, 0x000000008e900000|  0%| F|  |TAMS 0x000000008e800000, 0x000000008e800000| Untracked 
| 233|0x000000008e900000, 0x000000008e900000, 0x000000008ea00000|  0%| F|  |TAMS 0x000000008e900000, 0x000000008e900000| Untracked 

Card table byte_map: [0x000001915bf30000,0x000001915c330000] _byte_map_base: 0x000001915bb30000

Marking Bits (Prev, Next): (CMBitMap*) 0x0000019144414a38, (CMBitMap*) 0x0000019144414a70
 Prev Bits: [0x000001915c730000, 0x000001915e730000)
 Next Bits: [0x000001915e730000, 0x0000019160730000)

Polling page: 0x0000019142390000

Metaspace:

Usage:
  Non-class:     93.78 MB capacity,    91.82 MB ( 98%) used,     1.61 MB (  2%) free+waste,   353.38 KB ( <1%) overhead. 
      Class:     15.07 MB capacity,    13.81 MB ( 92%) used,     1.10 MB (  7%) free+waste,   163.06 KB (  1%) overhead. 
       Both:    108.85 MB capacity,   105.63 MB ( 97%) used,     2.72 MB (  2%) free+waste,   516.44 KB ( <1%) overhead. 

Virtual space:
  Non-class space:       94.00 MB reserved,      93.87 MB (>99%) committed 
      Class space:      504.00 MB reserved,      15.25 MB (  3%) committed 
             Both:      598.00 MB reserved,     109.12 MB ( 18%) committed 

Chunk freelists:
   Non-Class:  28.00 KB
       Class:  87.00 KB
        Both:  115.00 KB

MaxMetaspaceSize: 512.00 MB
CompressedClassSpaceSize: 504.00 MB
Initial GC threshold: 20.80 MB
Current GC threshold: 181.87 MB
CDS: off

CodeHeap 'non-profiled nmethods': size=120064Kb used=9104Kb max_used=9104Kb free=110959Kb
 bounds [0x00000191545f0000, 0x0000019154ee0000, 0x000001915bb30000]
CodeHeap 'profiled nmethods': size=120000Kb used=31209Kb max_used=31209Kb free=88790Kb
 bounds [0x000001914d0c0000, 0x000001914ef40000, 0x00000191545f0000]
CodeHeap 'non-nmethods': size=5696Kb used=2408Kb max_used=2472Kb free=3287Kb
 bounds [0x000001914cb30000, 0x000001914cdc0000, 0x000001914d0c0000]
 total_blobs=14898 nmethods=13959 adapters=850
 compilation: enabled
              stopped_count=0, restarted_count=0
 full_count=0

Compilation events (20 events):
Event: 75.637 Thread 0x0000019163568000 nmethod 14067 0x000001914ef34c10 code [0x000001914ef34e00, 0x000001914ef350c8]
Event: 75.637 Thread 0x0000019163568000 14068       1       com.android.tools.r8.internal.X4::d (4 bytes)
Event: 75.638 Thread 0x0000019163568000 nmethod 14068 0x0000019154ed3a10 code [0x0000019154ed3bc0, 0x0000019154ed3c78]
Event: 75.638 Thread 0x0000019163568000 14069       1       com.android.tools.r8.internal.Me$c::c (5 bytes)
Event: 75.638 Thread 0x0000019163568000 nmethod 14069 0x0000019154ed3d10 code [0x0000019154ed3ec0, 0x0000019154ed3f58]
Event: 75.638 Thread 0x0000019163568000 14070       2       com.android.tools.r8.internal.XG::d (83 bytes)
Event: 75.639 Thread 0x0000019163568000 nmethod 14070 0x000001914ef35310 code [0x000001914ef35540, 0x000001914ef35a18]
Event: 75.649 Thread 0x0000019163568000 14071       2       com.android.tools.r8.internal.Mv::a (406 bytes)
Event: 75.654 Thread 0x0000019163568000 nmethod 14071 0x000001914ef35c90 code [0x000001914ef36120, 0x000001914ef37f68]
Event: 75.654 Thread 0x0000019163568000 14076       2       com.android.tools.r8.internal.Nv::a (25 bytes)
Event: 75.654 Thread 0x0000019163568000 nmethod 14076 0x000001914ef38f10 code [0x000001914ef390e0, 0x000001914ef39258]
Event: 75.654 Thread 0x0000019163568000 14072       2       com.android.tools.r8.internal.ka::a (6 bytes)
Event: 75.654 Thread 0x0000019163568000 nmethod 14072 0x000001914ef39310 code [0x000001914ef394c0, 0x000001914ef395c8]
Event: 75.654 Thread 0x0000019163568000 14073       2       com.android.tools.r8.internal.Me::a (195 bytes)
Event: 75.656 Thread 0x0000019163568000 nmethod 14073 0x000001914ef39690 code [0x000001914ef398e0, 0x000001914ef39df8]
Event: 75.656 Thread 0x0000019163568000 14077       1       com.android.tools.r8.internal.Ur::N0 (2 bytes)
Event: 75.656 Thread 0x0000019163568000 nmethod 14077 0x0000019154ed4010 code [0x0000019154ed41c0, 0x0000019154ed4278]
Event: 75.656 Thread 0x0000019163568000 14074       2       com.android.tools.r8.internal.C4::a (49 bytes)
Event: 75.656 Thread 0x0000019163568000 nmethod 14074 0x000001914ef3a210 code [0x000001914ef3a400, 0x000001914ef3a5d8]
Event: 75.656 Thread 0x0000019163568000 14075       2       com.android.tools.r8.internal.m4::a (98 bytes)

GC Heap History (20 events):
Event: 71.867 GC heap after
{Heap after GC invocations=40 (full 0):
 garbage-first heap   total 157696K, used 125659K [0x0000000080000000, 0x0000000100000000)
  region size 1024K, 2 young (2048K), 2 survivors (2048K)
 Metaspace       used 102933K, capacity 106030K, committed 106236K, reserved 608256K
  class space    used 13377K, capacity 14614K, committed 14720K, reserved 516096K
}
Event: 72.009 GC heap before
{Heap before GC invocations=40 (full 0):
 garbage-first heap   total 157696K, used 133851K [0x0000000080000000, 0x0000000100000000)
  region size 1024K, 11 young (11264K), 2 survivors (2048K)
 Metaspace       used 103012K, capacity 106122K, committed 106236K, reserved 608256K
  class space    used 13385K, capacity 14620K, committed 14720K, reserved 516096K
}
Event: 72.018 GC heap after
{Heap after GC invocations=41 (full 0):
 garbage-first heap   total 157696K, used 127580K [0x0000000080000000, 0x0000000100000000)
  region size 1024K, 2 young (2048K), 2 survivors (2048K)
 Metaspace       used 103012K, capacity 106122K, committed 106236K, reserved 608256K
  class space    used 13385K, capacity 14620K, committed 14720K, reserved 516096K
}
Event: 72.071 GC heap before
{Heap before GC invocations=41 (full 0):
 garbage-first heap   total 157696K, used 135772K [0x0000000080000000, 0x0000000100000000)
  region size 1024K, 10 young (10240K), 2 survivors (2048K)
 Metaspace       used 103048K, capacity 106140K, committed 106236K, reserved 608256K
  class space    used 13392K, capacity 14626K, committed 14720K, reserved 516096K
}
Event: 72.081 GC heap after
{Heap after GC invocations=42 (full 0):
 garbage-first heap   total 189440K, used 128982K [0x0000000080000000, 0x0000000100000000)
  region size 1024K, 2 young (2048K), 2 survivors (2048K)
 Metaspace       used 103048K, capacity 106140K, committed 106236K, reserved 608256K
  class space    used 13392K, capacity 14626K, committed 14720K, reserved 516096K
}
Event: 72.626 GC heap before
{Heap before GC invocations=42 (full 0):
 garbage-first heap   total 189440K, used 148438K [0x0000000080000000, 0x0000000100000000)
  region size 1024K, 22 young (22528K), 2 survivors (2048K)
 Metaspace       used 104272K, capacity 107403K, committed 107772K, reserved 610304K
  class space    used 13603K, capacity 14871K, committed 14976K, reserved 516096K
}
Event: 72.640 GC heap after
{Heap after GC invocations=43 (full 0):
 garbage-first heap   total 189440K, used 132204K [0x0000000080000000, 0x0000000100000000)
  region size 1024K, 3 young (3072K), 3 survivors (3072K)
 Metaspace       used 104272K, capacity 107403K, committed 107772K, reserved 610304K
  class space    used 13603K, capacity 14871K, committed 14976K, reserved 516096K
}
Event: 73.003 GC heap before
{Heap before GC invocations=44 (full 0):
 garbage-first heap   total 189440K, used 151660K [0x0000000080000000, 0x0000000100000000)
  region size 1024K, 23 young (23552K), 3 survivors (3072K)
 Metaspace       used 106157K, capacity 109371K, committed 109564K, reserved 612352K
  class space    used 13895K, capacity 15208K, committed 15232K, reserved 516096K
}
Event: 73.020 GC heap after
{Heap after GC invocations=45 (full 0):
 garbage-first heap   total 189440K, used 135138K [0x0000000080000000, 0x0000000100000000)
  region size 1024K, 3 young (3072K), 3 survivors (3072K)
 Metaspace       used 106157K, capacity 109371K, committed 109564K, reserved 612352K
  class space    used 13895K, capacity 15208K, committed 15232K, reserved 516096K
}
Event: 73.358 GC heap before
{Heap before GC invocations=45 (full 0):
 garbage-first heap   total 189440K, used 154594K [0x0000000080000000, 0x0000000100000000)
  region size 1024K, 22 young (22528K), 3 survivors (3072K)
 Metaspace       used 106901K, capacity 110219K, committed 110460K, reserved 612352K
  class space    used 14039K, capacity 15359K, committed 15360K, reserved 516096K
}
Event: 73.370 GC heap after
{Heap after GC invocations=46 (full 0):
 garbage-first heap   total 189440K, used 138028K [0x0000000080000000, 0x0000000100000000)
  region size 1024K, 3 young (3072K), 3 survivors (3072K)
 Metaspace       used 106901K, capacity 110219K, committed 110460K, reserved 612352K
  class space    used 14039K, capacity 15359K, committed 15360K, reserved 516096K
}
Event: 73.710 GC heap before
{Heap before GC invocations=46 (full 0):
 garbage-first heap   total 189440K, used 156460K [0x0000000080000000, 0x0000000100000000)
  region size 1024K, 22 young (22528K), 3 survivors (3072K)
 Metaspace       used 107219K, capacity 110550K, committed 110844K, reserved 612352K
  class space    used 14068K, capacity 15402K, committed 15488K, reserved 516096K
}
Event: 73.724 GC heap after
{Heap after GC invocations=47 (full 0):
 garbage-first heap   total 239616K, used 141662K [0x0000000080000000, 0x0000000100000000)
  region size 1024K, 3 young (3072K), 3 survivors (3072K)
 Metaspace       used 107219K, capacity 110550K, committed 110844K, reserved 612352K
  class space    used 14068K, capacity 15402K, committed 15488K, reserved 516096K
}
Event: 74.234 GC heap before
{Heap before GC invocations=48 (full 0):
 garbage-first heap   total 239616K, used 176478K [0x0000000080000000, 0x0000000100000000)
  region size 1024K, 37 young (37888K), 3 survivors (3072K)
 Metaspace       used 107302K, capacity 110574K, committed 110844K, reserved 612352K
  class space    used 14046K, capacity 15316K, committed 15488K, reserved 516096K
}
Event: 74.256 GC heap after
{Heap after GC invocations=49 (full 0):
 garbage-first heap   total 239616K, used 146890K [0x0000000080000000, 0x0000000100000000)
  region size 1024K, 5 young (5120K), 5 survivors (5120K)
 Metaspace       used 107302K, capacity 110574K, committed 110844K, reserved 612352K
  class space    used 14046K, capacity 15316K, committed 15488K, reserved 516096K
}
Event: 74.695 GC heap before
{Heap before GC invocations=49 (full 0):
 garbage-first heap   total 239616K, used 181705K [0x0000000080000000, 0x0000000100000000)
  region size 1024K, 39 young (39936K), 5 survivors (5120K)
 Metaspace       used 107941K, capacity 111216K, committed 111484K, reserved 612352K
  class space    used 14131K, capacity 15439K, committed 15616K, reserved 516096K
}
Event: 74.737 GC heap after
{Heap after GC invocations=50 (full 0):
 garbage-first heap   total 239616K, used 152576K [0x0000000080000000, 0x0000000100000000)
  region size 1024K, 5 young (5120K), 5 survivors (5120K)
 Metaspace       used 107941K, capacity 111216K, committed 111484K, reserved 612352K
  class space    used 14131K, capacity 15439K, committed 15616K, reserved 516096K
}
Event: 75.592 GC heap before
{Heap before GC invocations=51 (full 0):
 garbage-first heap   total 239616K, used 186368K [0x0000000080000000, 0x0000000100000000)
  region size 1024K, 38 young (38912K), 5 survivors (5120K)
 Metaspace       used 108158K, capacity 111462K, committed 111740K, reserved 612352K
  class space    used 14141K, capacity 15433K, committed 15616K, reserved 516096K
}
Event: 75.616 GC heap after
{Heap after GC invocations=52 (full 0):
 garbage-first heap   total 239616K, used 158403K [0x0000000080000000, 0x0000000100000000)
  region size 1024K, 5 young (5120K), 5 survivors (5120K)
 Metaspace       used 108158K, capacity 111462K, committed 111740K, reserved 612352K
  class space    used 14141K, capacity 15433K, committed 15616K, reserved 516096K
}
Event: 75.670 GC heap before
{Heap before GC invocations=52 (full 0):
 garbage-first heap   total 239616K, used 164547K [0x0000000080000000, 0x0000000100000000)
  region size 1024K, 11 young (11264K), 5 survivors (5120K)
 Metaspace       used 108167K, capacity 111465K, committed 111740K, reserved 612352K
  class space    used 14141K, capacity 15433K, committed 15616K, reserved 516096K
}

Deoptimization events (20 events):
Event: 75.498 Thread 0x00000191664c4000 Uncommon trap: trap_request=0xffffffbe fr.pc=0x0000019154ecc1b0 relative=0x0000000000000210
Event: 75.498 Thread 0x00000191664c4000 Uncommon trap: reason=profile_predicate action=maybe_recompile pc=0x0000019154ecc1b0 method=com.android.tools.r8.graph.c0.a([C)I @ 8 c2
Event: 75.498 Thread 0x00000191664c4000 DEOPT PACKING pc=0x0000019154ecc1b0 sp=0x000000548a4f9c60
Event: 75.498 Thread 0x00000191664c4000 DEOPT UNPACKING pc=0x000001914cb7a1af sp=0x000000548a4f9be8 mode 2
Event: 75.499 Thread 0x00000191664c4000 Uncommon trap: trap_request=0xffffffbe fr.pc=0x0000019154ecc1b0 relative=0x0000000000000210
Event: 75.499 Thread 0x00000191664c4000 Uncommon trap: reason=profile_predicate action=maybe_recompile pc=0x0000019154ecc1b0 method=com.android.tools.r8.graph.c0.a([C)I @ 8 c2
Event: 75.499 Thread 0x00000191664c4000 DEOPT PACKING pc=0x0000019154ecc1b0 sp=0x000000548a4fa050
Event: 75.499 Thread 0x00000191664c4000 DEOPT UNPACKING pc=0x000001914cb7a1af sp=0x000000548a4f9fd8 mode 2
Event: 75.499 Thread 0x00000191664c4000 Uncommon trap: trap_request=0xffffffbe fr.pc=0x0000019154ecc1b0 relative=0x0000000000000210
Event: 75.499 Thread 0x00000191664c4000 Uncommon trap: reason=profile_predicate action=maybe_recompile pc=0x0000019154ecc1b0 method=com.android.tools.r8.graph.c0.a([C)I @ 8 c2
Event: 75.499 Thread 0x00000191664c4000 DEOPT PACKING pc=0x0000019154ecc1b0 sp=0x000000548a4f9ba0
Event: 75.499 Thread 0x00000191664c4000 DEOPT UNPACKING pc=0x000001914cb7a1af sp=0x000000548a4f9b28 mode 2
Event: 75.500 Thread 0x00000191664c4000 Uncommon trap: trap_request=0xffffffbe fr.pc=0x0000019154ecc1b0 relative=0x0000000000000210
Event: 75.500 Thread 0x00000191664c4000 Uncommon trap: reason=profile_predicate action=maybe_recompile pc=0x0000019154ecc1b0 method=com.android.tools.r8.graph.c0.a([C)I @ 8 c2
Event: 75.500 Thread 0x00000191664c4000 DEOPT PACKING pc=0x0000019154ecc1b0 sp=0x000000548a4fa050
Event: 75.500 Thread 0x00000191664c4000 DEOPT UNPACKING pc=0x000001914cb7a1af sp=0x000000548a4f9fd8 mode 2
Event: 75.580 Thread 0x0000019163d55000 DEOPT PACKING pc=0x000001914eefefe5 sp=0x000000548b8f99f0
Event: 75.580 Thread 0x0000019163d55000 DEOPT UNPACKING pc=0x000001914cb7a95e sp=0x000000548b8f91a0 mode 0
Event: 75.638 Thread 0x0000019163d55000 DEOPT PACKING pc=0x000001914eeff006 sp=0x000000548b8f99f0
Event: 75.638 Thread 0x0000019163d55000 DEOPT UNPACKING pc=0x000001914cb7a95e sp=0x000000548b8f91a0 mode 0

Classes redefined (0 events):
No events

Internal exceptions (20 events):
Event: 71.210 Thread 0x0000019166df9000 Exception <a 'java/lang/IncompatibleClassChangeError'{0x0000000089089390}: Found class java.lang.Object, but interface was expected> (0x0000000089089390) thrown at [./src/hotspot/share/interpreter/linkResolver.cpp, line 839]
Event: 71.210 Thread 0x00000191664c4000 Exception <a 'java/lang/IncompatibleClassChangeError'{0x000000008907a088}: Found class java.lang.Object, but interface was expected> (0x000000008907a088) thrown at [./src/hotspot/share/interpreter/linkResolver.cpp, line 839]
Event: 71.210 Thread 0x0000019163d55000 Exception <a 'java/lang/IncompatibleClassChangeError'{0x0000000089056f70}: Found class java.lang.Object, but interface was expected> (0x0000000089056f70) thrown at [./src/hotspot/share/interpreter/linkResolver.cpp, line 839]
Event: 71.791 Thread 0x0000019166df9000 Exception <a 'java/lang/NoSuchMethodError'{0x0000000089185478}: 'java.lang.Object java.lang.invoke.DirectMethodHandle$Holder.invokeStatic(java.lang.Object, int, java.lang.Object, java.lang.Object)'> (0x0000000089185478) thrown at [./src/hotspot/share/interpreter/linkResolver.cpp, line 773]
Event: 71.885 Thread 0x0000019166df9000 Implicit null exception at 0x000001915489f21c to 0x00000191548a49a0
Event: 71.886 Thread 0x0000019166df9000 Exception <a 'java/lang/NoSuchMethodError'{0x00000000899a6d70}: 'int java.lang.invoke.DirectMethodHandle$Holder.invokeSpecial(java.lang.Object, java.lang.Object, java.lang.Object, java.lang.Object, java.lang.Object, java.lang.Object, java.lang.Object, java.lang.Object, java.lang.Object)'> (0x00000000899a6d70) thrown at [./src/hotspot/share/interpreter/linkResolver.cpp, line 773]
Event: 72.461 Thread 0x00000191664c4000 Exception <a 'java/lang/NoSuchMethodError'{0x000000008ab32d28}: 'java.lang.Object java.lang.invoke.DirectMethodHandle$Holder.invokeVirtual(java.lang.Object, java.lang.Object, int, java.lang.Object)'> (0x000000008ab32d28) thrown at [./src/hotspot/share/interpreter/linkResolver.cpp, line 773]
Event: 72.498 Thread 0x0000019166df9000 Exception <a 'java/lang/NoSuchMethodError'{0x000000008a93be58}: 'java.lang.Object java.lang.invoke.DirectMethodHandle$Holder.invokeVirtual(java.lang.Object, java.lang.Object, int, java.lang.Object)'> (0x000000008a93be58) thrown at [./src/hotspot/share/interpreter/linkResolver.cpp, line 773]
Event: 72.563 Thread 0x0000019163d55000 Exception <a 'java/lang/IncompatibleClassChangeError'{0x000000008a603500}: Found class java.lang.Object, but interface was expected> (0x000000008a603500) thrown at [./src/hotspot/share/interpreter/linkResolver.cpp, line 839]
Event: 72.699 Thread 0x0000019166df9000 Exception <a 'java/lang/NoSuchMethodError'{0x000000008b38d4f0}: 'void java.lang.invoke.DirectMethodHandle$Holder.invokeVirtual(java.lang.Object, java.lang.Object, int, java.lang.Object)'> (0x000000008b38d4f0) thrown at [./src/hotspot/share/interpreter/linkResolver.cpp, line 773]
Event: 72.712 Thread 0x0000019163d55000 Exception <a 'java/lang/NoSuchMethodError'{0x000000008b2ffd10}: 'void java.lang.invoke.DirectMethodHandle$Holder.invokeSpecial(java.lang.Object, java.lang.Object, int, java.lang.Object, java.lang.Object, java.lang.Object, java.lang.Object)'> (0x000000008b2ffd10) thrown at [./src/hotspot/share/interpreter/linkResolver.cpp, line 773]
Event: 72.714 Thread 0x0000019163d55000 Exception <a 'java/lang/NoSuchMethodError'{0x000000008b10beb0}: 'java.lang.Object java.lang.invoke.Invokers$Holder.linkToTargetMethod(java.lang.Object, int, java.lang.Object, java.lang.Object, java.lang.Object, java.lang.Object)'> (0x000000008b10beb0) thrown at [./src/hotspot/share/interpreter/linkResolver.cpp, line 773]
Event: 72.715 Thread 0x0000019163d55000 Exception <a 'java/lang/NoSuchMethodError'{0x000000008b133de8}: 'void java.lang.invoke.DirectMethodHandle$Holder.invokeSpecial(java.lang.Object, java.lang.Object, java.lang.Object, java.lang.Object, java.lang.Object, java.lang.Object, java.lang.Object, java.lang.Object, java.lang.Object)'> (0x000000008b133de8) thrown at [./src/hotspot/share/interpreter/linkResolver.cpp, line 773]
Event: 72.719 Thread 0x0000019163d55000 Exception <a 'java/lang/NoSuchMethodError'{0x000000008b16d3b0}: 'void java.lang.invoke.DirectMethodHandle$Holder.invokeStatic(java.lang.Object, java.lang.Object, java.lang.Object, java.lang.Object, java.lang.Object, java.lang.Object, java.lang.Object, java.lang.Object)'> (0x000000008b16d3b0) thrown at [./src/hotspot/share/interpreter/linkResolver.cpp, line 773]
Event: 72.822 Thread 0x0000019163d55000 Exception <a 'java/lang/IncompatibleClassChangeError'{0x000000008ac5d6d8}: Found class java.lang.Object, but interface was expected> (0x000000008ac5d6d8) thrown at [./src/hotspot/share/interpreter/linkResolver.cpp, line 839]
Event: 72.982 Thread 0x0000019163d55000 Exception <a 'java/lang/NoSuchMethodError'{0x000000008a514c30}: 'void java.lang.invoke.DirectMethodHandle$Holder.invokeVirtual(java.lang.Object, java.lang.Object, int)'> (0x000000008a514c30) thrown at [./src/hotspot/share/interpreter/linkResolver.cpp, line 773]
Event: 73.101 Thread 0x0000019163d55000 Exception <a 'sun/nio/fs/WindowsException'{0x000000008b6e8bc0}> (0x000000008b6e8bc0) thrown at [./src/hotspot/share/prims/jni.cpp, line 617]
Event: 73.192 Thread 0x0000019163d55000 Exception <a 'java/lang/NoSuchMethodError'{0x000000008b1882a8}: 'java.lang.Object java.lang.invoke.DirectMethodHandle$Holder.newInvokeSpecial(java.lang.Object, java.lang.Object, java.lang.Object, java.lang.Object)'> (0x000000008b1882a8) thrown at [./src/hotspot/share/interpreter/linkResolver.cpp, line 773]
Event: 73.914 Thread 0x0000019163d55000 Exception <a 'sun/nio/fs/WindowsException'{0x000000008d898868}> (0x000000008d898868) thrown at [./src/hotspot/share/prims/jni.cpp, line 617]
Event: 74.504 Thread 0x0000019166df9000 Exception <a 'sun/nio/fs/WindowsException'{0x000000008d6a2b58}> (0x000000008d6a2b58) thrown at [./src/hotspot/share/prims/jni.cpp, line 617]

Events (20 events):
Event: 75.271 Executing VM operation: CGC_Operation done
Event: 75.323 Executing VM operation: ICBufferFull
Event: 75.324 Executing VM operation: ICBufferFull done
Event: 75.357 loading class com/android/tools/r8/internal/g8
Event: 75.357 loading class com/android/tools/r8/internal/g8 done
Event: 75.433 Executing VM operation: ICBufferFull
Event: 75.438 Executing VM operation: ICBufferFull done
Event: 75.554 Executing VM operation: CGC_Operation
Event: 75.557 Executing VM operation: CGC_Operation done
Event: 75.573 loading class com/android/tools/r8/graph/Q
Event: 75.573 loading class com/android/tools/r8/graph/Q done
Event: 75.573 loading class com/android/tools/r8/internal/wz
Event: 75.573 loading class com/android/tools/r8/internal/wz done
Event: 75.573 loading class com/android/tools/r8/graph/Q
Event: 75.573 loading class com/android/tools/r8/graph/Q done
Event: 75.586 Executing VM operation: G1CollectForAllocation
Event: 75.616 Executing VM operation: G1CollectForAllocation done
Event: 75.656 Executing VM operation: RevokeBias
Event: 75.663 Executing VM operation: RevokeBias done
Event: 75.668 Executing VM operation: G1CollectForAllocation


Dynamic libraries:
0x00007ff70e300000 - 0x00007ff70e30d000 	C:\Program Files\OpenJDK\openjdk-11.0.15_10\bin\java.exe
0x00007ff9caeb0000 - 0x00007ff9cb0a7000 	C:\WINDOWS\SYSTEM32\ntdll.dll
0x00007ff9cac10000 - 0x00007ff9caccd000 	C:\WINDOWS\System32\KERNEL32.DLL
0x00007ff9c8810000 - 0x00007ff9c8add000 	C:\WINDOWS\System32\KERNELBASE.dll
0x00007ff9c8c80000 - 0x00007ff9c8d80000 	C:\WINDOWS\System32\ucrtbase.dll
0x00007ff9a56f0000 - 0x00007ff9a5706000 	C:\Program Files\OpenJDK\openjdk-11.0.15_10\bin\VCRUNTIME140.dll
0x00007ff9a5610000 - 0x00007ff9a5628000 	C:\Program Files\OpenJDK\openjdk-11.0.15_10\bin\jli.dll
0x00007ff9c9d10000 - 0x00007ff9c9eb0000 	C:\WINDOWS\System32\USER32.dll
0x00007ff9b8a90000 - 0x00007ff9b8d2a000 	C:\WINDOWS\WinSxS\amd64_microsoft.windows.common-controls_6595b64144ccf1df_6.0.19041.1110_none_60b5254171f9507e\COMCTL32.dll
0x00007ff9c8680000 - 0x00007ff9c86a2000 	C:\WINDOWS\System32\win32u.dll
0x00007ff9ca2f0000 - 0x00007ff9ca38e000 	C:\WINDOWS\System32\msvcrt.dll
0x00007ff9ca2c0000 - 0x00007ff9ca2ea000 	C:\WINDOWS\System32\GDI32.dll
0x00007ff9c8ae0000 - 0x00007ff9c8beb000 	C:\WINDOWS\System32\gdi32full.dll
0x00007ff9c8720000 - 0x00007ff9c87bd000 	C:\WINDOWS\System32\msvcp_win.dll
0x00007ff9c8f10000 - 0x00007ff9c8f40000 	C:\WINDOWS\System32\IMM32.DLL
0x00007ff989b40000 - 0x00007ff989bea000 	C:\Program Files\OpenJDK\openjdk-11.0.15_10\bin\msvcp140.dll
0x00007ff978240000 - 0x00007ff978d91000 	C:\Program Files\OpenJDK\openjdk-11.0.15_10\bin\server\jvm.dll
0x00007ff9c9560000 - 0x00007ff9c960e000 	C:\WINDOWS\System32\ADVAPI32.dll
0x00007ff9ca080000 - 0x00007ff9ca11c000 	C:\WINDOWS\System32\sechost.dll
0x00007ff9c9b30000 - 0x00007ff9c9c55000 	C:\WINDOWS\System32\RPCRT4.dll
0x00007ff9c9f10000 - 0x00007ff9c9f18000 	C:\WINDOWS\System32\PSAPI.DLL
0x00007ff9bb4b0000 - 0x00007ff9bb4d7000 	C:\WINDOWS\SYSTEM32\WINMM.dll
0x00007ff9c02a0000 - 0x00007ff9c02a9000 	C:\WINDOWS\SYSTEM32\WSOCK32.dll
0x00007ff9bf190000 - 0x00007ff9bf19a000 	C:\WINDOWS\SYSTEM32\VERSION.dll
0x00007ff9cacd0000 - 0x00007ff9cad3b000 	C:\WINDOWS\System32\WS2_32.dll
0x00007ff9c6eb0000 - 0x00007ff9c6ec2000 	C:\WINDOWS\SYSTEM32\kernel.appcore.dll
0x00007ff9a51a0000 - 0x00007ff9a51b1000 	C:\Program Files\OpenJDK\openjdk-11.0.15_10\bin\verify.dll
0x00007ff9c6b70000 - 0x00007ff9c6d54000 	C:\WINDOWS\SYSTEM32\DBGHELP.DLL
0x00007ff9c25c0000 - 0x00007ff9c25ec000 	C:\WINDOWS\SYSTEM32\dbgcore.DLL
0x00007ff9c8bf0000 - 0x00007ff9c8c72000 	C:\WINDOWS\System32\bcryptPrimitives.dll
0x00007ff9a5170000 - 0x00007ff9a5199000 	C:\Program Files\OpenJDK\openjdk-11.0.15_10\bin\java.dll
0x00007ff9a9a10000 - 0x00007ff9a9a1a000 	C:\Program Files\OpenJDK\openjdk-11.0.15_10\bin\jimage.dll
0x00007ff9a3bf0000 - 0x00007ff9a3c08000 	C:\Program Files\OpenJDK\openjdk-11.0.15_10\bin\zip.dll
0x00007ff9ca440000 - 0x00007ff9cab84000 	C:\WINDOWS\System32\SHELL32.dll
0x00007ff9c63d0000 - 0x00007ff9c6b64000 	C:\WINDOWS\SYSTEM32\windows.storage.dll
0x00007ff9c9690000 - 0x00007ff9c99e4000 	C:\WINDOWS\System32\combase.dll
0x00007ff9c8030000 - 0x00007ff9c805c000 	C:\WINDOWS\SYSTEM32\Wldp.dll
0x00007ff9ca390000 - 0x00007ff9ca43d000 	C:\WINDOWS\System32\SHCORE.dll
0x00007ff9c9eb0000 - 0x00007ff9c9f05000 	C:\WINDOWS\System32\shlwapi.dll
0x00007ff9c8510000 - 0x00007ff9c852f000 	C:\WINDOWS\SYSTEM32\profapi.dll
0x00007ff9a3bd0000 - 0x00007ff9a3be9000 	C:\Program Files\OpenJDK\openjdk-11.0.15_10\bin\net.dll
0x00007ff9c00d0000 - 0x00007ff9c01da000 	C:\WINDOWS\SYSTEM32\WINHTTP.dll
0x00007ff9c7d90000 - 0x00007ff9c7dfa000 	C:\WINDOWS\system32\mswsock.dll
0x00007ff9a31a0000 - 0x00007ff9a31b3000 	C:\Program Files\OpenJDK\openjdk-11.0.15_10\bin\nio.dll
0x00007ff9a23b0000 - 0x00007ff9a23d7000 	C:\Users\Tom\.gradle\native\e1d6ef7f7dcc3fd88c89a11ec53ec762bb8ba0a96d01ffa2cd45eb1d1d8dd5c5\windows-amd64\native-platform.dll
0x00007ff9857a0000 - 0x00007ff9858e4000 	C:\Users\Tom\.gradle\native\5664cfc778a61ccfe75a443a1ab52a65af34e5dc3c78e0209fed803814484fcb\windows-amd64\native-platform-file-events.dll
0x00007ff9a9a20000 - 0x00007ff9a9a29000 	C:\Program Files\OpenJDK\openjdk-11.0.15_10\bin\management.dll
0x00007ff9a6560000 - 0x00007ff9a656c000 	C:\Program Files\OpenJDK\openjdk-11.0.15_10\bin\management_ext.dll
0x00007ff9c7f80000 - 0x00007ff9c7f98000 	C:\WINDOWS\SYSTEM32\CRYPTSP.dll
0x00007ff9c7640000 - 0x00007ff9c7674000 	C:\WINDOWS\system32\rsaenh.dll
0x00007ff9c8d80000 - 0x00007ff9c8da7000 	C:\WINDOWS\System32\bcrypt.dll
0x00007ff9c8490000 - 0x00007ff9c84be000 	C:\WINDOWS\SYSTEM32\USERENV.dll
0x00007ff9c7fa0000 - 0x00007ff9c7fac000 	C:\WINDOWS\SYSTEM32\CRYPTBASE.dll
0x00007ff9c7a30000 - 0x00007ff9c7a6b000 	C:\WINDOWS\SYSTEM32\IPHLPAPI.DLL
0x00007ff9cad40000 - 0x00007ff9cad48000 	C:\WINDOWS\System32\NSI.dll
0x00007ff9c0490000 - 0x00007ff9c04a7000 	C:\WINDOWS\SYSTEM32\dhcpcsvc6.DLL
0x00007ff9c0eb0000 - 0x00007ff9c0ecd000 	C:\WINDOWS\SYSTEM32\dhcpcsvc.DLL
0x00007ff9c7ac0000 - 0x00007ff9c7b8b000 	C:\WINDOWS\SYSTEM32\DNSAPI.dll

dbghelp: loaded successfully - version: 4.0.5 - missing functions: none
symbol engine: initialized successfully - sym options: 0x614 - pdb path: .;C:\Program Files\OpenJDK\openjdk-11.0.15_10\bin;C:\WINDOWS\SYSTEM32;C:\WINDOWS\WinSxS\amd64_microsoft.windows.common-controls_6595b64144ccf1df_6.0.19041.1110_none_60b5254171f9507e;C:\Program Files\OpenJDK\openjdk-11.0.15_10\bin\server;C:\Users\Tom\.gradle\native\e1d6ef7f7dcc3fd88c89a11ec53ec762bb8ba0a96d01ffa2cd45eb1d1d8dd5c5\windows-amd64;C:\Users\Tom\.gradle\native\5664cfc778a61ccfe75a443a1ab52a65af34e5dc3c78e0209fed803814484fcb\windows-amd64

VM Arguments:
jvm_args: -XX:MaxMetaspaceSize=512m --add-opens=java.base/java.util=ALL-UNNAMED --add-opens=java.base/java.lang=ALL-UNNAMED --add-opens=java.base/java.lang.invoke=ALL-UNNAMED --add-opens=java.base/java.util=ALL-UNNAMED --add-opens=java.prefs/java.util.prefs=ALL-UNNAMED --add-opens=java.prefs/java.util.prefs=ALL-UNNAMED --add-opens=java.base/java.nio.charset=ALL-UNNAMED --add-opens=java.base/java.net=ALL-UNNAMED --add-opens=java.base/java.util.concurrent.atomic=ALL-UNNAMED -Xmx2048m -Dfile.encoding=windows-1252 -Duser.country=GB -Duser.language=en -Duser.variant 
java_command: org.gradle.launcher.daemon.bootstrap.GradleDaemon 7.3.3
java_class_path (initial): C:\Users\Tom\.gradle\wrapper\dists\gradle-7.3.3-all\4295vidhdd9hd3gbjyw1xqxpo\gradle-7.3.3\lib\gradle-launcher-7.3.3.jar
Launcher Type: SUN_STANDARD

[Global flags]
     intx CICompilerCount                          = 3                                         {product} {ergonomic}
   size_t CompressedClassSpaceSize                 = 528482304                                 {product} {ergonomic}
     uint ConcGCThreads                            = 1                                         {product} {ergonomic}
     uint G1ConcRefinementThreads                  = 4                                         {product} {ergonomic}
   size_t G1HeapRegionSize                         = 1048576                                   {product} {ergonomic}
    uintx GCDrainStackTargetSize                   = 64                                        {product} {ergonomic}
   size_t InitialHeapSize                          = 134217728                                 {product} {ergonomic}
   size_t MarkStackSize                            = 4194304                                   {product} {ergonomic}
   size_t MaxHeapSize                              = 2147483648                                {product} {command line}
   size_t MaxMetaspaceSize                         = 536870912                                 {product} {command line}
   size_t MaxNewSize                               = 1287651328                                {product} {ergonomic}
   size_t MinHeapDeltaBytes                        = 1048576                                   {product} {ergonomic}
    uintx NonNMethodCodeHeapSize                   = 5830732                                {pd product} {ergonomic}
    uintx NonProfiledCodeHeapSize                  = 122913754                              {pd product} {ergonomic}
    uintx ProfiledCodeHeapSize                     = 122913754                              {pd product} {ergonomic}
    uintx ReservedCodeCacheSize                    = 251658240                              {pd product} {ergonomic}
     bool SegmentedCodeCache                       = true                                      {product} {ergonomic}
     bool UseCompressedClassPointers               = true                                 {lp64_product} {ergonomic}
     bool UseCompressedOops                        = true                                 {lp64_product} {ergonomic}
     bool UseG1GC                                  = true                                      {product} {ergonomic}
     bool UseLargePagesIndividualAllocation        = false                                  {pd product} {ergonomic}

Logging:
Log output configuration:
 #0: stdout all=warning uptime,level,tags
 #1: stderr all=off uptime,level,tags

Environment Variables:
JAVA_HOME=C:\Program Files\OpenJDK\openjdk-11.0.15_10
CLASSPATH=C:\Users\Tom\Documents\Programmation\React Native\projectRNcli\android\\gradle\wrapper\gradle-wrapper.jar
PATH=C:\Users\Tom\Documents\Programmation\React Native\projectRNcli\android\node_modules\.bin;C:\Users\Tom\Documents\Programmation\React Native\projectRNcli\node_modules\.bin;C:\Users\Tom\Documents\Programmation\React Native\node_modules\.bin;C:\Users\Tom\Documents\Programmation\node_modules\.bin;C:\Users\Tom\Documents\node_modules\.bin;C:\Users\Tom\node_modules\.bin;C:\Users\node_modules\.bin;C:\node_modules\.bin;C:\Program Files\nodejs;C:\Users\Tom\Documents\Programmation\React Native\projectRNcli\node_modules\.bin;C:\Users\Tom\Documents\Programmation\React Native\node_modules\.bin;C:\Users\Tom\Documents\Programmation\node_modules\.bin;C:\Users\Tom\Documents\node_modules\.bin;C:\Users\Tom\node_modules\.bin;C:\Users\node_modules\.bin;C:\node_modules\.bin;C:\Program Files\nodejs\node_modules\npm\node_modules\@npmcli\run-script\lib\node-gyp-bin;C:\Python310\Scripts\;C:\Python310\;C:\Program Files\Common Files\Oracle\Java\javapath;C:\Program Files (x86)\Intel\Intel(R) Management Engine Components\iCLS\;C:\Program Files\Intel\Intel(R) Management Engine Components\iCLS\;C:\windows\system32;C:\windows;C:\windows\System32\Wbem;C:\windows\System32\WindowsPowerShell\v1.0\;C:\Program Files (x86)\Intel\Intel(R) Management Engine Components\DAL;C:\Program Files\Intel\Intel(R) Management Engine Components\DAL;C:\Program Files (x86)\Intel\Intel(R) Management Engine Components\IPT;C:\Program Files\Intel\Intel(R) Management Engine Components\IPT;C:\Program Files (x86)\NVIDIA Corporation\PhysX\Common;C:\WINDOWS\system32;C:\WINDOWS;C:\WINDOWS\System32\Wbem;C:\WINDOWS\System32\WindowsPowerShell\v1.0\;C:\WINDOWS\System32\OpenSSH\;C:\Program Files\Microchip\xc8\v2.36\bin;C:\ProgramData\chocolatey\bin;C:\Program Files\OpenJDK\openjdk-11.0.15_10\bin;C:\Program Files\nodejs\;C:\Users\Tom\AppData\Local\Microsoft\WindowsApps;C:\Users\Tom\AppData\Local\Programs\Microsoft VS Code\bin;C:\Users\Tom\AppData\Local\Android\Sdk\platform-tools;C:\Users\Tom\AppData\Roaming\npm;C:\Users\Tom\Documents\Pro
USERNAME=Tom
LANG=en_GB.UTF-8
OS=Windows_NT
PROCESSOR_IDENTIFIER=Intel64 Family 6 Model 142 Stepping 10, GenuineIntel



---------------  S Y S T E M  ---------------

OS: Windows 10 , 64 bit Build 19041 (10.0.19041.1741)
OS uptime: 0 days 5:37 hours

CPU:total 4 (initial active 4) (2 cores per cpu, 2 threads per core) family 6 model 142 stepping 10 microcode 0xb4, cmov, cx8, fxsr, mmx, sse, sse2, sse3, ssse3, sse4.1, sse4.2, popcnt, avx, avx2, aes, clmul, erms, 3dnowpref, lzcnt, ht, tsc, tscinvbit, bmi1, bmi2, adx, fma

Memory: 4k page, system-wide physical 8107M (1226M free)
TotalPageFile size 8107M (AvailPageFile size 28M)
current process WorkingSet (physical memory assigned to process): 576M, peak: 577M
current process commit charge ("private bytes"): 647M, peak: 820M

vm_info: OpenJDK 64-Bit Server VM (11.0.15+10) for windows-amd64 JRE (11.0.15+10), built on Apr 21 2022 21:29:46 by "tester" with MS VC++ 15.5 (VS2017)

END.
